2024/04/15 15:22:00 ID: 241, Data: 9C24D40042000907, Celsius: 36, A: +2.12, rev/s: +0.183,  rev: +5.003
2024/04/15 15:22:00 ID: 241, Data: 9C248B0133001407, Celsius: 36, A: +3.95, rev/s: +0.142,  rev: +5.033
2024/04/15 15:22:00 ID: 241, Data: 9C24290241001D07, Celsius: 36, A: +5.53, rev/s: +0.181,  rev: +5.058
2024/04/15 15:22:00 ID: 241, Data: 9C24270359002707, Celsius: 36, A: +8.07, rev/s: +0.247,  rev: +5.086
2024/04/15 15:22:00 ID: 241, Data: 9C245903F6FF2E07, Celsius: 36, A: +8.57, rev/s: -0.028,  rev: +5.106
2024/04/15 15:22:00 ID: 241, Data: 9C245D03EAFF2E07, Celsius: 36, A: +8.61, rev/s: -0.061,  rev: +5.106
2024/04/15 15:22:00 ID: 241, Data: 9C2459030B002E07, Celsius: 36, A: +8.57, rev/s: +0.031,  rev: +5.106
2024/04/15 15:22:01 ID: 241, Data: 9C24580308002E07, Celsius: 36, A: +8.56, rev/s: +0.022,  rev: +5.106
2024/04/15 15:22:01 ID: 241, Data: 9C245603F7FF2E07, Celsius: 36, A: +8.54, rev/s: -0.025,  rev: +5.106
2024/04/15 15:22:01 ID: 241, Data: 9C245503F7FF2E07, Celsius: 36, A: +8.53, rev/s: -0.025,  rev: +5.106
2024/04/15 15:22:01 ID: 241, Data: 9C245403FDFF2E07, Celsius: 36, A: +8.52, rev/s: -0.008,  rev: +5.106
2024/04/15 15:22:01 ID: 241, Data: 9C245203FDFF2E07, Celsius: 36, A: +8.50, rev/s: -0.008,  rev: +5.106
2024/04/15 15:22:01 ID: 241, Data: 9C245103F8FF2E07, Celsius: 36, A: +8.49, rev/s: -0.022,  rev: +5.106
2024/04/15 15:22:01 ID: 241, Data: 9C24520304002E07, Celsius: 36, A: +8.50, rev/s: +0.011,  rev: +5.106
2024/04/15 15:22:01 ID: 241, Data: 9C244F0300002E07, Celsius: 36, A: +8.47, rev/s: +0.000,  rev: +5.106
2024/04/15 15:22:01 ID: 241, Data: 9C244D0300002E07, Celsius: 36, A: +8.45, rev/s: +0.000,  rev: +5.106
2024/04/15 15:22:02 ID: 241, Data: 9C244D0314002E07, Celsius: 36, A: +8.45, rev/s: +0.056,  rev: +5.106
2024/04/15 15:22:02 ID: 241, Data: 9C244D03F5FF2E07, Celsius: 36, A: +8.45, rev/s: -0.031,  rev: +5.106
2024/04/15 15:22:02 ID: 241, Data: 9C244B03FEFF2E07, Celsius: 36, A: +8.43, rev/s: -0.006,  rev: +5.106
2024/04/15 15:22:02 ID: 241, Data: 9C244A0300002E07, Celsius: 36, A: +8.42, rev/s: +0.000,  rev: +5.106
2024/04/15 15:22:02 ID: 241, Data: 9C24490317002E07, Celsius: 36, A: +8.41, rev/s: +0.064,  rev: +5.106
2024/04/15 15:22:02 ID: 241, Data: 9C254903DFFF2E07, Celsius: 37, A: +8.41, rev/s: -0.092,  rev: +5.106
2024/04/15 15:22:02 ID: 241, Data: 9C2547030E002E07, Celsius: 37, A: +8.39, rev/s: +0.039,  rev: +5.106
2024/04/15 15:22:02 ID: 241, Data: 9C254703FFFF2E07, Celsius: 37, A: +8.39, rev/s: -0.003,  rev: +5.106
2024/04/15 15:22:02 ID: 241, Data: 9C24460307002E07, Celsius: 36, A: +8.38, rev/s: +0.019,  rev: +5.106
2024/04/15 15:22:02 ID: 241, Data: 9C244503F2FF2E07, Celsius: 36, A: +8.37, rev/s: -0.039,  rev: +5.106
2024/04/15 15:22:03 ID: 241, Data: 9C24410314002E07, Celsius: 36, A: +8.33, rev/s: +0.056,  rev: +5.106
2024/04/15 15:22:03 ID: 241, Data: 9C2443030A002E07, Celsius: 36, A: +8.35, rev/s: +0.028,  rev: +5.106
2024/04/15 15:22:03 ID: 241, Data: 9C254103F5FF2E07, Celsius: 37, A: +8.33, rev/s: -0.031,  rev: +5.106
2024/04/15 15:22:03 ID: 241, Data: 9C254203E6FF2E07, Celsius: 37, A: +8.34, rev/s: -0.072,  rev: +5.106
2024/04/15 15:22:03 ID: 241, Data: 9C243E0303002F07, Celsius: 36, A: +8.30, rev/s: +0.008,  rev: +5.108
2024/04/15 15:22:03 ID: 241, Data: 9C254D03FCFF2F07, Celsius: 37, A: +8.45, rev/s: -0.011,  rev: +5.108
2024/04/15 15:22:03 ID: 241, Data: 9C25500317002F07, Celsius: 37, A: +8.48, rev/s: +0.064,  rev: +5.108
2024/04/15 15:22:03 ID: 241, Data: 9C245603EDFF2F07, Celsius: 36, A: +8.54, rev/s: -0.053,  rev: +5.108
2024/04/15 15:22:03 ID: 241, Data: 9C25580319002F07, Celsius: 37, A: +8.56, rev/s: +0.069,  rev: +5.108
2024/04/15 15:22:03 ID: 241, Data: 9C255F0309003007, Celsius: 37, A: +8.63, rev/s: +0.025,  rev: +5.111
2024/04/15 15:22:04 ID: 241, Data: 9C25610308003007, Celsius: 37, A: +8.65, rev/s: +0.022,  rev: +5.111
2024/04/15 15:22:04 ID: 241, Data: 9C257D0327003007, Celsius: 37, A: +8.93, rev/s: +0.108,  rev: +5.111
2024/04/15 15:22:04 ID: 241, Data: 9C25350306003307, Celsius: 37, A: +8.21, rev/s: +0.017,  rev: +5.119
2024/04/15 15:22:04 ID: 241, Data: 9C25390315003307, Celsius: 37, A: +8.25, rev/s: +0.058,  rev: +5.119
2024/04/15 15:22:04 ID: 241, Data: 9C253B03F0FF3307, Celsius: 37, A: +8.27, rev/s: -0.044,  rev: +5.119
2024/04/15 15:22:04 ID: 241, Data: 9C253B0312003307, Celsius: 37, A: +8.27, rev/s: +0.050,  rev: +5.119
2024/04/15 15:22:04 ID: 241, Data: 9C253B030E003307, Celsius: 37, A: +8.27, rev/s: +0.039,  rev: +5.119
2024/04/15 15:22:04 ID: 241, Data: 9C253D0302003307, Celsius: 37, A: +8.29, rev/s: +0.006,  rev: +5.119
2024/04/15 15:22:04 ID: 241, Data: 9C253D03FEFF3307, Celsius: 37, A: +8.29, rev/s: -0.006,  rev: +5.119
2024/04/15 15:22:05 ID: 241, Data: 9C253F03FFFF3307, Celsius: 37, A: +8.31, rev/s: -0.003,  rev: +5.119
2024/04/15 15:22:05 ID: 241, Data: 9C263D03EAFF3307, Celsius: 38, A: +8.29, rev/s: -0.061,  rev: +5.119
2024/04/15 15:22:05 ID: 241, Data: 9C263D03FDFF3307, Celsius: 38, A: +8.29, rev/s: -0.008,  rev: +5.119
2024/04/15 15:22:05 ID: 241, Data: 9C263C031D003307, Celsius: 38, A: +8.28, rev/s: +0.081,  rev: +5.119
2024/04/15 15:22:05 ID: 241, Data: 9C263D03FBFF3307, Celsius: 38, A: +8.29, rev/s: -0.014,  rev: +5.119
2024/04/15 15:22:05 ID: 241, Data: 9C263D0303003307, Celsius: 38, A: +8.29, rev/s: +0.008,  rev: +5.119
2024/04/15 15:22:05 ID: 241, Data: 9C273C03FCFF3307, Celsius: 39, A: +8.28, rev/s: -0.011,  rev: +5.119
2024/04/15 15:22:05 ID: 241, Data: 9C273B0306003307, Celsius: 39, A: +8.27, rev/s: +0.017,  rev: +5.119
2024/04/15 15:22:05 ID: 241, Data: 9C27390315003307, Celsius: 39, A: +8.25, rev/s: +0.058,  rev: +5.119
2024/04/15 15:22:05 ID: 241, Data: 9C283703F5FF3307, Celsius: 40, A: +8.23, rev/s: -0.031,  rev: +5.119
2024/04/15 15:22:06 ID: 241, Data: 9C283703EAFF3307, Celsius: 40, A: +8.23, rev/s: -0.061,  rev: +5.119
2024/04/15 15:22:06 ID: 241, Data: 9C293A030F003307, Celsius: 41, A: +8.26, rev/s: +0.042,  rev: +5.119
2024/04/15 15:22:06 ID: 241, Data: 9C293603FEFF3307, Celsius: 41, A: +8.22, rev/s: -0.006,  rev: +5.119
2024/04/15 15:22:06 ID: 241, Data: 9C293503FCFF3307, Celsius: 41, A: +8.21, rev/s: -0.011,  rev: +5.119
2024/04/15 15:22:06 ID: 241, Data: 9C29370305003307, Celsius: 41, A: +8.23, rev/s: +0.014,  rev: +5.119
2024/04/15 15:22:06 ID: 241, Data: 9C2A3603FFFF3307, Celsius: 42, A: +8.22, rev/s: -0.003,  rev: +5.119
2024/04/15 15:22:06 ID: 241, Data: 9C2A3203F2FF3307, Celsius: 42, A: +8.18, rev/s: -0.039,  rev: +5.119
2024/04/15 15:22:06 ID: 241, Data: 9C2B36030A003307, Celsius: 43, A: +8.22, rev/s: +0.028,  rev: +5.119
2024/04/15 15:22:06 ID: 241, Data: 9C2B3203F6FF3307, Celsius: 43, A: +8.18, rev/s: -0.028,  rev: +5.119
2024/04/15 15:22:06 ID: 241, Data: 9C2B31032C003407, Celsius: 43, A: +8.17, rev/s: +0.122,  rev: +5.122
2024/04/15 15:22:07 ID: 241, Data: 9C2C3303F9FF3307, Celsius: 44, A: +8.19, rev/s: -0.019,  rev: +5.119
2024/04/15 15:22:07 ID: 241, Data: 9C2C3203FAFF3307, Celsius: 44, A: +8.18, rev/s: -0.017,  rev: +5.119
2024/04/15 15:22:07 ID: 241, Data: 9C2C320304003307, Celsius: 44, A: +8.18, rev/s: +0.011,  rev: +5.119
2024/04/15 15:22:07 ID: 241, Data: 9C2D2E03F0FF3307, Celsius: 45, A: +8.14, rev/s: -0.044,  rev: +5.119
2024/04/15 15:22:07 ID: 241, Data: 9C2D2E031B003307, Celsius: 45, A: +8.14, rev/s: +0.075,  rev: +5.119
2024/04/15 15:22:07 ID: 241, Data: 9C2E2D03FCFF3307, Celsius: 46, A: +8.13, rev/s: -0.011,  rev: +5.119
2024/04/15 15:22:07 ID: 241, Data: 9C2E310313003407, Celsius: 46, A: +8.17, rev/s: +0.053,  rev: +5.122
2024/04/15 15:22:07 ID: 241, Data: 9C2E2E030D003307, Celsius: 46, A: +8.14, rev/s: +0.036,  rev: +5.119
2024/04/15 15:22:07 ID: 241, Data: 9C2F2E0304003307, Celsius: 47, A: +8.14, rev/s: +0.011,  rev: +5.119
2024/04/15 15:22:07 ID: 241, Data: 9C2F2C03F9FF3307, Celsius: 47, A: +8.12, rev/s: -0.019,  rev: +5.119
2024/04/15 15:22:08 ID: 241, Data: 9C2F290317003307, Celsius: 47, A: +8.09, rev/s: +0.064,  rev: +5.119
2024/04/15 15:22:08 ID: 241, Data: 9C30280306003307, Celsius: 48, A: +8.08, rev/s: +0.017,  rev: +5.119
2024/04/15 15:22:08 ID: 241, Data: 9C302903F1FF3307, Celsius: 48, A: +8.09, rev/s: -0.042,  rev: +5.119
2024/04/15 15:22:08 ID: 241, Data: 9C302B0307003407, Celsius: 48, A: +8.11, rev/s: +0.019,  rev: +5.122
2024/04/15 15:22:08 ID: 241, Data: 9C31260314003307, Celsius: 49, A: +8.06, rev/s: +0.056,  rev: +5.119
2024/04/15 15:22:08 ID: 241, Data: 9C3127030B003307, Celsius: 49, A: +8.07, rev/s: +0.031,  rev: +5.119
2024/04/15 15:22:08 ID: 241, Data: 9C32280319003407, Celsius: 50, A: +8.08, rev/s: +0.069,  rev: +5.122
2024/04/15 15:22:08 ID: 241, Data: 9C3228030F003407, Celsius: 50, A: +8.08, rev/s: +0.042,  rev: +5.122
2024/04/15 15:22:08 ID: 241, Data: 9C32260316003407, Celsius: 50, A: +8.06, rev/s: +0.061,  rev: +5.122
2024/04/15 15:22:09 ID: 241, Data: 9C332503EFFF3307, Celsius: 51, A: +8.05, rev/s: -0.047,  rev: +5.119
2024/04/15 15:22:09 ID: 241, Data: 9C33250304003307, Celsius: 51, A: +8.05, rev/s: +0.011,  rev: +5.119
2024/04/15 15:22:09 ID: 241, Data: 9C3426030B003407, Celsius: 52, A: +8.06, rev/s: +0.031,  rev: +5.122
2024/04/15 15:22:09 ID: 241, Data: 9C34240314003407, Celsius: 52, A: +8.04, rev/s: +0.056,  rev: +5.122
2024/04/15 15:22:09 ID: 241, Data: 9C342403FBFF3307, Celsius: 52, A: +8.04, rev/s: -0.014,  rev: +5.119
2024/04/15 15:22:09 ID: 241, Data: 9C34210305003307, Celsius: 52, A: +8.01, rev/s: +0.014,  rev: +5.119
2024/04/15 15:22:09 ID: 241, Data: 9C35220311003407, Celsius: 53, A: +8.02, rev/s: +0.047,  rev: +5.122
2024/04/15 15:22:09 ID: 241, Data: 9C352103FAFF3307, Celsius: 53, A: +8.01, rev/s: -0.017,  rev: +5.119
2024/04/15 15:22:09 ID: 241, Data: 9C3623030A003407, Celsius: 54, A: +8.03, rev/s: +0.028,  rev: +5.122
2024/04/15 15:22:09 ID: 241, Data: 9C3623030A003407, Celsius: 54, A: +8.03, rev/s: +0.028,  rev: +5.122
2024/04/15 15:22:10 ID: 241, Data: 9C361F03E5FF3307, Celsius: 54, A: +7.99, rev/s: -0.075,  rev: +5.119
2024/04/15 15:22:10 ID: 241, Data: 9C361F0307003307, Celsius: 54, A: +7.99, rev/s: +0.019,  rev: +5.119
2024/04/15 15:22:10 ID: 241, Data: 9C371D0308003307, Celsius: 55, A: +7.97, rev/s: +0.022,  rev: +5.119
2024/04/15 15:22:10 ID: 241, Data: 9C371C03E2FF3307, Celsius: 55, A: +7.96, rev/s: -0.083,  rev: +5.119
2024/04/15 15:22:10 ID: 241, Data: 9C381C0317003407, Celsius: 56, A: +7.96, rev/s: +0.064,  rev: +5.122
2024/04/15 15:22:10 ID: 241, Data: 9C381C03EEFF3307, Celsius: 56, A: +7.96, rev/s: -0.050,  rev: +5.119
2024/04/15 15:22:10 ID: 241, Data: 9C381C030A003307, Celsius: 56, A: +7.96, rev/s: +0.028,  rev: +5.119
2024/04/15 15:22:10 ID: 241, Data: 9C391E03FBFF3307, Celsius: 57, A: +7.98, rev/s: -0.014,  rev: +5.119
2024/04/15 15:22:10 ID: 241, Data: 9C391A0306003307, Celsius: 57, A: +7.94, rev/s: +0.017,  rev: +5.119
2024/04/15 15:22:10 ID: 241, Data: 9C391A030B003407, Celsius: 57, A: +7.94, rev/s: +0.031,  rev: +5.122
2024/04/15 15:22:11 ID: 241, Data: 9C3A1A03F3FF3307, Celsius: 58, A: +7.94, rev/s: -0.036,  rev: +5.119
2024/04/15 15:22:11 ID: 241, Data: 9C3A1A0304003307, Celsius: 58, A: +7.94, rev/s: +0.011,  rev: +5.119
2024/04/15 15:22:11 ID: 241, Data: 9C3A190302003307, Celsius: 58, A: +7.93, rev/s: +0.006,  rev: +5.119
2024/04/15 15:22:11 ID: 241, Data: 9C3B180301003307, Celsius: 59, A: +7.92, rev/s: +0.003,  rev: +5.119
2024/04/15 15:22:11 ID: 241, Data: 9C3B1803FEFF3307, Celsius: 59, A: +7.92, rev/s: -0.006,  rev: +5.119
2024/04/15 15:22:11 ID: 241, Data: 9C3B1803FEFF3307, Celsius: 59, A: +7.92, rev/s: -0.006,  rev: +5.119
2024/04/15 15:22:11 ID: 241, Data: 9C3B1603EFFF3307, Celsius: 59, A: +7.90, rev/s: -0.047,  rev: +5.119
2024/04/15 15:22:11 ID: 241, Data: 9C3C160306003307, Celsius: 60, A: +7.90, rev/s: +0.017,  rev: +5.119
2024/04/15 15:22:11 ID: 241, Data: 9C3C1703F6FF3307, Celsius: 60, A: +7.91, rev/s: -0.028,  rev: +5.119
2024/04/15 15:22:11 ID: 241, Data: 9C3D1503FAFF3307, Celsius: 61, A: +7.89, rev/s: -0.017,  rev: +5.119
2024/04/15 15:22:12 ID: 241, Data: 9C3D1603F1FF3307, Celsius: 61, A: +7.90, rev/s: -0.042,  rev: +5.119
2024/04/15 15:22:12 ID: 241, Data: 9C3D1503FCFF3307, Celsius: 61, A: +7.89, rev/s: -0.011,  rev: +5.119
2024/04/15 15:22:12 ID: 241, Data: 9C3D0F0308003307, Celsius: 61, A: +7.83, rev/s: +0.022,  rev: +5.119
2024/04/15 15:22:12 ID: 241, Data: 9C3E100318003407, Celsius: 62, A: +7.84, rev/s: +0.067,  rev: +5.122
2024/04/15 15:22:12 ID: 241, Data: 9C3E1203FAFF3307, Celsius: 62, A: +7.86, rev/s: -0.017,  rev: +5.119
2024/04/15 15:22:12 ID: 241, Data: 9C3E13030E003407, Celsius: 62, A: +7.87, rev/s: +0.039,  rev: +5.122
2024/04/15 15:22:12 ID: 241, Data: 9C3F150302003407, Celsius: 63, A: +7.89, rev/s: +0.006,  rev: +5.122
2024/04/15 15:22:12 ID: 241, Data: 9C3F1203F6FF3307, Celsius: 63, A: +7.86, rev/s: -0.028,  rev: +5.119
2024/04/15 15:22:12 ID: 241, Data: 9C3F1103E9FF3307, Celsius: 63, A: +7.85, rev/s: -0.064,  rev: +5.119
2024/04/15 15:22:13 ID: 241, Data: 9C401203F7FF3307, Celsius: 64, A: +7.86, rev/s: -0.025,  rev: +5.119
2024/04/15 15:22:13 ID: 241, Data: 9C400F03E4FF3307, Celsius: 64, A: +7.83, rev/s: -0.078,  rev: +5.119
2024/04/15 15:22:13 ID: 241, Data: 9C400E03F9FF3307, Celsius: 64, A: +7.82, rev/s: -0.019,  rev: +5.119
2024/04/15 15:22:13 ID: 241, Data: 9C401103EDFF3307, Celsius: 64, A: +7.85, rev/s: -0.053,  rev: +5.119
2024/04/15 15:22:13 ID: 241, Data: 9C411203FDFF3407, Celsius: 65, A: +7.86, rev/s: -0.008,  rev: +5.122
2024/04/15 15:22:13 ID: 241, Data: 9C41140317003407, Celsius: 65, A: +7.88, rev/s: +0.064,  rev: +5.122
2024/04/15 15:22:13 ID: 241, Data: 9C413503BB003807, Celsius: 65, A: +8.21, rev/s: +0.519,  rev: +5.133
2024/04/15 15:22:13 ID: 241, Data: 9C42280329004307, Celsius: 66, A: +8.08, rev/s: +0.114,  rev: +5.164
2024/04/15 15:22:13 ID: 241, Data: 9C42F402E9005007, Celsius: 66, A: +7.56, rev/s: +0.647,  rev: +5.200
2024/04/15 15:22:13 ID: 241, Data: 9C420F0188058B07, Celsius: 66, A: +2.71, rev/s: +3.933,  rev: +5.364
2024/04/15 15:22:14 ID: 241, Data: 9C42CE02B801C207, Celsius: 66, A: +7.18, rev/s: +1.222,  rev: +5.517
2024/04/15 15:22:14 ID: 241, Data: 9C43340129050F08, Celsius: 67, A: +3.08, rev/s: +3.669,  rev: +5.731
2024/04/15 15:22:14 ID: 241, Data: 9C435E022E024408, Celsius: 67, A: +6.06, rev/s: +1.550,  rev: +5.878
2024/04/15 15:22:14 ID: 241, Data: 9C427F02D9019208, Celsius: 66, A: +6.39, rev/s: +1.314,  rev: +6.094
2024/04/15 15:22:14 ID: 241, Data: 9C43F2020C00A608, Celsius: 67, A: +7.54, rev/s: +0.033,  rev: +6.150
2024/04/15 15:22:14 ID: 241, Data: 9C431903E0FFA808, Celsius: 67, A: +7.93, rev/s: -0.089,  rev: +6.156
2024/04/15 15:22:14 ID: 241, Data: 9C4421030500A908, Celsius: 68, A: +8.01, rev/s: +0.014,  rev: +6.158
2024/04/15 15:22:14 ID: 241, Data: 9C4424030200A908, Celsius: 68, A: +8.04, rev/s: +0.006,  rev: +6.158
2024/04/15 15:22:14 ID: 241, Data: 9C442603F5FFA908, Celsius: 68, A: +8.06, rev/s: -0.031,  rev: +6.158
2024/04/15 15:22:14 ID: 241, Data: 9C4426031600A908, Celsius: 68, A: +8.06, rev/s: +0.061,  rev: +6.158
2024/04/15 15:22:15 ID: 241, Data: 9C4425030700A908, Celsius: 68, A: +8.05, rev/s: +0.019,  rev: +6.158
2024/04/15 15:22:15 ID: 241, Data: 9C442B03E4FFA908, Celsius: 68, A: +8.11, rev/s: -0.078,  rev: +6.158
2024/04/15 15:22:15 ID: 241, Data: 9C4428030F00A908, Celsius: 68, A: +8.08, rev/s: +0.042,  rev: +6.158
2024/04/15 15:22:15 ID: 241, Data: 9C452D031000A908, Celsius: 69, A: +8.13, rev/s: +0.044,  rev: +6.158
2024/04/15 15:22:15 ID: 241, Data: 9C452E030400A908, Celsius: 69, A: +8.14, rev/s: +0.011,  rev: +6.158
2024/04/15 15:22:15 ID: 241, Data: 9C452C03FFFFA908, Celsius: 69, A: +8.12, rev/s: -0.003,  rev: +6.158
2024/04/15 15:22:15 ID: 241, Data: 9C4533030300A908, Celsius: 69, A: +8.19, rev/s: +0.008,  rev: +6.158
2024/04/15 15:22:15 ID: 241, Data: 9C453803F7FFA908, Celsius: 69, A: +8.24, rev/s: -0.025,  rev: +6.158
2024/04/15 15:22:15 ID: 241, Data: 9C452D031200AC08, Celsius: 69, A: +8.13, rev/s: +0.050,  rev: +6.167
2024/04/15 15:22:15 ID: 241, Data: 9C46C502D800B808, Celsius: 70, A: +7.09, rev/s: +0.600,  rev: +6.200
2024/04/15 15:22:16 ID: 241, Data: 9C46F2007405ED08, Celsius: 70, A: +2.42, rev/s: +3.878,  rev: +6.347
2024/04/15 15:22:16 ID: 241, Data: 9C46FB02AF012F09, Celsius: 70, A: +7.63, rev/s: +1.197,  rev: +6.531
2024/04/15 15:22:16 ID: 241, Data: 9C468C02E9018409, Celsius: 70, A: +6.52, rev/s: +1.358,  rev: +6.767
2024/04/15 15:22:16 ID: 241, Data: 9C47DA029000A409, Celsius: 71, A: +7.30, rev/s: +0.400,  rev: +6.856
2024/04/15 15:22:16 ID: 241, Data: 9C475201E604D609, Celsius: 71, A: +3.38, rev/s: +3.483,  rev: +6.994
2024/04/15 15:22:16 ID: 241, Data: 9C47C8029B011F0A, Celsius: 71, A: +7.12, rev/s: +1.142,  rev: +7.197
2024/04/15 15:22:16 ID: 241, Data: 9C488C02D1017A0A, Celsius: 72, A: +6.52, rev/s: +1.292,  rev: +7.450
2024/04/15 15:22:16 ID: 241, Data: 9C47D10273019B0A, Celsius: 71, A: +7.21, rev/s: +1.031,  rev: +7.542
2024/04/15 15:22:16 ID: 241, Data: 9C4877015204DB0A, Celsius: 72, A: +3.75, rev/s: +3.072,  rev: +7.719
2024/04/15 15:22:17 ID: 241, Data: 9C47810280010D0B, Celsius: 71, A: +6.41, rev/s: +1.067,  rev: +7.858
2024/04/15 15:22:17 ID: 241, Data: 9C48D701C003530B, Celsius: 72, A: +4.71, rev/s: +2.667,  rev: +8.053
2024/04/15 15:22:17 ID: 241, Data: 9C482E0335007C0B, Celsius: 72, A: +8.14, rev/s: +0.147,  rev: +8.167
2024/04/15 15:22:17 ID: 241, Data: 9C48EA021300840B, Celsius: 72, A: +7.46, rev/s: +0.053,  rev: +8.189
2024/04/15 15:22:17 ID: 241, Data: 9C48EC02E7FF840B, Celsius: 72, A: +7.48, rev/s: -0.069,  rev: +8.189
2024/04/15 15:22:17 ID: 241, Data: 9C48EA02FFFF840B, Celsius: 72, A: +7.46, rev/s: -0.003,  rev: +8.189
2024/04/15 15:22:17 ID: 241, Data: 9C48EB02F8FF840B, Celsius: 72, A: +7.47, rev/s: -0.022,  rev: +8.189
2024/04/15 15:22:17 ID: 241, Data: 9C48EA020700840B, Celsius: 72, A: +7.46, rev/s: +0.019,  rev: +8.189
2024/04/15 15:22:17 ID: 241, Data: 9C47EA02F5FF840B, Celsius: 71, A: +7.46, rev/s: -0.031,  rev: +8.189
2024/04/15 15:22:17 ID: 241, Data: 9C48EA02F0FF840B, Celsius: 72, A: +7.46, rev/s: -0.044,  rev: +8.189
2024/04/15 15:22:18 ID: 241, Data: 9C48EB02F3FF840B, Celsius: 72, A: +7.47, rev/s: -0.036,  rev: +8.189
2024/04/15 15:22:18 ID: 241, Data: 9C49EA020000840B, Celsius: 73, A: +7.46, rev/s: +0.000,  rev: +8.189
2024/04/15 15:22:18 ID: 241, Data: 9C48E8021400840B, Celsius: 72, A: +7.44, rev/s: +0.056,  rev: +8.189
2024/04/15 15:22:18 ID: 241, Data: 9C48E702FEFF840B, Celsius: 72, A: +7.43, rev/s: -0.006,  rev: +8.189
2024/04/15 15:22:18 ID: 241, Data: 9C48E9020000840B, Celsius: 72, A: +7.45, rev/s: +0.000,  rev: +8.189
2024/04/15 15:22:18 ID: 241, Data: 9C49E802E6FF840B, Celsius: 73, A: +7.44, rev/s: -0.072,  rev: +8.189
2024/04/15 15:22:18 ID: 241, Data: 9C49E9020900840B, Celsius: 73, A: +7.45, rev/s: +0.025,  rev: +8.189
2024/04/15 15:22:18 ID: 241, Data: 9C49E7020600840B, Celsius: 73, A: +7.43, rev/s: +0.017,  rev: +8.189
2024/04/15 15:22:18 ID: 241, Data: 9C49E702FBFF840B, Celsius: 73, A: +7.43, rev/s: -0.014,  rev: +8.189
2024/04/15 15:22:18 ID: 241, Data: 9C49E7021600840B, Celsius: 73, A: +7.43, rev/s: +0.061,  rev: +8.189
2024/04/15 15:22:19 ID: 241, Data: 9C49E702E4FF840B, Celsius: 73, A: +7.43, rev/s: -0.078,  rev: +8.189
2024/04/15 15:22:19 ID: 241, Data: 9C49E7020D00840B, Celsius: 73, A: +7.43, rev/s: +0.036,  rev: +8.189
2024/04/15 15:22:19 ID: 241, Data: 9C49E602FCFF840B, Celsius: 73, A: +7.42, rev/s: -0.011,  rev: +8.189
2024/04/15 15:22:19 ID: 241, Data: 9C49E702F0FF840B, Celsius: 73, A: +7.43, rev/s: -0.044,  rev: +8.189
2024/04/15 15:22:19 ID: 241, Data: 9C49E4021D00840B, Celsius: 73, A: +7.40, rev/s: +0.081,  rev: +8.189
2024/04/15 15:22:19 ID: 241, Data: 9C4AE4020900840B, Celsius: 74, A: +7.40, rev/s: +0.025,  rev: +8.189
2024/04/15 15:22:19 ID: 241, Data: 9C4AE4020500840B, Celsius: 74, A: +7.40, rev/s: +0.014,  rev: +8.189
2024/04/15 15:22:19 ID: 241, Data: 9C4AE6020100840B, Celsius: 74, A: +7.42, rev/s: +0.003,  rev: +8.189
2024/04/15 15:22:19 ID: 241, Data: 9C4AE302EAFF840B, Celsius: 74, A: +7.39, rev/s: -0.061,  rev: +8.189
2024/04/15 15:22:19 ID: 241, Data: 9C4AE2020800840B, Celsius: 74, A: +7.38, rev/s: +0.022,  rev: +8.189
2024/04/15 15:22:20 ID: 241, Data: 9C4AE3021400840B, Celsius: 74, A: +7.39, rev/s: +0.056,  rev: +8.189
2024/04/15 15:22:20 ID: 241, Data: 9C4AE2020900840B, Celsius: 74, A: +7.38, rev/s: +0.025,  rev: +8.189
2024/04/15 15:22:20 ID: 241, Data: 9C4AE3020B00840B, Celsius: 74, A: +7.39, rev/s: +0.031,  rev: +8.189
2024/04/15 15:22:20 ID: 241, Data: 9C4BE3020400840B, Celsius: 75, A: +7.39, rev/s: +0.011,  rev: +8.189
2024/04/15 15:22:20 ID: 241, Data: 9C4AE102F2FF840B, Celsius: 74, A: +7.37, rev/s: -0.039,  rev: +8.189
2024/04/15 15:22:20 ID: 241, Data: 9C4BE202F9FF840B, Celsius: 75, A: +7.38, rev/s: -0.019,  rev: +8.189
2024/04/15 15:22:20 ID: 241, Data: 9C4BE202E9FF840B, Celsius: 75, A: +7.38, rev/s: -0.064,  rev: +8.189
2024/04/15 15:22:20 ID: 241, Data: 9C4AE1021E00840B, Celsius: 74, A: +7.37, rev/s: +0.083,  rev: +8.189
2024/04/15 15:22:20 ID: 241, Data: 9C4BEA024C00890B, Celsius: 75, A: +7.46, rev/s: +0.211,  rev: +8.203
2024/04/15 15:22:21 ID: 241, Data: 9C4B1D012405BC0B, Celsius: 75, A: +2.85, rev/s: +3.656,  rev: +8.344
2024/04/15 15:22:21 ID: 241, Data: 9C4B9C02B701F50B, Celsius: 75, A: +6.68, rev/s: +1.219,  rev: +8.503
2024/04/15 15:22:21 ID: 241, Data: 9C4C54017F04440C, Celsius: 76, A: +3.40, rev/s: +3.197,  rev: +8.722
2024/04/15 15:22:21 ID: 241, Data: 9C4CA8029D01760C, Celsius: 76, A: +6.80, rev/s: +1.147,  rev: +8.861
2024/04/15 15:22:21 ID: 241, Data: 9C4C59028601C60C, Celsius: 76, A: +6.01, rev/s: +1.083,  rev: +9.083
2024/04/15 15:22:21 ID: 241, Data: 9C4B01031A01E70C, Celsius: 75, A: +7.69, rev/s: +0.783,  rev: +9.175
2024/04/15 15:22:21 ID: 241, Data: 9C4CBD021601FE0C, Celsius: 76, A: +7.01, rev/s: +0.772,  rev: +9.239
2024/04/15 15:22:21 ID: 241, Data: 9C4CDD024001480D, Celsius: 76, A: +7.33, rev/s: +0.889,  rev: +9.444
2024/04/15 15:22:21 ID: 241, Data: 9C4CAA02B601700D, Celsius: 76, A: +6.82, rev/s: +1.217,  rev: +9.556
2024/04/15 15:22:21 ID: 241, Data: 9C4CCB02B701C10D, Celsius: 76, A: +7.15, rev/s: +1.219,  rev: +9.781
2024/04/15 15:22:22 ID: 241, Data: 9C4CA302AB00E10D, Celsius: 76, A: +6.75, rev/s: +0.475,  rev: +9.869
2024/04/15 15:22:22 ID: 241, Data: 9C4C740171040F0E, Celsius: 76, A: +3.72, rev/s: +3.158,  rev: +9.997
2024/04/15 15:22:22 ID: 241, Data: 9C4CB502D801420E, Celsius: 76, A: +6.93, rev/s: +1.311,  rev: +10.139
2024/04/15 15:22:22 ID: 241, Data: 9C4C20030A004F0E, Celsius: 76, A: +8.00, rev/s: +0.028,  rev: +10.175
2024/04/15 15:22:22 ID: 241, Data: 9C4C1A030800500E, Celsius: 76, A: +7.94, rev/s: +0.022,  rev: +10.178
2024/04/15 15:22:22 ID: 241, Data: 9C4C17030000500E, Celsius: 76, A: +7.91, rev/s: +0.000,  rev: +10.178
2024/04/15 15:22:22 ID: 241, Data: 9C4C1603EBFF500E, Celsius: 76, A: +7.90, rev/s: -0.058,  rev: +10.178
2024/04/15 15:22:22 ID: 241, Data: 9C4C1503FCFF500E, Celsius: 76, A: +7.89, rev/s: -0.011,  rev: +10.178
2024/04/15 15:22:22 ID: 241, Data: 9C4C15030200500E, Celsius: 76, A: +7.89, rev/s: +0.006,  rev: +10.178
2024/04/15 15:22:22 ID: 241, Data: 9C4C1303E2FF500E, Celsius: 76, A: +7.87, rev/s: -0.083,  rev: +10.178
2024/04/15 15:22:23 ID: 241, Data: 9C4C1303FEFF500E, Celsius: 76, A: +7.87, rev/s: -0.006,  rev: +10.178
2024/04/15 15:22:23 ID: 241, Data: 9C4C1303F9FF500E, Celsius: 76, A: +7.87, rev/s: -0.019,  rev: +10.178
2024/04/15 15:22:23 ID: 241, Data: 9C4C11030000500E, Celsius: 76, A: +7.85, rev/s: +0.000,  rev: +10.178
2024/04/15 15:22:23 ID: 241, Data: 9C4C11030600500E, Celsius: 76, A: +7.85, rev/s: +0.017,  rev: +10.178
2024/04/15 15:22:23 ID: 241, Data: 9C4C1003F9FF500E, Celsius: 76, A: +7.84, rev/s: -0.019,  rev: +10.178
2024/04/15 15:22:23 ID: 241, Data: 9C4B11031400500E, Celsius: 75, A: +7.85, rev/s: +0.056,  rev: +10.178
2024/04/15 15:22:23 ID: 241, Data: 9C4B0F032600500E, Celsius: 75, A: +7.83, rev/s: +0.106,  rev: +10.178
2024/04/15 15:22:23 ID: 241, Data: 9C4B1103E7FF500E, Celsius: 75, A: +7.85, rev/s: -0.069,  rev: +10.178
2024/04/15 15:22:23 ID: 241, Data: 9C4B0E03FCFF500E, Celsius: 75, A: +7.82, rev/s: -0.011,  rev: +10.178
2024/04/15 15:22:23 ID: 241, Data: 9C4B0D03F4FF500E, Celsius: 75, A: +7.81, rev/s: -0.033,  rev: +10.178
2024/04/15 15:22:24 ID: 241, Data: 9C4B0C03F5FF500E, Celsius: 75, A: +7.80, rev/s: -0.031,  rev: +10.178
2024/04/15 15:22:24 ID: 241, Data: 9C4A0C03FEFF500E, Celsius: 74, A: +7.80, rev/s: -0.006,  rev: +10.178
2024/04/15 15:22:24 ID: 241, Data: 9C4A0903C500520E, Celsius: 74, A: +7.77, rev/s: +0.547,  rev: +10.183
2024/04/15 15:22:24 ID: 241, Data: 9C4AE002CD005E0E, Celsius: 74, A: +7.36, rev/s: +0.569,  rev: +10.217
2024/04/15 15:22:24 ID: 241, Data: 9C4A4102D801AF0E, Celsius: 74, A: +5.77, rev/s: +1.311,  rev: +10.442
2024/04/15 15:22:24 ID: 241, Data: 9C4A73025F02DC0E, Celsius: 74, A: +6.27, rev/s: +1.686,  rev: +10.567
2024/04/15 15:22:24 ID: 241, Data: 9C4A5302EE012B0F, Celsius: 74, A: +5.95, rev/s: +1.372,  rev: +10.786
2024/04/15 15:22:24 ID: 241, Data: 9C4A8802E5014C0F, Celsius: 74, A: +6.48, rev/s: +1.347,  rev: +10.878
2024/04/15 15:22:24 ID: 241, Data: 9C4A510204029A0F, Celsius: 74, A: +5.93, rev/s: +1.433,  rev: +11.094
2024/04/15 15:22:25 ID: 241, Data: 9C49C3025300BC0F, Celsius: 73, A: +7.07, rev/s: +0.231,  rev: +11.189
2024/04/15 15:22:25 ID: 241, Data: 9C4A2801B804FD0F, Celsius: 74, A: +2.96, rev/s: +3.356,  rev: +11.369
2024/04/15 15:22:25 ID: 241, Data: 9C49E6029B002410, Celsius: 73, A: +7.42, rev/s: +0.431,  rev: +11.478
2024/04/15 15:22:25 ID: 241, Data: 9C494303C4003710, Celsius: 73, A: +8.35, rev/s: +0.544,  rev: +11.531
2024/04/15 15:22:25 ID: 241, Data: 9C49B8025C014510, Celsius: 73, A: +6.96, rev/s: +0.967,  rev: +11.569
2024/04/15 15:22:25 ID: 241, Data: 9C4A450296018A10, Celsius: 74, A: +5.81, rev/s: +1.128,  rev: +11.761
2024/04/15 15:22:25 ID: 241, Data: 9C49CB023E00A310, Celsius: 73, A: +7.15, rev/s: +0.172,  rev: +11.831
2024/04/15 15:22:25 ID: 241, Data: 9C49DF02F8FFA310, Celsius: 73, A: +7.35, rev/s: -0.022,  rev: +11.831
2024/04/15 15:22:25 ID: 241, Data: 9C49DE02FAFFA310, Celsius: 73, A: +7.34, rev/s: -0.017,  rev: +11.831
2024/04/15 15:22:25 ID: 241, Data: 9C49DE020900A410, Celsius: 73, A: +7.34, rev/s: +0.025,  rev: +11.833
2024/04/15 15:22:26 ID: 241, Data: 9C49DF021D00A410, Celsius: 73, A: +7.35, rev/s: +0.081,  rev: +11.833
2024/04/15 15:22:26 ID: 241, Data: 9C49DF02FAFFA410, Celsius: 73, A: +7.35, rev/s: -0.017,  rev: +11.833
2024/04/15 15:22:26 ID: 241, Data: 9C49DF02FDFFA410, Celsius: 73, A: +7.35, rev/s: -0.008,  rev: +11.833
2024/04/15 15:22:26 ID: 241, Data: 9C49DE02F9FFA410, Celsius: 73, A: +7.34, rev/s: -0.019,  rev: +11.833
2024/04/15 15:22:26 ID: 241, Data: 9C49DE02F8FFA410, Celsius: 73, A: +7.34, rev/s: -0.022,  rev: +11.833
2024/04/15 15:22:26 ID: 241, Data: 9C49DE020A00A410, Celsius: 73, A: +7.34, rev/s: +0.028,  rev: +11.833
2024/04/15 15:22:26 ID: 241, Data: 9C49DE02FCFFA410, Celsius: 73, A: +7.34, rev/s: -0.011,  rev: +11.833
2024/04/15 15:22:26 ID: 241, Data: 9C49DE02FFFFA410, Celsius: 73, A: +7.34, rev/s: -0.003,  rev: +11.833
2024/04/15 15:22:26 ID: 241, Data: 9C49DD02EAFFA410, Celsius: 73, A: +7.33, rev/s: -0.061,  rev: +11.833
2024/04/15 15:22:26 ID: 241, Data: 9C49DE021000A410, Celsius: 73, A: +7.34, rev/s: +0.044,  rev: +11.833
2024/04/15 15:22:27 ID: 241, Data: 9C49DD020900A410, Celsius: 73, A: +7.33, rev/s: +0.025,  rev: +11.833
2024/04/15 15:22:27 ID: 241, Data: 9C49DC021300A410, Celsius: 73, A: +7.32, rev/s: +0.053,  rev: +11.833
2024/04/15 15:22:27 ID: 241, Data: 9C49DC020800A410, Celsius: 73, A: +7.32, rev/s: +0.022,  rev: +11.833
2024/04/15 15:22:27 ID: 241, Data: 9C49DB020A00A410, Celsius: 73, A: +7.31, rev/s: +0.028,  rev: +11.833
2024/04/15 15:22:27 ID: 241, Data: 9C49DB020200A410, Celsius: 73, A: +7.31, rev/s: +0.006,  rev: +11.833
2024/04/15 15:22:27 ID: 241, Data: 9C4ADD02FCFFA410, Celsius: 74, A: +7.33, rev/s: -0.011,  rev: +11.833
2024/04/15 15:22:27 ID: 241, Data: 9C49DD020000A410, Celsius: 73, A: +7.33, rev/s: +0.000,  rev: +11.833
2024/04/15 15:22:27 ID: 241, Data: 9C4ADB020600A410, Celsius: 74, A: +7.31, rev/s: +0.017,  rev: +11.833
2024/04/15 15:22:27 ID: 241, Data: 9C4ADB02F5FFA410, Celsius: 74, A: +7.31, rev/s: -0.031,  rev: +11.833
2024/04/15 15:22:27 ID: 241, Data: 9C4ADB02F5FFA410, Celsius: 74, A: +7.31, rev/s: -0.031,  rev: +11.833
2024/04/15 15:22:28 ID: 241, Data: 9C4ADB020000A410, Celsius: 74, A: +7.31, rev/s: +0.000,  rev: +11.833
2024/04/15 15:22:28 ID: 241, Data: 9C4ADB02EEFFA410, Celsius: 74, A: +7.31, rev/s: -0.050,  rev: +11.833
2024/04/15 15:22:28 ID: 241, Data: 9C4ADC020B00A410, Celsius: 74, A: +7.32, rev/s: +0.031,  rev: +11.833
2024/04/15 15:22:28 ID: 241, Data: 9C4ADD020800A410, Celsius: 74, A: +7.33, rev/s: +0.022,  rev: +11.833
2024/04/15 15:22:28 ID: 241, Data: 9C4B4E031500A610, Celsius: 75, A: +8.46, rev/s: +0.058,  rev: +11.839
2024/04/15 15:22:28 ID: 241, Data: 9C4B2F03F5FFA610, Celsius: 75, A: +8.15, rev/s: -0.031,  rev: +11.839
2024/04/15 15:22:28 ID: 241, Data: 9C4B2F030100A710, Celsius: 75, A: +8.15, rev/s: +0.003,  rev: +11.842
2024/04/15 15:22:28 ID: 241, Data: 9C4B2F030600A710, Celsius: 75, A: +8.15, rev/s: +0.017,  rev: +11.842
2024/04/15 15:22:28 ID: 241, Data: 9C4B2D031000A710, Celsius: 75, A: +8.13, rev/s: +0.044,  rev: +11.842
2024/04/15 15:22:29 ID: 241, Data: 9C4B2B030000A710, Celsius: 75, A: +8.11, rev/s: +0.000,  rev: +11.842
2024/04/15 15:22:29 ID: 241, Data: 9C4C2C03F2FFA710, Celsius: 76, A: +8.12, rev/s: -0.039,  rev: +11.842
2024/04/15 15:22:29 ID: 241, Data: 9C4C2A03FFFFA710, Celsius: 76, A: +8.10, rev/s: -0.003,  rev: +11.842
2024/04/15 15:22:29 ID: 241, Data: 9C4C28030000A710, Celsius: 76, A: +8.08, rev/s: +0.000,  rev: +11.842
2024/04/15 15:22:29 ID: 241, Data: 9C4C2803EEFFA710, Celsius: 76, A: +8.08, rev/s: -0.050,  rev: +11.842
2024/04/15 15:22:29 ID: 241, Data: 9C4C26030600A710, Celsius: 76, A: +8.06, rev/s: +0.017,  rev: +11.842
2024/04/15 15:22:29 ID: 241, Data: 9C4C24030400A710, Celsius: 76, A: +8.04, rev/s: +0.011,  rev: +11.842
2024/04/15 15:22:29 ID: 241, Data: 9C4D2803FCFFA710, Celsius: 77, A: +8.08, rev/s: -0.011,  rev: +11.842
2024/04/15 15:22:29 ID: 241, Data: 9C4D2403EFFFA710, Celsius: 77, A: +8.04, rev/s: -0.047,  rev: +11.842
2024/04/15 15:22:29 ID: 241, Data: 9C4D24030B00A710, Celsius: 77, A: +8.04, rev/s: +0.031,  rev: +11.842
2024/04/15 15:22:30 ID: 241, Data: 9C4E23030E00A710, Celsius: 78, A: +8.03, rev/s: +0.039,  rev: +11.842
2024/04/15 15:22:30 ID: 241, Data: 9C4D2403F7FFA710, Celsius: 77, A: +8.04, rev/s: -0.025,  rev: +11.842
2024/04/15 15:22:30 ID: 241, Data: 9C4E2203F9FFA710, Celsius: 78, A: +8.02, rev/s: -0.019,  rev: +11.842
2024/04/15 15:22:30 ID: 241, Data: 9C4E2003FBFFA710, Celsius: 78, A: +8.00, rev/s: -0.014,  rev: +11.842
2024/04/15 15:22:30 ID: 241, Data: 9C4E21030C00A710, Celsius: 78, A: +8.01, rev/s: +0.033,  rev: +11.842
2024/04/15 15:22:30 ID: 241, Data: 9C4E22030800A710, Celsius: 78, A: +8.02, rev/s: +0.022,  rev: +11.842
2024/04/15 15:22:30 ID: 241, Data: 9C4E1F030300A710, Celsius: 78, A: +7.99, rev/s: +0.008,  rev: +11.842
2024/04/15 15:22:30 ID: 241, Data: 9C4F1E03FFFFA710, Celsius: 79, A: +7.98, rev/s: -0.003,  rev: +11.842
2024/04/15 15:22:30 ID: 241, Data: 9C4F1D030C00A710, Celsius: 79, A: +7.97, rev/s: +0.033,  rev: +11.842
2024/04/15 15:22:30 ID: 241, Data: 9C4F1F030000A710, Celsius: 79, A: +7.99, rev/s: +0.000,  rev: +11.842
2024/04/15 15:22:31 ID: 241, Data: 9C501E03F7FFA710, Celsius: 80, A: +7.98, rev/s: -0.025,  rev: +11.842
2024/04/15 15:22:31 ID: 241, Data: 9C501D031500A710, Celsius: 80, A: +7.97, rev/s: +0.058,  rev: +11.842
2024/04/15 15:22:31 ID: 241, Data: 9C501B03FCFFA710, Celsius: 80, A: +7.95, rev/s: -0.011,  rev: +11.842
2024/04/15 15:22:31 ID: 241, Data: 9C511C03EDFFA710, Celsius: 81, A: +7.96, rev/s: -0.053,  rev: +11.842
2024/04/15 15:22:31 ID: 241, Data: 9C501B03E9FFA710, Celsius: 80, A: +7.95, rev/s: -0.064,  rev: +11.842
2024/04/15 15:22:31 ID: 241, Data: 9C511B03FDFFA710, Celsius: 81, A: +7.95, rev/s: -0.008,  rev: +11.842
2024/04/15 15:22:31 ID: 241, Data: 9C511903FCFFA710, Celsius: 81, A: +7.93, rev/s: -0.011,  rev: +11.842
2024/04/15 15:22:31 ID: 241, Data: 9C511A030B00A710, Celsius: 81, A: +7.94, rev/s: +0.031,  rev: +11.842
2024/04/15 15:22:31 ID: 241, Data: 9C5219030B00A710, Celsius: 82, A: +7.93, rev/s: +0.031,  rev: +11.842
2024/04/15 15:22:31 ID: 241, Data: 9C521A030800A710, Celsius: 82, A: +7.94, rev/s: +0.022,  rev: +11.842
2024/04/15 15:22:32 ID: 241, Data: 9C5218030300A710, Celsius: 82, A: +7.92, rev/s: +0.008,  rev: +11.842
2024/04/15 15:22:32 ID: 241, Data: 9C521703EDFFA710, Celsius: 82, A: +7.91, rev/s: -0.053,  rev: +11.842
2024/04/15 15:22:32 ID: 241, Data: 9C5216030400A710, Celsius: 82, A: +7.90, rev/s: +0.011,  rev: +11.842
2024/04/15 15:22:32 ID: 241, Data: 9C5313030A00A710, Celsius: 83, A: +7.87, rev/s: +0.028,  rev: +11.842
2024/04/15 15:22:32 ID: 241, Data: 9C5316030700A710, Celsius: 83, A: +7.90, rev/s: +0.019,  rev: +11.842
2024/04/15 15:22:32 ID: 241, Data: 9C531303FDFFA710, Celsius: 83, A: +7.87, rev/s: -0.008,  rev: +11.842
2024/04/15 15:22:32 ID: 241, Data: 9C5315030500A710, Celsius: 83, A: +7.89, rev/s: +0.014,  rev: +11.842
2024/04/15 15:22:32 ID: 241, Data: 9C531503F2FFA710, Celsius: 83, A: +7.89, rev/s: -0.039,  rev: +11.842
2024/04/15 15:22:32 ID: 241, Data: 9C5414030000A710, Celsius: 84, A: +7.88, rev/s: +0.000,  rev: +11.842
2024/04/15 15:22:33 ID: 241, Data: 9C5415030900A710, Celsius: 84, A: +7.89, rev/s: +0.025,  rev: +11.842
2024/04/15 15:22:33 ID: 241, Data: 9C5411031300A710, Celsius: 84, A: +7.85, rev/s: +0.053,  rev: +11.842
2024/04/15 15:22:33 ID: 241, Data: 9C541003FEFFA710, Celsius: 84, A: +7.84, rev/s: -0.006,  rev: +11.842
2024/04/15 15:22:33 ID: 241, Data: 9C541203E2FFA710, Celsius: 84, A: +7.86, rev/s: -0.083,  rev: +11.842
2024/04/15 15:22:33 ID: 241, Data: 9C551203FEFFA710, Celsius: 85, A: +7.86, rev/s: -0.006,  rev: +11.842
2024/04/15 15:22:33 ID: 241, Data: 9C5510030000A710, Celsius: 85, A: +7.84, rev/s: +0.000,  rev: +11.842
2024/04/15 15:22:33 ID: 241, Data: 9C551203F9FFA710, Celsius: 85, A: +7.86, rev/s: -0.019,  rev: +11.842
2024/04/15 15:22:33 ID: 241, Data: 9C561003FCFFA710, Celsius: 86, A: +7.84, rev/s: -0.011,  rev: +11.842
2024/04/15 15:22:33 ID: 241, Data: 9C551003F6FFA710, Celsius: 85, A: +7.84, rev/s: -0.028,  rev: +11.842
2024/04/15 15:22:33 ID: 241, Data: 9C560F030800A710, Celsius: 86, A: +7.83, rev/s: +0.022,  rev: +11.842
2024/04/15 15:22:34 ID: 241, Data: 9C561003FCFFA710, Celsius: 86, A: +7.84, rev/s: -0.011,  rev: +11.842
2024/04/15 15:22:34 ID: 241, Data: 9C560F031100A710, Celsius: 86, A: +7.83, rev/s: +0.047,  rev: +11.842
2024/04/15 15:22:34 ID: 241, Data: 9C560C030500A710, Celsius: 86, A: +7.80, rev/s: +0.014,  rev: +11.842
2024/04/15 15:22:34 ID: 241, Data: 9C560F030000A710, Celsius: 86, A: +7.83, rev/s: +0.000,  rev: +11.842
2024/04/15 15:22:34 ID: 241, Data: 9C570D030100A710, Celsius: 87, A: +7.81, rev/s: +0.003,  rev: +11.842
2024/04/15 15:22:34 ID: 241, Data: 9C570E031200A710, Celsius: 87, A: +7.82, rev/s: +0.050,  rev: +11.842
2024/04/15 15:22:34 ID: 241, Data: 9C570D031700A710, Celsius: 87, A: +7.81, rev/s: +0.064,  rev: +11.842
2024/04/15 15:22:34 ID: 241, Data: 9C580D03FCFFA710, Celsius: 88, A: +7.81, rev/s: -0.011,  rev: +11.842
2024/04/15 15:22:34 ID: 241, Data: 9C580B03FEFFA710, Celsius: 88, A: +7.79, rev/s: -0.006,  rev: +11.842
2024/04/15 15:22:34 ID: 241, Data: 9C58FA02FBFFA710, Celsius: 88, A: +7.62, rev/s: -0.014,  rev: +11.842
2024/04/15 15:22:35 ID: 241, Data: 9C58A4027500B010, Celsius: 88, A: +6.76, rev/s: +0.325,  rev: +11.867
2024/04/15 15:22:35 ID: 241, Data: 9C5967010804F610, Celsius: 89, A: +3.59, rev/s: +2.867,  rev: +12.061
2024/04/15 15:22:35 ID: 241, Data: 9C58A3027A012711, Celsius: 88, A: +6.75, rev/s: +1.050,  rev: +12.197
2024/04/15 15:22:35 ID: 241, Data: 9C59C90251018011, Celsius: 89, A: +7.13, rev/s: +0.936,  rev: +12.444
2024/04/15 15:22:35 ID: 241, Data: 9C59F9018302AE11, Celsius: 89, A: +5.05, rev/s: +1.786,  rev: +12.572
2024/04/15 15:22:35 ID: 241, Data: 9C599302F800FF11, Celsius: 89, A: +6.59, rev/s: +0.689,  rev: +12.797
2024/04/15 15:22:35 ID: 241, Data: 9C5962011F043712, Celsius: 89, A: +3.54, rev/s: +2.931,  rev: +12.953
2024/04/15 15:22:35 ID: 241, Data: 9C59BF02B2018712, Celsius: 89, A: +7.03, rev/s: +1.206,  rev: +13.175
2024/04/15 15:22:35 ID: 241, Data: 9C5991018F03DE12, Celsius: 89, A: +4.01, rev/s: +2.531,  rev: +13.417
2024/04/15 15:22:35 ID: 241, Data: 9C59820287010E13, Celsius: 89, A: +6.42, rev/s: +1.086,  rev: +13.550
2024/04/15 15:22:36 ID: 241, Data: 9C59940217016713, Celsius: 89, A: +6.60, rev/s: +0.775,  rev: +13.797
2024/04/15 15:22:36 ID: 241, Data: 9C59AA026C018F13, Celsius: 89, A: +6.82, rev/s: +1.011,  rev: +13.908
2024/04/15 15:22:36 ID: 241, Data: 9C59DD021301DD13, Celsius: 89, A: +7.33, rev/s: +0.764,  rev: +14.125
2024/04/15 15:22:36 ID: 241, Data: 9C5AF9FF2BFEC713, Celsius: 90, A: -0.07, rev/s: -1.303,  rev: +14.064
2024/04/15 15:22:36 ID: 241, Data: 9C5A570023FFB313, Celsius: 90, A: +0.87, rev/s: -0.614,  rev: +14.008
2024/04/15 15:22:36 ID: 241, Data: 9C5A0900FAFFB313, Celsius: 90, A: +0.09, rev/s: -0.017,  rev: +14.008
2024/04/15 15:22:36 ID: 241, Data: 9C5AD5FF0500B213, Celsius: 90, A: -0.43, rev/s: +0.014,  rev: +14.006
