2024/04/15 15:23:37 ID: 241, Data: 9C30040049FFAA13, Celsius: 48, A: +0.04, rev/s: -0.508,  rev: +13.983
2024/04/15 15:23:37 ID: 241, Data: 9C30950067FF9B13, Celsius: 48, A: +1.49, rev/s: -0.425,  rev: +13.942
2024/04/15 15:23:37 ID: 241, Data: 9C30D400B6FF9213, Celsius: 48, A: +2.12, rev/s: -0.206,  rev: +13.917
2024/04/15 15:23:37 ID: 241, Data: 9C30FD00A7FF8813, Celsius: 48, A: +2.53, rev/s: -0.247,  rev: +13.889
2024/04/15 15:23:37 ID: 241, Data: 9C305D0197FF7C13, Celsius: 48, A: +3.49, rev/s: -0.292,  rev: +13.856
2024/04/15 15:23:37 ID: 241, Data: 9C304701E2FF7413, Celsius: 48, A: +3.27, rev/s: -0.083,  rev: +13.833
2024/04/15 15:23:38 ID: 241, Data: 9C30F300A7FF6A13, Celsius: 48, A: +2.43, rev/s: -0.247,  rev: +13.806
2024/04/15 15:23:38 ID: 241, Data: 9C30F000A2FF5E13, Celsius: 48, A: +2.40, rev/s: -0.261,  rev: +13.772
2024/04/15 15:23:38 ID: 241, Data: 9C30710076FF5613, Celsius: 48, A: +1.13, rev/s: -0.383,  rev: +13.750
2024/04/15 15:23:38 ID: 241, Data: 9C300400F7FF4A13, Celsius: 48, A: +0.04, rev/s: -0.025,  rev: +13.717
2024/04/15 15:23:38 ID: 241, Data: 9C30F1FF2EFF3D13, Celsius: 48, A: -0.15, rev/s: -0.583,  rev: +13.681
2024/04/15 15:23:38 ID: 241, Data: 9C3029004FFF2C13, Celsius: 48, A: +0.41, rev/s: -0.492,  rev: +13.633
2024/04/15 15:23:38 ID: 241, Data: 9C305700E7FF2113, Celsius: 48, A: +0.87, rev/s: -0.069,  rev: +13.603
2024/04/15 15:23:38 ID: 241, Data: 9C30BC00AFFF1713, Celsius: 48, A: +1.88, rev/s: -0.225,  rev: +13.575
2024/04/15 15:23:38 ID: 241, Data: 9C30D9008DFF0E13, Celsius: 48, A: +2.17, rev/s: -0.319,  rev: +13.550
2024/04/15 15:23:38 ID: 241, Data: 9C30F100A5FF0313, Celsius: 48, A: +2.41, rev/s: -0.253,  rev: +13.519
2024/04/15 15:23:39 ID: 241, Data: 9C300401C5FFF912, Celsius: 48, A: +2.60, rev/s: -0.164,  rev: +13.492
2024/04/15 15:23:39 ID: 241, Data: 9C30A300A8FFF112, Celsius: 48, A: +1.63, rev/s: -0.244,  rev: +13.469
2024/04/15 15:23:39 ID: 241, Data: 9C3085007AFFE512, Celsius: 48, A: +1.33, rev/s: -0.372,  rev: +13.436
2024/04/15 15:23:39 ID: 241, Data: 9C301E0049FFDB12, Celsius: 48, A: +0.30, rev/s: -0.508,  rev: +13.408
2024/04/15 15:23:39 ID: 241, Data: 9C30EFFF3BFFCF12, Celsius: 48, A: -0.17, rev/s: -0.547,  rev: +13.375
2024/04/15 15:23:39 ID: 241, Data: 9C30E5FF64FFC212, Celsius: 48, A: -0.27, rev/s: -0.433,  rev: +13.339
2024/04/15 15:23:39 ID: 241, Data: 9C30D9FF97FFB712, Celsius: 48, A: -0.39, rev/s: -0.292,  rev: +13.308
2024/04/15 15:23:39 ID: 241, Data: 9C30020022FFAB12, Celsius: 48, A: +0.02, rev/s: -0.617,  rev: +13.275
2024/04/15 15:23:39 ID: 241, Data: 9C30DAFFF1FFA112, Celsius: 48, A: -0.38, rev/s: -0.042,  rev: +13.247
2024/04/15 15:23:39 ID: 241, Data: 9C30B5FFA8FF9712, Celsius: 48, A: -0.75, rev/s: -0.244,  rev: +13.219
2024/04/15 15:23:40 ID: 241, Data: 9C30EDFF5DFF8812, Celsius: 48, A: -0.19, rev/s: -0.453,  rev: +13.178
2024/04/15 15:23:40 ID: 241, Data: 9C30D9FFEEFF7F12, Celsius: 48, A: -0.39, rev/s: -0.050,  rev: +13.153
2024/04/15 15:23:40 ID: 241, Data: 9C30F5FF35FF7412, Celsius: 48, A: -0.11, rev/s: -0.564,  rev: +13.122
2024/04/15 15:23:40 ID: 241, Data: 9C30E8FF8FFF6812, Celsius: 48, A: -0.24, rev/s: -0.314,  rev: +13.089
2024/04/15 15:23:40 ID: 241, Data: 9C30D0FFD7FF5F12, Celsius: 48, A: -0.48, rev/s: -0.114,  rev: +13.064
2024/04/15 15:23:40 ID: 241, Data: 9C30F2FFAEFF5312, Celsius: 48, A: -0.14, rev/s: -0.228,  rev: +13.031
2024/04/15 15:23:40 ID: 241, Data: 9C30E8FFCBFF4712, Celsius: 48, A: -0.24, rev/s: -0.147,  rev: +12.997
2024/04/15 15:23:40 ID: 241, Data: 9C30E4FF94FF3E12, Celsius: 48, A: -0.28, rev/s: -0.300,  rev: +12.972
2024/04/15 15:23:40 ID: 241, Data: 9C30FDFF7FFF3112, Celsius: 48, A: -0.03, rev/s: -0.358,  rev: +12.936
2024/04/15 15:23:41 ID: 241, Data: 9C30EBFFBDFF2712, Celsius: 48, A: -0.21, rev/s: -0.186,  rev: +12.908
2024/04/15 15:23:41 ID: 241, Data: 9C30E5FF55FF1D12, Celsius: 48, A: -0.27, rev/s: -0.475,  rev: +12.881
2024/04/15 15:23:41 ID: 241, Data: 9C30EAFF9BFF1112, Celsius: 48, A: -0.22, rev/s: -0.281,  rev: +12.847
2024/04/15 15:23:41 ID: 241, Data: 9C30E8FFCCFF0612, Celsius: 48, A: -0.24, rev/s: -0.144,  rev: +12.817
2024/04/15 15:23:41 ID: 241, Data: 9C30F7FFA0FFFA11, Celsius: 48, A: -0.09, rev/s: -0.267,  rev: +12.783
2024/04/15 15:23:41 ID: 241, Data: 9C30F1FFD2FFEF11, Celsius: 48, A: -0.15, rev/s: -0.128,  rev: +12.753
2024/04/15 15:23:41 ID: 241, Data: 9C30F3FF6BFFE511, Celsius: 48, A: -0.13, rev/s: -0.414,  rev: +12.725
2024/04/15 15:23:41 ID: 241, Data: 9C30000075FFD811, Celsius: 48, A: +0.00, rev/s: -0.386,  rev: +12.689
2024/04/15 15:23:41 ID: 241, Data: 9C30C9FFE9FFCF11, Celsius: 48, A: -0.55, rev/s: -0.064,  rev: +12.664
2024/04/15 15:23:41 ID: 241, Data: 9C30EFFF2AFFC411, Celsius: 48, A: -0.17, rev/s: -0.594,  rev: +12.633
2024/04/15 15:23:42 ID: 241, Data: 9C30CFFF0000B811, Celsius: 48, A: -0.49, rev/s: +0.000,  rev: +12.600
2024/04/15 15:23:42 ID: 241, Data: 9C30DEFFA9FFAE11, Celsius: 48, A: -0.34, rev/s: -0.242,  rev: +12.572
2024/04/15 15:23:42 ID: 241, Data: 9C30F5FF5BFFA011, Celsius: 48, A: -0.11, rev/s: -0.458,  rev: +12.533
2024/04/15 15:23:42 ID: 241, Data: 9C2FDFFFECFF9711, Celsius: 47, A: -0.33, rev/s: -0.056,  rev: +12.508
2024/04/15 15:23:42 ID: 241, Data: 9C30FDFF46FF8C11, Celsius: 48, A: -0.03, rev/s: -0.517,  rev: +12.478
2024/04/15 15:23:42 ID: 241, Data: 9C30F3FF9AFF8011, Celsius: 48, A: -0.13, rev/s: -0.283,  rev: +12.444
2024/04/15 15:23:42 ID: 241, Data: 9C2FCCFFC5FF7711, Celsius: 47, A: -0.52, rev/s: -0.164,  rev: +12.419
2024/04/15 15:23:42 ID: 241, Data: 9C30F9FF6BFF6A11, Celsius: 48, A: -0.07, rev/s: -0.414,  rev: +12.383
2024/04/15 15:23:42 ID: 241, Data: 9C30E2FFC3FF6111, Celsius: 48, A: -0.30, rev/s: -0.169,  rev: +12.358
2024/04/15 15:23:42 ID: 241, Data: 9C2F070042FF5311, Celsius: 47, A: +0.07, rev/s: -0.528,  rev: +12.319
2024/04/15 15:23:43 ID: 241, Data: 9C30FAFFDEFF4811, Celsius: 48, A: -0.06, rev/s: -0.094,  rev: +12.289
2024/04/15 15:23:43 ID: 241, Data: 9C30ECFFB3FF3F11, Celsius: 48, A: -0.20, rev/s: -0.214,  rev: +12.264
2024/04/15 15:23:43 ID: 241, Data: 9C2F17002AFF3211, Celsius: 47, A: +0.23, rev/s: -0.594,  rev: +12.228
2024/04/15 15:23:43 ID: 241, Data: 9C300D00BCFF2711, Celsius: 48, A: +0.13, rev/s: -0.189,  rev: +12.197
2024/04/15 15:23:43 ID: 241, Data: 9C301F004DFF1E11, Celsius: 48, A: +0.31, rev/s: -0.497,  rev: +12.172
2024/04/15 15:23:43 ID: 241, Data: 9C2F2A00D7FF1211, Celsius: 47, A: +0.42, rev/s: -0.114,  rev: +12.139
2024/04/15 15:23:43 ID: 241, Data: 9C2F2C00BDFF0711, Celsius: 47, A: +0.44, rev/s: -0.186,  rev: +12.108
2024/04/15 15:23:43 ID: 241, Data: 9C302F0066FFFC10, Celsius: 48, A: +0.47, rev/s: -0.428,  rev: +12.078
2024/04/15 15:23:43 ID: 241, Data: 9C2F270098FFF010, Celsius: 47, A: +0.39, rev/s: -0.289,  rev: +12.044
2024/04/15 15:23:43 ID: 241, Data: 9C30090097FFE610, Celsius: 48, A: +0.09, rev/s: -0.292,  rev: +12.017
2024/04/15 15:23:44 ID: 241, Data: 9C30050076FFDB10, Celsius: 48, A: +0.05, rev/s: -0.383,  rev: +11.986
2024/04/15 15:23:44 ID: 241, Data: 9C3002007AFFD010, Celsius: 48, A: +0.02, rev/s: -0.372,  rev: +11.956
2024/04/15 15:23:44 ID: 241, Data: 9C2F050075FFC510, Celsius: 47, A: +0.05, rev/s: -0.386,  rev: +11.925
2024/04/15 15:23:44 ID: 241, Data: 9C2F1500B1FFB910, Celsius: 47, A: +0.21, rev/s: -0.219,  rev: +11.892
2024/04/15 15:23:44 ID: 241, Data: 9C2F2200B0FFAD10, Celsius: 47, A: +0.34, rev/s: -0.222,  rev: +11.858
2024/04/15 15:23:44 ID: 241, Data: 9C2F30007BFFA210, Celsius: 47, A: +0.48, rev/s: -0.369,  rev: +11.828
2024/04/15 15:23:44 ID: 241, Data: 9C2F2100BAFF9810, Celsius: 47, A: +0.33, rev/s: -0.194,  rev: +11.800
2024/04/15 15:23:44 ID: 241, Data: 9C2F0A00A5FF8E10, Celsius: 47, A: +0.10, rev/s: -0.253,  rev: +11.772
2024/04/15 15:23:44 ID: 241, Data: 9C2F0B0088FF8210, Celsius: 47, A: +0.11, rev/s: -0.333,  rev: +11.739
2024/04/15 15:23:45 ID: 241, Data: 9C2FF5FFADFF7810, Celsius: 47, A: -0.11, rev/s: -0.231,  rev: +11.711
2024/04/15 15:23:45 ID: 241, Data: 9C2FF7FF75FF6C10, Celsius: 47, A: -0.09, rev/s: -0.386,  rev: +11.678
2024/04/15 15:23:45 ID: 241, Data: 9C2FF5FFC4FF6010, Celsius: 47, A: -0.11, rev/s: -0.167,  rev: +11.644
2024/04/15 15:23:45 ID: 241, Data: 9C2FF1FFABFF5610, Celsius: 47, A: -0.15, rev/s: -0.236,  rev: +11.617
2024/04/15 15:23:45 ID: 241, Data: 9C2F020022FF4910, Celsius: 47, A: +0.02, rev/s: -0.617,  rev: +11.581
2024/04/15 15:23:45 ID: 241, Data: 9C2FE3FFCAFF3F10, Celsius: 47, A: -0.29, rev/s: -0.150,  rev: +11.553
2024/04/15 15:23:45 ID: 241, Data: 9C2FF0FF43FF3510, Celsius: 47, A: -0.16, rev/s: -0.525,  rev: +11.525
2024/04/15 15:23:45 ID: 241, Data: 9C2FF7FFB4FF2910, Celsius: 47, A: -0.09, rev/s: -0.211,  rev: +11.492
2024/04/15 15:23:45 ID: 241, Data: 9C2FF5FF87FF1E10, Celsius: 47, A: -0.11, rev/s: -0.336,  rev: +11.461
2024/04/15 15:23:45 ID: 241, Data: 9C2F07007FFF1210, Celsius: 47, A: +0.07, rev/s: -0.358,  rev: +11.428
2024/04/15 15:23:46 ID: 241, Data: 9C2F0C00CDFF0710, Celsius: 47, A: +0.12, rev/s: -0.142,  rev: +11.397
2024/04/15 15:23:46 ID: 241, Data: 9C2F140095FFFC0F, Celsius: 47, A: +0.20, rev/s: -0.297,  rev: +11.367
2024/04/15 15:23:46 ID: 241, Data: 9C2F160073FFF00F, Celsius: 47, A: +0.22, rev/s: -0.392,  rev: +11.333
2024/04/15 15:23:46 ID: 241, Data: 9C2FD3FFBAFFE80F, Celsius: 47, A: -0.45, rev/s: -0.194,  rev: +11.311
2024/04/15 15:23:46 ID: 241, Data: 9C2FDDFF2BFFDD0F, Celsius: 47, A: -0.35, rev/s: -0.592,  rev: +11.281
2024/04/15 15:23:46 ID: 241, Data: 9C2FBEFFF0FFD10F, Celsius: 47, A: -0.66, rev/s: -0.044,  rev: +11.247
2024/04/15 15:23:46 ID: 241, Data: 9C2FD0FF63FFC50F, Celsius: 47, A: -0.48, rev/s: -0.436,  rev: +11.214
2024/04/15 15:23:46 ID: 241, Data: 9C2FDAFFAFFFB70F, Celsius: 47, A: -0.38, rev/s: -0.225,  rev: +11.175
2024/04/15 15:23:46 ID: 241, Data: 9C2FECFFB3FFAF0F, Celsius: 47, A: -0.20, rev/s: -0.214,  rev: +11.153
2024/04/15 15:23:46 ID: 241, Data: 9C2F0E0078FFA20F, Celsius: 47, A: +0.14, rev/s: -0.378,  rev: +11.117
2024/04/15 15:23:47 ID: 241, Data: 9C2F1100BAFF980F, Celsius: 47, A: +0.17, rev/s: -0.194,  rev: +11.089
2024/04/15 15:23:47 ID: 241, Data: 9C2F41000CFF8E0F, Celsius: 47, A: +0.65, rev/s: -0.678,  rev: +11.061
2024/04/15 15:23:47 ID: 241, Data: 9C2F49009DFF840F, Celsius: 47, A: +0.73, rev/s: -0.275,  rev: +11.033
2024/04/15 15:23:47 ID: 241, Data: 9C2FF7FFF8FF7B0F, Celsius: 47, A: -0.09, rev/s: -0.022,  rev: +11.008
2024/04/15 15:23:47 ID: 241, Data: 9C2F1C0000006B0F, Celsius: 47, A: +0.28, rev/s: +0.000,  rev: +10.964
2024/04/15 15:23:47 ID: 241, Data: 9C2F2000B8FF610F, Celsius: 47, A: +0.32, rev/s: -0.200,  rev: +10.936
2024/04/15 15:23:47 ID: 241, Data: 9C2F4C0096FF540F, Celsius: 47, A: +0.76, rev/s: -0.294,  rev: +10.900
2024/04/15 15:23:47 ID: 241, Data: 9C2F21008AFF4C0F, Celsius: 47, A: +0.33, rev/s: -0.328,  rev: +10.878
2024/04/15 15:23:47 ID: 241, Data: 9C2F0800ABFF410F, Celsius: 47, A: +0.08, rev/s: -0.236,  rev: +10.847
2024/04/15 15:23:48 ID: 241, Data: 9C2F290086FF350F, Celsius: 47, A: +0.41, rev/s: -0.339,  rev: +10.814
2024/04/15 15:23:48 ID: 241, Data: 9C2F2900DDFF2A0F, Celsius: 47, A: +0.41, rev/s: -0.097,  rev: +10.783
2024/04/15 15:23:48 ID: 241, Data: 9C2F3600A4FF1E0F, Celsius: 47, A: +0.54, rev/s: -0.256,  rev: +10.750
2024/04/15 15:23:48 ID: 241, Data: 9C2F1B00A3FF140F, Celsius: 47, A: +0.27, rev/s: -0.258,  rev: +10.722
2024/04/15 15:23:48 ID: 241, Data: 9C2FF1FFA0FF0A0F, Celsius: 47, A: -0.15, rev/s: -0.267,  rev: +10.694
2024/04/15 15:23:48 ID: 241, Data: 9C2FFDFF3FFFFD0E, Celsius: 47, A: -0.03, rev/s: -0.536,  rev: +10.658
2024/04/15 15:23:48 ID: 241, Data: 9C2FFFFFB0FFF20E, Celsius: 47, A: -0.01, rev/s: -0.222,  rev: +10.628
2024/04/15 15:23:48 ID: 241, Data: 9C2FFBFFA1FFE70E, Celsius: 47, A: -0.05, rev/s: -0.264,  rev: +10.597
2024/04/15 15:23:48 ID: 241, Data: 9C2F2F0095FFDB0E, Celsius: 47, A: +0.47, rev/s: -0.297,  rev: +10.564
2024/04/15 15:23:48 ID: 241, Data: 9C2F1700C1FFD10E, Celsius: 47, A: +0.23, rev/s: -0.175,  rev: +10.536
2024/04/15 15:23:49 ID: 241, Data: 9C2F4B0057FFC50E, Celsius: 47, A: +0.75, rev/s: -0.469,  rev: +10.503
2024/04/15 15:23:49 ID: 241, Data: 9C2F6D00ADFFB90E, Celsius: 47, A: +1.09, rev/s: -0.231,  rev: +10.469
2024/04/15 15:23:49 ID: 241, Data: 9C2F9000BFFFAE0E, Celsius: 47, A: +1.44, rev/s: -0.181,  rev: +10.439
2024/04/15 15:23:49 ID: 241, Data: 9C2F5D0090FFA60E, Celsius: 47, A: +0.93, rev/s: -0.311,  rev: +10.417
2024/04/15 15:23:49 ID: 241, Data: 9C2F36008CFF9A0E, Celsius: 47, A: +0.54, rev/s: -0.322,  rev: +10.383
2024/04/15 15:23:49 ID: 241, Data: 9C2F19006AFF900E, Celsius: 47, A: +0.25, rev/s: -0.417,  rev: +10.356
2024/04/15 15:23:49 ID: 241, Data: 9C2FFEFFFFFF830E, Celsius: 47, A: -0.02, rev/s: -0.003,  rev: +10.319
2024/04/15 15:23:49 ID: 241, Data: 9C2F2000D1FF770E, Celsius: 47, A: +0.32, rev/s: -0.131,  rev: +10.286
2024/04/15 15:23:49 ID: 241, Data: 9C2F6E0063FF6B0E, Celsius: 47, A: +1.10, rev/s: -0.436,  rev: +10.253
2024/04/15 15:23:49 ID: 241, Data: 9C2F6600E4FF610E, Celsius: 47, A: +1.02, rev/s: -0.078,  rev: +10.225
2024/04/15 15:23:50 ID: 241, Data: 9C2F6D008AFF580E, Celsius: 47, A: +1.09, rev/s: -0.328,  rev: +10.200
2024/04/15 15:23:50 ID: 241, Data: 9C2F980084FF4A0E, Celsius: 47, A: +1.52, rev/s: -0.344,  rev: +10.161
2024/04/15 15:23:50 ID: 241, Data: 9C2FAB00B0FF400E, Celsius: 47, A: +1.71, rev/s: -0.222,  rev: +10.133
2024/04/15 15:23:50 ID: 241, Data: 9C2F6E00A2FF380E, Celsius: 47, A: +1.10, rev/s: -0.261,  rev: +10.111
2024/04/15 15:23:50 ID: 241, Data: 9C2F710079FF2A0E, Celsius: 47, A: +1.13, rev/s: -0.375,  rev: +10.072
2024/04/15 15:23:50 ID: 241, Data: 9C2F5000B9FF210E, Celsius: 47, A: +0.80, rev/s: -0.197,  rev: +10.047
2024/04/15 15:23:50 ID: 241, Data: 9C2F150054FF160E, Celsius: 47, A: +0.21, rev/s: -0.478,  rev: +10.017
2024/04/15 15:23:50 ID: 241, Data: 9C2F0900ACFF0A0E, Celsius: 47, A: +0.09, rev/s: -0.233,  rev: +9.983
2024/04/15 15:23:50 ID: 241, Data: 9C2F3D0042FFFD0D, Celsius: 47, A: +0.61, rev/s: -0.528,  rev: +9.947
2024/04/15 15:23:50 ID: 241, Data: 9C2F6A00A9FFF00D, Celsius: 47, A: +1.06, rev/s: -0.242,  rev: +9.911
2024/04/15 15:23:51 ID: 241, Data: 9C2F7E00B9FFE80D, Celsius: 47, A: +1.26, rev/s: -0.197,  rev: +9.889
2024/04/15 15:23:51 ID: 241, Data: 9C2F92004EFFDD0D, Celsius: 47, A: +1.46, rev/s: -0.494,  rev: +9.858
2024/04/15 15:23:51 ID: 241, Data: 9C2F8A00ABFFD10D, Celsius: 47, A: +1.38, rev/s: -0.236,  rev: +9.825
2024/04/15 15:23:51 ID: 241, Data: 9C2F99008FFFC70D, Celsius: 47, A: +1.53, rev/s: -0.314,  rev: +9.797
2024/04/15 15:23:51 ID: 241, Data: 9C2E8A0087FFBC0D, Celsius: 46, A: +1.38, rev/s: -0.336,  rev: +9.767
2024/04/15 15:23:51 ID: 241, Data: 9C2F6F00B2FFB10D, Celsius: 47, A: +1.11, rev/s: -0.217,  rev: +9.736
2024/04/15 15:23:51 ID: 241, Data: 9C2F4200A5FFA70D, Celsius: 47, A: +0.66, rev/s: -0.253,  rev: +9.708
2024/04/15 15:23:51 ID: 241, Data: 9C2F240090FF9B0D, Celsius: 47, A: +0.36, rev/s: -0.311,  rev: +9.675
2024/04/15 15:23:51 ID: 241, Data: 9C2F050053FF910D, Celsius: 47, A: +0.05, rev/s: -0.481,  rev: +9.647
2024/04/15 15:23:52 ID: 241, Data: 9C2F2100CFFF830D, Celsius: 47, A: +0.33, rev/s: -0.136,  rev: +9.608
2024/04/15 15:23:52 ID: 241, Data: 9C2F2D00CCFF780D, Celsius: 47, A: +0.45, rev/s: -0.144,  rev: +9.578
2024/04/15 15:23:52 ID: 241, Data: 9C2F5B0041FF6D0D, Celsius: 47, A: +0.91, rev/s: -0.531,  rev: +9.547
2024/04/15 15:23:52 ID: 241, Data: 9C2F6700B8FF610D, Celsius: 47, A: +1.03, rev/s: -0.200,  rev: +9.514
2024/04/15 15:23:52 ID: 241, Data: 9C2F9F00A6FF570D, Celsius: 47, A: +1.59, rev/s: -0.250,  rev: +9.486
2024/04/15 15:23:52 ID: 241, Data: 9C2EA60069FF4D0D, Celsius: 46, A: +1.66, rev/s: -0.419,  rev: +9.458
2024/04/15 15:23:52 ID: 241, Data: 9C2E6E00A2FF420D, Celsius: 46, A: +1.10, rev/s: -0.261,  rev: +9.428
2024/04/15 15:23:52 ID: 241, Data: 9C2F670092FF370D, Celsius: 47, A: +1.03, rev/s: -0.306,  rev: +9.397
2024/04/15 15:23:52 ID: 241, Data: 9C2E3F0096FF2C0D, Celsius: 46, A: +0.63, rev/s: -0.294,  rev: +9.367
2024/04/15 15:23:52 ID: 241, Data: 9C2F12008EFF220D, Celsius: 47, A: +0.18, rev/s: -0.317,  rev: +9.339
2024/04/15 15:23:53 ID: 241, Data: 9C2F1600D5FE150D, Celsius: 47, A: +0.22, rev/s: -0.831,  rev: +9.303
2024/04/15 15:23:53 ID: 241, Data: 9C2F1700A3FF090D, Celsius: 47, A: +0.23, rev/s: -0.258,  rev: +9.269
2024/04/15 15:23:53 ID: 241, Data: 9C2F190082FFFF0C, Celsius: 47, A: +0.25, rev/s: -0.350,  rev: +9.242
2024/04/15 15:23:53 ID: 241, Data: 9C2F3E0078FFF20C, Celsius: 47, A: +0.62, rev/s: -0.378,  rev: +9.206
2024/04/15 15:23:53 ID: 241, Data: 9C2F3E00BBFFE90C, Celsius: 47, A: +0.62, rev/s: -0.192,  rev: +9.181
2024/04/15 15:23:53 ID: 241, Data: 9C2F6F005CFFDD0C, Celsius: 47, A: +1.11, rev/s: -0.456,  rev: +9.147
2024/04/15 15:23:53 ID: 241, Data: 9C2F4A00BEFFD20C, Celsius: 47, A: +0.74, rev/s: -0.183,  rev: +9.117
2024/04/15 15:23:53 ID: 241, Data: 9C2E4C008CFFC80C, Celsius: 46, A: +0.76, rev/s: -0.322,  rev: +9.089
2024/04/15 15:23:53 ID: 241, Data: 9C2E6F0092FFBC0C, Celsius: 46, A: +1.11, rev/s: -0.306,  rev: +9.056
2024/04/15 15:23:53 ID: 241, Data: 9C2E2800ADFFB30C, Celsius: 46, A: +0.40, rev/s: -0.231,  rev: +9.031
2024/04/15 15:23:54 ID: 241, Data: 9C2EFFFF55FFA90C, Celsius: 46, A: -0.01, rev/s: -0.475,  rev: +9.003
2024/04/15 15:23:54 ID: 241, Data: 9C2E0900C6FF9A0C, Celsius: 46, A: +0.09, rev/s: -0.161,  rev: +8.961
2024/04/15 15:23:54 ID: 241, Data: 9C2F39009EFF8F0C, Celsius: 47, A: +0.57, rev/s: -0.272,  rev: +8.931
2024/04/15 15:23:54 ID: 241, Data: 9C2E760089FF830C, Celsius: 46, A: +1.18, rev/s: -0.331,  rev: +8.897
2024/04/15 15:23:54 ID: 241, Data: 9C2E6F00CAFF790C, Celsius: 46, A: +1.11, rev/s: -0.150,  rev: +8.869
2024/04/15 15:23:54 ID: 241, Data: 9C2E6A00BAFF700C, Celsius: 46, A: +1.06, rev/s: -0.194,  rev: +8.844
2024/04/15 15:23:54 ID: 241, Data: 9C2EA100ABFF620C, Celsius: 46, A: +1.61, rev/s: -0.236,  rev: +8.806
2024/04/15 15:23:54 ID: 241, Data: 9C2E6E00CBFF5B0C, Celsius: 46, A: +1.10, rev/s: -0.147,  rev: +8.786
2024/04/15 15:23:54 ID: 241, Data: 9C2E420071FF4F0C, Celsius: 46, A: +0.66, rev/s: -0.397,  rev: +8.753
2024/04/15 15:23:54 ID: 241, Data: 9C2E5C00DEFF420C, Celsius: 46, A: +0.92, rev/s: -0.094,  rev: +8.717
2024/04/15 15:23:55 ID: 241, Data: 9C2E0E0097FF390C, Celsius: 46, A: +0.14, rev/s: -0.292,  rev: +8.692
2024/04/15 15:23:55 ID: 241, Data: 9C2E1400E7FE2C0C, Celsius: 46, A: +0.20, rev/s: -0.781,  rev: +8.656
2024/04/15 15:23:55 ID: 241, Data: 9C2F000090FF220C, Celsius: 47, A: +0.00, rev/s: -0.311,  rev: +8.628
2024/04/15 15:23:55 ID: 241, Data: 9C2F290084FF160C, Celsius: 47, A: +0.41, rev/s: -0.344,  rev: +8.594
2024/04/15 15:23:55 ID: 241, Data: 9C2E4E00A1FF0A0C, Celsius: 46, A: +0.78, rev/s: -0.264,  rev: +8.561
2024/04/15 15:23:55 ID: 241, Data: 9C2E5000B7FF000C, Celsius: 46, A: +0.80, rev/s: -0.203,  rev: +8.533
2024/04/15 15:23:55 ID: 241, Data: 9C2E830086FFF40B, Celsius: 46, A: +1.31, rev/s: -0.339,  rev: +8.500
2024/04/15 15:23:55 ID: 241, Data: 9C2E9000B9FFE90B, Celsius: 46, A: +1.44, rev/s: -0.197,  rev: +8.469
2024/04/15 15:23:55 ID: 241, Data: 9C2E8C00A5FFE00B, Celsius: 46, A: +1.40, rev/s: -0.253,  rev: +8.444
2024/04/15 15:23:56 ID: 241, Data: 9C2E6B006CFFD60B, Celsius: 46, A: +1.07, rev/s: -0.411,  rev: +8.417
2024/04/15 15:23:56 ID: 241, Data: 9C2E4000B0FFCA0B, Celsius: 46, A: +0.64, rev/s: -0.222,  rev: +8.383
2024/04/15 15:23:56 ID: 241, Data: 9C2E0C0072FFC10B, Celsius: 46, A: +0.12, rev/s: -0.394,  rev: +8.358
2024/04/15 15:23:56 ID: 241, Data: 9C2EFBFFF5FFB30B, Celsius: 46, A: -0.05, rev/s: -0.031,  rev: +8.319
2024/04/15 15:23:56 ID: 241, Data: 9C2E0A00DAFFA80B, Celsius: 46, A: +0.10, rev/s: -0.106,  rev: +8.289
2024/04/15 15:23:56 ID: 241, Data: 9C2E55003DFF9B0B, Celsius: 46, A: +0.85, rev/s: -0.542,  rev: +8.253
2024/04/15 15:23:56 ID: 241, Data: 9C2E5100C1FF910B, Celsius: 46, A: +0.81, rev/s: -0.175,  rev: +8.225
2024/04/15 15:23:56 ID: 241, Data: 9C2EA40026FF850B, Celsius: 46, A: +1.64, rev/s: -0.606,  rev: +8.192
2024/04/15 15:23:56 ID: 241, Data: 9C2E9C00B6FF7A0B, Celsius: 46, A: +1.56, rev/s: -0.206,  rev: +8.161
2024/04/15 15:23:56 ID: 241, Data: 9C2E9500C1FF710B, Celsius: 46, A: +1.49, rev/s: -0.175,  rev: +8.136
2024/04/15 15:23:57 ID: 241, Data: 9C2E6D0078FF670B, Celsius: 46, A: +1.09, rev/s: -0.378,  rev: +8.108
2024/04/15 15:23:57 ID: 241, Data: 9C2E56007EFF5B0B, Celsius: 46, A: +0.86, rev/s: -0.361,  rev: +8.075
2024/04/15 15:23:57 ID: 241, Data: 9C2E17009CFF510B, Celsius: 46, A: +0.23, rev/s: -0.278,  rev: +8.047
2024/04/15 15:23:57 ID: 241, Data: 9C2E0C0054FF450B, Celsius: 46, A: +0.12, rev/s: -0.478,  rev: +8.014
2024/04/15 15:23:57 ID: 241, Data: 9C2EFFFF93FF390B, Celsius: 46, A: -0.01, rev/s: -0.303,  rev: +7.981
2024/04/15 15:23:57 ID: 241, Data: 9C2E2F0042FF2C0B, Celsius: 46, A: +0.47, rev/s: -0.528,  rev: +7.944
2024/04/15 15:23:57 ID: 241, Data: 9C2E4C0095FF210B, Celsius: 46, A: +0.76, rev/s: -0.297,  rev: +7.914
2024/04/15 15:23:57 ID: 241, Data: 9C2E5200A8FF180B, Celsius: 46, A: +0.82, rev/s: -0.244,  rev: +7.889
2024/04/15 15:23:57 ID: 241, Data: 9C2E7A0084FF0C0B, Celsius: 46, A: +1.22, rev/s: -0.344,  rev: +7.856
2024/04/15 15:23:57 ID: 241, Data: 9C2E9F00A0FF000B, Celsius: 46, A: +1.59, rev/s: -0.267,  rev: +7.822
2024/04/15 15:23:58 ID: 241, Data: 9C2EA800A5FFF60A, Celsius: 46, A: +1.68, rev/s: -0.253,  rev: +7.794
2024/04/15 15:23:58 ID: 241, Data: 9C2E6A007CFFEE0A, Celsius: 46, A: +1.06, rev/s: -0.367,  rev: +7.772
2024/04/15 15:23:58 ID: 241, Data: 9C2E7100BAFFE00A, Celsius: 46, A: +1.13, rev/s: -0.194,  rev: +7.733
2024/04/15 15:23:58 ID: 241, Data: 9C2E2C00AEFFD80A, Celsius: 46, A: +0.44, rev/s: -0.228,  rev: +7.711
2024/04/15 15:23:58 ID: 241, Data: 9C2E0D008AFFCB0A, Celsius: 46, A: +0.13, rev/s: -0.328,  rev: +7.675
2024/04/15 15:23:58 ID: 241, Data: 9C2E0D00C6FFBF0A, Celsius: 46, A: +0.13, rev/s: -0.161,  rev: +7.642
2024/04/15 15:23:58 ID: 241, Data: 9C2E3D00C2FFB20A, Celsius: 46, A: +0.61, rev/s: -0.172,  rev: +7.606
2024/04/15 15:23:58 ID: 241, Data: 9C2E6F00B9FFA70A, Celsius: 46, A: +1.11, rev/s: -0.197,  rev: +7.575
2024/04/15 15:23:58 ID: 241, Data: 9C2EB40094FF9C0A, Celsius: 46, A: +1.80, rev/s: -0.300,  rev: +7.544
2024/04/15 15:23:58 ID: 241, Data: 9C2EF300C7FF910A, Celsius: 46, A: +2.43, rev/s: -0.158,  rev: +7.514
2024/04/15 15:23:59 ID: 241, Data: 9C2E0801AFFF870A, Celsius: 46, A: +2.64, rev/s: -0.225,  rev: +7.486
2024/04/15 15:23:59 ID: 241, Data: 9C2ED50081FF7F0A, Celsius: 46, A: +2.13, rev/s: -0.353,  rev: +7.464
2024/04/15 15:23:59 ID: 241, Data: 9C2EC3008FFF720A, Celsius: 46, A: +1.95, rev/s: -0.314,  rev: +7.428
2024/04/15 15:23:59 ID: 241, Data: 9C2E7100C6FF690A, Celsius: 46, A: +1.13, rev/s: -0.161,  rev: +7.403
2024/04/15 15:23:59 ID: 241, Data: 9C2E4C004FFF5D0A, Celsius: 46, A: +0.76, rev/s: -0.492,  rev: +7.369
2024/04/15 15:23:59 ID: 241, Data: 9C2EEAFFF6FF530A, Celsius: 46, A: -0.22, rev/s: -0.028,  rev: +7.342
2024/04/15 15:23:59 ID: 241, Data: 9C2E38002FFF430A, Celsius: 46, A: +0.56, rev/s: -0.581,  rev: +7.297
2024/04/15 15:23:59 ID: 241, Data: 9C2E4100CFFF380A, Celsius: 46, A: +0.65, rev/s: -0.136,  rev: +7.267
2024/04/15 15:23:59 ID: 241, Data: 9C2E7F0068FF2E0A, Celsius: 46, A: +1.27, rev/s: -0.422,  rev: +7.239
2024/04/15 15:24:00 ID: 241, Data: 9C2E9200B9FF220A, Celsius: 46, A: +1.46, rev/s: -0.197,  rev: +7.206
2024/04/15 15:24:00 ID: 241, Data: 9C2EAE0083FF190A, Celsius: 46, A: +1.74, rev/s: -0.347,  rev: +7.181
2024/04/15 15:24:00 ID: 241, Data: 9C2EFA0079FF0C0A, Celsius: 46, A: +2.50, rev/s: -0.375,  rev: +7.144
2024/04/15 15:24:00 ID: 241, Data: 9C2EBB0080FF040A, Celsius: 46, A: +1.87, rev/s: -0.356,  rev: +7.122
2024/04/15 15:24:00 ID: 241, Data: 9C2E8100B3FFF909, Celsius: 46, A: +1.29, rev/s: -0.214,  rev: +7.092
2024/04/15 15:24:00 ID: 241, Data: 9C2E5700B1FFEF09, Celsius: 46, A: +0.87, rev/s: -0.219,  rev: +7.064
2024/04/15 15:24:00 ID: 241, Data: 9C2E280072FFE309, Celsius: 46, A: +0.40, rev/s: -0.394,  rev: +7.031
2024/04/15 15:24:00 ID: 241, Data: 9C2EFDFF7AFFD809, Celsius: 46, A: -0.03, rev/s: -0.372,  rev: +7.000
2024/04/15 15:24:00 ID: 241, Data: 9C2E3D006CFFC809, Celsius: 46, A: +0.61, rev/s: -0.411,  rev: +6.956
2024/04/15 15:24:00 ID: 241, Data: 9C2E9400AFFFBE09, Celsius: 46, A: +1.48, rev/s: -0.225,  rev: +6.928
2024/04/15 15:24:01 ID: 241, Data: 9C2EAD0093FFB409, Celsius: 46, A: +1.73, rev/s: -0.303,  rev: +6.900
2024/04/15 15:24:01 ID: 241, Data: 9C2EE600A8FFA809, Celsius: 46, A: +2.30, rev/s: -0.244,  rev: +6.867
2024/04/15 15:24:01 ID: 241, Data: 9C2EFC00B8FF9F09, Celsius: 46, A: +2.52, rev/s: -0.200,  rev: +6.842
2024/04/15 15:24:01 ID: 241, Data: 9C2EC600A0FF9709, Celsius: 46, A: +1.98, rev/s: -0.267,  rev: +6.819
2024/04/15 15:24:01 ID: 241, Data: 9C2EBC00A5FF8A09, Celsius: 46, A: +1.88, rev/s: -0.253,  rev: +6.783
2024/04/15 15:24:01 ID: 241, Data: 9C2E9700B1FF8009, Celsius: 46, A: +1.51, rev/s: -0.219,  rev: +6.756
2024/04/15 15:24:01 ID: 241, Data: 9C2E58005FFF7509, Celsius: 46, A: +0.88, rev/s: -0.447,  rev: +6.725
2024/04/15 15:24:01 ID: 241, Data: 9C2EFCFF17006B09, Celsius: 46, A: -0.04, rev/s: +0.064,  rev: +6.697
2024/04/15 15:24:01 ID: 241, Data: 9C2E1900D1FE5D09, Celsius: 46, A: +0.25, rev/s: -0.842,  rev: +6.658
2024/04/15 15:24:01 ID: 241, Data: 9C2E280090FF5209, Celsius: 46, A: +0.40, rev/s: -0.311,  rev: +6.628
2024/04/15 15:24:02 ID: 241, Data: 9C2E8C004BFF4509, Celsius: 46, A: +1.40, rev/s: -0.503,  rev: +6.592
2024/04/15 15:24:02 ID: 241, Data: 9C2EB400E8FF3A09, Celsius: 46, A: +1.80, rev/s: -0.067,  rev: +6.561
2024/04/15 15:24:02 ID: 241, Data: 9C2EAC00E0FF3109, Celsius: 46, A: +1.72, rev/s: -0.089,  rev: +6.536
2024/04/15 15:24:02 ID: 241, Data: 9C2ECF0071FF2609, Celsius: 46, A: +2.07, rev/s: -0.397,  rev: +6.506
2024/04/15 15:24:02 ID: 241, Data: 9C2EB300BDFF1B09, Celsius: 46, A: +1.79, rev/s: -0.186,  rev: +6.475
2024/04/15 15:24:02 ID: 241, Data: 9C2E8900ABFF1109, Celsius: 46, A: +1.37, rev/s: -0.236,  rev: +6.447
2024/04/15 15:24:02 ID: 241, Data: 9C2E800070FF0609, Celsius: 46, A: +1.28, rev/s: -0.400,  rev: +6.417
2024/04/15 15:24:02 ID: 241, Data: 9C2D4200ACFFFB08, Celsius: 45, A: +0.66, rev/s: -0.233,  rev: +6.386
2024/04/15 15:24:02 ID: 241, Data: 9C2EF6FF78FFF108, Celsius: 46, A: -0.10, rev/s: -0.378,  rev: +6.358
2024/04/15 15:24:02 ID: 241, Data: 9C2EFBFF0F00E308, Celsius: 46, A: -0.05, rev/s: +0.042,  rev: +6.319
2024/04/15 15:24:03 ID: 241, Data: 9C2E2B00A3FFD708, Celsius: 46, A: +0.43, rev/s: -0.258,  rev: +6.286
2024/04/15 15:24:03 ID: 241, Data: 9C2E7E00E0FFC908, Celsius: 46, A: +1.26, rev/s: -0.089,  rev: +6.247
2024/04/15 15:24:03 ID: 241, Data: 9C2E9E00BCFFC108, Celsius: 46, A: +1.58, rev/s: -0.189,  rev: +6.225
2024/04/15 15:24:03 ID: 241, Data: 9C2EF700FAFEB508, Celsius: 46, A: +2.47, rev/s: -0.728,  rev: +6.192
2024/04/15 15:24:03 ID: 241, Data: 9C2E0B01B4FFAA08, Celsius: 46, A: +2.67, rev/s: -0.211,  rev: +6.161
2024/04/15 15:24:03 ID: 241, Data: 9C2ED700D4FFA208, Celsius: 46, A: +2.15, rev/s: -0.122,  rev: +6.139
2024/04/15 15:24:03 ID: 241, Data: 9C2EA9006CFF9708, Celsius: 46, A: +1.69, rev/s: -0.411,  rev: +6.108
2024/04/15 15:24:03 ID: 241, Data: 9C2EA100C9FF8B08, Celsius: 46, A: +1.61, rev/s: -0.153,  rev: +6.075
2024/04/15 15:24:03 ID: 241, Data: 9C2E3900B8FF8208, Celsius: 46, A: +0.57, rev/s: -0.200,  rev: +6.050
2024/04/15 15:24:04 ID: 241, Data: 9C2EFFFF04FF7808, Celsius: 46, A: -0.01, rev/s: -0.700,  rev: +6.022
2024/04/15 15:24:04 ID: 241, Data: 9C2ED9FF03006B08, Celsius: 46, A: -0.39, rev/s: +0.008,  rev: +5.986
2024/04/15 15:24:04 ID: 241, Data: 9C2E5F00B3FF5B08, Celsius: 46, A: +0.95, rev/s: -0.214,  rev: +5.942
2024/04/15 15:24:04 ID: 241, Data: 9C2EA900C1FF5008, Celsius: 46, A: +1.69, rev/s: -0.175,  rev: +5.911
2024/04/15 15:24:04 ID: 241, Data: 9C2EB400A9FF4808, Celsius: 46, A: +1.80, rev/s: -0.242,  rev: +5.889
2024/04/15 15:24:04 ID: 241, Data: 9C2EE90088FF3B08, Celsius: 46, A: +2.33, rev/s: -0.333,  rev: +5.853
2024/04/15 15:24:04 ID: 241, Data: 9C2E1001ACFF3008, Celsius: 46, A: +2.72, rev/s: -0.233,  rev: +5.822
2024/04/15 15:24:04 ID: 241, Data: 9C2EE000C8FF2808, Celsius: 46, A: +2.24, rev/s: -0.156,  rev: +5.800
2024/04/15 15:24:04 ID: 241, Data: 9C2E830071FF1F08, Celsius: 46, A: +1.31, rev/s: -0.397,  rev: +5.775
2024/04/15 15:24:04 ID: 241, Data: 9C2E6F00BDFF1208, Celsius: 46, A: +1.11, rev/s: -0.186,  rev: +5.739
2024/04/15 15:24:05 ID: 241, Data: 9C2E0100A4FF0908, Celsius: 46, A: +0.01, rev/s: -0.256,  rev: +5.714
2024/04/15 15:24:05 ID: 241, Data: 9C2EE2FF93FFFA07, Celsius: 46, A: -0.30, rev/s: -0.303,  rev: +5.672
2024/04/15 15:24:05 ID: 241, Data: 9C2E1000B2FFED07, Celsius: 46, A: +0.16, rev/s: -0.217,  rev: +5.636
2024/04/15 15:24:05 ID: 241, Data: 9C2E4100F3FFE107, Celsius: 46, A: +0.65, rev/s: -0.036,  rev: +5.603
2024/04/15 15:24:05 ID: 241, Data: 9C2E7300B8FFD707, Celsius: 46, A: +1.15, rev/s: -0.200,  rev: +5.575
2024/04/15 15:24:05 ID: 241, Data: 9C2EA90095FFCC07, Celsius: 46, A: +1.69, rev/s: -0.297,  rev: +5.544
2024/04/15 15:24:05 ID: 241, Data: 9C2EAD00BFFFC207, Celsius: 46, A: +1.73, rev/s: -0.181,  rev: +5.517
2024/04/15 15:24:05 ID: 241, Data: 9C2EE40087FFB707, Celsius: 46, A: +2.28, rev/s: -0.336,  rev: +5.486
2024/04/15 15:24:05 ID: 241, Data: 9C2EF4009FFFAD07, Celsius: 46, A: +2.44, rev/s: -0.269,  rev: +5.458
2024/04/15 15:24:05 ID: 241, Data: 9C2E9D0094FFA407, Celsius: 46, A: +1.57, rev/s: -0.300,  rev: +5.433
2024/04/15 15:24:06 ID: 241, Data: 9C2E7E00B4FF9807, Celsius: 46, A: +1.26, rev/s: -0.211,  rev: +5.400
2024/04/15 15:24:06 ID: 241, Data: 9C2E370014FF8E07, Celsius: 46, A: +0.55, rev/s: -0.656,  rev: +5.372
2024/04/15 15:24:06 ID: 241, Data: 9C2EFEFFAFFF8107, Celsius: 46, A: -0.02, rev/s: -0.225,  rev: +5.336
2024/04/15 15:24:06 ID: 241, Data: 9C2E37007BFE7407, Celsius: 46, A: +0.55, rev/s: -1.081,  rev: +5.300
2024/04/15 15:24:06 ID: 241, Data: 9C2E5800CCFF6807, Celsius: 46, A: +0.88, rev/s: -0.144,  rev: +5.267
2024/04/15 15:24:06 ID: 241, Data: 9C2E84006DFF5E07, Celsius: 46, A: +1.32, rev/s: -0.408,  rev: +5.239
2024/04/15 15:24:06 ID: 241, Data: 9C2EA200B5FF5207, Celsius: 46, A: +1.62, rev/s: -0.208,  rev: +5.206
2024/04/15 15:24:06 ID: 241, Data: 9C2EC60097FF4807, Celsius: 46, A: +1.98, rev/s: -0.292,  rev: +5.178
2024/04/15 15:24:06 ID: 241, Data: 9C2EA300B6FF3F07, Celsius: 46, A: +1.63, rev/s: -0.206,  rev: +5.153
2024/04/15 15:24:06 ID: 241, Data: 9C2E8F0047FF3407, Celsius: 46, A: +1.43, rev/s: -0.514,  rev: +5.122
2024/04/15 15:24:07 ID: 241, Data: 9C2E5800D3FF2907, Celsius: 46, A: +0.88, rev/s: -0.125,  rev: +5.092
2024/04/15 15:24:07 ID: 241, Data: 9C2E1700A3FF1F07, Celsius: 46, A: +0.23, rev/s: -0.258,  rev: +5.064
2024/04/15 15:24:07 ID: 241, Data: 9C2E0000DFFF1207, Celsius: 46, A: +0.00, rev/s: -0.092,  rev: +5.028
2024/04/15 15:24:07 ID: 241, Data: 9C2EEBFFA5FF0A07, Celsius: 46, A: -0.21, rev/s: -0.253,  rev: +5.006
2024/04/15 15:24:07 ID: 241, Data: 9C2E190002000607, Celsius: 46, A: +0.25, rev/s: +0.006,  rev: +4.994
