2024/04/17 13:17:14 ID: 241, Data: 9C204C003600F6FF, Celsius: 32, A: +0.76, rev/s: +0.150,  rev: -0.028
2024/04/17 13:17:14 ID: 241, Data: 9C209A0017010400, Celsius: 32, A: +1.54, rev/s: +0.775,  rev: +0.011
2024/04/17 13:17:14 ID: 241, Data: 9C201E0110011D00, Celsius: 32, A: +2.86, rev/s: +0.756,  rev: +0.081
2024/04/17 13:17:14 ID: 241, Data: 9C205100FF004C00, Celsius: 32, A: +0.81, rev/s: +0.708,  rev: +0.211
2024/04/17 13:17:15 ID: 241, Data: 9C20B30126026C00, Celsius: 32, A: +4.35, rev/s: +1.528,  rev: +0.300
2024/04/17 13:17:15 ID: 241, Data: 9C20D000BC06B400, Celsius: 32, A: +2.08, rev/s: +4.789,  rev: +0.500
2024/04/17 13:17:15 ID: 241, Data: 9C2041018001F300, Celsius: 32, A: +3.21, rev/s: +1.067,  rev: +0.675
2024/04/17 13:17:15 ID: 241, Data: 9C204701E3045A01, Celsius: 32, A: +3.27, rev/s: +3.475,  rev: +0.961
2024/04/17 13:17:15 ID: 241, Data: 9C200C01BE049A01, Celsius: 32, A: +2.68, rev/s: +3.372,  rev: +1.139
2024/04/17 13:17:15 ID: 241, Data: 9C209802AF02F101, Celsius: 32, A: +6.64, rev/s: +1.908,  rev: +1.381
2024/04/17 13:17:15 ID: 241, Data: 9C208102E8026802, Celsius: 32, A: +6.41, rev/s: +2.067,  rev: +1.711
2024/04/17 13:17:15 ID: 241, Data: 9C2096023403E302, Celsius: 32, A: +6.62, rev/s: +2.278,  rev: +2.053
2024/04/17 13:17:15 ID: 241, Data: 9C207C02F8026303, Celsius: 32, A: +6.36, rev/s: +2.111,  rev: +2.408
2024/04/17 13:17:15 ID: 241, Data: 9C20DF027D02D603, Celsius: 32, A: +7.35, rev/s: +1.769,  rev: +2.728
2024/04/17 13:17:16 ID: 241, Data: 9C20060332024F04, Celsius: 32, A: +7.74, rev/s: +1.561,  rev: +3.064
2024/04/17 13:17:16 ID: 241, Data: 9C20F802C702C304, Celsius: 32, A: +7.60, rev/s: +1.975,  rev: +3.386
2024/04/17 13:17:16 ID: 241, Data: 9C20880380012905, Celsius: 32, A: +9.04, rev/s: +1.067,  rev: +3.669
2024/04/17 13:17:16 ID: 241, Data: 9C208803BA003C05, Celsius: 32, A: +9.04, rev/s: +0.517,  rev: +3.722
2024/04/17 13:17:16 ID: 241, Data: 9C218F030F003D05, Celsius: 33, A: +9.11, rev/s: +0.042,  rev: +3.725
2024/04/17 13:17:16 ID: 241, Data: 9C218F0309003D05, Celsius: 33, A: +9.11, rev/s: +0.025,  rev: +3.725
2024/04/17 13:17:16 ID: 241, Data: 9C219203F8FF3D05, Celsius: 33, A: +9.14, rev/s: -0.022,  rev: +3.725
2024/04/17 13:17:16 ID: 241, Data: 9C219003FEFF3D05, Celsius: 33, A: +9.12, rev/s: -0.006,  rev: +3.725
2024/04/17 13:17:16 ID: 241, Data: 9C219203EBFF3D05, Celsius: 33, A: +9.14, rev/s: -0.058,  rev: +3.725
2024/04/17 13:17:17 ID: 241, Data: 9C218F030B003D05, Celsius: 33, A: +9.11, rev/s: +0.031,  rev: +3.725
2024/04/17 13:17:17 ID: 241, Data: 9C218F0300003D05, Celsius: 33, A: +9.11, rev/s: +0.000,  rev: +3.725
2024/04/17 13:17:17 ID: 241, Data: 9C228E03FBFF3D05, Celsius: 34, A: +9.10, rev/s: -0.014,  rev: +3.725
2024/04/17 13:17:17 ID: 241, Data: 9C228D03F9FF3D05, Celsius: 34, A: +9.09, rev/s: -0.019,  rev: +3.725
2024/04/17 13:17:17 ID: 241, Data: 9C228A03EEFF3D05, Celsius: 34, A: +9.06, rev/s: -0.050,  rev: +3.725
2024/04/17 13:17:17 ID: 241, Data: 9C228A03FDFF3D05, Celsius: 34, A: +9.06, rev/s: -0.008,  rev: +3.725
2024/04/17 13:17:17 ID: 241, Data: 9C238903FDFF3D05, Celsius: 35, A: +9.05, rev/s: -0.008,  rev: +3.725
2024/04/17 13:17:17 ID: 241, Data: 9C23880303003D05, Celsius: 35, A: +9.04, rev/s: +0.008,  rev: +3.725
2024/04/17 13:17:17 ID: 241, Data: 9C23860301003D05, Celsius: 35, A: +9.02, rev/s: +0.003,  rev: +3.725
2024/04/17 13:17:17 ID: 241, Data: 9C24850316003D05, Celsius: 36, A: +9.01, rev/s: +0.061,  rev: +3.725
2024/04/17 13:17:18 ID: 241, Data: 9C24830309003D05, Celsius: 36, A: +8.99, rev/s: +0.025,  rev: +3.725
2024/04/17 13:17:18 ID: 241, Data: 9C248403FFFF3D05, Celsius: 36, A: +9.00, rev/s: -0.003,  rev: +3.725
2024/04/17 13:17:18 ID: 241, Data: 9C258103FAFF3D05, Celsius: 37, A: +8.97, rev/s: -0.017,  rev: +3.725
2024/04/17 13:17:18 ID: 241, Data: 9C258103F3FF3D05, Celsius: 37, A: +8.97, rev/s: -0.036,  rev: +3.725
2024/04/17 13:17:18 ID: 241, Data: 9C257F0302003D05, Celsius: 37, A: +8.95, rev/s: +0.006,  rev: +3.725
2024/04/17 13:17:18 ID: 241, Data: 9C267F030A003D05, Celsius: 38, A: +8.95, rev/s: +0.028,  rev: +3.725
2024/04/17 13:17:18 ID: 241, Data: 9C267D03F5FF3D05, Celsius: 38, A: +8.93, rev/s: -0.031,  rev: +3.725
2024/04/17 13:17:18 ID: 241, Data: 9C267C030B003D05, Celsius: 38, A: +8.92, rev/s: +0.031,  rev: +3.725
2024/04/17 13:17:18 ID: 241, Data: 9C277C0309003D05, Celsius: 39, A: +8.92, rev/s: +0.025,  rev: +3.725
2024/04/17 13:17:18 ID: 241, Data: 9C277B03FBFF3D05, Celsius: 39, A: +8.91, rev/s: -0.014,  rev: +3.725
2024/04/17 13:17:19 ID: 241, Data: 9C277A031B003D05, Celsius: 39, A: +8.90, rev/s: +0.075,  rev: +3.725
2024/04/17 13:17:19 ID: 241, Data: 9C2878030F003D05, Celsius: 40, A: +8.88, rev/s: +0.042,  rev: +3.725
2024/04/17 13:17:19 ID: 241, Data: 9C29770300003D05, Celsius: 41, A: +8.87, rev/s: +0.000,  rev: +3.725
2024/04/17 13:17:19 ID: 241, Data: 9C29760301003D05, Celsius: 41, A: +8.86, rev/s: +0.003,  rev: +3.725
2024/04/17 13:17:19 ID: 241, Data: 9C297503F4FF3D05, Celsius: 41, A: +8.85, rev/s: -0.033,  rev: +3.725
2024/04/17 13:17:19 ID: 241, Data: 9C2A73030D003D05, Celsius: 42, A: +8.83, rev/s: +0.036,  rev: +3.725
2024/04/17 13:17:19 ID: 241, Data: 9C2A730304003D05, Celsius: 42, A: +8.83, rev/s: +0.011,  rev: +3.725
2024/04/17 13:17:19 ID: 241, Data: 9C2B7303E7FF3D05, Celsius: 43, A: +8.83, rev/s: -0.069,  rev: +3.725
2024/04/17 13:17:19 ID: 241, Data: 9C2B700314003D05, Celsius: 43, A: +8.80, rev/s: +0.056,  rev: +3.725
2024/04/17 13:17:19 ID: 241, Data: 9C2B6F030D003D05, Celsius: 43, A: +8.79, rev/s: +0.036,  rev: +3.725
2024/04/17 13:17:20 ID: 241, Data: 9C2C6E030F003D05, Celsius: 44, A: +8.78, rev/s: +0.042,  rev: +3.725
2024/04/17 13:17:20 ID: 241, Data: 9C2C6E0307003D05, Celsius: 44, A: +8.78, rev/s: +0.019,  rev: +3.725
2024/04/17 13:17:20 ID: 241, Data: 9C2C6D0300003D05, Celsius: 44, A: +8.77, rev/s: +0.000,  rev: +3.725
2024/04/17 13:17:20 ID: 241, Data: 9C2D6B03F9FF3D05, Celsius: 45, A: +8.75, rev/s: -0.019,  rev: +3.725
2024/04/17 13:17:20 ID: 241, Data: 9C2D6C03FAFF3D05, Celsius: 45, A: +8.76, rev/s: -0.017,  rev: +3.725
2024/04/17 13:17:20 ID: 241, Data: 9C2E6B03F0FF3D05, Celsius: 46, A: +8.75, rev/s: -0.044,  rev: +3.725
2024/04/17 13:17:20 ID: 241, Data: 9C2E69031E003D05, Celsius: 46, A: +8.73, rev/s: +0.083,  rev: +3.725
2024/04/17 13:17:20 ID: 241, Data: 9C2F680308003D05, Celsius: 47, A: +8.72, rev/s: +0.022,  rev: +3.725
2024/04/17 13:17:20 ID: 241, Data: 9C2F670315003D05, Celsius: 47, A: +8.71, rev/s: +0.058,  rev: +3.725
2024/04/17 13:17:21 ID: 241, Data: 9C2F6703F9FF3D05, Celsius: 47, A: +8.71, rev/s: -0.019,  rev: +3.725
2024/04/17 13:17:21 ID: 241, Data: 9C306703EEFF3D05, Celsius: 48, A: +8.71, rev/s: -0.050,  rev: +3.725
2024/04/17 13:17:21 ID: 241, Data: 9C30630304003D05, Celsius: 48, A: +8.67, rev/s: +0.011,  rev: +3.725
2024/04/17 13:17:21 ID: 241, Data: 9C3063030E003D05, Celsius: 48, A: +8.67, rev/s: +0.039,  rev: +3.725
2024/04/17 13:17:21 ID: 241, Data: 9C316203F7FF3D05, Celsius: 49, A: +8.66, rev/s: -0.025,  rev: +3.725
2024/04/17 13:17:21 ID: 241, Data: 9C31620312003D05, Celsius: 49, A: +8.66, rev/s: +0.050,  rev: +3.725
2024/04/17 13:17:21 ID: 241, Data: 9C325F0306003D05, Celsius: 50, A: +8.63, rev/s: +0.017,  rev: +3.725
2024/04/17 13:17:21 ID: 241, Data: 9C326203EFFF3D05, Celsius: 50, A: +8.66, rev/s: -0.047,  rev: +3.725
2024/04/17 13:17:21 ID: 241, Data: 9C326003F3FF3D05, Celsius: 50, A: +8.64, rev/s: -0.036,  rev: +3.725
2024/04/17 13:17:21 ID: 241, Data: 9C335F0304003D05, Celsius: 51, A: +8.63, rev/s: +0.011,  rev: +3.725
2024/04/17 13:17:22 ID: 241, Data: 9C335F0307003D05, Celsius: 51, A: +8.63, rev/s: +0.019,  rev: +3.725
2024/04/17 13:17:22 ID: 241, Data: 9C335D0304003D05, Celsius: 51, A: +8.61, rev/s: +0.011,  rev: +3.725
2024/04/17 13:17:22 ID: 241, Data: 9C345D03FBFF3D05, Celsius: 52, A: +8.61, rev/s: -0.014,  rev: +3.725
2024/04/17 13:17:22 ID: 241, Data: 9C345A0308003D05, Celsius: 52, A: +8.58, rev/s: +0.022,  rev: +3.725
2024/04/17 13:17:22 ID: 241, Data: 9C345A03F6FF3D05, Celsius: 52, A: +8.58, rev/s: -0.028,  rev: +3.725
2024/04/17 13:17:22 ID: 241, Data: 9C355A03FDFF3D05, Celsius: 53, A: +8.58, rev/s: -0.008,  rev: +3.725
2024/04/17 13:17:22 ID: 241, Data: 9C36580308003D05, Celsius: 54, A: +8.56, rev/s: +0.022,  rev: +3.725
2024/04/17 13:17:22 ID: 241, Data: 9C36580312003D05, Celsius: 54, A: +8.56, rev/s: +0.050,  rev: +3.725
2024/04/17 13:17:22 ID: 241, Data: 9C365903E8FF3D05, Celsius: 54, A: +8.57, rev/s: -0.067,  rev: +3.725
2024/04/17 13:17:22 ID: 241, Data: 9C36560304003D05, Celsius: 54, A: +8.54, rev/s: +0.011,  rev: +3.725
2024/04/17 13:17:23 ID: 241, Data: 9C365703D8FF3D05, Celsius: 54, A: +8.55, rev/s: -0.111,  rev: +3.725
2024/04/17 13:17:23 ID: 241, Data: 9C3755030B003D05, Celsius: 55, A: +8.53, rev/s: +0.031,  rev: +3.725
2024/04/17 13:17:23 ID: 241, Data: 9C37540306003D05, Celsius: 55, A: +8.52, rev/s: +0.017,  rev: +3.725
2024/04/17 13:17:23 ID: 241, Data: 9C385503FBFF3D05, Celsius: 56, A: +8.53, rev/s: -0.014,  rev: +3.725
2024/04/17 13:17:23 ID: 241, Data: 9C385303FAFF3D05, Celsius: 56, A: +8.51, rev/s: -0.017,  rev: +3.725
2024/04/17 13:17:23 ID: 241, Data: 9C385203F8FF3D05, Celsius: 56, A: +8.50, rev/s: -0.022,  rev: +3.725
2024/04/17 13:17:23 ID: 241, Data: 9C395203FEFF3D05, Celsius: 57, A: +8.50, rev/s: -0.006,  rev: +3.725
2024/04/17 13:17:23 ID: 241, Data: 9C395003F5FF3D05, Celsius: 57, A: +8.48, rev/s: -0.031,  rev: +3.725
2024/04/17 13:17:23 ID: 241, Data: 9C3950030E003D05, Celsius: 57, A: +8.48, rev/s: +0.039,  rev: +3.725
2024/04/17 13:17:23 ID: 241, Data: 9C3A560305003E05, Celsius: 58, A: +8.54, rev/s: +0.014,  rev: +3.728
2024/04/17 13:17:24 ID: 241, Data: 9C3AFC022F025105, Celsius: 58, A: +7.64, rev/s: +1.553,  rev: +3.781
2024/04/17 13:17:24 ID: 241, Data: 9C3ABE02D101B005, Celsius: 58, A: +7.02, rev/s: +1.292,  rev: +4.044
2024/04/17 13:17:24 ID: 241, Data: 9C3BF902CF011906, Celsius: 59, A: +7.61, rev/s: +1.286,  rev: +4.336
2024/04/17 13:17:24 ID: 241, Data: 9C3BBF028B013A06, Celsius: 59, A: +7.03, rev/s: +1.097,  rev: +4.428
2024/04/17 13:17:24 ID: 241, Data: 9C3B7502C0028006, Celsius: 59, A: +6.29, rev/s: +1.956,  rev: +4.622
2024/04/17 13:17:24 ID: 241, Data: 9C3B3D031B02AC06, Celsius: 59, A: +8.29, rev/s: +1.497,  rev: +4.744
2024/04/17 13:17:24 ID: 241, Data: 9C3C17021804F606, Celsius: 60, A: +5.35, rev/s: +2.911,  rev: +4.950
2024/04/17 13:17:24 ID: 241, Data: 9C3C8C02EE023507, Celsius: 60, A: +6.52, rev/s: +2.083,  rev: +5.125
2024/04/17 13:17:24 ID: 241, Data: 9C3C4D0361019707, Celsius: 60, A: +8.45, rev/s: +0.981,  rev: +5.397
2024/04/17 13:17:25 ID: 241, Data: 9C3C04026003F407, Celsius: 60, A: +5.16, rev/s: +2.400,  rev: +5.656
2024/04/17 13:17:25 ID: 241, Data: 9C3CE100DC064808, Celsius: 60, A: +2.25, rev/s: +4.878,  rev: +5.889
2024/04/17 13:17:25 ID: 241, Data: 9C3CD5023C028B08, Celsius: 60, A: +7.25, rev/s: +1.589,  rev: +6.075
2024/04/17 13:17:25 ID: 241, Data: 9C3DA702D001E808, Celsius: 61, A: +6.79, rev/s: +1.289,  rev: +6.333
2024/04/17 13:17:25 ID: 241, Data: 9C3DEC00A2064C09, Celsius: 61, A: +2.36, rev/s: +4.717,  rev: +6.611
2024/04/17 13:17:25 ID: 241, Data: 9C3D83007B07B109, Celsius: 61, A: +1.31, rev/s: +5.319,  rev: +6.892
2024/04/17 13:17:25 ID: 241, Data: 9C3D3E029103060A, Celsius: 61, A: +5.74, rev/s: +2.536,  rev: +7.128
2024/04/17 13:17:25 ID: 241, Data: 9C3DE9021902620A, Celsius: 61, A: +7.45, rev/s: +1.492,  rev: +7.383
2024/04/17 13:17:25 ID: 241, Data: 9C3E9202E902C10A, Celsius: 62, A: +6.58, rev/s: +2.069,  rev: +7.647
2024/04/17 13:17:25 ID: 241, Data: 9C3EBA00D406160B, Celsius: 62, A: +1.86, rev/s: +4.856,  rev: +7.883
2024/04/17 13:17:26 ID: 241, Data: 9C3E3D022603660B, Celsius: 62, A: +5.73, rev/s: +2.239,  rev: +8.106
2024/04/17 13:17:26 ID: 241, Data: 9C3D68022302D10B, Celsius: 61, A: +6.16, rev/s: +1.519,  rev: +8.403
2024/04/17 13:17:26 ID: 241, Data: 9C3DB402E601390C, Celsius: 61, A: +6.92, rev/s: +1.350,  rev: +8.692
2024/04/17 13:17:26 ID: 241, Data: 9C3E7F011F05970C, Celsius: 62, A: +3.83, rev/s: +3.642,  rev: +8.953
2024/04/17 13:17:26 ID: 241, Data: 9C3ED102A502CC0C, Celsius: 62, A: +7.21, rev/s: +1.881,  rev: +9.100
2024/04/17 13:17:26 ID: 241, Data: 9C3E6C0250022D0D, Celsius: 62, A: +6.20, rev/s: +1.644,  rev: +9.369
2024/04/17 13:17:26 ID: 241, Data: 9C3E7B022403920D, Celsius: 62, A: +6.35, rev/s: +2.233,  rev: +9.650
2024/04/17 13:17:26 ID: 241, Data: 9C3E96004707ED0D, Celsius: 62, A: +1.50, rev/s: +5.175,  rev: +9.903
2024/04/17 13:17:26 ID: 241, Data: 9C3D4D02AB03410E, Celsius: 61, A: +5.89, rev/s: +2.608,  rev: +10.136
2024/04/17 13:17:26 ID: 241, Data: 9C3E69026502A10E, Celsius: 62, A: +6.17, rev/s: +1.703,  rev: +10.403
2024/04/17 13:17:27 ID: 241, Data: 9C3EF102D7010A0F, Celsius: 62, A: +7.53, rev/s: +1.308,  rev: +10.694
2024/04/17 13:17:27 ID: 241, Data: 9C3ECC01FB03630F, Celsius: 62, A: +4.60, rev/s: +2.831,  rev: +10.942
2024/04/17 13:17:27 ID: 241, Data: 9C3E8402A5029B0F, Celsius: 62, A: +6.44, rev/s: +1.881,  rev: +11.097
2024/04/17 13:17:27 ID: 241, Data: 9C3EE1020C020010, Celsius: 62, A: +7.37, rev/s: +1.456,  rev: +11.378
2024/04/17 13:17:27 ID: 241, Data: 9C3E510155053910, Celsius: 62, A: +3.37, rev/s: +3.792,  rev: +11.536
2024/04/17 13:17:27 ID: 241, Data: 9C3E6A0371006010, Celsius: 62, A: +8.74, rev/s: +0.314,  rev: +11.644
2024/04/17 13:17:27 ID: 241, Data: 9C3E910300006710, Celsius: 62, A: +9.13, rev/s: +0.000,  rev: +11.664
2024/04/17 13:17:27 ID: 241, Data: 9C3E8E0312006710, Celsius: 62, A: +9.10, rev/s: +0.050,  rev: +11.664
2024/04/17 13:17:27 ID: 241, Data: 9C3E8C03F9FF6710, Celsius: 62, A: +9.08, rev/s: -0.019,  rev: +11.664
2024/04/17 13:17:27 ID: 241, Data: 9C3E89030A006710, Celsius: 62, A: +9.05, rev/s: +0.028,  rev: +11.664
2024/04/17 13:17:28 ID: 241, Data: 9C3E8903F6FF6710, Celsius: 62, A: +9.05, rev/s: -0.028,  rev: +11.664
2024/04/17 13:17:28 ID: 241, Data: 9C3E8A0313006710, Celsius: 62, A: +9.06, rev/s: +0.053,  rev: +11.664
2024/04/17 13:17:28 ID: 241, Data: 9C3E870309006710, Celsius: 62, A: +9.03, rev/s: +0.025,  rev: +11.664
2024/04/17 13:17:28 ID: 241, Data: 9C3E860306006710, Celsius: 62, A: +9.02, rev/s: +0.017,  rev: +11.664
2024/04/17 13:17:28 ID: 241, Data: 9C3E8603F3FF6710, Celsius: 62, A: +9.02, rev/s: -0.036,  rev: +11.664
2024/04/17 13:17:28 ID: 241, Data: 9C3F8703F2FF6710, Celsius: 63, A: +9.03, rev/s: -0.039,  rev: +11.664
2024/04/17 13:17:28 ID: 241, Data: 9C3F82030E006710, Celsius: 63, A: +8.98, rev/s: +0.039,  rev: +11.664
2024/04/17 13:17:28 ID: 241, Data: 9C3F8103FAFF6710, Celsius: 63, A: +8.97, rev/s: -0.017,  rev: +11.664
2024/04/17 13:17:28 ID: 241, Data: 9C3F800314006710, Celsius: 63, A: +8.96, rev/s: +0.056,  rev: +11.664
2024/04/17 13:17:29 ID: 241, Data: 9C3F810303006710, Celsius: 63, A: +8.97, rev/s: +0.008,  rev: +11.664
2024/04/17 13:17:29 ID: 241, Data: 9C407E03F8FF6710, Celsius: 64, A: +8.94, rev/s: -0.022,  rev: +11.664
2024/04/17 13:17:29 ID: 241, Data: 9C407D030E006710, Celsius: 64, A: +8.93, rev/s: +0.039,  rev: +11.664
2024/04/17 13:17:29 ID: 241, Data: 9C407C03F5FF6710, Celsius: 64, A: +8.92, rev/s: -0.031,  rev: +11.664
2024/04/17 13:17:29 ID: 241, Data: 9C407A03FAFF6710, Celsius: 64, A: +8.90, rev/s: -0.017,  rev: +11.664
2024/04/17 13:17:29 ID: 241, Data: 9C417C03E8FF6710, Celsius: 65, A: +8.92, rev/s: -0.067,  rev: +11.664
2024/04/17 13:17:29 ID: 241, Data: 9C407A03F5FF6710, Celsius: 64, A: +8.90, rev/s: -0.031,  rev: +11.664
2024/04/17 13:17:29 ID: 241, Data: 9C417A0310006710, Celsius: 65, A: +8.90, rev/s: +0.044,  rev: +11.664
2024/04/17 13:17:29 ID: 241, Data: 9C417803EFFF6710, Celsius: 65, A: +8.88, rev/s: -0.047,  rev: +11.664
2024/04/17 13:17:29 ID: 241, Data: 9C41780309006710, Celsius: 65, A: +8.88, rev/s: +0.025,  rev: +11.664
2024/04/17 13:17:30 ID: 241, Data: 9C4276031B006710, Celsius: 66, A: +8.86, rev/s: +0.075,  rev: +11.664
2024/04/17 13:17:30 ID: 241, Data: 9C4274031A006710, Celsius: 66, A: +8.84, rev/s: +0.072,  rev: +11.664
2024/04/17 13:17:30 ID: 241, Data: 9C4276030A006710, Celsius: 66, A: +8.86, rev/s: +0.028,  rev: +11.664
2024/04/17 13:17:30 ID: 241, Data: 9C4274030E006710, Celsius: 66, A: +8.84, rev/s: +0.039,  rev: +11.664
2024/04/17 13:17:30 ID: 241, Data: 9C427503FDFF6710, Celsius: 66, A: +8.85, rev/s: -0.008,  rev: +11.664
2024/04/17 13:17:30 ID: 241, Data: 9C43730300006710, Celsius: 67, A: +8.83, rev/s: +0.000,  rev: +11.664
2024/04/17 13:17:30 ID: 241, Data: 9C437303FBFF6710, Celsius: 67, A: +8.83, rev/s: -0.014,  rev: +11.664
2024/04/17 13:17:30 ID: 241, Data: 9C43700320006710, Celsius: 67, A: +8.80, rev/s: +0.089,  rev: +11.664
2024/04/17 13:17:30 ID: 241, Data: 9C446E0318006710, Celsius: 68, A: +8.78, rev/s: +0.067,  rev: +11.664
2024/04/17 13:17:30 ID: 241, Data: 9C447303E8FF6710, Celsius: 68, A: +8.83, rev/s: -0.067,  rev: +11.664
2024/04/17 13:17:31 ID: 241, Data: 9C446F03E3FF6710, Celsius: 68, A: +8.79, rev/s: -0.081,  rev: +11.664
2024/04/17 13:17:31 ID: 241, Data: 9C446D0313006710, Celsius: 68, A: +8.77, rev/s: +0.053,  rev: +11.664
2024/04/17 13:17:31 ID: 241, Data: 9C456D03EFFF6710, Celsius: 69, A: +8.77, rev/s: -0.047,  rev: +11.664
2024/04/17 13:17:31 ID: 241, Data: 9C456E03DEFF6710, Celsius: 69, A: +8.78, rev/s: -0.094,  rev: +11.664
2024/04/17 13:17:31 ID: 241, Data: 9C456D03EAFF6710, Celsius: 69, A: +8.77, rev/s: -0.061,  rev: +11.664
2024/04/17 13:17:31 ID: 241, Data: 9C456B0303006710, Celsius: 69, A: +8.75, rev/s: +0.008,  rev: +11.664
2024/04/17 13:17:31 ID: 241, Data: 9C456A03E8FF6710, Celsius: 69, A: +8.74, rev/s: -0.067,  rev: +11.664
2024/04/17 13:17:31 ID: 241, Data: 9C466A03F3FF6710, Celsius: 70, A: +8.74, rev/s: -0.036,  rev: +11.664
2024/04/17 13:17:31 ID: 241, Data: 9C466A03EAFF6710, Celsius: 70, A: +8.74, rev/s: -0.061,  rev: +11.664
2024/04/17 13:17:31 ID: 241, Data: 9C46860360006D10, Celsius: 70, A: +9.02, rev/s: +0.267,  rev: +11.681
2024/04/17 13:17:32 ID: 241, Data: 9C464B0315007410, Celsius: 70, A: +8.43, rev/s: +0.058,  rev: +11.700
2024/04/17 13:17:32 ID: 241, Data: 9C4728034E007D10, Celsius: 71, A: +8.08, rev/s: +0.217,  rev: +11.725
2024/04/17 13:17:32 ID: 241, Data: 9C47DC0221029210, Celsius: 71, A: +7.32, rev/s: +1.514,  rev: +11.783
2024/04/17 13:17:32 ID: 241, Data: 9C47C6026C02EE10, Celsius: 71, A: +7.10, rev/s: +1.722,  rev: +12.039
2024/04/17 13:17:32 ID: 241, Data: 9C47BB0248025711, Celsius: 71, A: +6.99, rev/s: +1.622,  rev: +12.331
2024/04/17 13:17:32 ID: 241, Data: 9C470E0334017F11, Celsius: 71, A: +7.82, rev/s: +0.856,  rev: +12.442
2024/04/17 13:17:32 ID: 241, Data: 9C47C602D701DE11, Celsius: 71, A: +7.10, rev/s: +1.308,  rev: +12.706
2024/04/17 13:17:32 ID: 241, Data: 9C480F011A062912, Celsius: 72, A: +2.71, rev/s: +4.339,  rev: +12.914
2024/04/17 13:17:32 ID: 241, Data: 9C48B1028A016512, Celsius: 72, A: +6.89, rev/s: +1.094,  rev: +13.081
2024/04/17 13:17:33 ID: 241, Data: 9C48B3022102B812, Celsius: 72, A: +6.91, rev/s: +1.514,  rev: +13.311
2024/04/17 13:17:33 ID: 241, Data: 9C48B602DD02ED12, Celsius: 72, A: +6.94, rev/s: +2.036,  rev: +13.458
2024/04/17 13:17:33 ID: 241, Data: 9C488A025B024E13, Celsius: 72, A: +6.50, rev/s: +1.675,  rev: +13.728
2024/04/17 13:17:33 ID: 241, Data: 9C4973023A03B713, Celsius: 73, A: +6.27, rev/s: +2.294,  rev: +14.019
2024/04/17 13:17:33 ID: 241, Data: 9C49CFFFCEFF0A14, Celsius: 73, A: -0.49, rev/s: -0.139,  rev: +14.250
2024/04/17 13:17:33 ID: 241, Data: 9C490F007700B913, Celsius: 73, A: +0.15, rev/s: +0.331,  rev: +14.025
2024/04/17 13:17:33 ID: 241, Data: 9C491300AAFFB313, Celsius: 73, A: +0.19, rev/s: -0.239,  rev: +14.008
2024/04/17 13:17:33 ID: 241, Data: 9C498E013300A713, Celsius: 73, A: +3.98, rev/s: +0.142,  rev: +13.975
2024/04/17 13:17:33 ID: 241, Data: 9C4A05013800B513, Celsius: 74, A: +2.61, rev/s: +0.156,  rev: +14.014
2024/04/17 13:17:33 ID: 241, Data: 9C497600A1FFB613, Celsius: 73, A: +1.18, rev/s: -0.264,  rev: +14.017
