2024/04/17 13:19:04 ID: 241, Data: 9C283D00BAFFAD13, Celsius: 40, A: +0.61, rev/s: -0.194,  rev: +13.992
2024/04/17 13:19:04 ID: 241, Data: 9C2719009CFFA013, Celsius: 39, A: +0.25, rev/s: -0.278,  rev: +13.956
2024/04/17 13:19:04 ID: 241, Data: 9C28E9FF41FF9613, Celsius: 40, A: -0.23, rev/s: -0.531,  rev: +13.928
2024/04/17 13:19:04 ID: 241, Data: 9C27E2FFD0FF8A13, Celsius: 39, A: -0.30, rev/s: -0.133,  rev: +13.894
2024/04/17 13:19:04 ID: 241, Data: 9C270700A4FF7D13, Celsius: 39, A: +0.07, rev/s: -0.256,  rev: +13.858
2024/04/17 13:19:04 ID: 241, Data: 9C271D00A3FF7113, Celsius: 39, A: +0.29, rev/s: -0.258,  rev: +13.825
2024/04/17 13:19:04 ID: 241, Data: 9C283A00ACFF6613, Celsius: 40, A: +0.58, rev/s: -0.233,  rev: +13.794
2024/04/17 13:19:04 ID: 241, Data: 9C275A009FFF5B13, Celsius: 39, A: +0.90, rev/s: -0.269,  rev: +13.764
2024/04/17 13:19:04 ID: 241, Data: 9C285500A3FF5113, Celsius: 40, A: +0.85, rev/s: -0.258,  rev: +13.736
2024/04/17 13:19:05 ID: 241, Data: 9C27550070FF4713, Celsius: 39, A: +0.85, rev/s: -0.400,  rev: +13.708
2024/04/17 13:19:05 ID: 241, Data: 9C285100A7FF3B13, Celsius: 40, A: +0.81, rev/s: -0.247,  rev: +13.675
2024/04/17 13:19:05 ID: 241, Data: 9C281000AFFF3213, Celsius: 40, A: +0.16, rev/s: -0.225,  rev: +13.650
2024/04/17 13:19:05 ID: 241, Data: 9C2813007FFF2513, Celsius: 40, A: +0.19, rev/s: -0.358,  rev: +13.614
2024/04/17 13:19:05 ID: 241, Data: 9C27090055FF1913, Celsius: 39, A: +0.09, rev/s: -0.475,  rev: +13.581
2024/04/17 13:19:05 ID: 241, Data: 9C28DDFF63FF1113, Celsius: 40, A: -0.35, rev/s: -0.436,  rev: +13.558
2024/04/17 13:19:05 ID: 241, Data: 9C280A0083FF0313, Celsius: 40, A: +0.10, rev/s: -0.347,  rev: +13.519
2024/04/17 13:19:05 ID: 241, Data: 9C27100099FFF812, Celsius: 39, A: +0.16, rev/s: -0.286,  rev: +13.489
2024/04/17 13:19:05 ID: 241, Data: 9C2711007DFFEE12, Celsius: 39, A: +0.17, rev/s: -0.364,  rev: +13.461
2024/04/17 13:19:05 ID: 241, Data: 9C272A00A4FFE212, Celsius: 39, A: +0.42, rev/s: -0.256,  rev: +13.428
2024/04/17 13:19:06 ID: 241, Data: 9C2836008FFFD712, Celsius: 40, A: +0.54, rev/s: -0.314,  rev: +13.397
2024/04/17 13:19:06 ID: 241, Data: 9C277A007AFFCA12, Celsius: 39, A: +1.22, rev/s: -0.372,  rev: +13.361
2024/04/17 13:19:06 ID: 241, Data: 9C27BC0096FFBF12, Celsius: 39, A: +1.88, rev/s: -0.294,  rev: +13.331
2024/04/17 13:19:06 ID: 241, Data: 9C289B00CBFFB712, Celsius: 40, A: +1.55, rev/s: -0.147,  rev: +13.308
2024/04/17 13:19:06 ID: 241, Data: 9C28700090FFAD12, Celsius: 40, A: +1.12, rev/s: -0.311,  rev: +13.281
2024/04/17 13:19:06 ID: 241, Data: 9C280600FDFFA312, Celsius: 40, A: +0.06, rev/s: -0.008,  rev: +13.253
2024/04/17 13:19:06 ID: 241, Data: 9C28F9FF60FF9612, Celsius: 40, A: -0.07, rev/s: -0.444,  rev: +13.217
2024/04/17 13:19:06 ID: 241, Data: 9C272500B5FF8912, Celsius: 39, A: +0.37, rev/s: -0.208,  rev: +13.181
2024/04/17 13:19:06 ID: 241, Data: 9C277E007FFF7C12, Celsius: 39, A: +1.26, rev/s: -0.358,  rev: +13.144
2024/04/17 13:19:06 ID: 241, Data: 9C28C60088FF7112, Celsius: 40, A: +1.98, rev/s: -0.333,  rev: +13.114
2024/04/17 13:19:07 ID: 241, Data: 9C27450196FF6512, Celsius: 39, A: +3.25, rev/s: -0.294,  rev: +13.081
2024/04/17 13:19:07 ID: 241, Data: 9C270D01CFFF5F12, Celsius: 39, A: +2.69, rev/s: -0.136,  rev: +13.064
2024/04/17 13:19:07 ID: 241, Data: 9C27E0005DFF5512, Celsius: 39, A: +2.24, rev/s: -0.453,  rev: +13.036
2024/04/17 13:19:07 ID: 241, Data: 9C272201AAFF4712, Celsius: 39, A: +2.90, rev/s: -0.239,  rev: +12.997
2024/04/17 13:19:07 ID: 241, Data: 9C27A200C7FF4012, Celsius: 39, A: +1.62, rev/s: -0.158,  rev: +12.978
2024/04/17 13:19:07 ID: 241, Data: 9C278D0073FF3212, Celsius: 39, A: +1.41, rev/s: -0.392,  rev: +12.939
2024/04/17 13:19:07 ID: 241, Data: 9C27FDFFF7FF2A12, Celsius: 39, A: -0.03, rev/s: -0.025,  rev: +12.917
2024/04/17 13:19:07 ID: 241, Data: 9C27250099FF1A12, Celsius: 39, A: +0.37, rev/s: -0.286,  rev: +12.872
2024/04/17 13:19:07 ID: 241, Data: 9C28750056FF0E12, Celsius: 40, A: +1.17, rev/s: -0.472,  rev: +12.839
2024/04/17 13:19:07 ID: 241, Data: 9C27050176FF0012, Celsius: 39, A: +2.61, rev/s: -0.383,  rev: +12.800
2024/04/17 13:19:08 ID: 241, Data: 9C271001CDFFF911, Celsius: 39, A: +2.72, rev/s: -0.142,  rev: +12.781
2024/04/17 13:19:08 ID: 241, Data: 9C270C015BFFEF11, Celsius: 39, A: +2.68, rev/s: -0.458,  rev: +12.753
2024/04/17 13:19:08 ID: 241, Data: 9C285A01BCFFE211, Celsius: 40, A: +3.46, rev/s: -0.189,  rev: +12.717
2024/04/17 13:19:08 ID: 241, Data: 9C282301A0FFDB11, Celsius: 40, A: +2.91, rev/s: -0.267,  rev: +12.697
2024/04/17 13:19:08 ID: 241, Data: 9C28F200AEFFD011, Celsius: 40, A: +2.42, rev/s: -0.228,  rev: +12.667
2024/04/17 13:19:08 ID: 241, Data: 9C27D100B3FFC511, Celsius: 39, A: +2.09, rev/s: -0.214,  rev: +12.636
2024/04/17 13:19:08 ID: 241, Data: 9C28600096FFBA11, Celsius: 40, A: +0.96, rev/s: -0.294,  rev: +12.606
2024/04/17 13:19:08 ID: 241, Data: 9C2811006FFFB011, Celsius: 40, A: +0.17, rev/s: -0.403,  rev: +12.578
2024/04/17 13:19:08 ID: 241, Data: 9C283F00A2FF9F11, Celsius: 40, A: +0.63, rev/s: -0.261,  rev: +12.531
2024/04/17 13:19:09 ID: 241, Data: 9C289500B1FF9311, Celsius: 40, A: +1.49, rev/s: -0.219,  rev: +12.497
2024/04/17 13:19:09 ID: 241, Data: 9C27050193FF8711, Celsius: 39, A: +2.61, rev/s: -0.303,  rev: +12.464
2024/04/17 13:19:09 ID: 241, Data: 9C285C019EFF7D11, Celsius: 40, A: +3.48, rev/s: -0.272,  rev: +12.436
2024/04/17 13:19:09 ID: 241, Data: 9C28BC018BFF7211, Celsius: 40, A: +4.44, rev/s: -0.325,  rev: +12.406
2024/04/17 13:19:09 ID: 241, Data: 9C28E401C8FF6911, Celsius: 40, A: +4.84, rev/s: -0.156,  rev: +12.381
2024/04/17 13:19:09 ID: 241, Data: 9C286E01A3FF6311, Celsius: 40, A: +3.66, rev/s: -0.258,  rev: +12.364
2024/04/17 13:19:09 ID: 241, Data: 9C28530132FF5511, Celsius: 40, A: +3.39, rev/s: -0.572,  rev: +12.325
2024/04/17 13:19:09 ID: 241, Data: 9C28F100DBFF4C11, Celsius: 40, A: +2.41, rev/s: -0.103,  rev: +12.300
2024/04/17 13:19:09 ID: 241, Data: 9C287A0071FF4111, Celsius: 40, A: +1.22, rev/s: -0.397,  rev: +12.269
2024/04/17 13:19:09 ID: 241, Data: 9C2852002AFF3411, Celsius: 40, A: +0.82, rev/s: -0.594,  rev: +12.233
2024/04/17 13:19:10 ID: 241, Data: 9C287C000CFF2511, Celsius: 40, A: +1.24, rev/s: -0.678,  rev: +12.192
2024/04/17 13:19:10 ID: 241, Data: 9C288A00B1FF1A11, Celsius: 40, A: +1.38, rev/s: -0.219,  rev: +12.161
2024/04/17 13:19:10 ID: 241, Data: 9C281C0141FF0C11, Celsius: 40, A: +2.84, rev/s: -0.531,  rev: +12.122
2024/04/17 13:19:10 ID: 241, Data: 9C285301D3FF0311, Celsius: 40, A: +3.39, rev/s: -0.125,  rev: +12.097
2024/04/17 13:19:10 ID: 241, Data: 9C28580198FFFA10, Celsius: 40, A: +3.44, rev/s: -0.289,  rev: +12.072
2024/04/17 13:19:10 ID: 241, Data: 9C2899016DFFEE10, Celsius: 40, A: +4.09, rev/s: -0.408,  rev: +12.039
2024/04/17 13:19:10 ID: 241, Data: 9C283F01BDFFE710, Celsius: 40, A: +3.19, rev/s: -0.186,  rev: +12.019
2024/04/17 13:19:10 ID: 241, Data: 9C28110151FFDB10, Celsius: 40, A: +2.73, rev/s: -0.486,  rev: +11.986
2024/04/17 13:19:10 ID: 241, Data: 9C28F600ADFFD010, Celsius: 40, A: +2.46, rev/s: -0.231,  rev: +11.956
2024/04/17 13:19:10 ID: 241, Data: 9C287B004BFFC710, Celsius: 40, A: +1.23, rev/s: -0.503,  rev: +11.931
2024/04/17 13:19:11 ID: 241, Data: 9C280E00A6FFB910, Celsius: 40, A: +0.14, rev/s: -0.250,  rev: +11.892
2024/04/17 13:19:11 ID: 241, Data: 9C284700C2FFAA10, Celsius: 40, A: +0.71, rev/s: -0.172,  rev: +11.850
2024/04/17 13:19:11 ID: 241, Data: 9C28D0008AFF9E10, Celsius: 40, A: +2.08, rev/s: -0.328,  rev: +11.817
2024/04/17 13:19:11 ID: 241, Data: 9C287501C5FF9210, Celsius: 40, A: +3.73, rev/s: -0.164,  rev: +11.783
2024/04/17 13:19:11 ID: 241, Data: 9C288D01D4FF8A10, Celsius: 40, A: +3.97, rev/s: -0.122,  rev: +11.761
2024/04/17 13:19:11 ID: 241, Data: 9C288B0193FF8010, Celsius: 40, A: +3.95, rev/s: -0.303,  rev: +11.733
2024/04/17 13:19:11 ID: 241, Data: 9C28D901B8FF7410, Celsius: 40, A: +4.73, rev/s: -0.200,  rev: +11.700
2024/04/17 13:19:11 ID: 241, Data: 9C289601D7FF6D10, Celsius: 40, A: +4.06, rev/s: -0.114,  rev: +11.681
2024/04/17 13:19:11 ID: 241, Data: 9C28F50068FF6410, Celsius: 40, A: +2.45, rev/s: -0.422,  rev: +11.656
2024/04/17 13:19:11 ID: 241, Data: 9C28D70074FF5610, Celsius: 40, A: +2.15, rev/s: -0.389,  rev: +11.617
2024/04/17 13:19:12 ID: 241, Data: 9C28840086FF4C10, Celsius: 40, A: +1.32, rev/s: -0.339,  rev: +11.589
2024/04/17 13:19:12 ID: 241, Data: 9C280900D0FF4210, Celsius: 40, A: +0.09, rev/s: -0.133,  rev: +11.561
2024/04/17 13:19:12 ID: 241, Data: 9C282D009CFF3210, Celsius: 40, A: +0.45, rev/s: -0.278,  rev: +11.517
2024/04/17 13:19:12 ID: 241, Data: 9C2863006DFF2610, Celsius: 40, A: +0.99, rev/s: -0.408,  rev: +11.483
2024/04/17 13:19:12 ID: 241, Data: 9C2981008FFF1B10, Celsius: 41, A: +1.29, rev/s: -0.314,  rev: +11.453
2024/04/17 13:19:12 ID: 241, Data: 9C286E00BBFF1110, Celsius: 40, A: +1.10, rev/s: -0.192,  rev: +11.425
2024/04/17 13:19:12 ID: 241, Data: 9C296C009BFF0710, Celsius: 41, A: +1.08, rev/s: -0.281,  rev: +11.397
2024/04/17 13:19:12 ID: 241, Data: 9C2922006CFFFE0F, Celsius: 41, A: +0.34, rev/s: -0.411,  rev: +11.372
2024/04/17 13:19:12 ID: 241, Data: 9C290E0075FFF10F, Celsius: 41, A: +0.14, rev/s: -0.386,  rev: +11.336
2024/04/17 13:19:13 ID: 241, Data: 9C29230052FFE40F, Celsius: 41, A: +0.35, rev/s: -0.483,  rev: +11.300
2024/04/17 13:19:13 ID: 241, Data: 9C293200CDFFD90F, Celsius: 41, A: +0.50, rev/s: -0.142,  rev: +11.269
2024/04/17 13:19:13 ID: 241, Data: 9C29040091FFD10F, Celsius: 41, A: +0.04, rev/s: -0.308,  rev: +11.247
2024/04/17 13:19:13 ID: 241, Data: 9C290C004EFFC40F, Celsius: 41, A: +0.12, rev/s: -0.494,  rev: +11.211
2024/04/17 13:19:13 ID: 241, Data: 9C290D0097FFB90F, Celsius: 41, A: +0.13, rev/s: -0.292,  rev: +11.181
2024/04/17 13:19:13 ID: 241, Data: 9C292B008DFFAD0F, Celsius: 41, A: +0.43, rev/s: -0.319,  rev: +11.147
2024/04/17 13:19:13 ID: 241, Data: 9C293300C3FFA10F, Celsius: 41, A: +0.51, rev/s: -0.169,  rev: +11.114
2024/04/17 13:19:13 ID: 241, Data: 9C2937009EFF980F, Celsius: 41, A: +0.55, rev/s: -0.272,  rev: +11.089
2024/04/17 13:19:13 ID: 241, Data: 9C29650077FF8B0F, Celsius: 41, A: +1.01, rev/s: -0.381,  rev: +11.053
2024/04/17 13:19:13 ID: 241, Data: 9C2962009CFF810F, Celsius: 41, A: +0.98, rev/s: -0.278,  rev: +11.025
2024/04/17 13:19:14 ID: 241, Data: 9C28650073FF770F, Celsius: 40, A: +1.01, rev/s: -0.392,  rev: +10.997
2024/04/17 13:19:14 ID: 241, Data: 9C297A00B1FF6B0F, Celsius: 41, A: +1.22, rev/s: -0.219,  rev: +10.964
2024/04/17 13:19:14 ID: 241, Data: 9C294100C2FF620F, Celsius: 41, A: +0.65, rev/s: -0.172,  rev: +10.939
2024/04/17 13:19:14 ID: 241, Data: 9C292B0063FF570F, Celsius: 41, A: +0.43, rev/s: -0.436,  rev: +10.908
2024/04/17 13:19:14 ID: 241, Data: 9C290D0086FF4A0F, Celsius: 41, A: +0.13, rev/s: -0.339,  rev: +10.872
2024/04/17 13:19:14 ID: 241, Data: 9C2920003CFF3F0F, Celsius: 41, A: +0.32, rev/s: -0.544,  rev: +10.842
2024/04/17 13:19:14 ID: 241, Data: 9C295300B6FF320F, Celsius: 41, A: +0.83, rev/s: -0.206,  rev: +10.806
2024/04/17 13:19:14 ID: 241, Data: 9C299B008AFF270F, Celsius: 41, A: +1.55, rev/s: -0.328,  rev: +10.775
2024/04/17 13:19:14 ID: 241, Data: 9C29EE0087FF1B0F, Celsius: 41, A: +2.38, rev/s: -0.336,  rev: +10.742
2024/04/17 13:19:14 ID: 241, Data: 9C2902019CFF120F, Celsius: 41, A: +2.58, rev/s: -0.278,  rev: +10.717
2024/04/17 13:19:15 ID: 241, Data: 9C290001B4FF080F, Celsius: 41, A: +2.56, rev/s: -0.211,  rev: +10.689
2024/04/17 13:19:15 ID: 241, Data: 9C29F300AAFFFD0E, Celsius: 41, A: +2.43, rev/s: -0.239,  rev: +10.658
2024/04/17 13:19:15 ID: 241, Data: 9C29B00097FFF40E, Celsius: 41, A: +1.76, rev/s: -0.292,  rev: +10.633
2024/04/17 13:19:15 ID: 241, Data: 9C286500B1FFE90E, Celsius: 40, A: +1.01, rev/s: -0.219,  rev: +10.603
2024/04/17 13:19:15 ID: 241, Data: 9C292B0070FFDE0E, Celsius: 41, A: +0.43, rev/s: -0.400,  rev: +10.572
2024/04/17 13:19:15 ID: 241, Data: 9C291600A5FFD00E, Celsius: 41, A: +0.22, rev/s: -0.253,  rev: +10.533
2024/04/17 13:19:15 ID: 241, Data: 9C29400082FFC30E, Celsius: 41, A: +0.64, rev/s: -0.350,  rev: +10.497
2024/04/17 13:19:15 ID: 241, Data: 9C2969009AFFB80E, Celsius: 41, A: +1.05, rev/s: -0.283,  rev: +10.467
2024/04/17 13:19:15 ID: 241, Data: 9C29A2008BFFAD0E, Celsius: 41, A: +1.62, rev/s: -0.325,  rev: +10.436
2024/04/17 13:19:15 ID: 241, Data: 9C29D300AAFFA20E, Celsius: 41, A: +2.11, rev/s: -0.239,  rev: +10.406
2024/04/17 13:19:16 ID: 241, Data: 9C29F30094FF980E, Celsius: 41, A: +2.43, rev/s: -0.300,  rev: +10.378
2024/04/17 13:19:16 ID: 241, Data: 9C29C60095FF8F0E, Celsius: 41, A: +1.98, rev/s: -0.297,  rev: +10.353
2024/04/17 13:19:16 ID: 241, Data: 9C2995007CFF840E, Celsius: 41, A: +1.49, rev/s: -0.367,  rev: +10.322
2024/04/17 13:19:16 ID: 241, Data: 9C297C0098FF790E, Celsius: 41, A: +1.24, rev/s: -0.289,  rev: +10.292
2024/04/17 13:19:16 ID: 241, Data: 9C293A0079FF6F0E, Celsius: 41, A: +0.58, rev/s: -0.375,  rev: +10.264
2024/04/17 13:19:16 ID: 241, Data: 9C29FFFFCBFF620E, Celsius: 41, A: -0.01, rev/s: -0.147,  rev: +10.228
2024/04/17 13:19:16 ID: 241, Data: 9C2929004AFF550E, Celsius: 41, A: +0.41, rev/s: -0.506,  rev: +10.192
2024/04/17 13:19:16 ID: 241, Data: 9C2942008DFF490E, Celsius: 41, A: +0.66, rev/s: -0.319,  rev: +10.158
2024/04/17 13:19:16 ID: 241, Data: 9C29660090FF3F0E, Celsius: 41, A: +1.02, rev/s: -0.311,  rev: +10.131
2024/04/17 13:19:17 ID: 241, Data: 9C298D009CFF330E, Celsius: 41, A: +1.41, rev/s: -0.278,  rev: +10.097
2024/04/17 13:19:17 ID: 241, Data: 9C297100BBFF2A0E, Celsius: 41, A: +1.13, rev/s: -0.192,  rev: +10.072
2024/04/17 13:19:17 ID: 241, Data: 9C296D0097FF1F0E, Celsius: 41, A: +1.09, rev/s: -0.292,  rev: +10.042
2024/04/17 13:19:17 ID: 241, Data: 9C299500A5FF130E, Celsius: 41, A: +1.49, rev/s: -0.253,  rev: +10.008
2024/04/17 13:19:17 ID: 241, Data: 9C298100AFFF090E, Celsius: 41, A: +1.29, rev/s: -0.225,  rev: +9.981
2024/04/17 13:19:17 ID: 241, Data: 9C2939008EFF000E, Celsius: 41, A: +0.57, rev/s: -0.317,  rev: +9.956
2024/04/17 13:19:17 ID: 241, Data: 9C2918008FFFF40D, Celsius: 41, A: +0.24, rev/s: -0.314,  rev: +9.922
2024/04/17 13:19:17 ID: 241, Data: 9C29E5FFD3FFE90D, Celsius: 41, A: -0.27, rev/s: -0.125,  rev: +9.892
2024/04/17 13:19:17 ID: 241, Data: 9C290C00B0FFDC0D, Celsius: 41, A: +0.12, rev/s: -0.222,  rev: +9.856
2024/04/17 13:19:17 ID: 241, Data: 9C292D00A4FFD00D, Celsius: 41, A: +0.45, rev/s: -0.256,  rev: +9.822
2024/04/17 13:19:18 ID: 241, Data: 9C2950009AFFC50D, Celsius: 41, A: +0.80, rev/s: -0.283,  rev: +9.792
2024/04/17 13:19:18 ID: 241, Data: 9C2878009CFFBA0D, Celsius: 40, A: +1.20, rev/s: -0.278,  rev: +9.761
2024/04/17 13:19:18 ID: 241, Data: 9C29CA0095FFAE0D, Celsius: 41, A: +2.02, rev/s: -0.297,  rev: +9.728
2024/04/17 13:19:18 ID: 241, Data: 9C299500A9FFA70D, Celsius: 41, A: +1.49, rev/s: -0.242,  rev: +9.708
2024/04/17 13:19:18 ID: 241, Data: 9C2961007BFF9C0D, Celsius: 41, A: +0.97, rev/s: -0.369,  rev: +9.678
2024/04/17 13:19:18 ID: 241, Data: 9C288800B4FF8F0D, Celsius: 40, A: +1.36, rev/s: -0.211,  rev: +9.642
2024/04/17 13:19:18 ID: 241, Data: 9C283300BDFF870D, Celsius: 40, A: +0.51, rev/s: -0.186,  rev: +9.619
2024/04/17 13:19:18 ID: 241, Data: 9C290400A7FF7A0D, Celsius: 41, A: +0.04, rev/s: -0.247,  rev: +9.583
2024/04/17 13:19:18 ID: 241, Data: 9C29E9FF37FF700D, Celsius: 41, A: -0.23, rev/s: -0.558,  rev: +9.556
2024/04/17 13:19:18 ID: 241, Data: 9C290100A6FF620D, Celsius: 41, A: +0.01, rev/s: -0.250,  rev: +9.517
2024/04/17 13:19:19 ID: 241, Data: 9C283E0089FF560D, Celsius: 40, A: +0.62, rev/s: -0.331,  rev: +9.483
2024/04/17 13:19:19 ID: 241, Data: 9C29BE0063FF480D, Celsius: 41, A: +1.90, rev/s: -0.436,  rev: +9.444
2024/04/17 13:19:19 ID: 241, Data: 9C295701A8FF3D0D, Celsius: 41, A: +3.43, rev/s: -0.244,  rev: +9.414
2024/04/17 13:19:19 ID: 241, Data: 9C290E01FAFF390D, Celsius: 41, A: +2.70, rev/s: -0.017,  rev: +9.403
2024/04/17 13:19:19 ID: 241, Data: 9C29CF003EFF2E0D, Celsius: 41, A: +2.07, rev/s: -0.539,  rev: +9.372
2024/04/17 13:19:19 ID: 241, Data: 9C29400197FF1E0D, Celsius: 41, A: +3.20, rev/s: -0.292,  rev: +9.328
2024/04/17 13:19:19 ID: 241, Data: 9C299400ACFF1A0D, Celsius: 41, A: +1.48, rev/s: -0.233,  rev: +9.317
2024/04/17 13:19:19 ID: 241, Data: 9C286E0033FF0C0D, Celsius: 40, A: +1.10, rev/s: -0.569,  rev: +9.278
2024/04/17 13:19:19 ID: 241, Data: 9C29FCFFEDFF030D, Celsius: 41, A: -0.04, rev/s: -0.053,  rev: +9.253
2024/04/17 13:19:19 ID: 241, Data: 9C290E0058FFF40C, Celsius: 41, A: +0.14, rev/s: -0.467,  rev: +9.211
2024/04/17 13:19:20 ID: 241, Data: 9C293F009CFFE70C, Celsius: 41, A: +0.63, rev/s: -0.278,  rev: +9.175
2024/04/17 13:19:20 ID: 241, Data: 9C298D00B0FFDB0C, Celsius: 41, A: +1.41, rev/s: -0.222,  rev: +9.142
2024/04/17 13:19:20 ID: 241, Data: 9C29D00097FFD00C, Celsius: 41, A: +2.08, rev/s: -0.292,  rev: +9.111
2024/04/17 13:19:20 ID: 241, Data: 9C29F700AAFFC70C, Celsius: 41, A: +2.47, rev/s: -0.239,  rev: +9.086
2024/04/17 13:19:20 ID: 241, Data: 9C29F50082FFBD0C, Celsius: 41, A: +2.45, rev/s: -0.350,  rev: +9.058
2024/04/17 13:19:20 ID: 241, Data: 9C281401A8FFB10C, Celsius: 40, A: +2.76, rev/s: -0.244,  rev: +9.025
2024/04/17 13:19:20 ID: 241, Data: 9C29CC00D2FFA90C, Celsius: 41, A: +2.04, rev/s: -0.128,  rev: +9.003
2024/04/17 13:19:20 ID: 241, Data: 9C2982007EFF9E0C, Celsius: 41, A: +1.30, rev/s: -0.361,  rev: +8.972
2024/04/17 13:19:20 ID: 241, Data: 9C294500DCFF920C, Celsius: 41, A: +0.69, rev/s: -0.100,  rev: +8.939
2024/04/17 13:19:21 ID: 241, Data: 9C29DAFFAAFF890C, Celsius: 41, A: -0.38, rev/s: -0.239,  rev: +8.914
2024/04/17 13:19:21 ID: 241, Data: 9C290F0056FF780C, Celsius: 41, A: +0.15, rev/s: -0.472,  rev: +8.867
2024/04/17 13:19:21 ID: 241, Data: 9C29400034FF6D0C, Celsius: 41, A: +0.64, rev/s: -0.567,  rev: +8.836
2024/04/17 13:19:21 ID: 241, Data: 9C29970097FF600C, Celsius: 41, A: +1.51, rev/s: -0.292,  rev: +8.800
2024/04/17 13:19:21 ID: 241, Data: 9C29C600B3FF570C, Celsius: 41, A: +1.98, rev/s: -0.214,  rev: +8.775
2024/04/17 13:19:21 ID: 241, Data: 9C29C10093FF4E0C, Celsius: 41, A: +1.93, rev/s: -0.303,  rev: +8.750
2024/04/17 13:19:21 ID: 241, Data: 9C29C10086FF430C, Celsius: 41, A: +1.93, rev/s: -0.339,  rev: +8.719
2024/04/17 13:19:21 ID: 241, Data: 9C29BB00CCFF380C, Celsius: 41, A: +1.87, rev/s: -0.144,  rev: +8.689
2024/04/17 13:19:21 ID: 241, Data: 9C299D0083FF2E0C, Celsius: 41, A: +1.57, rev/s: -0.347,  rev: +8.661
2024/04/17 13:19:21 ID: 241, Data: 9C29710096FF220C, Celsius: 41, A: +1.13, rev/s: -0.294,  rev: +8.628
2024/04/17 13:19:22 ID: 241, Data: 9C291400F0FF1A0C, Celsius: 41, A: +0.20, rev/s: -0.044,  rev: +8.606
2024/04/17 13:19:22 ID: 241, Data: 9C2800000EFF0D0C, Celsius: 40, A: +0.00, rev/s: -0.672,  rev: +8.569
2024/04/17 13:19:22 ID: 241, Data: 9C291400A0FFFF0B, Celsius: 41, A: +0.20, rev/s: -0.267,  rev: +8.531
2024/04/17 13:19:22 ID: 241, Data: 9C294400A3FFF30B, Celsius: 41, A: +0.68, rev/s: -0.258,  rev: +8.497
2024/04/17 13:19:22 ID: 241, Data: 9C299E00A0FFE70B, Celsius: 41, A: +1.58, rev/s: -0.267,  rev: +8.464
2024/04/17 13:19:22 ID: 241, Data: 9C29DC009AFFDD0B, Celsius: 41, A: +2.20, rev/s: -0.283,  rev: +8.436
2024/04/17 13:19:22 ID: 241, Data: 9C29C0009AFFD40B, Celsius: 41, A: +1.92, rev/s: -0.283,  rev: +8.411
2024/04/17 13:19:22 ID: 241, Data: 9C29C7008AFFC90B, Celsius: 41, A: +1.99, rev/s: -0.328,  rev: +8.381
2024/04/17 13:19:22 ID: 241, Data: 9C290301ACFFBC0B, Celsius: 41, A: +2.59, rev/s: -0.233,  rev: +8.344
2024/04/17 13:19:22 ID: 241, Data: 9C299700ACFFB60B, Celsius: 41, A: +1.51, rev/s: -0.233,  rev: +8.328
2024/04/17 13:19:23 ID: 241, Data: 9C296F0074FFA90B, Celsius: 41, A: +1.11, rev/s: -0.389,  rev: +8.292
2024/04/17 13:19:23 ID: 241, Data: 9C2926006BFF9F0B, Celsius: 41, A: +0.38, rev/s: -0.414,  rev: +8.264
2024/04/17 13:19:23 ID: 241, Data: 9C29FDFFB2FF910B, Celsius: 41, A: -0.03, rev/s: -0.217,  rev: +8.225
2024/04/17 13:19:23 ID: 241, Data: 9C292A001FFF850B, Celsius: 41, A: +0.42, rev/s: -0.625,  rev: +8.192
2024/04/17 13:19:23 ID: 241, Data: 9C295C0091FF790B, Celsius: 41, A: +0.92, rev/s: -0.308,  rev: +8.158
2024/04/17 13:19:23 ID: 241, Data: 9C299E008AFF6E0B, Celsius: 41, A: +1.58, rev/s: -0.328,  rev: +8.128
2024/04/17 13:19:23 ID: 241, Data: 9C29E800A2FF620B, Celsius: 41, A: +2.32, rev/s: -0.261,  rev: +8.094
2024/04/17 13:19:23 ID: 241, Data: 9C290801CCFF590B, Celsius: 41, A: +2.64, rev/s: -0.144,  rev: +8.069
2024/04/17 13:19:23 ID: 241, Data: 9C292C0189FF4F0B, Celsius: 41, A: +3.00, rev/s: -0.331,  rev: +8.042
2024/04/17 13:19:23 ID: 241, Data: 9C293701ADFF430B, Celsius: 41, A: +3.11, rev/s: -0.231,  rev: +8.008
2024/04/17 13:19:24 ID: 241, Data: 9C28F000AAFF3B0B, Celsius: 40, A: +2.40, rev/s: -0.239,  rev: +7.986
2024/04/17 13:19:24 ID: 241, Data: 9C28A9007DFF300B, Celsius: 40, A: +1.69, rev/s: -0.364,  rev: +7.956
2024/04/17 13:19:24 ID: 241, Data: 9C294E008EFF260B, Celsius: 41, A: +0.78, rev/s: -0.317,  rev: +7.928
2024/04/17 13:19:24 ID: 241, Data: 9C290300CEFF190B, Celsius: 41, A: +0.03, rev/s: -0.139,  rev: +7.892
2024/04/17 13:19:24 ID: 241, Data: 9C292E0090FF0B0B, Celsius: 41, A: +0.46, rev/s: -0.311,  rev: +7.853
2024/04/17 13:19:24 ID: 241, Data: 9C296A00A6FFFF0A, Celsius: 41, A: +1.06, rev/s: -0.250,  rev: +7.819
2024/04/17 13:19:24 ID: 241, Data: 9C29B40078FFF40A, Celsius: 41, A: +1.80, rev/s: -0.378,  rev: +7.789
2024/04/17 13:19:24 ID: 241, Data: 9C29DC00ADFFE90A, Celsius: 41, A: +2.20, rev/s: -0.231,  rev: +7.758
2024/04/17 13:19:24 ID: 241, Data: 9C2929017CFFDE0A, Celsius: 41, A: +2.97, rev/s: -0.367,  rev: +7.728
2024/04/17 13:19:25 ID: 241, Data: 9C291F01ABFFD50A, Celsius: 41, A: +2.87, rev/s: -0.236,  rev: +7.703
2024/04/17 13:19:25 ID: 241, Data: 9C29EB00ABFFCB0A, Celsius: 41, A: +2.35, rev/s: -0.236,  rev: +7.675
2024/04/17 13:19:25 ID: 241, Data: 9C29CE00A8FFC10A, Celsius: 41, A: +2.06, rev/s: -0.244,  rev: +7.647
2024/04/17 13:19:25 ID: 241, Data: 9C2981008CFFB60A, Celsius: 41, A: +1.29, rev/s: -0.322,  rev: +7.617
2024/04/17 13:19:25 ID: 241, Data: 9C294C005EFFAA0A, Celsius: 41, A: +0.76, rev/s: -0.450,  rev: +7.583
2024/04/17 13:19:25 ID: 241, Data: 9C29050059FFA00A, Celsius: 41, A: +0.05, rev/s: -0.464,  rev: +7.556
2024/04/17 13:19:25 ID: 241, Data: 9C293100AEFF920A, Celsius: 41, A: +0.49, rev/s: -0.228,  rev: +7.517
2024/04/17 13:19:25 ID: 241, Data: 9C296A006EFF860A, Celsius: 41, A: +1.06, rev/s: -0.406,  rev: +7.483
2024/04/17 13:19:25 ID: 241, Data: 9C299B00A9FF7A0A, Celsius: 41, A: +1.55, rev/s: -0.242,  rev: +7.450
2024/04/17 13:19:25 ID: 241, Data: 9C29C5009FFF700A, Celsius: 41, A: +1.97, rev/s: -0.269,  rev: +7.422
2024/04/17 13:19:26 ID: 241, Data: 9C29E0008EFF660A, Celsius: 41, A: +2.24, rev/s: -0.317,  rev: +7.394
2024/04/17 13:19:26 ID: 241, Data: 9C29F20094FF5B0A, Celsius: 41, A: +2.42, rev/s: -0.300,  rev: +7.364
2024/04/17 13:19:26 ID: 241, Data: 9C29E300A6FF510A, Celsius: 41, A: +2.27, rev/s: -0.250,  rev: +7.336
2024/04/17 13:19:26 ID: 241, Data: 9C29AC007CFF470A, Celsius: 41, A: +1.72, rev/s: -0.367,  rev: +7.308
2024/04/17 13:19:26 ID: 241, Data: 9C29870083FF3C0A, Celsius: 41, A: +1.35, rev/s: -0.347,  rev: +7.278
2024/04/17 13:19:26 ID: 241, Data: 9C291500D0FF320A, Celsius: 41, A: +0.21, rev/s: -0.133,  rev: +7.250
2024/04/17 13:19:26 ID: 241, Data: 9C291E0032FF240A, Celsius: 41, A: +0.30, rev/s: -0.572,  rev: +7.211
2024/04/17 13:19:26 ID: 241, Data: 9C2931006DFF180A, Celsius: 41, A: +0.49, rev/s: -0.408,  rev: +7.178
2024/04/17 13:19:26 ID: 241, Data: 9C296100ADFF0C0A, Celsius: 41, A: +0.97, rev/s: -0.231,  rev: +7.144
2024/04/17 13:19:26 ID: 241, Data: 9C297000B4FF010A, Celsius: 41, A: +1.12, rev/s: -0.211,  rev: +7.114
2024/04/17 13:19:27 ID: 241, Data: 9C2975009EFFF809, Celsius: 41, A: +1.17, rev/s: -0.272,  rev: +7.089
2024/04/17 13:19:27 ID: 241, Data: 9C29A80077FFEB09, Celsius: 41, A: +1.68, rev/s: -0.381,  rev: +7.053
2024/04/17 13:19:27 ID: 241, Data: 9C29D400B6FFE009, Celsius: 41, A: +2.12, rev/s: -0.206,  rev: +7.022
2024/04/17 13:19:27 ID: 241, Data: 9C297300BBFFD909, Celsius: 41, A: +1.15, rev/s: -0.192,  rev: +7.003
2024/04/17 13:19:27 ID: 241, Data: 9C29800078FFCB09, Celsius: 41, A: +1.28, rev/s: -0.378,  rev: +6.964
2024/04/17 13:19:27 ID: 241, Data: 9C292A00C6FFC209, Celsius: 41, A: +0.42, rev/s: -0.161,  rev: +6.939
2024/04/17 13:19:27 ID: 241, Data: 9C29FEFF38FFB709, Celsius: 41, A: -0.02, rev/s: -0.556,  rev: +6.908
2024/04/17 13:19:27 ID: 241, Data: 9C29110067FFA809, Celsius: 41, A: +0.17, rev/s: -0.425,  rev: +6.867
2024/04/17 13:19:27 ID: 241, Data: 9C293A004AFF9D09, Celsius: 41, A: +0.58, rev/s: -0.506,  rev: +6.836
2024/04/17 13:19:27 ID: 241, Data: 9C295A00A7FF9209, Celsius: 41, A: +0.90, rev/s: -0.247,  rev: +6.806
2024/04/17 13:19:28 ID: 241, Data: 9C29A7007CFF8609, Celsius: 41, A: +1.67, rev/s: -0.367,  rev: +6.772
2024/04/17 13:19:28 ID: 241, Data: 9C29AE00ADFF7D09, Celsius: 41, A: +1.74, rev/s: -0.231,  rev: +6.747
2024/04/17 13:19:28 ID: 241, Data: 9C29AF00A0FF7209, Celsius: 41, A: +1.75, rev/s: -0.267,  rev: +6.717
2024/04/17 13:19:28 ID: 241, Data: 9C29A000B9FF6809, Celsius: 41, A: +1.60, rev/s: -0.197,  rev: +6.689
2024/04/17 13:19:28 ID: 241, Data: 9C2963006AFF5E09, Celsius: 41, A: +0.99, rev/s: -0.417,  rev: +6.661
2024/04/17 13:19:28 ID: 241, Data: 9C295C00A7FF5109, Celsius: 41, A: +0.92, rev/s: -0.247,  rev: +6.625
2024/04/17 13:19:28 ID: 241, Data: 9C29FFFFB7FF4909, Celsius: 41, A: -0.01, rev/s: -0.203,  rev: +6.603
2024/04/17 13:19:28 ID: 241, Data: 9C290B0073FF3B09, Celsius: 41, A: +0.11, rev/s: -0.392,  rev: +6.564
2024/04/17 13:19:28 ID: 241, Data: 9C290F00B3FF2F09, Celsius: 41, A: +0.15, rev/s: -0.214,  rev: +6.531
2024/04/17 13:19:29 ID: 241, Data: 9C293400B7FF2309, Celsius: 41, A: +0.52, rev/s: -0.203,  rev: +6.497
2024/04/17 13:19:29 ID: 241, Data: 9C29610092FF1809, Celsius: 41, A: +0.97, rev/s: -0.306,  rev: +6.467
2024/04/17 13:19:29 ID: 241, Data: 9C29A80074FF0C09, Celsius: 41, A: +1.68, rev/s: -0.389,  rev: +6.433
2024/04/17 13:19:29 ID: 241, Data: 9C29D400AFFF0209, Celsius: 41, A: +2.12, rev/s: -0.225,  rev: +6.406
2024/04/17 13:19:29 ID: 241, Data: 9C29E800ADFFF808, Celsius: 41, A: +2.32, rev/s: -0.231,  rev: +6.378
2024/04/17 13:19:29 ID: 241, Data: 9C29D90088FFEE08, Celsius: 41, A: +2.17, rev/s: -0.333,  rev: +6.350
2024/04/17 13:19:29 ID: 241, Data: 9C29B60091FFE308, Celsius: 41, A: +1.82, rev/s: -0.308,  rev: +6.319
2024/04/17 13:19:29 ID: 241, Data: 9C299200B2FFD808, Celsius: 41, A: +1.46, rev/s: -0.217,  rev: +6.289
2024/04/17 13:19:29 ID: 241, Data: 9C2953007CFFCE08, Celsius: 41, A: +0.83, rev/s: -0.367,  rev: +6.261
2024/04/17 13:19:29 ID: 241, Data: 9C291900CCFFC208, Celsius: 41, A: +0.25, rev/s: -0.144,  rev: +6.228
2024/04/17 13:19:30 ID: 241, Data: 9C294A004BFFB408, Celsius: 41, A: +0.74, rev/s: -0.503,  rev: +6.189
2024/04/17 13:19:30 ID: 241, Data: 9C296C0095FFA908, Celsius: 41, A: +1.08, rev/s: -0.297,  rev: +6.158
2024/04/17 13:19:30 ID: 241, Data: 9C298A008AFF9E08, Celsius: 41, A: +1.38, rev/s: -0.328,  rev: +6.128
2024/04/17 13:19:30 ID: 241, Data: 9C29B80072FF9308, Celsius: 41, A: +1.84, rev/s: -0.394,  rev: +6.097
2024/04/17 13:19:30 ID: 241, Data: 9C29CA00BFFF8908, Celsius: 41, A: +2.02, rev/s: -0.181,  rev: +6.069
2024/04/17 13:19:30 ID: 241, Data: 9C29D40088FF7F08, Celsius: 41, A: +2.12, rev/s: -0.333,  rev: +6.042
2024/04/17 13:19:30 ID: 241, Data: 9C29C40091FF7308, Celsius: 41, A: +1.96, rev/s: -0.308,  rev: +6.008
2024/04/17 13:19:30 ID: 241, Data: 9C29B20093FF6908, Celsius: 41, A: +1.78, rev/s: -0.303,  rev: +5.981
2024/04/17 13:19:30 ID: 241, Data: 9C299100B0FF5E08, Celsius: 41, A: +1.45, rev/s: -0.222,  rev: +5.950
2024/04/17 13:19:30 ID: 241, Data: 9C2946007AFF5408, Celsius: 41, A: +0.70, rev/s: -0.372,  rev: +5.922
2024/04/17 13:19:31 ID: 241, Data: 9C290900CDFF4908, Celsius: 41, A: +0.09, rev/s: -0.142,  rev: +5.892
2024/04/17 13:19:31 ID: 241, Data: 9C293C00B2FF3B08, Celsius: 41, A: +0.60, rev/s: -0.217,  rev: +5.853
2024/04/17 13:19:31 ID: 241, Data: 9C297E0091FF2F08, Celsius: 41, A: +1.26, rev/s: -0.308,  rev: +5.819
2024/04/17 13:19:31 ID: 241, Data: 9C29CF007EFF2308, Celsius: 41, A: +2.07, rev/s: -0.361,  rev: +5.786
2024/04/17 13:19:31 ID: 241, Data: 9C29F600AEFF1908, Celsius: 41, A: +2.46, rev/s: -0.228,  rev: +5.758
2024/04/17 13:19:31 ID: 241, Data: 9C29100192FF0F08, Celsius: 41, A: +2.72, rev/s: -0.306,  rev: +5.731
2024/04/17 13:19:31 ID: 241, Data: 9C29F40082FF0608, Celsius: 41, A: +2.44, rev/s: -0.350,  rev: +5.706
2024/04/17 13:19:31 ID: 241, Data: 9C29BF00A5FFFB07, Celsius: 41, A: +1.91, rev/s: -0.253,  rev: +5.675
2024/04/17 13:19:31 ID: 241, Data: 9C298200A3FFF007, Celsius: 41, A: +1.30, rev/s: -0.258,  rev: +5.644
2024/04/17 13:19:32 ID: 241, Data: 9C2964005FFFE507, Celsius: 41, A: +1.00, rev/s: -0.447,  rev: +5.614
2024/04/17 13:19:32 ID: 241, Data: 9C290800C7FFDA07, Celsius: 41, A: +0.08, rev/s: -0.158,  rev: +5.583
2024/04/17 13:19:32 ID: 241, Data: 9C290000E8FECF07, Celsius: 41, A: +0.00, rev/s: -0.778,  rev: +5.553
2024/04/17 13:19:32 ID: 241, Data: 9C29270083FFC107, Celsius: 41, A: +0.39, rev/s: -0.347,  rev: +5.514
2024/04/17 13:19:32 ID: 241, Data: 9C29680071FFB507, Celsius: 41, A: +1.04, rev/s: -0.397,  rev: +5.481
2024/04/17 13:19:32 ID: 241, Data: 9C299100C6FFAA07, Celsius: 41, A: +1.45, rev/s: -0.161,  rev: +5.450
2024/04/17 13:19:32 ID: 241, Data: 9C29D0008AFF9F07, Celsius: 41, A: +2.08, rev/s: -0.328,  rev: +5.419
2024/04/17 13:19:32 ID: 241, Data: 9C29E400B3FF9507, Celsius: 41, A: +2.28, rev/s: -0.214,  rev: +5.392
2024/04/17 13:19:32 ID: 241, Data: 9C29D2009BFF8B07, Celsius: 41, A: +2.10, rev/s: -0.281,  rev: +5.364
2024/04/17 13:19:32 ID: 241, Data: 9C29C300B3FF8007, Celsius: 41, A: +1.95, rev/s: -0.214,  rev: +5.333
2024/04/17 13:19:33 ID: 241, Data: 9C297400B5FF7707, Celsius: 41, A: +1.16, rev/s: -0.208,  rev: +5.308
2024/04/17 13:19:33 ID: 241, Data: 9C294C0073FF6B07, Celsius: 41, A: +0.76, rev/s: -0.392,  rev: +5.275
2024/04/17 13:19:33 ID: 241, Data: 9C29E4FFC1FF6207, Celsius: 41, A: -0.28, rev/s: -0.175,  rev: +5.250
2024/04/17 13:19:33 ID: 241, Data: 9C290F0074FF5307, Celsius: 41, A: +0.15, rev/s: -0.389,  rev: +5.208
2024/04/17 13:19:33 ID: 241, Data: 9C293D00ADFF4707, Celsius: 41, A: +0.61, rev/s: -0.231,  rev: +5.175
2024/04/17 13:19:33 ID: 241, Data: 9C297E0090FF3B07, Celsius: 41, A: +1.26, rev/s: -0.311,  rev: +5.142
2024/04/17 13:19:33 ID: 241, Data: 9C29AE0086FF3007, Celsius: 41, A: +1.74, rev/s: -0.339,  rev: +5.111
2024/04/17 13:19:33 ID: 241, Data: 9C29DE00A1FF2507, Celsius: 41, A: +2.22, rev/s: -0.264,  rev: +5.081
2024/04/17 13:19:33 ID: 241, Data: 9C29B900B7FF1D07, Celsius: 41, A: +1.85, rev/s: -0.203,  rev: +5.058
2024/04/17 13:19:33 ID: 241, Data: 9C29B0007CFF1107, Celsius: 41, A: +1.76, rev/s: -0.367,  rev: +5.025
2024/04/17 13:19:34 ID: 241, Data: 9C297900B7FF0807, Celsius: 41, A: +1.21, rev/s: -0.203,  rev: +5.000
2024/04/17 13:19:34 ID: 241, Data: 9C294D005EFFFC06, Celsius: 41, A: +0.77, rev/s: -0.450,  rev: +4.967
2024/04/17 13:19:34 ID: 241, Data: 9C29FFFF0000F206, Celsius: 41, A: -0.01, rev/s: +0.000,  rev: +4.939
2024/04/17 13:19:34 ID: 241, Data: 9C29110050FFE406, Celsius: 41, A: +0.17, rev/s: -0.489,  rev: +4.900
2024/04/17 13:19:34 ID: 241, Data: 9C292300A2FFD706, Celsius: 41, A: +0.35, rev/s: -0.261,  rev: +4.864
2024/04/17 13:19:34 ID: 241, Data: 9C295E00ADFFCC06, Celsius: 41, A: +0.94, rev/s: -0.231,  rev: +4.833
2024/04/17 13:19:34 ID: 241, Data: 9C29840089FFC106, Celsius: 41, A: +1.32, rev/s: -0.331,  rev: +4.803
2024/04/17 13:19:34 ID: 241, Data: 9C29AC0093FFB706, Celsius: 41, A: +1.72, rev/s: -0.303,  rev: +4.775
2024/04/17 13:19:34 ID: 241, Data: 9C28B3009DFFAD06, Celsius: 40, A: +1.79, rev/s: -0.275,  rev: +4.747
2024/04/17 13:19:34 ID: 241, Data: 9C29CC0087FFA106, Celsius: 41, A: +2.04, rev/s: -0.336,  rev: +4.714
2024/04/17 13:19:35 ID: 241, Data: 9C29B1009AFF9806, Celsius: 41, A: +1.77, rev/s: -0.283,  rev: +4.689
2024/04/17 13:19:35 ID: 241, Data: 9C29850072FF8D06, Celsius: 41, A: +1.33, rev/s: -0.394,  rev: +4.658
2024/04/17 13:19:35 ID: 241, Data: 9C294600A8FF8206, Celsius: 41, A: +0.70, rev/s: -0.244,  rev: +4.628
2024/04/17 13:19:35 ID: 241, Data: 9C29ECFFBAFF7A06, Celsius: 41, A: -0.20, rev/s: -0.194,  rev: +4.606
2024/04/17 13:19:35 ID: 241, Data: 9C2900003CFF6A06, Celsius: 41, A: +0.00, rev/s: -0.544,  rev: +4.561
2024/04/17 13:19:35 ID: 241, Data: 9C29340092FF5D06, Celsius: 41, A: +0.52, rev/s: -0.306,  rev: +4.525
2024/04/17 13:19:35 ID: 241, Data: 9C295C00ACFF5306, Celsius: 41, A: +0.92, rev/s: -0.233,  rev: +4.497
2024/04/17 13:19:35 ID: 241, Data: 9C299200ABFF4706, Celsius: 41, A: +1.46, rev/s: -0.236,  rev: +4.464
2024/04/17 13:19:35 ID: 241, Data: 9C29B60083FF3D06, Celsius: 41, A: +1.82, rev/s: -0.347,  rev: +4.436
2024/04/17 13:19:36 ID: 241, Data: 9C29CB00B0FF3206, Celsius: 41, A: +2.03, rev/s: -0.222,  rev: +4.406
2024/04/17 13:19:36 ID: 241, Data: 9C298100A6FF2A06, Celsius: 41, A: +1.29, rev/s: -0.250,  rev: +4.383
2024/04/17 13:19:36 ID: 241, Data: 9C298A005AFF1D06, Celsius: 41, A: +1.38, rev/s: -0.461,  rev: +4.347
2024/04/17 13:19:36 ID: 241, Data: 9C296F00B0FF1306, Celsius: 41, A: +1.11, rev/s: -0.222,  rev: +4.319
2024/04/17 13:19:36 ID: 241, Data: 9C293700A7FF0906, Celsius: 41, A: +0.55, rev/s: -0.247,  rev: +4.292
2024/04/17 13:19:36 ID: 241, Data: 9C2918005EFFFC05, Celsius: 41, A: +0.24, rev/s: -0.450,  rev: +4.256
2024/04/17 13:19:36 ID: 241, Data: 9C290300B6FFF005, Celsius: 41, A: +0.03, rev/s: -0.206,  rev: +4.222
2024/04/17 13:19:36 ID: 241, Data: 9C292D0083FFE305, Celsius: 41, A: +0.45, rev/s: -0.347,  rev: +4.186
2024/04/17 13:19:36 ID: 241, Data: 9C29530078FFD905, Celsius: 41, A: +0.83, rev/s: -0.378,  rev: +4.158
2024/04/17 13:19:36 ID: 241, Data: 9C296F008AFFCE05, Celsius: 41, A: +1.11, rev/s: -0.328,  rev: +4.128
2024/04/17 13:19:37 ID: 241, Data: 9C299E0097FFC305, Celsius: 41, A: +1.58, rev/s: -0.292,  rev: +4.097
2024/04/17 13:19:37 ID: 241, Data: 9C29BE00A8FFB805, Celsius: 41, A: +1.90, rev/s: -0.244,  rev: +4.067
2024/04/17 13:19:37 ID: 241, Data: 9C29C70091FFAE05, Celsius: 41, A: +1.99, rev/s: -0.308,  rev: +4.039
2024/04/17 13:19:37 ID: 241, Data: 9C29960095FFA405, Celsius: 41, A: +1.50, rev/s: -0.297,  rev: +4.011
2024/04/17 13:19:37 ID: 241, Data: 9C299700A5FF9805, Celsius: 41, A: +1.51, rev/s: -0.253,  rev: +3.978
2024/04/17 13:19:37 ID: 241, Data: 9C29540087FF8F05, Celsius: 41, A: +0.84, rev/s: -0.336,  rev: +3.953
2024/04/17 13:19:37 ID: 241, Data: 9C292D004FFF8305, Celsius: 41, A: +0.45, rev/s: -0.492,  rev: +3.919
2024/04/17 13:19:37 ID: 241, Data: 9C29F7FFC9FF7805, Celsius: 41, A: -0.09, rev/s: -0.153,  rev: +3.889
2024/04/17 13:19:37 ID: 241, Data: 9C293100C2FF6B05, Celsius: 41, A: +0.49, rev/s: -0.172,  rev: +3.853
2024/04/17 13:19:37 ID: 241, Data: 9C297700AAFF5F05, Celsius: 41, A: +1.19, rev/s: -0.239,  rev: +3.819
2024/04/17 13:19:38 ID: 241, Data: 9C29C900A1FF5305, Celsius: 41, A: +2.01, rev/s: -0.264,  rev: +3.786
2024/04/17 13:19:38 ID: 241, Data: 9C28DD00C7FF4A05, Celsius: 40, A: +2.21, rev/s: -0.158,  rev: +3.761
2024/04/17 13:19:38 ID: 241, Data: 9C2806017FFF3F05, Celsius: 40, A: +2.62, rev/s: -0.358,  rev: +3.731
2024/04/17 13:19:38 ID: 241, Data: 9C290E01A2FF3405, Celsius: 41, A: +2.70, rev/s: -0.261,  rev: +3.700
2024/04/17 13:19:38 ID: 241, Data: 9C29E600BAFF2B05, Celsius: 41, A: +2.30, rev/s: -0.194,  rev: +3.675
2024/04/17 13:19:38 ID: 241, Data: 9C29B300A2FF2005, Celsius: 41, A: +1.79, rev/s: -0.261,  rev: +3.644
2024/04/17 13:19:38 ID: 241, Data: 9C2979008EFF1605, Celsius: 41, A: +1.21, rev/s: -0.317,  rev: +3.617
2024/04/17 13:19:38 ID: 241, Data: 9C291A00C8FF0A05, Celsius: 41, A: +0.26, rev/s: -0.156,  rev: +3.583
2024/04/17 13:19:38 ID: 241, Data: 9C28010030FFFF04, Celsius: 40, A: +0.01, rev/s: -0.578,  rev: +3.553
2024/04/17 13:19:38 ID: 241, Data: 9C29470097FFF104, Celsius: 41, A: +0.71, rev/s: -0.292,  rev: +3.514
2024/04/17 13:19:39 ID: 241, Data: 9C29880074FFE504, Celsius: 41, A: +1.36, rev/s: -0.389,  rev: +3.481
2024/04/17 13:19:39 ID: 241, Data: 9C29AF008FFFDA04, Celsius: 41, A: +1.75, rev/s: -0.314,  rev: +3.450
2024/04/17 13:19:39 ID: 241, Data: 9C29DF00A2FFD004, Celsius: 41, A: +2.23, rev/s: -0.261,  rev: +3.422
2024/04/17 13:19:39 ID: 241, Data: 9C29DC0088FFC604, Celsius: 41, A: +2.20, rev/s: -0.333,  rev: +3.394
2024/04/17 13:19:39 ID: 241, Data: 9C29C200A1FFBC04, Celsius: 41, A: +1.94, rev/s: -0.264,  rev: +3.367
2024/04/17 13:19:39 ID: 241, Data: 9C29BB00C4FFB104, Celsius: 41, A: +1.87, rev/s: -0.167,  rev: +3.336
2024/04/17 13:19:39 ID: 241, Data: 9C298300B2FFA704, Celsius: 41, A: +1.31, rev/s: -0.217,  rev: +3.308
2024/04/17 13:19:39 ID: 241, Data: 9C295F0082FF9B04, Celsius: 41, A: +0.95, rev/s: -0.350,  rev: +3.275
2024/04/17 13:19:39 ID: 241, Data: 9C291200A8FF9204, Celsius: 41, A: +0.18, rev/s: -0.244,  rev: +3.250
2024/04/17 13:19:39 ID: 241, Data: 9C2921006EFF8404, Celsius: 41, A: +0.33, rev/s: -0.406,  rev: +3.211
2024/04/17 13:19:40 ID: 241, Data: 9C292E0099FF7804, Celsius: 41, A: +0.46, rev/s: -0.286,  rev: +3.178
2024/04/17 13:19:40 ID: 241, Data: 9C2966007EFF6B04, Celsius: 41, A: +1.02, rev/s: -0.361,  rev: +3.142
2024/04/17 13:19:40 ID: 241, Data: 9C297200C8FF6104, Celsius: 41, A: +1.14, rev/s: -0.156,  rev: +3.114
2024/04/17 13:19:40 ID: 241, Data: 9C299F0072FF5604, Celsius: 41, A: +1.59, rev/s: -0.394,  rev: +3.083
2024/04/17 13:19:40 ID: 241, Data: 9C28BF009CFF4B04, Celsius: 40, A: +1.91, rev/s: -0.278,  rev: +3.053
2024/04/17 13:19:40 ID: 241, Data: 9C29A300AEFF4204, Celsius: 41, A: +1.63, rev/s: -0.228,  rev: +3.028
2024/04/17 13:19:40 ID: 241, Data: 9C29870094FF3704, Celsius: 41, A: +1.35, rev/s: -0.300,  rev: +2.997
2024/04/17 13:19:40 ID: 241, Data: 9C286F008DFF2C04, Celsius: 40, A: +1.11, rev/s: -0.319,  rev: +2.967
2024/04/17 13:19:40 ID: 241, Data: 9C291700B9FF2204, Celsius: 41, A: +0.23, rev/s: -0.197,  rev: +2.939
2024/04/17 13:19:41 ID: 241, Data: 9C291D0029FF1604, Celsius: 41, A: +0.29, rev/s: -0.597,  rev: +2.906
2024/04/17 13:19:41 ID: 241, Data: 9C291500A5FF0804, Celsius: 41, A: +0.21, rev/s: -0.253,  rev: +2.867
2024/04/17 13:19:41 ID: 241, Data: 9C292F0062FFFE03, Celsius: 41, A: +0.47, rev/s: -0.439,  rev: +2.839
2024/04/17 13:19:41 ID: 241, Data: 9C293B009BFFF303, Celsius: 41, A: +0.59, rev/s: -0.281,  rev: +2.808
2024/04/17 13:19:41 ID: 241, Data: 9C286B00AEFFE703, Celsius: 40, A: +1.07, rev/s: -0.228,  rev: +2.775
2024/04/17 13:19:41 ID: 241, Data: 9C288B0096FFDC03, Celsius: 40, A: +1.39, rev/s: -0.294,  rev: +2.744
2024/04/17 13:19:41 ID: 241, Data: 9C299300A3FFD203, Celsius: 41, A: +1.47, rev/s: -0.258,  rev: +2.717
2024/04/17 13:19:41 ID: 241, Data: 9C299C00A7FFC703, Celsius: 41, A: +1.56, rev/s: -0.247,  rev: +2.686
2024/04/17 13:19:41 ID: 241, Data: 9C287B0087FFBD03, Celsius: 40, A: +1.23, rev/s: -0.336,  rev: +2.658
2024/04/17 13:19:41 ID: 241, Data: 9C2941008FFFB203, Celsius: 41, A: +0.65, rev/s: -0.314,  rev: +2.628
2024/04/17 13:19:42 ID: 241, Data: 9C291D0068FFA803, Celsius: 41, A: +0.29, rev/s: -0.422,  rev: +2.600
2024/04/17 13:19:42 ID: 241, Data: 9C290B0079FF9B03, Celsius: 41, A: +0.11, rev/s: -0.375,  rev: +2.564
2024/04/17 13:19:42 ID: 241, Data: 9C291200BEFF8F03, Celsius: 41, A: +0.18, rev/s: -0.183,  rev: +2.531
2024/04/17 13:19:42 ID: 241, Data: 9C292E00A1FF8303, Celsius: 41, A: +0.46, rev/s: -0.264,  rev: +2.497
2024/04/17 13:19:42 ID: 241, Data: 9C285D00ACFF7803, Celsius: 40, A: +0.93, rev/s: -0.233,  rev: +2.467
2024/04/17 13:19:42 ID: 241, Data: 9C29930087FF6D03, Celsius: 41, A: +1.47, rev/s: -0.336,  rev: +2.436
2024/04/17 13:19:42 ID: 241, Data: 9C28AC00A1FF6203, Celsius: 40, A: +1.72, rev/s: -0.264,  rev: +2.406
2024/04/17 13:19:42 ID: 241, Data: 9C28F50096FF5603, Celsius: 40, A: +2.45, rev/s: -0.294,  rev: +2.372
2024/04/17 13:19:42 ID: 241, Data: 9C299300C7FF5003, Celsius: 41, A: +1.47, rev/s: -0.158,  rev: +2.356
2024/04/17 13:19:42 ID: 241, Data: 9C297B0055FF4303, Celsius: 41, A: +1.23, rev/s: -0.475,  rev: +2.319
2024/04/17 13:19:43 ID: 241, Data: 9C288E00C9FF3703, Celsius: 40, A: +1.42, rev/s: -0.153,  rev: +2.286
2024/04/17 13:19:43 ID: 241, Data: 9C29440072FF2E03, Celsius: 41, A: +0.68, rev/s: -0.394,  rev: +2.261
2024/04/17 13:19:43 ID: 241, Data: 9C281400B6FF2203, Celsius: 40, A: +0.20, rev/s: -0.206,  rev: +2.228
2024/04/17 13:19:43 ID: 241, Data: 9C28260059FF1603, Celsius: 40, A: +0.38, rev/s: -0.464,  rev: +2.194
2024/04/17 13:19:43 ID: 241, Data: 9C2927008FFF0A03, Celsius: 41, A: +0.39, rev/s: -0.314,  rev: +2.161
2024/04/17 13:19:43 ID: 241, Data: 9C2933008CFFFF02, Celsius: 41, A: +0.51, rev/s: -0.322,  rev: +2.131
2024/04/17 13:19:43 ID: 241, Data: 9C29720071FFF302, Celsius: 41, A: +1.14, rev/s: -0.397,  rev: +2.097
2024/04/17 13:19:43 ID: 241, Data: 9C296B00ACFFE902, Celsius: 41, A: +1.07, rev/s: -0.233,  rev: +2.069
2024/04/17 13:19:43 ID: 241, Data: 9C29B00063FFDD02, Celsius: 41, A: +1.76, rev/s: -0.436,  rev: +2.036
2024/04/17 13:19:43 ID: 241, Data: 9C28BF00B5FFD302, Celsius: 40, A: +1.91, rev/s: -0.208,  rev: +2.008
2024/04/17 13:19:44 ID: 241, Data: 9C297D00ACFFCA02, Celsius: 41, A: +1.25, rev/s: -0.233,  rev: +1.983
2024/04/17 13:19:44 ID: 241, Data: 9C2989006FFFBE02, Celsius: 41, A: +1.37, rev/s: -0.403,  rev: +1.950
2024/04/17 13:19:44 ID: 241, Data: 9C2854009AFFB402, Celsius: 40, A: +0.84, rev/s: -0.283,  rev: +1.922
2024/04/17 13:19:44 ID: 241, Data: 9C291700A5FFA902, Celsius: 41, A: +0.23, rev/s: -0.253,  rev: +1.892
2024/04/17 13:19:44 ID: 241, Data: 9C28280081FF9C02, Celsius: 40, A: +0.40, rev/s: -0.353,  rev: +1.856
2024/04/17 13:19:44 ID: 241, Data: 9C282700B1FF9002, Celsius: 40, A: +0.39, rev/s: -0.219,  rev: +1.822
2024/04/17 13:19:44 ID: 241, Data: 9C284B0062FF8502, Celsius: 40, A: +0.75, rev/s: -0.439,  rev: +1.792
2024/04/17 13:19:44 ID: 241, Data: 9C295700B9FF7902, Celsius: 41, A: +0.87, rev/s: -0.197,  rev: +1.758
2024/04/17 13:19:44 ID: 241, Data: 9C28790093FF6F02, Celsius: 40, A: +1.21, rev/s: -0.303,  rev: +1.731
2024/04/17 13:19:45 ID: 241, Data: 9C28670074FF6502, Celsius: 40, A: +1.03, rev/s: -0.389,  rev: +1.703
2024/04/17 13:19:45 ID: 241, Data: 9C296D00BBFF5902, Celsius: 41, A: +1.09, rev/s: -0.192,  rev: +1.669
2024/04/17 13:19:45 ID: 241, Data: 9C29890097FF4E02, Celsius: 41, A: +1.37, rev/s: -0.292,  rev: +1.639
2024/04/17 13:19:45 ID: 241, Data: 9C2854007AFF4502, Celsius: 40, A: +0.84, rev/s: -0.372,  rev: +1.614
2024/04/17 13:19:45 ID: 241, Data: 9C283E00C9FF3902, Celsius: 40, A: +0.62, rev/s: -0.153,  rev: +1.581
2024/04/17 13:19:45 ID: 241, Data: 9C281C006CFF2F02, Celsius: 40, A: +0.28, rev/s: -0.411,  rev: +1.553
2024/04/17 13:19:45 ID: 241, Data: 9C280400B4FF2202, Celsius: 40, A: +0.04, rev/s: -0.211,  rev: +1.517
2024/04/17 13:19:45 ID: 241, Data: 9C2803009CFF1802, Celsius: 40, A: +0.03, rev/s: -0.278,  rev: +1.489
2024/04/17 13:19:45 ID: 241, Data: 9C2827007BFF0B02, Celsius: 40, A: +0.39, rev/s: -0.369,  rev: +1.453
2024/04/17 13:19:45 ID: 241, Data: 9C292A00AAFF0102, Celsius: 41, A: +0.42, rev/s: -0.239,  rev: +1.425
2024/04/17 13:19:46 ID: 241, Data: 9C28820061FFF301, Celsius: 40, A: +1.30, rev/s: -0.442,  rev: +1.386
2024/04/17 13:19:46 ID: 241, Data: 9C287E00C9FFEA01, Celsius: 40, A: +1.26, rev/s: -0.153,  rev: +1.361
2024/04/17 13:19:46 ID: 241, Data: 9C285A008DFFE101, Celsius: 40, A: +0.90, rev/s: -0.319,  rev: +1.336
2024/04/17 13:19:46 ID: 241, Data: 9C285B0060FFD501, Celsius: 40, A: +0.91, rev/s: -0.444,  rev: +1.303
2024/04/17 13:19:46 ID: 241, Data: 9C282A00DEFFCA01, Celsius: 40, A: +0.42, rev/s: -0.094,  rev: +1.272
2024/04/17 13:19:46 ID: 241, Data: 9C280C00ADFFC001, Celsius: 40, A: +0.12, rev/s: -0.231,  rev: +1.244
2024/04/17 13:19:46 ID: 241, Data: 9C29000037FFB401, Celsius: 41, A: +0.00, rev/s: -0.558,  rev: +1.211
2024/04/17 13:19:46 ID: 241, Data: 9C29EFFFD2FFA901, Celsius: 41, A: -0.17, rev/s: -0.128,  rev: +1.181
2024/04/17 13:19:46 ID: 241, Data: 9C28FEFFA1FF9D01, Celsius: 40, A: -0.02, rev/s: -0.264,  rev: +1.147
2024/04/17 13:19:46 ID: 241, Data: 9C28FFFFC8FF9101, Celsius: 40, A: -0.01, rev/s: -0.156,  rev: +1.114
2024/04/17 13:19:47 ID: 241, Data: 9C28F8FF7DFF8701, Celsius: 40, A: -0.08, rev/s: -0.364,  rev: +1.086
2024/04/17 13:19:47 ID: 241, Data: 9C2816003DFF7B01, Celsius: 40, A: +0.22, rev/s: -0.542,  rev: +1.053
2024/04/17 13:19:47 ID: 241, Data: 9C28230093FF7001, Celsius: 40, A: +0.35, rev/s: -0.303,  rev: +1.022
2024/04/17 13:19:47 ID: 241, Data: 9C2832009AFF6601, Celsius: 40, A: +0.50, rev/s: -0.283,  rev: +0.994
2024/04/17 13:19:47 ID: 241, Data: 9C28190090FF5B01, Celsius: 40, A: +0.25, rev/s: -0.311,  rev: +0.964
2024/04/17 13:19:47 ID: 241, Data: 9C280D00A0FF5001, Celsius: 40, A: +0.13, rev/s: -0.267,  rev: +0.933
2024/04/17 13:19:47 ID: 241, Data: 9C28180083FF4501, Celsius: 40, A: +0.24, rev/s: -0.347,  rev: +0.903
2024/04/17 13:19:47 ID: 241, Data: 9C28050065FF3901, Celsius: 40, A: +0.05, rev/s: -0.431,  rev: +0.869
2024/04/17 13:19:47 ID: 241, Data: 9C28EAFF8CFF3001, Celsius: 40, A: -0.22, rev/s: -0.322,  rev: +0.844
2024/04/17 13:19:47 ID: 241, Data: 9C28F0FF6AFF2401, Celsius: 40, A: -0.16, rev/s: -0.417,  rev: +0.811
2024/04/17 13:19:48 ID: 241, Data: 9C28E5FFCEFF1901, Celsius: 40, A: -0.27, rev/s: -0.139,  rev: +0.781
2024/04/17 13:19:48 ID: 241, Data: 9C28020094FF0D01, Celsius: 40, A: +0.02, rev/s: -0.300,  rev: +0.747
2024/04/17 13:19:48 ID: 241, Data: 9C280500A3FF0101, Celsius: 40, A: +0.05, rev/s: -0.258,  rev: +0.714
2024/04/17 13:19:48 ID: 241, Data: 9C281400A0FFF700, Celsius: 40, A: +0.20, rev/s: -0.267,  rev: +0.686
2024/04/17 13:19:48 ID: 241, Data: 9C283C0091FFEB00, Celsius: 40, A: +0.60, rev/s: -0.308,  rev: +0.653
2024/04/17 13:19:48 ID: 241, Data: 9C286600CCFFE000, Celsius: 40, A: +1.02, rev/s: -0.144,  rev: +0.622
2024/04/17 13:19:48 ID: 241, Data: 9C281900ADFFD900, Celsius: 40, A: +0.25, rev/s: -0.231,  rev: +0.603
2024/04/17 13:19:48 ID: 241, Data: 9C28050084FFCC00, Celsius: 40, A: +0.05, rev/s: -0.344,  rev: +0.567
2024/04/17 13:19:48 ID: 241, Data: 9C28FAFFD7FFC100, Celsius: 40, A: -0.06, rev/s: -0.114,  rev: +0.536
2024/04/17 13:19:49 ID: 241, Data: 9C28FCFF66FFB500, Celsius: 40, A: -0.04, rev/s: -0.428,  rev: +0.503
2024/04/17 13:19:49 ID: 241, Data: 9C28F7FFBAFFA900, Celsius: 40, A: -0.09, rev/s: -0.194,  rev: +0.469
2024/04/17 13:19:49 ID: 241, Data: 9C28F7FF88FF9F00, Celsius: 40, A: -0.09, rev/s: -0.333,  rev: +0.442
2024/04/17 13:19:49 ID: 241, Data: 9C2813002AFF9200, Celsius: 40, A: +0.19, rev/s: -0.594,  rev: +0.406
2024/04/17 13:19:49 ID: 241, Data: 9C28F8FFB4FF8900, Celsius: 40, A: -0.08, rev/s: -0.211,  rev: +0.381
2024/04/17 13:19:49 ID: 241, Data: 9C28120062FF7D00, Celsius: 40, A: +0.18, rev/s: -0.439,  rev: +0.347
2024/04/17 13:19:49 ID: 241, Data: 9C283D008DFF7100, Celsius: 40, A: +0.61, rev/s: -0.319,  rev: +0.314
2024/04/17 13:19:49 ID: 241, Data: 9C283300E1FF6800, Celsius: 40, A: +0.51, rev/s: -0.086,  rev: +0.289
2024/04/17 13:19:49 ID: 241, Data: 9C281C0078FF5D00, Celsius: 40, A: +0.28, rev/s: -0.378,  rev: +0.258
2024/04/17 13:19:49 ID: 241, Data: 9C28FBFFABFF5100, Celsius: 40, A: -0.05, rev/s: -0.236,  rev: +0.225
2024/04/17 13:19:50 ID: 241, Data: 9C28F6FF57FF4600, Celsius: 40, A: -0.10, rev/s: -0.469,  rev: +0.194
2024/04/17 13:19:50 ID: 241, Data: 9C28F4FF6AFF3A00, Celsius: 40, A: -0.12, rev/s: -0.417,  rev: +0.161
2024/04/17 13:19:50 ID: 241, Data: 9C28E0FF91FF3000, Celsius: 40, A: -0.32, rev/s: -0.308,  rev: +0.133
2024/04/17 13:19:50 ID: 241, Data: 9C28F4FF72FF2400, Celsius: 40, A: -0.12, rev/s: -0.394,  rev: +0.100
2024/04/17 13:19:50 ID: 241, Data: 9C28ECFFCCFF1900, Celsius: 40, A: -0.20, rev/s: -0.144,  rev: +0.069
2024/04/17 13:19:50 ID: 241, Data: 9C28FEFFAAFF0E00, Celsius: 40, A: -0.02, rev/s: -0.239,  rev: +0.039
2024/04/17 13:19:50 ID: 241, Data: 9C280200A8FF0200, Celsius: 40, A: +0.02, rev/s: -0.244,  rev: +0.006
