2024/04/17 13:21:23 ID: 241, Data: 9C26350087000400, Celsius: 38, A: +0.53, rev/s: +0.375,  rev: +0.011
2024/04/17 13:21:23 ID: 241, Data: 9C26560054000F00, Celsius: 38, A: +0.86, rev/s: +0.233,  rev: +0.042
2024/04/17 13:21:23 ID: 241, Data: 9C267E00CB001900, Celsius: 38, A: +1.26, rev/s: +0.564,  rev: +0.069
2024/04/17 13:21:23 ID: 241, Data: 9C26EB002F002500, Celsius: 38, A: +2.35, rev/s: +0.131,  rev: +0.103
2024/04/17 13:21:23 ID: 241, Data: 9C26720050003500, Celsius: 38, A: +1.14, rev/s: +0.222,  rev: +0.147
2024/04/17 13:21:23 ID: 241, Data: 9C264F0032003E00, Celsius: 38, A: +0.79, rev/s: +0.139,  rev: +0.172
2024/04/17 13:21:23 ID: 241, Data: 9C26700061004600, Celsius: 38, A: +1.12, rev/s: +0.269,  rev: +0.194
2024/04/17 13:21:23 ID: 241, Data: 9C267800AB005100, Celsius: 38, A: +1.20, rev/s: +0.475,  rev: +0.225
2024/04/17 13:21:23 ID: 241, Data: 9C26DE005D005C00, Celsius: 38, A: +2.22, rev/s: +0.258,  rev: +0.256
2024/04/17 13:21:23 ID: 241, Data: 9C26470134006500, Celsius: 38, A: +3.27, rev/s: +0.144,  rev: +0.281
2024/04/17 13:21:24 ID: 241, Data: 9C26890183007100, Celsius: 38, A: +3.93, rev/s: +0.364,  rev: +0.314
2024/04/17 13:21:24 ID: 241, Data: 9C2632024C007C00, Celsius: 38, A: +5.62, rev/s: +0.211,  rev: +0.344
2024/04/17 13:21:24 ID: 241, Data: 9C26AC01AB008E00, Celsius: 38, A: +4.28, rev/s: +0.475,  rev: +0.394
2024/04/17 13:21:24 ID: 241, Data: 9C26E10036009C00, Celsius: 38, A: +2.25, rev/s: +0.150,  rev: +0.433
2024/04/17 13:21:24 ID: 241, Data: 9C260D019400A000, Celsius: 38, A: +2.69, rev/s: +0.411,  rev: +0.444
2024/04/17 13:21:24 ID: 241, Data: 9C269C000200AE00, Celsius: 38, A: +1.56, rev/s: +0.006,  rev: +0.483
2024/04/17 13:21:24 ID: 241, Data: 9C263F008900B900, Celsius: 38, A: +0.63, rev/s: +0.381,  rev: +0.514
2024/04/17 13:21:24 ID: 241, Data: 9C265B009700C000, Celsius: 38, A: +0.91, rev/s: +0.419,  rev: +0.533
2024/04/17 13:21:24 ID: 241, Data: 9C2694008700CB00, Celsius: 38, A: +1.48, rev/s: +0.375,  rev: +0.564
2024/04/17 13:21:24 ID: 241, Data: 9C2605012900D500, Celsius: 38, A: +2.61, rev/s: +0.114,  rev: +0.592
2024/04/17 13:21:25 ID: 241, Data: 9C2654016200DF00, Celsius: 38, A: +3.40, rev/s: +0.272,  rev: +0.619
2024/04/17 13:21:25 ID: 241, Data: 9C26BB013A00EC00, Celsius: 38, A: +4.43, rev/s: +0.161,  rev: +0.656
2024/04/17 13:21:25 ID: 241, Data: 9C26DA017500F700, Celsius: 38, A: +4.74, rev/s: +0.325,  rev: +0.686
2024/04/17 13:21:25 ID: 241, Data: 9C26B10140000601, Celsius: 38, A: +4.33, rev/s: +0.178,  rev: +0.728
2024/04/17 13:21:25 ID: 241, Data: 9C26120179001501, Celsius: 38, A: +2.74, rev/s: +0.336,  rev: +0.769
2024/04/17 13:21:25 ID: 241, Data: 9C26EF0043001D01, Celsius: 38, A: +2.39, rev/s: +0.186,  rev: +0.792
2024/04/17 13:21:25 ID: 241, Data: 9C26A0005C002701, Celsius: 38, A: +1.60, rev/s: +0.256,  rev: +0.819
2024/04/17 13:21:25 ID: 241, Data: 9C273300AB003301, Celsius: 39, A: +0.51, rev/s: +0.475,  rev: +0.853
2024/04/17 13:21:25 ID: 241, Data: 9C266A0057003C01, Celsius: 38, A: +1.06, rev/s: +0.242,  rev: +0.878
2024/04/17 13:21:26 ID: 241, Data: 9C27BF001F004401, Celsius: 39, A: +1.91, rev/s: +0.086,  rev: +0.900
2024/04/17 13:21:26 ID: 241, Data: 9C2706015C004E01, Celsius: 39, A: +2.62, rev/s: +0.256,  rev: +0.928
2024/04/17 13:21:26 ID: 241, Data: 9C275901A0005901, Celsius: 39, A: +3.45, rev/s: +0.444,  rev: +0.958
2024/04/17 13:21:26 ID: 241, Data: 9C26B30150006501, Celsius: 38, A: +4.35, rev/s: +0.222,  rev: +0.992
2024/04/17 13:21:26 ID: 241, Data: 9C279A0106017301, Celsius: 39, A: +4.10, rev/s: +0.728,  rev: +1.031
2024/04/17 13:21:26 ID: 241, Data: 9C27690187008001, Celsius: 39, A: +3.61, rev/s: +0.375,  rev: +1.067
2024/04/17 13:21:26 ID: 241, Data: 9C272A0101018B01, Celsius: 39, A: +2.98, rev/s: +0.714,  rev: +1.097
2024/04/17 13:21:26 ID: 241, Data: 9C27DA007E009801, Celsius: 39, A: +2.18, rev/s: +0.350,  rev: +1.133
2024/04/17 13:21:26 ID: 241, Data: 9C278C006E00A101, Celsius: 39, A: +1.40, rev/s: +0.306,  rev: +1.158
2024/04/17 13:21:26 ID: 241, Data: 9C2760004E00AC01, Celsius: 39, A: +0.96, rev/s: +0.217,  rev: +1.189
2024/04/17 13:21:27 ID: 241, Data: 9C278D00F5FFB501, Celsius: 39, A: +1.41, rev/s: -0.031,  rev: +1.214
2024/04/17 13:21:27 ID: 241, Data: 9C27D6002C00BD01, Celsius: 39, A: +2.14, rev/s: +0.122,  rev: +1.236
2024/04/17 13:21:27 ID: 241, Data: 9C2736016F00C701, Celsius: 39, A: +3.10, rev/s: +0.308,  rev: +1.264
2024/04/17 13:21:27 ID: 241, Data: 9C27AE015100D401, Celsius: 39, A: +4.30, rev/s: +0.225,  rev: +1.300
2024/04/17 13:21:27 ID: 241, Data: 9C27F2015700DE01, Celsius: 39, A: +4.98, rev/s: +0.242,  rev: +1.328
2024/04/17 13:21:27 ID: 241, Data: 9C271902EB00EB01, Celsius: 39, A: +5.37, rev/s: +0.653,  rev: +1.364
2024/04/17 13:21:27 ID: 241, Data: 9C27CE01A000FC01, Celsius: 39, A: +4.62, rev/s: +0.444,  rev: +1.411
2024/04/17 13:21:27 ID: 241, Data: 9C2769011F000602, Celsius: 39, A: +3.61, rev/s: +0.086,  rev: +1.439
2024/04/17 13:21:27 ID: 241, Data: 9C270E0100011202, Celsius: 39, A: +2.70, rev/s: +0.711,  rev: +1.472
2024/04/17 13:21:27 ID: 241, Data: 9C2772000D001E02, Celsius: 39, A: +1.14, rev/s: +0.036,  rev: +1.506
2024/04/17 13:21:28 ID: 241, Data: 9C2785002D002502, Celsius: 39, A: +1.33, rev/s: +0.125,  rev: +1.525
2024/04/17 13:21:28 ID: 241, Data: 9C279E0025002D02, Celsius: 39, A: +1.58, rev/s: +0.103,  rev: +1.547
2024/04/17 13:21:28 ID: 241, Data: 9C27EA005B003602, Celsius: 39, A: +2.34, rev/s: +0.253,  rev: +1.572
2024/04/17 13:21:28 ID: 241, Data: 9C273F019C004102, Celsius: 39, A: +3.19, rev/s: +0.433,  rev: +1.603
2024/04/17 13:21:28 ID: 241, Data: 9C27D30141004D02, Celsius: 39, A: +4.67, rev/s: +0.181,  rev: +1.636
2024/04/17 13:21:28 ID: 241, Data: 9C27E801C4005A02, Celsius: 39, A: +4.88, rev/s: +0.544,  rev: +1.672
2024/04/17 13:21:28 ID: 241, Data: 9C271D0251006602, Celsius: 39, A: +5.41, rev/s: +0.225,  rev: +1.706
2024/04/17 13:21:28 ID: 241, Data: 9C27DB01E6007302, Celsius: 39, A: +4.75, rev/s: +0.639,  rev: +1.742
2024/04/17 13:21:28 ID: 241, Data: 9C279B0177007F02, Celsius: 39, A: +4.11, rev/s: +0.331,  rev: +1.775
2024/04/17 13:21:28 ID: 241, Data: 9C2709011F008D02, Celsius: 39, A: +2.65, rev/s: +0.086,  rev: +1.814
2024/04/17 13:21:29 ID: 241, Data: 9C27CF003F009602, Celsius: 39, A: +2.07, rev/s: +0.175,  rev: +1.839
2024/04/17 13:21:29 ID: 241, Data: 9C2781005D009F02, Celsius: 39, A: +1.29, rev/s: +0.258,  rev: +1.864
2024/04/17 13:21:29 ID: 241, Data: 9C27A9004F00A702, Celsius: 39, A: +1.69, rev/s: +0.219,  rev: +1.886
2024/04/17 13:21:29 ID: 241, Data: 9C28CE00B000B202, Celsius: 40, A: +2.06, rev/s: +0.489,  rev: +1.917
2024/04/17 13:21:29 ID: 241, Data: 9C2850013000BC02, Celsius: 40, A: +3.36, rev/s: +0.133,  rev: +1.944
2024/04/17 13:21:29 ID: 241, Data: 9C28D9014D00C502, Celsius: 40, A: +4.73, rev/s: +0.214,  rev: +1.969
2024/04/17 13:21:29 ID: 241, Data: 9C281602D600D202, Celsius: 40, A: +5.34, rev/s: +0.594,  rev: +2.006
2024/04/17 13:21:29 ID: 241, Data: 9C273602A400E002, Celsius: 39, A: +5.66, rev/s: +0.456,  rev: +2.044
2024/04/17 13:21:29 ID: 241, Data: 9C281D023400ED02, Celsius: 40, A: +5.41, rev/s: +0.144,  rev: +2.081
2024/04/17 13:21:30 ID: 241, Data: 9C2868013101FB02, Celsius: 40, A: +3.60, rev/s: +0.847,  rev: +2.119
2024/04/17 13:21:30 ID: 241, Data: 9C28F8005E000703, Celsius: 40, A: +2.48, rev/s: +0.261,  rev: +2.153
2024/04/17 13:21:30 ID: 241, Data: 9C28E30049000E03, Celsius: 40, A: +2.27, rev/s: +0.203,  rev: +2.172
2024/04/17 13:21:30 ID: 241, Data: 9C287800C5001A03, Celsius: 40, A: +1.20, rev/s: +0.547,  rev: +2.206
2024/04/17 13:21:30 ID: 241, Data: 9C289400C2002203, Celsius: 40, A: +1.48, rev/s: +0.539,  rev: +2.228
2024/04/17 13:21:30 ID: 241, Data: 9C28F20054002C03, Celsius: 40, A: +2.42, rev/s: +0.233,  rev: +2.256
2024/04/17 13:21:30 ID: 241, Data: 9C28670149003503, Celsius: 40, A: +3.59, rev/s: +0.203,  rev: +2.281
2024/04/17 13:21:30 ID: 241, Data: 9C28AD019A004103, Celsius: 40, A: +4.29, rev/s: +0.428,  rev: +2.314
2024/04/17 13:21:30 ID: 241, Data: 9C2840025C004C03, Celsius: 40, A: +5.76, rev/s: +0.256,  rev: +2.344
2024/04/17 13:21:30 ID: 241, Data: 9C28C40240005603, Celsius: 40, A: +7.08, rev/s: +0.178,  rev: +2.372
2024/04/17 13:21:31 ID: 241, Data: 9C2984026B006703, Celsius: 41, A: +6.44, rev/s: +0.297,  rev: +2.419
2024/04/17 13:21:31 ID: 241, Data: 9C293101C4007A03, Celsius: 41, A: +3.05, rev/s: +0.544,  rev: +2.472
2024/04/17 13:21:31 ID: 241, Data: 9C2925010E007E03, Celsius: 41, A: +2.93, rev/s: +0.039,  rev: +2.483
2024/04/17 13:21:31 ID: 241, Data: 9C299D001A018C03, Celsius: 41, A: +1.57, rev/s: +0.783,  rev: +2.522
2024/04/17 13:21:31 ID: 241, Data: 9C296D0003009303, Celsius: 41, A: +1.09, rev/s: +0.008,  rev: +2.542
2024/04/17 13:21:31 ID: 241, Data: 9C299B0095009D03, Celsius: 41, A: +1.55, rev/s: +0.414,  rev: +2.569
2024/04/17 13:21:31 ID: 241, Data: 9C29FB003900A403, Celsius: 41, A: +2.51, rev/s: +0.158,  rev: +2.589
2024/04/17 13:21:31 ID: 241, Data: 9C293101C800AF03, Celsius: 41, A: +3.05, rev/s: +0.556,  rev: +2.619
2024/04/17 13:21:31 ID: 241, Data: 9C299D019B00BB03, Celsius: 41, A: +4.13, rev/s: +0.431,  rev: +2.653
2024/04/17 13:21:31 ID: 241, Data: 9C2936023500C503, Celsius: 41, A: +5.66, rev/s: +0.147,  rev: +2.681
2024/04/17 13:21:32 ID: 241, Data: 9C296B02E900D203, Celsius: 41, A: +6.19, rev/s: +0.647,  rev: +2.717
2024/04/17 13:21:32 ID: 241, Data: 9C291D02F600E403, Celsius: 41, A: +5.41, rev/s: +0.683,  rev: +2.767
2024/04/17 13:21:32 ID: 241, Data: 9C29D8002500F503, Celsius: 41, A: +2.16, rev/s: +0.103,  rev: +2.814
2024/04/17 13:21:32 ID: 241, Data: 9C292901FBFFF503, Celsius: 41, A: +2.97, rev/s: -0.014,  rev: +2.814
2024/04/17 13:21:32 ID: 241, Data: 9C298A0066000604, Celsius: 41, A: +1.38, rev/s: +0.283,  rev: +2.861
2024/04/17 13:21:32 ID: 241, Data: 9C2982001D000B04, Celsius: 41, A: +1.30, rev/s: +0.081,  rev: +2.875
2024/04/17 13:21:32 ID: 241, Data: 9C29B40030001504, Celsius: 41, A: +1.80, rev/s: +0.133,  rev: +2.903
2024/04/17 13:21:32 ID: 241, Data: 9C29F7004F001F04, Celsius: 41, A: +2.47, rev/s: +0.219,  rev: +2.931
2024/04/17 13:21:32 ID: 241, Data: 9C296D0179002904, Celsius: 41, A: +3.65, rev/s: +0.336,  rev: +2.958
2024/04/17 13:21:32 ID: 241, Data: 9C2AFC014E003404, Celsius: 42, A: +5.08, rev/s: +0.217,  rev: +2.989
2024/04/17 13:21:33 ID: 241, Data: 9C296202A5003F04, Celsius: 41, A: +6.10, rev/s: +0.458,  rev: +3.019
2024/04/17 13:21:33 ID: 241, Data: 9C29930254004D04, Celsius: 41, A: +6.59, rev/s: +0.233,  rev: +3.058
2024/04/17 13:21:33 ID: 241, Data: 9C293C025E005D04, Celsius: 41, A: +5.72, rev/s: +0.261,  rev: +3.103
2024/04/17 13:21:33 ID: 241, Data: 9C2948015D006D04, Celsius: 41, A: +3.28, rev/s: +0.258,  rev: +3.147
2024/04/17 13:21:33 ID: 241, Data: 9C2A1D013F007204, Celsius: 42, A: +2.85, rev/s: +0.175,  rev: +3.161
2024/04/17 13:21:33 ID: 241, Data: 9C2AAF0037007F04, Celsius: 42, A: +1.75, rev/s: +0.153,  rev: +3.197
2024/04/17 13:21:33 ID: 241, Data: 9C2AB10016008504, Celsius: 42, A: +1.77, rev/s: +0.061,  rev: +3.214
2024/04/17 13:21:33 ID: 241, Data: 9C2AF3003A008E04, Celsius: 42, A: +2.43, rev/s: +0.161,  rev: +3.239
2024/04/17 13:21:33 ID: 241, Data: 9C2A53016A009804, Celsius: 42, A: +3.39, rev/s: +0.294,  rev: +3.267
2024/04/17 13:21:34 ID: 241, Data: 9C2AD0013600A404, Celsius: 42, A: +4.64, rev/s: +0.150,  rev: +3.300
2024/04/17 13:21:34 ID: 241, Data: 9C2A44024900AE04, Celsius: 42, A: +5.80, rev/s: +0.203,  rev: +3.328
2024/04/17 13:21:34 ID: 241, Data: 9C2ADB02C000B804, Celsius: 42, A: +7.31, rev/s: +0.533,  rev: +3.356
2024/04/17 13:21:34 ID: 241, Data: 9C2AB2022D01CA04, Celsius: 42, A: +6.90, rev/s: +0.836,  rev: +3.406
2024/04/17 13:21:34 ID: 241, Data: 9C2AD6013600DD04, Celsius: 42, A: +4.70, rev/s: +0.150,  rev: +3.458
2024/04/17 13:21:34 ID: 241, Data: 9C2A36021300DE04, Celsius: 42, A: +5.66, rev/s: +0.053,  rev: +3.461
2024/04/17 13:21:34 ID: 241, Data: 9C2AE000B600F604, Celsius: 42, A: +2.24, rev/s: +0.506,  rev: +3.528
2024/04/17 13:21:34 ID: 241, Data: 9C2A8100FCFFF804, Celsius: 42, A: +1.29, rev/s: -0.011,  rev: +3.533
2024/04/17 13:21:34 ID: 241, Data: 9C2AE6002D00FD04, Celsius: 42, A: +2.30, rev/s: +0.125,  rev: +3.547
2024/04/17 13:21:34 ID: 241, Data: 9C2A15018E000805, Celsius: 42, A: +2.77, rev/s: +0.394,  rev: +3.578
2024/04/17 13:21:35 ID: 241, Data: 9C2AA0018C001105, Celsius: 42, A: +4.16, rev/s: +0.389,  rev: +3.603
2024/04/17 13:21:35 ID: 241, Data: 9C2A5F0225001C05, Celsius: 42, A: +6.07, rev/s: +0.103,  rev: +3.633
2024/04/17 13:21:35 ID: 241, Data: 9C2A210358002605, Celsius: 42, A: +8.01, rev/s: +0.244,  rev: +3.661
2024/04/17 13:21:35 ID: 241, Data: 9C2AC60342002D05, Celsius: 42, A: +9.66, rev/s: +0.183,  rev: +3.681
2024/04/17 13:21:35 ID: 241, Data: 9C2A9003EEFF2F05, Celsius: 42, A: +9.12, rev/s: -0.050,  rev: +3.686
2024/04/17 13:21:35 ID: 241, Data: 9C2A8903EEFF2F05, Celsius: 42, A: +9.05, rev/s: -0.050,  rev: +3.686
2024/04/17 13:21:35 ID: 241, Data: 9C2A8603F0FF2F05, Celsius: 42, A: +9.02, rev/s: -0.044,  rev: +3.686
2024/04/17 13:21:35 ID: 241, Data: 9C2A840330002F05, Celsius: 42, A: +9.00, rev/s: +0.133,  rev: +3.686
2024/04/17 13:21:35 ID: 241, Data: 9C2A840307002F05, Celsius: 42, A: +9.00, rev/s: +0.019,  rev: +3.686
2024/04/17 13:21:35 ID: 241, Data: 9C2A7E03F1FF2F05, Celsius: 42, A: +8.94, rev/s: -0.042,  rev: +3.686
2024/04/17 13:21:36 ID: 241, Data: 9C2A7D0306002F05, Celsius: 42, A: +8.93, rev/s: +0.017,  rev: +3.686
2024/04/17 13:21:36 ID: 241, Data: 9C2B7E0300002F05, Celsius: 43, A: +8.94, rev/s: +0.000,  rev: +3.686
2024/04/17 13:21:36 ID: 241, Data: 9C2B7B030A002F05, Celsius: 43, A: +8.91, rev/s: +0.028,  rev: +3.686
2024/04/17 13:21:36 ID: 241, Data: 9C2B7603F2FF2F05, Celsius: 43, A: +8.86, rev/s: -0.039,  rev: +3.686
2024/04/17 13:21:36 ID: 241, Data: 9C2B79030C002F05, Celsius: 43, A: +8.89, rev/s: +0.033,  rev: +3.686
2024/04/17 13:21:36 ID: 241, Data: 9C2B770303002F05, Celsius: 43, A: +8.87, rev/s: +0.008,  rev: +3.686
2024/04/17 13:21:36 ID: 241, Data: 9C2B740309002F05, Celsius: 43, A: +8.84, rev/s: +0.025,  rev: +3.686
2024/04/17 13:21:36 ID: 241, Data: 9C2C72030C002F05, Celsius: 44, A: +8.82, rev/s: +0.033,  rev: +3.686
2024/04/17 13:21:36 ID: 241, Data: 9C2C710302002F05, Celsius: 44, A: +8.81, rev/s: +0.006,  rev: +3.686
2024/04/17 13:21:36 ID: 241, Data: 9C2C7303FCFF2F05, Celsius: 44, A: +8.83, rev/s: -0.011,  rev: +3.686
2024/04/17 13:21:37 ID: 241, Data: 9C2C7303F9FF2F05, Celsius: 44, A: +8.83, rev/s: -0.019,  rev: +3.686
2024/04/17 13:21:37 ID: 241, Data: 9C2C6E03E7FF2F05, Celsius: 44, A: +8.78, rev/s: -0.069,  rev: +3.686
2024/04/17 13:21:37 ID: 241, Data: 9C2D690316002F05, Celsius: 45, A: +8.73, rev/s: +0.061,  rev: +3.686
2024/04/17 13:21:37 ID: 241, Data: 9C2D6A03D9FF2F05, Celsius: 45, A: +8.74, rev/s: -0.108,  rev: +3.686
2024/04/17 13:21:37 ID: 241, Data: 9C2D6903EEFF2F05, Celsius: 45, A: +8.73, rev/s: -0.050,  rev: +3.686
2024/04/17 13:21:37 ID: 241, Data: 9C2E690328002F05, Celsius: 46, A: +8.73, rev/s: +0.111,  rev: +3.686
2024/04/17 13:21:37 ID: 241, Data: 9C2E650317002F05, Celsius: 46, A: +8.69, rev/s: +0.064,  rev: +3.686
2024/04/17 13:21:37 ID: 241, Data: 9C2E6803F3FF2F05, Celsius: 46, A: +8.72, rev/s: -0.036,  rev: +3.686
2024/04/17 13:21:37 ID: 241, Data: 9C2E6503EDFF2F05, Celsius: 46, A: +8.69, rev/s: -0.053,  rev: +3.686
2024/04/17 13:21:38 ID: 241, Data: 9C2F650301002F05, Celsius: 47, A: +8.69, rev/s: +0.003,  rev: +3.686
2024/04/17 13:21:38 ID: 241, Data: 9C2F6303EDFF2F05, Celsius: 47, A: +8.67, rev/s: -0.053,  rev: +3.686
2024/04/17 13:21:38 ID: 241, Data: 9C2F6203DBFF2F05, Celsius: 47, A: +8.66, rev/s: -0.103,  rev: +3.686
2024/04/17 13:21:38 ID: 241, Data: 9C2F5F03F9FF2F05, Celsius: 47, A: +8.63, rev/s: -0.019,  rev: +3.686
2024/04/17 13:21:38 ID: 241, Data: 9C2F5F03FBFF2F05, Celsius: 47, A: +8.63, rev/s: -0.014,  rev: +3.686
2024/04/17 13:21:38 ID: 241, Data: 9C305F0302002F05, Celsius: 48, A: +8.63, rev/s: +0.006,  rev: +3.686
2024/04/17 13:21:38 ID: 241, Data: 9C305E0312002F05, Celsius: 48, A: +8.62, rev/s: +0.050,  rev: +3.686
2024/04/17 13:21:38 ID: 241, Data: 9C315C0305002F05, Celsius: 49, A: +8.60, rev/s: +0.014,  rev: +3.686
2024/04/17 13:21:38 ID: 241, Data: 9C30590304002F05, Celsius: 48, A: +8.57, rev/s: +0.011,  rev: +3.686
2024/04/17 13:21:38 ID: 241, Data: 9C31590306002F05, Celsius: 49, A: +8.57, rev/s: +0.017,  rev: +3.686
2024/04/17 13:21:39 ID: 241, Data: 9C315E03EFFF2F05, Celsius: 49, A: +8.62, rev/s: -0.047,  rev: +3.686
2024/04/17 13:21:39 ID: 241, Data: 9C315903F9FF2F05, Celsius: 49, A: +8.57, rev/s: -0.019,  rev: +3.686
2024/04/17 13:21:39 ID: 241, Data: 9C315A0311002F05, Celsius: 49, A: +8.58, rev/s: +0.047,  rev: +3.686
2024/04/17 13:21:39 ID: 241, Data: 9C32580335002F05, Celsius: 50, A: +8.56, rev/s: +0.147,  rev: +3.686
2024/04/17 13:21:39 ID: 241, Data: 9C32570305002F05, Celsius: 50, A: +8.55, rev/s: +0.014,  rev: +3.686
2024/04/17 13:21:39 ID: 241, Data: 9C32580309002F05, Celsius: 50, A: +8.56, rev/s: +0.025,  rev: +3.686
2024/04/17 13:21:39 ID: 241, Data: 9C325103F2FF2F05, Celsius: 50, A: +8.49, rev/s: -0.039,  rev: +3.686
2024/04/17 13:21:39 ID: 241, Data: 9C3353030D002F05, Celsius: 51, A: +8.51, rev/s: +0.036,  rev: +3.686
2024/04/17 13:21:39 ID: 241, Data: 9C3351030E002F05, Celsius: 51, A: +8.49, rev/s: +0.039,  rev: +3.686
2024/04/17 13:21:39 ID: 241, Data: 9C335303F6FF2F05, Celsius: 51, A: +8.51, rev/s: -0.028,  rev: +3.686
2024/04/17 13:21:40 ID: 241, Data: 9C33520302002F05, Celsius: 51, A: +8.50, rev/s: +0.006,  rev: +3.686
2024/04/17 13:21:40 ID: 241, Data: 9C344F0302002F05, Celsius: 52, A: +8.47, rev/s: +0.006,  rev: +3.686
2024/04/17 13:21:40 ID: 241, Data: 9C34510317002F05, Celsius: 52, A: +8.49, rev/s: +0.064,  rev: +3.686
2024/04/17 13:21:40 ID: 241, Data: 9C344E030A002F05, Celsius: 52, A: +8.46, rev/s: +0.028,  rev: +3.686
2024/04/17 13:21:40 ID: 241, Data: 9C344F030E002F05, Celsius: 52, A: +8.47, rev/s: +0.039,  rev: +3.686
2024/04/17 13:21:40 ID: 241, Data: 9C354D03EAFF2F05, Celsius: 53, A: +8.45, rev/s: -0.061,  rev: +3.686
2024/04/17 13:21:40 ID: 241, Data: 9C354E0300002F05, Celsius: 53, A: +8.46, rev/s: +0.000,  rev: +3.686
2024/04/17 13:21:40 ID: 241, Data: 9C354B0319002F05, Celsius: 53, A: +8.43, rev/s: +0.069,  rev: +3.686
2024/04/17 13:21:40 ID: 241, Data: 9C354903FDFF2F05, Celsius: 53, A: +8.41, rev/s: -0.008,  rev: +3.686
2024/04/17 13:21:40 ID: 241, Data: 9C364A03F0FF2F05, Celsius: 54, A: +8.42, rev/s: -0.044,  rev: +3.686
2024/04/17 13:21:41 ID: 241, Data: 9C364603F8FF2F05, Celsius: 54, A: +8.38, rev/s: -0.022,  rev: +3.686
2024/04/17 13:21:41 ID: 241, Data: 9C3647030F002F05, Celsius: 54, A: +8.39, rev/s: +0.042,  rev: +3.686
2024/04/17 13:21:41 ID: 241, Data: 9C3646031B002F05, Celsius: 54, A: +8.38, rev/s: +0.075,  rev: +3.686
2024/04/17 13:21:41 ID: 241, Data: 9C36470300002F05, Celsius: 54, A: +8.39, rev/s: +0.000,  rev: +3.686
2024/04/17 13:21:41 ID: 241, Data: 9C37490307002F05, Celsius: 55, A: +8.41, rev/s: +0.019,  rev: +3.686
2024/04/17 13:21:41 ID: 241, Data: 9C37490308002F05, Celsius: 55, A: +8.41, rev/s: +0.022,  rev: +3.686
2024/04/17 13:21:41 ID: 241, Data: 9C374503F7FF2F05, Celsius: 55, A: +8.37, rev/s: -0.025,  rev: +3.686
2024/04/17 13:21:41 ID: 241, Data: 9C374503F6FF2F05, Celsius: 55, A: +8.37, rev/s: -0.028,  rev: +3.686
2024/04/17 13:21:41 ID: 241, Data: 9C38400319002F05, Celsius: 56, A: +8.32, rev/s: +0.069,  rev: +3.686
2024/04/17 13:21:42 ID: 241, Data: 9C384303EFFF2F05, Celsius: 56, A: +8.35, rev/s: -0.047,  rev: +3.686
2024/04/17 13:21:42 ID: 241, Data: 9C38410300002F05, Celsius: 56, A: +8.33, rev/s: +0.000,  rev: +3.686
2024/04/17 13:21:42 ID: 241, Data: 9C38450301002F05, Celsius: 56, A: +8.37, rev/s: +0.003,  rev: +3.686
2024/04/17 13:21:42 ID: 241, Data: 9C39430313002F05, Celsius: 57, A: +8.35, rev/s: +0.053,  rev: +3.686
2024/04/17 13:21:42 ID: 241, Data: 9C39410317002F05, Celsius: 57, A: +8.33, rev/s: +0.064,  rev: +3.686
2024/04/17 13:21:42 ID: 241, Data: 9C393F0312002F05, Celsius: 57, A: +8.31, rev/s: +0.050,  rev: +3.686
2024/04/17 13:21:42 ID: 241, Data: 9C394103EDFF2F05, Celsius: 57, A: +8.33, rev/s: -0.053,  rev: +3.686
2024/04/17 13:21:42 ID: 241, Data: 9C394003F9FF2F05, Celsius: 57, A: +8.32, rev/s: -0.019,  rev: +3.686
2024/04/17 13:21:42 ID: 241, Data: 9C3A40031C002F05, Celsius: 58, A: +8.32, rev/s: +0.078,  rev: +3.686
2024/04/17 13:21:42 ID: 241, Data: 9C3A3D0310002F05, Celsius: 58, A: +8.29, rev/s: +0.044,  rev: +3.686
2024/04/17 13:21:43 ID: 241, Data: 9C3A3D0321002F05, Celsius: 58, A: +8.29, rev/s: +0.092,  rev: +3.686
2024/04/17 13:21:43 ID: 241, Data: 9C3A3B0306002F05, Celsius: 58, A: +8.27, rev/s: +0.017,  rev: +3.686
2024/04/17 13:21:43 ID: 241, Data: 9C3B3E0321002F05, Celsius: 59, A: +8.30, rev/s: +0.092,  rev: +3.686
2024/04/17 13:21:43 ID: 241, Data: 9C3B3A03FAFF2F05, Celsius: 59, A: +8.26, rev/s: -0.017,  rev: +3.686
2024/04/17 13:21:43 ID: 241, Data: 9C3B3C0300002F05, Celsius: 59, A: +8.28, rev/s: +0.000,  rev: +3.686
2024/04/17 13:21:43 ID: 241, Data: 9C3B3C03FFFF2F05, Celsius: 59, A: +8.28, rev/s: -0.003,  rev: +3.686
2024/04/17 13:21:43 ID: 241, Data: 9C3B3B03F0FF2F05, Celsius: 59, A: +8.27, rev/s: -0.044,  rev: +3.686
2024/04/17 13:21:43 ID: 241, Data: 9C3B380300002F05, Celsius: 59, A: +8.24, rev/s: +0.000,  rev: +3.686
2024/04/17 13:21:43 ID: 241, Data: 9C3B380306002F05, Celsius: 59, A: +8.24, rev/s: +0.017,  rev: +3.686
2024/04/17 13:21:43 ID: 241, Data: 9C3C3903E3FF2F05, Celsius: 60, A: +8.25, rev/s: -0.081,  rev: +3.686
2024/04/17 13:21:44 ID: 241, Data: 9C3C39030F002F05, Celsius: 60, A: +8.25, rev/s: +0.042,  rev: +3.686
2024/04/17 13:21:44 ID: 241, Data: 9C3C37030C002F05, Celsius: 60, A: +8.23, rev/s: +0.033,  rev: +3.686
2024/04/17 13:21:44 ID: 241, Data: 9C3C35030A002F05, Celsius: 60, A: +8.21, rev/s: +0.028,  rev: +3.686
2024/04/17 13:21:44 ID: 241, Data: 9C3C37031E002F05, Celsius: 60, A: +8.23, rev/s: +0.083,  rev: +3.686
2024/04/17 13:21:44 ID: 241, Data: 9C3D340304002F05, Celsius: 61, A: +8.20, rev/s: +0.011,  rev: +3.686
2024/04/17 13:21:44 ID: 241, Data: 9C3D35030B002F05, Celsius: 61, A: +8.21, rev/s: +0.031,  rev: +3.686
2024/04/17 13:21:44 ID: 241, Data: 9C3D33031A002F05, Celsius: 61, A: +8.19, rev/s: +0.072,  rev: +3.686
2024/04/17 13:21:44 ID: 241, Data: 9C3D330342002F05, Celsius: 61, A: +8.19, rev/s: +0.183,  rev: +3.686
2024/04/17 13:21:44 ID: 241, Data: 9C3E3103FDFF2F05, Celsius: 62, A: +8.17, rev/s: -0.008,  rev: +3.686
2024/04/17 13:21:44 ID: 241, Data: 9C3E310310002F05, Celsius: 62, A: +8.17, rev/s: +0.044,  rev: +3.686
2024/04/17 13:21:45 ID: 241, Data: 9C3E310320002F05, Celsius: 62, A: +8.17, rev/s: +0.089,  rev: +3.686
2024/04/17 13:21:45 ID: 241, Data: 9C3D320305002F05, Celsius: 61, A: +8.18, rev/s: +0.014,  rev: +3.686
2024/04/17 13:21:45 ID: 241, Data: 9C3E2D03FEFF2F05, Celsius: 62, A: +8.13, rev/s: -0.006,  rev: +3.686
2024/04/17 13:21:45 ID: 241, Data: 9C3E330316002F05, Celsius: 62, A: +8.19, rev/s: +0.061,  rev: +3.686
2024/04/17 13:21:45 ID: 241, Data: 9C3F3103F3FF2F05, Celsius: 63, A: +8.17, rev/s: -0.036,  rev: +3.686
2024/04/17 13:21:45 ID: 241, Data: 9C3F320311002F05, Celsius: 63, A: +8.18, rev/s: +0.047,  rev: +3.686
2024/04/17 13:21:45 ID: 241, Data: 9C3F2F0328002F05, Celsius: 63, A: +8.15, rev/s: +0.111,  rev: +3.686
2024/04/17 13:21:45 ID: 241, Data: 9C3F2C03F7FF2F05, Celsius: 63, A: +8.12, rev/s: -0.025,  rev: +3.686
2024/04/17 13:21:45 ID: 241, Data: 9C3F2D0322002F05, Celsius: 63, A: +8.13, rev/s: +0.094,  rev: +3.686
2024/04/17 13:21:46 ID: 241, Data: 9C3F2D032C002F05, Celsius: 63, A: +8.13, rev/s: +0.122,  rev: +3.686
2024/04/17 13:21:46 ID: 241, Data: 9C402C030D002F05, Celsius: 64, A: +8.12, rev/s: +0.036,  rev: +3.686
2024/04/17 13:21:46 ID: 241, Data: 9C402E03F7FF2F05, Celsius: 64, A: +8.14, rev/s: -0.025,  rev: +3.686
2024/04/17 13:21:46 ID: 241, Data: 9C402C030C002F05, Celsius: 64, A: +8.12, rev/s: +0.033,  rev: +3.686
2024/04/17 13:21:46 ID: 241, Data: 9C402E03D9FF2F05, Celsius: 64, A: +8.14, rev/s: -0.108,  rev: +3.686
2024/04/17 13:21:46 ID: 241, Data: 9C402C03FDFF2F05, Celsius: 64, A: +8.12, rev/s: -0.008,  rev: +3.686
2024/04/17 13:21:46 ID: 241, Data: 9C402A03E5FF2F05, Celsius: 64, A: +8.10, rev/s: -0.075,  rev: +3.686
2024/04/17 13:21:46 ID: 241, Data: 9C4129030B002F05, Celsius: 65, A: +8.09, rev/s: +0.031,  rev: +3.686
2024/04/17 13:21:46 ID: 241, Data: 9C412903FEFF2F05, Celsius: 65, A: +8.09, rev/s: -0.006,  rev: +3.686
2024/04/17 13:21:46 ID: 241, Data: 9C412A030A002F05, Celsius: 65, A: +8.10, rev/s: +0.028,  rev: +3.686
2024/04/17 13:21:47 ID: 241, Data: 9C412803F6FF2F05, Celsius: 65, A: +8.08, rev/s: -0.028,  rev: +3.686
2024/04/17 13:21:47 ID: 241, Data: 9C41280317002F05, Celsius: 65, A: +8.08, rev/s: +0.064,  rev: +3.686
2024/04/17 13:21:47 ID: 241, Data: 9C412903F7FF2F05, Celsius: 65, A: +8.09, rev/s: -0.025,  rev: +3.686
2024/04/17 13:21:47 ID: 241, Data: 9C422803E3FF2F05, Celsius: 66, A: +8.08, rev/s: -0.081,  rev: +3.686
2024/04/17 13:21:47 ID: 241, Data: 9C42250305002F05, Celsius: 66, A: +8.05, rev/s: +0.014,  rev: +3.686
2024/04/17 13:21:47 ID: 241, Data: 9C422403F7FF2F05, Celsius: 66, A: +8.04, rev/s: -0.025,  rev: +3.686
2024/04/17 13:21:47 ID: 241, Data: 9C42280311002F05, Celsius: 66, A: +8.08, rev/s: +0.047,  rev: +3.686
2024/04/17 13:21:47 ID: 241, Data: 9C422903E7FF2F05, Celsius: 66, A: +8.09, rev/s: -0.069,  rev: +3.686
2024/04/17 13:21:47 ID: 241, Data: 9C422903F1FF2F05, Celsius: 66, A: +8.09, rev/s: -0.042,  rev: +3.686
2024/04/17 13:21:47 ID: 241, Data: 9C432203F3FF2F05, Celsius: 67, A: +8.02, rev/s: -0.036,  rev: +3.686
2024/04/17 13:21:48 ID: 241, Data: 9C43660327003405, Celsius: 67, A: +8.70, rev/s: +0.108,  rev: +3.700
2024/04/17 13:21:48 ID: 241, Data: 9C43090363003D05, Celsius: 67, A: +7.77, rev/s: +0.275,  rev: +3.725
2024/04/17 13:21:48 ID: 241, Data: 9C43AC026C015605, Celsius: 67, A: +6.84, rev/s: +1.011,  rev: +3.794
2024/04/17 13:21:48 ID: 241, Data: 9C430C037F01AE05, Celsius: 67, A: +7.80, rev/s: +1.064,  rev: +4.039
2024/04/17 13:21:48 ID: 241, Data: 9C44FD006A060A06, Celsius: 68, A: +2.53, rev/s: +4.561,  rev: +4.294
2024/04/17 13:21:48 ID: 241, Data: 9C433A031C014006, Celsius: 67, A: +8.26, rev/s: +0.789,  rev: +4.444
2024/04/17 13:21:48 ID: 241, Data: 9C440F0339018F06, Celsius: 68, A: +7.83, rev/s: +0.869,  rev: +4.664
2024/04/17 13:21:48 ID: 241, Data: 9C441F03A200AE06, Celsius: 68, A: +7.99, rev/s: +0.450,  rev: +4.750
2024/04/17 13:21:48 ID: 241, Data: 9C445B02AC020307, Celsius: 68, A: +6.03, rev/s: +1.900,  rev: +4.986
2024/04/17 13:21:48 ID: 241, Data: 9C44D2011F044407, Celsius: 68, A: +4.66, rev/s: +2.931,  rev: +5.167
2024/04/17 13:21:49 ID: 241, Data: 9C441203BC019F07, Celsius: 68, A: +7.86, rev/s: +1.233,  rev: +5.419
2024/04/17 13:21:49 ID: 241, Data: 9C44980255010008, Celsius: 68, A: +6.64, rev/s: +0.947,  rev: +5.689
2024/04/17 13:21:49 ID: 241, Data: 9C441F0189055B08, Celsius: 68, A: +2.87, rev/s: +3.936,  rev: +5.942
2024/04/17 13:21:49 ID: 241, Data: 9C449B02D1018A08, Celsius: 68, A: +6.67, rev/s: +1.292,  rev: +6.072
2024/04/17 13:21:49 ID: 241, Data: 9C442D028402E808, Celsius: 68, A: +5.57, rev/s: +1.789,  rev: +6.333
2024/04/17 13:21:49 ID: 241, Data: 9C44C700B7063709, Celsius: 68, A: +1.99, rev/s: +4.775,  rev: +6.553
2024/04/17 13:21:49 ID: 241, Data: 9C4502027A039009, Celsius: 69, A: +5.14, rev/s: +2.472,  rev: +6.800
2024/04/17 13:21:49 ID: 241, Data: 9C44F4020402F809, Celsius: 68, A: +7.56, rev/s: +1.433,  rev: +7.089
2024/04/17 13:21:49 ID: 241, Data: 9C4500032902630A, Celsius: 69, A: +7.68, rev/s: +1.536,  rev: +7.386
2024/04/17 13:21:50 ID: 241, Data: 9C44EF025D02CA0A, Celsius: 68, A: +7.51, rev/s: +1.681,  rev: +7.672
2024/04/17 13:21:50 ID: 241, Data: 9C4539015E050C0B, Celsius: 69, A: +3.13, rev/s: +3.817,  rev: +7.856
2024/04/17 13:21:50 ID: 241, Data: 9C44D502BA015F0B, Celsius: 68, A: +7.25, rev/s: +1.228,  rev: +8.086
2024/04/17 13:21:50 ID: 241, Data: 9C45C701C201CD0B, Celsius: 69, A: +4.55, rev/s: +1.250,  rev: +8.392
2024/04/17 13:21:50 ID: 241, Data: 9C45130043FFA80B, Celsius: 69, A: +0.19, rev/s: -0.525,  rev: +8.289
2024/04/17 13:21:50 ID: 241, Data: 9C454800A7FFA60B, Celsius: 69, A: +0.72, rev/s: -0.247,  rev: +8.283
2024/04/17 13:21:50 ID: 241, Data: 9C46CC009801AC0B, Celsius: 70, A: +2.04, rev/s: +1.133,  rev: +8.300
2024/04/17 13:21:50 ID: 241, Data: 9C45B200FAFFBA0B, Celsius: 69, A: +1.78, rev/s: -0.017,  rev: +8.339
2024/04/17 13:21:50 ID: 241, Data: 9C45D6014000BD0B, Celsius: 69, A: +4.70, rev/s: +0.178,  rev: +8.347
2024/04/17 13:21:50 ID: 241, Data: 9C4515025401CB0B, Celsius: 69, A: +5.33, rev/s: +0.944,  rev: +8.386
2024/04/17 13:21:51 ID: 241, Data: 9C45BE021F00D70B, Celsius: 69, A: +7.02, rev/s: +0.086,  rev: +8.419
2024/04/17 13:21:51 ID: 241, Data: 9C45CD024900E50B, Celsius: 69, A: +7.17, rev/s: +0.203,  rev: +8.458
2024/04/17 13:21:51 ID: 241, Data: 9C453800C8FF040C, Celsius: 69, A: +0.56, rev/s: -0.156,  rev: +8.544
2024/04/17 13:21:51 ID: 241, Data: 9C456B001700FB0B, Celsius: 69, A: +1.07, rev/s: +0.064,  rev: +8.519
2024/04/17 13:21:51 ID: 241, Data: 9C45A3005100050C, Celsius: 69, A: +1.63, rev/s: +0.225,  rev: +8.547
2024/04/17 13:21:51 ID: 241, Data: 9C45E20014000D0C, Celsius: 69, A: +2.26, rev/s: +0.056,  rev: +8.569
2024/04/17 13:21:51 ID: 241, Data: 9C4449013200170C, Celsius: 68, A: +3.29, rev/s: +0.139,  rev: +8.597
2024/04/17 13:21:51 ID: 241, Data: 9C45F4013B00200C, Celsius: 69, A: +5.00, rev/s: +0.164,  rev: +8.622
2024/04/17 13:21:51 ID: 241, Data: 9C45870235002C0C, Celsius: 69, A: +6.47, rev/s: +0.147,  rev: +8.656
2024/04/17 13:21:51 ID: 241, Data: 9C44E8029700380C, Celsius: 68, A: +7.44, rev/s: +0.419,  rev: +8.689
2024/04/17 13:21:52 ID: 241, Data: 9C440E032A00450C, Celsius: 68, A: +7.82, rev/s: +0.117,  rev: +8.725
2024/04/17 13:21:52 ID: 241, Data: 9C455A0138025E0C, Celsius: 69, A: +3.46, rev/s: +1.578,  rev: +8.794
2024/04/17 13:21:52 ID: 241, Data: 9C4448006BFF680C, Celsius: 68, A: +0.72, rev/s: -0.414,  rev: +8.822
2024/04/17 13:21:52 ID: 241, Data: 9C4436019100630C, Celsius: 68, A: +3.10, rev/s: +0.403,  rev: +8.808
2024/04/17 13:21:52 ID: 241, Data: 9C447B006D00780C, Celsius: 68, A: +1.23, rev/s: +0.303,  rev: +8.867
2024/04/17 13:21:52 ID: 241, Data: 9C45B2002C007C0C, Celsius: 69, A: +1.78, rev/s: +0.122,  rev: +8.878
2024/04/17 13:21:52 ID: 241, Data: 9C44F3004100860C, Celsius: 68, A: +2.43, rev/s: +0.181,  rev: +8.906
2024/04/17 13:21:52 ID: 241, Data: 9C443E018A00900C, Celsius: 68, A: +3.18, rev/s: +0.383,  rev: +8.933
2024/04/17 13:21:52 ID: 241, Data: 9C44AF01B4009B0C, Celsius: 68, A: +4.31, rev/s: +0.500,  rev: +8.964
2024/04/17 13:21:53 ID: 241, Data: 9C445B026D00A50C, Celsius: 68, A: +6.03, rev/s: +0.303,  rev: +8.992
2024/04/17 13:21:53 ID: 241, Data: 9C449402B500B40C, Celsius: 68, A: +6.60, rev/s: +0.503,  rev: +9.033
2024/04/17 13:21:53 ID: 241, Data: 9C447202F000C00C, Celsius: 68, A: +6.26, rev/s: +0.667,  rev: +9.067
2024/04/17 13:21:53 ID: 241, Data: 9C441A027700CF0C, Celsius: 68, A: +5.38, rev/s: +0.331,  rev: +9.108
2024/04/17 13:21:53 ID: 241, Data: 9C444E013000DE0C, Celsius: 68, A: +3.34, rev/s: +0.133,  rev: +9.150
2024/04/17 13:21:53 ID: 241, Data: 9C44D8001F00E50C, Celsius: 68, A: +2.16, rev/s: +0.086,  rev: +9.169
2024/04/17 13:21:53 ID: 241, Data: 9C44C6001600EE0C, Celsius: 68, A: +1.98, rev/s: +0.061,  rev: +9.194
2024/04/17 13:21:53 ID: 241, Data: 9C44C6003100F60C, Celsius: 68, A: +1.98, rev/s: +0.136,  rev: +9.217
2024/04/17 13:21:53 ID: 241, Data: 9C4411016900FF0C, Celsius: 68, A: +2.73, rev/s: +0.292,  rev: +9.242
2024/04/17 13:21:53 ID: 241, Data: 9C445301B0000A0D, Celsius: 68, A: +3.39, rev/s: +0.489,  rev: +9.272
2024/04/17 13:21:54 ID: 241, Data: 9C4408022D00140D, Celsius: 68, A: +5.20, rev/s: +0.125,  rev: +9.300
2024/04/17 13:21:54 ID: 241, Data: 9C448B0272001F0D, Celsius: 68, A: +6.51, rev/s: +0.317,  rev: +9.331
2024/04/17 13:21:54 ID: 241, Data: 9C43EB02B1002C0D, Celsius: 67, A: +7.47, rev/s: +0.492,  rev: +9.367
2024/04/17 13:21:54 ID: 241, Data: 9C43A2028F003F0D, Celsius: 67, A: +6.74, rev/s: +0.397,  rev: +9.419
2024/04/17 13:21:54 ID: 241, Data: 9C4318015000500D, Celsius: 67, A: +2.80, rev/s: +0.222,  rev: +9.467
2024/04/17 13:21:54 ID: 241, Data: 9C431D012200520D, Celsius: 67, A: +2.85, rev/s: +0.094,  rev: +9.472
2024/04/17 13:21:54 ID: 241, Data: 9C43EE0036015D0D, Celsius: 67, A: +2.38, rev/s: +0.861,  rev: +9.503
2024/04/17 13:21:54 ID: 241, Data: 9C43BA004A00670D, Celsius: 67, A: +1.86, rev/s: +0.206,  rev: +9.531
2024/04/17 13:21:54 ID: 241, Data: 9C43ED005E006F0D, Celsius: 67, A: +2.37, rev/s: +0.261,  rev: +9.553
2024/04/17 13:21:54 ID: 241, Data: 9C430E01B9007A0D, Celsius: 67, A: +2.70, rev/s: +0.514,  rev: +9.583
2024/04/17 13:21:55 ID: 241, Data: 9C43AD013500830D, Celsius: 67, A: +4.29, rev/s: +0.147,  rev: +9.608
2024/04/17 13:21:55 ID: 241, Data: 9C4345028B008E0D, Celsius: 67, A: +5.81, rev/s: +0.386,  rev: +9.639
2024/04/17 13:21:55 ID: 241, Data: 9C43CE026800990D, Celsius: 67, A: +7.18, rev/s: +0.289,  rev: +9.669
2024/04/17 13:21:55 ID: 241, Data: 9C435902FF00AD0D, Celsius: 67, A: +6.01, rev/s: +0.708,  rev: +9.725
2024/04/17 13:21:55 ID: 241, Data: 9C4313012B00BE0D, Celsius: 67, A: +2.75, rev/s: +0.119,  rev: +9.772
2024/04/17 13:21:55 ID: 241, Data: 9C434D010100BF0D, Celsius: 67, A: +3.33, rev/s: +0.003,  rev: +9.775
2024/04/17 13:21:55 ID: 241, Data: 9C43AB01E600C80D, Celsius: 67, A: +4.27, rev/s: +0.639,  rev: +9.800
2024/04/17 13:21:55 ID: 241, Data: 9C4340001700DD0D, Celsius: 67, A: +0.64, rev/s: +0.064,  rev: +9.858
2024/04/17 13:21:55 ID: 241, Data: 9C43A0003A00DE0D, Celsius: 67, A: +1.60, rev/s: +0.161,  rev: +9.861
2024/04/17 13:21:55 ID: 241, Data: 9C427A00E100EB0D, Celsius: 66, A: +1.22, rev/s: +0.625,  rev: +9.897
2024/04/17 13:21:56 ID: 241, Data: 9C43F6006C00F40D, Celsius: 67, A: +2.46, rev/s: +0.300,  rev: +9.922
2024/04/17 13:21:56 ID: 241, Data: 9C424C017600FE0D, Celsius: 66, A: +3.32, rev/s: +0.328,  rev: +9.950
2024/04/17 13:21:56 ID: 241, Data: 9C42DB016200080E, Celsius: 66, A: +4.75, rev/s: +0.272,  rev: +9.978
2024/04/17 13:21:56 ID: 241, Data: 9C4260023800140E, Celsius: 66, A: +6.08, rev/s: +0.156,  rev: +10.011
2024/04/17 13:21:56 ID: 241, Data: 9C423D02B300230E, Celsius: 66, A: +5.73, rev/s: +0.497,  rev: +10.053
2024/04/17 13:21:56 ID: 241, Data: 9C42250257002F0E, Celsius: 66, A: +5.49, rev/s: +0.242,  rev: +10.086
2024/04/17 13:21:56 ID: 241, Data: 9C42AF0148003E0E, Celsius: 66, A: +4.31, rev/s: +0.200,  rev: +10.128
2024/04/17 13:21:56 ID: 241, Data: 9C42DC0073004A0E, Celsius: 66, A: +2.20, rev/s: +0.319,  rev: +10.161
2024/04/17 13:21:56 ID: 241, Data: 9C42C80078004F0E, Celsius: 66, A: +2.00, rev/s: +0.333,  rev: +10.175
2024/04/17 13:21:57 ID: 241, Data: 9C427D00A1005C0E, Celsius: 66, A: +1.25, rev/s: +0.447,  rev: +10.211
2024/04/17 13:21:57 ID: 241, Data: 9C42D3005300640E, Celsius: 66, A: +2.11, rev/s: +0.231,  rev: +10.233
2024/04/17 13:21:57 ID: 241, Data: 9C423B010E006D0E, Celsius: 66, A: +3.15, rev/s: +0.039,  rev: +10.258
2024/04/17 13:21:57 ID: 241, Data: 9C42A5017800760E, Celsius: 66, A: +4.21, rev/s: +0.333,  rev: +10.283
2024/04/17 13:21:57 ID: 241, Data: 9C4220028800820E, Celsius: 66, A: +5.44, rev/s: +0.378,  rev: +10.317
2024/04/17 13:21:57 ID: 241, Data: 9C42BA025D008D0E, Celsius: 66, A: +6.98, rev/s: +0.258,  rev: +10.347
2024/04/17 13:21:57 ID: 241, Data: 9C426A028D009F0E, Celsius: 66, A: +6.18, rev/s: +0.392,  rev: +10.397
2024/04/17 13:21:57 ID: 241, Data: 9C4145017300B10E, Celsius: 65, A: +3.25, rev/s: +0.319,  rev: +10.447
2024/04/17 13:21:57 ID: 241, Data: 9C412001FBFFB40E, Celsius: 65, A: +2.88, rev/s: -0.014,  rev: +10.456
2024/04/17 13:21:57 ID: 241, Data: 9C415201AB00BE0E, Celsius: 65, A: +3.38, rev/s: +0.475,  rev: +10.483
2024/04/17 13:21:58 ID: 241, Data: 9C427100FBFFCD0E, Celsius: 66, A: +1.13, rev/s: -0.014,  rev: +10.525
2024/04/17 13:21:58 ID: 241, Data: 9C4197004E00D40E, Celsius: 65, A: +1.51, rev/s: +0.217,  rev: +10.544
2024/04/17 13:21:58 ID: 241, Data: 9C41E8002D00DD0E, Celsius: 65, A: +2.32, rev/s: +0.125,  rev: +10.569
2024/04/17 13:21:58 ID: 241, Data: 9C4162013A00E50E, Celsius: 65, A: +3.54, rev/s: +0.161,  rev: +10.592
2024/04/17 13:21:58 ID: 241, Data: 9C41F1016500F00E, Celsius: 65, A: +4.97, rev/s: +0.281,  rev: +10.622
2024/04/17 13:21:58 ID: 241, Data: 9C418A022A00FC0E, Celsius: 65, A: +6.50, rev/s: +0.117,  rev: +10.656
2024/04/17 13:21:58 ID: 241, Data: 9C4120034B00060F, Celsius: 65, A: +8.00, rev/s: +0.208,  rev: +10.683
2024/04/17 13:21:58 ID: 241, Data: 9C41AF0241011B0F, Celsius: 65, A: +6.87, rev/s: +0.892,  rev: +10.742
2024/04/17 13:21:58 ID: 241, Data: 9C41200103002D0F, Celsius: 65, A: +2.88, rev/s: +0.008,  rev: +10.792
2024/04/17 13:21:58 ID: 241, Data: 9C414C0121002D0F, Celsius: 65, A: +3.32, rev/s: +0.092,  rev: +10.792
2024/04/17 13:21:59 ID: 241, Data: 9C419F01BE00360F, Celsius: 65, A: +4.15, rev/s: +0.528,  rev: +10.817
2024/04/17 13:21:59 ID: 241, Data: 9C41AB001B00470F, Celsius: 65, A: +1.71, rev/s: +0.075,  rev: +10.864
2024/04/17 13:21:59 ID: 241, Data: 9C41E30042004C0F, Celsius: 65, A: +2.27, rev/s: +0.183,  rev: +10.878
2024/04/17 13:21:59 ID: 241, Data: 9C4146014500560F, Celsius: 65, A: +3.26, rev/s: +0.192,  rev: +10.906
2024/04/17 13:21:59 ID: 241, Data: 9C40AC0160005F0F, Celsius: 64, A: +4.28, rev/s: +0.267,  rev: +10.931
2024/04/17 13:21:59 ID: 241, Data: 9C4156028300690F, Celsius: 65, A: +5.98, rev/s: +0.364,  rev: +10.958
2024/04/17 13:21:59 ID: 241, Data: 9C41F1027100750F, Celsius: 65, A: +7.53, rev/s: +0.314,  rev: +10.992
2024/04/17 13:21:59 ID: 241, Data: 9C40FF027B00850F, Celsius: 64, A: +7.67, rev/s: +0.342,  rev: +11.036
2024/04/17 13:21:59 ID: 241, Data: 9C415E022600970F, Celsius: 65, A: +6.06, rev/s: +0.106,  rev: +11.086
2024/04/17 13:21:59 ID: 241, Data: 9C40290214009D0F, Celsius: 64, A: +5.53, rev/s: +0.056,  rev: +11.103
2024/04/17 13:22:00 ID: 241, Data: 9C405802E000A70F, Celsius: 64, A: +6.00, rev/s: +0.622,  rev: +11.131
2024/04/17 13:22:00 ID: 241, Data: 9C403100C6FFC00F, Celsius: 64, A: +0.49, rev/s: -0.161,  rev: +11.200
2024/04/17 13:22:00 ID: 241, Data: 9C4088002000BC0F, Celsius: 64, A: +1.36, rev/s: +0.089,  rev: +11.189
2024/04/17 13:22:00 ID: 241, Data: 9C40D6000E00C50F, Celsius: 64, A: +2.14, rev/s: +0.039,  rev: +11.214
2024/04/17 13:22:00 ID: 241, Data: 9C4011017C00CF0F, Celsius: 64, A: +2.73, rev/s: +0.344,  rev: +11.242
2024/04/17 13:22:00 ID: 241, Data: 9C405901C400DB0F, Celsius: 64, A: +3.45, rev/s: +0.544,  rev: +11.275
2024/04/17 13:22:00 ID: 241, Data: 9C40F3014F00E50F, Celsius: 64, A: +4.99, rev/s: +0.219,  rev: +11.303
2024/04/17 13:22:00 ID: 241, Data: 9C4068025700F00F, Celsius: 64, A: +6.16, rev/s: +0.242,  rev: +11.333
2024/04/17 13:22:00 ID: 241, Data: 9C40E102BD00FC0F, Celsius: 64, A: +7.37, rev/s: +0.525,  rev: +11.367
2024/04/17 13:22:01 ID: 241, Data: 9C400C037F000810, Celsius: 64, A: +7.80, rev/s: +0.353,  rev: +11.400
2024/04/17 13:22:01 ID: 241, Data: 9C3FB6036C001010, Celsius: 63, A: +9.50, rev/s: +0.300,  rev: +11.422
2024/04/17 13:22:01 ID: 241, Data: 9C3F30030C001610, Celsius: 63, A: +8.16, rev/s: +0.033,  rev: +11.439
2024/04/17 13:22:01 ID: 241, Data: 9C40430307001710, Celsius: 64, A: +8.35, rev/s: +0.019,  rev: +11.442
2024/04/17 13:22:01 ID: 241, Data: 9C40520309001710, Celsius: 64, A: +8.50, rev/s: +0.025,  rev: +11.442
2024/04/17 13:22:01 ID: 241, Data: 9C4068030F001710, Celsius: 64, A: +8.72, rev/s: +0.042,  rev: +11.442
2024/04/17 13:22:01 ID: 241, Data: 9C403E039F001E10, Celsius: 64, A: +8.30, rev/s: +0.442,  rev: +11.461
2024/04/17 13:22:01 ID: 241, Data: 9C40180365015A10, Celsius: 64, A: +7.92, rev/s: +0.992,  rev: +11.628
2024/04/17 13:22:01 ID: 241, Data: 9C406F0316006510, Celsius: 64, A: +8.79, rev/s: +0.061,  rev: +11.658
2024/04/17 13:22:01 ID: 241, Data: 9C40510322006410, Celsius: 64, A: +8.49, rev/s: +0.094,  rev: +11.656
2024/04/17 13:22:02 ID: 241, Data: 9C405903ECFF6410, Celsius: 64, A: +8.57, rev/s: -0.056,  rev: +11.656
2024/04/17 13:22:02 ID: 241, Data: 9C40510300006410, Celsius: 64, A: +8.49, rev/s: +0.000,  rev: +11.656
2024/04/17 13:22:02 ID: 241, Data: 9C4053032C006410, Celsius: 64, A: +8.51, rev/s: +0.122,  rev: +11.656
2024/04/17 13:22:02 ID: 241, Data: 9C40530313006410, Celsius: 64, A: +8.51, rev/s: +0.053,  rev: +11.656
2024/04/17 13:22:02 ID: 241, Data: 9C405603F4FF6410, Celsius: 64, A: +8.54, rev/s: -0.033,  rev: +11.656
2024/04/17 13:22:02 ID: 241, Data: 9C415303D8FF6410, Celsius: 65, A: +8.51, rev/s: -0.111,  rev: +11.656
2024/04/17 13:22:02 ID: 241, Data: 9C41540300006410, Celsius: 65, A: +8.52, rev/s: +0.000,  rev: +11.656
2024/04/17 13:22:02 ID: 241, Data: 9C415703DEFF6410, Celsius: 65, A: +8.55, rev/s: -0.094,  rev: +11.656
2024/04/17 13:22:02 ID: 241, Data: 9C4252030E006410, Celsius: 66, A: +8.50, rev/s: +0.039,  rev: +11.656
2024/04/17 13:22:02 ID: 241, Data: 9C42560312006410, Celsius: 66, A: +8.54, rev/s: +0.050,  rev: +11.656
2024/04/17 13:22:03 ID: 241, Data: 9C425203EAFF6410, Celsius: 66, A: +8.50, rev/s: -0.061,  rev: +11.656
2024/04/17 13:22:03 ID: 241, Data: 9C424F0302006410, Celsius: 66, A: +8.47, rev/s: +0.006,  rev: +11.656
2024/04/17 13:22:03 ID: 241, Data: 9C434F0300006410, Celsius: 67, A: +8.47, rev/s: +0.000,  rev: +11.656
2024/04/17 13:22:03 ID: 241, Data: 9C4350031D006410, Celsius: 67, A: +8.48, rev/s: +0.081,  rev: +11.656
2024/04/17 13:22:03 ID: 241, Data: 9C435303EBFF6410, Celsius: 67, A: +8.51, rev/s: -0.058,  rev: +11.656
2024/04/17 13:22:03 ID: 241, Data: 9C44530303006410, Celsius: 68, A: +8.51, rev/s: +0.008,  rev: +11.656
2024/04/17 13:22:03 ID: 241, Data: 9C444E0321006410, Celsius: 68, A: +8.46, rev/s: +0.092,  rev: +11.656
2024/04/17 13:22:03 ID: 241, Data: 9C444E0319006410, Celsius: 68, A: +8.46, rev/s: +0.069,  rev: +11.656
2024/04/17 13:22:03 ID: 241, Data: 9C444C0312006410, Celsius: 68, A: +8.44, rev/s: +0.050,  rev: +11.656
2024/04/17 13:22:03 ID: 241, Data: 9C454F031D006410, Celsius: 69, A: +8.47, rev/s: +0.081,  rev: +11.656
2024/04/17 13:22:04 ID: 241, Data: 9C454B03DAFF6410, Celsius: 69, A: +8.43, rev/s: -0.106,  rev: +11.656
2024/04/17 13:22:04 ID: 241, Data: 9C464E030B006410, Celsius: 70, A: +8.46, rev/s: +0.031,  rev: +11.656
2024/04/17 13:22:04 ID: 241, Data: 9C464B03F5FF6410, Celsius: 70, A: +8.43, rev/s: -0.031,  rev: +11.656
2024/04/17 13:22:04 ID: 241, Data: 9C464A0300006410, Celsius: 70, A: +8.42, rev/s: +0.000,  rev: +11.656
2024/04/17 13:22:04 ID: 241, Data: 9C464B0301006410, Celsius: 70, A: +8.43, rev/s: +0.003,  rev: +11.656
2024/04/17 13:22:04 ID: 241, Data: 9C474C03DEFF6410, Celsius: 71, A: +8.44, rev/s: -0.094,  rev: +11.656
2024/04/17 13:22:04 ID: 241, Data: 9C474C03E8FF6410, Celsius: 71, A: +8.44, rev/s: -0.067,  rev: +11.656
2024/04/17 13:22:04 ID: 241, Data: 9C474903FAFF6410, Celsius: 71, A: +8.41, rev/s: -0.017,  rev: +11.656
2024/04/17 13:22:04 ID: 241, Data: 9C4850030A006410, Celsius: 72, A: +8.48, rev/s: +0.028,  rev: +11.656
2024/04/17 13:22:05 ID: 241, Data: 9C484C0308006410, Celsius: 72, A: +8.44, rev/s: +0.022,  rev: +11.656
2024/04/17 13:22:05 ID: 241, Data: 9C484503E8FF6410, Celsius: 72, A: +8.37, rev/s: -0.067,  rev: +11.656
2024/04/17 13:22:05 ID: 241, Data: 9C494703D7FF6410, Celsius: 73, A: +8.39, rev/s: -0.114,  rev: +11.656
2024/04/17 13:22:05 ID: 241, Data: 9C494B03F4FF6410, Celsius: 73, A: +8.43, rev/s: -0.033,  rev: +11.656
2024/04/17 13:22:05 ID: 241, Data: 9C494703FDFF6410, Celsius: 73, A: +8.39, rev/s: -0.008,  rev: +11.656
2024/04/17 13:22:05 ID: 241, Data: 9C4A470305006410, Celsius: 74, A: +8.39, rev/s: +0.014,  rev: +11.656
2024/04/17 13:22:05 ID: 241, Data: 9C4A4E0315006510, Celsius: 74, A: +8.46, rev/s: +0.058,  rev: +11.658
2024/04/17 13:22:05 ID: 241, Data: 9C4A6E0331016A10, Celsius: 74, A: +8.78, rev/s: +0.847,  rev: +11.672
2024/04/17 13:22:05 ID: 241, Data: 9C4A2103E9007A10, Celsius: 74, A: +8.01, rev/s: +0.647,  rev: +11.717
2024/04/17 13:22:05 ID: 241, Data: 9C4B52035F008610, Celsius: 75, A: +8.50, rev/s: +0.264,  rev: +11.750
2024/04/17 13:22:06 ID: 241, Data: 9C4BF00213019210, Celsius: 75, A: +7.52, rev/s: +0.764,  rev: +11.783
2024/04/17 13:22:06 ID: 241, Data: 9C4C64028C02CB10, Celsius: 76, A: +6.12, rev/s: +1.811,  rev: +11.942
2024/04/17 13:22:06 ID: 241, Data: 9C4C33035A01F710, Celsius: 76, A: +8.19, rev/s: +0.961,  rev: +12.064
2024/04/17 13:22:06 ID: 241, Data: 9C4CA70220025511, Celsius: 76, A: +6.79, rev/s: +1.511,  rev: +12.325
2024/04/17 13:22:06 ID: 241, Data: 9C4DE402DC017911, Celsius: 77, A: +7.40, rev/s: +1.322,  rev: +12.425
2024/04/17 13:22:06 ID: 241, Data: 9C4DBF01DE03C811, Celsius: 77, A: +4.47, rev/s: +2.750,  rev: +12.644
2024/04/17 13:22:06 ID: 241, Data: 9C4DB8014D040712, Celsius: 77, A: +4.40, rev/s: +3.058,  rev: +12.819
2024/04/17 13:22:06 ID: 241, Data: 9C4D0D030E015E12, Celsius: 77, A: +7.81, rev/s: +0.750,  rev: +13.061
2024/04/17 13:22:06 ID: 241, Data: 9C4EAE01E004AE12, Celsius: 78, A: +4.30, rev/s: +3.467,  rev: +13.283
2024/04/17 13:22:06 ID: 241, Data: 9C4EDFFF8BFDC212, Celsius: 78, A: -0.33, rev/s: -1.747,  rev: +13.339
2024/04/17 13:22:07 ID: 241, Data: 9C4EC00044FFA412, Celsius: 78, A: +1.92, rev/s: -0.522,  rev: +13.256
2024/04/17 13:22:07 ID: 241, Data: 9C4EF400CF00AB12, Celsius: 78, A: +2.44, rev/s: +0.575,  rev: +13.275
2024/04/17 13:22:07 ID: 241, Data: 9C4E3701EAFFB512, Celsius: 78, A: +3.11, rev/s: -0.061,  rev: +13.303
2024/04/17 13:22:07 ID: 241, Data: 9C4FD1016100BC12, Celsius: 79, A: +4.65, rev/s: +0.269,  rev: +13.322
2024/04/17 13:22:07 ID: 241, Data: 9C4F32028C00C712, Celsius: 79, A: +5.62, rev/s: +0.389,  rev: +13.353
2024/04/17 13:22:07 ID: 241, Data: 9C4E4A034600D012, Celsius: 78, A: +8.42, rev/s: +0.194,  rev: +13.378
2024/04/17 13:22:07 ID: 241, Data: 9C4E06034B00DA12, Celsius: 78, A: +7.74, rev/s: +0.208,  rev: +13.406
2024/04/17 13:22:07 ID: 241, Data: 9C4E9202E301EA12, Celsius: 78, A: +6.58, rev/s: +1.342,  rev: +13.450
2024/04/17 13:22:07 ID: 241, Data: 9C4FECFF0AFE1313, Celsius: 79, A: -0.20, rev/s: -1.394,  rev: +13.564
2024/04/17 13:22:07 ID: 241, Data: 9C4EDF0041FFFF12, Celsius: 78, A: +2.23, rev/s: -0.531,  rev: +13.508
2024/04/17 13:22:08 ID: 241, Data: 9C4F7F00EE001013, Celsius: 79, A: +1.27, rev/s: +0.661,  rev: +13.556
2024/04/17 13:22:08 ID: 241, Data: 9C4FC5000A001313, Celsius: 79, A: +1.97, rev/s: +0.028,  rev: +13.564
2024/04/17 13:22:08 ID: 241, Data: 9C4E030110001E13, Celsius: 78, A: +2.59, rev/s: +0.044,  rev: +13.594
2024/04/17 13:22:08 ID: 241, Data: 9C4F83017C002613, Celsius: 79, A: +3.87, rev/s: +0.344,  rev: +13.617
2024/04/17 13:22:08 ID: 241, Data: 9C4EDF01AF003113, Celsius: 78, A: +4.79, rev/s: +0.486,  rev: +13.647
2024/04/17 13:22:08 ID: 241, Data: 9C4F920255003C13, Celsius: 79, A: +6.58, rev/s: +0.236,  rev: +13.678
2024/04/17 13:22:08 ID: 241, Data: 9C4FA60203014913, Celsius: 79, A: +6.78, rev/s: +0.719,  rev: +13.714
2024/04/17 13:22:08 ID: 241, Data: 9C4F3A0236015A13, Celsius: 79, A: +5.70, rev/s: +0.861,  rev: +13.761
2024/04/17 13:22:08 ID: 241, Data: 9C4F040252006513, Celsius: 79, A: +5.16, rev/s: +0.228,  rev: +13.792
2024/04/17 13:22:09 ID: 241, Data: 9C4F120264006D13, Celsius: 79, A: +5.30, rev/s: +0.278,  rev: +13.814
2024/04/17 13:22:09 ID: 241, Data: 9C4E4000F9FF8413, Celsius: 78, A: +0.64, rev/s: -0.019,  rev: +13.878
2024/04/17 13:22:09 ID: 241, Data: 9C4E740014008213, Celsius: 78, A: +1.16, rev/s: +0.056,  rev: +13.872
2024/04/17 13:22:09 ID: 241, Data: 9C4EA30098008B13, Celsius: 78, A: +1.63, rev/s: +0.422,  rev: +13.897
2024/04/17 13:22:09 ID: 241, Data: 9C4ED8003E009613, Celsius: 78, A: +2.16, rev/s: +0.172,  rev: +13.928
2024/04/17 13:22:09 ID: 241, Data: 9C4E4C0165009F13, Celsius: 78, A: +3.32, rev/s: +0.281,  rev: +13.953
2024/04/17 13:22:09 ID: 241, Data: 9C4E94014C00AC13, Celsius: 78, A: +4.04, rev/s: +0.211,  rev: +13.989
