2024/04/17 13:23:01 ID: 241, Data: 9C338300D8FFAF13, Celsius: 51, A: +1.31, rev/s: -0.111,  rev: +13.997
2024/04/17 13:23:01 ID: 241, Data: 9C331E00CEFFA213, Celsius: 51, A: +0.30, rev/s: -0.139,  rev: +13.961
2024/04/17 13:23:01 ID: 241, Data: 9C33D7FF41FF9813, Celsius: 51, A: -0.41, rev/s: -0.531,  rev: +13.933
2024/04/17 13:23:01 ID: 241, Data: 9C34EEFF44FF8613, Celsius: 52, A: -0.18, rev/s: -0.522,  rev: +13.883
2024/04/17 13:23:02 ID: 241, Data: 9C3319008DFF7B13, Celsius: 51, A: +0.25, rev/s: -0.319,  rev: +13.853
2024/04/17 13:23:02 ID: 241, Data: 9C33560099FF7013, Celsius: 51, A: +0.86, rev/s: -0.286,  rev: +13.822
2024/04/17 13:23:02 ID: 241, Data: 9C336800ADFF6713, Celsius: 51, A: +1.04, rev/s: -0.231,  rev: +13.797
2024/04/17 13:23:02 ID: 241, Data: 9C336D0096FF5C13, Celsius: 51, A: +1.09, rev/s: -0.294,  rev: +13.767
2024/04/17 13:23:02 ID: 241, Data: 9C33BF0075FF4F13, Celsius: 51, A: +1.91, rev/s: -0.386,  rev: +13.731
2024/04/17 13:23:02 ID: 241, Data: 9C33CC00B0FF4513, Celsius: 51, A: +2.04, rev/s: -0.222,  rev: +13.703
2024/04/17 13:23:02 ID: 241, Data: 9C33870089FF3D13, Celsius: 51, A: +1.35, rev/s: -0.331,  rev: +13.681
2024/04/17 13:23:02 ID: 241, Data: 9C33770091FF3113, Celsius: 51, A: +1.19, rev/s: -0.308,  rev: +13.647
2024/04/17 13:23:02 ID: 241, Data: 9C331A0076FF2813, Celsius: 51, A: +0.26, rev/s: -0.383,  rev: +13.622
2024/04/17 13:23:02 ID: 241, Data: 9C33F2FF1EFF1B13, Celsius: 51, A: -0.14, rev/s: -0.628,  rev: +13.586
2024/04/17 13:23:03 ID: 241, Data: 9C3395FFD1FF1213, Celsius: 51, A: -1.07, rev/s: -0.131,  rev: +13.561
2024/04/17 13:23:03 ID: 241, Data: 9C33290097FF0213, Celsius: 51, A: +0.41, rev/s: -0.292,  rev: +13.517
2024/04/17 13:23:03 ID: 241, Data: 9C336700A6FFF712, Celsius: 51, A: +1.03, rev/s: -0.250,  rev: +13.486
2024/04/17 13:23:03 ID: 241, Data: 9C33D200A6FFEA12, Celsius: 51, A: +2.10, rev/s: -0.250,  rev: +13.450
2024/04/17 13:23:03 ID: 241, Data: 9C33FB00D4FFE212, Celsius: 51, A: +2.51, rev/s: -0.122,  rev: +13.428
2024/04/17 13:23:03 ID: 241, Data: 9C33B80096FFDA12, Celsius: 51, A: +1.84, rev/s: -0.294,  rev: +13.406
2024/04/17 13:23:03 ID: 241, Data: 9C33270185FFCA12, Celsius: 51, A: +2.95, rev/s: -0.342,  rev: +13.361
2024/04/17 13:23:03 ID: 241, Data: 9C337700DAFFC712, Celsius: 51, A: +1.19, rev/s: -0.106,  rev: +13.353
2024/04/17 13:23:03 ID: 241, Data: 9C337D007EFFB712, Celsius: 51, A: +1.25, rev/s: -0.361,  rev: +13.308
2024/04/17 13:23:03 ID: 241, Data: 9C33FCFF2AFFB012, Celsius: 51, A: -0.04, rev/s: -0.594,  rev: +13.289
2024/04/17 13:23:04 ID: 241, Data: 9C33A9FFEEFFA212, Celsius: 51, A: -0.87, rev/s: -0.050,  rev: +13.250
2024/04/17 13:23:04 ID: 241, Data: 9C33000065FF9312, Celsius: 51, A: +0.00, rev/s: -0.431,  rev: +13.208
2024/04/17 13:23:04 ID: 241, Data: 9C334C008BFF8712, Celsius: 51, A: +0.76, rev/s: -0.325,  rev: +13.175
2024/04/17 13:23:04 ID: 241, Data: 9C33C000B0FF7B12, Celsius: 51, A: +1.92, rev/s: -0.222,  rev: +13.142
2024/04/17 13:23:04 ID: 241, Data: 9C33D3009FFF7312, Celsius: 51, A: +2.11, rev/s: -0.269,  rev: +13.119
2024/04/17 13:23:04 ID: 241, Data: 9C33460183FF6612, Celsius: 51, A: +3.26, rev/s: -0.347,  rev: +13.083
2024/04/17 13:23:04 ID: 241, Data: 9C33E100DEFF6112, Celsius: 51, A: +2.25, rev/s: -0.094,  rev: +13.069
2024/04/17 13:23:04 ID: 241, Data: 9C33EF005EFF5312, Celsius: 51, A: +2.39, rev/s: -0.450,  rev: +13.031
2024/04/17 13:23:04 ID: 241, Data: 9C337E00F3FF4C12, Celsius: 51, A: +1.26, rev/s: -0.036,  rev: +13.011
2024/04/17 13:23:05 ID: 241, Data: 9C33650080FF3E12, Celsius: 51, A: +1.01, rev/s: -0.356,  rev: +12.972
2024/04/17 13:23:05 ID: 241, Data: 9C3306000DFF3412, Celsius: 51, A: +0.06, rev/s: -0.675,  rev: +12.944
2024/04/17 13:23:05 ID: 241, Data: 9C33D1FF73FF2712, Celsius: 51, A: -0.47, rev/s: -0.392,  rev: +12.908
2024/04/17 13:23:05 ID: 241, Data: 9C333A0086FF1712, Celsius: 51, A: +0.58, rev/s: -0.339,  rev: +12.864
2024/04/17 13:23:05 ID: 241, Data: 9C33750084FF0E12, Celsius: 51, A: +1.17, rev/s: -0.344,  rev: +12.839
2024/04/17 13:23:05 ID: 241, Data: 9C33020197FF0112, Celsius: 51, A: +2.58, rev/s: -0.292,  rev: +12.803
2024/04/17 13:23:05 ID: 241, Data: 9C33E600CFFFFB11, Celsius: 51, A: +2.30, rev/s: -0.136,  rev: +12.786
2024/04/17 13:23:05 ID: 241, Data: 9C3312016CFFEE11, Celsius: 51, A: +2.74, rev/s: -0.411,  rev: +12.750
2024/04/17 13:23:05 ID: 241, Data: 9C332301E8FFE411, Celsius: 51, A: +2.91, rev/s: -0.067,  rev: +12.722
2024/04/17 13:23:05 ID: 241, Data: 9C33730043FFDE11, Celsius: 51, A: +1.15, rev/s: -0.525,  rev: +12.706
2024/04/17 13:23:06 ID: 241, Data: 9C338C00C5FFCE11, Celsius: 51, A: +1.40, rev/s: -0.164,  rev: +12.661
2024/04/17 13:23:06 ID: 241, Data: 9C332A003DFFC511, Celsius: 51, A: +0.42, rev/s: -0.542,  rev: +12.636
2024/04/17 13:23:06 ID: 241, Data: 9C33C8FFE4FFBA11, Celsius: 51, A: -0.56, rev/s: -0.078,  rev: +12.606
2024/04/17 13:23:06 ID: 241, Data: 9C33D7FF4AFFAC11, Celsius: 51, A: -0.41, rev/s: -0.506,  rev: +12.567
2024/04/17 13:23:06 ID: 241, Data: 9C332D00D6FF9D11, Celsius: 51, A: +0.45, rev/s: -0.117,  rev: +12.525
2024/04/17 13:23:06 ID: 241, Data: 9C33620086FF9411, Celsius: 51, A: +0.98, rev/s: -0.339,  rev: +12.500
2024/04/17 13:23:06 ID: 241, Data: 9C33C1009AFF8811, Celsius: 51, A: +1.93, rev/s: -0.283,  rev: +12.467
2024/04/17 13:23:06 ID: 241, Data: 9C330001C0FF7E11, Celsius: 51, A: +2.56, rev/s: -0.178,  rev: +12.439
2024/04/17 13:23:06 ID: 241, Data: 9C330E017AFF7411, Celsius: 51, A: +2.70, rev/s: -0.372,  rev: +12.411
2024/04/17 13:23:06 ID: 241, Data: 9C334E01A7FF6811, Celsius: 51, A: +3.34, rev/s: -0.247,  rev: +12.378
2024/04/17 13:23:07 ID: 241, Data: 9C33BB00BFFF6411, Celsius: 51, A: +1.87, rev/s: -0.181,  rev: +12.367
2024/04/17 13:23:07 ID: 241, Data: 9C339E0059FF5511, Celsius: 51, A: +1.58, rev/s: -0.464,  rev: +12.325
2024/04/17 13:23:07 ID: 241, Data: 9C332D0082FF4C11, Celsius: 51, A: +0.45, rev/s: -0.350,  rev: +12.300
2024/04/17 13:23:07 ID: 241, Data: 9C33B0FFDCFF4211, Celsius: 51, A: -0.80, rev/s: -0.100,  rev: +12.272
2024/04/17 13:23:07 ID: 241, Data: 9C33D9FFAAFF3211, Celsius: 51, A: -0.39, rev/s: -0.239,  rev: +12.228
2024/04/17 13:23:07 ID: 241, Data: 9C333E0060FF2411, Celsius: 51, A: +0.62, rev/s: -0.444,  rev: +12.189
2024/04/17 13:23:07 ID: 241, Data: 9C3388009CFF1911, Celsius: 51, A: +1.36, rev/s: -0.278,  rev: +12.158
2024/04/17 13:23:07 ID: 241, Data: 9C33AA0096FF1011, Celsius: 51, A: +1.70, rev/s: -0.294,  rev: +12.133
2024/04/17 13:23:07 ID: 241, Data: 9C33D60083FF0511, Celsius: 51, A: +2.14, rev/s: -0.347,  rev: +12.103
2024/04/17 13:23:07 ID: 241, Data: 9C33E800C6FFFA10, Celsius: 51, A: +2.32, rev/s: -0.161,  rev: +12.072
2024/04/17 13:23:08 ID: 241, Data: 9C33C900AAFFF110, Celsius: 51, A: +2.01, rev/s: -0.239,  rev: +12.047
2024/04/17 13:23:08 ID: 241, Data: 9C33CC006CFFE510, Celsius: 51, A: +2.04, rev/s: -0.411,  rev: +12.014
2024/04/17 13:23:08 ID: 241, Data: 9C33B30093FFDA10, Celsius: 51, A: +1.79, rev/s: -0.303,  rev: +11.983
2024/04/17 13:23:08 ID: 241, Data: 9C33EE007FFFCD10, Celsius: 51, A: +2.38, rev/s: -0.358,  rev: +11.947
2024/04/17 13:23:08 ID: 241, Data: 9C33E700DBFFC410, Celsius: 51, A: +2.31, rev/s: -0.103,  rev: +11.922
2024/04/17 13:23:08 ID: 241, Data: 9C335B0033FFBC10, Celsius: 51, A: +0.91, rev/s: -0.569,  rev: +11.900
2024/04/17 13:23:08 ID: 241, Data: 9C335900E8FFAA10, Celsius: 51, A: +0.89, rev/s: -0.067,  rev: +11.850
2024/04/17 13:23:08 ID: 241, Data: 9C33F9007BFF9D10, Celsius: 51, A: +2.49, rev/s: -0.369,  rev: +11.814
2024/04/17 13:23:08 ID: 241, Data: 9C334D01FAFF9410, Celsius: 51, A: +3.33, rev/s: -0.017,  rev: +11.789
2024/04/17 13:23:09 ID: 241, Data: 9C33EC0093FF8E10, Celsius: 51, A: +2.36, rev/s: -0.303,  rev: +11.772
2024/04/17 13:23:09 ID: 241, Data: 9C3371013FFF7E10, Celsius: 51, A: +3.69, rev/s: -0.536,  rev: +11.728
2024/04/17 13:23:09 ID: 241, Data: 9C33FA01D1FF7210, Celsius: 51, A: +5.06, rev/s: -0.131,  rev: +11.694
2024/04/17 13:23:09 ID: 241, Data: 9C33AD01C7FF6D10, Celsius: 51, A: +4.29, rev/s: -0.158,  rev: +11.681
2024/04/17 13:23:09 ID: 241, Data: 9C33150163FF6410, Celsius: 51, A: +2.77, rev/s: -0.436,  rev: +11.656
2024/04/17 13:23:09 ID: 241, Data: 9C3391009EFF5910, Celsius: 51, A: +1.45, rev/s: -0.272,  rev: +11.625
2024/04/17 13:23:09 ID: 241, Data: 9C332E005FFF4D10, Celsius: 51, A: +0.46, rev/s: -0.447,  rev: +11.592
2024/04/17 13:23:09 ID: 241, Data: 9C33EAFF8EFF4110, Celsius: 51, A: -0.22, rev/s: -0.317,  rev: +11.558
2024/04/17 13:23:09 ID: 241, Data: 9C330500A6FF3210, Celsius: 51, A: +0.05, rev/s: -0.250,  rev: +11.517
2024/04/17 13:23:09 ID: 241, Data: 9C331100AEFF2710, Celsius: 51, A: +0.17, rev/s: -0.228,  rev: +11.486
2024/04/17 13:23:10 ID: 241, Data: 9C33200098FF1C10, Celsius: 51, A: +0.32, rev/s: -0.289,  rev: +11.456
2024/04/17 13:23:10 ID: 241, Data: 9C331600C2FF1110, Celsius: 51, A: +0.22, rev/s: -0.172,  rev: +11.425
2024/04/17 13:23:10 ID: 241, Data: 9C33260088FF0610, Celsius: 51, A: +0.38, rev/s: -0.333,  rev: +11.394
2024/04/17 13:23:10 ID: 241, Data: 9C33410083FFFA0F, Celsius: 51, A: +0.65, rev/s: -0.347,  rev: +11.361
2024/04/17 13:23:10 ID: 241, Data: 9C335900ACFFEF0F, Celsius: 51, A: +0.89, rev/s: -0.233,  rev: +11.331
2024/04/17 13:23:10 ID: 241, Data: 9C332E00A3FFE70F, Celsius: 51, A: +0.46, rev/s: -0.258,  rev: +11.308
2024/04/17 13:23:10 ID: 241, Data: 9C3323009BFFDA0F, Celsius: 51, A: +0.35, rev/s: -0.281,  rev: +11.272
2024/04/17 13:23:10 ID: 241, Data: 9C330F00A4FFD00F, Celsius: 51, A: +0.15, rev/s: -0.256,  rev: +11.244
2024/04/17 13:23:10 ID: 241, Data: 9C33010067FFC50F, Celsius: 51, A: +0.01, rev/s: -0.425,  rev: +11.214
2024/04/17 13:23:10 ID: 241, Data: 9C33100093FFB90F, Celsius: 51, A: +0.16, rev/s: -0.303,  rev: +11.181
2024/04/17 13:23:11 ID: 241, Data: 9C3325007DFFAD0F, Celsius: 51, A: +0.37, rev/s: -0.364,  rev: +11.147
2024/04/17 13:23:11 ID: 241, Data: 9C332B00D9FFA20F, Celsius: 51, A: +0.43, rev/s: -0.108,  rev: +11.117
2024/04/17 13:23:11 ID: 241, Data: 9C333500A2FF980F, Celsius: 51, A: +0.53, rev/s: -0.261,  rev: +11.089
2024/04/17 13:23:11 ID: 241, Data: 9C336E008AFF8B0F, Celsius: 51, A: +1.10, rev/s: -0.328,  rev: +11.053
2024/04/17 13:23:11 ID: 241, Data: 9C346400C0FF810F, Celsius: 52, A: +1.00, rev/s: -0.178,  rev: +11.025
2024/04/17 13:23:11 ID: 241, Data: 9C3332008BFF780F, Celsius: 51, A: +0.50, rev/s: -0.325,  rev: +11.000
2024/04/17 13:23:11 ID: 241, Data: 9C334D008FFF6B0F, Celsius: 51, A: +0.77, rev/s: -0.314,  rev: +10.964
2024/04/17 13:23:11 ID: 241, Data: 9C3332009EFF610F, Celsius: 51, A: +0.50, rev/s: -0.272,  rev: +10.936
2024/04/17 13:23:11 ID: 241, Data: 9C33130062FF560F, Celsius: 51, A: +0.19, rev/s: -0.439,  rev: +10.906
2024/04/17 13:23:12 ID: 241, Data: 9C330C0074FF490F, Celsius: 51, A: +0.12, rev/s: -0.389,  rev: +10.869
2024/04/17 13:23:12 ID: 241, Data: 9C3301006CFF3F0F, Celsius: 51, A: +0.01, rev/s: -0.411,  rev: +10.842
2024/04/17 13:23:12 ID: 241, Data: 9C3305009FFF340F, Celsius: 51, A: +0.05, rev/s: -0.269,  rev: +10.811
2024/04/17 13:23:12 ID: 241, Data: 9C330900B2FF290F, Celsius: 51, A: +0.09, rev/s: -0.217,  rev: +10.781
2024/04/17 13:23:12 ID: 241, Data: 9C331400A7FF1D0F, Celsius: 51, A: +0.20, rev/s: -0.247,  rev: +10.747
2024/04/17 13:23:12 ID: 241, Data: 9C330B00ADFF120F, Celsius: 51, A: +0.11, rev/s: -0.231,  rev: +10.717
2024/04/17 13:23:12 ID: 241, Data: 9C3300009CFF070F, Celsius: 51, A: +0.00, rev/s: -0.278,  rev: +10.686
2024/04/17 13:23:12 ID: 241, Data: 9C33060082FFFC0E, Celsius: 51, A: +0.06, rev/s: -0.350,  rev: +10.656
2024/04/17 13:23:12 ID: 241, Data: 9C3305004DFFF10E, Celsius: 51, A: +0.05, rev/s: -0.497,  rev: +10.625
2024/04/17 13:23:12 ID: 241, Data: 9C33070072FFE60E, Celsius: 51, A: +0.07, rev/s: -0.394,  rev: +10.594
2024/04/17 13:23:13 ID: 241, Data: 9C3305009DFFDB0E, Celsius: 51, A: +0.05, rev/s: -0.275,  rev: +10.564
2024/04/17 13:23:13 ID: 241, Data: 9C33FBFFD9FFD00E, Celsius: 51, A: -0.05, rev/s: -0.108,  rev: +10.533
2024/04/17 13:23:13 ID: 241, Data: 9C3307007DFFC50E, Celsius: 51, A: +0.07, rev/s: -0.364,  rev: +10.503
2024/04/17 13:23:13 ID: 241, Data: 9C33120088FFB90E, Celsius: 51, A: +0.18, rev/s: -0.333,  rev: +10.469
2024/04/17 13:23:13 ID: 241, Data: 9C3315008EFFAE0E, Celsius: 51, A: +0.21, rev/s: -0.317,  rev: +10.439
2024/04/17 13:23:13 ID: 241, Data: 9C3320007AFFA30E, Celsius: 51, A: +0.32, rev/s: -0.372,  rev: +10.408
2024/04/17 13:23:13 ID: 241, Data: 9C331B00A9FF980E, Celsius: 51, A: +0.27, rev/s: -0.242,  rev: +10.378
2024/04/17 13:23:13 ID: 241, Data: 9C332C0081FF8D0E, Celsius: 51, A: +0.44, rev/s: -0.353,  rev: +10.347
2024/04/17 13:23:13 ID: 241, Data: 9C333700A2FF820E, Celsius: 51, A: +0.55, rev/s: -0.261,  rev: +10.317
2024/04/17 13:23:13 ID: 241, Data: 9C331F00C1FF780E, Celsius: 51, A: +0.31, rev/s: -0.175,  rev: +10.289
2024/04/17 13:23:14 ID: 241, Data: 9C330E0075FF6D0E, Celsius: 51, A: +0.14, rev/s: -0.386,  rev: +10.258
2024/04/17 13:23:14 ID: 241, Data: 9C33F9FFCDFF610E, Celsius: 51, A: -0.07, rev/s: -0.142,  rev: +10.225
2024/04/17 13:23:14 ID: 241, Data: 9C33090047FF550E, Celsius: 51, A: +0.09, rev/s: -0.514,  rev: +10.192
2024/04/17 13:23:14 ID: 241, Data: 9C33150040FF490E, Celsius: 51, A: +0.21, rev/s: -0.533,  rev: +10.158
2024/04/17 13:23:14 ID: 241, Data: 9C331700AAFF3F0E, Celsius: 51, A: +0.23, rev/s: -0.239,  rev: +10.131
2024/04/17 13:23:14 ID: 241, Data: 9C33240053FF350E, Celsius: 51, A: +0.36, rev/s: -0.481,  rev: +10.103
2024/04/17 13:23:14 ID: 241, Data: 9C333C00D0FF290E, Celsius: 51, A: +0.60, rev/s: -0.133,  rev: +10.069
2024/04/17 13:23:14 ID: 241, Data: 9C33860094FF1D0E, Celsius: 51, A: +1.34, rev/s: -0.300,  rev: +10.036
2024/04/17 13:23:14 ID: 241, Data: 9C33460091FF150E, Celsius: 51, A: +0.70, rev/s: -0.308,  rev: +10.014
2024/04/17 13:23:14 ID: 241, Data: 9C333E004CFF090E, Celsius: 51, A: +0.62, rev/s: -0.500,  rev: +9.981
2024/04/17 13:23:15 ID: 241, Data: 9C335800B9FFFD0D, Celsius: 51, A: +0.88, rev/s: -0.197,  rev: +9.947
2024/04/17 13:23:15 ID: 241, Data: 9C33040089FFF40D, Celsius: 51, A: +0.04, rev/s: -0.331,  rev: +9.922
2024/04/17 13:23:15 ID: 241, Data: 9C33EBFFA7FFE90D, Celsius: 51, A: -0.21, rev/s: -0.247,  rev: +9.892
2024/04/17 13:23:15 ID: 241, Data: 9C330E00AFFFDC0D, Celsius: 51, A: +0.14, rev/s: -0.225,  rev: +9.856
2024/04/17 13:23:15 ID: 241, Data: 9C33260089FFD00D, Celsius: 51, A: +0.38, rev/s: -0.331,  rev: +9.822
2024/04/17 13:23:15 ID: 241, Data: 9C333E008BFFC50D, Celsius: 51, A: +0.62, rev/s: -0.325,  rev: +9.792
2024/04/17 13:23:15 ID: 241, Data: 9C336400ADFFB90D, Celsius: 51, A: +1.00, rev/s: -0.231,  rev: +9.758
2024/04/17 13:23:15 ID: 241, Data: 9C33B10094FFAE0D, Celsius: 51, A: +1.77, rev/s: -0.300,  rev: +9.728
2024/04/17 13:23:15 ID: 241, Data: 9C339500A9FFA50D, Celsius: 51, A: +1.49, rev/s: -0.242,  rev: +9.703
2024/04/17 13:23:16 ID: 241, Data: 9C33930070FF990D, Celsius: 51, A: +1.47, rev/s: -0.400,  rev: +9.669
2024/04/17 13:23:16 ID: 241, Data: 9C33B000BAFF8E0D, Celsius: 51, A: +1.76, rev/s: -0.194,  rev: +9.639
2024/04/17 13:23:16 ID: 241, Data: 9C335800AAFF860D, Celsius: 51, A: +0.88, rev/s: -0.239,  rev: +9.617
2024/04/17 13:23:16 ID: 241, Data: 9C33260000007A0D, Celsius: 51, A: +0.38, rev/s: +0.000,  rev: +9.583
2024/04/17 13:23:16 ID: 241, Data: 9C3308001FFF6F0D, Celsius: 51, A: +0.08, rev/s: -0.625,  rev: +9.553
2024/04/17 13:23:16 ID: 241, Data: 9C332000B4FF620D, Celsius: 51, A: +0.32, rev/s: -0.211,  rev: +9.517
2024/04/17 13:23:16 ID: 241, Data: 9C33630048FF550D, Celsius: 51, A: +0.99, rev/s: -0.511,  rev: +9.481
2024/04/17 13:23:16 ID: 241, Data: 9C337900BFFF4A0D, Celsius: 51, A: +1.21, rev/s: -0.181,  rev: +9.450
2024/04/17 13:23:16 ID: 241, Data: 9C3381009DFF410D, Celsius: 51, A: +1.29, rev/s: -0.275,  rev: +9.425
2024/04/17 13:23:16 ID: 241, Data: 9C33A8009CFF350D, Celsius: 51, A: +1.68, rev/s: -0.278,  rev: +9.392
2024/04/17 13:23:17 ID: 241, Data: 9C339D0091FF2B0D, Celsius: 51, A: +1.57, rev/s: -0.308,  rev: +9.364
2024/04/17 13:23:17 ID: 241, Data: 9C33AA009FFF1F0D, Celsius: 51, A: +1.70, rev/s: -0.269,  rev: +9.331
2024/04/17 13:23:17 ID: 241, Data: 9C33720080FF160D, Celsius: 51, A: +1.14, rev/s: -0.356,  rev: +9.306
2024/04/17 13:23:17 ID: 241, Data: 9C3341009AFF0A0D, Celsius: 51, A: +0.65, rev/s: -0.283,  rev: +9.272
2024/04/17 13:23:17 ID: 241, Data: 9C33F0FFBCFF020D, Celsius: 51, A: -0.16, rev/s: -0.189,  rev: +9.250
2024/04/17 13:23:17 ID: 241, Data: 9C320B0097FFF20C, Celsius: 50, A: +0.11, rev/s: -0.292,  rev: +9.206
2024/04/17 13:23:17 ID: 241, Data: 9C331B00B2FFE80C, Celsius: 51, A: +0.27, rev/s: -0.217,  rev: +9.178
2024/04/17 13:23:17 ID: 241, Data: 9C3362009BFFDB0C, Celsius: 51, A: +0.98, rev/s: -0.281,  rev: +9.142
2024/04/17 13:23:17 ID: 241, Data: 9C336D00B5FFD10C, Celsius: 51, A: +1.09, rev/s: -0.208,  rev: +9.114
2024/04/17 13:23:17 ID: 241, Data: 9C33AC0064FFC50C, Celsius: 51, A: +1.72, rev/s: -0.433,  rev: +9.081
2024/04/17 13:23:18 ID: 241, Data: 9C32CC00A1FFBA0C, Celsius: 50, A: +2.04, rev/s: -0.264,  rev: +9.050
2024/04/17 13:23:18 ID: 241, Data: 9C33BD00B2FFB10C, Celsius: 51, A: +1.89, rev/s: -0.217,  rev: +9.025
2024/04/17 13:23:18 ID: 241, Data: 9C338600A3FFA80C, Celsius: 51, A: +1.34, rev/s: -0.258,  rev: +9.000
2024/04/17 13:23:18 ID: 241, Data: 9C3279008DFF9B0C, Celsius: 50, A: +1.21, rev/s: -0.319,  rev: +8.964
2024/04/17 13:23:18 ID: 241, Data: 9C332500B7FF920C, Celsius: 51, A: +0.37, rev/s: -0.203,  rev: +8.939
2024/04/17 13:23:18 ID: 241, Data: 9C331E0012FF850C, Celsius: 51, A: +0.30, rev/s: -0.661,  rev: +8.903
2024/04/17 13:23:18 ID: 241, Data: 9C331000B2FF770C, Celsius: 51, A: +0.16, rev/s: -0.217,  rev: +8.864
2024/04/17 13:23:18 ID: 241, Data: 9C333D007BFF6C0C, Celsius: 51, A: +0.61, rev/s: -0.369,  rev: +8.833
2024/04/17 13:23:18 ID: 241, Data: 9C336A0064FF610C, Celsius: 51, A: +1.06, rev/s: -0.433,  rev: +8.803
2024/04/17 13:23:18 ID: 241, Data: 9C337100A0FF570C, Celsius: 51, A: +1.13, rev/s: -0.267,  rev: +8.775
2024/04/17 13:23:19 ID: 241, Data: 9C3382007DFF4C0C, Celsius: 51, A: +1.30, rev/s: -0.364,  rev: +8.744
2024/04/17 13:23:19 ID: 241, Data: 9C33A900D1FF400C, Celsius: 51, A: +1.69, rev/s: -0.131,  rev: +8.711
2024/04/17 13:23:19 ID: 241, Data: 9C337E00C3FF380C, Celsius: 51, A: +1.26, rev/s: -0.169,  rev: +8.689
2024/04/17 13:23:19 ID: 241, Data: 9C336D0082FF2C0C, Celsius: 51, A: +1.09, rev/s: -0.350,  rev: +8.656
2024/04/17 13:23:19 ID: 241, Data: 9C334A00B2FF210C, Celsius: 51, A: +0.74, rev/s: -0.217,  rev: +8.625
2024/04/17 13:23:19 ID: 241, Data: 9C33FFFF60FF180C, Celsius: 51, A: -0.01, rev/s: -0.444,  rev: +8.600
2024/04/17 13:23:19 ID: 241, Data: 9C33D3FFDFFF0A0C, Celsius: 51, A: -0.45, rev/s: -0.092,  rev: +8.561
2024/04/17 13:23:19 ID: 241, Data: 9C331200B4FFFD0B, Celsius: 51, A: +0.18, rev/s: -0.211,  rev: +8.525
2024/04/17 13:23:19 ID: 241, Data: 9C322E0097FFF20B, Celsius: 50, A: +0.46, rev/s: -0.292,  rev: +8.494
2024/04/17 13:23:20 ID: 241, Data: 9C336800A1FFE70B, Celsius: 51, A: +1.04, rev/s: -0.264,  rev: +8.464
2024/04/17 13:23:20 ID: 241, Data: 9C325800C4FFDE0B, Celsius: 50, A: +0.88, rev/s: -0.167,  rev: +8.439
2024/04/17 13:23:20 ID: 241, Data: 9C33470078FFD30B, Celsius: 51, A: +0.71, rev/s: -0.378,  rev: +8.408
2024/04/17 13:23:20 ID: 241, Data: 9C3380005DFFC60B, Celsius: 51, A: +1.28, rev/s: -0.453,  rev: +8.372
2024/04/17 13:23:20 ID: 241, Data: 9C337B00D3FFBC0B, Celsius: 51, A: +1.23, rev/s: -0.125,  rev: +8.344
2024/04/17 13:23:20 ID: 241, Data: 9C322C0078FFB30B, Celsius: 50, A: +0.44, rev/s: -0.378,  rev: +8.319
2024/04/17 13:23:20 ID: 241, Data: 9C3312008EFFA80B, Celsius: 51, A: +0.18, rev/s: -0.317,  rev: +8.289
2024/04/17 13:23:20 ID: 241, Data: 9C33FEFF29FF9B0B, Celsius: 51, A: -0.02, rev/s: -0.597,  rev: +8.253
2024/04/17 13:23:20 ID: 241, Data: 9C33EDFFC1FF8F0B, Celsius: 51, A: -0.19, rev/s: -0.175,  rev: +8.219
2024/04/17 13:23:20 ID: 241, Data: 9C321C00A8FF830B, Celsius: 50, A: +0.28, rev/s: -0.244,  rev: +8.186
2024/04/17 13:23:21 ID: 241, Data: 9C324E00ACFF780B, Celsius: 50, A: +0.78, rev/s: -0.233,  rev: +8.156
2024/04/17 13:23:21 ID: 241, Data: 9C329C0070FF6D0B, Celsius: 50, A: +1.56, rev/s: -0.400,  rev: +8.125
2024/04/17 13:23:21 ID: 241, Data: 9C33D400B3FF620B, Celsius: 51, A: +2.12, rev/s: -0.214,  rev: +8.094
2024/04/17 13:23:21 ID: 241, Data: 9C33ED00ADFF580B, Celsius: 51, A: +2.37, rev/s: -0.231,  rev: +8.067
2024/04/17 13:23:21 ID: 241, Data: 9C32100183FF4D0B, Celsius: 50, A: +2.72, rev/s: -0.347,  rev: +8.036
2024/04/17 13:23:21 ID: 241, Data: 9C32EE00C0FF430B, Celsius: 50, A: +2.38, rev/s: -0.178,  rev: +8.008
2024/04/17 13:23:21 ID: 241, Data: 9C32DE008DFF380B, Celsius: 50, A: +2.22, rev/s: -0.319,  rev: +7.978
2024/04/17 13:23:21 ID: 241, Data: 9C33A700A5FF2F0B, Celsius: 51, A: +1.67, rev/s: -0.253,  rev: +7.953
2024/04/17 13:23:21 ID: 241, Data: 9C3246006EFF240B, Celsius: 50, A: +0.70, rev/s: -0.406,  rev: +7.922
2024/04/17 13:23:21 ID: 241, Data: 9C32FEFF9EFF170B, Celsius: 50, A: -0.02, rev/s: -0.272,  rev: +7.886
2024/04/17 13:23:22 ID: 241, Data: 9C332700DCFF0A0B, Celsius: 51, A: +0.39, rev/s: -0.100,  rev: +7.850
2024/04/17 13:23:22 ID: 241, Data: 9C329A0086FFFD0A, Celsius: 50, A: +1.54, rev/s: -0.339,  rev: +7.814
2024/04/17 13:23:22 ID: 241, Data: 9C32D700D5FFF30A, Celsius: 50, A: +2.15, rev/s: -0.119,  rev: +7.786
2024/04/17 13:23:22 ID: 241, Data: 9C32CA0086FFEA0A, Celsius: 50, A: +2.02, rev/s: -0.339,  rev: +7.761
2024/04/17 13:23:22 ID: 241, Data: 9C32040174FFDE0A, Celsius: 50, A: +2.60, rev/s: -0.389,  rev: +7.728
2024/04/17 13:23:22 ID: 241, Data: 9C32C60093FFD60A, Celsius: 50, A: +1.98, rev/s: -0.303,  rev: +7.706
2024/04/17 13:23:22 ID: 241, Data: 9C328B0078FFCB0A, Celsius: 50, A: +1.39, rev/s: -0.378,  rev: +7.675
2024/04/17 13:23:22 ID: 241, Data: 9C339700F1FFBF0A, Celsius: 51, A: +1.51, rev/s: -0.042,  rev: +7.642
2024/04/17 13:23:22 ID: 241, Data: 9C32380087FFB50A, Celsius: 50, A: +0.56, rev/s: -0.336,  rev: +7.614
2024/04/17 13:23:22 ID: 241, Data: 9C32F2FFFDFFAA0A, Celsius: 50, A: -0.14, rev/s: -0.008,  rev: +7.583
2024/04/17 13:23:23 ID: 241, Data: 9C32090008FF9C0A, Celsius: 50, A: +0.09, rev/s: -0.689,  rev: +7.544
2024/04/17 13:23:23 ID: 241, Data: 9C32280060FF910A, Celsius: 50, A: +0.40, rev/s: -0.444,  rev: +7.514
2024/04/17 13:23:23 ID: 241, Data: 9C32860092FF830A, Celsius: 50, A: +1.34, rev/s: -0.306,  rev: +7.475
2024/04/17 13:23:23 ID: 241, Data: 9C329B00C7FF7A0A, Celsius: 50, A: +1.55, rev/s: -0.158,  rev: +7.450
2024/04/17 13:23:23 ID: 241, Data: 9C32CF0073FF6F0A, Celsius: 50, A: +2.07, rev/s: -0.392,  rev: +7.419
2024/04/17 13:23:23 ID: 241, Data: 9C321601A6FF630A, Celsius: 50, A: +2.78, rev/s: -0.250,  rev: +7.386
2024/04/17 13:23:23 ID: 241, Data: 9C32CF00BBFF5C0A, Celsius: 50, A: +2.07, rev/s: -0.192,  rev: +7.367
2024/04/17 13:23:23 ID: 241, Data: 9C32A7009DFF500A, Celsius: 50, A: +1.67, rev/s: -0.275,  rev: +7.333
2024/04/17 13:23:23 ID: 241, Data: 9C326300CEFF470A, Celsius: 50, A: +0.99, rev/s: -0.139,  rev: +7.308
2024/04/17 13:23:24 ID: 241, Data: 9C322100A1FF3B0A, Celsius: 50, A: +0.33, rev/s: -0.264,  rev: +7.275
2024/04/17 13:23:24 ID: 241, Data: 9C33B8FFB3FF320A, Celsius: 51, A: -0.72, rev/s: -0.214,  rev: +7.250
2024/04/17 13:23:24 ID: 241, Data: 9C32E5FFC5FF220A, Celsius: 50, A: -0.27, rev/s: -0.164,  rev: +7.206
2024/04/17 13:23:24 ID: 241, Data: 9C323C0086FF160A, Celsius: 50, A: +0.60, rev/s: -0.339,  rev: +7.172
2024/04/17 13:23:24 ID: 241, Data: 9C326600BEFF0B0A, Celsius: 50, A: +1.02, rev/s: -0.183,  rev: +7.142
2024/04/17 13:23:24 ID: 241, Data: 9C32900095FF000A, Celsius: 50, A: +1.44, rev/s: -0.297,  rev: +7.111
2024/04/17 13:23:24 ID: 241, Data: 9C32AA008CFFF609, Celsius: 50, A: +1.70, rev/s: -0.322,  rev: +7.083
2024/04/17 13:23:24 ID: 241, Data: 9C32B0006FFFEB09, Celsius: 50, A: +1.76, rev/s: -0.403,  rev: +7.053
2024/04/17 13:23:24 ID: 241, Data: 9C32B200A6FFE009, Celsius: 50, A: +1.78, rev/s: -0.250,  rev: +7.022
2024/04/17 13:23:24 ID: 241, Data: 9C327B00C7FFD709, Celsius: 50, A: +1.23, rev/s: -0.158,  rev: +6.997
2024/04/17 13:23:25 ID: 241, Data: 9C32580089FFCC09, Celsius: 50, A: +0.88, rev/s: -0.331,  rev: +6.967
2024/04/17 13:23:25 ID: 241, Data: 9C32FAFFEEFFC209, Celsius: 50, A: -0.06, rev/s: -0.050,  rev: +6.939
2024/04/17 13:23:25 ID: 241, Data: 9C32EBFFF5FEB609, Celsius: 50, A: -0.21, rev/s: -0.742,  rev: +6.906
2024/04/17 13:23:25 ID: 241, Data: 9C3216009CFFA709, Celsius: 50, A: +0.22, rev/s: -0.278,  rev: +6.864
2024/04/17 13:23:25 ID: 241, Data: 9C324D0044FF9C09, Celsius: 50, A: +0.77, rev/s: -0.522,  rev: +6.833
2024/04/17 13:23:25 ID: 241, Data: 9C3283008DFF9109, Celsius: 50, A: +1.31, rev/s: -0.319,  rev: +6.803
2024/04/17 13:23:25 ID: 241, Data: 9C33970080FF8709, Celsius: 51, A: +1.51, rev/s: -0.356,  rev: +6.775
2024/04/17 13:23:25 ID: 241, Data: 9C32AF00B7FF7C09, Celsius: 50, A: +1.75, rev/s: -0.203,  rev: +6.744
2024/04/17 13:23:25 ID: 241, Data: 9C329300BAFF7309, Celsius: 50, A: +1.47, rev/s: -0.194,  rev: +6.719
2024/04/17 13:23:25 ID: 241, Data: 9C32840067FF6709, Celsius: 50, A: +1.32, rev/s: -0.425,  rev: +6.686
2024/04/17 13:23:26 ID: 241, Data: 9C329200C5FF5B09, Celsius: 50, A: +1.46, rev/s: -0.164,  rev: +6.653
2024/04/17 13:23:26 ID: 241, Data: 9C324E00B1FF5309, Celsius: 50, A: +0.78, rev/s: -0.219,  rev: +6.631
2024/04/17 13:23:26 ID: 241, Data: 9C320D0075FF4909, Celsius: 50, A: +0.13, rev/s: -0.386,  rev: +6.603
2024/04/17 13:23:26 ID: 241, Data: 9C320200A2FF3A09, Celsius: 50, A: +0.02, rev/s: -0.261,  rev: +6.561
2024/04/17 13:23:26 ID: 241, Data: 9C322500AFFF2E09, Celsius: 50, A: +0.37, rev/s: -0.225,  rev: +6.528
2024/04/17 13:23:26 ID: 241, Data: 9C334F00C7FF2309, Celsius: 51, A: +0.79, rev/s: -0.158,  rev: +6.497
2024/04/17 13:23:26 ID: 241, Data: 9C328B00A1FF1809, Celsius: 50, A: +1.39, rev/s: -0.264,  rev: +6.467
2024/04/17 13:23:26 ID: 241, Data: 9C32C3009FFF0D09, Celsius: 50, A: +1.95, rev/s: -0.269,  rev: +6.436
2024/04/17 13:23:26 ID: 241, Data: 9C32C100B7FF0309, Celsius: 50, A: +1.93, rev/s: -0.203,  rev: +6.408
2024/04/17 13:23:26 ID: 241, Data: 9C32BC00A7FFF908, Celsius: 50, A: +1.88, rev/s: -0.247,  rev: +6.381
2024/04/17 13:23:27 ID: 241, Data: 9C32BF0090FFEE08, Celsius: 50, A: +1.91, rev/s: -0.311,  rev: +6.350
2024/04/17 13:23:27 ID: 241, Data: 9C328C00A9FFE308, Celsius: 50, A: +1.40, rev/s: -0.242,  rev: +6.319
2024/04/17 13:23:27 ID: 241, Data: 9C32640087FFD908, Celsius: 50, A: +1.00, rev/s: -0.336,  rev: +6.292
2024/04/17 13:23:27 ID: 241, Data: 9C322D0029FFCD08, Celsius: 50, A: +0.45, rev/s: -0.597,  rev: +6.258
2024/04/17 13:23:27 ID: 241, Data: 9C321400CBFFC008, Celsius: 50, A: +0.20, rev/s: -0.147,  rev: +6.222
2024/04/17 13:23:27 ID: 241, Data: 9C324900A5FFB308, Celsius: 50, A: +0.73, rev/s: -0.253,  rev: +6.186
2024/04/17 13:23:27 ID: 241, Data: 9C329200A8FFA808, Celsius: 50, A: +1.46, rev/s: -0.244,  rev: +6.156
2024/04/17 13:23:27 ID: 241, Data: 9C32CA0085FF9E08, Celsius: 50, A: +2.02, rev/s: -0.342,  rev: +6.128
2024/04/17 13:23:27 ID: 241, Data: 9C32EF0086FF9308, Celsius: 50, A: +2.39, rev/s: -0.339,  rev: +6.097
2024/04/17 13:23:28 ID: 241, Data: 9C321101A8FF8808, Celsius: 50, A: +2.73, rev/s: -0.244,  rev: +6.067
2024/04/17 13:23:28 ID: 241, Data: 9C32320169FF7E08, Celsius: 50, A: +3.06, rev/s: -0.419,  rev: +6.039
2024/04/17 13:23:28 ID: 241, Data: 9C321B01C3FF7308, Celsius: 50, A: +2.83, rev/s: -0.169,  rev: +6.008
2024/04/17 13:23:28 ID: 241, Data: 9C32CD00BAFF6B08, Celsius: 50, A: +2.05, rev/s: -0.194,  rev: +5.986
2024/04/17 13:23:28 ID: 241, Data: 9C3287008EFF6008, Celsius: 50, A: +1.35, rev/s: -0.317,  rev: +5.956
2024/04/17 13:23:28 ID: 241, Data: 9C3223004FFF5508, Celsius: 50, A: +0.35, rev/s: -0.492,  rev: +5.925
2024/04/17 13:23:28 ID: 241, Data: 9C32FEFFA9FF4708, Celsius: 50, A: -0.02, rev/s: -0.242,  rev: +5.886
2024/04/17 13:23:28 ID: 241, Data: 9C322100C1FF3A08, Celsius: 50, A: +0.33, rev/s: -0.175,  rev: +5.850
2024/04/17 13:23:28 ID: 241, Data: 9C32830091FF2E08, Celsius: 50, A: +1.31, rev/s: -0.308,  rev: +5.817
2024/04/17 13:23:28 ID: 241, Data: 9C329C00B5FF2508, Celsius: 50, A: +1.56, rev/s: -0.208,  rev: +5.792
2024/04/17 13:23:29 ID: 241, Data: 9C32A10075FF1A08, Celsius: 50, A: +1.61, rev/s: -0.386,  rev: +5.761
2024/04/17 13:23:29 ID: 241, Data: 9C32E00088FF0D08, Celsius: 50, A: +2.24, rev/s: -0.333,  rev: +5.725
2024/04/17 13:23:29 ID: 241, Data: 9C329B00B0FF0608, Celsius: 50, A: +1.55, rev/s: -0.222,  rev: +5.706
2024/04/17 13:23:29 ID: 241, Data: 9C32AC0080FFF907, Celsius: 50, A: +1.72, rev/s: -0.356,  rev: +5.669
2024/04/17 13:23:29 ID: 241, Data: 9C328900D6FFF007, Celsius: 50, A: +1.37, rev/s: -0.117,  rev: +5.644
2024/04/17 13:23:29 ID: 241, Data: 9C32650060FFE407, Celsius: 50, A: +1.01, rev/s: -0.444,  rev: +5.611
2024/04/17 13:23:29 ID: 241, Data: 9C32F6FF0400DA07, Celsius: 50, A: -0.10, rev/s: +0.011,  rev: +5.583
2024/04/17 13:23:29 ID: 241, Data: 9C321B001AFFCC07, Celsius: 50, A: +0.27, rev/s: -0.639,  rev: +5.544
2024/04/17 13:23:29 ID: 241, Data: 9C3256008CFFBF07, Celsius: 50, A: +0.86, rev/s: -0.322,  rev: +5.508
2024/04/17 13:23:29 ID: 241, Data: 9C32930076FFB407, Celsius: 50, A: +1.47, rev/s: -0.383,  rev: +5.478
2024/04/17 13:23:30 ID: 241, Data: 9C32B100BAFFAA07, Celsius: 50, A: +1.77, rev/s: -0.194,  rev: +5.450
2024/04/17 13:23:30 ID: 241, Data: 9C32D100A7FFA007, Celsius: 50, A: +2.09, rev/s: -0.247,  rev: +5.422
2024/04/17 13:23:30 ID: 241, Data: 9C32D200ACFF9607, Celsius: 50, A: +2.10, rev/s: -0.233,  rev: +5.394
2024/04/17 13:23:30 ID: 241, Data: 9C32B4009CFF8B07, Celsius: 50, A: +1.80, rev/s: -0.278,  rev: +5.364
2024/04/17 13:23:30 ID: 241, Data: 9C329C008FFF8007, Celsius: 50, A: +1.56, rev/s: -0.314,  rev: +5.333
2024/04/17 13:23:30 ID: 241, Data: 9C3260009FFF7707, Celsius: 50, A: +0.96, rev/s: -0.269,  rev: +5.308
2024/04/17 13:23:30 ID: 241, Data: 9C321C00C8FF6B07, Celsius: 50, A: +0.28, rev/s: -0.156,  rev: +5.275
2024/04/17 13:23:30 ID: 241, Data: 9C32CFFF82FF6207, Celsius: 50, A: -0.49, rev/s: -0.350,  rev: +5.250
2024/04/17 13:23:30 ID: 241, Data: 9C320700B8FF5207, Celsius: 50, A: +0.07, rev/s: -0.200,  rev: +5.206
2024/04/17 13:23:30 ID: 241, Data: 9C324E0086FF4607, Celsius: 50, A: +0.78, rev/s: -0.339,  rev: +5.172
2024/04/17 13:23:31 ID: 241, Data: 9C328A00B8FF3B07, Celsius: 50, A: +1.38, rev/s: -0.200,  rev: +5.142
2024/04/17 13:23:31 ID: 241, Data: 9C32A700A5FF3107, Celsius: 50, A: +1.67, rev/s: -0.253,  rev: +5.114
2024/04/17 13:23:31 ID: 241, Data: 9C32D50082FF2607, Celsius: 50, A: +2.13, rev/s: -0.350,  rev: +5.083
2024/04/17 13:23:31 ID: 241, Data: 9C32B400BDFF1C07, Celsius: 50, A: +1.80, rev/s: -0.186,  rev: +5.056
2024/04/17 13:23:31 ID: 241, Data: 9C329B0085FF1207, Celsius: 50, A: +1.55, rev/s: -0.342,  rev: +5.028
2024/04/17 13:23:31 ID: 241, Data: 9C326D00B5FF0707, Celsius: 50, A: +1.09, rev/s: -0.208,  rev: +4.997
2024/04/17 13:23:31 ID: 241, Data: 9C32520075FFFC06, Celsius: 50, A: +0.82, rev/s: -0.386,  rev: +4.967
2024/04/17 13:23:31 ID: 241, Data: 9C32F6FFE8FFF206, Celsius: 50, A: -0.10, rev/s: -0.067,  rev: +4.939
2024/04/17 13:23:31 ID: 241, Data: 9C32FDFF2BFFE506, Celsius: 50, A: -0.03, rev/s: -0.592,  rev: +4.903
2024/04/17 13:23:32 ID: 241, Data: 9C322E009EFFD606, Celsius: 50, A: +0.46, rev/s: -0.272,  rev: +4.861
2024/04/17 13:23:32 ID: 241, Data: 9C326B008AFFCB06, Celsius: 50, A: +1.07, rev/s: -0.328,  rev: +4.831
2024/04/17 13:23:32 ID: 241, Data: 9C32B200A2FFC006, Celsius: 50, A: +1.78, rev/s: -0.261,  rev: +4.800
2024/04/17 13:23:32 ID: 241, Data: 9C32D30081FFB606, Celsius: 50, A: +2.11, rev/s: -0.353,  rev: +4.772
2024/04/17 13:23:32 ID: 241, Data: 9C32CE00C1FFAD06, Celsius: 50, A: +2.06, rev/s: -0.175,  rev: +4.747
2024/04/17 13:23:32 ID: 241, Data: 9C32C000ABFFA206, Celsius: 50, A: +1.92, rev/s: -0.236,  rev: +4.717
2024/04/17 13:23:32 ID: 241, Data: 9C32A700ADFF9706, Celsius: 50, A: +1.67, rev/s: -0.231,  rev: +4.686
2024/04/17 13:23:32 ID: 241, Data: 9C32970094FF8C06, Celsius: 50, A: +1.51, rev/s: -0.300,  rev: +4.656
2024/04/17 13:23:32 ID: 241, Data: 9C324B00D2FF8206, Celsius: 50, A: +0.75, rev/s: -0.128,  rev: +4.628
2024/04/17 13:23:32 ID: 241, Data: 9C32F5FFCAFF7A06, Celsius: 50, A: -0.11, rev/s: -0.150,  rev: +4.606
2024/04/17 13:23:33 ID: 241, Data: 9C32F8FFDFFE6B06, Celsius: 50, A: -0.08, rev/s: -0.803,  rev: +4.564
2024/04/17 13:23:33 ID: 241, Data: 9C32240073FF5D06, Celsius: 50, A: +0.36, rev/s: -0.392,  rev: +4.525
2024/04/17 13:23:33 ID: 241, Data: 9C32850084FF5106, Celsius: 50, A: +1.33, rev/s: -0.344,  rev: +4.492
2024/04/17 13:23:33 ID: 241, Data: 9C32C500B2FF4706, Celsius: 50, A: +1.97, rev/s: -0.217,  rev: +4.464
2024/04/17 13:23:33 ID: 241, Data: 9C320901A6FF3C06, Celsius: 50, A: +2.65, rev/s: -0.250,  rev: +4.433
2024/04/17 13:23:33 ID: 241, Data: 9C32E0009FFF3406, Celsius: 50, A: +2.24, rev/s: -0.269,  rev: +4.411
2024/04/17 13:23:33 ID: 241, Data: 9C3282007AFF2B06, Celsius: 50, A: +1.30, rev/s: -0.372,  rev: +4.386
2024/04/17 13:23:33 ID: 241, Data: 9C329A006EFF1C06, Celsius: 50, A: +1.54, rev/s: -0.406,  rev: +4.344
2024/04/17 13:23:33 ID: 241, Data: 9C324F00C7FF1406, Celsius: 50, A: +0.79, rev/s: -0.158,  rev: +4.322
2024/04/17 13:23:33 ID: 241, Data: 9C32160050FF0806, Celsius: 50, A: +0.22, rev/s: -0.489,  rev: +4.289
2024/04/17 13:23:34 ID: 241, Data: 9C32FCFF3BFFFC05, Celsius: 50, A: -0.04, rev/s: -0.547,  rev: +4.256
2024/04/17 13:23:34 ID: 241, Data: 9C32E5FF77FFEF05, Celsius: 50, A: -0.27, rev/s: -0.381,  rev: +4.219
2024/04/17 13:23:34 ID: 241, Data: 9C321A00A9FFE205, Celsius: 50, A: +0.26, rev/s: -0.242,  rev: +4.183
2024/04/17 13:23:34 ID: 241, Data: 9C32420097FFD805, Celsius: 50, A: +0.66, rev/s: -0.292,  rev: +4.156
2024/04/17 13:23:34 ID: 241, Data: 9C3284004BFFCD05, Celsius: 50, A: +1.32, rev/s: -0.503,  rev: +4.125
2024/04/17 13:23:34 ID: 241, Data: 9C32AE00A5FFC205, Celsius: 50, A: +1.74, rev/s: -0.253,  rev: +4.094
2024/04/17 13:23:34 ID: 241, Data: 9C32D500B3FFB805, Celsius: 50, A: +2.13, rev/s: -0.214,  rev: +4.067
2024/04/17 13:23:34 ID: 241, Data: 9C32E9009DFFAD05, Celsius: 50, A: +2.33, rev/s: -0.275,  rev: +4.036
2024/04/17 13:23:34 ID: 241, Data: 9C32D900A9FFA305, Celsius: 50, A: +2.17, rev/s: -0.242,  rev: +4.008
2024/04/17 13:23:34 ID: 241, Data: 9C32D800ABFF9805, Celsius: 50, A: +2.16, rev/s: -0.236,  rev: +3.978
2024/04/17 13:23:35 ID: 241, Data: 9C32920080FF8F05, Celsius: 50, A: +1.46, rev/s: -0.356,  rev: +3.953
2024/04/17 13:23:35 ID: 241, Data: 9C325D005DFF8305, Celsius: 50, A: +0.93, rev/s: -0.453,  rev: +3.919
2024/04/17 13:23:35 ID: 241, Data: 9C32DFFFEFFF7905, Celsius: 50, A: -0.33, rev/s: -0.047,  rev: +3.892
2024/04/17 13:23:35 ID: 241, Data: 9C321E00FCFF6B05, Celsius: 50, A: +0.30, rev/s: -0.011,  rev: +3.853
2024/04/17 13:23:35 ID: 241, Data: 9C32CB0077FF5B05, Celsius: 50, A: +2.03, rev/s: -0.381,  rev: +3.808
2024/04/17 13:23:35 ID: 241, Data: 9C324801A6FF5105, Celsius: 50, A: +3.28, rev/s: -0.250,  rev: +3.781
2024/04/17 13:23:35 ID: 241, Data: 9C326501C0FF4905, Celsius: 50, A: +3.57, rev/s: -0.178,  rev: +3.758
2024/04/17 13:23:35 ID: 241, Data: 9C323401B2FF4005, Celsius: 50, A: +3.08, rev/s: -0.217,  rev: +3.733
2024/04/17 13:23:35 ID: 241, Data: 9C32360197FF3405, Celsius: 50, A: +3.10, rev/s: -0.292,  rev: +3.700
2024/04/17 13:23:36 ID: 241, Data: 9C32D800C1FF2C05, Celsius: 50, A: +2.16, rev/s: -0.175,  rev: +3.678
2024/04/17 13:23:36 ID: 241, Data: 9C3297009DFF1F05, Celsius: 50, A: +1.51, rev/s: -0.275,  rev: +3.642
2024/04/17 13:23:36 ID: 241, Data: 9C325A0090FF1505, Celsius: 50, A: +0.90, rev/s: -0.311,  rev: +3.614
2024/04/17 13:23:36 ID: 241, Data: 9C32F7FFD8FF0A05, Celsius: 50, A: -0.09, rev/s: -0.111,  rev: +3.583
2024/04/17 13:23:36 ID: 241, Data: 9C322100D0FEFB04, Celsius: 50, A: +0.33, rev/s: -0.844,  rev: +3.542
2024/04/17 13:23:36 ID: 241, Data: 9C324300A6FFEF04, Celsius: 50, A: +0.67, rev/s: -0.250,  rev: +3.508
2024/04/17 13:23:36 ID: 241, Data: 9C32790094FFE304, Celsius: 50, A: +1.21, rev/s: -0.300,  rev: +3.475
2024/04/17 13:23:36 ID: 241, Data: 9C32B00090FFD904, Celsius: 50, A: +1.76, rev/s: -0.311,  rev: +3.447
2024/04/17 13:23:36 ID: 241, Data: 9C32A500A7FFCF04, Celsius: 50, A: +1.65, rev/s: -0.247,  rev: +3.419
2024/04/17 13:23:36 ID: 241, Data: 9C32A7009FFFC404, Celsius: 50, A: +1.67, rev/s: -0.269,  rev: +3.389
2024/04/17 13:23:37 ID: 241, Data: 9C32B600AAFFB904, Celsius: 50, A: +1.82, rev/s: -0.239,  rev: +3.358
2024/04/17 13:23:37 ID: 241, Data: 9C328000A3FFB004, Celsius: 50, A: +1.28, rev/s: -0.258,  rev: +3.333
2024/04/17 13:23:37 ID: 241, Data: 9C3272004CFFA404, Celsius: 50, A: +1.14, rev/s: -0.500,  rev: +3.300
2024/04/17 13:23:37 ID: 241, Data: 9C321F00A2FF9A04, Celsius: 50, A: +0.31, rev/s: -0.261,  rev: +3.272
2024/04/17 13:23:37 ID: 241, Data: 9C32FEFF38FF9004, Celsius: 50, A: -0.02, rev/s: -0.556,  rev: +3.244
2024/04/17 13:23:37 ID: 241, Data: 9C32090062FF8104, Celsius: 50, A: +0.09, rev/s: -0.439,  rev: +3.203
2024/04/17 13:23:37 ID: 241, Data: 9C323D0060FF7604, Celsius: 50, A: +0.61, rev/s: -0.444,  rev: +3.172
2024/04/17 13:23:37 ID: 241, Data: 9C325800B7FF6A04, Celsius: 50, A: +0.88, rev/s: -0.203,  rev: +3.139
2024/04/17 13:23:37 ID: 241, Data: 9C327A0081FF6004, Celsius: 50, A: +1.22, rev/s: -0.353,  rev: +3.111
2024/04/17 13:23:37 ID: 241, Data: 9C32A9008DFF5404, Celsius: 50, A: +1.69, rev/s: -0.319,  rev: +3.078
2024/04/17 13:23:38 ID: 241, Data: 9C329C00A3FF4B04, Celsius: 50, A: +1.56, rev/s: -0.258,  rev: +3.053
2024/04/17 13:23:38 ID: 241, Data: 9C32910096FF4004, Celsius: 50, A: +1.45, rev/s: -0.294,  rev: +3.022
2024/04/17 13:23:38 ID: 241, Data: 9C32970096FF3504, Celsius: 50, A: +1.51, rev/s: -0.294,  rev: +2.992
2024/04/17 13:23:38 ID: 241, Data: 9C32580079FF2B04, Celsius: 50, A: +0.88, rev/s: -0.375,  rev: +2.964
2024/04/17 13:23:38 ID: 241, Data: 9C320500B1FF2104, Celsius: 50, A: +0.05, rev/s: -0.219,  rev: +2.936
2024/04/17 13:23:38 ID: 241, Data: 9C32110007FF1304, Celsius: 50, A: +0.17, rev/s: -0.692,  rev: +2.897
2024/04/17 13:23:38 ID: 241, Data: 9C322000B5FF0604, Celsius: 50, A: +0.32, rev/s: -0.208,  rev: +2.861
2024/04/17 13:23:38 ID: 241, Data: 9C323B009FFFFB03, Celsius: 50, A: +0.59, rev/s: -0.269,  rev: +2.831
2024/04/17 13:23:38 ID: 241, Data: 9C32770099FFF003, Celsius: 50, A: +1.19, rev/s: -0.286,  rev: +2.800
2024/04/17 13:23:38 ID: 241, Data: 9C3294009CFFE603, Celsius: 50, A: +1.48, rev/s: -0.278,  rev: +2.772
2024/04/17 13:23:39 ID: 241, Data: 9C32A90094FFDB03, Celsius: 50, A: +1.69, rev/s: -0.300,  rev: +2.742
2024/04/17 13:23:39 ID: 241, Data: 9C32AE0092FFD103, Celsius: 50, A: +1.74, rev/s: -0.306,  rev: +2.714
2024/04/17 13:23:39 ID: 241, Data: 9C32AE008DFFC603, Celsius: 50, A: +1.74, rev/s: -0.319,  rev: +2.683
2024/04/17 13:23:39 ID: 241, Data: 9C328A00C6FFBB03, Celsius: 50, A: +1.38, rev/s: -0.161,  rev: +2.653
2024/04/17 13:23:39 ID: 241, Data: 9C3257009FFFB103, Celsius: 50, A: +0.87, rev/s: -0.269,  rev: +2.625
2024/04/17 13:23:39 ID: 241, Data: 9C322E0069FFA603, Celsius: 50, A: +0.46, rev/s: -0.419,  rev: +2.594
2024/04/17 13:23:39 ID: 241, Data: 9C32ECFFF8FF9A03, Celsius: 50, A: -0.20, rev/s: -0.022,  rev: +2.561
2024/04/17 13:23:39 ID: 241, Data: 9C322900B6FF8D03, Celsius: 50, A: +0.41, rev/s: -0.206,  rev: +2.525
2024/04/17 13:23:39 ID: 241, Data: 9C3250008CFF8203, Celsius: 50, A: +0.80, rev/s: -0.322,  rev: +2.494
2024/04/17 13:23:40 ID: 241, Data: 9C327900A1FF7703, Celsius: 50, A: +1.21, rev/s: -0.264,  rev: +2.464
2024/04/17 13:23:40 ID: 241, Data: 9C328E0081FF6C03, Celsius: 50, A: +1.42, rev/s: -0.353,  rev: +2.433
2024/04/17 13:23:40 ID: 241, Data: 9C32950099FF6103, Celsius: 50, A: +1.49, rev/s: -0.286,  rev: +2.403
2024/04/17 13:23:40 ID: 241, Data: 9C32A90080FF5603, Celsius: 50, A: +1.69, rev/s: -0.356,  rev: +2.372
2024/04/17 13:23:40 ID: 241, Data: 9C32A70080FF4B03, Celsius: 50, A: +1.67, rev/s: -0.356,  rev: +2.342
2024/04/17 13:23:40 ID: 241, Data: 9C328500A6FF4103, Celsius: 50, A: +1.33, rev/s: -0.250,  rev: +2.314
2024/04/17 13:23:40 ID: 241, Data: 9C325A0095FF3703, Celsius: 50, A: +0.90, rev/s: -0.297,  rev: +2.286
2024/04/17 13:23:40 ID: 241, Data: 9C324E0098FF2B03, Celsius: 50, A: +0.78, rev/s: -0.289,  rev: +2.253
2024/04/17 13:23:40 ID: 241, Data: 9C32F8FFBAFF2203, Celsius: 50, A: -0.08, rev/s: -0.194,  rev: +2.228
2024/04/17 13:23:40 ID: 241, Data: 9C321D00BBFF1303, Celsius: 50, A: +0.29, rev/s: -0.192,  rev: +2.186
2024/04/17 13:23:41 ID: 241, Data: 9C323B00A2FF0803, Celsius: 50, A: +0.59, rev/s: -0.261,  rev: +2.156
2024/04/17 13:23:41 ID: 241, Data: 9C327D006DFFFC02, Celsius: 50, A: +1.25, rev/s: -0.408,  rev: +2.122
2024/04/17 13:23:41 ID: 241, Data: 9C328500CDFFF202, Celsius: 50, A: +1.33, rev/s: -0.142,  rev: +2.094
2024/04/17 13:23:41 ID: 241, Data: 9C32BA0051FFE702, Celsius: 50, A: +1.86, rev/s: -0.486,  rev: +2.064
2024/04/17 13:23:41 ID: 241, Data: 9C32F10086FFDB02, Celsius: 50, A: +2.41, rev/s: -0.339,  rev: +2.031
2024/04/17 13:23:41 ID: 241, Data: 9C32AD00D6FFD302, Celsius: 50, A: +1.73, rev/s: -0.117,  rev: +2.008
2024/04/17 13:23:41 ID: 241, Data: 9C3274009BFFC802, Celsius: 50, A: +1.16, rev/s: -0.281,  rev: +1.978
2024/04/17 13:23:41 ID: 241, Data: 9C3290008EFFBB02, Celsius: 50, A: +1.44, rev/s: -0.317,  rev: +1.942
2024/04/17 13:23:41 ID: 241, Data: 9C323A0067FFB302, Celsius: 50, A: +0.58, rev/s: -0.425,  rev: +1.919
2024/04/17 13:23:41 ID: 241, Data: 9C320F003BFFA702, Celsius: 50, A: +0.15, rev/s: -0.547,  rev: +1.886
2024/04/17 13:23:42 ID: 241, Data: 9C320400F1FF9B02, Celsius: 50, A: +0.04, rev/s: -0.042,  rev: +1.853
2024/04/17 13:23:42 ID: 241, Data: 9C322900B2FF8E02, Celsius: 50, A: +0.41, rev/s: -0.217,  rev: +1.817
2024/04/17 13:23:42 ID: 241, Data: 9C32430081FF8302, Celsius: 50, A: +0.67, rev/s: -0.353,  rev: +1.786
2024/04/17 13:23:42 ID: 241, Data: 9C325F0082FF7802, Celsius: 50, A: +0.95, rev/s: -0.350,  rev: +1.756
2024/04/17 13:23:42 ID: 241, Data: 9C328D0093FF6C02, Celsius: 50, A: +1.41, rev/s: -0.303,  rev: +1.722
2024/04/17 13:23:42 ID: 241, Data: 9C329B00C5FF6202, Celsius: 50, A: +1.55, rev/s: -0.164,  rev: +1.694
2024/04/17 13:23:42 ID: 241, Data: 9C32A10056FF5802, Celsius: 50, A: +1.61, rev/s: -0.472,  rev: +1.667
2024/04/17 13:23:42 ID: 241, Data: 9C329A009FFF4D02, Celsius: 50, A: +1.54, rev/s: -0.269,  rev: +1.636
2024/04/17 13:23:42 ID: 241, Data: 9C326900ABFF4202, Celsius: 50, A: +1.05, rev/s: -0.236,  rev: +1.606
2024/04/17 13:23:42 ID: 241, Data: 9C32390073FF3802, Celsius: 50, A: +0.57, rev/s: -0.392,  rev: +1.578
2024/04/17 13:23:43 ID: 241, Data: 9C3221005EFF2C02, Celsius: 50, A: +0.33, rev/s: -0.450,  rev: +1.544
2024/04/17 13:23:43 ID: 241, Data: 9C320C007AFF2102, Celsius: 50, A: +0.12, rev/s: -0.372,  rev: +1.514
2024/04/17 13:23:43 ID: 241, Data: 9C322D0070FF1402, Celsius: 50, A: +0.45, rev/s: -0.400,  rev: +1.478
2024/04/17 13:23:43 ID: 241, Data: 9C322E00B0FF0902, Celsius: 50, A: +0.46, rev/s: -0.222,  rev: +1.447
2024/04/17 13:23:43 ID: 241, Data: 9C32450060FFFF01, Celsius: 50, A: +0.69, rev/s: -0.444,  rev: +1.419
2024/04/17 13:23:43 ID: 241, Data: 9C326B0094FFF201, Celsius: 50, A: +1.07, rev/s: -0.300,  rev: +1.383
2024/04/17 13:23:43 ID: 241, Data: 9C326400B4FFE901, Celsius: 50, A: +1.00, rev/s: -0.211,  rev: +1.358
2024/04/17 13:23:43 ID: 241, Data: 9C32610058FFDE01, Celsius: 50, A: +0.97, rev/s: -0.467,  rev: +1.328
2024/04/17 13:23:43 ID: 241, Data: 9C324D00C2FFD301, Celsius: 50, A: +0.77, rev/s: -0.172,  rev: +1.297
2024/04/17 13:23:44 ID: 241, Data: 9C323200A1FFC901, Celsius: 50, A: +0.50, rev/s: -0.264,  rev: +1.269
2024/04/17 13:23:44 ID: 241, Data: 9C320D0098FFBE01, Celsius: 50, A: +0.13, rev/s: -0.289,  rev: +1.239
2024/04/17 13:23:44 ID: 241, Data: 9C320200A8FFB101, Celsius: 50, A: +0.02, rev/s: -0.244,  rev: +1.203
2024/04/17 13:23:44 ID: 241, Data: 9C32EBFF81FFA701, Celsius: 50, A: -0.21, rev/s: -0.353,  rev: +1.175
2024/04/17 13:23:44 ID: 241, Data: 9C32FBFFB8FF9A01, Celsius: 50, A: -0.05, rev/s: -0.200,  rev: +1.139
2024/04/17 13:23:44 ID: 241, Data: 9C32FDFFF9FF9001, Celsius: 50, A: -0.03, rev/s: -0.019,  rev: +1.111
2024/04/17 13:23:44 ID: 241, Data: 9C32100049FF8401, Celsius: 50, A: +0.16, rev/s: -0.508,  rev: +1.078
2024/04/17 13:23:44 ID: 241, Data: 9C320800B4FF7901, Celsius: 50, A: +0.08, rev/s: -0.211,  rev: +1.047
2024/04/17 13:23:44 ID: 241, Data: 9C32250055FF6E01, Celsius: 50, A: +0.37, rev/s: -0.475,  rev: +1.017
2024/04/17 13:23:44 ID: 241, Data: 9C325D0081FF6101, Celsius: 50, A: +0.93, rev/s: -0.353,  rev: +0.981
2024/04/17 13:23:45 ID: 241, Data: 9C316600B2FF5801, Celsius: 49, A: +1.02, rev/s: -0.217,  rev: +0.956
2024/04/17 13:23:45 ID: 241, Data: 9C32230091FF4F01, Celsius: 50, A: +0.35, rev/s: -0.308,  rev: +0.931
2024/04/17 13:23:45 ID: 241, Data: 9C321800A2FF4201, Celsius: 50, A: +0.24, rev/s: -0.261,  rev: +0.894
2024/04/17 13:23:45 ID: 241, Data: 9C320900A7FF3701, Celsius: 50, A: +0.09, rev/s: -0.247,  rev: +0.864
2024/04/17 13:23:45 ID: 241, Data: 9C320E002BFF2B01, Celsius: 50, A: +0.14, rev/s: -0.592,  rev: +0.831
2024/04/17 13:23:45 ID: 241, Data: 9C320600B0FF2001, Celsius: 50, A: +0.06, rev/s: -0.222,  rev: +0.800
2024/04/17 13:23:45 ID: 241, Data: 9C320D007EFF1601, Celsius: 50, A: +0.13, rev/s: -0.361,  rev: +0.772
2024/04/17 13:23:45 ID: 241, Data: 9C322400AAFF0A01, Celsius: 50, A: +0.36, rev/s: -0.239,  rev: +0.739
2024/04/17 13:23:45 ID: 241, Data: 9C322100BEFF0001, Celsius: 50, A: +0.33, rev/s: -0.183,  rev: +0.711
2024/04/17 13:23:45 ID: 241, Data: 9C3152009BFFF300, Celsius: 49, A: +0.82, rev/s: -0.281,  rev: +0.675
2024/04/17 13:23:46 ID: 241, Data: 9C327300A4FFE900, Celsius: 50, A: +1.15, rev/s: -0.256,  rev: +0.647
2024/04/17 13:23:46 ID: 241, Data: 9C324700ADFFE000, Celsius: 50, A: +0.71, rev/s: -0.231,  rev: +0.622
2024/04/17 13:23:46 ID: 241, Data: 9C32470077FFD400, Celsius: 50, A: +0.71, rev/s: -0.381,  rev: +0.589
2024/04/17 13:23:46 ID: 241, Data: 9C320800C5FFCA00, Celsius: 50, A: +0.08, rev/s: -0.164,  rev: +0.561
2024/04/17 13:23:46 ID: 241, Data: 9C31F3FF7DFFBF00, Celsius: 49, A: -0.13, rev/s: -0.364,  rev: +0.531
2024/04/17 13:23:46 ID: 241, Data: 9C32F3FFD6FFB200, Celsius: 50, A: -0.13, rev/s: -0.117,  rev: +0.494
2024/04/17 13:23:46 ID: 241, Data: 9C32F4FFBBFFA800, Celsius: 50, A: -0.12, rev/s: -0.192,  rev: +0.467
2024/04/17 13:23:46 ID: 241, Data: 9C320B0068FF9B00, Celsius: 50, A: +0.11, rev/s: -0.422,  rev: +0.431
2024/04/17 13:23:46 ID: 241, Data: 9C320200E5FF9000, Celsius: 50, A: +0.02, rev/s: -0.075,  rev: +0.400
2024/04/17 13:23:47 ID: 241, Data: 9C3109005FFF8500, Celsius: 49, A: +0.09, rev/s: -0.447,  rev: +0.369
2024/04/17 13:23:47 ID: 241, Data: 9C32FFFF72FF7A00, Celsius: 50, A: -0.01, rev/s: -0.394,  rev: +0.339
2024/04/17 13:23:47 ID: 241, Data: 9C31F3FF9DFF7000, Celsius: 49, A: -0.13, rev/s: -0.275,  rev: +0.311
2024/04/17 13:23:47 ID: 241, Data: 9C31F3FF7CFF6500, Celsius: 49, A: -0.13, rev/s: -0.367,  rev: +0.281
2024/04/17 13:23:47 ID: 241, Data: 9C31FBFFCDFF5900, Celsius: 49, A: -0.05, rev/s: -0.142,  rev: +0.247
2024/04/17 13:23:47 ID: 241, Data: 9C31E1FFA6FF5000, Celsius: 49, A: -0.31, rev/s: -0.250,  rev: +0.222
2024/04/17 13:23:47 ID: 241, Data: 9C32FBFF78FF4300, Celsius: 50, A: -0.05, rev/s: -0.378,  rev: +0.186
2024/04/17 13:23:47 ID: 241, Data: 9C31F8FFB5FF3700, Celsius: 49, A: -0.08, rev/s: -0.208,  rev: +0.153
2024/04/17 13:23:47 ID: 241, Data: 9C31EDFF39FF2E00, Celsius: 49, A: -0.19, rev/s: -0.553,  rev: +0.128
2024/04/17 13:23:47 ID: 241, Data: 9C32F6FF62FF2200, Celsius: 50, A: -0.10, rev/s: -0.439,  rev: +0.094
2024/04/17 13:23:48 ID: 241, Data: 9C31E4FFE2FF1800, Celsius: 49, A: -0.28, rev/s: -0.083,  rev: +0.067
2024/04/17 13:23:48 ID: 241, Data: 9C32F8FF9EFF0C00, Celsius: 50, A: -0.08, rev/s: -0.272,  rev: +0.033
2024/04/17 13:39:48 ID: 241, Data: 9C27830098FFAC13, Celsius: 39, A: +1.31, rev/s: -0.289,  rev: +13.989
2024/04/17 13:39:49 ID: 241, Data: 9C278A007FFF9F13, Celsius: 39, A: +1.38, rev/s: -0.358,  rev: +13.953
2024/04/17 13:39:49 ID: 241, Data: 9C279B00AFFF9413, Celsius: 39, A: +1.55, rev/s: -0.225,  rev: +13.922
2024/04/17 13:39:49 ID: 241, Data: 9C27700064FF8A13, Celsius: 39, A: +1.12, rev/s: -0.433,  rev: +13.894
2024/04/17 13:39:49 ID: 241, Data: 9C27A1008EFF7D13, Celsius: 39, A: +1.61, rev/s: -0.317,  rev: +13.858
2024/04/17 13:39:49 ID: 241, Data: 9C27750096FF7413, Celsius: 39, A: +1.17, rev/s: -0.294,  rev: +13.833
2024/04/17 13:39:49 ID: 241, Data: 9C278B0085FF6713, Celsius: 39, A: +1.39, rev/s: -0.342,  rev: +13.797
2024/04/17 13:39:49 ID: 241, Data: 9C278600C5FF5D13, Celsius: 39, A: +1.34, rev/s: -0.164,  rev: +13.769
2024/04/17 13:39:49 ID: 241, Data: 9C2757007DFF5313, Celsius: 39, A: +0.87, rev/s: -0.364,  rev: +13.742
2024/04/17 13:39:49 ID: 241, Data: 9C27810083FF4613, Celsius: 39, A: +1.29, rev/s: -0.347,  rev: +13.706
2024/04/17 13:39:49 ID: 241, Data: 9C276500BAFF3C13, Celsius: 39, A: +1.01, rev/s: -0.194,  rev: +13.678
2024/04/17 13:39:50 ID: 241, Data: 9C2768006CFF3013, Celsius: 39, A: +1.04, rev/s: -0.411,  rev: +13.644
2024/04/17 13:39:50 ID: 241, Data: 9C278C0099FF2513, Celsius: 39, A: +1.40, rev/s: -0.286,  rev: +13.614
2024/04/17 13:39:50 ID: 241, Data: 9C275B008EFF1C13, Celsius: 39, A: +0.91, rev/s: -0.317,  rev: +13.589
2024/04/17 13:39:50 ID: 241, Data: 9C2796008FFF0D13, Celsius: 39, A: +1.50, rev/s: -0.314,  rev: +13.547
2024/04/17 13:39:50 ID: 241, Data: 9C277200CFFF0513, Celsius: 39, A: +1.14, rev/s: -0.136,  rev: +13.525
2024/04/17 13:39:50 ID: 241, Data: 9C27820065FFF912, Celsius: 39, A: +1.30, rev/s: -0.431,  rev: +13.492
2024/04/17 13:39:50 ID: 241, Data: 9C277400C3FFEF12, Celsius: 39, A: +1.16, rev/s: -0.169,  rev: +13.464
2024/04/17 13:39:50 ID: 241, Data: 9C275F0077FFE412, Celsius: 39, A: +0.95, rev/s: -0.381,  rev: +13.433
2024/04/17 13:39:50 ID: 241, Data: 9C27B000B3FFD612, Celsius: 39, A: +1.76, rev/s: -0.214,  rev: +13.394
2024/04/17 13:39:51 ID: 241, Data: 9C276C008BFFCE12, Celsius: 39, A: +1.08, rev/s: -0.325,  rev: +13.372
2024/04/17 13:39:51 ID: 241, Data: 9C27B3007FFFBF12, Celsius: 39, A: +1.79, rev/s: -0.358,  rev: +13.331
2024/04/17 13:39:51 ID: 241, Data: 9C27B200CCFFB712, Celsius: 39, A: +1.78, rev/s: -0.144,  rev: +13.308
2024/04/17 13:39:51 ID: 241, Data: 9C27880067FFAD12, Celsius: 39, A: +1.36, rev/s: -0.425,  rev: +13.281
2024/04/17 13:39:51 ID: 241, Data: 9C27EA009EFF9E12, Celsius: 39, A: +2.34, rev/s: -0.272,  rev: +13.239
2024/04/17 13:39:51 ID: 241, Data: 9C27BA008AFF9712, Celsius: 39, A: +1.86, rev/s: -0.328,  rev: +13.219
2024/04/17 13:39:51 ID: 241, Data: 9C27D1007FFF8A12, Celsius: 39, A: +2.09, rev/s: -0.358,  rev: +13.183
2024/04/17 13:39:51 ID: 241, Data: 9C27ED00AAFF7F12, Celsius: 39, A: +2.37, rev/s: -0.239,  rev: +13.153
2024/04/17 13:39:51 ID: 241, Data: 9C27E9007DFF7512, Celsius: 39, A: +2.33, rev/s: -0.364,  rev: +13.125
2024/04/17 13:39:51 ID: 241, Data: 9C27ED008FFF6912, Celsius: 39, A: +2.37, rev/s: -0.314,  rev: +13.092
2024/04/17 13:39:52 ID: 241, Data: 9C27FC0083FF5E12, Celsius: 39, A: +2.52, rev/s: -0.347,  rev: +13.061
2024/04/17 13:39:52 ID: 241, Data: 9C27E400AFFF5412, Celsius: 39, A: +2.28, rev/s: -0.225,  rev: +13.033
2024/04/17 13:39:52 ID: 241, Data: 9C27F90075FF4812, Celsius: 39, A: +2.49, rev/s: -0.386,  rev: +13.000
2024/04/17 13:39:52 ID: 241, Data: 9C27D200ADFF3E12, Celsius: 39, A: +2.10, rev/s: -0.231,  rev: +12.972
2024/04/17 13:39:52 ID: 241, Data: 9C27D4008DFF3212, Celsius: 39, A: +2.12, rev/s: -0.319,  rev: +12.939
2024/04/17 13:39:52 ID: 241, Data: 9C27C300A0FF2812, Celsius: 39, A: +1.95, rev/s: -0.267,  rev: +12.911
2024/04/17 13:39:52 ID: 241, Data: 9C27A80085FF1C12, Celsius: 39, A: +1.68, rev/s: -0.342,  rev: +12.878
2024/04/17 13:39:52 ID: 241, Data: 9C27B40095FF1112, Celsius: 39, A: +1.80, rev/s: -0.297,  rev: +12.847
2024/04/17 13:39:52 ID: 241, Data: 9C27BA0084FF0512, Celsius: 39, A: +1.86, rev/s: -0.344,  rev: +12.814
2024/04/17 13:39:52 ID: 241, Data: 9C27E80097FFF911, Celsius: 39, A: +2.32, rev/s: -0.292,  rev: +12.781
2024/04/17 13:39:53 ID: 241, Data: 9C27B500A8FFF111, Celsius: 39, A: +1.81, rev/s: -0.244,  rev: +12.758
2024/04/17 13:39:53 ID: 241, Data: 9C27E200A2FFE411, Celsius: 39, A: +2.26, rev/s: -0.261,  rev: +12.722
2024/04/17 13:39:53 ID: 241, Data: 9C27B80091FFDB11, Celsius: 39, A: +1.84, rev/s: -0.308,  rev: +12.697
2024/04/17 13:39:53 ID: 241, Data: 9C27F2008FFFCC11, Celsius: 39, A: +2.42, rev/s: -0.314,  rev: +12.656
2024/04/17 13:39:53 ID: 241, Data: 9C27C7009DFFC511, Celsius: 39, A: +1.99, rev/s: -0.275,  rev: +12.636
2024/04/17 13:39:53 ID: 241, Data: 9C27F00070FFB711, Celsius: 39, A: +2.40, rev/s: -0.400,  rev: +12.597
2024/04/17 13:39:53 ID: 241, Data: 9C27CF00BEFFAE11, Celsius: 39, A: +2.07, rev/s: -0.183,  rev: +12.572
2024/04/17 13:39:53 ID: 241, Data: 9C27E50084FFA111, Celsius: 39, A: +2.29, rev/s: -0.344,  rev: +12.536
2024/04/17 13:39:53 ID: 241, Data: 9C27D000E4FF9811, Celsius: 39, A: +2.08, rev/s: -0.078,  rev: +12.511
2024/04/17 13:39:53 ID: 241, Data: 9C27BA006BFF8C11, Celsius: 39, A: +1.86, rev/s: -0.414,  rev: +12.478
2024/04/17 13:39:54 ID: 241, Data: 9C27E100A9FF8011, Celsius: 39, A: +2.25, rev/s: -0.242,  rev: +12.444
2024/04/17 13:39:54 ID: 241, Data: 9C27B30062FF7711, Celsius: 39, A: +1.79, rev/s: -0.439,  rev: +12.419
2024/04/17 13:39:54 ID: 241, Data: 9C27DF0099FF6911, Celsius: 39, A: +2.23, rev/s: -0.286,  rev: +12.381
2024/04/17 13:39:54 ID: 241, Data: 9C27A700B5FF6111, Celsius: 39, A: +1.67, rev/s: -0.208,  rev: +12.358
2024/04/17 13:39:54 ID: 241, Data: 9C27B80067FF5411, Celsius: 39, A: +1.84, rev/s: -0.425,  rev: +12.322
2024/04/17 13:39:54 ID: 241, Data: 9C27E100DAFF4811, Celsius: 39, A: +2.25, rev/s: -0.106,  rev: +12.289
2024/04/17 13:39:54 ID: 241, Data: 9C27A00053FF4011, Celsius: 39, A: +1.60, rev/s: -0.481,  rev: +12.267
2024/04/17 13:39:54 ID: 241, Data: 9C27E800CEFF3111, Celsius: 39, A: +2.32, rev/s: -0.139,  rev: +12.225
2024/04/17 13:39:54 ID: 241, Data: 9C279B0086FF2B11, Celsius: 39, A: +1.55, rev/s: -0.339,  rev: +12.208
2024/04/17 13:39:55 ID: 241, Data: 9C270001BCFF1811, Celsius: 39, A: +2.56, rev/s: -0.189,  rev: +12.156
2024/04/17 13:39:55 ID: 241, Data: 9C279C00A6FF1311, Celsius: 39, A: +1.56, rev/s: -0.250,  rev: +12.142
2024/04/17 13:39:55 ID: 241, Data: 9C27FD0072FF0211, Celsius: 39, A: +2.53, rev/s: -0.394,  rev: +12.094
2024/04/17 13:39:55 ID: 241, Data: 9C27B200B5FFFC10, Celsius: 39, A: +1.78, rev/s: -0.208,  rev: +12.078
2024/04/17 13:39:55 ID: 241, Data: 9C27EC0050FFED10, Celsius: 39, A: +2.36, rev/s: -0.489,  rev: +12.036
2024/04/17 13:39:55 ID: 241, Data: 9C27DF00EEFFE410, Celsius: 39, A: +2.23, rev/s: -0.050,  rev: +12.011
2024/04/17 13:39:55 ID: 241, Data: 9C27C80050FFD910, Celsius: 39, A: +2.00, rev/s: -0.489,  rev: +11.981
2024/04/17 13:39:55 ID: 241, Data: 9C27CB00CCFFCE10, Celsius: 39, A: +2.03, rev/s: -0.144,  rev: +11.950
2024/04/17 13:39:55 ID: 241, Data: 9C27BF0067FFC310, Celsius: 39, A: +1.91, rev/s: -0.425,  rev: +11.919
2024/04/17 13:39:55 ID: 241, Data: 9C27BF009AFFB810, Celsius: 39, A: +1.91, rev/s: -0.283,  rev: +11.889
2024/04/17 13:39:56 ID: 241, Data: 9C27C20088FFAC10, Celsius: 39, A: +1.94, rev/s: -0.333,  rev: +11.856
2024/04/17 13:39:56 ID: 241, Data: 9C27C0009EFFA110, Celsius: 39, A: +1.92, rev/s: -0.272,  rev: +11.825
2024/04/17 13:39:56 ID: 241, Data: 9C27B300ABFF9610, Celsius: 39, A: +1.79, rev/s: -0.236,  rev: +11.794
2024/04/17 13:39:56 ID: 241, Data: 9C27BF0095FF8B10, Celsius: 39, A: +1.91, rev/s: -0.297,  rev: +11.764
2024/04/17 13:39:56 ID: 241, Data: 9C279F00ADFF8110, Celsius: 39, A: +1.59, rev/s: -0.231,  rev: +11.736
2024/04/17 13:39:56 ID: 241, Data: 9C27960070FF7610, Celsius: 39, A: +1.50, rev/s: -0.400,  rev: +11.706
2024/04/17 13:39:56 ID: 241, Data: 9C27960084FF6A10, Celsius: 39, A: +1.50, rev/s: -0.344,  rev: +11.672
2024/04/17 13:39:56 ID: 241, Data: 9C277F00B1FF5F10, Celsius: 39, A: +1.27, rev/s: -0.219,  rev: +11.642
2024/04/17 13:39:56 ID: 241, Data: 9C27870073FF5410, Celsius: 39, A: +1.35, rev/s: -0.392,  rev: +11.611
2024/04/17 13:39:56 ID: 241, Data: 9C276900A6FF4910, Celsius: 39, A: +1.05, rev/s: -0.250,  rev: +11.581
2024/04/17 13:39:57 ID: 241, Data: 9C2863009DFF3E10, Celsius: 40, A: +0.99, rev/s: -0.275,  rev: +11.550
2024/04/17 13:39:57 ID: 241, Data: 9C27800091FF3110, Celsius: 39, A: +1.28, rev/s: -0.308,  rev: +11.514
2024/04/17 13:39:57 ID: 241, Data: 9C287B00A7FF2710, Celsius: 40, A: +1.23, rev/s: -0.247,  rev: +11.486
2024/04/17 13:39:57 ID: 241, Data: 9C27700076FF1D10, Celsius: 39, A: +1.12, rev/s: -0.383,  rev: +11.458
2024/04/17 13:39:57 ID: 241, Data: 9C2871009DFF1110, Celsius: 40, A: +1.13, rev/s: -0.275,  rev: +11.425
2024/04/17 13:39:57 ID: 241, Data: 9C287700A8FF0610, Celsius: 40, A: +1.19, rev/s: -0.244,  rev: +11.394
2024/04/17 13:39:57 ID: 241, Data: 9C2775008EFFFB0F, Celsius: 39, A: +1.17, rev/s: -0.317,  rev: +11.364
2024/04/17 13:39:57 ID: 241, Data: 9C276B0098FFF00F, Celsius: 39, A: +1.07, rev/s: -0.289,  rev: +11.333
2024/04/17 13:39:57 ID: 241, Data: 9C28780091FFE40F, Celsius: 40, A: +1.20, rev/s: -0.308,  rev: +11.300
2024/04/17 13:39:58 ID: 241, Data: 9C276600A9FFDA0F, Celsius: 39, A: +1.02, rev/s: -0.242,  rev: +11.272
2024/04/17 13:39:58 ID: 241, Data: 9C27750081FFCE0F, Celsius: 39, A: +1.17, rev/s: -0.353,  rev: +11.239
2024/04/17 13:39:58 ID: 241, Data: 9C28680094FFC40F, Celsius: 40, A: +1.04, rev/s: -0.300,  rev: +11.211
2024/04/17 13:39:58 ID: 241, Data: 9C278400A8FFB80F, Celsius: 39, A: +1.32, rev/s: -0.244,  rev: +11.178
2024/04/17 13:39:58 ID: 241, Data: 9C27840093FFAE0F, Celsius: 39, A: +1.32, rev/s: -0.303,  rev: +11.150
2024/04/17 13:39:58 ID: 241, Data: 9C278500A3FFA20F, Celsius: 39, A: +1.33, rev/s: -0.258,  rev: +11.117
2024/04/17 13:39:58 ID: 241, Data: 9C288F00BDFF970F, Celsius: 40, A: +1.43, rev/s: -0.186,  rev: +11.086
2024/04/17 13:39:58 ID: 241, Data: 9C288B009FFF8C0F, Celsius: 40, A: +1.39, rev/s: -0.269,  rev: +11.056
2024/04/17 13:39:58 ID: 241, Data: 9C289C0088FF810F, Celsius: 40, A: +1.56, rev/s: -0.333,  rev: +11.025
2024/04/17 13:39:58 ID: 241, Data: 9C2790008EFF760F, Celsius: 39, A: +1.44, rev/s: -0.317,  rev: +10.994
2024/04/17 13:39:59 ID: 241, Data: 9C27960092FF6B0F, Celsius: 39, A: +1.50, rev/s: -0.306,  rev: +10.964
2024/04/17 13:39:59 ID: 241, Data: 9C289B009EFF600F, Celsius: 40, A: +1.55, rev/s: -0.272,  rev: +10.933
2024/04/17 13:39:59 ID: 241, Data: 9C289D00A7FF540F, Celsius: 40, A: +1.57, rev/s: -0.247,  rev: +10.900
2024/04/17 13:39:59 ID: 241, Data: 9C28A70085FF490F, Celsius: 40, A: +1.67, rev/s: -0.342,  rev: +10.869
2024/04/17 13:39:59 ID: 241, Data: 9C289E0096FF3E0F, Celsius: 40, A: +1.58, rev/s: -0.294,  rev: +10.839
2024/04/17 13:39:59 ID: 241, Data: 9C28AD0087FF330F, Celsius: 40, A: +1.73, rev/s: -0.336,  rev: +10.808
2024/04/17 13:39:59 ID: 241, Data: 9C28B60094FF280F, Celsius: 40, A: +1.82, rev/s: -0.300,  rev: +10.778
2024/04/17 13:39:59 ID: 241, Data: 9C27B100AFFF1D0F, Celsius: 39, A: +1.77, rev/s: -0.225,  rev: +10.747
2024/04/17 13:39:59 ID: 241, Data: 9C28B10090FF120F, Celsius: 40, A: +1.77, rev/s: -0.311,  rev: +10.717
2024/04/17 13:39:59 ID: 241, Data: 9C27AD0093FF070F, Celsius: 39, A: +1.73, rev/s: -0.303,  rev: +10.686
2024/04/17 13:40:00 ID: 241, Data: 9C28AF0093FFFB0E, Celsius: 40, A: +1.75, rev/s: -0.303,  rev: +10.653
2024/04/17 13:40:00 ID: 241, Data: 9C28A5006BFFF10E, Celsius: 40, A: +1.65, rev/s: -0.414,  rev: +10.625
2024/04/17 13:40:00 ID: 241, Data: 9C279F00C3FFE50E, Celsius: 39, A: +1.59, rev/s: -0.169,  rev: +10.592
2024/04/17 13:40:00 ID: 241, Data: 9C28A60078FFDA0E, Celsius: 40, A: +1.66, rev/s: -0.378,  rev: +10.561
2024/04/17 13:40:00 ID: 241, Data: 9C28B400ACFFCF0E, Celsius: 40, A: +1.80, rev/s: -0.233,  rev: +10.531
2024/04/17 13:40:00 ID: 241, Data: 9C28A5007FFFC40E, Celsius: 40, A: +1.65, rev/s: -0.358,  rev: +10.500
2024/04/17 13:40:00 ID: 241, Data: 9C28B00084FFB90E, Celsius: 40, A: +1.76, rev/s: -0.344,  rev: +10.469
2024/04/17 13:40:00 ID: 241, Data: 9C28AC00C0FFAE0E, Celsius: 40, A: +1.72, rev/s: -0.178,  rev: +10.439
2024/04/17 13:40:00 ID: 241, Data: 9C28AB0082FFA30E, Celsius: 40, A: +1.71, rev/s: -0.350,  rev: +10.408
2024/04/17 13:40:00 ID: 241, Data: 9C28B10093FF980E, Celsius: 40, A: +1.77, rev/s: -0.303,  rev: +10.378
2024/04/17 13:40:01 ID: 241, Data: 9C28AF00A0FF8D0E, Celsius: 40, A: +1.75, rev/s: -0.267,  rev: +10.347
2024/04/17 13:40:01 ID: 241, Data: 9C28BD0085FF810E, Celsius: 40, A: +1.89, rev/s: -0.342,  rev: +10.314
2024/04/17 13:40:01 ID: 241, Data: 9C28AF00B9FF760E, Celsius: 40, A: +1.75, rev/s: -0.197,  rev: +10.283
2024/04/17 13:40:01 ID: 241, Data: 9C28B80081FF6B0E, Celsius: 40, A: +1.84, rev/s: -0.353,  rev: +10.253
2024/04/17 13:40:01 ID: 241, Data: 9C28AE0093FF600E, Celsius: 40, A: +1.74, rev/s: -0.303,  rev: +10.222
2024/04/17 13:40:01 ID: 241, Data: 9C28AE0096FF540E, Celsius: 40, A: +1.74, rev/s: -0.294,  rev: +10.189
2024/04/17 13:40:01 ID: 241, Data: 9C28AF0088FF490E, Celsius: 40, A: +1.75, rev/s: -0.333,  rev: +10.158
2024/04/17 13:40:01 ID: 241, Data: 9C289E0097FF3F0E, Celsius: 40, A: +1.58, rev/s: -0.292,  rev: +10.131
2024/04/17 13:40:01 ID: 241, Data: 9C28AA0086FF330E, Celsius: 40, A: +1.70, rev/s: -0.339,  rev: +10.097
2024/04/17 13:40:02 ID: 241, Data: 9C289100ACFF290E, Celsius: 40, A: +1.45, rev/s: -0.233,  rev: +10.069
2024/04/17 13:40:02 ID: 241, Data: 9C28870098FF1D0E, Celsius: 40, A: +1.35, rev/s: -0.289,  rev: +10.036
2024/04/17 13:40:02 ID: 241, Data: 9C287F007BFF120E, Celsius: 40, A: +1.27, rev/s: -0.369,  rev: +10.006
2024/04/17 13:40:02 ID: 241, Data: 9C288B00A9FF060E, Celsius: 40, A: +1.39, rev/s: -0.242,  rev: +9.972
2024/04/17 13:40:02 ID: 241, Data: 9C288D008BFFFC0D, Celsius: 40, A: +1.41, rev/s: -0.325,  rev: +9.944
2024/04/17 13:40:02 ID: 241, Data: 9C286F0073FFF10D, Celsius: 40, A: +1.11, rev/s: -0.392,  rev: +9.914
2024/04/17 13:40:02 ID: 241, Data: 9C2867007BFFE60D, Celsius: 40, A: +1.03, rev/s: -0.369,  rev: +9.883
2024/04/17 13:40:02 ID: 241, Data: 9C2850009DFFDB0D, Celsius: 40, A: +0.80, rev/s: -0.275,  rev: +9.853
2024/04/17 13:40:02 ID: 241, Data: 9C285A0089FFCF0D, Celsius: 40, A: +0.90, rev/s: -0.331,  rev: +9.819
2024/04/17 13:40:02 ID: 241, Data: 9C285F009BFFC40D, Celsius: 40, A: +0.95, rev/s: -0.281,  rev: +9.789
2024/04/17 13:40:03 ID: 241, Data: 9C2855008DFFB90D, Celsius: 40, A: +0.85, rev/s: -0.319,  rev: +9.758
2024/04/17 13:40:03 ID: 241, Data: 9C2855008AFFAE0D, Celsius: 40, A: +0.85, rev/s: -0.328,  rev: +9.728
2024/04/17 13:40:03 ID: 241, Data: 9C2850008DFFA30D, Celsius: 40, A: +0.80, rev/s: -0.319,  rev: +9.697
2024/04/17 13:40:03 ID: 241, Data: 9C285B0086FF970D, Celsius: 40, A: +0.91, rev/s: -0.339,  rev: +9.664
2024/04/17 13:40:03 ID: 241, Data: 9C28730080FF8C0D, Celsius: 40, A: +1.15, rev/s: -0.356,  rev: +9.633
2024/04/17 13:40:03 ID: 241, Data: 9C286C00ADFF820D, Celsius: 40, A: +1.08, rev/s: -0.231,  rev: +9.606
2024/04/17 13:40:03 ID: 241, Data: 9C286F0098FF770D, Celsius: 40, A: +1.11, rev/s: -0.289,  rev: +9.575
2024/04/17 13:40:03 ID: 241, Data: 9C2883009CFF6B0D, Celsius: 40, A: +1.31, rev/s: -0.278,  rev: +9.542
2024/04/17 13:40:03 ID: 241, Data: 9C288500A9FF600D, Celsius: 40, A: +1.33, rev/s: -0.242,  rev: +9.511
2024/04/17 13:40:03 ID: 241, Data: 9C28950075FF550D, Celsius: 40, A: +1.49, rev/s: -0.386,  rev: +9.481
2024/04/17 13:40:04 ID: 241, Data: 9C2894009FFF4A0D, Celsius: 40, A: +1.48, rev/s: -0.269,  rev: +9.450
2024/04/17 13:40:04 ID: 241, Data: 9C28A30083FF3F0D, Celsius: 40, A: +1.63, rev/s: -0.347,  rev: +9.419
2024/04/17 13:40:04 ID: 241, Data: 9C28AA009BFF340D, Celsius: 40, A: +1.70, rev/s: -0.281,  rev: +9.389
2024/04/17 13:40:04 ID: 241, Data: 9C28AC0082FF290D, Celsius: 40, A: +1.72, rev/s: -0.350,  rev: +9.358
2024/04/17 13:40:04 ID: 241, Data: 9C28AC0082FF1E0D, Celsius: 40, A: +1.72, rev/s: -0.350,  rev: +9.328
2024/04/17 13:40:04 ID: 241, Data: 9C28A300C6FF130D, Celsius: 40, A: +1.63, rev/s: -0.161,  rev: +9.297
2024/04/17 13:40:04 ID: 241, Data: 9C28A40087FF080D, Celsius: 40, A: +1.64, rev/s: -0.336,  rev: +9.267
2024/04/17 13:40:04 ID: 241, Data: 9C28AD008FFFFC0C, Celsius: 40, A: +1.73, rev/s: -0.314,  rev: +9.233
2024/04/17 13:40:04 ID: 241, Data: 9C289B009EFFF20C, Celsius: 40, A: +1.55, rev/s: -0.272,  rev: +9.206
2024/04/17 13:40:04 ID: 241, Data: 9C2880009FFFE70C, Celsius: 40, A: +1.28, rev/s: -0.269,  rev: +9.175
2024/04/17 13:40:05 ID: 241, Data: 9C28A300B2FFDB0C, Celsius: 40, A: +1.63, rev/s: -0.217,  rev: +9.142
2024/04/17 13:40:05 ID: 241, Data: 9C288D007CFFD10C, Celsius: 40, A: +1.41, rev/s: -0.367,  rev: +9.114
2024/04/17 13:40:05 ID: 241, Data: 9C288C00B6FFC50C, Celsius: 40, A: +1.40, rev/s: -0.206,  rev: +9.081
2024/04/17 13:40:05 ID: 241, Data: 9C289F00C1FFBA0C, Celsius: 40, A: +1.59, rev/s: -0.175,  rev: +9.050
2024/04/17 13:40:05 ID: 241, Data: 9C288F00A3FFAF0C, Celsius: 40, A: +1.43, rev/s: -0.258,  rev: +9.019
2024/04/17 13:40:05 ID: 241, Data: 9C28A00094FFA40C, Celsius: 40, A: +1.60, rev/s: -0.300,  rev: +8.989
2024/04/17 13:40:05 ID: 241, Data: 9C289E00A2FF990C, Celsius: 40, A: +1.58, rev/s: -0.261,  rev: +8.958
2024/04/17 13:40:05 ID: 241, Data: 9C28900090FF8E0C, Celsius: 40, A: +1.44, rev/s: -0.311,  rev: +8.928
2024/04/17 13:40:05 ID: 241, Data: 9C289C0088FF830C, Celsius: 40, A: +1.56, rev/s: -0.333,  rev: +8.897
2024/04/17 13:40:06 ID: 241, Data: 9C288500AAFF780C, Celsius: 40, A: +1.33, rev/s: -0.239,  rev: +8.867
2024/04/17 13:40:06 ID: 241, Data: 9C2893007AFF6C0C, Celsius: 40, A: +1.47, rev/s: -0.372,  rev: +8.833
2024/04/17 13:40:06 ID: 241, Data: 9C289E0099FF610C, Celsius: 40, A: +1.58, rev/s: -0.286,  rev: +8.803
2024/04/17 13:40:06 ID: 241, Data: 9C28920082FF570C, Celsius: 40, A: +1.46, rev/s: -0.350,  rev: +8.775
2024/04/17 13:40:06 ID: 241, Data: 9C28A90089FF4B0C, Celsius: 40, A: +1.69, rev/s: -0.331,  rev: +8.742
2024/04/17 13:40:06 ID: 241, Data: 9C288800B7FF410C, Celsius: 40, A: +1.36, rev/s: -0.203,  rev: +8.714
2024/04/17 13:40:06 ID: 241, Data: 9C28950071FF350C, Celsius: 40, A: +1.49, rev/s: -0.397,  rev: +8.681
2024/04/17 13:40:06 ID: 241, Data: 9C289500CBFF2A0C, Celsius: 40, A: +1.49, rev/s: -0.147,  rev: +8.650
2024/04/17 13:40:06 ID: 241, Data: 9C287B0062FF1F0C, Celsius: 40, A: +1.23, rev/s: -0.439,  rev: +8.619
2024/04/17 13:40:06 ID: 241, Data: 9C28AB0094FF120C, Celsius: 40, A: +1.71, rev/s: -0.300,  rev: +8.583
2024/04/17 13:40:07 ID: 241, Data: 9C2874008BFF0A0C, Celsius: 40, A: +1.16, rev/s: -0.325,  rev: +8.561
2024/04/17 13:40:07 ID: 241, Data: 9C28A5005FFFFC0B, Celsius: 40, A: +1.65, rev/s: -0.447,  rev: +8.522
2024/04/17 13:40:07 ID: 241, Data: 9C289500C6FFF30B, Celsius: 40, A: +1.49, rev/s: -0.161,  rev: +8.497
2024/04/17 13:40:07 ID: 241, Data: 9C287E005EFFE80B, Celsius: 40, A: +1.26, rev/s: -0.450,  rev: +8.467
2024/04/17 13:40:07 ID: 241, Data: 9C28A300A8FFDC0B, Celsius: 40, A: +1.63, rev/s: -0.244,  rev: +8.433
2024/04/17 13:40:07 ID: 241, Data: 9C2883008CFFD20B, Celsius: 40, A: +1.31, rev/s: -0.322,  rev: +8.406
2024/04/17 13:40:07 ID: 241, Data: 9C289A0088FFC50B, Celsius: 40, A: +1.54, rev/s: -0.333,  rev: +8.369
2024/04/17 13:40:07 ID: 241, Data: 9C288F00A9FFBC0B, Celsius: 40, A: +1.43, rev/s: -0.242,  rev: +8.344
2024/04/17 13:40:07 ID: 241, Data: 9C28790069FFB10B, Celsius: 40, A: +1.21, rev/s: -0.419,  rev: +8.314
2024/04/17 13:40:07 ID: 241, Data: 9C289B0082FFA40B, Celsius: 40, A: +1.55, rev/s: -0.350,  rev: +8.278
2024/04/17 13:40:08 ID: 241, Data: 9C288400BEFF9A0B, Celsius: 40, A: +1.32, rev/s: -0.183,  rev: +8.250
2024/04/17 13:40:08 ID: 241, Data: 9C287E008EFF8F0B, Celsius: 40, A: +1.26, rev/s: -0.317,  rev: +8.219
2024/04/17 13:40:08 ID: 241, Data: 9C2897007CFF830B, Celsius: 40, A: +1.51, rev/s: -0.367,  rev: +8.186
2024/04/17 13:40:08 ID: 241, Data: 9C2899008FFF780B, Celsius: 40, A: +1.53, rev/s: -0.314,  rev: +8.156
2024/04/17 13:40:08 ID: 241, Data: 9C288D0076FF6D0B, Celsius: 40, A: +1.41, rev/s: -0.383,  rev: +8.125
2024/04/17 13:40:08 ID: 241, Data: 9C289500A2FF620B, Celsius: 40, A: +1.49, rev/s: -0.261,  rev: +8.094
2024/04/17 13:40:08 ID: 241, Data: 9C2884009CFF580B, Celsius: 40, A: +1.32, rev/s: -0.278,  rev: +8.067
2024/04/17 13:40:08 ID: 241, Data: 9C289D008CFF4B0B, Celsius: 40, A: +1.57, rev/s: -0.322,  rev: +8.031
2024/04/17 13:40:08 ID: 241, Data: 9C289900A3FF410B, Celsius: 40, A: +1.53, rev/s: -0.258,  rev: +8.003
2024/04/17 13:40:09 ID: 241, Data: 9C28850097FF360B, Celsius: 40, A: +1.33, rev/s: -0.292,  rev: +7.972
2024/04/17 13:40:09 ID: 241, Data: 9C28AC00BEFF2A0B, Celsius: 40, A: +1.72, rev/s: -0.183,  rev: +7.939
2024/04/17 13:40:09 ID: 241, Data: 9C28840080FF200B, Celsius: 40, A: +1.32, rev/s: -0.356,  rev: +7.911
2024/04/17 13:40:09 ID: 241, Data: 9C28B7008EFF130B, Celsius: 40, A: +1.83, rev/s: -0.317,  rev: +7.875
2024/04/17 13:40:09 ID: 241, Data: 9C287B00D5FF0B0B, Celsius: 40, A: +1.23, rev/s: -0.119,  rev: +7.853
2024/04/17 13:40:09 ID: 241, Data: 9C28870086FFFE0A, Celsius: 40, A: +1.35, rev/s: -0.339,  rev: +7.817
2024/04/17 13:40:09 ID: 241, Data: 9C288D00A9FFF30A, Celsius: 40, A: +1.41, rev/s: -0.242,  rev: +7.786
2024/04/17 13:40:09 ID: 241, Data: 9C286A0086FFE90A, Celsius: 40, A: +1.06, rev/s: -0.339,  rev: +7.758
2024/04/17 13:40:09 ID: 241, Data: 9C288E00BEFFDC0A, Celsius: 40, A: +1.42, rev/s: -0.183,  rev: +7.722
2024/04/17 13:40:09 ID: 241, Data: 9C28870071FFD20A, Celsius: 40, A: +1.35, rev/s: -0.397,  rev: +7.694
2024/04/17 13:40:10 ID: 241, Data: 9C2899008AFFC60A, Celsius: 40, A: +1.53, rev/s: -0.328,  rev: +7.661
2024/04/17 13:40:10 ID: 241, Data: 9C289F00B1FFBC0A, Celsius: 40, A: +1.59, rev/s: -0.219,  rev: +7.633
2024/04/17 13:40:10 ID: 241, Data: 9C288800A5FFB10A, Celsius: 40, A: +1.36, rev/s: -0.253,  rev: +7.603
2024/04/17 13:40:10 ID: 241, Data: 9C289700A9FFA50A, Celsius: 40, A: +1.51, rev/s: -0.242,  rev: +7.569
2024/04/17 13:40:10 ID: 241, Data: 9C28940072FF9B0A, Celsius: 40, A: +1.48, rev/s: -0.394,  rev: +7.542
2024/04/17 13:40:10 ID: 241, Data: 9C289B00B7FF8F0A, Celsius: 40, A: +1.55, rev/s: -0.203,  rev: +7.508
2024/04/17 13:40:10 ID: 241, Data: 9C288E0092FF850A, Celsius: 40, A: +1.42, rev/s: -0.306,  rev: +7.481
2024/04/17 13:40:10 ID: 241, Data: 9C28960085FF790A, Celsius: 40, A: +1.50, rev/s: -0.342,  rev: +7.447
2024/04/17 13:40:10 ID: 241, Data: 9C289C0091FF6E0A, Celsius: 40, A: +1.56, rev/s: -0.308,  rev: +7.417
2024/04/17 13:40:10 ID: 241, Data: 9C28A20081FF630A, Celsius: 40, A: +1.62, rev/s: -0.353,  rev: +7.386
2024/04/17 13:40:11 ID: 241, Data: 9C289200A1FF580A, Celsius: 40, A: +1.46, rev/s: -0.264,  rev: +7.356
2024/04/17 13:40:11 ID: 241, Data: 9C2893007CFF4D0A, Celsius: 40, A: +1.47, rev/s: -0.367,  rev: +7.325
2024/04/17 13:40:11 ID: 241, Data: 9C28A1008EFF410A, Celsius: 40, A: +1.61, rev/s: -0.317,  rev: +7.292
2024/04/17 13:40:11 ID: 241, Data: 9C28920094FF370A, Celsius: 40, A: +1.46, rev/s: -0.300,  rev: +7.264
2024/04/17 13:40:11 ID: 241, Data: 9C28A00091FF2B0A, Celsius: 40, A: +1.60, rev/s: -0.308,  rev: +7.231
2024/04/17 13:40:11 ID: 241, Data: 9C288300B0FF210A, Celsius: 40, A: +1.31, rev/s: -0.222,  rev: +7.203
2024/04/17 13:40:11 ID: 241, Data: 9C289B0074FF140A, Celsius: 40, A: +1.55, rev/s: -0.389,  rev: +7.167
2024/04/17 13:40:11 ID: 241, Data: 9C289A009EFF0A0A, Celsius: 40, A: +1.54, rev/s: -0.272,  rev: +7.139
2024/04/17 13:40:11 ID: 241, Data: 9C288F0077FFFF09, Celsius: 40, A: +1.43, rev/s: -0.381,  rev: +7.108
2024/04/17 13:40:11 ID: 241, Data: 9C28A80099FFF309, Celsius: 40, A: +1.68, rev/s: -0.286,  rev: +7.075
2024/04/17 13:40:12 ID: 241, Data: 9C289100A0FFE909, Celsius: 40, A: +1.45, rev/s: -0.267,  rev: +7.047
2024/04/17 13:40:12 ID: 241, Data: 9C28A40094FFDD09, Celsius: 40, A: +1.64, rev/s: -0.300,  rev: +7.014
2024/04/17 13:40:12 ID: 241, Data: 9C289C00ACFFD309, Celsius: 40, A: +1.56, rev/s: -0.233,  rev: +6.986
2024/04/17 13:40:12 ID: 241, Data: 9C289B006DFFC809, Celsius: 40, A: +1.55, rev/s: -0.408,  rev: +6.956
2024/04/17 13:40:12 ID: 241, Data: 9C28A3008EFFBC09, Celsius: 40, A: +1.63, rev/s: -0.317,  rev: +6.922
2024/04/17 13:40:12 ID: 241, Data: 9C289B00A5FFB209, Celsius: 40, A: +1.55, rev/s: -0.253,  rev: +6.894
2024/04/17 13:40:12 ID: 241, Data: 9C28A70090FFA609, Celsius: 40, A: +1.67, rev/s: -0.311,  rev: +6.861
2024/04/17 13:40:12 ID: 241, Data: 9C289500A7FF9B09, Celsius: 40, A: +1.49, rev/s: -0.247,  rev: +6.831
2024/04/17 13:40:12 ID: 241, Data: 9C2897007DFF9009, Celsius: 40, A: +1.51, rev/s: -0.364,  rev: +6.800
2024/04/17 13:40:13 ID: 241, Data: 9C28A60087FF8409, Celsius: 40, A: +1.66, rev/s: -0.336,  rev: +6.767
2024/04/17 13:40:13 ID: 241, Data: 9C2891008FFF7B09, Celsius: 40, A: +1.45, rev/s: -0.314,  rev: +6.742
2024/04/17 13:40:13 ID: 241, Data: 9C28990096FF6F09, Celsius: 40, A: +1.53, rev/s: -0.294,  rev: +6.708
2024/04/17 13:40:13 ID: 241, Data: 9C288D00A0FF6409, Celsius: 40, A: +1.41, rev/s: -0.267,  rev: +6.678
2024/04/17 13:40:13 ID: 241, Data: 9C289A0082FF5809, Celsius: 40, A: +1.54, rev/s: -0.350,  rev: +6.644
2024/04/17 13:40:13 ID: 241, Data: 9C288300C1FF4E09, Celsius: 40, A: +1.31, rev/s: -0.175,  rev: +6.617
2024/04/17 13:40:13 ID: 241, Data: 9C289400C0FF4209, Celsius: 40, A: +1.48, rev/s: -0.178,  rev: +6.583
2024/04/17 13:40:13 ID: 241, Data: 9C28960089FF3709, Celsius: 40, A: +1.50, rev/s: -0.331,  rev: +6.553
2024/04/17 13:40:13 ID: 241, Data: 9C2896008BFF2C09, Celsius: 40, A: +1.50, rev/s: -0.325,  rev: +6.522
2024/04/17 13:40:13 ID: 241, Data: 9C28950097FF2109, Celsius: 40, A: +1.49, rev/s: -0.292,  rev: +6.492
2024/04/17 13:40:14 ID: 241, Data: 9C288A009CFF1609, Celsius: 40, A: +1.38, rev/s: -0.278,  rev: +6.461
2024/04/17 13:40:14 ID: 241, Data: 9C288A00A5FF0B09, Celsius: 40, A: +1.38, rev/s: -0.253,  rev: +6.431
2024/04/17 13:40:14 ID: 241, Data: 9C28790091FF0009, Celsius: 40, A: +1.21, rev/s: -0.308,  rev: +6.400
2024/04/17 13:40:14 ID: 241, Data: 9C286E00B1FFF508, Celsius: 40, A: +1.10, rev/s: -0.219,  rev: +6.369
2024/04/17 13:40:14 ID: 241, Data: 9C28720064FFE908, Celsius: 40, A: +1.14, rev/s: -0.433,  rev: +6.336
2024/04/17 13:40:14 ID: 241, Data: 9C28760096FFDE08, Celsius: 40, A: +1.18, rev/s: -0.294,  rev: +6.306
2024/04/17 13:40:14 ID: 241, Data: 9C286E008CFFD308, Celsius: 40, A: +1.10, rev/s: -0.322,  rev: +6.275
2024/04/17 13:40:14 ID: 241, Data: 9C287C0085FFC808, Celsius: 40, A: +1.24, rev/s: -0.342,  rev: +6.244
2024/04/17 13:40:14 ID: 241, Data: 9C287B00AFFFBD08, Celsius: 40, A: +1.23, rev/s: -0.225,  rev: +6.214
2024/04/17 13:40:14 ID: 241, Data: 9C297B007EFFB208, Celsius: 41, A: +1.23, rev/s: -0.361,  rev: +6.183
2024/04/17 13:40:15 ID: 241, Data: 9C288B00BFFFA708, Celsius: 40, A: +1.39, rev/s: -0.181,  rev: +6.153
2024/04/17 13:40:15 ID: 241, Data: 9C287B0076FF9C08, Celsius: 40, A: +1.23, rev/s: -0.383,  rev: +6.122
2024/04/17 13:40:15 ID: 241, Data: 9C289C008BFF9008, Celsius: 40, A: +1.56, rev/s: -0.325,  rev: +6.089
2024/04/17 13:40:15 ID: 241, Data: 9C287F0094FF8708, Celsius: 40, A: +1.27, rev/s: -0.300,  rev: +6.064
2024/04/17 13:40:15 ID: 241, Data: 9C28AE005DFF7908, Celsius: 40, A: +1.74, rev/s: -0.453,  rev: +6.025
2024/04/17 13:40:15 ID: 241, Data: 9C289F00CFFF7008, Celsius: 40, A: +1.59, rev/s: -0.136,  rev: +6.000
2024/04/17 13:40:15 ID: 241, Data: 9C28A7006DFF6408, Celsius: 40, A: +1.67, rev/s: -0.408,  rev: +5.967
2024/04/17 13:40:15 ID: 241, Data: 9C28BA00B0FF5908, Celsius: 40, A: +1.86, rev/s: -0.222,  rev: +5.936
2024/04/17 13:40:15 ID: 241, Data: 9C289F006DFF4F08, Celsius: 40, A: +1.59, rev/s: -0.408,  rev: +5.908
2024/04/17 13:40:15 ID: 241, Data: 9C28D60088FF4208, Celsius: 40, A: +2.14, rev/s: -0.333,  rev: +5.872
2024/04/17 13:40:16 ID: 241, Data: 9C28A60092FF3A08, Celsius: 40, A: +1.66, rev/s: -0.306,  rev: +5.850
2024/04/17 13:40:16 ID: 241, Data: 9C28D80082FF2C08, Celsius: 40, A: +2.16, rev/s: -0.350,  rev: +5.811
2024/04/17 13:40:16 ID: 241, Data: 9C28BE00ABFF2308, Celsius: 40, A: +1.90, rev/s: -0.236,  rev: +5.786
2024/04/17 13:40:16 ID: 241, Data: 9C28D3006CFF1708, Celsius: 40, A: +2.11, rev/s: -0.411,  rev: +5.753
2024/04/17 13:40:16 ID: 241, Data: 9C28D000B2FF0C08, Celsius: 40, A: +2.08, rev/s: -0.217,  rev: +5.722
2024/04/17 13:40:16 ID: 241, Data: 9C28C90069FF0108, Celsius: 40, A: +2.01, rev/s: -0.419,  rev: +5.692
2024/04/17 13:40:16 ID: 241, Data: 9C28EA009CFFF507, Celsius: 40, A: +2.34, rev/s: -0.278,  rev: +5.658
2024/04/17 13:40:16 ID: 241, Data: 9C28BE007EFFEC07, Celsius: 40, A: +1.90, rev/s: -0.361,  rev: +5.633
2024/04/17 13:40:16 ID: 241, Data: 9C28EB007CFFDE07, Celsius: 40, A: +2.35, rev/s: -0.367,  rev: +5.594
2024/04/17 13:40:17 ID: 241, Data: 9C28BB00B6FFD607, Celsius: 40, A: +1.87, rev/s: -0.206,  rev: +5.572
2024/04/17 13:40:17 ID: 241, Data: 9C28D500AAFFC907, Celsius: 40, A: +2.13, rev/s: -0.239,  rev: +5.536
2024/04/17 13:40:17 ID: 241, Data: 9C28D900B5FFBF07, Celsius: 40, A: +2.17, rev/s: -0.208,  rev: +5.508
2024/04/17 13:40:17 ID: 241, Data: 9C28B80089FFB407, Celsius: 40, A: +1.84, rev/s: -0.331,  rev: +5.478
2024/04/17 13:40:17 ID: 241, Data: 9C28E100A9FFA707, Celsius: 40, A: +2.25, rev/s: -0.242,  rev: +5.442
2024/04/17 13:40:17 ID: 241, Data: 9C28B5007AFF9E07, Celsius: 40, A: +1.81, rev/s: -0.372,  rev: +5.417
2024/04/17 13:40:17 ID: 241, Data: 9C28D70082FF9107, Celsius: 40, A: +2.15, rev/s: -0.350,  rev: +5.381
2024/04/17 13:40:17 ID: 241, Data: 9C28A500BBFF8807, Celsius: 40, A: +1.65, rev/s: -0.192,  rev: +5.356
2024/04/17 13:40:17 ID: 241, Data: 9C28B6008DFF7B07, Celsius: 40, A: +1.82, rev/s: -0.319,  rev: +5.319
2024/04/17 13:40:17 ID: 241, Data: 9C29BB009EFF7107, Celsius: 41, A: +1.87, rev/s: -0.272,  rev: +5.292
2024/04/17 13:40:18 ID: 241, Data: 9C289F007FFF6607, Celsius: 40, A: +1.59, rev/s: -0.358,  rev: +5.261
2024/04/17 13:40:18 ID: 241, Data: 9C28CC00EBFF5907, Celsius: 40, A: +2.04, rev/s: -0.058,  rev: +5.225
2024/04/17 13:40:18 ID: 241, Data: 9C289C0067FF4F07, Celsius: 40, A: +1.56, rev/s: -0.425,  rev: +5.197
2024/04/17 13:40:18 ID: 241, Data: 9C28E7008FFF4107, Celsius: 40, A: +2.31, rev/s: -0.314,  rev: +5.158
2024/04/17 13:40:18 ID: 241, Data: 9C289200B0FF3A07, Celsius: 40, A: +1.46, rev/s: -0.222,  rev: +5.139
2024/04/17 13:40:18 ID: 241, Data: 9C28E6005EFF2B07, Celsius: 40, A: +2.30, rev/s: -0.450,  rev: +5.097
2024/04/17 13:40:18 ID: 241, Data: 9C29B700C4FF2307, Celsius: 41, A: +1.83, rev/s: -0.167,  rev: +5.075
2024/04/17 13:40:18 ID: 241, Data: 9C28C6005CFF1707, Celsius: 40, A: +1.98, rev/s: -0.456,  rev: +5.042
2024/04/17 13:40:18 ID: 241, Data: 9C28C100CDFF0C07, Celsius: 40, A: +1.93, rev/s: -0.142,  rev: +5.011
2024/04/17 13:40:18 ID: 241, Data: 9C28910067FF0207, Celsius: 40, A: +1.45, rev/s: -0.425,  rev: +4.983
2024/04/17 13:40:19 ID: 241, Data: 9C29C700B4FFF506, Celsius: 41, A: +1.99, rev/s: -0.211,  rev: +4.947
2024/04/17 13:40:19 ID: 241, Data: 9C29800098FFED06, Celsius: 41, A: +1.28, rev/s: -0.289,  rev: +4.925
2024/04/17 13:40:19 ID: 241, Data: 9C29D6005EFFDD06, Celsius: 41, A: +2.14, rev/s: -0.450,  rev: +4.881
2024/04/17 13:40:19 ID: 241, Data: 9C29A300ABFFD606, Celsius: 41, A: +1.63, rev/s: -0.236,  rev: +4.861
2024/04/17 13:40:19 ID: 241, Data: 9C28AD0061FFC906, Celsius: 40, A: +1.73, rev/s: -0.442,  rev: +4.825
2024/04/17 13:40:19 ID: 241, Data: 9C28BC00E4FFBE06, Celsius: 40, A: +1.88, rev/s: -0.078,  rev: +4.794
2024/04/17 13:40:19 ID: 241, Data: 9C28870068FFB506, Celsius: 40, A: +1.35, rev/s: -0.422,  rev: +4.769
2024/04/17 13:40:19 ID: 241, Data: 9C28DB00A7FFA606, Celsius: 40, A: +2.19, rev/s: -0.247,  rev: +4.728
2024/04/17 13:40:19 ID: 241, Data: 9C2977008EFFA006, Celsius: 41, A: +1.19, rev/s: -0.317,  rev: +4.711
2024/04/17 13:40:19 ID: 241, Data: 9C29D2005DFF9006, Celsius: 41, A: +2.10, rev/s: -0.453,  rev: +4.667
2024/04/17 13:40:20 ID: 241, Data: 9C298A00CCFF8906, Celsius: 41, A: +1.38, rev/s: -0.144,  rev: +4.647
2024/04/17 13:40:20 ID: 241, Data: 9C28AD0059FF7B06, Celsius: 40, A: +1.73, rev/s: -0.464,  rev: +4.608
2024/04/17 13:40:20 ID: 241, Data: 9C29B700B3FF7106, Celsius: 41, A: +1.83, rev/s: -0.214,  rev: +4.581
2024/04/17 13:40:20 ID: 241, Data: 9C28920074FF6606, Celsius: 40, A: +1.46, rev/s: -0.389,  rev: +4.550
2024/04/17 13:40:20 ID: 241, Data: 9C28DF00D5FF5806, Celsius: 40, A: +2.23, rev/s: -0.119,  rev: +4.511
2024/04/17 13:40:20 ID: 241, Data: 9C29950075FF5206, Celsius: 41, A: +1.49, rev/s: -0.386,  rev: +4.494
2024/04/17 13:40:20 ID: 241, Data: 9C28D1008FFF4306, Celsius: 40, A: +2.09, rev/s: -0.314,  rev: +4.453
2024/04/17 13:40:20 ID: 241, Data: 9C29A600B3FF3B06, Celsius: 41, A: +1.66, rev/s: -0.214,  rev: +4.431
2024/04/17 13:40:20 ID: 241, Data: 9C29B20060FF2E06, Celsius: 41, A: +1.78, rev/s: -0.444,  rev: +4.394
2024/04/17 13:40:21 ID: 241, Data: 9C29B600B1FF2406, Celsius: 41, A: +1.82, rev/s: -0.219,  rev: +4.367
2024/04/17 13:40:21 ID: 241, Data: 9C298F005FFF1906, Celsius: 41, A: +1.43, rev/s: -0.447,  rev: +4.336
2024/04/17 13:40:21 ID: 241, Data: 9C29BA00BCFF0C06, Celsius: 41, A: +1.86, rev/s: -0.189,  rev: +4.300
2024/04/17 13:40:21 ID: 241, Data: 9C2973005FFF0406, Celsius: 41, A: +1.15, rev/s: -0.447,  rev: +4.278
2024/04/17 13:40:21 ID: 241, Data: 9C29A90093FFF505, Celsius: 41, A: +1.69, rev/s: -0.303,  rev: +4.236
2024/04/17 13:40:21 ID: 241, Data: 9C296400C5FFEE05, Celsius: 41, A: +1.00, rev/s: -0.164,  rev: +4.217
2024/04/17 13:40:21 ID: 241, Data: 9C29830074FFE005, Celsius: 41, A: +1.31, rev/s: -0.389,  rev: +4.178
2024/04/17 13:40:21 ID: 241, Data: 9C297C00B2FFD605, Celsius: 41, A: +1.24, rev/s: -0.217,  rev: +4.150
2024/04/17 13:40:21 ID: 241, Data: 9C2962005FFFCB05, Celsius: 41, A: +0.98, rev/s: -0.447,  rev: +4.119
2024/04/17 13:40:21 ID: 241, Data: 9C299C00B7FFBE05, Celsius: 41, A: +1.56, rev/s: -0.203,  rev: +4.083
2024/04/17 13:40:22 ID: 241, Data: 9C2857007EFFB605, Celsius: 40, A: +0.87, rev/s: -0.361,  rev: +4.061
2024/04/17 13:40:22 ID: 241, Data: 9C299F0078FFA705, Celsius: 41, A: +1.59, rev/s: -0.378,  rev: +4.019
2024/04/17 13:40:22 ID: 241, Data: 9C297D00ECFF9F05, Celsius: 41, A: +1.25, rev/s: -0.056,  rev: +3.997
2024/04/17 13:40:22 ID: 241, Data: 9C298B006CFF9305, Celsius: 41, A: +1.39, rev/s: -0.411,  rev: +3.964
2024/04/17 13:40:22 ID: 241, Data: 9C29AC00BBFF8705, Celsius: 41, A: +1.72, rev/s: -0.192,  rev: +3.931
2024/04/17 13:40:22 ID: 241, Data: 9C29780063FF7E05, Celsius: 41, A: +1.20, rev/s: -0.436,  rev: +3.906
2024/04/17 13:40:22 ID: 241, Data: 9C29B700D9FF7005, Celsius: 41, A: +1.83, rev/s: -0.108,  rev: +3.867
2024/04/17 13:40:22 ID: 241, Data: 9C297A0091FF6905, Celsius: 41, A: +1.22, rev/s: -0.308,  rev: +3.847
2024/04/17 13:40:22 ID: 241, Data: 9C29BF008EFF5A05, Celsius: 41, A: +1.91, rev/s: -0.317,  rev: +3.806
2024/04/17 13:40:22 ID: 241, Data: 9C29A600BCFF5105, Celsius: 41, A: +1.66, rev/s: -0.189,  rev: +3.781
2024/04/17 13:40:23 ID: 241, Data: 9C29A7008AFF4605, Celsius: 41, A: +1.67, rev/s: -0.328,  rev: +3.750
2024/04/17 13:40:23 ID: 241, Data: 9C29BA00AAFF3A05, Celsius: 41, A: +1.86, rev/s: -0.239,  rev: +3.717
2024/04/17 13:40:23 ID: 241, Data: 9C299F0079FF3005, Celsius: 41, A: +1.59, rev/s: -0.375,  rev: +3.689
2024/04/17 13:40:23 ID: 241, Data: 9C29CA00C3FF2305, Celsius: 41, A: +2.02, rev/s: -0.169,  rev: +3.653
2024/04/17 13:40:23 ID: 241, Data: 9C2992008EFF1B05, Celsius: 41, A: +1.46, rev/s: -0.317,  rev: +3.631
2024/04/17 13:40:23 ID: 241, Data: 9C29BE0077FF0D05, Celsius: 41, A: +1.90, rev/s: -0.381,  rev: +3.592
2024/04/17 13:40:23 ID: 241, Data: 9C299400D8FF0505, Celsius: 41, A: +1.48, rev/s: -0.111,  rev: +3.569
2024/04/17 13:40:23 ID: 241, Data: 9C29AD0066FFF704, Celsius: 41, A: +1.73, rev/s: -0.428,  rev: +3.531
2024/04/17 13:40:23 ID: 241, Data: 9C29B400D3FFED04, Celsius: 41, A: +1.80, rev/s: -0.125,  rev: +3.503
2024/04/17 13:40:24 ID: 241, Data: 9C29860090FFE304, Celsius: 41, A: +1.34, rev/s: -0.311,  rev: +3.475
2024/04/17 13:40:24 ID: 241, Data: 9C29BE00D5FFD604, Celsius: 41, A: +1.90, rev/s: -0.119,  rev: +3.439
2024/04/17 13:40:24 ID: 241, Data: 9C29780083FFCD04, Celsius: 41, A: +1.20, rev/s: -0.347,  rev: +3.414
2024/04/17 13:40:24 ID: 241, Data: 9C29B9007BFFBF04, Celsius: 41, A: +1.85, rev/s: -0.369,  rev: +3.375
2024/04/17 13:40:24 ID: 241, Data: 9C298500A5FFB704, Celsius: 41, A: +1.33, rev/s: -0.253,  rev: +3.353
2024/04/17 13:40:24 ID: 241, Data: 9C299D0060FFAA04, Celsius: 41, A: +1.57, rev/s: -0.444,  rev: +3.317
2024/04/17 13:40:24 ID: 241, Data: 9C299C00CBFF9F04, Celsius: 41, A: +1.56, rev/s: -0.147,  rev: +3.286
2024/04/17 13:40:24 ID: 241, Data: 9C297E0097FF9504, Celsius: 41, A: +1.26, rev/s: -0.292,  rev: +3.258
2024/04/17 13:40:24 ID: 241, Data: 9C29AD0099FF8804, Celsius: 41, A: +1.73, rev/s: -0.286,  rev: +3.222
2024/04/17 13:40:24 ID: 241, Data: 9C29890096FF7F04, Celsius: 41, A: +1.37, rev/s: -0.294,  rev: +3.197
2024/04/17 13:40:25 ID: 241, Data: 9C29B5008AFF7104, Celsius: 41, A: +1.81, rev/s: -0.328,  rev: +3.158
2024/04/17 13:40:25 ID: 241, Data: 9C297D0071FF6904, Celsius: 41, A: +1.25, rev/s: -0.397,  rev: +3.136
2024/04/17 13:40:25 ID: 241, Data: 9C29A0006FFF5C04, Celsius: 41, A: +1.60, rev/s: -0.403,  rev: +3.100
2024/04/17 13:40:25 ID: 241, Data: 9C298A00C9FF5204, Celsius: 41, A: +1.38, rev/s: -0.153,  rev: +3.072
2024/04/17 13:40:25 ID: 241, Data: 9C29920076FF4604, Celsius: 41, A: +1.46, rev/s: -0.383,  rev: +3.039
2024/04/17 13:40:25 ID: 241, Data: 9C298F00C6FF3B04, Celsius: 41, A: +1.43, rev/s: -0.161,  rev: +3.008
2024/04/17 13:40:25 ID: 241, Data: 9C296F0077FF3104, Celsius: 41, A: +1.11, rev/s: -0.381,  rev: +2.981
2024/04/17 13:40:25 ID: 241, Data: 9C2994008FFF2404, Celsius: 41, A: +1.48, rev/s: -0.314,  rev: +2.944
2024/04/17 13:40:25 ID: 241, Data: 9C29650076FF1B04, Celsius: 41, A: +1.01, rev/s: -0.383,  rev: +2.919
2024/04/17 13:40:25 ID: 241, Data: 9C2985007CFF0E04, Celsius: 41, A: +1.33, rev/s: -0.367,  rev: +2.883
2024/04/17 13:40:26 ID: 241, Data: 9C297700B7FF0304, Celsius: 41, A: +1.19, rev/s: -0.203,  rev: +2.853
2024/04/17 13:40:26 ID: 241, Data: 9C29700070FFF803, Celsius: 41, A: +1.12, rev/s: -0.400,  rev: +2.822
2024/04/17 13:40:26 ID: 241, Data: 9C2990009AFFEC03, Celsius: 41, A: +1.44, rev/s: -0.283,  rev: +2.789
2024/04/17 13:40:26 ID: 241, Data: 9C297900A0FFE203, Celsius: 41, A: +1.21, rev/s: -0.267,  rev: +2.761
2024/04/17 13:40:26 ID: 241, Data: 9C2989006EFFD603, Celsius: 41, A: +1.37, rev/s: -0.406,  rev: +2.728
2024/04/17 13:40:26 ID: 241, Data: 9C298000AEFFCC03, Celsius: 41, A: +1.28, rev/s: -0.228,  rev: +2.700
2024/04/17 13:40:26 ID: 241, Data: 9C2983007DFFC103, Celsius: 41, A: +1.31, rev/s: -0.364,  rev: +2.669
2024/04/17 13:40:26 ID: 241, Data: 9C299D0099FFB503, Celsius: 41, A: +1.57, rev/s: -0.286,  rev: +2.636
2024/04/17 13:40:26 ID: 241, Data: 9C29900087FFAB03, Celsius: 41, A: +1.44, rev/s: -0.336,  rev: +2.608
2024/04/17 13:40:26 ID: 241, Data: 9C299D0088FF9F03, Celsius: 41, A: +1.57, rev/s: -0.333,  rev: +2.575
2024/04/17 13:40:27 ID: 241, Data: 9C299B00A2FF9403, Celsius: 41, A: +1.55, rev/s: -0.261,  rev: +2.544
2024/04/17 13:40:27 ID: 241, Data: 9C299F008CFF8903, Celsius: 41, A: +1.59, rev/s: -0.322,  rev: +2.514
2024/04/17 13:40:27 ID: 241, Data: 9C299E00ADFF7E03, Celsius: 41, A: +1.58, rev/s: -0.231,  rev: +2.483
2024/04/17 13:40:27 ID: 241, Data: 9C29920075FF7303, Celsius: 41, A: +1.46, rev/s: -0.386,  rev: +2.453
2024/04/17 13:40:27 ID: 241, Data: 9C29980099FF6803, Celsius: 41, A: +1.52, rev/s: -0.286,  rev: +2.422
2024/04/17 13:40:27 ID: 241, Data: 9C2986009DFF5D03, Celsius: 41, A: +1.34, rev/s: -0.275,  rev: +2.392
2024/04/17 13:40:27 ID: 241, Data: 9C298B0092FF5203, Celsius: 41, A: +1.39, rev/s: -0.306,  rev: +2.361
2024/04/17 13:40:27 ID: 241, Data: 9C28700098FF4703, Celsius: 40, A: +1.12, rev/s: -0.289,  rev: +2.331
2024/04/17 13:40:27 ID: 241, Data: 9C298A00BAFF3B03, Celsius: 41, A: +1.38, rev/s: -0.194,  rev: +2.297
2024/04/17 13:40:28 ID: 241, Data: 9C296D007FFF3103, Celsius: 41, A: +1.09, rev/s: -0.358,  rev: +2.269
2024/04/17 13:40:28 ID: 241, Data: 9C298C009CFF2503, Celsius: 41, A: +1.40, rev/s: -0.278,  rev: +2.236
2024/04/17 13:40:28 ID: 241, Data: 9C296200A5FF1C03, Celsius: 41, A: +0.98, rev/s: -0.253,  rev: +2.211
2024/04/17 13:40:28 ID: 241, Data: 9C2990005CFF0E03, Celsius: 41, A: +1.44, rev/s: -0.456,  rev: +2.172
2024/04/17 13:40:28 ID: 241, Data: 9C29A8009AFF0503, Celsius: 41, A: +1.68, rev/s: -0.283,  rev: +2.147
2024/04/17 13:40:28 ID: 241, Data: 9C296000A3FFFB02, Celsius: 41, A: +0.96, rev/s: -0.258,  rev: +2.119
2024/04/17 13:40:28 ID: 241, Data: 9C2984005CFFED02, Celsius: 41, A: +1.32, rev/s: -0.456,  rev: +2.081
2024/04/17 13:40:28 ID: 241, Data: 9C296500BCFFE402, Celsius: 41, A: +1.01, rev/s: -0.189,  rev: +2.056
2024/04/17 13:40:28 ID: 241, Data: 9C2934006FFFD902, Celsius: 41, A: +0.52, rev/s: -0.403,  rev: +2.025
2024/04/17 13:40:28 ID: 241, Data: 9C296B0094FFCB02, Celsius: 41, A: +1.07, rev/s: -0.300,  rev: +1.986
2024/04/17 13:40:29 ID: 241, Data: 9C292A00A2FFC302, Celsius: 41, A: +0.42, rev/s: -0.261,  rev: +1.964
2024/04/17 13:40:29 ID: 241, Data: 9C29460087FFB602, Celsius: 41, A: +0.70, rev/s: -0.336,  rev: +1.928
2024/04/17 13:40:29 ID: 241, Data: 9C2960009BFFAA02, Celsius: 41, A: +0.96, rev/s: -0.281,  rev: +1.894
2024/04/17 13:40:29 ID: 241, Data: 9C29430091FFA002, Celsius: 41, A: +0.67, rev/s: -0.308,  rev: +1.867
2024/04/17 13:40:29 ID: 241, Data: 9C29170083FF9602, Celsius: 41, A: +0.23, rev/s: -0.347,  rev: +1.839
2024/04/17 13:40:29 ID: 241, Data: 9C2913007EFF8A02, Celsius: 41, A: +0.19, rev/s: -0.361,  rev: +1.806
2024/04/17 13:40:29 ID: 241, Data: 9C2907006FFF7F02, Celsius: 41, A: +0.07, rev/s: -0.403,  rev: +1.775
2024/04/17 13:40:29 ID: 241, Data: 9C290000A2FF7402, Celsius: 41, A: +0.00, rev/s: -0.261,  rev: +1.744
2024/04/17 13:40:29 ID: 241, Data: 9C29000095FF6902, Celsius: 41, A: +0.00, rev/s: -0.297,  rev: +1.714
2024/04/17 13:40:29 ID: 241, Data: 9C290100BAFF5D02, Celsius: 41, A: +0.01, rev/s: -0.194,  rev: +1.681
2024/04/17 13:40:30 ID: 241, Data: 9C290200AFFF5202, Celsius: 41, A: +0.02, rev/s: -0.225,  rev: +1.650
2024/04/17 13:40:30 ID: 241, Data: 9C29070097FF4602, Celsius: 41, A: +0.07, rev/s: -0.292,  rev: +1.617
2024/04/17 13:40:30 ID: 241, Data: 9C2900006FFF3C02, Celsius: 41, A: +0.00, rev/s: -0.403,  rev: +1.589
2024/04/17 13:40:30 ID: 241, Data: 9C29F5FF88FF3102, Celsius: 41, A: -0.11, rev/s: -0.333,  rev: +1.558
2024/04/17 13:40:30 ID: 241, Data: 9C29FAFF86FF2602, Celsius: 41, A: -0.06, rev/s: -0.339,  rev: +1.528
2024/04/17 13:40:30 ID: 241, Data: 9C29F9FFAFFF1B02, Celsius: 41, A: -0.07, rev/s: -0.225,  rev: +1.497
2024/04/17 13:40:30 ID: 241, Data: 9C29150085FF0F02, Celsius: 41, A: +0.21, rev/s: -0.342,  rev: +1.464
2024/04/17 13:40:30 ID: 241, Data: 9C299400AFFF0102, Celsius: 41, A: +1.48, rev/s: -0.225,  rev: +1.425
2024/04/17 13:40:30 ID: 241, Data: 9C298A00E2FFFA01, Celsius: 41, A: +1.38, rev/s: -0.083,  rev: +1.406
2024/04/17 13:40:30 ID: 241, Data: 9C2857006BFFF001, Celsius: 40, A: +0.87, rev/s: -0.414,  rev: +1.378
2024/04/17 13:40:31 ID: 241, Data: 9C2960008AFFE301, Celsius: 41, A: +0.96, rev/s: -0.328,  rev: +1.342
2024/04/17 13:40:31 ID: 241, Data: 9C285B00CDFFD901, Celsius: 40, A: +0.91, rev/s: -0.142,  rev: +1.314
2024/04/17 13:40:31 ID: 241, Data: 9C29500096FFCD01, Celsius: 41, A: +0.80, rev/s: -0.294,  rev: +1.281
2024/04/17 13:40:31 ID: 241, Data: 9C297700BEFFC101, Celsius: 41, A: +1.19, rev/s: -0.183,  rev: +1.247
2024/04/17 13:40:31 ID: 241, Data: 9C286C0077FFB701, Celsius: 40, A: +1.08, rev/s: -0.381,  rev: +1.219
2024/04/17 13:40:31 ID: 241, Data: 9C297A0096FFAB01, Celsius: 41, A: +1.22, rev/s: -0.294,  rev: +1.186
2024/04/17 13:40:31 ID: 241, Data: 9C297100A5FFA101, Celsius: 41, A: +1.13, rev/s: -0.253,  rev: +1.158
2024/04/17 13:40:31 ID: 241, Data: 9C29830081FF9501, Celsius: 41, A: +1.31, rev/s: -0.353,  rev: +1.125
2024/04/17 13:40:31 ID: 241, Data: 9C294B0090FF8C01, Celsius: 41, A: +0.75, rev/s: -0.311,  rev: +1.100
2024/04/17 13:40:32 ID: 241, Data: 9C2962005FFF7F01, Celsius: 41, A: +0.98, rev/s: -0.447,  rev: +1.064
2024/04/17 13:40:32 ID: 241, Data: 9C295E00CAFF7401, Celsius: 41, A: +0.94, rev/s: -0.150,  rev: +1.033
2024/04/17 13:40:32 ID: 241, Data: 9C2943007EFF6A01, Celsius: 41, A: +0.67, rev/s: -0.361,  rev: +1.006
2024/04/17 13:40:32 ID: 241, Data: 9C285B00A2FF5D01, Celsius: 40, A: +0.91, rev/s: -0.261,  rev: +0.969
2024/04/17 13:40:32 ID: 241, Data: 9C2944008AFF5301, Celsius: 41, A: +0.68, rev/s: -0.328,  rev: +0.942
2024/04/17 13:40:32 ID: 241, Data: 9C29160083FF4901, Celsius: 41, A: +0.22, rev/s: -0.347,  rev: +0.914
2024/04/17 13:40:32 ID: 241, Data: 9C29030075FF3D01, Celsius: 41, A: +0.03, rev/s: -0.386,  rev: +0.881
2024/04/17 13:40:32 ID: 241, Data: 9C2904007FFF3201, Celsius: 41, A: +0.04, rev/s: -0.358,  rev: +0.850
2024/04/17 13:40:32 ID: 241, Data: 9C280000A7FF2701, Celsius: 40, A: +0.00, rev/s: -0.247,  rev: +0.819
2024/04/17 13:40:32 ID: 241, Data: 9C290400BCFF1B01, Celsius: 41, A: +0.04, rev/s: -0.189,  rev: +0.786
2024/04/17 13:40:33 ID: 241, Data: 9C290600A7FF0F01, Celsius: 41, A: +0.06, rev/s: -0.247,  rev: +0.753
2024/04/17 13:40:33 ID: 241, Data: 9C28FEFFB9FF0401, Celsius: 40, A: -0.02, rev/s: -0.197,  rev: +0.722
2024/04/17 13:40:33 ID: 241, Data: 9C2809006BFFF900, Celsius: 40, A: +0.09, rev/s: -0.414,  rev: +0.692
2024/04/17 13:40:33 ID: 241, Data: 9C2800007FFFEE00, Celsius: 40, A: +0.00, rev/s: -0.358,  rev: +0.661
2024/04/17 13:40:33 ID: 241, Data: 9C28F5FF75FFE400, Celsius: 40, A: -0.11, rev/s: -0.386,  rev: +0.633
2024/04/17 13:40:33 ID: 241, Data: 9C29F4FFCFFFD900, Celsius: 41, A: -0.12, rev/s: -0.136,  rev: +0.603
2024/04/17 13:40:33 ID: 241, Data: 9C29F6FF9FFFCE00, Celsius: 41, A: -0.10, rev/s: -0.269,  rev: +0.572
2024/04/17 13:40:33 ID: 241, Data: 9C280000B0FFC100, Celsius: 40, A: +0.00, rev/s: -0.222,  rev: +0.536
2024/04/17 13:40:33 ID: 241, Data: 9C28F9FFB7FFB700, Celsius: 40, A: -0.07, rev/s: -0.203,  rev: +0.508
2024/04/17 13:40:33 ID: 241, Data: 9C28030086FFAB00, Celsius: 40, A: +0.03, rev/s: -0.339,  rev: +0.475
2024/04/17 13:40:34 ID: 241, Data: 9C28FFFF7DFFA100, Celsius: 40, A: -0.01, rev/s: -0.364,  rev: +0.447
2024/04/17 13:40:34 ID: 241, Data: 9C28FDFF70FF9600, Celsius: 40, A: -0.03, rev/s: -0.400,  rev: +0.417
2024/04/17 13:40:34 ID: 241, Data: 9C28F3FF8DFF8B00, Celsius: 40, A: -0.13, rev/s: -0.319,  rev: +0.386
2024/04/17 13:40:34 ID: 241, Data: 9C29F3FFB8FF8000, Celsius: 41, A: -0.13, rev/s: -0.200,  rev: +0.356
2024/04/17 13:40:34 ID: 241, Data: 9C29F9FFA9FF7400, Celsius: 41, A: -0.07, rev/s: -0.242,  rev: +0.322
2024/04/17 13:40:34 ID: 241, Data: 9C2800009CFF6900, Celsius: 40, A: +0.00, rev/s: -0.278,  rev: +0.292
2024/04/17 13:40:34 ID: 241, Data: 9C28FEFFC4FF5E00, Celsius: 40, A: -0.02, rev/s: -0.167,  rev: +0.261
2024/04/17 13:40:34 ID: 241, Data: 9C28000060FF5300, Celsius: 40, A: +0.00, rev/s: -0.444,  rev: +0.231
2024/04/17 13:40:34 ID: 241, Data: 9C28F5FFAFFF4800, Celsius: 40, A: -0.11, rev/s: -0.225,  rev: +0.200
2024/04/17 13:40:35 ID: 241, Data: 9C28F8FF72FF3D00, Celsius: 40, A: -0.08, rev/s: -0.394,  rev: +0.169
2024/04/17 13:40:35 ID: 241, Data: 9C28EDFFC7FF3300, Celsius: 40, A: -0.19, rev/s: -0.158,  rev: +0.142
2024/04/17 13:40:35 ID: 241, Data: 9C28FBFFA8FF2700, Celsius: 40, A: -0.05, rev/s: -0.244,  rev: +0.108
2024/04/17 13:40:35 ID: 241, Data: 9C28FFFFA5FF1B00, Celsius: 40, A: -0.01, rev/s: -0.253,  rev: +0.075
2024/04/17 13:40:35 ID: 241, Data: 9C28010094FF1000, Celsius: 40, A: +0.01, rev/s: -0.300,  rev: +0.044
2024/04/17 13:40:35 ID: 241, Data: 9C28FFFF86FF0500, Celsius: 40, A: -0.01, rev/s: -0.339,  rev: +0.014
