2024/04/17 13:41:19 ID: 241, Data: 9C2739006A000400, Celsius: 39, A: +0.57, rev/s: +0.294,  rev: +0.011
2024/04/17 13:41:19 ID: 241, Data: 9C271700FF001500, Celsius: 39, A: +0.23, rev/s: +0.708,  rev: +0.058
2024/04/17 13:41:19 ID: 241, Data: 9C279C0015012B00, Celsius: 39, A: +1.56, rev/s: +0.769,  rev: +0.119
2024/04/17 13:41:19 ID: 241, Data: 9C273501BB014F00, Celsius: 39, A: +3.09, rev/s: +1.231,  rev: +0.219
2024/04/17 13:41:20 ID: 241, Data: 9C27FC0038028600, Celsius: 39, A: +2.52, rev/s: +1.578,  rev: +0.372
2024/04/17 13:41:20 ID: 241, Data: 9C27D4005002BF00, Celsius: 39, A: +2.12, rev/s: +1.644,  rev: +0.531
2024/04/17 13:41:20 ID: 241, Data: 9C278900BA020501, Celsius: 39, A: +1.37, rev/s: +1.939,  rev: +0.725
2024/04/17 13:41:20 ID: 241, Data: 9C272A01F4024D01, Celsius: 39, A: +2.98, rev/s: +2.100,  rev: +0.925
2024/04/17 13:41:20 ID: 241, Data: 9C271401AF03AB01, Celsius: 39, A: +2.76, rev/s: +2.619,  rev: +1.186
2024/04/17 13:41:20 ID: 241, Data: 9C27CE00D8031102, Celsius: 39, A: +2.06, rev/s: +2.733,  rev: +1.469
2024/04/17 13:41:20 ID: 241, Data: 9C274B0179047C02, Celsius: 39, A: +3.31, rev/s: +3.181,  rev: +1.767
2024/04/17 13:41:20 ID: 241, Data: 9C27F2002A04FA02, Celsius: 39, A: +2.42, rev/s: +2.961,  rev: +2.117
2024/04/17 13:41:20 ID: 241, Data: 9C27AC014A057503, Celsius: 39, A: +4.28, rev/s: +3.761,  rev: +2.458
2024/04/17 13:41:20 ID: 241, Data: 9C273E01CC050404, Celsius: 39, A: +3.18, rev/s: +4.122,  rev: +2.856
2024/04/17 13:41:21 ID: 241, Data: 9C275801CF05A204, Celsius: 39, A: +3.44, rev/s: +4.131,  rev: +3.294
2024/04/17 13:41:21 ID: 241, Data: 9C27EA01A2042905, Celsius: 39, A: +4.90, rev/s: +3.294,  rev: +3.669
2024/04/17 13:41:21 ID: 241, Data: 9C27AE0185049805, Celsius: 39, A: +4.30, rev/s: +3.214,  rev: +3.978
2024/04/17 13:41:21 ID: 241, Data: 9C273701D2052206, Celsius: 39, A: +3.11, rev/s: +4.139,  rev: +4.361
2024/04/17 13:41:21 ID: 241, Data: 9C270B0244049F06, Celsius: 39, A: +5.23, rev/s: +3.033,  rev: +4.708
2024/04/17 13:41:21 ID: 241, Data: 9C27680140051D07, Celsius: 39, A: +3.60, rev/s: +3.733,  rev: +5.058
2024/04/17 13:41:21 ID: 241, Data: 9C277001A005AE07, Celsius: 39, A: +3.68, rev/s: +4.000,  rev: +5.461
2024/04/17 13:41:21 ID: 241, Data: 9C2779015A053E08, Celsius: 39, A: +3.77, rev/s: +3.806,  rev: +5.861
2024/04/17 13:41:21 ID: 241, Data: 9C278701C704B908, Celsius: 39, A: +3.91, rev/s: +3.397,  rev: +6.203
2024/04/17 13:41:21 ID: 241, Data: 9C27F20035064F09, Celsius: 39, A: +2.42, rev/s: +4.414,  rev: +6.619
2024/04/17 13:41:22 ID: 241, Data: 9C273401A405EE09, Celsius: 39, A: +3.08, rev/s: +4.011,  rev: +7.061
2024/04/17 13:41:22 ID: 241, Data: 9C2770015F05810A, Celsius: 39, A: +3.68, rev/s: +3.819,  rev: +7.469
2024/04/17 13:41:22 ID: 241, Data: 9C272C01DB050E0B, Celsius: 39, A: +3.00, rev/s: +4.164,  rev: +7.861
2024/04/17 13:41:22 ID: 241, Data: 9C272501E505AC0B, Celsius: 39, A: +2.93, rev/s: +4.192,  rev: +8.300
2024/04/17 13:41:22 ID: 241, Data: 9C273401A705460C, Celsius: 39, A: +3.08, rev/s: +4.019,  rev: +8.728
2024/04/17 13:41:22 ID: 241, Data: 9C27A701DB04CE0C, Celsius: 39, A: +4.23, rev/s: +3.453,  rev: +9.106
2024/04/17 13:41:22 ID: 241, Data: 9C273201E205610D, Celsius: 39, A: +3.06, rev/s: +4.183,  rev: +9.514
2024/04/17 13:41:22 ID: 241, Data: 9C2751019C05F90D, Celsius: 39, A: +3.37, rev/s: +3.989,  rev: +9.936
2024/04/17 13:41:22 ID: 241, Data: 9C2897016805970E, Celsius: 40, A: +4.07, rev/s: +3.844,  rev: +10.375
2024/04/17 13:41:22 ID: 241, Data: 9C28290112061D0F, Celsius: 40, A: +2.97, rev/s: +4.317,  rev: +10.747
2024/04/17 13:41:23 ID: 241, Data: 9C276A02C0039C0F, Celsius: 39, A: +6.18, rev/s: +2.667,  rev: +11.100
2024/04/17 13:41:23 ID: 241, Data: 9C284F01DC051F10, Celsius: 40, A: +3.35, rev/s: +4.167,  rev: +11.464
2024/04/17 13:41:23 ID: 241, Data: 9C2851016505BA10, Celsius: 40, A: +3.37, rev/s: +3.836,  rev: +11.894
2024/04/17 13:41:23 ID: 241, Data: 9C28C2014C042511, Celsius: 40, A: +4.50, rev/s: +3.056,  rev: +12.192
2024/04/17 13:41:23 ID: 241, Data: 9C2860019205AB11, Celsius: 40, A: +3.52, rev/s: +3.961,  rev: +12.564
2024/04/17 13:41:23 ID: 241, Data: 9C281902EB031612, Celsius: 40, A: +5.37, rev/s: +2.786,  rev: +12.861
2024/04/17 13:41:23 ID: 241, Data: 9C2883014C059812, Celsius: 40, A: +3.87, rev/s: +3.767,  rev: +13.222
2024/04/17 13:41:23 ID: 241, Data: 9C28B40176041113, Celsius: 40, A: +4.36, rev/s: +3.172,  rev: +13.558
2024/04/17 13:41:23 ID: 241, Data: 9C285B014D059613, Celsius: 40, A: +3.47, rev/s: +3.769,  rev: +13.928
2024/04/17 13:41:24 ID: 241, Data: 9C28E6FF58FCC313, Celsius: 40, A: -0.26, rev/s: -2.600,  rev: +14.053
