2024/04/17 13:42:09 ID: 241, Data: 9C276F00B2FFAC13, Celsius: 39, A: +1.11, rev/s: -0.217,  rev: +13.989
2024/04/17 13:42:09 ID: 241, Data: 9C277D0010FF9A13, Celsius: 39, A: +1.25, rev/s: -0.667,  rev: +13.939
2024/04/17 13:42:09 ID: 241, Data: 9C276C00CFFE8013, Celsius: 39, A: +1.08, rev/s: -0.847,  rev: +13.867
2024/04/17 13:42:09 ID: 241, Data: 9C277B003BFE5B13, Celsius: 39, A: +1.23, rev/s: -1.258,  rev: +13.764
2024/04/17 13:42:10 ID: 241, Data: 9C27B7004DFE2B13, Celsius: 39, A: +1.83, rev/s: -1.208,  rev: +13.631
2024/04/17 13:42:10 ID: 241, Data: 9C28830077FDF312, Celsius: 40, A: +1.31, rev/s: -1.803,  rev: +13.475
2024/04/17 13:42:10 ID: 241, Data: 9C27EF005BFDAB12, Celsius: 39, A: +2.39, rev/s: -1.881,  rev: +13.275
2024/04/17 13:42:10 ID: 241, Data: 9C2776001BFD6312, Celsius: 39, A: +1.18, rev/s: -2.058,  rev: +13.075
2024/04/17 13:42:10 ID: 241, Data: 9C27BD00FBFB0312, Celsius: 39, A: +1.89, rev/s: -2.858,  rev: +12.808
2024/04/17 13:42:10 ID: 241, Data: 9C27BF0065FCA211, Celsius: 39, A: +1.91, rev/s: -2.564,  rev: +12.539
2024/04/17 13:42:10 ID: 241, Data: 9C288500F3FA3211, Celsius: 40, A: +1.33, rev/s: -3.592,  rev: +12.228
2024/04/17 13:42:10 ID: 241, Data: 9C27130083FBBF10, Celsius: 39, A: +0.19, rev/s: -3.192,  rev: +11.908
2024/04/17 13:42:10 ID: 241, Data: 9C27FCFFD2FA3910, Celsius: 39, A: -0.04, rev/s: -3.683,  rev: +11.536
2024/04/17 13:42:11 ID: 241, Data: 9C27080029FAA90F, Celsius: 39, A: +0.08, rev/s: -4.153,  rev: +11.136
2024/04/17 13:42:11 ID: 241, Data: 9C275D00EBFB0B0F, Celsius: 39, A: +0.93, rev/s: -2.903,  rev: +10.697
2024/04/17 13:42:11 ID: 241, Data: 9C28000095F96F0E, Celsius: 40, A: +0.00, rev/s: -4.564,  rev: +10.264
2024/04/17 13:42:11 ID: 241, Data: 9C27F9FF92F9C90D, Celsius: 39, A: -0.07, rev/s: -4.572,  rev: +9.803
2024/04/17 13:42:11 ID: 241, Data: 9C27FFFFB3F9220D, Celsius: 39, A: -0.01, rev/s: -4.481,  rev: +9.339
2024/04/17 13:42:11 ID: 241, Data: 9C285B01DAF8700C, Celsius: 40, A: +3.47, rev/s: -5.083,  rev: +8.844
2024/04/17 13:42:11 ID: 241, Data: 9C27C100C0FAD90B, Celsius: 39, A: +1.93, rev/s: -3.733,  rev: +8.425
2024/04/17 13:42:11 ID: 241, Data: 9C281B0044F9320B, Celsius: 40, A: +0.27, rev/s: -4.789,  rev: +7.961
2024/04/17 13:42:11 ID: 241, Data: 9C27A00006F9860A, Celsius: 39, A: +1.60, rev/s: -4.961,  rev: +7.483
2024/04/17 13:42:11 ID: 241, Data: 9C286C01F7F9E009, Celsius: 40, A: +3.64, rev/s: -4.292,  rev: +7.022
2024/04/17 13:42:12 ID: 241, Data: 9C280C00D9F84309, Celsius: 40, A: +0.12, rev/s: -5.086,  rev: +6.586
2024/04/17 13:42:12 ID: 241, Data: 9C27C100DCF89408, Celsius: 39, A: +1.93, rev/s: -5.078,  rev: +6.100
2024/04/17 13:42:12 ID: 241, Data: 9C280101D9F9EE07, Celsius: 40, A: +2.57, rev/s: -4.375,  rev: +5.639
2024/04/17 13:42:12 ID: 241, Data: 9C282C00E2F95007, Celsius: 40, A: +0.44, rev/s: -4.350,  rev: +5.200
2024/04/17 13:42:12 ID: 241, Data: 9C288D001EF9A206, Celsius: 40, A: +1.41, rev/s: -4.894,  rev: +4.717
2024/04/17 13:42:12 ID: 241, Data: 9C28350187FAF905, Celsius: 40, A: +3.09, rev/s: -3.892,  rev: +4.247
2024/04/17 13:42:12 ID: 241, Data: 9C28100011F95C05, Celsius: 40, A: +0.16, rev/s: -4.931,  rev: +3.811
2024/04/17 13:42:12 ID: 241, Data: 9C28B7005EF9AF04, Celsius: 40, A: +1.83, rev/s: -4.717,  rev: +3.331
2024/04/17 13:42:12 ID: 241, Data: 9C28DE00C0FA1904, Celsius: 40, A: +2.22, rev/s: -3.733,  rev: +2.914
2024/04/17 13:42:12 ID: 241, Data: 9C2809002FFA8E03, Celsius: 40, A: +0.09, rev/s: -4.136,  rev: +2.528
2024/04/17 13:42:13 ID: 241, Data: 9C28F7FF2EFB0803, Celsius: 40, A: -0.09, rev/s: -3.428,  rev: +2.156
2024/04/17 13:42:13 ID: 241, Data: 9C2704007BFB8C02, Celsius: 39, A: +0.04, rev/s: -3.214,  rev: +1.811
2024/04/17 13:42:13 ID: 241, Data: 9C285600F7FB1902, Celsius: 40, A: +0.86, rev/s: -2.869,  rev: +1.492
2024/04/17 13:42:13 ID: 241, Data: 9C288A003BFCB401, Celsius: 40, A: +1.38, rev/s: -2.681,  rev: +1.211
2024/04/17 13:42:13 ID: 241, Data: 9C28510027FD5D01, Celsius: 40, A: +0.81, rev/s: -2.025,  rev: +0.969
2024/04/17 13:42:13 ID: 241, Data: 9C280D00E0FC0C01, Celsius: 40, A: +0.13, rev/s: -2.222,  rev: +0.744
2024/04/17 13:42:13 ID: 241, Data: 9C2801008BFDC500, Celsius: 40, A: +0.01, rev/s: -1.747,  rev: +0.547
2024/04/17 13:42:13 ID: 241, Data: 9C280400FEFD8900, Celsius: 40, A: +0.04, rev/s: -1.428,  rev: +0.381
2024/04/17 13:42:13 ID: 241, Data: 9C2800003BFE5900, Celsius: 40, A: +0.00, rev/s: -1.258,  rev: +0.247
2024/04/17 13:42:13 ID: 241, Data: 9C28F9FFF3FE3200, Celsius: 40, A: -0.07, rev/s: -0.747,  rev: +0.139
2024/04/17 13:42:14 ID: 241, Data: 9C28F4FF5EFF1700, Celsius: 40, A: -0.12, rev/s: -0.450,  rev: +0.064
2024/04/17 13:42:14 ID: 241, Data: 9C28F9FF75FF0600, Celsius: 40, A: -0.07, rev/s: -0.386,  rev: +0.017
