2024/04/15 15:27:25 ID: 241, Data: 9C26AA0056000A07, Celsius: 38, A: +1.70, rev/s: +0.239,  rev: +5.006
2024/04/15 15:27:25 ID: 241, Data: 9C263E0126001507, Celsius: 38, A: +3.18, rev/s: +0.106,  rev: +5.036
2024/04/15 15:27:25 ID: 241, Data: 9C26BB014B001E07, Celsius: 38, A: +4.43, rev/s: +0.208,  rev: +5.061
2024/04/15 15:27:25 ID: 241, Data: 9C26770287002807, Celsius: 38, A: +6.31, rev/s: +0.375,  rev: +5.089
2024/04/15 15:27:25 ID: 241, Data: 9C2600036D003507, Celsius: 38, A: +7.68, rev/s: +0.303,  rev: +5.125
2024/04/15 15:27:25 ID: 241, Data: 9C262203BA004407, Celsius: 38, A: +8.02, rev/s: +0.517,  rev: +5.167
2024/04/15 15:27:25 ID: 241, Data: 9C264E03BB004E07, Celsius: 38, A: +8.46, rev/s: +0.519,  rev: +5.194
2024/04/15 15:27:25 ID: 241, Data: 9C26F60048047607, Celsius: 38, A: +2.46, rev/s: +3.044,  rev: +5.306
2024/04/15 15:27:26 ID: 241, Data: 9C26550048FF6C07, Celsius: 38, A: +0.85, rev/s: -0.511,  rev: +5.278
2024/04/15 15:27:26 ID: 241, Data: 9C26D10167006707, Celsius: 38, A: +4.65, rev/s: +0.286,  rev: +5.264
2024/04/15 15:27:26 ID: 241, Data: 9C26C5000C007E07, Celsius: 38, A: +1.97, rev/s: +0.033,  rev: +5.328
2024/04/15 15:27:26 ID: 241, Data: 9C262C0112008607, Celsius: 38, A: +3.00, rev/s: +0.050,  rev: +5.350
2024/04/15 15:27:26 ID: 241, Data: 9C2662013E008E07, Celsius: 38, A: +3.54, rev/s: +0.172,  rev: +5.372
2024/04/15 15:27:26 ID: 241, Data: 9C27A401ED009A07, Celsius: 39, A: +4.20, rev/s: +0.658,  rev: +5.406
2024/04/15 15:27:26 ID: 241, Data: 9C277A027100A307, Celsius: 39, A: +6.34, rev/s: +0.314,  rev: +5.431
2024/04/15 15:27:26 ID: 241, Data: 9C2771030800AC07, Celsius: 39, A: +8.81, rev/s: +0.022,  rev: +5.456
2024/04/15 15:27:26 ID: 241, Data: 9C263103BC00B707, Celsius: 38, A: +8.17, rev/s: +0.522,  rev: +5.486
2024/04/15 15:27:27 ID: 241, Data: 9C271A035500C007, Celsius: 39, A: +7.94, rev/s: +0.236,  rev: +5.511
2024/04/15 15:27:27 ID: 241, Data: 9C2715034500CC07, Celsius: 39, A: +7.89, rev/s: +0.192,  rev: +5.544
2024/04/15 15:27:27 ID: 241, Data: 9C270F02E6021908, Celsius: 39, A: +5.27, rev/s: +2.061,  rev: +5.758
2024/04/15 15:27:27 ID: 241, Data: 9C27110013FFFC07, Celsius: 39, A: +0.17, rev/s: -0.658,  rev: +5.678
2024/04/15 15:27:27 ID: 241, Data: 9C27FFFFFDFFFB07, Celsius: 39, A: -0.01, rev/s: -0.008,  rev: +5.675
2024/04/15 15:27:27 ID: 241, Data: 9C27AD000C00FD07, Celsius: 39, A: +1.73, rev/s: +0.033,  rev: +5.681
2024/04/15 15:27:27 ID: 241, Data: 9C27D80068000C08, Celsius: 39, A: +2.16, rev/s: +0.289,  rev: +5.722
2024/04/15 15:27:27 ID: 241, Data: 9C2791018F001308, Celsius: 39, A: +4.01, rev/s: +0.397,  rev: +5.742
2024/04/15 15:27:27 ID: 241, Data: 9C2866023C001C08, Celsius: 40, A: +6.14, rev/s: +0.167,  rev: +5.767
2024/04/15 15:27:27 ID: 241, Data: 9C271D0328002608, Celsius: 39, A: +7.97, rev/s: +0.111,  rev: +5.794
2024/04/15 15:27:28 ID: 241, Data: 9C286E030F002C08, Celsius: 40, A: +8.78, rev/s: +0.042,  rev: +5.811
2024/04/15 15:27:28 ID: 241, Data: 9C286E0304002C08, Celsius: 40, A: +8.78, rev/s: +0.011,  rev: +5.811
2024/04/15 15:27:28 ID: 241, Data: 9C287003FCFF2C08, Celsius: 40, A: +8.80, rev/s: -0.011,  rev: +5.811
2024/04/15 15:27:28 ID: 241, Data: 9C286D0309002C08, Celsius: 40, A: +8.77, rev/s: +0.025,  rev: +5.811
2024/04/15 15:27:28 ID: 241, Data: 9C286D03E5FF2C08, Celsius: 40, A: +8.77, rev/s: -0.075,  rev: +5.811
2024/04/15 15:27:28 ID: 241, Data: 9C286C03FEFF2C08, Celsius: 40, A: +8.76, rev/s: -0.006,  rev: +5.811
2024/04/15 15:27:28 ID: 241, Data: 9C286B03F4FF2C08, Celsius: 40, A: +8.75, rev/s: -0.033,  rev: +5.811
2024/04/15 15:27:28 ID: 241, Data: 9C296D03FBFF2C08, Celsius: 41, A: +8.77, rev/s: -0.014,  rev: +5.811
2024/04/15 15:27:28 ID: 241, Data: 9C296C03F5FF2C08, Celsius: 41, A: +8.76, rev/s: -0.031,  rev: +5.811
2024/04/15 15:27:28 ID: 241, Data: 9C29680304002C08, Celsius: 41, A: +8.72, rev/s: +0.011,  rev: +5.811
2024/04/15 15:27:29 ID: 241, Data: 9C29680314002C08, Celsius: 41, A: +8.72, rev/s: +0.056,  rev: +5.811
2024/04/15 15:27:29 ID: 241, Data: 9C29670301002C08, Celsius: 41, A: +8.71, rev/s: +0.003,  rev: +5.811
2024/04/15 15:27:29 ID: 241, Data: 9C29660305002C08, Celsius: 41, A: +8.70, rev/s: +0.014,  rev: +5.811
2024/04/15 15:27:29 ID: 241, Data: 9C2A6603FAFF2C08, Celsius: 42, A: +8.70, rev/s: -0.017,  rev: +5.811
2024/04/15 15:27:29 ID: 241, Data: 9C2A63030D002C08, Celsius: 42, A: +8.67, rev/s: +0.036,  rev: +5.811
2024/04/15 15:27:29 ID: 241, Data: 9C2A650307002C08, Celsius: 42, A: +8.69, rev/s: +0.019,  rev: +5.811
2024/04/15 15:27:29 ID: 241, Data: 9C2A640306002C08, Celsius: 42, A: +8.68, rev/s: +0.017,  rev: +5.811
2024/04/15 15:27:29 ID: 241, Data: 9C2A61030B002C08, Celsius: 42, A: +8.65, rev/s: +0.031,  rev: +5.811
2024/04/15 15:27:29 ID: 241, Data: 9C2B6203ECFF2C08, Celsius: 43, A: +8.66, rev/s: -0.056,  rev: +5.811
2024/04/15 15:27:29 ID: 241, Data: 9C2B600300002C08, Celsius: 43, A: +8.64, rev/s: +0.000,  rev: +5.811
2024/04/15 15:27:30 ID: 241, Data: 9C2B6003F7FF2C08, Celsius: 43, A: +8.64, rev/s: -0.025,  rev: +5.811
2024/04/15 15:27:30 ID: 241, Data: 9C2B5E0303002C08, Celsius: 43, A: +8.62, rev/s: +0.008,  rev: +5.811
2024/04/15 15:27:30 ID: 241, Data: 9C2B5E03FBFF2C08, Celsius: 43, A: +8.62, rev/s: -0.014,  rev: +5.811
2024/04/15 15:27:30 ID: 241, Data: 9C2C5B031C002C08, Celsius: 44, A: +8.59, rev/s: +0.078,  rev: +5.811
2024/04/15 15:27:30 ID: 241, Data: 9C2C5C03FAFF2C08, Celsius: 44, A: +8.60, rev/s: -0.017,  rev: +5.811
2024/04/15 15:27:30 ID: 241, Data: 9C2C5A0300002C08, Celsius: 44, A: +8.58, rev/s: +0.000,  rev: +5.811
2024/04/15 15:27:30 ID: 241, Data: 9C2C59030A002C08, Celsius: 44, A: +8.57, rev/s: +0.028,  rev: +5.811
2024/04/15 15:27:30 ID: 241, Data: 9C2C5A03FBFF2C08, Celsius: 44, A: +8.58, rev/s: -0.014,  rev: +5.811
2024/04/15 15:27:30 ID: 241, Data: 9C2C580302002C08, Celsius: 44, A: +8.56, rev/s: +0.006,  rev: +5.811
2024/04/15 15:27:31 ID: 241, Data: 9C2D5703F7FF2C08, Celsius: 45, A: +8.55, rev/s: -0.025,  rev: +5.811
2024/04/15 15:27:31 ID: 241, Data: 9C2D570304002C08, Celsius: 45, A: +8.55, rev/s: +0.011,  rev: +5.811
2024/04/15 15:27:31 ID: 241, Data: 9C2D5703F9FF2C08, Celsius: 45, A: +8.55, rev/s: -0.019,  rev: +5.811
2024/04/15 15:27:31 ID: 241, Data: 9C2E5503FCFF2C08, Celsius: 46, A: +8.53, rev/s: -0.011,  rev: +5.811
2024/04/15 15:27:31 ID: 241, Data: 9C2E540303002C08, Celsius: 46, A: +8.52, rev/s: +0.008,  rev: +5.811
2024/04/15 15:27:31 ID: 241, Data: 9C2E5303F5FF2C08, Celsius: 46, A: +8.51, rev/s: -0.031,  rev: +5.811
2024/04/15 15:27:31 ID: 241, Data: 9C2E5303FAFF2C08, Celsius: 46, A: +8.51, rev/s: -0.017,  rev: +5.811
2024/04/15 15:27:31 ID: 241, Data: 9C2E5103F1FF2C08, Celsius: 46, A: +8.49, rev/s: -0.042,  rev: +5.811
2024/04/15 15:27:31 ID: 241, Data: 9C2F5103F9FF2C08, Celsius: 47, A: +8.49, rev/s: -0.019,  rev: +5.811
2024/04/15 15:27:31 ID: 241, Data: 9C2F510300002C08, Celsius: 47, A: +8.49, rev/s: +0.000,  rev: +5.811
2024/04/15 15:27:32 ID: 241, Data: 9C2F4F0301002C08, Celsius: 47, A: +8.47, rev/s: +0.003,  rev: +5.811
2024/04/15 15:27:32 ID: 241, Data: 9C2F4E0311002C08, Celsius: 47, A: +8.46, rev/s: +0.047,  rev: +5.811
2024/04/15 15:27:32 ID: 241, Data: 9C2F520306002C08, Celsius: 47, A: +8.50, rev/s: +0.017,  rev: +5.811
2024/04/15 15:27:32 ID: 241, Data: 9C2F5C0323002C08, Celsius: 47, A: +8.60, rev/s: +0.097,  rev: +5.811
2024/04/15 15:27:32 ID: 241, Data: 9C30130330003408, Celsius: 48, A: +7.87, rev/s: +0.133,  rev: +5.833
2024/04/15 15:27:32 ID: 241, Data: 9C30E5025E014408, Celsius: 48, A: +7.41, rev/s: +0.972,  rev: +5.878
2024/04/15 15:27:32 ID: 241, Data: 9C300702EE029208, Celsius: 48, A: +5.19, rev/s: +2.083,  rev: +6.094
2024/04/15 15:27:32 ID: 241, Data: 9C301903DD00B608, Celsius: 48, A: +7.93, rev/s: +0.614,  rev: +6.194
2024/04/15 15:27:32 ID: 241, Data: 9C31FE007305F108, Celsius: 49, A: +2.54, rev/s: +3.875,  rev: +6.358
2024/04/15 15:27:32 ID: 241, Data: 9C3118033A012E09, Celsius: 49, A: +7.92, rev/s: +0.872,  rev: +6.528
2024/04/15 15:27:33 ID: 241, Data: 9C3181023B028809, Celsius: 49, A: +6.41, rev/s: +1.586,  rev: +6.778
2024/04/15 15:27:33 ID: 241, Data: 9C317C02BC01B109, Celsius: 49, A: +6.36, rev/s: +1.233,  rev: +6.892
2024/04/15 15:27:33 ID: 241, Data: 9C313D022E02030A, Celsius: 49, A: +5.73, rev/s: +1.550,  rev: +7.119
2024/04/15 15:27:33 ID: 241, Data: 9C31C502E6012B0A, Celsius: 49, A: +7.09, rev/s: +1.350,  rev: +7.231
2024/04/15 15:27:33 ID: 241, Data: 9C31A702E8017C0A, Celsius: 49, A: +6.79, rev/s: +1.356,  rev: +7.456
2024/04/15 15:27:33 ID: 241, Data: 9C3193022D02A80A, Celsius: 49, A: +6.59, rev/s: +1.547,  rev: +7.578
2024/04/15 15:27:33 ID: 241, Data: 9C32D4FF94FDD80A, Celsius: 50, A: -0.44, rev/s: -1.722,  rev: +7.711
2024/04/15 15:27:33 ID: 241, Data: 9C32CB002CFFAD0A, Celsius: 50, A: +2.03, rev/s: -0.589,  rev: +7.592
2024/04/15 15:27:33 ID: 241, Data: 9C32F1011502B00A, Celsius: 50, A: +4.97, rev/s: +1.481,  rev: +7.600
2024/04/15 15:27:33 ID: 241, Data: 9C33FCFFECFFCA0A, Celsius: 51, A: -0.04, rev/s: -0.056,  rev: +7.672
2024/04/15 15:27:34 ID: 241, Data: 9C32BC002D00C70A, Celsius: 50, A: +1.88, rev/s: +0.125,  rev: +7.664
2024/04/15 15:27:34 ID: 241, Data: 9C33D9003400D50A, Celsius: 51, A: +2.17, rev/s: +0.144,  rev: +7.703
2024/04/15 15:27:34 ID: 241, Data: 9C336401A000DD0A, Celsius: 51, A: +3.56, rev/s: +0.444,  rev: +7.725
2024/04/15 15:27:34 ID: 241, Data: 9C33D4011F00E70A, Celsius: 51, A: +4.68, rev/s: +0.086,  rev: +7.753
2024/04/15 15:27:34 ID: 241, Data: 9C3377027600F10A, Celsius: 51, A: +6.31, rev/s: +0.328,  rev: +7.781
2024/04/15 15:27:34 ID: 241, Data: 9C33CA028700FE0A, Celsius: 51, A: +7.14, rev/s: +0.375,  rev: +7.817
2024/04/15 15:27:34 ID: 241, Data: 9C3395029F000E0B, Celsius: 51, A: +6.61, rev/s: +0.442,  rev: +7.861
2024/04/15 15:27:34 ID: 241, Data: 9C337101B700200B, Celsius: 51, A: +3.69, rev/s: +0.508,  rev: +7.911
2024/04/15 15:27:34 ID: 241, Data: 9C33F7000000260B, Celsius: 51, A: +2.47, rev/s: +0.000,  rev: +7.928
2024/04/15 15:27:35 ID: 241, Data: 9C330701BB002C0B, Celsius: 51, A: +2.63, rev/s: +0.519,  rev: +7.944
2024/04/15 15:27:35 ID: 241, Data: 9C338C006D003A0B, Celsius: 51, A: +1.40, rev/s: +0.303,  rev: +7.983
2024/04/15 15:27:35 ID: 241, Data: 9C33D600AF00400B, Celsius: 51, A: +2.14, rev/s: +0.486,  rev: +8.000
2024/04/15 15:27:35 ID: 241, Data: 9C33EF0016004D0B, Celsius: 51, A: +2.39, rev/s: +0.061,  rev: +8.036
2024/04/15 15:27:35 ID: 241, Data: 9C335B010900540B, Celsius: 51, A: +3.47, rev/s: +0.025,  rev: +8.056
2024/04/15 15:27:35 ID: 241, Data: 9C33D70118005E0B, Celsius: 51, A: +4.71, rev/s: +0.067,  rev: +8.083
2024/04/15 15:27:35 ID: 241, Data: 9C332C02F3006A0B, Celsius: 51, A: +5.56, rev/s: +0.675,  rev: +8.117
2024/04/15 15:27:35 ID: 241, Data: 9C337402DE00780B, Celsius: 51, A: +6.28, rev/s: +0.617,  rev: +8.156
2024/04/15 15:27:35 ID: 241, Data: 9C33A9022400840B, Celsius: 51, A: +6.81, rev/s: +0.100,  rev: +8.189
2024/04/15 15:27:35 ID: 241, Data: 9C33E60247008E0B, Celsius: 51, A: +7.42, rev/s: +0.197,  rev: +8.217
2024/04/15 15:27:36 ID: 241, Data: 9C339A002801AD0B, Celsius: 51, A: +1.54, rev/s: +0.822,  rev: +8.303
2024/04/15 15:27:36 ID: 241, Data: 9C3332001700AB0B, Celsius: 51, A: +0.50, rev/s: +0.064,  rev: +8.297
2024/04/15 15:27:36 ID: 241, Data: 9C33AE003900AD0B, Celsius: 51, A: +1.74, rev/s: +0.158,  rev: +8.303
2024/04/15 15:27:36 ID: 241, Data: 9C33FF006300B80B, Celsius: 51, A: +2.55, rev/s: +0.275,  rev: +8.333
2024/04/15 15:27:36 ID: 241, Data: 9C3332017C00C50B, Celsius: 51, A: +3.06, rev/s: +0.344,  rev: +8.369
2024/04/15 15:27:36 ID: 241, Data: 9C33B0012000CD0B, Celsius: 51, A: +4.32, rev/s: +0.089,  rev: +8.392
2024/04/15 15:27:36 ID: 241, Data: 9C3353024000D70B, Celsius: 51, A: +5.95, rev/s: +0.178,  rev: +8.419
2024/04/15 15:27:36 ID: 241, Data: 9C33E9029B00E10B, Celsius: 51, A: +7.45, rev/s: +0.431,  rev: +8.447
2024/04/15 15:27:36 ID: 241, Data: 9C3336032600EC0B, Celsius: 51, A: +8.22, rev/s: +0.106,  rev: +8.478
2024/04/15 15:27:36 ID: 241, Data: 9C3328032D00FC0B, Celsius: 51, A: +8.08, rev/s: +0.125,  rev: +8.522
2024/04/15 15:27:37 ID: 241, Data: 9C334C00F7002B0C, Celsius: 51, A: +0.76, rev/s: +0.686,  rev: +8.653
2024/04/15 15:27:37 ID: 241, Data: 9C335000B1FF170C, Celsius: 51, A: +0.80, rev/s: -0.219,  rev: +8.597
2024/04/15 15:27:37 ID: 241, Data: 9C33D2016F00140C, Celsius: 51, A: +4.66, rev/s: +0.308,  rev: +8.589
2024/04/15 15:27:37 ID: 241, Data: 9C33A000FBFF2E0C, Celsius: 51, A: +1.60, rev/s: -0.014,  rev: +8.661
2024/04/15 15:27:37 ID: 241, Data: 9C34AF001B01340C, Celsius: 52, A: +1.75, rev/s: +0.786,  rev: +8.678
2024/04/15 15:27:37 ID: 241, Data: 9C3327010F003D0C, Celsius: 51, A: +2.95, rev/s: +0.042,  rev: +8.703
2024/04/15 15:27:37 ID: 241, Data: 9C349D011E00460C, Celsius: 52, A: +4.13, rev/s: +0.083,  rev: +8.728
2024/04/15 15:27:37 ID: 241, Data: 9C330802A400510C, Celsius: 51, A: +5.20, rev/s: +0.456,  rev: +8.758
2024/04/15 15:27:37 ID: 241, Data: 9C34A00229005C0C, Celsius: 52, A: +6.72, rev/s: +0.114,  rev: +8.789
2024/04/15 15:27:37 ID: 241, Data: 9C34F002EE00690C, Celsius: 52, A: +7.52, rev/s: +0.661,  rev: +8.825
2024/04/15 15:27:38 ID: 241, Data: 9C349C02F3007C0C, Celsius: 52, A: +6.68, rev/s: +0.675,  rev: +8.878
2024/04/15 15:27:38 ID: 241, Data: 9C3455018E008D0C, Celsius: 52, A: +3.41, rev/s: +0.394,  rev: +8.925
2024/04/15 15:27:38 ID: 241, Data: 9C347F0100008E0C, Celsius: 52, A: +3.83, rev/s: +0.000,  rev: +8.928
2024/04/15 15:27:38 ID: 241, Data: 9C340D0177009E0C, Celsius: 52, A: +2.69, rev/s: +0.331,  rev: +8.972
2024/04/15 15:27:38 ID: 241, Data: 9C34C7000200A40C, Celsius: 52, A: +1.99, rev/s: +0.006,  rev: +8.989
2024/04/15 15:27:38 ID: 241, Data: 9C3412010500AD0C, Celsius: 52, A: +2.74, rev/s: +0.014,  rev: +9.014
2024/04/15 15:27:38 ID: 241, Data: 9C3473014500B50C, Celsius: 52, A: +3.71, rev/s: +0.192,  rev: +9.036
2024/04/15 15:27:38 ID: 241, Data: 9C34F7019400BF0C, Celsius: 52, A: +5.03, rev/s: +0.411,  rev: +9.064
2024/04/15 15:27:38 ID: 241, Data: 9C3389022200CB0C, Celsius: 51, A: +6.49, rev/s: +0.094,  rev: +9.097
2024/04/15 15:27:39 ID: 241, Data: 9C34E9027500D60C, Celsius: 52, A: +7.45, rev/s: +0.325,  rev: +9.128
2024/04/15 15:27:39 ID: 241, Data: 9C34CE02A500E60C, Celsius: 52, A: +7.18, rev/s: +0.458,  rev: +9.172
2024/04/15 15:27:39 ID: 241, Data: 9C3451023B00F50C, Celsius: 52, A: +5.93, rev/s: +0.164,  rev: +9.214
2024/04/15 15:27:39 ID: 241, Data: 9C340C023100FE0C, Celsius: 52, A: +5.24, rev/s: +0.136,  rev: +9.239
2024/04/15 15:27:39 ID: 241, Data: 9C3447019E010B0D, Celsius: 52, A: +3.27, rev/s: +1.150,  rev: +9.275
2024/04/15 15:27:39 ID: 241, Data: 9C34AB000400170D, Celsius: 52, A: +1.71, rev/s: +0.011,  rev: +9.308
2024/04/15 15:27:39 ID: 241, Data: 9C34DF0058001E0D, Celsius: 52, A: +2.23, rev/s: +0.244,  rev: +9.328
2024/04/15 15:27:39 ID: 241, Data: 9C340B011300250D, Celsius: 52, A: +2.67, rev/s: +0.053,  rev: +9.347
2024/04/15 15:27:39 ID: 241, Data: 9C3436019000300D, Celsius: 52, A: +3.10, rev/s: +0.400,  rev: +9.378
2024/04/15 15:27:39 ID: 241, Data: 9C349C01C4003A0D, Celsius: 52, A: +4.12, rev/s: +0.544,  rev: +9.406
2024/04/15 15:27:40 ID: 241, Data: 9C346D023500440D, Celsius: 52, A: +6.21, rev/s: +0.147,  rev: +9.433
2024/04/15 15:27:40 ID: 241, Data: 9C34420355004D0D, Celsius: 52, A: +8.34, rev/s: +0.236,  rev: +9.458
2024/04/15 15:27:40 ID: 241, Data: 9C341B03B900560D, Celsius: 52, A: +7.95, rev/s: +0.514,  rev: +9.483
2024/04/15 15:27:40 ID: 241, Data: 9C34FB0230005F0D, Celsius: 52, A: +7.63, rev/s: +0.133,  rev: +9.508
2024/04/15 15:27:40 ID: 241, Data: 9C340A0309006C0D, Celsius: 52, A: +7.78, rev/s: +0.025,  rev: +9.544
2024/04/15 15:27:40 ID: 241, Data: 9C340B02B203B00D, Celsius: 52, A: +5.23, rev/s: +2.628,  rev: +9.733
2024/04/15 15:27:40 ID: 241, Data: 9C340700BDFDA60D, Celsius: 52, A: +0.07, rev/s: -1.608,  rev: +9.706
2024/04/15 15:27:40 ID: 241, Data: 9C345D0001009B0D, Celsius: 52, A: +0.93, rev/s: +0.003,  rev: +9.675
2024/04/15 15:27:40 ID: 241, Data: 9C34E8005A009F0D, Celsius: 52, A: +2.32, rev/s: +0.250,  rev: +9.686
2024/04/15 15:27:40 ID: 241, Data: 9C350D011401AB0D, Celsius: 53, A: +2.69, rev/s: +0.767,  rev: +9.719
2024/04/15 15:27:41 ID: 241, Data: 9C34CD017700B50D, Celsius: 52, A: +4.61, rev/s: +0.331,  rev: +9.747
2024/04/15 15:27:41 ID: 241, Data: 9C348C029400BF0D, Celsius: 52, A: +6.52, rev/s: +0.411,  rev: +9.775
2024/04/15 15:27:41 ID: 241, Data: 9C34FD029200CB0D, Celsius: 52, A: +7.65, rev/s: +0.406,  rev: +9.808
2024/04/15 15:27:41 ID: 241, Data: 9C3409031B00D40D, Celsius: 52, A: +7.77, rev/s: +0.075,  rev: +9.833
2024/04/15 15:27:41 ID: 241, Data: 9C3419031200DC0D, Celsius: 52, A: +7.93, rev/s: +0.050,  rev: +9.856
2024/04/15 15:27:41 ID: 241, Data: 9C34BE025701E80D, Celsius: 52, A: +7.02, rev/s: +0.953,  rev: +9.889
2024/04/15 15:27:41 ID: 241, Data: 9C35E001E601350E, Celsius: 53, A: +4.80, rev/s: +1.350,  rev: +10.103
2024/04/15 15:27:41 ID: 241, Data: 9C34060098FF160E, Celsius: 52, A: +0.06, rev/s: -0.289,  rev: +10.017
2024/04/15 15:27:41 ID: 241, Data: 9C356600FBFF130E, Celsius: 53, A: +1.02, rev/s: -0.014,  rev: +10.008
2024/04/15 15:27:41 ID: 241, Data: 9C35A4003D001D0E, Celsius: 53, A: +1.64, rev/s: +0.169,  rev: +10.036
2024/04/15 15:27:42 ID: 241, Data: 9C351A016D01230E, Celsius: 53, A: +2.82, rev/s: +1.014,  rev: +10.053
2024/04/15 15:27:42 ID: 241, Data: 9C35C20114002F0E, Celsius: 53, A: +4.50, rev/s: +0.056,  rev: +10.086
2024/04/15 15:27:42 ID: 241, Data: 9C3584024300380E, Celsius: 53, A: +6.44, rev/s: +0.186,  rev: +10.111
2024/04/15 15:27:42 ID: 241, Data: 9C35C0026700460E, Celsius: 53, A: +7.04, rev/s: +0.286,  rev: +10.150
2024/04/15 15:27:42 ID: 241, Data: 9C352B032F00510E, Celsius: 53, A: +8.11, rev/s: +0.131,  rev: +10.181
2024/04/15 15:27:42 ID: 241, Data: 9C345303F7FF560E, Celsius: 52, A: +8.51, rev/s: -0.025,  rev: +10.194
2024/04/15 15:27:42 ID: 241, Data: 9C356E03F3FF560E, Celsius: 53, A: +8.78, rev/s: -0.036,  rev: +10.194
2024/04/15 15:27:42 ID: 241, Data: 9C358303E2FF560E, Celsius: 53, A: +8.99, rev/s: -0.083,  rev: +10.194
2024/04/15 15:27:42 ID: 241, Data: 9C356303D8FF570E, Celsius: 53, A: +8.67, rev/s: -0.111,  rev: +10.197
2024/04/15 15:27:43 ID: 241, Data: 9C355B030300570E, Celsius: 53, A: +8.59, rev/s: +0.008,  rev: +10.197
2024/04/15 15:27:43 ID: 241, Data: 9C3553030C00570E, Celsius: 53, A: +8.51, rev/s: +0.033,  rev: +10.197
2024/04/15 15:27:43 ID: 241, Data: 9C355503E0FF570E, Celsius: 53, A: +8.53, rev/s: -0.089,  rev: +10.197
2024/04/15 15:27:43 ID: 241, Data: 9C354E031100570E, Celsius: 53, A: +8.46, rev/s: +0.047,  rev: +10.197
2024/04/15 15:27:43 ID: 241, Data: 9C3547030500570E, Celsius: 53, A: +8.39, rev/s: +0.014,  rev: +10.197
2024/04/15 15:27:43 ID: 241, Data: 9C364B030700570E, Celsius: 54, A: +8.43, rev/s: +0.019,  rev: +10.197
2024/04/15 15:27:43 ID: 241, Data: 9C364503FFFF570E, Celsius: 54, A: +8.37, rev/s: -0.003,  rev: +10.197
2024/04/15 15:27:43 ID: 241, Data: 9C364003FBFF570E, Celsius: 54, A: +8.32, rev/s: -0.014,  rev: +10.197
2024/04/15 15:27:43 ID: 241, Data: 9C363D030100570E, Celsius: 54, A: +8.29, rev/s: +0.003,  rev: +10.197
2024/04/15 15:27:43 ID: 241, Data: 9C373C031A00570E, Celsius: 55, A: +8.28, rev/s: +0.072,  rev: +10.197
2024/04/15 15:27:44 ID: 241, Data: 9C373A031000580E, Celsius: 55, A: +8.26, rev/s: +0.044,  rev: +10.200
2024/04/15 15:27:44 ID: 241, Data: 9C373A031A00580E, Celsius: 55, A: +8.26, rev/s: +0.072,  rev: +10.200
2024/04/15 15:27:44 ID: 241, Data: 9C3836031800580E, Celsius: 56, A: +8.22, rev/s: +0.067,  rev: +10.200
2024/04/15 15:27:44 ID: 241, Data: 9C383103E6FF580E, Celsius: 56, A: +8.17, rev/s: -0.072,  rev: +10.200
2024/04/15 15:27:44 ID: 241, Data: 9C383103FDFF580E, Celsius: 56, A: +8.17, rev/s: -0.008,  rev: +10.200
2024/04/15 15:27:44 ID: 241, Data: 9C392903F7FF580E, Celsius: 57, A: +8.09, rev/s: -0.025,  rev: +10.200
2024/04/15 15:27:44 ID: 241, Data: 9C3929030400580E, Celsius: 57, A: +8.09, rev/s: +0.011,  rev: +10.200
2024/04/15 15:27:44 ID: 241, Data: 9C392703FFFF580E, Celsius: 57, A: +8.07, rev/s: -0.003,  rev: +10.200
2024/04/15 15:27:44 ID: 241, Data: 9C3923031500580E, Celsius: 57, A: +8.03, rev/s: +0.058,  rev: +10.200
2024/04/15 15:27:44 ID: 241, Data: 9C3A2203E0FF580E, Celsius: 58, A: +8.02, rev/s: -0.089,  rev: +10.200
2024/04/15 15:27:45 ID: 241, Data: 9C3A2103F6FF580E, Celsius: 58, A: +8.01, rev/s: -0.028,  rev: +10.200
2024/04/15 15:27:45 ID: 241, Data: 9C3A1F030200580E, Celsius: 58, A: +7.99, rev/s: +0.006,  rev: +10.200
2024/04/15 15:27:45 ID: 241, Data: 9C3B1F031100580E, Celsius: 59, A: +7.99, rev/s: +0.047,  rev: +10.200
2024/04/15 15:27:45 ID: 241, Data: 9C3B1D03EBFF580E, Celsius: 59, A: +7.97, rev/s: -0.058,  rev: +10.200
2024/04/15 15:27:45 ID: 241, Data: 9C3B1E030700580E, Celsius: 59, A: +7.98, rev/s: +0.019,  rev: +10.200
2024/04/15 15:27:45 ID: 241, Data: 9C3B1B03F7FF580E, Celsius: 59, A: +7.95, rev/s: -0.025,  rev: +10.200
2024/04/15 15:27:45 ID: 241, Data: 9C3C1B030D00580E, Celsius: 60, A: +7.95, rev/s: +0.036,  rev: +10.200
2024/04/15 15:27:45 ID: 241, Data: 9C3C19030000580E, Celsius: 60, A: +7.93, rev/s: +0.000,  rev: +10.200
2024/04/15 15:27:45 ID: 241, Data: 9C3C1903F9FF580E, Celsius: 60, A: +7.93, rev/s: -0.019,  rev: +10.200
2024/04/15 15:27:45 ID: 241, Data: 9C3C1803EEFF580E, Celsius: 60, A: +7.92, rev/s: -0.050,  rev: +10.200
2024/04/15 15:27:46 ID: 241, Data: 9C3D1703FDFF590E, Celsius: 61, A: +7.91, rev/s: -0.008,  rev: +10.203
2024/04/15 15:27:46 ID: 241, Data: 9C3D1703F2FF580E, Celsius: 61, A: +7.91, rev/s: -0.039,  rev: +10.200
2024/04/15 15:27:46 ID: 241, Data: 9C3D16031C00590E, Celsius: 61, A: +7.90, rev/s: +0.078,  rev: +10.203
2024/04/15 15:27:46 ID: 241, Data: 9C3E17030B00590E, Celsius: 62, A: +7.91, rev/s: +0.031,  rev: +10.203
2024/04/15 15:27:46 ID: 241, Data: 9C3E1503FEFF590E, Celsius: 62, A: +7.89, rev/s: -0.006,  rev: +10.203
2024/04/15 15:27:46 ID: 241, Data: 9C3F1603EEFF590E, Celsius: 63, A: +7.90, rev/s: -0.050,  rev: +10.203
2024/04/15 15:27:46 ID: 241, Data: 9C3EFC0273005E0E, Celsius: 62, A: +7.64, rev/s: +0.319,  rev: +10.217
2024/04/15 15:27:46 ID: 241, Data: 9C3F6901F0049C0E, Celsius: 63, A: +3.61, rev/s: +3.511,  rev: +10.389
2024/04/15 15:27:46 ID: 241, Data: 9C3F9502A601D00E, Celsius: 63, A: +6.61, rev/s: +1.172,  rev: +10.533
2024/04/15 15:27:47 ID: 241, Data: 9C3F79023602290F, Celsius: 63, A: +6.33, rev/s: +1.572,  rev: +10.781
2024/04/15 15:27:47 ID: 241, Data: 9C409F003406750F, Celsius: 64, A: +1.59, rev/s: +4.411,  rev: +10.992
2024/04/15 15:27:47 ID: 241, Data: 9C4017030B01B50F, Celsius: 64, A: +7.91, rev/s: +0.742,  rev: +11.169
2024/04/15 15:27:47 ID: 241, Data: 9C40BC000A06F40F, Celsius: 64, A: +1.88, rev/s: +4.294,  rev: +11.344
2024/04/15 15:27:47 ID: 241, Data: 9C4074028C013010, Celsius: 64, A: +6.28, rev/s: +1.100,  rev: +11.511
2024/04/15 15:27:47 ID: 241, Data: 9C40320271028910, Celsius: 64, A: +5.62, rev/s: +1.736,  rev: +11.758
2024/04/15 15:27:47 ID: 241, Data: 9C40B100E9FFA510, Celsius: 64, A: +1.77, rev/s: -0.064,  rev: +11.836
2024/04/15 15:27:47 ID: 241, Data: 9C41F300A1FF9010, Celsius: 65, A: +2.43, rev/s: -0.264,  rev: +11.778
2024/04/15 15:27:47 ID: 241, Data: 9C41E5011B009010, Celsius: 65, A: +4.85, rev/s: +0.075,  rev: +11.778
2024/04/15 15:27:47 ID: 241, Data: 9C41A8022F009C10, Celsius: 65, A: +6.80, rev/s: +0.131,  rev: +11.811
2024/04/15 15:27:48 ID: 241, Data: 9C4169028600AB10, Celsius: 65, A: +6.17, rev/s: +0.372,  rev: +11.853
2024/04/15 15:27:48 ID: 241, Data: 9C41C8026B00B510, Celsius: 65, A: +7.12, rev/s: +0.297,  rev: +11.881
2024/04/15 15:27:48 ID: 241, Data: 9C416D012F01CC10, Celsius: 65, A: +3.65, rev/s: +0.842,  rev: +11.944
2024/04/15 15:27:48 ID: 241, Data: 9C418E000500D410, Celsius: 65, A: +1.42, rev/s: +0.014,  rev: +11.967
2024/04/15 15:27:48 ID: 241, Data: 9C41F6001700D510, Celsius: 65, A: +2.46, rev/s: +0.064,  rev: +11.969
2024/04/15 15:27:48 ID: 241, Data: 9C412F018500DF10, Celsius: 65, A: +3.03, rev/s: +0.369,  rev: +11.997
2024/04/15 15:27:48 ID: 241, Data: 9C413401B300EC10, Celsius: 65, A: +3.08, rev/s: +0.497,  rev: +12.033
2024/04/15 15:27:48 ID: 241, Data: 9C41F0013D00F410, Celsius: 65, A: +4.96, rev/s: +0.169,  rev: +12.056
2024/04/15 15:27:48 ID: 241, Data: 9C418D022700FE10, Celsius: 65, A: +6.53, rev/s: +0.108,  rev: +12.083
2024/04/15 15:27:48 ID: 241, Data: 9C40B202C9000A11, Celsius: 64, A: +6.90, rev/s: +0.558,  rev: +12.117
2024/04/15 15:27:49 ID: 241, Data: 9C41F5025B001711, Celsius: 65, A: +7.57, rev/s: +0.253,  rev: +12.153
2024/04/15 15:27:49 ID: 241, Data: 9C40E2023B002411, Celsius: 64, A: +7.38, rev/s: +0.164,  rev: +12.189
2024/04/15 15:27:49 ID: 241, Data: 9C410D01FC004411, Celsius: 65, A: +2.69, rev/s: +0.700,  rev: +12.278
2024/04/15 15:27:49 ID: 241, Data: 9C415F0070FF4111, Celsius: 65, A: +0.95, rev/s: -0.400,  rev: +12.269
2024/04/15 15:27:49 ID: 241, Data: 9C410D011E004011, Celsius: 65, A: +2.69, rev/s: +0.083,  rev: +12.267
2024/04/15 15:27:49 ID: 241, Data: 9C41E6000D015111, Celsius: 65, A: +2.30, rev/s: +0.747,  rev: +12.314
2024/04/15 15:27:49 ID: 241, Data: 9C41D100F9005B11, Celsius: 65, A: +2.09, rev/s: +0.692,  rev: +12.342
2024/04/15 15:27:49 ID: 241, Data: 9C4155012D006511, Celsius: 65, A: +3.41, rev/s: +0.125,  rev: +12.369
2024/04/15 15:27:49 ID: 241, Data: 9C41C80135006D11, Celsius: 65, A: +4.56, rev/s: +0.147,  rev: +12.392
2024/04/15 15:27:49 ID: 241, Data: 9C417A0223007611, Celsius: 65, A: +6.34, rev/s: +0.097,  rev: +12.417
2024/04/15 15:27:50 ID: 241, Data: 9C41ED02AE008111, Celsius: 65, A: +7.49, rev/s: +0.483,  rev: +12.447
2024/04/15 15:27:50 ID: 241, Data: 9C41F70233008A11, Celsius: 65, A: +7.59, rev/s: +0.142,  rev: +12.472
2024/04/15 15:27:50 ID: 241, Data: 9C405A0318008E11, Celsius: 64, A: +8.58, rev/s: +0.067,  rev: +12.483
2024/04/15 15:27:50 ID: 241, Data: 9C402C0316008E11, Celsius: 64, A: +8.12, rev/s: +0.061,  rev: +12.483
2024/04/15 15:27:50 ID: 241, Data: 9C402D03F3FF8E11, Celsius: 64, A: +8.13, rev/s: -0.036,  rev: +12.483
2024/04/15 15:27:50 ID: 241, Data: 9C402A0315008E11, Celsius: 64, A: +8.10, rev/s: +0.058,  rev: +12.483
2024/04/15 15:27:50 ID: 241, Data: 9C402D030A008E11, Celsius: 64, A: +8.13, rev/s: +0.028,  rev: +12.483
2024/04/15 15:27:50 ID: 241, Data: 9C40290301008E11, Celsius: 64, A: +8.09, rev/s: +0.003,  rev: +12.483
2024/04/15 15:27:50 ID: 241, Data: 9C412903FAFF8E11, Celsius: 65, A: +8.09, rev/s: -0.017,  rev: +12.483
2024/04/15 15:27:51 ID: 241, Data: 9C412503F4FF8E11, Celsius: 65, A: +8.05, rev/s: -0.033,  rev: +12.483
2024/04/15 15:27:51 ID: 241, Data: 9C41270300008E11, Celsius: 65, A: +8.07, rev/s: +0.000,  rev: +12.483
2024/04/15 15:27:51 ID: 241, Data: 9C412503FAFF8E11, Celsius: 65, A: +8.05, rev/s: -0.017,  rev: +12.483
2024/04/15 15:27:51 ID: 241, Data: 9C412403FDFF8E11, Celsius: 65, A: +8.04, rev/s: -0.008,  rev: +12.483
2024/04/15 15:27:51 ID: 241, Data: 9C412403FBFF8E11, Celsius: 65, A: +8.04, rev/s: -0.014,  rev: +12.483
2024/04/15 15:27:51 ID: 241, Data: 9C422003FBFF8E11, Celsius: 66, A: +8.00, rev/s: -0.014,  rev: +12.483
2024/04/15 15:27:51 ID: 241, Data: 9C422003FFFF8E11, Celsius: 66, A: +8.00, rev/s: -0.003,  rev: +12.483
2024/04/15 15:27:51 ID: 241, Data: 9C421F0300008E11, Celsius: 66, A: +7.99, rev/s: +0.000,  rev: +12.483
2024/04/15 15:27:51 ID: 241, Data: 9C420F0310008F11, Celsius: 66, A: +7.83, rev/s: +0.044,  rev: +12.486
2024/04/15 15:27:51 ID: 241, Data: 9C43C50288019B11, Celsius: 67, A: +7.09, rev/s: +1.089,  rev: +12.519
2024/04/15 15:27:52 ID: 241, Data: 9C4336017A04C711, Celsius: 67, A: +3.10, rev/s: +3.183,  rev: +12.642
2024/04/15 15:27:52 ID: 241, Data: 9C4305035A000312, Celsius: 67, A: +7.73, rev/s: +0.250,  rev: +12.808
2024/04/15 15:27:52 ID: 241, Data: 9C434303FBFF0612, Celsius: 67, A: +8.35, rev/s: -0.014,  rev: +12.817
2024/04/15 15:27:52 ID: 241, Data: 9C43430306000612, Celsius: 67, A: +8.35, rev/s: +0.017,  rev: +12.817
2024/04/15 15:27:52 ID: 241, Data: 9C433B03F7FF0612, Celsius: 67, A: +8.27, rev/s: -0.025,  rev: +12.817
2024/04/15 15:27:52 ID: 241, Data: 9C433C0304000612, Celsius: 67, A: +8.28, rev/s: +0.011,  rev: +12.817
2024/04/15 15:27:52 ID: 241, Data: 9C44140317000712, Celsius: 68, A: +7.88, rev/s: +0.064,  rev: +12.819
2024/04/15 15:27:52 ID: 241, Data: 9C44F20205000B12, Celsius: 68, A: +7.54, rev/s: +0.014,  rev: +12.831
2024/04/15 15:27:52 ID: 241, Data: 9C443E0316000F12, Celsius: 68, A: +8.30, rev/s: +0.061,  rev: +12.842
2024/04/15 15:27:52 ID: 241, Data: 9C44D80276001812, Celsius: 68, A: +7.28, rev/s: +0.328,  rev: +12.867
2024/04/15 15:27:53 ID: 241, Data: 9C44680150044812, Celsius: 68, A: +3.60, rev/s: +3.067,  rev: +13.000
2024/04/15 15:27:53 ID: 241, Data: 9C44C102D7007612, Celsius: 68, A: +7.05, rev/s: +0.597,  rev: +13.128
2024/04/15 15:27:53 ID: 241, Data: 9C441B03DFFF8412, Celsius: 68, A: +7.95, rev/s: -0.092,  rev: +13.167
2024/04/15 15:27:53 ID: 241, Data: 9C441A03FCFF8412, Celsius: 68, A: +7.94, rev/s: -0.011,  rev: +13.167
2024/04/15 15:27:53 ID: 241, Data: 9C441D0325008412, Celsius: 68, A: +7.97, rev/s: +0.103,  rev: +13.167
2024/04/15 15:27:53 ID: 241, Data: 9C441D0304008412, Celsius: 68, A: +7.97, rev/s: +0.011,  rev: +13.167
2024/04/15 15:27:53 ID: 241, Data: 9C441E030A008412, Celsius: 68, A: +7.98, rev/s: +0.028,  rev: +13.167
2024/04/15 15:27:53 ID: 241, Data: 9C452103E3FF8412, Celsius: 69, A: +8.01, rev/s: -0.081,  rev: +13.167
2024/04/15 15:27:53 ID: 241, Data: 9C45230310008412, Celsius: 69, A: +8.03, rev/s: +0.044,  rev: +13.167
2024/04/15 15:27:53 ID: 241, Data: 9C4527030D008412, Celsius: 69, A: +8.07, rev/s: +0.036,  rev: +13.167
2024/04/15 15:27:54 ID: 241, Data: 9C453003F6FF8512, Celsius: 69, A: +8.16, rev/s: -0.028,  rev: +13.169
2024/04/15 15:27:54 ID: 241, Data: 9C45340308008512, Celsius: 69, A: +8.20, rev/s: +0.022,  rev: +13.169
2024/04/15 15:27:54 ID: 241, Data: 9C45320316008512, Celsius: 69, A: +8.18, rev/s: +0.061,  rev: +13.169
2024/04/15 15:27:54 ID: 241, Data: 9C453903F3FF8512, Celsius: 69, A: +8.25, rev/s: -0.036,  rev: +13.169
2024/04/15 15:27:54 ID: 241, Data: 9C454E031A008512, Celsius: 69, A: +8.46, rev/s: +0.072,  rev: +13.169
2024/04/15 15:27:54 ID: 241, Data: 9C4524038A008E12, Celsius: 69, A: +8.04, rev/s: +0.383,  rev: +13.194
2024/04/15 15:27:54 ID: 241, Data: 9C450803C5009812, Celsius: 69, A: +7.76, rev/s: +0.547,  rev: +13.222
2024/04/15 15:27:54 ID: 241, Data: 9C46C701AE03D712, Celsius: 70, A: +4.55, rev/s: +2.617,  rev: +13.397
2024/04/15 15:27:54 ID: 241, Data: 9C466B0210021013, Celsius: 70, A: +6.19, rev/s: +1.467,  rev: +13.556
2024/04/15 15:27:55 ID: 241, Data: 9C45B7027E016813, Celsius: 69, A: +6.95, rev/s: +1.061,  rev: +13.800
2024/04/15 15:27:55 ID: 241, Data: 9C46D602F6008F13, Celsius: 70, A: +7.26, rev/s: +0.683,  rev: +13.908
2024/04/15 15:27:55 ID: 241, Data: 9C46E8021501D813, Celsius: 70, A: +7.44, rev/s: +0.769,  rev: +14.111
2024/04/15 15:27:55 ID: 241, Data: 9C46440019FEC913, Celsius: 70, A: +0.68, rev/s: -1.353,  rev: +14.069
2024/04/15 15:27:55 ID: 241, Data: 9C465F000000B713, Celsius: 70, A: +0.95, rev/s: +0.000,  rev: +14.019
2024/04/15 15:27:55 ID: 241, Data: 9C46340090FFB413, Celsius: 70, A: +0.52, rev/s: -0.311,  rev: +14.011
2024/04/15 15:27:55 ID: 241, Data: 9C4701000200B313, Celsius: 71, A: +0.01, rev/s: +0.006,  rev: +14.008
2024/04/15 15:27:55 ID: 241, Data: 9C46D3FFEDFFB313, Celsius: 70, A: -0.45, rev/s: -0.053,  rev: +14.008
2024/04/15 15:27:55 ID: 241, Data: 9C46A4FFF5FFB213, Celsius: 70, A: -0.92, rev/s: -0.031,  rev: +14.006
2024/04/15 15:27:55 ID: 241, Data: 9C4605001D00AB13, Celsius: 70, A: +0.05, rev/s: +0.081,  rev: +13.986
2024/04/15 15:27:56 ID: 241, Data: 9C4788000800AD13, Celsius: 71, A: +1.36, rev/s: +0.022,  rev: +13.992
