2024/04/15 15:28:48 ID: 241, Data: 9C2E1B005AFFAC13, Celsius: 46, A: +0.27, rev/s: -0.461,  rev: +13.989
2024/04/15 15:28:48 ID: 241, Data: 9C2E6300CCFF9B13, Celsius: 46, A: +0.99, rev/s: -0.144,  rev: +13.942
2024/04/15 15:28:49 ID: 241, Data: 9C2DBE00CFFF9213, Celsius: 45, A: +1.90, rev/s: -0.136,  rev: +13.917
2024/04/15 15:28:49 ID: 241, Data: 9C2DC000BFFF8813, Celsius: 45, A: +1.92, rev/s: -0.181,  rev: +13.889
2024/04/15 15:28:49 ID: 241, Data: 9C2D030186FF7C13, Celsius: 45, A: +2.59, rev/s: -0.339,  rev: +13.856
2024/04/15 15:28:49 ID: 241, Data: 9C2DDC00AEFF7313, Celsius: 45, A: +2.20, rev/s: -0.228,  rev: +13.831
2024/04/15 15:28:49 ID: 241, Data: 9C2DF6009CFF6713, Celsius: 45, A: +2.46, rev/s: -0.278,  rev: +13.797
2024/04/15 15:28:49 ID: 241, Data: 9C2E9A00B7FF6013, Celsius: 46, A: +1.54, rev/s: -0.203,  rev: +13.778
2024/04/15 15:28:49 ID: 241, Data: 9C2D77006EFF5213, Celsius: 45, A: +1.19, rev/s: -0.406,  rev: +13.739
2024/04/15 15:28:49 ID: 241, Data: 9C2E1400DDFF4A13, Celsius: 46, A: +0.20, rev/s: -0.097,  rev: +13.717
2024/04/15 15:28:49 ID: 241, Data: 9C2D0F00E2FE3C13, Celsius: 45, A: +0.15, rev/s: -0.794,  rev: +13.678
2024/04/15 15:28:49 ID: 241, Data: 9C2D15006FFF2E13, Celsius: 45, A: +0.21, rev/s: -0.403,  rev: +13.639
2024/04/15 15:28:50 ID: 241, Data: 9C2D3C009FFF2113, Celsius: 45, A: +0.60, rev/s: -0.269,  rev: +13.603
2024/04/15 15:28:50 ID: 241, Data: 9C2EE3008BFF1513, Celsius: 46, A: +2.27, rev/s: -0.325,  rev: +13.569
2024/04/15 15:28:50 ID: 241, Data: 9C2EC500B7FF0F13, Celsius: 46, A: +1.97, rev/s: -0.203,  rev: +13.553
2024/04/15 15:28:50 ID: 241, Data: 9C2DD40069FF0313, Celsius: 45, A: +2.12, rev/s: -0.419,  rev: +13.519
2024/04/15 15:28:50 ID: 241, Data: 9C2DF800B8FFF812, Celsius: 45, A: +2.48, rev/s: -0.200,  rev: +13.489
2024/04/15 15:28:50 ID: 241, Data: 9C2E8F00AAFFF112, Celsius: 46, A: +1.43, rev/s: -0.239,  rev: +13.469
2024/04/15 15:28:50 ID: 241, Data: 9C2D9F0093FFE212, Celsius: 45, A: +1.59, rev/s: -0.303,  rev: +13.428
2024/04/15 15:28:50 ID: 241, Data: 9C2D2F008BFFDA12, Celsius: 45, A: +0.47, rev/s: -0.325,  rev: +13.406
2024/04/15 15:28:50 ID: 241, Data: 9C2D12000AFFCF12, Celsius: 45, A: +0.18, rev/s: -0.683,  rev: +13.375
2024/04/15 15:28:51 ID: 241, Data: 9C2DE5FFA7FFC112, Celsius: 45, A: -0.27, rev/s: -0.247,  rev: +13.336
2024/04/15 15:28:51 ID: 241, Data: 9C2DF5FFF5FEB612, Celsius: 45, A: -0.11, rev/s: -0.742,  rev: +13.306
2024/04/15 15:28:51 ID: 241, Data: 9C2E3700D2FFA812, Celsius: 46, A: +0.55, rev/s: -0.128,  rev: +13.267
2024/04/15 15:28:51 ID: 241, Data: 9C2D60004EFF9F12, Celsius: 45, A: +0.96, rev/s: -0.494,  rev: +13.242
2024/04/15 15:28:51 ID: 241, Data: 9C2D8B0095FF9312, Celsius: 45, A: +1.39, rev/s: -0.297,  rev: +13.208
2024/04/15 15:28:51 ID: 241, Data: 9C2DA90095FF8912, Celsius: 45, A: +1.69, rev/s: -0.297,  rev: +13.181
2024/04/15 15:28:51 ID: 241, Data: 9C2DCF0088FF7E12, Celsius: 45, A: +2.07, rev/s: -0.333,  rev: +13.150
2024/04/15 15:28:51 ID: 241, Data: 9C2DCB0095FF7412, Celsius: 45, A: +2.03, rev/s: -0.297,  rev: +13.122
2024/04/15 15:28:51 ID: 241, Data: 9C2D7A008DFF6B12, Celsius: 45, A: +1.22, rev/s: -0.319,  rev: +13.097
2024/04/15 15:28:51 ID: 241, Data: 9C2D4900B0FF5F12, Celsius: 45, A: +0.73, rev/s: -0.222,  rev: +13.064
2024/04/15 15:28:52 ID: 241, Data: 9C2D1F0058FF5412, Celsius: 45, A: +0.31, rev/s: -0.467,  rev: +13.033
2024/04/15 15:28:52 ID: 241, Data: 9C2DF2FF9EFF4712, Celsius: 45, A: -0.14, rev/s: -0.272,  rev: +12.997
2024/04/15 15:28:52 ID: 241, Data: 9C2D2100F2FE3912, Celsius: 45, A: +0.33, rev/s: -0.750,  rev: +12.958
2024/04/15 15:28:52 ID: 241, Data: 9C2DA000DFFF2D12, Celsius: 45, A: +1.60, rev/s: -0.092,  rev: +12.925
2024/04/15 15:28:52 ID: 241, Data: 9C2DBC007FFF2412, Celsius: 45, A: +1.88, rev/s: -0.358,  rev: +12.900
2024/04/15 15:28:52 ID: 241, Data: 9C2DFE00A5FF1912, Celsius: 45, A: +2.54, rev/s: -0.253,  rev: +12.869
2024/04/15 15:28:52 ID: 241, Data: 9C2DE7008CFF1012, Celsius: 45, A: +2.31, rev/s: -0.322,  rev: +12.844
2024/04/15 15:28:52 ID: 241, Data: 9C2D1F0189FF0412, Celsius: 45, A: +2.87, rev/s: -0.331,  rev: +12.811
2024/04/15 15:28:52 ID: 241, Data: 9C2DD30081FFFC11, Celsius: 45, A: +2.11, rev/s: -0.353,  rev: +12.789
2024/04/15 15:28:52 ID: 241, Data: 9C2D8B00CDFFF111, Celsius: 45, A: +1.39, rev/s: -0.142,  rev: +12.758
2024/04/15 15:28:53 ID: 241, Data: 9C2D760087FFE511, Celsius: 45, A: +1.18, rev/s: -0.336,  rev: +12.725
2024/04/15 15:28:53 ID: 241, Data: 9C2D1E00EAFFDA11, Celsius: 45, A: +0.30, rev/s: -0.061,  rev: +12.694
2024/04/15 15:28:53 ID: 241, Data: 9C2DEEFF32FFD111, Celsius: 45, A: -0.18, rev/s: -0.572,  rev: +12.669
2024/04/15 15:28:53 ID: 241, Data: 9C2DECFF0000C311, Celsius: 45, A: -0.20, rev/s: +0.000,  rev: +12.631
2024/04/15 15:28:53 ID: 241, Data: 9C2D300095FFB711, Celsius: 45, A: +0.48, rev/s: -0.297,  rev: +12.597
2024/04/15 15:28:53 ID: 241, Data: 9C2D6C0089FFAA11, Celsius: 45, A: +1.08, rev/s: -0.331,  rev: +12.561
2024/04/15 15:28:53 ID: 241, Data: 9C2D8400ADFFA011, Celsius: 45, A: +1.32, rev/s: -0.231,  rev: +12.533
2024/04/15 15:28:53 ID: 241, Data: 9C2D97007AFF9611, Celsius: 45, A: +1.51, rev/s: -0.372,  rev: +12.506
2024/04/15 15:28:53 ID: 241, Data: 9C2D6F009EFF8C11, Celsius: 45, A: +1.11, rev/s: -0.272,  rev: +12.478
2024/04/15 15:28:53 ID: 241, Data: 9C2D330098FF8211, Celsius: 45, A: +0.51, rev/s: -0.289,  rev: +12.450
2024/04/15 15:28:54 ID: 241, Data: 9C2D270068FF7611, Celsius: 45, A: +0.39, rev/s: -0.422,  rev: +12.417
2024/04/15 15:28:54 ID: 241, Data: 9C2D1500C6FF6A11, Celsius: 45, A: +0.21, rev/s: -0.161,  rev: +12.383
2024/04/15 15:28:54 ID: 241, Data: 9C2DF0FF90FF6011, Celsius: 45, A: -0.16, rev/s: -0.311,  rev: +12.356
2024/04/15 15:28:54 ID: 241, Data: 9C2DF3FF9EFF5311, Celsius: 45, A: -0.13, rev/s: -0.272,  rev: +12.319
2024/04/15 15:28:54 ID: 241, Data: 9C2DE5FFDDFF4811, Celsius: 45, A: -0.27, rev/s: -0.097,  rev: +12.289
2024/04/15 15:28:54 ID: 241, Data: 9C2D030043FF3D11, Celsius: 45, A: +0.03, rev/s: -0.525,  rev: +12.258
2024/04/15 15:28:54 ID: 241, Data: 9C2DF6FFFFFF3111, Celsius: 45, A: -0.10, rev/s: -0.003,  rev: +12.225
2024/04/15 15:28:54 ID: 241, Data: 9C2DE4FFB8FF2811, Celsius: 45, A: -0.28, rev/s: -0.200,  rev: +12.200
2024/04/15 15:28:54 ID: 241, Data: 9C2D10007EFF1B11, Celsius: 45, A: +0.16, rev/s: -0.361,  rev: +12.164
2024/04/15 15:28:55 ID: 241, Data: 9C2D0900BBFF1111, Celsius: 45, A: +0.09, rev/s: -0.192,  rev: +12.136
2024/04/15 15:28:55 ID: 241, Data: 9C2D0800A3FF0711, Celsius: 45, A: +0.08, rev/s: -0.258,  rev: +12.108
2024/04/15 15:28:55 ID: 241, Data: 9C2D3400BDFFFA10, Celsius: 45, A: +0.52, rev/s: -0.186,  rev: +12.072
2024/04/15 15:28:55 ID: 241, Data: 9C2D2000ACFFF110, Celsius: 45, A: +0.32, rev/s: -0.233,  rev: +12.047
2024/04/15 15:28:55 ID: 241, Data: 9C2DF5FF59FFE610, Celsius: 45, A: -0.11, rev/s: -0.464,  rev: +12.017
2024/04/15 15:28:55 ID: 241, Data: 9C2DE6FFBCFFDA10, Celsius: 45, A: -0.26, rev/s: -0.189,  rev: +11.983
2024/04/15 15:28:55 ID: 241, Data: 9C2DFBFF3FFFCF10, Celsius: 45, A: -0.05, rev/s: -0.536,  rev: +11.953
2024/04/15 15:28:55 ID: 241, Data: 9C2D100067FFC310, Celsius: 45, A: +0.16, rev/s: -0.425,  rev: +11.919
2024/04/15 15:28:55 ID: 241, Data: 9C2D2F00A3FFB810, Celsius: 45, A: +0.47, rev/s: -0.258,  rev: +11.889
2024/04/15 15:28:55 ID: 241, Data: 9C2D5F007AFFAC10, Celsius: 45, A: +0.95, rev/s: -0.372,  rev: +11.856
2024/04/15 15:28:56 ID: 241, Data: 9C2D6B0085FFA110, Celsius: 45, A: +1.07, rev/s: -0.342,  rev: +11.825
2024/04/15 15:28:56 ID: 241, Data: 9C2D6A00C0FF9810, Celsius: 45, A: +1.06, rev/s: -0.178,  rev: +11.800
2024/04/15 15:28:56 ID: 241, Data: 9C2D32008DFF8E10, Celsius: 45, A: +0.50, rev/s: -0.319,  rev: +11.772
2024/04/15 15:28:56 ID: 241, Data: 9C2D3100C0FF8110, Celsius: 45, A: +0.49, rev/s: -0.178,  rev: +11.736
2024/04/15 15:28:56 ID: 241, Data: 9C2D0800BAFF7810, Celsius: 45, A: +0.08, rev/s: -0.194,  rev: +11.711
2024/04/15 15:28:56 ID: 241, Data: 9C2D010077FF6B10, Celsius: 45, A: +0.01, rev/s: -0.381,  rev: +11.675
2024/04/15 15:28:56 ID: 241, Data: 9C2DEFFFA6FF6010, Celsius: 45, A: -0.17, rev/s: -0.250,  rev: +11.644
2024/04/15 15:28:56 ID: 241, Data: 9C2D020043FF5410, Celsius: 45, A: +0.02, rev/s: -0.525,  rev: +11.611
2024/04/15 15:28:56 ID: 241, Data: 9C2D030090FF4810, Celsius: 45, A: +0.03, rev/s: -0.311,  rev: +11.578
2024/04/15 15:28:56 ID: 241, Data: 9C2D030082FF3F10, Celsius: 45, A: +0.03, rev/s: -0.350,  rev: +11.553
2024/04/15 15:28:57 ID: 241, Data: 9C2D26008AFF3210, Celsius: 45, A: +0.38, rev/s: -0.328,  rev: +11.517
2024/04/15 15:28:57 ID: 241, Data: 9C2D4D0097FF2710, Celsius: 45, A: +0.77, rev/s: -0.292,  rev: +11.486
2024/04/15 15:28:57 ID: 241, Data: 9C2D790079FF1C10, Celsius: 45, A: +1.21, rev/s: -0.375,  rev: +11.456
2024/04/15 15:28:57 ID: 241, Data: 9C2D5400A2FF1310, Celsius: 45, A: +0.84, rev/s: -0.261,  rev: +11.431
2024/04/15 15:28:57 ID: 241, Data: 9C2D1900A1FF0910, Celsius: 45, A: +0.25, rev/s: -0.264,  rev: +11.403
2024/04/15 15:28:57 ID: 241, Data: 9C2D100086FFFD0F, Celsius: 45, A: +0.16, rev/s: -0.339,  rev: +11.369
2024/04/15 15:28:57 ID: 241, Data: 9C2DF8FF62FFF20F, Celsius: 45, A: -0.08, rev/s: -0.439,  rev: +11.339
2024/04/15 15:28:57 ID: 241, Data: 9C2DDFFF8BFFE70F, Celsius: 45, A: -0.33, rev/s: -0.325,  rev: +11.308
2024/04/15 15:28:57 ID: 241, Data: 9C2CFFFF34FFDB0F, Celsius: 44, A: -0.01, rev/s: -0.567,  rev: +11.275
2024/04/15 15:28:57 ID: 241, Data: 9C2DEAFFD4FFD10F, Celsius: 45, A: -0.22, rev/s: -0.122,  rev: +11.247
2024/04/15 15:28:58 ID: 241, Data: 9C2DEAFF4FFFC60F, Celsius: 45, A: -0.22, rev/s: -0.492,  rev: +11.217
2024/04/15 15:28:58 ID: 241, Data: 9C2DFAFFC4FFB90F, Celsius: 45, A: -0.06, rev/s: -0.167,  rev: +11.181
2024/04/15 15:28:58 ID: 241, Data: 9C2D0800A4FFAF0F, Celsius: 45, A: +0.08, rev/s: -0.256,  rev: +11.153
2024/04/15 15:28:58 ID: 241, Data: 9C2D18007EFFA30F, Celsius: 45, A: +0.24, rev/s: -0.361,  rev: +11.119
2024/04/15 15:28:58 ID: 241, Data: 9C2D0000CFFF990F, Celsius: 45, A: +0.00, rev/s: -0.136,  rev: +11.092
2024/04/15 15:28:58 ID: 241, Data: 9C2DEDFF99FF8F0F, Celsius: 45, A: -0.19, rev/s: -0.286,  rev: +11.064
2024/04/15 15:28:58 ID: 241, Data: 9C2DF8FFBCFF830F, Celsius: 45, A: -0.08, rev/s: -0.189,  rev: +11.031
2024/04/15 15:28:58 ID: 241, Data: 9C2DEFFF85FF780F, Celsius: 45, A: -0.17, rev/s: -0.342,  rev: +11.000
2024/04/15 15:28:58 ID: 241, Data: 9C2DFDFF8BFF6C0F, Celsius: 45, A: -0.03, rev/s: -0.325,  rev: +10.967
2024/04/15 15:28:59 ID: 241, Data: 9C2DFBFFC8FF610F, Celsius: 45, A: -0.05, rev/s: -0.156,  rev: +10.936
2024/04/15 15:28:59 ID: 241, Data: 9C2D020099FF560F, Celsius: 45, A: +0.02, rev/s: -0.286,  rev: +10.906
2024/04/15 15:28:59 ID: 241, Data: 9C2DF8FF55FF4B0F, Celsius: 45, A: -0.08, rev/s: -0.475,  rev: +10.875
2024/04/15 15:28:59 ID: 241, Data: 9C2D000085FF400F, Celsius: 45, A: +0.00, rev/s: -0.342,  rev: +10.844
2024/04/15 15:28:59 ID: 241, Data: 9C2D3F0072FF330F, Celsius: 45, A: +0.63, rev/s: -0.394,  rev: +10.808
2024/04/15 15:28:59 ID: 241, Data: 9C2D4300CAFF2A0F, Celsius: 45, A: +0.67, rev/s: -0.150,  rev: +10.783
2024/04/15 15:28:59 ID: 241, Data: 9C2D0700AEFF210F, Celsius: 45, A: +0.07, rev/s: -0.228,  rev: +10.758
2024/04/15 15:28:59 ID: 241, Data: 9C2D0C0083FF140F, Celsius: 45, A: +0.12, rev/s: -0.347,  rev: +10.722
2024/04/15 15:28:59 ID: 241, Data: 9C2CEEFFB0FF0A0F, Celsius: 44, A: -0.18, rev/s: -0.222,  rev: +10.694
2024/04/15 15:28:59 ID: 241, Data: 9C2DE4FF6EFFFF0E, Celsius: 45, A: -0.28, rev/s: -0.406,  rev: +10.664
2024/04/15 15:29:00 ID: 241, Data: 9C2CEAFFB9FFF20E, Celsius: 44, A: -0.22, rev/s: -0.197,  rev: +10.628
2024/04/15 15:29:00 ID: 241, Data: 9C2CEEFFCEFFE80E, Celsius: 44, A: -0.18, rev/s: -0.139,  rev: +10.600
2024/04/15 15:29:00 ID: 241, Data: 9C2C0E0091FFDC0E, Celsius: 44, A: +0.14, rev/s: -0.308,  rev: +10.567
2024/04/15 15:29:00 ID: 241, Data: 9C2D1300C3FFD10E, Celsius: 45, A: +0.19, rev/s: -0.169,  rev: +10.536
2024/04/15 15:29:00 ID: 241, Data: 9C2C900084FFC30E, Celsius: 44, A: +1.44, rev/s: -0.344,  rev: +10.497
2024/04/15 15:29:00 ID: 241, Data: 9C2CC900CCFFB90E, Celsius: 44, A: +2.01, rev/s: -0.144,  rev: +10.469
2024/04/15 15:29:00 ID: 241, Data: 9C2C9700AAFFB20E, Celsius: 44, A: +1.51, rev/s: -0.239,  rev: +10.450
2024/04/15 15:29:00 ID: 241, Data: 9C2C6D009AFFA80E, Celsius: 44, A: +1.09, rev/s: -0.283,  rev: +10.422
2024/04/15 15:29:00 ID: 241, Data: 9C2C420084FF9C0E, Celsius: 44, A: +0.66, rev/s: -0.344,  rev: +10.389
2024/04/15 15:29:00 ID: 241, Data: 9C2CDDFFDFFF930E, Celsius: 44, A: -0.35, rev/s: -0.092,  rev: +10.364
2024/04/15 15:29:01 ID: 241, Data: 9C2CF9FFC7FF830E, Celsius: 44, A: -0.07, rev/s: -0.158,  rev: +10.319
2024/04/15 15:29:01 ID: 241, Data: 9C2C1300FDFF770E, Celsius: 44, A: +0.19, rev/s: -0.008,  rev: +10.286
2024/04/15 15:29:01 ID: 241, Data: 9C2D720061FF6B0E, Celsius: 45, A: +1.14, rev/s: -0.442,  rev: +10.253
2024/04/15 15:29:01 ID: 241, Data: 9C2C7400D9FF620E, Celsius: 44, A: +1.16, rev/s: -0.108,  rev: +10.228
2024/04/15 15:29:01 ID: 241, Data: 9C2C990064FF580E, Celsius: 44, A: +1.53, rev/s: -0.433,  rev: +10.200
2024/04/15 15:29:01 ID: 241, Data: 9C2CCE00B1FF4B0E, Celsius: 44, A: +2.06, rev/s: -0.219,  rev: +10.164
2024/04/15 15:29:01 ID: 241, Data: 9C2CB600DAFF430E, Celsius: 44, A: +1.82, rev/s: -0.106,  rev: +10.142
2024/04/15 15:29:01 ID: 241, Data: 9C2C6A00AFFF390E, Celsius: 44, A: +1.06, rev/s: -0.225,  rev: +10.114
2024/04/15 15:29:01 ID: 241, Data: 9C2C73007DFF2C0E, Celsius: 44, A: +1.15, rev/s: -0.364,  rev: +10.078
2024/04/15 15:29:01 ID: 241, Data: 9C2C2500B0FF220E, Celsius: 44, A: +0.37, rev/s: -0.222,  rev: +10.050
2024/04/15 15:29:02 ID: 241, Data: 9C2CE3FF66FF190E, Celsius: 44, A: -0.29, rev/s: -0.428,  rev: +10.025
2024/04/15 15:29:02 ID: 241, Data: 9C2CE3FFDAFF0A0E, Celsius: 44, A: -0.29, rev/s: -0.106,  rev: +9.983
2024/04/15 15:29:02 ID: 241, Data: 9C2D34001FFFFE0D, Celsius: 45, A: +0.52, rev/s: -0.625,  rev: +9.950
2024/04/15 15:29:02 ID: 241, Data: 9C2C740074FFF20D, Celsius: 44, A: +1.16, rev/s: -0.389,  rev: +9.917
2024/04/15 15:29:02 ID: 241, Data: 9C2C8B00C3FFE80D, Celsius: 44, A: +1.39, rev/s: -0.169,  rev: +9.889
2024/04/15 15:29:02 ID: 241, Data: 9C2CAD0065FFDE0D, Celsius: 44, A: +1.73, rev/s: -0.431,  rev: +9.861
2024/04/15 15:29:02 ID: 241, Data: 9C2CD000B4FFD20D, Celsius: 44, A: +2.08, rev/s: -0.211,  rev: +9.828
2024/04/15 15:29:02 ID: 241, Data: 9C2DB600D7FFC90D, Celsius: 45, A: +1.82, rev/s: -0.114,  rev: +9.803
2024/04/15 15:29:02 ID: 241, Data: 9C2C7F006DFFBF0D, Celsius: 44, A: +1.27, rev/s: -0.408,  rev: +9.775
2024/04/15 15:29:03 ID: 241, Data: 9C2C7300A6FFB30D, Celsius: 44, A: +1.15, rev/s: -0.250,  rev: +9.742
2024/04/15 15:29:03 ID: 241, Data: 9C2C290098FFA90D, Celsius: 44, A: +0.41, rev/s: -0.289,  rev: +9.714
2024/04/15 15:29:03 ID: 241, Data: 9C2C1B0059FF9C0D, Celsius: 44, A: +0.27, rev/s: -0.464,  rev: +9.678
2024/04/15 15:29:03 ID: 241, Data: 9C2D0900AEFF8F0D, Celsius: 45, A: +0.09, rev/s: -0.228,  rev: +9.642
2024/04/15 15:29:03 ID: 241, Data: 9C2C2A0097FF820D, Celsius: 44, A: +0.42, rev/s: -0.292,  rev: +9.606
2024/04/15 15:29:03 ID: 241, Data: 9C2D6100C8FF780D, Celsius: 45, A: +0.97, rev/s: -0.156,  rev: +9.578
2024/04/15 15:29:03 ID: 241, Data: 9C2C8300ADFF6E0D, Celsius: 44, A: +1.31, rev/s: -0.231,  rev: +9.550
2024/04/15 15:29:03 ID: 241, Data: 9C2C89006AFF640D, Celsius: 44, A: +1.37, rev/s: -0.417,  rev: +9.522
2024/04/15 15:29:03 ID: 241, Data: 9C2C8700A0FF590D, Celsius: 44, A: +1.35, rev/s: -0.267,  rev: +9.492
2024/04/15 15:29:03 ID: 241, Data: 9C2C690092FF4F0D, Celsius: 44, A: +1.05, rev/s: -0.306,  rev: +9.464
2024/04/15 15:29:04 ID: 241, Data: 9C2C5E0076FF440D, Celsius: 44, A: +0.94, rev/s: -0.383,  rev: +9.433
2024/04/15 15:29:04 ID: 241, Data: 9C2C4200B1FF390D, Celsius: 44, A: +0.66, rev/s: -0.219,  rev: +9.403
2024/04/15 15:29:04 ID: 241, Data: 9C2C260056FF2E0D, Celsius: 44, A: +0.38, rev/s: -0.472,  rev: +9.372
2024/04/15 15:29:04 ID: 241, Data: 9C2CF5FFDEFF220D, Celsius: 44, A: -0.11, rev/s: -0.094,  rev: +9.339
2024/04/15 15:29:04 ID: 241, Data: 9C2CF8FF2AFF170D, Celsius: 44, A: -0.08, rev/s: -0.594,  rev: +9.308
2024/04/15 15:29:04 ID: 241, Data: 9C2C270056FF0A0D, Celsius: 44, A: +0.39, rev/s: -0.472,  rev: +9.272
2024/04/15 15:29:04 ID: 241, Data: 9C2C2C00BDFF000D, Celsius: 44, A: +0.44, rev/s: -0.186,  rev: +9.244
2024/04/15 15:29:04 ID: 241, Data: 9C2C71004DFFF40C, Celsius: 44, A: +1.13, rev/s: -0.497,  rev: +9.211
2024/04/15 15:29:04 ID: 241, Data: 9C2C9000B9FFE90C, Celsius: 44, A: +1.44, rev/s: -0.197,  rev: +9.181
2024/04/15 15:29:04 ID: 241, Data: 9C2CF8007FFFDD0C, Celsius: 44, A: +2.48, rev/s: -0.358,  rev: +9.147
2024/04/15 15:29:05 ID: 241, Data: 9C2CAA00A1FFD70C, Celsius: 44, A: +1.70, rev/s: -0.264,  rev: +9.131
2024/04/15 15:29:05 ID: 241, Data: 9C2C7F007DFFCB0C, Celsius: 44, A: +1.27, rev/s: -0.364,  rev: +9.097
2024/04/15 15:29:05 ID: 241, Data: 9C2C6000A6FFC00C, Celsius: 44, A: +0.96, rev/s: -0.250,  rev: +9.067
2024/04/15 15:29:05 ID: 241, Data: 9C2C2F0070FFB50C, Celsius: 44, A: +0.47, rev/s: -0.400,  rev: +9.036
2024/04/15 15:29:05 ID: 241, Data: 9C2CDCFFF0FFAB0C, Celsius: 44, A: -0.36, rev/s: -0.044,  rev: +9.008
2024/04/15 15:29:05 ID: 241, Data: 9C2C29005CFF9B0C, Celsius: 44, A: +0.41, rev/s: -0.456,  rev: +8.964
2024/04/15 15:29:05 ID: 241, Data: 9C2C3000C3FF910C, Celsius: 44, A: +0.48, rev/s: -0.169,  rev: +8.936
2024/04/15 15:29:05 ID: 241, Data: 9C2C710065FF850C, Celsius: 44, A: +1.13, rev/s: -0.431,  rev: +8.903
2024/04/15 15:29:05 ID: 241, Data: 9C2C8F0089FF7A0C, Celsius: 44, A: +1.43, rev/s: -0.331,  rev: +8.872
2024/04/15 15:29:05 ID: 241, Data: 9C2C8C00BEFF710C, Celsius: 44, A: +1.40, rev/s: -0.183,  rev: +8.847
2024/04/15 15:29:06 ID: 241, Data: 9C2CBD0079FF650C, Celsius: 44, A: +1.89, rev/s: -0.375,  rev: +8.814
2024/04/15 15:29:06 ID: 241, Data: 9C2CA100A3FF5B0C, Celsius: 44, A: +1.61, rev/s: -0.258,  rev: +8.786
2024/04/15 15:29:06 ID: 241, Data: 9C2C6D00A4FF510C, Celsius: 44, A: +1.09, rev/s: -0.256,  rev: +8.758
2024/04/15 15:29:06 ID: 241, Data: 9C2C630075FF450C, Celsius: 44, A: +0.99, rev/s: -0.386,  rev: +8.725
2024/04/15 15:29:06 ID: 241, Data: 9C2C22009EFF3B0C, Celsius: 44, A: +0.34, rev/s: -0.272,  rev: +8.697
2024/04/15 15:29:06 ID: 241, Data: 9C2CDDFF8FFF320C, Celsius: 44, A: -0.35, rev/s: -0.314,  rev: +8.672
2024/04/15 15:29:06 ID: 241, Data: 9C2CF9FFCFFF230C, Celsius: 44, A: -0.07, rev/s: -0.136,  rev: +8.631
2024/04/15 15:29:06 ID: 241, Data: 9C2C2300A8FF170C, Celsius: 44, A: +0.35, rev/s: -0.244,  rev: +8.597
2024/04/15 15:29:06 ID: 241, Data: 9C2C5C0073FF0B0C, Celsius: 44, A: +0.92, rev/s: -0.392,  rev: +8.564
2024/04/15 15:29:07 ID: 241, Data: 9C2C6500C1FF010C, Celsius: 44, A: +1.01, rev/s: -0.175,  rev: +8.536
2024/04/15 15:29:07 ID: 241, Data: 9C2C6E008CFFF70B, Celsius: 44, A: +1.10, rev/s: -0.322,  rev: +8.508
2024/04/15 15:29:07 ID: 241, Data: 9C2C8A00A5FFEA0B, Celsius: 44, A: +1.38, rev/s: -0.253,  rev: +8.472
2024/04/15 15:29:07 ID: 241, Data: 9C2CB300A4FFE00B, Celsius: 44, A: +1.79, rev/s: -0.256,  rev: +8.444
2024/04/15 15:29:07 ID: 241, Data: 9C2C6500A6FFD80B, Celsius: 44, A: +1.01, rev/s: -0.250,  rev: +8.422
2024/04/15 15:29:07 ID: 241, Data: 9C2C61007DFFCB0B, Celsius: 44, A: +0.97, rev/s: -0.364,  rev: +8.386
2024/04/15 15:29:07 ID: 241, Data: 9C2C0800CDFFC30B, Celsius: 44, A: +0.08, rev/s: -0.142,  rev: +8.364
2024/04/15 15:29:07 ID: 241, Data: 9C2C280015FFB30B, Celsius: 44, A: +0.40, rev/s: -0.653,  rev: +8.319
2024/04/15 15:29:07 ID: 241, Data: 9C2C1A00CEFFA80B, Celsius: 44, A: +0.26, rev/s: -0.139,  rev: +8.289
2024/04/15 15:29:07 ID: 241, Data: 9C2C6A0048FF9C0B, Celsius: 44, A: +1.06, rev/s: -0.511,  rev: +8.256
2024/04/15 15:29:08 ID: 241, Data: 9C2C5D00EAFF920B, Celsius: 44, A: +0.93, rev/s: -0.061,  rev: +8.228
2024/04/15 15:29:08 ID: 241, Data: 9C2C75008AFF880B, Celsius: 44, A: +1.17, rev/s: -0.328,  rev: +8.200
2024/04/15 15:29:08 ID: 241, Data: 9C2CAC00C5FF7B0B, Celsius: 44, A: +1.72, rev/s: -0.164,  rev: +8.164
2024/04/15 15:29:08 ID: 241, Data: 9C2CC900DEFF720B, Celsius: 44, A: +2.01, rev/s: -0.094,  rev: +8.139
2024/04/15 15:29:08 ID: 241, Data: 9C2C91009FFF690B, Celsius: 44, A: +1.45, rev/s: -0.269,  rev: +8.114
2024/04/15 15:29:08 ID: 241, Data: 9C2C8C0045FF5C0B, Celsius: 44, A: +1.40, rev/s: -0.519,  rev: +8.078
2024/04/15 15:29:08 ID: 241, Data: 9C2C4100AEFF520B, Celsius: 44, A: +0.65, rev/s: -0.228,  rev: +8.050
2024/04/15 15:29:08 ID: 241, Data: 9C2C09003DFF480B, Celsius: 44, A: +0.09, rev/s: -0.542,  rev: +8.022
2024/04/15 15:29:08 ID: 241, Data: 9C2CFDFFD0FF3A0B, Celsius: 44, A: -0.03, rev/s: -0.133,  rev: +7.983
2024/04/15 15:29:08 ID: 241, Data: 9C2C2E0027FF2E0B, Celsius: 44, A: +0.46, rev/s: -0.603,  rev: +7.950
2024/04/15 15:29:09 ID: 241, Data: 9C2C5D0086FF220B, Celsius: 44, A: +0.93, rev/s: -0.339,  rev: +7.917
2024/04/15 15:29:09 ID: 241, Data: 9C2C6D00CBFF180B, Celsius: 44, A: +1.09, rev/s: -0.147,  rev: +7.889
2024/04/15 15:29:09 ID: 241, Data: 9C2C7D007DFF0E0B, Celsius: 44, A: +1.25, rev/s: -0.364,  rev: +7.861
2024/04/15 15:29:09 ID: 241, Data: 9C2C9900A8FF020B, Celsius: 44, A: +1.53, rev/s: -0.244,  rev: +7.828
2024/04/15 15:29:09 ID: 241, Data: 9C2CA000D0FFF80A, Celsius: 44, A: +1.60, rev/s: -0.133,  rev: +7.800
2024/04/15 15:29:09 ID: 241, Data: 9C2C5E0076FFEF0A, Celsius: 44, A: +0.94, rev/s: -0.383,  rev: +7.775
2024/04/15 15:29:09 ID: 241, Data: 9C2C9200BFFFE00A, Celsius: 44, A: +1.46, rev/s: -0.181,  rev: +7.733
2024/04/15 15:29:09 ID: 241, Data: 9C2C1500C6FFDA0A, Celsius: 44, A: +0.21, rev/s: -0.161,  rev: +7.717
2024/04/15 15:29:09 ID: 241, Data: 9C2C1B0050FFCC0A, Celsius: 44, A: +0.27, rev/s: -0.489,  rev: +7.678
2024/04/15 15:29:09 ID: 241, Data: 9C2C0800AAFFBF0A, Celsius: 44, A: +0.08, rev/s: -0.239,  rev: +7.642
2024/04/15 15:29:10 ID: 241, Data: 9C2C3100ADFFB20A, Celsius: 44, A: +0.49, rev/s: -0.231,  rev: +7.606
2024/04/15 15:29:10 ID: 241, Data: 9C2C5000BFFFA80A, Celsius: 44, A: +0.80, rev/s: -0.181,  rev: +7.578
2024/04/15 15:29:10 ID: 241, Data: 9C2C81008DFF9E0A, Celsius: 44, A: +1.29, rev/s: -0.319,  rev: +7.550
2024/04/15 15:29:10 ID: 241, Data: 9C2C9700A4FF920A, Celsius: 44, A: +1.51, rev/s: -0.256,  rev: +7.517
2024/04/15 15:29:10 ID: 241, Data: 9C2CC400AEFF880A, Celsius: 44, A: +1.96, rev/s: -0.228,  rev: +7.489
2024/04/15 15:29:10 ID: 241, Data: 9C2CD500A0FF7E0A, Celsius: 44, A: +2.13, rev/s: -0.267,  rev: +7.461
2024/04/15 15:29:10 ID: 241, Data: 9C2C96007AFF750A, Celsius: 44, A: +1.50, rev/s: -0.372,  rev: +7.436
2024/04/15 15:29:10 ID: 241, Data: 9C2C7000B6FF690A, Celsius: 44, A: +1.12, rev/s: -0.206,  rev: +7.403
2024/04/15 15:29:10 ID: 241, Data: 9C2C3F0044FF5F0A, Celsius: 44, A: +0.63, rev/s: -0.522,  rev: +7.375
2024/04/15 15:29:11 ID: 241, Data: 9C2CF4FFFCFF530A, Celsius: 44, A: -0.12, rev/s: -0.011,  rev: +7.342
2024/04/15 15:29:11 ID: 241, Data: 9C2C1000EEFE460A, Celsius: 44, A: +0.16, rev/s: -0.761,  rev: +7.306
2024/04/15 15:29:11 ID: 241, Data: 9C2C4D0075FF390A, Celsius: 44, A: +0.77, rev/s: -0.386,  rev: +7.269
2024/04/15 15:29:11 ID: 241, Data: 9C2C5D00A8FF300A, Celsius: 44, A: +0.93, rev/s: -0.244,  rev: +7.244
2024/04/15 15:29:11 ID: 241, Data: 9C2C940064FF230A, Celsius: 44, A: +1.48, rev/s: -0.433,  rev: +7.208
2024/04/15 15:29:11 ID: 241, Data: 9C2C8200C3FF1A0A, Celsius: 44, A: +1.30, rev/s: -0.169,  rev: +7.183
2024/04/15 15:29:11 ID: 241, Data: 9C2CA70076FF0E0A, Celsius: 44, A: +1.67, rev/s: -0.383,  rev: +7.150
2024/04/15 15:29:11 ID: 241, Data: 9C2CA700A2FF030A, Celsius: 44, A: +1.67, rev/s: -0.261,  rev: +7.119
2024/04/15 15:29:11 ID: 241, Data: 9C2C72009DFFFA09, Celsius: 44, A: +1.14, rev/s: -0.275,  rev: +7.094
2024/04/15 15:29:11 ID: 241, Data: 9C2C56009DFFEF09, Celsius: 44, A: +0.86, rev/s: -0.275,  rev: +7.064
2024/04/15 15:29:12 ID: 241, Data: 9C2C210073FFE409, Celsius: 44, A: +0.33, rev/s: -0.392,  rev: +7.033
2024/04/15 15:29:12 ID: 241, Data: 9C2CF1FF91FFD809, Celsius: 44, A: -0.15, rev/s: -0.308,  rev: +7.000
2024/04/15 15:29:12 ID: 241, Data: 9C2C240079FFC909, Celsius: 44, A: +0.36, rev/s: -0.375,  rev: +6.958
2024/04/15 15:29:12 ID: 241, Data: 9C2C7100B5FFBE09, Celsius: 44, A: +1.13, rev/s: -0.208,  rev: +6.928
2024/04/15 15:29:12 ID: 241, Data: 9C2CAF0095FFB409, Celsius: 44, A: +1.75, rev/s: -0.297,  rev: +6.900
2024/04/15 15:29:12 ID: 241, Data: 9C2CEE00B6FFA909, Celsius: 44, A: +2.38, rev/s: -0.206,  rev: +6.869
2024/04/15 15:29:12 ID: 241, Data: 9C2CF100CBFFA009, Celsius: 44, A: +2.41, rev/s: -0.147,  rev: +6.844
2024/04/15 15:29:12 ID: 241, Data: 9C2C1F016DFF9409, Celsius: 44, A: +2.87, rev/s: -0.408,  rev: +6.811
2024/04/15 15:29:12 ID: 241, Data: 9C2CFB00B2FF8A09, Celsius: 44, A: +2.51, rev/s: -0.217,  rev: +6.783
2024/04/15 15:29:12 ID: 241, Data: 9C2CAC00BAFF8109, Celsius: 44, A: +1.72, rev/s: -0.194,  rev: +6.758
2024/04/15 15:29:13 ID: 241, Data: 9C2C7B00C3FF7609, Celsius: 44, A: +1.23, rev/s: -0.169,  rev: +6.728
2024/04/15 15:29:13 ID: 241, Data: 9C2C0900AAFF6A09, Celsius: 44, A: +0.09, rev/s: -0.239,  rev: +6.694
2024/04/15 15:29:13 ID: 241, Data: 9C2CFEFF09FF5E09, Celsius: 44, A: -0.02, rev/s: -0.686,  rev: +6.661
2024/04/15 15:29:13 ID: 241, Data: 9C2C0600E0FF5309, Celsius: 44, A: +0.06, rev/s: -0.089,  rev: +6.631
2024/04/15 15:29:13 ID: 241, Data: 9C2CB90033FF4309, Celsius: 44, A: +1.85, rev/s: -0.569,  rev: +6.586
2024/04/15 15:29:13 ID: 241, Data: 9C2CD100C0FF3A09, Celsius: 44, A: +2.09, rev/s: -0.178,  rev: +6.561
2024/04/15 15:29:13 ID: 241, Data: 9C2CD300B3FF3009, Celsius: 44, A: +2.11, rev/s: -0.214,  rev: +6.533
2024/04/15 15:29:13 ID: 241, Data: 9C2C1A0189FF2409, Celsius: 44, A: +2.82, rev/s: -0.331,  rev: +6.500
2024/04/15 15:29:13 ID: 241, Data: 9C2CD10077FF1C09, Celsius: 44, A: +2.09, rev/s: -0.381,  rev: +6.478
2024/04/15 15:29:13 ID: 241, Data: 9C2CAD009AFF1109, Celsius: 44, A: +1.73, rev/s: -0.283,  rev: +6.447
2024/04/15 15:29:14 ID: 241, Data: 9C2C6800A9FF0709, Celsius: 44, A: +1.04, rev/s: -0.242,  rev: +6.419
2024/04/15 15:29:14 ID: 241, Data: 9C2C3D0067FFFB08, Celsius: 44, A: +0.61, rev/s: -0.425,  rev: +6.386
2024/04/15 15:29:14 ID: 241, Data: 9C2CD3FFA6FFF208, Celsius: 44, A: -0.45, rev/s: -0.250,  rev: +6.361
2024/04/15 15:29:14 ID: 241, Data: 9C2CEFFF1600E308, Celsius: 44, A: -0.17, rev/s: +0.061,  rev: +6.319
2024/04/15 15:29:14 ID: 241, Data: 9C2C4000CAFFD608, Celsius: 44, A: +0.64, rev/s: -0.150,  rev: +6.283
2024/04/15 15:29:14 ID: 241, Data: 9C2C9700BFFFCA08, Celsius: 44, A: +1.51, rev/s: -0.181,  rev: +6.250
2024/04/15 15:29:14 ID: 241, Data: 9C2C7F00CDFFC208, Celsius: 44, A: +1.27, rev/s: -0.142,  rev: +6.228
2024/04/15 15:29:14 ID: 241, Data: 9C2CF8000CFFB408, Celsius: 44, A: +2.48, rev/s: -0.678,  rev: +6.189
2024/04/15 15:29:14 ID: 241, Data: 9C2C0901AEFFAA08, Celsius: 44, A: +2.65, rev/s: -0.228,  rev: +6.161
2024/04/15 15:29:15 ID: 241, Data: 9C2C9B0072FFA408, Celsius: 44, A: +1.55, rev/s: -0.394,  rev: +6.144
2024/04/15 15:29:15 ID: 241, Data: 9C2CC3005DFF9608, Celsius: 44, A: +1.95, rev/s: -0.453,  rev: +6.106
2024/04/15 15:29:15 ID: 241, Data: 9C2C7200A9FF8E08, Celsius: 44, A: +1.14, rev/s: -0.242,  rev: +6.083
2024/04/15 15:29:15 ID: 241, Data: 9C2C1700E9FF8208, Celsius: 44, A: +0.23, rev/s: -0.064,  rev: +6.050
2024/04/15 15:29:15 ID: 241, Data: 9C2CECFF26FF7808, Celsius: 44, A: -0.20, rev/s: -0.606,  rev: +6.022
2024/04/15 15:29:15 ID: 241, Data: 9C2CD6FFF1FF6B08, Celsius: 44, A: -0.42, rev/s: -0.042,  rev: +5.986
2024/04/15 15:29:15 ID: 241, Data: 9C2C6400C1FF5B08, Celsius: 44, A: +1.00, rev/s: -0.175,  rev: +5.942
2024/04/15 15:29:15 ID: 241, Data: 9C2C7E008AFF5208, Celsius: 44, A: +1.26, rev/s: -0.328,  rev: +5.917
2024/04/15 15:29:15 ID: 241, Data: 9C2CBF0078FF4708, Celsius: 44, A: +1.91, rev/s: -0.378,  rev: +5.886
2024/04/15 15:29:15 ID: 241, Data: 9C2CB40088FF3D08, Celsius: 44, A: +1.80, rev/s: -0.333,  rev: +5.858
2024/04/15 15:29:16 ID: 241, Data: 9C2C9200B2FF3208, Celsius: 44, A: +1.46, rev/s: -0.217,  rev: +5.828
2024/04/15 15:29:16 ID: 241, Data: 9C2CB7009EFF2608, Celsius: 44, A: +1.83, rev/s: -0.272,  rev: +5.794
2024/04/15 15:29:16 ID: 241, Data: 9C2C570092FF1F08, Celsius: 44, A: +0.87, rev/s: -0.306,  rev: +5.775
2024/04/15 15:29:16 ID: 241, Data: 9C2C4800A6FF1208, Celsius: 44, A: +0.72, rev/s: -0.250,  rev: +5.739
2024/04/15 15:29:16 ID: 241, Data: 9C2CF5FF9DFF0908, Celsius: 44, A: -0.11, rev/s: -0.275,  rev: +5.714
2024/04/15 15:29:16 ID: 241, Data: 9C2CD8FF9DFFFA07, Celsius: 44, A: -0.40, rev/s: -0.275,  rev: +5.672
2024/04/15 15:29:16 ID: 241, Data: 9C2C160090FFED07, Celsius: 44, A: +0.22, rev/s: -0.311,  rev: +5.636
2024/04/15 15:29:16 ID: 241, Data: 9C2C4900D1FFE107, Celsius: 44, A: +0.73, rev/s: -0.131,  rev: +5.603
2024/04/15 15:29:16 ID: 241, Data: 9C2CB600A4FFD607, Celsius: 44, A: +1.82, rev/s: -0.256,  rev: +5.572
2024/04/15 15:29:16 ID: 241, Data: 9C2CDA009AFFCC07, Celsius: 44, A: +2.18, rev/s: -0.283,  rev: +5.544
2024/04/15 15:29:17 ID: 241, Data: 9C2CFF00CDFFC107, Celsius: 44, A: +2.55, rev/s: -0.142,  rev: +5.514
2024/04/15 15:29:17 ID: 241, Data: 9C2C1901A4FFB807, Celsius: 44, A: +2.81, rev/s: -0.256,  rev: +5.489
2024/04/15 15:29:17 ID: 241, Data: 9C2C150178FFAE07, Celsius: 44, A: +2.77, rev/s: -0.378,  rev: +5.461
2024/04/15 15:29:17 ID: 241, Data: 9C2CD40086FFA407, Celsius: 44, A: +2.12, rev/s: -0.339,  rev: +5.433
2024/04/15 15:29:17 ID: 241, Data: 9C2C8F00A7FF9907, Celsius: 44, A: +1.43, rev/s: -0.247,  rev: +5.403
2024/04/15 15:29:17 ID: 241, Data: 9C2C510026FF8E07, Celsius: 44, A: +0.81, rev/s: -0.606,  rev: +5.372
2024/04/15 15:29:17 ID: 241, Data: 9C2CF1FF0C008207, Celsius: 44, A: -0.15, rev/s: +0.033,  rev: +5.339
2024/04/15 15:29:17 ID: 241, Data: 9C2C390090FE7407, Celsius: 44, A: +0.57, rev/s: -1.022,  rev: +5.300
2024/04/15 15:29:17 ID: 241, Data: 9C2C6100A0FF6707, Celsius: 44, A: +0.97, rev/s: -0.267,  rev: +5.264
2024/04/15 15:29:17 ID: 241, Data: 9C2CA0005AFF5E07, Celsius: 44, A: +1.60, rev/s: -0.461,  rev: +5.239
2024/04/15 15:29:18 ID: 241, Data: 9C2CC700D5FF5107, Celsius: 44, A: +1.99, rev/s: -0.119,  rev: +5.203
2024/04/15 15:29:18 ID: 241, Data: 9C2C0C018DFF4807, Celsius: 44, A: +2.68, rev/s: -0.319,  rev: +5.178
2024/04/15 15:29:18 ID: 241, Data: 9C2C0001BBFF3F07, Celsius: 44, A: +2.56, rev/s: -0.192,  rev: +5.153
2024/04/15 15:29:18 ID: 241, Data: 9C2CF60064FF3307, Celsius: 44, A: +2.46, rev/s: -0.433,  rev: +5.119
2024/04/15 15:29:18 ID: 241, Data: 9C2CBB00C9FF2907, Celsius: 44, A: +1.87, rev/s: -0.153,  rev: +5.092
2024/04/15 15:29:18 ID: 241, Data: 9C2C64009EFF2007, Celsius: 44, A: +1.00, rev/s: -0.272,  rev: +5.067
2024/04/15 15:29:18 ID: 241, Data: 9C2C3100D5FF1307, Celsius: 44, A: +0.49, rev/s: -0.119,  rev: +5.031
2024/04/15 15:29:18 ID: 241, Data: 9C2CEDFF0C000B07, Celsius: 44, A: -0.19, rev/s: +0.033,  rev: +5.008
2024/04/15 15:29:18 ID: 241, Data: 9C2C3F000B000507, Celsius: 44, A: +0.63, rev/s: +0.031,  rev: +4.992
2024/04/15 15:29:19 ID: 241, Data: 9C2C5A00F7FF0607, Celsius: 44, A: +0.90, rev/s: -0.025,  rev: +4.994
