2024/04/15 15:32:23 ID: 241, Data: 9C26C00049000907, Celsius: 38, A: +1.92, rev/s: +0.203,  rev: +5.003
2024/04/15 15:32:23 ID: 241, Data: 9C267E017E001707, Celsius: 38, A: +3.82, rev/s: +0.350,  rev: +5.042
2024/04/15 15:32:23 ID: 241, Data: 9C26010309012C07, Celsius: 38, A: +7.69, rev/s: +0.736,  rev: +5.100
2024/04/15 15:32:23 ID: 241, Data: 9C2650030F003C07, Celsius: 38, A: +8.48, rev/s: +0.042,  rev: +5.144
2024/04/15 15:32:23 ID: 241, Data: 9C263403FAFF3F07, Celsius: 38, A: +8.20, rev/s: -0.017,  rev: +5.153
2024/04/15 15:32:23 ID: 241, Data: 9C263303FFFF3F07, Celsius: 38, A: +8.19, rev/s: -0.003,  rev: +5.153
2024/04/15 15:32:24 ID: 241, Data: 9C26340302003F07, Celsius: 38, A: +8.20, rev/s: +0.006,  rev: +5.153
2024/04/15 15:32:24 ID: 241, Data: 9C263403E9FF3F07, Celsius: 38, A: +8.20, rev/s: -0.064,  rev: +5.153
2024/04/15 15:32:24 ID: 241, Data: 9C263603E9FF3F07, Celsius: 38, A: +8.22, rev/s: -0.064,  rev: +5.153
2024/04/15 15:32:24 ID: 241, Data: 9C263303E2FF3F07, Celsius: 38, A: +8.19, rev/s: -0.083,  rev: +5.153
2024/04/15 15:32:24 ID: 241, Data: 9C263203FEFF3F07, Celsius: 38, A: +8.18, rev/s: -0.006,  rev: +5.153
2024/04/15 15:32:24 ID: 241, Data: 9C263303F1FF3F07, Celsius: 38, A: +8.19, rev/s: -0.042,  rev: +5.153
2024/04/15 15:32:24 ID: 241, Data: 9C273003EEFF3F07, Celsius: 39, A: +8.16, rev/s: -0.050,  rev: +5.153
2024/04/15 15:32:24 ID: 241, Data: 9C273003E6FF3F07, Celsius: 39, A: +8.16, rev/s: -0.072,  rev: +5.153
2024/04/15 15:32:24 ID: 241, Data: 9C272E03FEFF4007, Celsius: 39, A: +8.14, rev/s: -0.006,  rev: +5.156
2024/04/15 15:32:24 ID: 241, Data: 9C272F03F9FF4007, Celsius: 39, A: +8.15, rev/s: -0.019,  rev: +5.156
2024/04/15 15:32:25 ID: 241, Data: 9C282E0306004007, Celsius: 40, A: +8.14, rev/s: +0.017,  rev: +5.156
2024/04/15 15:32:25 ID: 241, Data: 9C282E0300004007, Celsius: 40, A: +8.14, rev/s: +0.000,  rev: +5.156
2024/04/15 15:32:25 ID: 241, Data: 9C282B03FEFF4007, Celsius: 40, A: +8.11, rev/s: -0.006,  rev: +5.156
2024/04/15 15:32:25 ID: 241, Data: 9C292B031B004007, Celsius: 41, A: +8.11, rev/s: +0.075,  rev: +5.156
2024/04/15 15:32:25 ID: 241, Data: 9C292B03EDFF4007, Celsius: 41, A: +8.11, rev/s: -0.053,  rev: +5.156
2024/04/15 15:32:25 ID: 241, Data: 9C2928030C004007, Celsius: 41, A: +8.08, rev/s: +0.033,  rev: +5.156
2024/04/15 15:32:25 ID: 241, Data: 9C2928030B004007, Celsius: 41, A: +8.08, rev/s: +0.031,  rev: +5.156
2024/04/15 15:32:25 ID: 241, Data: 9C2A2803ECFF4007, Celsius: 42, A: +8.08, rev/s: -0.056,  rev: +5.156
2024/04/15 15:32:25 ID: 241, Data: 9C2A260312004007, Celsius: 42, A: +8.06, rev/s: +0.050,  rev: +5.156
2024/04/15 15:32:25 ID: 241, Data: 9C2A2703E6FF4007, Celsius: 42, A: +8.07, rev/s: -0.072,  rev: +5.156
2024/04/15 15:32:26 ID: 241, Data: 9C2A2603F5FF4007, Celsius: 42, A: +8.06, rev/s: -0.031,  rev: +5.156
2024/04/15 15:32:26 ID: 241, Data: 9C2B2503EFFF4007, Celsius: 43, A: +8.05, rev/s: -0.047,  rev: +5.156
2024/04/15 15:32:26 ID: 241, Data: 9C2B2403FCFF4007, Celsius: 43, A: +8.04, rev/s: -0.011,  rev: +5.156
2024/04/15 15:32:26 ID: 241, Data: 9C2B2103E8FF4007, Celsius: 43, A: +8.01, rev/s: -0.067,  rev: +5.156
2024/04/15 15:32:26 ID: 241, Data: 9C2C2103FDFF4007, Celsius: 44, A: +8.01, rev/s: -0.008,  rev: +5.156
2024/04/15 15:32:26 ID: 241, Data: 9C2C2203F8FF4007, Celsius: 44, A: +8.02, rev/s: -0.022,  rev: +5.156
2024/04/15 15:32:26 ID: 241, Data: 9C2C200307004007, Celsius: 44, A: +8.00, rev/s: +0.019,  rev: +5.156
2024/04/15 15:32:26 ID: 241, Data: 9C2D1F03F8FF4007, Celsius: 45, A: +7.99, rev/s: -0.022,  rev: +5.156
2024/04/15 15:32:26 ID: 241, Data: 9C2D1F03F6FF4007, Celsius: 45, A: +7.99, rev/s: -0.028,  rev: +5.156
2024/04/15 15:32:27 ID: 241, Data: 9C2D1E030B004007, Celsius: 45, A: +7.98, rev/s: +0.031,  rev: +5.156
2024/04/15 15:32:27 ID: 241, Data: 9C2E1F03FCFF4007, Celsius: 46, A: +7.99, rev/s: -0.011,  rev: +5.156
2024/04/15 15:32:27 ID: 241, Data: 9C2E1D030D004007, Celsius: 46, A: +7.97, rev/s: +0.036,  rev: +5.156
2024/04/15 15:32:27 ID: 241, Data: 9C2F1D0300004007, Celsius: 47, A: +7.97, rev/s: +0.000,  rev: +5.156
2024/04/15 15:32:27 ID: 241, Data: 9C2F1C0316004007, Celsius: 47, A: +7.96, rev/s: +0.061,  rev: +5.156
2024/04/15 15:32:27 ID: 241, Data: 9C2F1A0309004007, Celsius: 47, A: +7.94, rev/s: +0.025,  rev: +5.156
2024/04/15 15:32:27 ID: 241, Data: 9C2F190303004007, Celsius: 47, A: +7.93, rev/s: +0.008,  rev: +5.156
2024/04/15 15:32:27 ID: 241, Data: 9C301903FCFF4007, Celsius: 48, A: +7.93, rev/s: -0.011,  rev: +5.156
2024/04/15 15:32:27 ID: 241, Data: 9C3019030B004007, Celsius: 48, A: +7.93, rev/s: +0.031,  rev: +5.156
2024/04/15 15:32:27 ID: 241, Data: 9C3017030C004007, Celsius: 48, A: +7.91, rev/s: +0.033,  rev: +5.156
2024/04/15 15:32:28 ID: 241, Data: 9C311803FCFF4007, Celsius: 49, A: +7.92, rev/s: -0.011,  rev: +5.156
2024/04/15 15:32:28 ID: 241, Data: 9C31170310004007, Celsius: 49, A: +7.91, rev/s: +0.044,  rev: +5.156
2024/04/15 15:32:28 ID: 241, Data: 9C311703EBFF4007, Celsius: 49, A: +7.91, rev/s: -0.058,  rev: +5.156
2024/04/15 15:32:28 ID: 241, Data: 9C32130301004007, Celsius: 50, A: +7.87, rev/s: +0.003,  rev: +5.156
2024/04/15 15:32:28 ID: 241, Data: 9C32130300004007, Celsius: 50, A: +7.87, rev/s: +0.000,  rev: +5.156
2024/04/15 15:32:28 ID: 241, Data: 9C3213030B004007, Celsius: 50, A: +7.87, rev/s: +0.031,  rev: +5.156
2024/04/15 15:32:28 ID: 241, Data: 9C33130301004007, Celsius: 51, A: +7.87, rev/s: +0.003,  rev: +5.156
2024/04/15 15:32:28 ID: 241, Data: 9C331403F6FF4007, Celsius: 51, A: +7.88, rev/s: -0.028,  rev: +5.156
2024/04/15 15:32:28 ID: 241, Data: 9C331403EEFF4007, Celsius: 51, A: +7.88, rev/s: -0.050,  rev: +5.156
2024/04/15 15:32:28 ID: 241, Data: 9C341203FCFF4007, Celsius: 52, A: +7.86, rev/s: -0.011,  rev: +5.156
2024/04/15 15:32:29 ID: 241, Data: 9C341203FBFF4007, Celsius: 52, A: +7.86, rev/s: -0.014,  rev: +5.156
2024/04/15 15:32:29 ID: 241, Data: 9C340F0312004007, Celsius: 52, A: +7.83, rev/s: +0.050,  rev: +5.156
2024/04/15 15:32:29 ID: 241, Data: 9C3512030D004007, Celsius: 53, A: +7.86, rev/s: +0.036,  rev: +5.156
2024/04/15 15:32:29 ID: 241, Data: 9C350D030A004007, Celsius: 53, A: +7.81, rev/s: +0.028,  rev: +5.156
2024/04/15 15:32:29 ID: 241, Data: 9C350D03F8FF4007, Celsius: 53, A: +7.81, rev/s: -0.022,  rev: +5.156
2024/04/15 15:32:29 ID: 241, Data: 9C360C0317004007, Celsius: 54, A: +7.80, rev/s: +0.064,  rev: +5.156
2024/04/15 15:32:29 ID: 241, Data: 9C360C030D004007, Celsius: 54, A: +7.80, rev/s: +0.036,  rev: +5.156
2024/04/15 15:32:29 ID: 241, Data: 9C360B03F4FF4007, Celsius: 54, A: +7.79, rev/s: -0.033,  rev: +5.156
2024/04/15 15:32:29 ID: 241, Data: 9C360C03F0FF4007, Celsius: 54, A: +7.80, rev/s: -0.044,  rev: +5.156
2024/04/15 15:32:29 ID: 241, Data: 9C370B03F5FF4007, Celsius: 55, A: +7.79, rev/s: -0.031,  rev: +5.156
2024/04/15 15:32:30 ID: 241, Data: 9C370A03FFFF4007, Celsius: 55, A: +7.78, rev/s: -0.003,  rev: +5.156
2024/04/15 15:32:30 ID: 241, Data: 9C370B0305004007, Celsius: 55, A: +7.79, rev/s: +0.014,  rev: +5.156
2024/04/15 15:32:30 ID: 241, Data: 9C380D0368004807, Celsius: 56, A: +7.81, rev/s: +0.289,  rev: +5.178
2024/04/15 15:32:30 ID: 241, Data: 9C3872016B047207, Celsius: 56, A: +3.70, rev/s: +3.142,  rev: +5.294
2024/04/15 15:32:30 ID: 241, Data: 9C3822026002CE07, Celsius: 56, A: +5.46, rev/s: +1.689,  rev: +5.550
2024/04/15 15:32:30 ID: 241, Data: 9C38DF0291013108, Celsius: 56, A: +7.35, rev/s: +1.114,  rev: +5.825
2024/04/15 15:32:30 ID: 241, Data: 9C39CE00BD057108, Celsius: 57, A: +2.06, rev/s: +4.081,  rev: +6.003
2024/04/15 15:32:30 ID: 241, Data: 9C39DB029B00B508, Celsius: 57, A: +7.31, rev/s: +0.431,  rev: +6.192
2024/04/15 15:32:30 ID: 241, Data: 9C3AAC0113040309, Celsius: 58, A: +4.28, rev/s: +2.897,  rev: +6.408
2024/04/15 15:32:30 ID: 241, Data: 9C3976021A023809, Celsius: 57, A: +6.30, rev/s: +1.494,  rev: +6.556
2024/04/15 15:32:31 ID: 241, Data: 9C3A1F036F019609, Celsius: 58, A: +7.99, rev/s: +1.019,  rev: +6.817
2024/04/15 15:32:31 ID: 241, Data: 9C3A85028B01B509, Celsius: 58, A: +6.45, rev/s: +1.097,  rev: +6.903
2024/04/15 15:32:31 ID: 241, Data: 9C3AEE025F01000A, Celsius: 58, A: +7.50, rev/s: +0.975,  rev: +7.111
2024/04/15 15:32:31 ID: 241, Data: 9C3A890273022C0A, Celsius: 58, A: +6.49, rev/s: +1.742,  rev: +7.233
2024/04/15 15:32:31 ID: 241, Data: 9C3AD5029701850A, Celsius: 58, A: +7.25, rev/s: +1.131,  rev: +7.481
2024/04/15 15:32:31 ID: 241, Data: 9C3B5701DF04BD0A, Celsius: 59, A: +3.43, rev/s: +3.464,  rev: +7.636
2024/04/15 15:32:31 ID: 241, Data: 9C3B23028B020C0B, Celsius: 59, A: +5.47, rev/s: +1.808,  rev: +7.856
2024/04/15 15:32:31 ID: 241, Data: 9C3A8A02AE01700B, Celsius: 58, A: +6.50, rev/s: +1.194,  rev: +8.133
2024/04/15 15:32:31 ID: 241, Data: 9C3BB8005006BE0B, Celsius: 59, A: +1.84, rev/s: +4.489,  rev: +8.350
2024/04/15 15:32:32 ID: 241, Data: 9C3BC702CE01FA0B, Celsius: 59, A: +7.11, rev/s: +1.283,  rev: +8.517
2024/04/15 15:32:32 ID: 241, Data: 9C3B040232034F0C, Celsius: 59, A: +5.16, rev/s: +2.272,  rev: +8.753
2024/04/15 15:32:32 ID: 241, Data: 9C3BAD0162038A0C, Celsius: 59, A: +4.29, rev/s: +2.406,  rev: +8.917
2024/04/15 15:32:32 ID: 241, Data: 9C3BF602BD01E60C, Celsius: 59, A: +7.58, rev/s: +1.236,  rev: +9.172
2024/04/15 15:32:32 ID: 241, Data: 9C3BCF01A7033F0D, Celsius: 59, A: +4.63, rev/s: +2.597,  rev: +9.419
2024/04/15 15:32:32 ID: 241, Data: 9C3B3A02BC02770D, Celsius: 59, A: +5.70, rev/s: +1.944,  rev: +9.575
2024/04/15 15:32:32 ID: 241, Data: 9C3BAC02F801D20D, Celsius: 59, A: +6.84, rev/s: +1.400,  rev: +9.828
2024/04/15 15:32:32 ID: 241, Data: 9C3BEA016A032D0E, Celsius: 59, A: +4.90, rev/s: +2.428,  rev: +10.081
2024/04/15 15:32:32 ID: 241, Data: 9C3BDE027600550E, Celsius: 59, A: +7.34, rev/s: +0.328,  rev: +10.192
2024/04/15 15:32:32 ID: 241, Data: 9C3CED00B3059A0E, Celsius: 60, A: +2.37, rev/s: +4.053,  rev: +10.383
2024/04/15 15:32:33 ID: 241, Data: 9C3BF9013303DF0E, Celsius: 59, A: +5.05, rev/s: +2.275,  rev: +10.575
2024/04/15 15:32:33 ID: 241, Data: 9C3B7702DE013F0F, Celsius: 59, A: +6.31, rev/s: +1.328,  rev: +10.842
2024/04/15 15:32:33 ID: 241, Data: 9C3C0302C502A20F, Celsius: 60, A: +5.15, rev/s: +1.969,  rev: +11.117
2024/04/15 15:32:33 ID: 241, Data: 9C3C91006F06F00F, Celsius: 60, A: +1.45, rev/s: +4.575,  rev: +11.333
2024/04/15 15:32:33 ID: 241, Data: 9C3B4C0220023910, Celsius: 59, A: +5.88, rev/s: +1.511,  rev: +11.536
2024/04/15 15:32:33 ID: 241, Data: 9C3C640277019710, Celsius: 60, A: +6.12, rev/s: +1.042,  rev: +11.797
2024/04/15 15:32:33 ID: 241, Data: 9C3CB401CD03CE10, Celsius: 60, A: +4.36, rev/s: +2.703,  rev: +11.950
2024/04/15 15:32:33 ID: 241, Data: 9C3B760243021B11, Celsius: 59, A: +6.30, rev/s: +1.608,  rev: +12.164
2024/04/15 15:32:33 ID: 241, Data: 9C3CD600AA055C11, Celsius: 60, A: +2.14, rev/s: +4.028,  rev: +12.344
2024/04/15 15:32:33 ID: 241, Data: 9C3C2C026E02A411, Celsius: 60, A: +5.56, rev/s: +1.728,  rev: +12.544
2024/04/15 15:32:34 ID: 241, Data: 9C3CDD023C01F311, Celsius: 60, A: +7.33, rev/s: +0.878,  rev: +12.764
2024/04/15 15:32:34 ID: 241, Data: 9C3C33030000FB11, Celsius: 60, A: +8.19, rev/s: +0.000,  rev: +12.786
2024/04/15 15:32:34 ID: 241, Data: 9C3C37030C00FC11, Celsius: 60, A: +8.23, rev/s: +0.033,  rev: +12.789
2024/04/15 15:32:34 ID: 241, Data: 9C3B3B03FAFFFC11, Celsius: 59, A: +8.27, rev/s: -0.017,  rev: +12.789
2024/04/15 15:32:34 ID: 241, Data: 9C3C40031900FC11, Celsius: 60, A: +8.32, rev/s: +0.069,  rev: +12.789
2024/04/15 15:32:34 ID: 241, Data: 9C3C41030700FC11, Celsius: 60, A: +8.33, rev/s: +0.019,  rev: +12.789
2024/04/15 15:32:34 ID: 241, Data: 9C3B41030C00FC11, Celsius: 59, A: +8.33, rev/s: +0.033,  rev: +12.789
2024/04/15 15:32:34 ID: 241, Data: 9C3B4503F2FFFC11, Celsius: 59, A: +8.37, rev/s: -0.039,  rev: +12.789
2024/04/15 15:32:34 ID: 241, Data: 9C3C44030900FC11, Celsius: 60, A: +8.36, rev/s: +0.025,  rev: +12.789
2024/04/15 15:32:34 ID: 241, Data: 9C3C46030200FC11, Celsius: 60, A: +8.38, rev/s: +0.006,  rev: +12.789
2024/04/15 15:32:35 ID: 241, Data: 9C3C4603FBFFFC11, Celsius: 60, A: +8.38, rev/s: -0.014,  rev: +12.789
2024/04/15 15:32:35 ID: 241, Data: 9C3C48030200FC11, Celsius: 60, A: +8.40, rev/s: +0.006,  rev: +12.789
2024/04/15 15:32:35 ID: 241, Data: 9C3C4803F7FFFC11, Celsius: 60, A: +8.40, rev/s: -0.025,  rev: +12.789
2024/04/15 15:32:35 ID: 241, Data: 9C3C47030D00FC11, Celsius: 60, A: +8.39, rev/s: +0.036,  rev: +12.789
2024/04/15 15:32:35 ID: 241, Data: 9C3B4803F6FFFC11, Celsius: 59, A: +8.40, rev/s: -0.028,  rev: +12.789
2024/04/15 15:32:35 ID: 241, Data: 9C3B4403F3FFFC11, Celsius: 59, A: +8.36, rev/s: -0.036,  rev: +12.789
2024/04/15 15:32:35 ID: 241, Data: 9C3B47030900FC11, Celsius: 59, A: +8.39, rev/s: +0.025,  rev: +12.789
2024/04/15 15:32:35 ID: 241, Data: 9C3C4703EFFFFC11, Celsius: 60, A: +8.39, rev/s: -0.047,  rev: +12.789
2024/04/15 15:32:35 ID: 241, Data: 9C3B4703DDFFFC11, Celsius: 59, A: +8.39, rev/s: -0.097,  rev: +12.789
2024/04/15 15:32:36 ID: 241, Data: 9C3C45030D00FC11, Celsius: 60, A: +8.37, rev/s: +0.036,  rev: +12.789
2024/04/15 15:32:36 ID: 241, Data: 9C3B4603FDFFFC11, Celsius: 59, A: +8.38, rev/s: -0.008,  rev: +12.789
2024/04/15 15:32:36 ID: 241, Data: 9C3B4803FEFFFC11, Celsius: 59, A: +8.40, rev/s: -0.006,  rev: +12.789
2024/04/15 15:32:36 ID: 241, Data: 9C3B47030B00FC11, Celsius: 59, A: +8.39, rev/s: +0.031,  rev: +12.789
2024/04/15 15:32:36 ID: 241, Data: 9C3C4703E2FFFC11, Celsius: 60, A: +8.39, rev/s: -0.083,  rev: +12.789
2024/04/15 15:32:36 ID: 241, Data: 9C3B4803F2FFFC11, Celsius: 59, A: +8.40, rev/s: -0.039,  rev: +12.789
2024/04/15 15:32:36 ID: 241, Data: 9C3B4A03F0FFFC11, Celsius: 59, A: +8.42, rev/s: -0.044,  rev: +12.789
2024/04/15 15:32:36 ID: 241, Data: 9C3B4703FCFFFC11, Celsius: 59, A: +8.39, rev/s: -0.011,  rev: +12.789
2024/04/15 15:32:36 ID: 241, Data: 9C3B44030A00FC11, Celsius: 59, A: +8.36, rev/s: +0.028,  rev: +12.789
2024/04/15 15:32:36 ID: 241, Data: 9C3B4703F0FFFC11, Celsius: 59, A: +8.39, rev/s: -0.044,  rev: +12.789
2024/04/15 15:32:37 ID: 241, Data: 9C3B45030200FC11, Celsius: 59, A: +8.37, rev/s: +0.006,  rev: +12.789
2024/04/15 15:32:37 ID: 241, Data: 9C3B4503F1FFFC11, Celsius: 59, A: +8.37, rev/s: -0.042,  rev: +12.789
2024/04/15 15:32:37 ID: 241, Data: 9C3B4403FAFFFC11, Celsius: 59, A: +8.36, rev/s: -0.017,  rev: +12.789
2024/04/15 15:32:37 ID: 241, Data: 9C3B42030000FC11, Celsius: 59, A: +8.34, rev/s: +0.000,  rev: +12.789
2024/04/15 15:32:37 ID: 241, Data: 9C3B4403F4FFFC11, Celsius: 59, A: +8.36, rev/s: -0.033,  rev: +12.789
2024/04/15 15:32:37 ID: 241, Data: 9C3B52030F00FC11, Celsius: 59, A: +8.50, rev/s: +0.042,  rev: +12.789
2024/04/15 15:32:37 ID: 241, Data: 9C3BFA026E000712, Celsius: 59, A: +7.62, rev/s: +0.306,  rev: +12.819
2024/04/15 15:32:37 ID: 241, Data: 9C3BC802AF001912, Celsius: 59, A: +7.12, rev/s: +0.486,  rev: +12.869
2024/04/15 15:32:37 ID: 241, Data: 9C3B8701DF034012, Celsius: 59, A: +3.91, rev/s: +2.753,  rev: +12.978
2024/04/15 15:32:37 ID: 241, Data: 9C3BF90259006E12, Celsius: 59, A: +7.61, rev/s: +0.247,  rev: +13.106
2024/04/15 15:32:38 ID: 241, Data: 9C3B470354007A12, Celsius: 59, A: +8.39, rev/s: +0.233,  rev: +13.139
2024/04/15 15:32:38 ID: 241, Data: 9C3B130311007C12, Celsius: 59, A: +7.87, rev/s: +0.047,  rev: +13.144
2024/04/15 15:32:38 ID: 241, Data: 9C3B1703E0FF7C12, Celsius: 59, A: +7.91, rev/s: -0.089,  rev: +13.144
2024/04/15 15:32:38 ID: 241, Data: 9C3B1903FDFF7C12, Celsius: 59, A: +7.93, rev/s: -0.008,  rev: +13.144
2024/04/15 15:32:38 ID: 241, Data: 9C3B1F03F2FF7C12, Celsius: 59, A: +7.99, rev/s: -0.039,  rev: +13.144
2024/04/15 15:32:38 ID: 241, Data: 9C3B1E03FAFF7C12, Celsius: 59, A: +7.98, rev/s: -0.017,  rev: +13.144
2024/04/15 15:32:38 ID: 241, Data: 9C3B2103F4FF7C12, Celsius: 59, A: +8.01, rev/s: -0.033,  rev: +13.144
2024/04/15 15:32:38 ID: 241, Data: 9C3B23031A007C12, Celsius: 59, A: +8.03, rev/s: +0.072,  rev: +13.144
2024/04/15 15:32:38 ID: 241, Data: 9C3B2503F3FF7C12, Celsius: 59, A: +8.05, rev/s: -0.036,  rev: +13.144
2024/04/15 15:32:39 ID: 241, Data: 9C3B36034E007D12, Celsius: 59, A: +8.22, rev/s: +0.217,  rev: +13.147
2024/04/15 15:32:39 ID: 241, Data: 9C3B2D03CE008212, Celsius: 59, A: +8.13, rev/s: +0.572,  rev: +13.161
2024/04/15 15:32:39 ID: 241, Data: 9C3BE5020B008C12, Celsius: 59, A: +7.41, rev/s: +0.031,  rev: +13.189
2024/04/15 15:32:39 ID: 241, Data: 9C3BD002AC01A012, Celsius: 59, A: +7.20, rev/s: +1.189,  rev: +13.244
2024/04/15 15:32:39 ID: 241, Data: 9C3B10027E02F412, Celsius: 59, A: +5.28, rev/s: +1.772,  rev: +13.478
2024/04/15 15:32:39 ID: 241, Data: 9C3B6C0189044C13, Celsius: 59, A: +3.64, rev/s: +3.225,  rev: +13.722
2024/04/15 15:32:39 ID: 241, Data: 9C3BAE0284017213, Celsius: 59, A: +6.86, rev/s: +1.078,  rev: +13.828
2024/04/15 15:32:39 ID: 241, Data: 9C3B1C0305007813, Celsius: 59, A: +7.96, rev/s: +0.014,  rev: +13.844
2024/04/15 15:32:39 ID: 241, Data: 9C3B290311007913, Celsius: 59, A: +8.09, rev/s: +0.047,  rev: +13.847
2024/04/15 15:32:39 ID: 241, Data: 9C3BFC0279008413, Celsius: 59, A: +7.64, rev/s: +0.336,  rev: +13.878
2024/04/15 15:32:40 ID: 241, Data: 9C3BDF017803C713, Celsius: 59, A: +4.79, rev/s: +2.467,  rev: +14.064
2024/04/15 15:32:40 ID: 241, Data: 9C3CE7FFB0FEDD13, Celsius: 60, A: -0.25, rev/s: -0.933,  rev: +14.125
2024/04/15 15:32:40 ID: 241, Data: 9C3C7F00F5FFB213, Celsius: 60, A: +1.27, rev/s: -0.031,  rev: +14.006
2024/04/15 15:32:40 ID: 241, Data: 9C3C4A00F9FFB413, Celsius: 60, A: +0.74, rev/s: -0.019,  rev: +14.011
2024/04/15 15:32:40 ID: 241, Data: 9C3C08000E00B313, Celsius: 60, A: +0.08, rev/s: +0.039,  rev: +14.008
2024/04/15 15:32:40 ID: 241, Data: 9C3CBDFFFEFFB213, Celsius: 60, A: -0.67, rev/s: -0.006,  rev: +14.006
2024/04/15 15:32:40 ID: 241, Data: 9C3C8A001900AB13, Celsius: 60, A: +1.38, rev/s: +0.069,  rev: +13.986
2024/04/15 15:32:40 ID: 241, Data: 9C3CBE001300AE13, Celsius: 60, A: +1.90, rev/s: +0.053,  rev: +13.994
