2024/04/15 15:33:53 ID: 241, Data: 9C2A430065FFAC13, Celsius: 42, A: +0.67, rev/s: -0.431,  rev: +13.989
2024/04/15 15:33:53 ID: 241, Data: 9C2A890023FF9713, Celsius: 42, A: +1.37, rev/s: -0.614,  rev: +13.931
2024/04/15 15:33:53 ID: 241, Data: 9C2ACA0023FF7E13, Celsius: 42, A: +2.02, rev/s: -0.614,  rev: +13.861
2024/04/15 15:33:53 ID: 241, Data: 9C2A7F00D6FE5F13, Celsius: 42, A: +1.27, rev/s: -0.828,  rev: +13.775
2024/04/15 15:33:53 ID: 241, Data: 9C2AFFFF78FE3D13, Celsius: 42, A: -0.01, rev/s: -1.089,  rev: +13.681
2024/04/15 15:33:53 ID: 241, Data: 9C2A740078FE1013, Celsius: 42, A: +1.16, rev/s: -1.089,  rev: +13.556
2024/04/15 15:33:53 ID: 241, Data: 9C2A4701D3FEE712, Celsius: 42, A: +3.27, rev/s: -0.836,  rev: +13.442
2024/04/15 15:33:53 ID: 241, Data: 9C2AF7FF7CFED112, Celsius: 42, A: -0.09, rev/s: -1.078,  rev: +13.381
2024/04/15 15:33:53 ID: 241, Data: 9C2A4300C7FEA312, Celsius: 42, A: +0.67, rev/s: -0.869,  rev: +13.253
2024/04/15 15:33:54 ID: 241, Data: 9C2A830065FE7912, Celsius: 42, A: +1.31, rev/s: -1.142,  rev: +13.136
2024/04/15 15:33:54 ID: 241, Data: 9C2AD8FF0FFF5E12, Celsius: 42, A: -0.40, rev/s: -0.669,  rev: +13.061
2024/04/15 15:33:54 ID: 241, Data: 9C2A3E00B5FE2F12, Celsius: 42, A: +0.62, rev/s: -0.919,  rev: +12.931
2024/04/15 15:33:54 ID: 241, Data: 9C2A4A0068FE0C12, Celsius: 42, A: +0.74, rev/s: -1.133,  rev: +12.833
2024/04/15 15:33:54 ID: 241, Data: 9C2A240015FFE911, Celsius: 42, A: +0.36, rev/s: -0.653,  rev: +12.736
2024/04/15 15:33:54 ID: 241, Data: 9C2A040028FEC311, Celsius: 42, A: +0.04, rev/s: -1.311,  rev: +12.631
2024/04/15 15:33:54 ID: 241, Data: 9C2A0600D5FE9F11, Celsius: 42, A: +0.06, rev/s: -0.831,  rev: +12.531
2024/04/15 15:33:54 ID: 241, Data: 9C2A0A00CFFE7A11, Celsius: 42, A: +0.10, rev/s: -0.847,  rev: +12.428
2024/04/15 15:33:54 ID: 241, Data: 9C2AF5FF8CFE5511, Celsius: 42, A: -0.11, rev/s: -1.033,  rev: +12.325
2024/04/15 15:33:54 ID: 241, Data: 9C2AE7FFAAFE3011, Celsius: 42, A: -0.25, rev/s: -0.950,  rev: +12.222
2024/04/15 15:33:55 ID: 241, Data: 9C2AFBFF83FE0A11, Celsius: 42, A: -0.05, rev/s: -1.058,  rev: +12.117
2024/04/15 15:33:55 ID: 241, Data: 9C2AF0FFB3FEE510, Celsius: 42, A: -0.16, rev/s: -0.925,  rev: +12.014
2024/04/15 15:33:55 ID: 241, Data: 9C2AE6FFA6FEC110, Celsius: 42, A: -0.26, rev/s: -0.961,  rev: +11.914
2024/04/15 15:33:55 ID: 241, Data: 9C2AF1FFBBFE9B10, Celsius: 42, A: -0.15, rev/s: -0.903,  rev: +11.808
2024/04/15 15:33:55 ID: 241, Data: 9C2AE4FFBFFE7710, Celsius: 42, A: -0.28, rev/s: -0.892,  rev: +11.708
2024/04/15 15:33:55 ID: 241, Data: 9C2AF6FF57FE5110, Celsius: 42, A: -0.10, rev/s: -1.181,  rev: +11.603
2024/04/15 15:33:55 ID: 241, Data: 9C2AE7FFAFFE2D10, Celsius: 42, A: -0.25, rev/s: -0.936,  rev: +11.503
2024/04/15 15:33:55 ID: 241, Data: 9C2AF6FF76FE0810, Celsius: 42, A: -0.10, rev/s: -1.094,  rev: +11.400
2024/04/15 15:33:55 ID: 241, Data: 9C2AECFF87FEE40F, Celsius: 42, A: -0.20, rev/s: -1.047,  rev: +11.300
2024/04/15 15:33:55 ID: 241, Data: 9C2AC3FFD0FEBF0F, Celsius: 42, A: -0.61, rev/s: -0.844,  rev: +11.197
2024/04/15 15:33:56 ID: 241, Data: 9C2AE6FFA0FE990F, Celsius: 42, A: -0.26, rev/s: -0.978,  rev: +11.092
2024/04/15 15:33:56 ID: 241, Data: 9C2AEEFFBDFE740F, Celsius: 42, A: -0.18, rev/s: -0.897,  rev: +10.989
2024/04/15 15:33:56 ID: 241, Data: 9C2ADFFF9FFE4F0F, Celsius: 42, A: -0.33, rev/s: -0.981,  rev: +10.886
2024/04/15 15:33:56 ID: 241, Data: 9C2A87009DFE280F, Celsius: 42, A: +1.35, rev/s: -0.986,  rev: +10.778
2024/04/15 15:33:56 ID: 241, Data: 9C2AC3FFA6FE0E0F, Celsius: 42, A: -0.61, rev/s: -0.961,  rev: +10.706
2024/04/15 15:33:56 ID: 241, Data: 9C2A5100FBFEDE0E, Celsius: 42, A: +0.81, rev/s: -0.725,  rev: +10.572
2024/04/15 15:33:56 ID: 241, Data: 9C2AB0002BFFB90E, Celsius: 42, A: +1.76, rev/s: -0.592,  rev: +10.469
2024/04/15 15:33:56 ID: 241, Data: 9C2A8200A7FE980E, Celsius: 42, A: +1.30, rev/s: -0.958,  rev: +10.378
2024/04/15 15:33:56 ID: 241, Data: 9C2A850022FE720E, Celsius: 42, A: +1.33, rev/s: -1.328,  rev: +10.272
2024/04/15 15:33:57 ID: 241, Data: 9C2AB0002BFE4C0E, Celsius: 42, A: +1.76, rev/s: -1.303,  rev: +10.167
2024/04/15 15:33:57 ID: 241, Data: 9C2ACB0089FF280E, Celsius: 42, A: +2.03, rev/s: -0.331,  rev: +10.067
2024/04/15 15:33:57 ID: 241, Data: 9C2AFCFFE6FD080E, Celsius: 42, A: -0.04, rev/s: -1.494,  rev: +9.978
2024/04/15 15:33:57 ID: 241, Data: 9C2A74008EFEDD0D, Celsius: 42, A: +1.16, rev/s: -1.028,  rev: +9.858
2024/04/15 15:33:57 ID: 241, Data: 9C2AD70091FEB60D, Celsius: 42, A: +2.15, rev/s: -1.019,  rev: +9.750
2024/04/15 15:33:57 ID: 241, Data: 9C2AF2FF46FE9B0D, Celsius: 42, A: -0.14, rev/s: -1.228,  rev: +9.675
2024/04/15 15:33:57 ID: 241, Data: 9C2A1500ADFE6F0D, Celsius: 42, A: +0.21, rev/s: -0.942,  rev: +9.553
2024/04/15 15:33:57 ID: 241, Data: 9C2A8A0073FE460D, Celsius: 42, A: +1.38, rev/s: -1.103,  rev: +9.439
2024/04/15 15:33:57 ID: 241, Data: 9C2AFFFF58FF290D, Celsius: 42, A: -0.01, rev/s: -0.467,  rev: +9.358
2024/04/15 15:33:57 ID: 241, Data: 9C2A1000C4FE000D, Celsius: 42, A: +0.16, rev/s: -0.878,  rev: +9.244
2024/04/15 15:33:58 ID: 241, Data: 9C2A73009EFED80C, Celsius: 42, A: +1.15, rev/s: -0.983,  rev: +9.133
2024/04/15 15:33:58 ID: 241, Data: 9C2A5E0058FFB80C, Celsius: 42, A: +0.94, rev/s: -0.467,  rev: +9.044
2024/04/15 15:33:58 ID: 241, Data: 9C2A1F0004FE920C, Celsius: 42, A: +0.31, rev/s: -1.411,  rev: +8.939
2024/04/15 15:33:58 ID: 241, Data: 9C2A670048FE6B0C, Celsius: 42, A: +1.03, rev/s: -1.222,  rev: +8.831
2024/04/15 15:33:58 ID: 241, Data: 9C2AB000F3FE450C, Celsius: 42, A: +1.76, rev/s: -0.747,  rev: +8.725
2024/04/15 15:33:58 ID: 241, Data: 9C2AFAFF20FE260C, Celsius: 42, A: -0.06, rev/s: -1.333,  rev: +8.639
2024/04/15 15:33:58 ID: 241, Data: 9C2A4E0087FEFD0B, Celsius: 42, A: +0.78, rev/s: -1.047,  rev: +8.525
2024/04/15 15:33:58 ID: 241, Data: 9C2A00017CFED40B, Celsius: 42, A: +2.56, rev/s: -1.078,  rev: +8.411
2024/04/15 15:33:58 ID: 241, Data: 9C2AF7FF8FFEBC0B, Celsius: 42, A: -0.09, rev/s: -1.025,  rev: +8.344
2024/04/15 15:33:58 ID: 241, Data: 9C2A3400BDFE8E0B, Celsius: 42, A: +0.52, rev/s: -0.897,  rev: +8.217
2024/04/15 15:33:59 ID: 241, Data: 9C2AB60058FE660B, Celsius: 42, A: +1.82, rev/s: -1.178,  rev: +8.106
2024/04/15 15:33:59 ID: 241, Data: 9C2A0800B2FE4B0B, Celsius: 42, A: +0.08, rev/s: -0.928,  rev: +8.031
2024/04/15 15:33:59 ID: 241, Data: 9C2A3B0086FE1E0B, Celsius: 42, A: +0.59, rev/s: -1.050,  rev: +7.906
2024/04/15 15:33:59 ID: 241, Data: 9C2A780071FEF80A, Celsius: 42, A: +1.20, rev/s: -1.108,  rev: +7.800
2024/04/15 15:33:59 ID: 241, Data: 9C2A1E00AAFFD90A, Celsius: 42, A: +0.30, rev/s: -0.239,  rev: +7.714
2024/04/15 15:33:59 ID: 241, Data: 9C2A1E0037FEB00A, Celsius: 42, A: +0.30, rev/s: -1.269,  rev: +7.600
2024/04/15 15:33:59 ID: 241, Data: 9C2ABB009EFE870A, Celsius: 42, A: +1.87, rev/s: -0.983,  rev: +7.486
2024/04/15 15:33:59 ID: 241, Data: 9C2A8B0054FF680A, Celsius: 42, A: +1.39, rev/s: -0.478,  rev: +7.400
2024/04/15 15:33:59 ID: 241, Data: 9C2AFEFF1DFE450A, Celsius: 42, A: -0.02, rev/s: -1.342,  rev: +7.303
2024/04/15 15:33:59 ID: 241, Data: 9C2A780065FE1B0A, Celsius: 42, A: +1.20, rev/s: -1.142,  rev: +7.186
2024/04/15 15:34:00 ID: 241, Data: 9C2ACC00D2FEF409, Celsius: 42, A: +2.04, rev/s: -0.839,  rev: +7.078
2024/04/15 15:34:00 ID: 241, Data: 9C2AE8FF73FED909, Celsius: 42, A: -0.24, rev/s: -1.103,  rev: +7.003
2024/04/15 15:34:00 ID: 241, Data: 9C2AA0005FFEAB09, Celsius: 42, A: +1.60, rev/s: -1.158,  rev: +6.875
2024/04/15 15:34:00 ID: 241, Data: 9C2A6201DAFE8309, Celsius: 42, A: +3.54, rev/s: -0.817,  rev: +6.764
2024/04/15 15:34:00 ID: 241, Data: 9C2AEDFF30FE6D09, Celsius: 42, A: -0.19, rev/s: -1.289,  rev: +6.703
2024/04/15 15:34:00 ID: 241, Data: 9C2A8300F8FE3C09, Celsius: 42, A: +1.31, rev/s: -0.733,  rev: +6.567
2024/04/15 15:34:00 ID: 241, Data: 9C2A89006AFE1909, Celsius: 42, A: +1.37, rev/s: -1.128,  rev: +6.469
2024/04/15 15:34:00 ID: 241, Data: 9C2A10007CFFF908, Celsius: 42, A: +0.16, rev/s: -0.367,  rev: +6.381
2024/04/15 15:34:00 ID: 241, Data: 9C2A38006AFECF08, Celsius: 42, A: +0.56, rev/s: -1.128,  rev: +6.264
2024/04/15 15:34:01 ID: 241, Data: 9C2AC200BFFEA708, Celsius: 42, A: +1.94, rev/s: -0.892,  rev: +6.153
2024/04/15 15:34:01 ID: 241, Data: 9C2A3900E9FE8A08, Celsius: 42, A: +0.57, rev/s: -0.775,  rev: +6.072
2024/04/15 15:34:01 ID: 241, Data: 9C2A3100E4FD6108, Celsius: 42, A: +0.49, rev/s: -1.500,  rev: +5.958
2024/04/15 15:34:01 ID: 241, Data: 9C2A7B0089FE3A08, Celsius: 42, A: +1.23, rev/s: -1.042,  rev: +5.850
2024/04/15 15:34:01 ID: 241, Data: 9C2AA0005DFF1608, Celsius: 42, A: +1.60, rev/s: -0.453,  rev: +5.750
2024/04/15 15:34:01 ID: 241, Data: 9C2ADFFF42FEF607, Celsius: 42, A: -0.33, rev/s: -1.239,  rev: +5.661
2024/04/15 15:34:01 ID: 241, Data: 9C2AB60097FEC907, Celsius: 42, A: +1.82, rev/s: -1.003,  rev: +5.536
2024/04/15 15:34:01 ID: 241, Data: 9C2A3701DCFEA407, Celsius: 42, A: +3.11, rev/s: -0.811,  rev: +5.433
2024/04/15 15:34:01 ID: 241, Data: 9C2A2600A7FE8B07, Celsius: 42, A: +0.38, rev/s: -0.958,  rev: +5.364
2024/04/15 15:34:01 ID: 241, Data: 9C2AA0002DFE5B07, Celsius: 42, A: +1.60, rev/s: -1.297,  rev: +5.231
2024/04/15 15:34:02 ID: 241, Data: 9C2A4E0131FE3407, Celsius: 42, A: +3.34, rev/s: -1.286,  rev: +5.122
2024/04/15 15:34:02 ID: 241, Data: 9C2A8F00CEFF2407, Celsius: 42, A: +1.43, rev/s: -0.139,  rev: +5.078
2024/04/15 15:34:02 ID: 241, Data: 9C2A1200ADFF1107, Celsius: 42, A: +0.18, rev/s: -0.231,  rev: +5.025
2024/04/15 15:34:02 ID: 241, Data: 9C2ADAFFF1FF0B07, Celsius: 42, A: -0.38, rev/s: -0.042,  rev: +5.008
2024/04/15 15:34:02 ID: 241, Data: 9C2A2C00F4FF0607, Celsius: 42, A: +0.44, rev/s: -0.033,  rev: +4.994
2024/04/15 15:34:02 ID: 241, Data: 9C2A480015000607, Celsius: 42, A: +0.72, rev/s: +0.058,  rev: +4.994
