2024/04/10 01:25:02 ID: 242, Data: 9C1100000000D1FF
2024/04/10 01:25:02 ID: 242, Data: 9C1100000000D1FF
2024/04/10 01:25:02 ID: 242, Data: 9C1100000000D1FF
2024/04/10 01:25:02 ID: 242, Data: 9C1100000000D1FF
2024/04/10 01:25:03 ID: 242, Data: 9C1100000000D1FF
2024/04/10 01:25:03 ID: 242, Data: 9C1100000000D1FF
2024/04/10 01:25:03 ID: 242, Data: 9C1100000000D1FF
2024/04/10 01:25:03 ID: 242, Data: 9C1100000000D1FF
2024/04/10 01:25:03 ID: 242, Data: 9C1100000000D1FF
2024/04/10 01:25:03 ID: 242, Data: 9C1100000000D1FF
2024/04/10 01:25:03 ID: 242, Data: 9C1100000000D1FF
2024/04/10 01:25:03 ID: 242, Data: 9C1100000000D1FF
2024/04/10 01:25:03 ID: 242, Data: 9C1100000000D1FF
2024/04/10 01:25:03 ID: 242, Data: 9C1100000000D1FF
2024/04/10 01:25:04 ID: 242, Data: 9C1100000000D1FF
2024/04/10 01:25:04 ID: 242, Data: 9C1100000000D1FF
2024/04/10 01:25:04 ID: 242, Data: 9C1100000000D1FF
2024/04/10 01:25:04 ID: 242, Data: 9C1100000000D1FF
2024/04/10 01:25:04 ID: 242, Data: 9C1100000000D1FF
2024/04/10 01:25:04 ID: 242, Data: 9C1100000000D1FF
2024/04/10 01:25:04 ID: 242, Data: 9C1100000000D1FF
2024/04/10 01:25:04 ID: 242, Data: 9C1100000000D1FF
2024/04/10 01:25:04 ID: 242, Data: 9C1100000000D1FF
2024/04/10 01:25:04 ID: 242, Data: 9C1100000000D1FF
2024/04/10 01:25:05 ID: 242, Data: 9C1100000000D1FF
2024/04/10 01:25:05 ID: 242, Data: 9C1100000000D1FF
2024/04/10 01:25:05 ID: 242, Data: 9C1100000000D1FF
2024/04/10 01:25:05 ID: 242, Data: 9C1100000000D1FF
2024/04/10 01:25:05 ID: 242, Data: 9C1100000000D1FF
2024/04/10 01:25:08 ID: 242, Data: 9C1100000000D1FF
2024/04/10 01:25:08 ID: 242, Data: 9C1100000000D1FF
2024/04/10 01:25:08 ID: 242, Data: 9C1100000000D1FF
2024/04/10 01:25:08 ID: 242, Data: 9C1100000000D1FF
2024/04/10 01:25:09 ID: 242, Data: 9C1100000000D1FF
2024/04/10 01:25:09 ID: 242, Data: 9C1100000000D1FF
2024/04/10 01:25:09 ID: 242, Data: 9C1100000000D1FF
2024/04/10 01:25:09 ID: 242, Data: 9C1100000000D1FF
2024/04/10 01:25:09 ID: 242, Data: 9C1100000000D1FF
2024/04/10 01:25:09 ID: 242, Data: 9C1100000000D1FF
2024/04/10 01:25:09 ID: 242, Data: 9C1100000000D1FF
2024/04/10 01:25:09 ID: 242, Data: 9C1100000000D1FF
2024/04/10 01:25:09 ID: 242, Data: 9C1100000000D1FF
2024/04/10 01:25:09 ID: 242, Data: 9C1100000000D1FF
2024/04/10 01:25:10 ID: 242, Data: 9C1100000000D1FF
2024/04/10 01:25:10 ID: 242, Data: 9C1100000000D1FF
2024/04/10 01:25:10 ID: 242, Data: 9C1100000000D1FF
2024/04/10 01:25:10 ID: 242, Data: 9C1100000000D1FF
2024/04/10 01:25:10 ID: 242, Data: 9C1100000000D1FF
2024/04/10 01:25:10 ID: 242, Data: 9C1100000000D1FF
2024/04/10 01:25:10 ID: 242, Data: 9C1100000000D1FF
2024/04/10 01:25:10 ID: 242, Data: 9C1100000000D1FF
2024/04/10 01:25:10 ID: 242, Data: 9C1100000000D1FF
2024/04/10 01:25:10 ID: 242, Data: 9C1100000000D1FF
2024/04/10 01:25:11 ID: 242, Data: 9C1100000000D1FF
2024/04/10 01:25:11 ID: 242, Data: 9C1100000000D1FF
2024/04/10 01:25:11 ID: 242, Data: 9C1100000000D1FF
2024/04/10 01:25:11 ID: 242, Data: 9C1100000000D1FF
2024/04/10 01:25:11 ID: 242, Data: 9C1100000000D1FF
2024/04/10 01:25:11 ID: 242, Data: 9C1100000000D1FF
2024/04/10 01:27:22 ID: 242, Data: 9C1100000000AEFF
2024/04/10 01:27:23 ID: 242, Data: 9C1100000000AEFF
2024/04/10 01:27:23 ID: 242, Data: 9C1100000000AEFF
2024/04/10 01:27:23 ID: 242, Data: 9C1100000000AEFF
2024/04/10 01:27:23 ID: 242, Data: 9C1100000000AEFF
2024/04/10 01:27:23 ID: 242, Data: 9C1100000000AEFF
2024/04/10 01:27:23 ID: 242, Data: 9C1100000000AEFF
2024/04/10 01:27:23 ID: 242, Data: 9C1100000000AEFF
2024/04/10 01:27:23 ID: 242, Data: 9C1100000000AEFF
2024/04/10 01:27:23 ID: 242, Data: 9C1100000000AEFF
2024/04/10 01:27:23 ID: 242, Data: 9C1100000000AEFF
2024/04/10 01:27:24 ID: 242, Data: 9C1100000000AEFF
2024/04/10 01:27:24 ID: 242, Data: 9C1100000000AEFF
2024/04/10 01:27:24 ID: 242, Data: 9C1100000000AEFF
2024/04/10 01:27:24 ID: 242, Data: 9C1100000000AEFF
2024/04/10 01:27:24 ID: 242, Data: 9C1100000000AEFF
2024/04/10 01:27:24 ID: 242, Data: 9C1100000000AEFF
2024/04/10 01:27:24 ID: 242, Data: 9C1100000000AEFF
2024/04/10 01:27:24 ID: 242, Data: 9C1100000000AEFF
2024/04/10 01:27:24 ID: 242, Data: 9C1100000000AEFF
2024/04/10 01:27:24 ID: 242, Data: 9C1100000000AEFF
2024/04/10 01:27:25 ID: 242, Data: 9C1100000000AEFF
2024/04/10 01:27:25 ID: 242, Data: 9C1100000000AEFF
2024/04/10 01:27:25 ID: 242, Data: 9C1100000000AEFF
2024/04/10 01:27:25 ID: 242, Data: 9C1100000000AEFF
2024/04/10 01:27:25 ID: 242, Data: 9C1100000000AEFF
2024/04/10 01:27:25 ID: 242, Data: 9C1100000000AEFF
2024/04/10 01:27:25 ID: 242, Data: 9C1100000000AEFF
2024/04/10 01:27:25 ID: 242, Data: 9C1100000000AEFF
2024/04/10 01:27:25 ID: 242, Data: 9C1100000000AEFF
2024/04/10 01:27:25 ID: 242, Data: 9C1100000000AEFF
2024/04/10 01:27:26 ID: 242, Data: 9C1100000000AEFF
2024/04/10 01:27:26 ID: 242, Data: 9C1100000000AEFF
2024/04/10 01:27:26 ID: 242, Data: 9C1100000000AEFF
2024/04/10 01:27:26 ID: 242, Data: 9C1100000000AEFF
2024/04/10 01:27:26 ID: 242, Data: 9C1100000000AEFF
2024/04/10 01:27:26 ID: 242, Data: 9C1100000000AEFF
2024/04/10 01:27:26 ID: 242, Data: 9C1100000000AEFF
2024/04/10 01:27:26 ID: 242, Data: 9C1100000000AEFF
2024/04/10 01:27:26 ID: 242, Data: 9C1100000000AEFF
2024/04/10 01:27:26 ID: 242, Data: 9C1100000000AEFF
2024/04/10 01:27:27 ID: 242, Data: 9C1100000000AEFF
2024/04/10 01:27:27 ID: 242, Data: 9C1100000000AEFF
2024/04/10 01:27:27 ID: 242, Data: 9C1100000000AEFF
2024/04/10 01:27:27 ID: 242, Data: 9C1100000000AEFF
2024/04/10 01:27:27 ID: 242, Data: 9C1100000000AEFF
2024/04/10 01:27:27 ID: 242, Data: 9C1100000000AEFF
2024/04/10 01:27:27 ID: 242, Data: 9C1100000000AEFF
2024/04/10 01:27:27 ID: 242, Data: 9C1100000000AEFF
2024/04/10 01:27:27 ID: 242, Data: 9C1100000000AEFF
2024/04/10 01:27:27 ID: 242, Data: 9C1100000000AEFF
2024/04/10 01:27:28 ID: 242, Data: 9C1100000000AEFF
2024/04/10 01:27:28 ID: 242, Data: 9C1100000000AEFF
2024/04/10 01:27:28 ID: 242, Data: 9C1100000000AEFF
2024/04/10 01:27:28 ID: 242, Data: 9C1100000000AEFF
2024/04/10 01:27:28 ID: 242, Data: 9C1100000000AEFF
2024/04/10 01:27:28 ID: 242, Data: 9C1100000000AEFF
2024/04/10 01:27:28 ID: 242, Data: 9C1100000000AEFF
2024/04/10 01:27:28 ID: 242, Data: 9C1100000000AEFF
2024/04/10 01:27:29 ID: 242, Data: 9C1100000000EAFF
2024/04/10 01:27:29 ID: 242, Data: 9C1100000000EAFF
2024/04/10 01:27:29 ID: 242, Data: 9C1100000000EAFF
2024/04/10 01:27:29 ID: 242, Data: 9C1100000000EAFF
2024/04/10 01:27:29 ID: 242, Data: 9C1100000000EAFF
2024/04/10 01:27:29 ID: 242, Data: 9C1100000000EAFF
2024/04/10 01:27:30 ID: 242, Data: 9C1100000000EAFF
2024/04/10 01:27:30 ID: 242, Data: 9C1100000000EAFF
2024/04/10 01:27:30 ID: 242, Data: 9C1100000000EAFF
2024/04/10 01:27:30 ID: 242, Data: 9C1100000000EAFF
2024/04/10 01:27:30 ID: 242, Data: 9C1100000000EAFF
2024/04/10 01:27:30 ID: 242, Data: 9C1100000000EAFF
2024/04/10 01:27:30 ID: 242, Data: 9C1100000000EAFF
2024/04/10 01:27:30 ID: 242, Data: 9C1100000000EAFF
2024/04/10 01:27:30 ID: 242, Data: 9C1100000000EAFF
2024/04/10 01:27:30 ID: 242, Data: 9C1100000000EAFF
2024/04/10 01:27:31 ID: 242, Data: 9C1100000000EAFF
2024/04/10 01:27:31 ID: 242, Data: 9C1100000000EAFF
2024/04/10 01:27:31 ID: 242, Data: 9C1100000000EAFF
2024/04/10 01:27:31 ID: 242, Data: 9C1100000000EAFF
2024/04/10 01:27:31 ID: 242, Data: 9C1100000000EAFF
2024/04/10 01:27:31 ID: 242, Data: 9C1100000000EAFF
2024/04/10 01:27:31 ID: 242, Data: 9C1100000000EAFF
2024/04/10 01:27:31 ID: 242, Data: 9C1100000000EAFF
2024/04/10 01:27:31 ID: 242, Data: 9C1100000000EAFF
2024/04/10 01:27:31 ID: 242, Data: 9C11F7FFADFFE6FF
2024/04/10 01:27:32 ID: 242, Data: 9C11F9FF5AFFD9FF
2024/04/10 01:27:32 ID: 242, Data: 9C11F9FF4EFFC7FF
2024/04/10 01:27:32 ID: 242, Data: 9C11F8FF4DFFB5FF
2024/04/10 01:27:32 ID: 242, Data: 9C11FAFF48FFA3FF
2024/04/10 01:27:32 ID: 242, Data: 9C11FCFF4FFF91FF
2024/04/10 01:27:32 ID: 242, Data: 9C11FCFF4EFF7FFF
2024/04/10 01:27:32 ID: 242, Data: 9C11F9FF51FF6DFF
2024/04/10 01:27:32 ID: 242, Data: 9C11FAFF4BFF5BFF
2024/04/10 01:27:32 ID: 242, Data: 9C11F9FF49FF49FF
2024/04/10 01:27:32 ID: 242, Data: 9C11FDFF4AFF37FF
2024/04/10 01:27:33 ID: 242, Data: 9C11FBFF4FFF25FF
2024/04/10 01:27:33 ID: 242, Data: 9C11FAFF4FFF13FF
2024/04/10 01:27:33 ID: 242, Data: 9C11F8FF4DFF01FF
2024/04/10 01:27:33 ID: 242, Data: 9C11FAFF48FFEFFE
2024/04/10 01:27:33 ID: 242, Data: 9C11FCFF4DFFDDFE
2024/04/10 01:27:33 ID: 242, Data: 9C11FCFF4FFFCBFE
2024/04/10 01:27:33 ID: 242, Data: 9C11F8FF50FFB9FE
2024/04/10 01:27:33 ID: 242, Data: 9C11FCFF61FFA7FE
2024/04/10 01:27:33 ID: 242, Data: 9C11FBFFB9FF9CFE
2024/04/10 01:27:33 ID: 242, Data: 9C11FEFF000098FE
2024/04/10 01:27:34 ID: 242, Data: 9C110000000098FE
2024/04/10 01:27:34 ID: 242, Data: 9C110000000098FE
2024/04/10 01:27:34 ID: 242, Data: 9C110100000099FE
2024/04/10 01:27:34 ID: 242, Data: 9C110100000099FE
2024/04/10 01:27:34 ID: 242, Data: 9C110100000099FE
2024/04/10 01:27:34 ID: 242, Data: 9C110200000099FE
2024/04/10 01:27:34 ID: 242, Data: 9C110100000099FE
2024/04/10 01:27:34 ID: 242, Data: 9C110100000099FE
2024/04/10 01:27:34 ID: 242, Data: 9C110200000099FE
2024/04/10 01:27:34 ID: 242, Data: 9C110100000099FE
2024/04/10 01:27:35 ID: 242, Data: 9C110000000099FE
2024/04/10 01:27:35 ID: 242, Data: 9C110000000099FE
2024/04/10 01:27:35 ID: 242, Data: 9C110000000099FE
2024/04/10 01:27:35 ID: 242, Data: 9C110000000099FE
2024/04/10 01:27:35 ID: 242, Data: 9C110000000099FE
2024/04/10 01:27:35 ID: 242, Data: 9C110000000099FE
2024/04/10 01:27:35 ID: 242, Data: 9C110000000099FE
2024/04/10 01:27:35 ID: 242, Data: 9C110000000099FE
