2024/04/15 15:11:54 ID: 241, Data: 9C27A20053000A07, Celsius: 39, A: +1.62, rev/s: +0.231,  rev: +5.006
2024/04/15 15:11:55 ID: 241, Data: 9C2725010A001507, Celsius: 39, A: +2.93, rev/s: +0.028,  rev: +5.036
2024/04/15 15:11:55 ID: 241, Data: 9C27C6012C001D07, Celsius: 39, A: +4.54, rev/s: +0.122,  rev: +5.058
2024/04/15 15:11:55 ID: 241, Data: 9C27A60270002707, Celsius: 39, A: +6.78, rev/s: +0.311,  rev: +5.086
2024/04/15 15:11:55 ID: 241, Data: 9C27ED02EF003207, Celsius: 39, A: +7.49, rev/s: +0.664,  rev: +5.117
2024/04/15 15:11:55 ID: 241, Data: 9C26600308003607, Celsius: 38, A: +8.64, rev/s: +0.022,  rev: +5.128
2024/04/15 15:11:55 ID: 241, Data: 9C276203EBFF3607, Celsius: 39, A: +8.66, rev/s: -0.058,  rev: +5.128
2024/04/15 15:11:55 ID: 241, Data: 9C275F0302003607, Celsius: 39, A: +8.63, rev/s: +0.006,  rev: +5.128
2024/04/15 15:11:55 ID: 241, Data: 9C276103EEFF3607, Celsius: 39, A: +8.65, rev/s: -0.050,  rev: +5.128
2024/04/15 15:11:55 ID: 241, Data: 9C27600304003707, Celsius: 39, A: +8.64, rev/s: +0.011,  rev: +5.131
2024/04/15 15:11:55 ID: 241, Data: 9C276003E3FF3707, Celsius: 39, A: +8.64, rev/s: -0.081,  rev: +5.131
2024/04/15 15:11:56 ID: 241, Data: 9C275F0303003707, Celsius: 39, A: +8.63, rev/s: +0.008,  rev: +5.131
2024/04/15 15:11:56 ID: 241, Data: 9C275D0303003707, Celsius: 39, A: +8.61, rev/s: +0.008,  rev: +5.131
2024/04/15 15:11:56 ID: 241, Data: 9C285C030A003707, Celsius: 40, A: +8.60, rev/s: +0.028,  rev: +5.131
2024/04/15 15:11:56 ID: 241, Data: 9C285B03F0FF3707, Celsius: 40, A: +8.59, rev/s: -0.044,  rev: +5.131
2024/04/15 15:11:56 ID: 241, Data: 9C285C0323003707, Celsius: 40, A: +8.60, rev/s: +0.097,  rev: +5.131
2024/04/15 15:11:56 ID: 241, Data: 9C285B0311003707, Celsius: 40, A: +8.59, rev/s: +0.047,  rev: +5.131
2024/04/15 15:11:56 ID: 241, Data: 9C295803F5FF3707, Celsius: 41, A: +8.56, rev/s: -0.031,  rev: +5.131
2024/04/15 15:11:56 ID: 241, Data: 9C2957030D003707, Celsius: 41, A: +8.55, rev/s: +0.036,  rev: +5.131
2024/04/15 15:11:56 ID: 241, Data: 9C295803F9FF3707, Celsius: 41, A: +8.56, rev/s: -0.019,  rev: +5.131
2024/04/15 15:11:56 ID: 241, Data: 9C295503FEFF3707, Celsius: 41, A: +8.53, rev/s: -0.006,  rev: +5.131
2024/04/15 15:11:57 ID: 241, Data: 9C2A5503FCFF3707, Celsius: 42, A: +8.53, rev/s: -0.011,  rev: +5.131
2024/04/15 15:11:57 ID: 241, Data: 9C2A5403F1FF3707, Celsius: 42, A: +8.52, rev/s: -0.042,  rev: +5.131
2024/04/15 15:11:57 ID: 241, Data: 9C2A530314003707, Celsius: 42, A: +8.51, rev/s: +0.056,  rev: +5.131
2024/04/15 15:11:57 ID: 241, Data: 9C2B5303FCFF3707, Celsius: 43, A: +8.51, rev/s: -0.011,  rev: +5.131
2024/04/15 15:11:57 ID: 241, Data: 9C2B5303D4FF3707, Celsius: 43, A: +8.51, rev/s: -0.122,  rev: +5.131
2024/04/15 15:11:57 ID: 241, Data: 9C2B510300003707, Celsius: 43, A: +8.49, rev/s: +0.000,  rev: +5.131
2024/04/15 15:11:57 ID: 241, Data: 9C2C4F03E6FF3707, Celsius: 44, A: +8.47, rev/s: -0.072,  rev: +5.131
2024/04/15 15:11:57 ID: 241, Data: 9C2C4E0313003707, Celsius: 44, A: +8.46, rev/s: +0.053,  rev: +5.131
2024/04/15 15:11:57 ID: 241, Data: 9C2C4E03FBFF3707, Celsius: 44, A: +8.46, rev/s: -0.014,  rev: +5.131
2024/04/15 15:11:57 ID: 241, Data: 9C2C4C0308003707, Celsius: 44, A: +8.44, rev/s: +0.022,  rev: +5.131
2024/04/15 15:11:58 ID: 241, Data: 9C2D4B03F1FF3707, Celsius: 45, A: +8.43, rev/s: -0.042,  rev: +5.131
2024/04/15 15:11:58 ID: 241, Data: 9C2D4A03FEFF3707, Celsius: 45, A: +8.42, rev/s: -0.006,  rev: +5.131
2024/04/15 15:11:58 ID: 241, Data: 9C2D4A03FBFF3707, Celsius: 45, A: +8.42, rev/s: -0.014,  rev: +5.131
2024/04/15 15:11:58 ID: 241, Data: 9C2E4903FBFF3707, Celsius: 46, A: +8.41, rev/s: -0.014,  rev: +5.131
2024/04/15 15:11:58 ID: 241, Data: 9C2E4703E4FF3707, Celsius: 46, A: +8.39, rev/s: -0.078,  rev: +5.131
2024/04/15 15:11:58 ID: 241, Data: 9C2E460309003707, Celsius: 46, A: +8.38, rev/s: +0.025,  rev: +5.131
2024/04/15 15:11:58 ID: 241, Data: 9C2F450310003707, Celsius: 47, A: +8.37, rev/s: +0.044,  rev: +5.131
2024/04/15 15:11:58 ID: 241, Data: 9C2F4603F0FF3707, Celsius: 47, A: +8.38, rev/s: -0.044,  rev: +5.131
2024/04/15 15:11:58 ID: 241, Data: 9C2F4603E5FF3707, Celsius: 47, A: +8.38, rev/s: -0.075,  rev: +5.131
2024/04/15 15:11:59 ID: 241, Data: 9C2F440309003707, Celsius: 47, A: +8.36, rev/s: +0.025,  rev: +5.131
2024/04/15 15:11:59 ID: 241, Data: 9C304403F7FF3707, Celsius: 48, A: +8.36, rev/s: -0.025,  rev: +5.131
2024/04/15 15:11:59 ID: 241, Data: 9C304103F2FF3707, Celsius: 48, A: +8.33, rev/s: -0.039,  rev: +5.131
2024/04/15 15:11:59 ID: 241, Data: 9C3041030B003707, Celsius: 48, A: +8.33, rev/s: +0.031,  rev: +5.131
2024/04/15 15:11:59 ID: 241, Data: 9C303F0309003707, Celsius: 48, A: +8.31, rev/s: +0.025,  rev: +5.131
2024/04/15 15:11:59 ID: 241, Data: 9C314103ECFF3707, Celsius: 49, A: +8.33, rev/s: -0.056,  rev: +5.131
2024/04/15 15:11:59 ID: 241, Data: 9C313F03F2FF3707, Celsius: 49, A: +8.31, rev/s: -0.039,  rev: +5.131
2024/04/15 15:11:59 ID: 241, Data: 9C313F03F5FF3707, Celsius: 49, A: +8.31, rev/s: -0.031,  rev: +5.131
2024/04/15 15:11:59 ID: 241, Data: 9C323D03FDFF3707, Celsius: 50, A: +8.29, rev/s: -0.008,  rev: +5.131
2024/04/15 15:11:59 ID: 241, Data: 9C323B03F9FF3707, Celsius: 50, A: +8.27, rev/s: -0.019,  rev: +5.131
2024/04/15 15:12:00 ID: 241, Data: 9C323C0309003707, Celsius: 50, A: +8.28, rev/s: +0.025,  rev: +5.131
2024/04/15 15:12:00 ID: 241, Data: 9C323D0306003707, Celsius: 50, A: +8.29, rev/s: +0.017,  rev: +5.131
2024/04/15 15:12:00 ID: 241, Data: 9C333A0311003707, Celsius: 51, A: +8.26, rev/s: +0.047,  rev: +5.131
2024/04/15 15:12:00 ID: 241, Data: 9C3338031D003707, Celsius: 51, A: +8.24, rev/s: +0.081,  rev: +5.131
2024/04/15 15:12:00 ID: 241, Data: 9C33390301003707, Celsius: 51, A: +8.25, rev/s: +0.003,  rev: +5.131
2024/04/15 15:12:00 ID: 241, Data: 9C34380314003707, Celsius: 52, A: +8.24, rev/s: +0.056,  rev: +5.131
2024/04/15 15:12:00 ID: 241, Data: 9C343703F7FF3707, Celsius: 52, A: +8.23, rev/s: -0.025,  rev: +5.131
2024/04/15 15:12:00 ID: 241, Data: 9C34360305003707, Celsius: 52, A: +8.22, rev/s: +0.014,  rev: +5.131
2024/04/15 15:12:00 ID: 241, Data: 9C34360300003707, Celsius: 52, A: +8.22, rev/s: +0.000,  rev: +5.131
2024/04/15 15:12:00 ID: 241, Data: 9C35360300003707, Celsius: 53, A: +8.22, rev/s: +0.000,  rev: +5.131
2024/04/15 15:12:01 ID: 241, Data: 9C3535030D003707, Celsius: 53, A: +8.21, rev/s: +0.036,  rev: +5.131
2024/04/15 15:12:01 ID: 241, Data: 9C35330309003707, Celsius: 53, A: +8.19, rev/s: +0.025,  rev: +5.131
2024/04/15 15:12:01 ID: 241, Data: 9C353503F8FF3707, Celsius: 53, A: +8.21, rev/s: -0.022,  rev: +5.131
2024/04/15 15:12:01 ID: 241, Data: 9C363203F6FF3707, Celsius: 54, A: +8.18, rev/s: -0.028,  rev: +5.131
2024/04/15 15:12:01 ID: 241, Data: 9C3631030C003707, Celsius: 54, A: +8.17, rev/s: +0.033,  rev: +5.131
2024/04/15 15:12:01 ID: 241, Data: 9C363103F9FF3707, Celsius: 54, A: +8.17, rev/s: -0.019,  rev: +5.131
2024/04/15 15:12:01 ID: 241, Data: 9C363103DCFF3707, Celsius: 54, A: +8.17, rev/s: -0.100,  rev: +5.131
2024/04/15 15:12:01 ID: 241, Data: 9C373003FCFF3707, Celsius: 55, A: +8.16, rev/s: -0.011,  rev: +5.131
2024/04/15 15:12:01 ID: 241, Data: 9C373003DEFF3707, Celsius: 55, A: +8.16, rev/s: -0.094,  rev: +5.131
2024/04/15 15:12:01 ID: 241, Data: 9C372F0300003707, Celsius: 55, A: +8.15, rev/s: +0.000,  rev: +5.131
2024/04/15 15:12:02 ID: 241, Data: 9C383003F5FF3707, Celsius: 56, A: +8.16, rev/s: -0.031,  rev: +5.131
2024/04/15 15:12:02 ID: 241, Data: 9C382D030F003707, Celsius: 56, A: +8.13, rev/s: +0.042,  rev: +5.131
2024/04/15 15:12:02 ID: 241, Data: 9C382D03F3FF3707, Celsius: 56, A: +8.13, rev/s: -0.036,  rev: +5.131
2024/04/15 15:12:02 ID: 241, Data: 9C382A0300003707, Celsius: 56, A: +8.10, rev/s: +0.000,  rev: +5.131
2024/04/15 15:12:02 ID: 241, Data: 9C382C031C003707, Celsius: 56, A: +8.12, rev/s: +0.078,  rev: +5.131
2024/04/15 15:12:02 ID: 241, Data: 9C392C0301003707, Celsius: 57, A: +8.12, rev/s: +0.003,  rev: +5.131
2024/04/15 15:12:02 ID: 241, Data: 9C392C03F2FF3707, Celsius: 57, A: +8.12, rev/s: -0.039,  rev: +5.131
2024/04/15 15:12:02 ID: 241, Data: 9C392A030E003707, Celsius: 57, A: +8.10, rev/s: +0.039,  rev: +5.131
2024/04/15 15:12:02 ID: 241, Data: 9C3929030F003707, Celsius: 57, A: +8.09, rev/s: +0.042,  rev: +5.131
2024/04/15 15:12:03 ID: 241, Data: 9C3A2B03DCFF3707, Celsius: 58, A: +8.11, rev/s: -0.100,  rev: +5.131
2024/04/15 15:12:03 ID: 241, Data: 9C3A270312003707, Celsius: 58, A: +8.07, rev/s: +0.050,  rev: +5.131
2024/04/15 15:12:03 ID: 241, Data: 9C3A29030A003707, Celsius: 58, A: +8.09, rev/s: +0.028,  rev: +5.131
2024/04/15 15:12:03 ID: 241, Data: 9C3A25030C003707, Celsius: 58, A: +8.05, rev/s: +0.033,  rev: +5.131
2024/04/15 15:12:03 ID: 241, Data: 9C3B270302003707, Celsius: 59, A: +8.07, rev/s: +0.006,  rev: +5.131
2024/04/15 15:12:03 ID: 241, Data: 9C3B2503EAFF3707, Celsius: 59, A: +8.05, rev/s: -0.061,  rev: +5.131
2024/04/15 15:12:03 ID: 241, Data: 9C3B2603F4FF3707, Celsius: 59, A: +8.06, rev/s: -0.033,  rev: +5.131
2024/04/15 15:12:03 ID: 241, Data: 9C3B25031A003707, Celsius: 59, A: +8.05, rev/s: +0.072,  rev: +5.131
2024/04/15 15:12:03 ID: 241, Data: 9C3B2503FAFF3707, Celsius: 59, A: +8.05, rev/s: -0.017,  rev: +5.131
2024/04/15 15:12:03 ID: 241, Data: 9C3B240301003707, Celsius: 59, A: +8.04, rev/s: +0.003,  rev: +5.131
2024/04/15 15:12:04 ID: 241, Data: 9C3C220300003707, Celsius: 60, A: +8.02, rev/s: +0.000,  rev: +5.131
2024/04/15 15:12:04 ID: 241, Data: 9C3C220306003707, Celsius: 60, A: +8.02, rev/s: +0.017,  rev: +5.131
2024/04/15 15:12:04 ID: 241, Data: 9C3C2203F1FF3707, Celsius: 60, A: +8.02, rev/s: -0.042,  rev: +5.131
2024/04/15 15:12:04 ID: 241, Data: 9C3C210319003707, Celsius: 60, A: +8.01, rev/s: +0.069,  rev: +5.131
2024/04/15 15:12:04 ID: 241, Data: 9C3D2003FEFF3707, Celsius: 61, A: +8.00, rev/s: -0.006,  rev: +5.131
2024/04/15 15:12:04 ID: 241, Data: 9C3D1F03F3FF3707, Celsius: 61, A: +7.99, rev/s: -0.036,  rev: +5.131
2024/04/15 15:12:04 ID: 241, Data: 9C3D2003F7FF3707, Celsius: 61, A: +8.00, rev/s: -0.025,  rev: +5.131
2024/04/15 15:12:04 ID: 241, Data: 9C3D200303003707, Celsius: 61, A: +8.00, rev/s: +0.008,  rev: +5.131
2024/04/15 15:12:04 ID: 241, Data: 9C3D2003FAFF3707, Celsius: 61, A: +8.00, rev/s: -0.017,  rev: +5.131
2024/04/15 15:12:04 ID: 241, Data: 9C3E1F0320003707, Celsius: 62, A: +7.99, rev/s: +0.089,  rev: +5.131
2024/04/15 15:12:05 ID: 241, Data: 9C3E1E030A003707, Celsius: 62, A: +7.98, rev/s: +0.028,  rev: +5.131
2024/04/15 15:12:05 ID: 241, Data: 9C3E1D03F5FF3707, Celsius: 62, A: +7.97, rev/s: -0.031,  rev: +5.131
2024/04/15 15:12:05 ID: 241, Data: 9C3E1F03FFFF3707, Celsius: 62, A: +7.99, rev/s: -0.003,  rev: +5.131
2024/04/15 15:12:05 ID: 241, Data: 9C3E1B0303003707, Celsius: 62, A: +7.95, rev/s: +0.008,  rev: +5.131
2024/04/15 15:12:05 ID: 241, Data: 9C3E1C03E0FF3707, Celsius: 62, A: +7.96, rev/s: -0.089,  rev: +5.131
2024/04/15 15:12:05 ID: 241, Data: 9C3F1B0307003707, Celsius: 63, A: +7.95, rev/s: +0.019,  rev: +5.131
2024/04/15 15:12:05 ID: 241, Data: 9C3F1C03F7FF3707, Celsius: 63, A: +7.96, rev/s: -0.025,  rev: +5.131
2024/04/15 15:12:05 ID: 241, Data: 9C3F1B03F1FF3707, Celsius: 63, A: +7.95, rev/s: -0.042,  rev: +5.131
2024/04/15 15:12:05 ID: 241, Data: 9C3F180300003707, Celsius: 63, A: +7.92, rev/s: +0.000,  rev: +5.131
2024/04/15 15:12:06 ID: 241, Data: 9C3F1A031B003707, Celsius: 63, A: +7.94, rev/s: +0.075,  rev: +5.131
2024/04/15 15:12:06 ID: 241, Data: 9C3F1A03FFFF3707, Celsius: 63, A: +7.94, rev/s: -0.003,  rev: +5.131
2024/04/15 15:12:06 ID: 241, Data: 9C401A03EBFF3707, Celsius: 64, A: +7.94, rev/s: -0.058,  rev: +5.131
2024/04/15 15:12:06 ID: 241, Data: 9C40180316003707, Celsius: 64, A: +7.92, rev/s: +0.061,  rev: +5.131
2024/04/15 15:12:06 ID: 241, Data: 9C40170300003707, Celsius: 64, A: +7.91, rev/s: +0.000,  rev: +5.131
2024/04/15 15:12:06 ID: 241, Data: 9C401703F8FF3707, Celsius: 64, A: +7.91, rev/s: -0.022,  rev: +5.131
2024/04/15 15:12:06 ID: 241, Data: 9C40170301003707, Celsius: 64, A: +7.91, rev/s: +0.003,  rev: +5.131
2024/04/15 15:12:06 ID: 241, Data: 9C401703F2FF3707, Celsius: 64, A: +7.91, rev/s: -0.039,  rev: +5.131
2024/04/15 15:12:06 ID: 241, Data: 9C41140304003707, Celsius: 65, A: +7.88, rev/s: +0.011,  rev: +5.131
2024/04/15 15:12:06 ID: 241, Data: 9C41150305003707, Celsius: 65, A: +7.89, rev/s: +0.014,  rev: +5.131
2024/04/15 15:12:07 ID: 241, Data: 9C4115030D003707, Celsius: 65, A: +7.89, rev/s: +0.036,  rev: +5.131
2024/04/15 15:12:07 ID: 241, Data: 9C41140300003707, Celsius: 65, A: +7.88, rev/s: +0.000,  rev: +5.131
2024/04/15 15:12:07 ID: 241, Data: 9C4214030C003707, Celsius: 66, A: +7.88, rev/s: +0.033,  rev: +5.131
2024/04/15 15:12:07 ID: 241, Data: 9C42110314003707, Celsius: 66, A: +7.85, rev/s: +0.056,  rev: +5.131
2024/04/15 15:12:07 ID: 241, Data: 9C42130304003707, Celsius: 66, A: +7.87, rev/s: +0.011,  rev: +5.131
2024/04/15 15:12:07 ID: 241, Data: 9C42120306003707, Celsius: 66, A: +7.86, rev/s: +0.017,  rev: +5.131
2024/04/15 15:12:07 ID: 241, Data: 9C421303FDFF3707, Celsius: 66, A: +7.87, rev/s: -0.008,  rev: +5.131
2024/04/15 15:12:07 ID: 241, Data: 9C421203F7FF3707, Celsius: 66, A: +7.86, rev/s: -0.025,  rev: +5.131
2024/04/15 15:12:07 ID: 241, Data: 9C421303FBFF3707, Celsius: 66, A: +7.87, rev/s: -0.014,  rev: +5.131
2024/04/15 15:12:07 ID: 241, Data: 9C43110320003707, Celsius: 67, A: +7.85, rev/s: +0.089,  rev: +5.131
2024/04/15 15:12:08 ID: 241, Data: 9C431103FBFF3707, Celsius: 67, A: +7.85, rev/s: -0.014,  rev: +5.131
2024/04/15 15:12:08 ID: 241, Data: 9C43100315003707, Celsius: 67, A: +7.84, rev/s: +0.058,  rev: +5.131
2024/04/15 15:12:08 ID: 241, Data: 9C431003EDFF3707, Celsius: 67, A: +7.84, rev/s: -0.053,  rev: +5.131
2024/04/15 15:12:08 ID: 241, Data: 9C430F0314003707, Celsius: 67, A: +7.83, rev/s: +0.056,  rev: +5.131
2024/04/15 15:12:08 ID: 241, Data: 9C440F03EEFF3707, Celsius: 68, A: +7.83, rev/s: -0.050,  rev: +5.131
2024/04/15 15:12:08 ID: 241, Data: 9C430F03E7FF3707, Celsius: 67, A: +7.83, rev/s: -0.069,  rev: +5.131
2024/04/15 15:12:08 ID: 241, Data: 9C441103E4FF3707, Celsius: 68, A: +7.85, rev/s: -0.078,  rev: +5.131
2024/04/15 15:12:08 ID: 241, Data: 9C440E0306003707, Celsius: 68, A: +7.82, rev/s: +0.017,  rev: +5.131
2024/04/15 15:12:08 ID: 241, Data: 9C440D03F3FF3707, Celsius: 68, A: +7.81, rev/s: -0.036,  rev: +5.131
2024/04/15 15:12:08 ID: 241, Data: 9C440D03FEFF3707, Celsius: 68, A: +7.81, rev/s: -0.006,  rev: +5.131
2024/04/15 15:12:09 ID: 241, Data: 9C440E03EDFF3707, Celsius: 68, A: +7.82, rev/s: -0.053,  rev: +5.131
2024/04/15 15:12:09 ID: 241, Data: 9C440C031B003707, Celsius: 68, A: +7.80, rev/s: +0.075,  rev: +5.131
2024/04/15 15:12:09 ID: 241, Data: 9C440D03FEFF3707, Celsius: 68, A: +7.81, rev/s: -0.006,  rev: +5.131
2024/04/15 15:12:09 ID: 241, Data: 9C450D03ECFF3707, Celsius: 69, A: +7.81, rev/s: -0.056,  rev: +5.131
2024/04/15 15:12:09 ID: 241, Data: 9C450B030E003707, Celsius: 69, A: +7.79, rev/s: +0.039,  rev: +5.131
2024/04/15 15:12:09 ID: 241, Data: 9C450B03FCFF3707, Celsius: 69, A: +7.79, rev/s: -0.011,  rev: +5.131
2024/04/15 15:12:09 ID: 241, Data: 9C450A03ECFF3707, Celsius: 69, A: +7.78, rev/s: -0.056,  rev: +5.131
2024/04/15 15:12:09 ID: 241, Data: 9C450A030D003707, Celsius: 69, A: +7.78, rev/s: +0.036,  rev: +5.131
2024/04/15 15:12:09 ID: 241, Data: 9C460A03EDFF3707, Celsius: 70, A: +7.78, rev/s: -0.053,  rev: +5.131
2024/04/15 15:12:10 ID: 241, Data: 9C4509031D003707, Celsius: 69, A: +7.77, rev/s: +0.081,  rev: +5.131
2024/04/15 15:12:10 ID: 241, Data: 9C450B03E8FF3707, Celsius: 69, A: +7.79, rev/s: -0.067,  rev: +5.131
2024/04/15 15:12:10 ID: 241, Data: 9C46090314003707, Celsius: 70, A: +7.77, rev/s: +0.056,  rev: +5.131
2024/04/15 15:12:10 ID: 241, Data: 9C450803F7FF3707, Celsius: 69, A: +7.76, rev/s: -0.025,  rev: +5.131
2024/04/15 15:12:10 ID: 241, Data: 9C460803F6FF3707, Celsius: 70, A: +7.76, rev/s: -0.028,  rev: +5.131
2024/04/15 15:12:10 ID: 241, Data: 9C460703F8FF3707, Celsius: 70, A: +7.75, rev/s: -0.022,  rev: +5.131
2024/04/15 15:12:10 ID: 241, Data: 9C46090300003707, Celsius: 70, A: +7.77, rev/s: +0.000,  rev: +5.131
2024/04/15 15:12:10 ID: 241, Data: 9C46060300003707, Celsius: 70, A: +7.74, rev/s: +0.000,  rev: +5.131
2024/04/15 15:12:10 ID: 241, Data: 9C47070302003707, Celsius: 71, A: +7.75, rev/s: +0.006,  rev: +5.131
2024/04/15 15:12:10 ID: 241, Data: 9C470803EDFF3707, Celsius: 71, A: +7.76, rev/s: -0.053,  rev: +5.131
2024/04/15 15:12:11 ID: 241, Data: 9C47070300003707, Celsius: 71, A: +7.75, rev/s: +0.000,  rev: +5.131
2024/04/15 15:12:11 ID: 241, Data: 9C470603EFFF3707, Celsius: 71, A: +7.74, rev/s: -0.047,  rev: +5.131
2024/04/15 15:12:11 ID: 241, Data: 9C47040302003707, Celsius: 71, A: +7.72, rev/s: +0.006,  rev: +5.131
2024/04/15 15:12:11 ID: 241, Data: 9C470703FDFF3707, Celsius: 71, A: +7.75, rev/s: -0.008,  rev: +5.131
2024/04/15 15:12:11 ID: 241, Data: 9C47040318003707, Celsius: 71, A: +7.72, rev/s: +0.067,  rev: +5.131
2024/04/15 15:12:11 ID: 241, Data: 9C48060308003707, Celsius: 72, A: +7.74, rev/s: +0.022,  rev: +5.131
2024/04/15 15:12:11 ID: 241, Data: 9C4803030C003707, Celsius: 72, A: +7.71, rev/s: +0.033,  rev: +5.131
2024/04/15 15:12:11 ID: 241, Data: 9C48040303003707, Celsius: 72, A: +7.72, rev/s: +0.008,  rev: +5.131
2024/04/15 15:12:11 ID: 241, Data: 9C4804030D003707, Celsius: 72, A: +7.72, rev/s: +0.036,  rev: +5.131
2024/04/15 15:12:11 ID: 241, Data: 9C480303F3FF3707, Celsius: 72, A: +7.71, rev/s: -0.036,  rev: +5.131
2024/04/15 15:12:12 ID: 241, Data: 9C48010312003707, Celsius: 72, A: +7.69, rev/s: +0.050,  rev: +5.131
2024/04/15 15:12:12 ID: 241, Data: 9C490203FBFF3707, Celsius: 73, A: +7.70, rev/s: -0.014,  rev: +5.131
2024/04/15 15:12:12 ID: 241, Data: 9C48020314003707, Celsius: 72, A: +7.70, rev/s: +0.056,  rev: +5.131
2024/04/15 15:12:12 ID: 241, Data: 9C49070337004407, Celsius: 73, A: +7.75, rev/s: +0.153,  rev: +5.167
2024/04/15 15:12:12 ID: 241, Data: 9C49D902E9005207, Celsius: 73, A: +7.29, rev/s: +0.647,  rev: +5.206
2024/04/15 15:12:12 ID: 241, Data: 9C49460202029E07, Celsius: 73, A: +5.82, rev/s: +1.428,  rev: +5.417
2024/04/15 15:12:12 ID: 241, Data: 9C490E030500B707, Celsius: 73, A: +7.82, rev/s: +0.014,  rev: +5.486
2024/04/15 15:12:12 ID: 241, Data: 9C490503F9FFB707, Celsius: 73, A: +7.73, rev/s: -0.019,  rev: +5.486
2024/04/15 15:12:12 ID: 241, Data: 9C4903030F00B707, Celsius: 73, A: +7.71, rev/s: +0.042,  rev: +5.486
2024/04/15 15:12:12 ID: 241, Data: 9C4903030000B707, Celsius: 73, A: +7.71, rev/s: +0.000,  rev: +5.486
2024/04/15 15:12:13 ID: 241, Data: 9C490303FFFFB707, Celsius: 73, A: +7.71, rev/s: -0.003,  rev: +5.486
2024/04/15 15:12:13 ID: 241, Data: 9C490403FDFFB707, Celsius: 73, A: +7.72, rev/s: -0.008,  rev: +5.486
2024/04/15 15:12:13 ID: 241, Data: 9C4A0303EFFFB707, Celsius: 74, A: +7.71, rev/s: -0.047,  rev: +5.486
2024/04/15 15:12:13 ID: 241, Data: 9C4A0103E9FFB707, Celsius: 74, A: +7.69, rev/s: -0.064,  rev: +5.486
2024/04/15 15:12:13 ID: 241, Data: 9C4902031000B707, Celsius: 73, A: +7.70, rev/s: +0.044,  rev: +5.486
2024/04/15 15:12:13 ID: 241, Data: 9C4A0203F4FFB707, Celsius: 74, A: +7.70, rev/s: -0.033,  rev: +5.486
2024/04/15 15:12:13 ID: 241, Data: 9C4A01030200B707, Celsius: 74, A: +7.69, rev/s: +0.006,  rev: +5.486
2024/04/15 15:12:13 ID: 241, Data: 9C4A02030400B707, Celsius: 74, A: +7.70, rev/s: +0.011,  rev: +5.486
2024/04/15 15:12:13 ID: 241, Data: 9C4A0203FCFFB707, Celsius: 74, A: +7.70, rev/s: -0.011,  rev: +5.486
2024/04/15 15:12:14 ID: 241, Data: 9C4B0F035F00B907, Celsius: 75, A: +7.83, rev/s: +0.264,  rev: +5.492
2024/04/15 15:12:14 ID: 241, Data: 9C4BC9026B01C807, Celsius: 75, A: +7.13, rev/s: +1.008,  rev: +5.533
2024/04/15 15:12:14 ID: 241, Data: 9C4BC1012E032308, Celsius: 75, A: +4.49, rev/s: +2.261,  rev: +5.786
2024/04/15 15:12:14 ID: 241, Data: 9C4B6B019B045E08, Celsius: 75, A: +3.63, rev/s: +3.275,  rev: +5.950
2024/04/15 15:12:14 ID: 241, Data: 9C4BC702E000A708, Celsius: 75, A: +7.11, rev/s: +0.622,  rev: +6.153
2024/04/15 15:12:14 ID: 241, Data: 9C4BE4025500B508, Celsius: 75, A: +7.40, rev/s: +0.236,  rev: +6.192
2024/04/15 15:12:14 ID: 241, Data: 9C4CA0012204D908, Celsius: 76, A: +4.16, rev/s: +2.939,  rev: +6.292
2024/04/15 15:12:14 ID: 241, Data: 9C4BB50274012509, Celsius: 75, A: +6.93, rev/s: +1.033,  rev: +6.503
2024/04/15 15:12:14 ID: 241, Data: 9C4CFF005F055909, Celsius: 76, A: +2.55, rev/s: +3.819,  rev: +6.647
2024/04/15 15:12:14 ID: 241, Data: 9C4BCF02C3009709, Celsius: 75, A: +7.19, rev/s: +0.542,  rev: +6.819
2024/04/15 15:12:15 ID: 241, Data: 9C4B1F0302009E09, Celsius: 75, A: +7.99, rev/s: +0.006,  rev: +6.839
2024/04/15 15:12:15 ID: 241, Data: 9C4B06030B009F09, Celsius: 75, A: +7.74, rev/s: +0.031,  rev: +6.842
2024/04/15 15:12:15 ID: 241, Data: 9C4CFE0202009F09, Celsius: 76, A: +7.66, rev/s: +0.006,  rev: +6.842
2024/04/15 15:12:15 ID: 241, Data: 9C4CFD02FAFFA009, Celsius: 76, A: +7.65, rev/s: -0.017,  rev: +6.844
2024/04/15 15:12:15 ID: 241, Data: 9C4CFD02F8FFA009, Celsius: 76, A: +7.65, rev/s: -0.022,  rev: +6.844
2024/04/15 15:12:15 ID: 241, Data: 9C4CFC020300A009, Celsius: 76, A: +7.64, rev/s: +0.008,  rev: +6.844
2024/04/15 15:12:15 ID: 241, Data: 9C4CFC02F3FFA009, Celsius: 76, A: +7.64, rev/s: -0.036,  rev: +6.844
2024/04/15 15:12:15 ID: 241, Data: 9C4CFC02F7FFA009, Celsius: 76, A: +7.64, rev/s: -0.025,  rev: +6.844
2024/04/15 15:12:15 ID: 241, Data: 9C4CFD020400A009, Celsius: 76, A: +7.65, rev/s: +0.011,  rev: +6.844
2024/04/15 15:12:15 ID: 241, Data: 9C4CFC021200A009, Celsius: 76, A: +7.64, rev/s: +0.050,  rev: +6.844
2024/04/15 15:12:16 ID: 241, Data: 9C4CFD020300A009, Celsius: 76, A: +7.65, rev/s: +0.008,  rev: +6.844
2024/04/15 15:12:16 ID: 241, Data: 9C4CFD021400A009, Celsius: 76, A: +7.65, rev/s: +0.056,  rev: +6.844
2024/04/15 15:12:16 ID: 241, Data: 9C4DFE020000A009, Celsius: 77, A: +7.66, rev/s: +0.000,  rev: +6.844
2024/04/15 15:12:16 ID: 241, Data: 9C4D1503FEFFA309, Celsius: 77, A: +7.89, rev/s: -0.006,  rev: +6.853
2024/04/15 15:12:16 ID: 241, Data: 9C4D9C003306DD09, Celsius: 77, A: +1.56, rev/s: +4.408,  rev: +7.014
2024/04/15 15:12:16 ID: 241, Data: 9C4D0502A502250A, Celsius: 77, A: +5.17, rev/s: +1.881,  rev: +7.214
2024/04/15 15:12:16 ID: 241, Data: 9C4DBF027101770A, Celsius: 77, A: +7.03, rev/s: +1.025,  rev: +7.442
2024/04/15 15:12:16 ID: 241, Data: 9C4DBC028801A00A, Celsius: 77, A: +7.00, rev/s: +1.089,  rev: +7.556
2024/04/15 15:12:16 ID: 241, Data: 9C4D3B027302F80A, Celsius: 77, A: +5.71, rev/s: +1.742,  rev: +7.800
2024/04/15 15:12:16 ID: 241, Data: 9C4DC8013D03620B, Celsius: 77, A: +4.56, rev/s: +2.303,  rev: +8.094
2024/04/15 15:12:17 ID: 241, Data: 9C4E61025D02930B, Celsius: 78, A: +6.09, rev/s: +1.681,  rev: +8.231
2024/04/15 15:12:17 ID: 241, Data: 9C4DCB024401E60B, Celsius: 77, A: +7.15, rev/s: +0.900,  rev: +8.461
2024/04/15 15:12:17 ID: 241, Data: 9C4D0B038100F90B, Celsius: 77, A: +7.79, rev/s: +0.358,  rev: +8.514
2024/04/15 15:12:17 ID: 241, Data: 9C4C1E03FEFFFD0B, Celsius: 76, A: +7.98, rev/s: -0.006,  rev: +8.525
2024/04/15 15:12:17 ID: 241, Data: 9C4D34030100FD0B, Celsius: 77, A: +8.20, rev/s: +0.003,  rev: +8.525
2024/04/15 15:12:17 ID: 241, Data: 9C4D41030100FE0B, Celsius: 77, A: +8.33, rev/s: +0.003,  rev: +8.528
2024/04/15 15:12:17 ID: 241, Data: 9C4D73032500FF0B, Celsius: 77, A: +8.83, rev/s: +0.103,  rev: +8.531
2024/04/15 15:12:17 ID: 241, Data: 9C4D41030800FF0B, Celsius: 77, A: +8.33, rev/s: +0.022,  rev: +8.531
2024/04/15 15:12:17 ID: 241, Data: 9C4D3C03FEFFFF0B, Celsius: 77, A: +8.28, rev/s: -0.006,  rev: +8.531
2024/04/15 15:12:18 ID: 241, Data: 9C4EE2026000050C, Celsius: 78, A: +7.38, rev/s: +0.267,  rev: +8.547
2024/04/15 15:12:18 ID: 241, Data: 9C4E9F02F601500C, Celsius: 78, A: +6.71, rev/s: +1.394,  rev: +8.756
2024/04/15 15:12:18 ID: 241, Data: 9C4D80024202870C, Celsius: 77, A: +6.40, rev/s: +1.606,  rev: +8.908
2024/04/15 15:12:18 ID: 241, Data: 9C4E99020801D60C, Celsius: 78, A: +6.65, rev/s: +0.733,  rev: +9.128
2024/04/15 15:12:18 ID: 241, Data: 9C4EE002BD00ED0C, Celsius: 78, A: +7.36, rev/s: +0.525,  rev: +9.192
2024/04/15 15:12:18 ID: 241, Data: 9C4E31022C032F0D, Celsius: 78, A: +5.61, rev/s: +2.256,  rev: +9.375
2024/04/15 15:12:18 ID: 241, Data: 9C4DEC0260004B0D, Celsius: 77, A: +7.48, rev/s: +0.267,  rev: +9.453
2024/04/15 15:12:18 ID: 241, Data: 9C4E340308004C0D, Celsius: 78, A: +8.20, rev/s: +0.022,  rev: +9.456
2024/04/15 15:12:18 ID: 241, Data: 9C4D350315004C0D, Celsius: 77, A: +8.21, rev/s: +0.058,  rev: +9.456
2024/04/15 15:12:18 ID: 241, Data: 9C4D380305004C0D, Celsius: 77, A: +8.24, rev/s: +0.014,  rev: +9.456
2024/04/15 15:12:19 ID: 241, Data: 9C4D3B0305004C0D, Celsius: 77, A: +8.27, rev/s: +0.014,  rev: +9.456
2024/04/15 15:12:19 ID: 241, Data: 9C4E3803FEFF4C0D, Celsius: 78, A: +8.24, rev/s: -0.006,  rev: +9.456
2024/04/15 15:12:19 ID: 241, Data: 9C4D3A030A004C0D, Celsius: 77, A: +8.26, rev/s: +0.028,  rev: +9.456
2024/04/15 15:12:19 ID: 241, Data: 9C4D3903FDFF4C0D, Celsius: 77, A: +8.25, rev/s: -0.008,  rev: +9.456
2024/04/15 15:12:19 ID: 241, Data: 9C4D3B03E5FF4C0D, Celsius: 77, A: +8.27, rev/s: -0.075,  rev: +9.456
2024/04/15 15:12:19 ID: 241, Data: 9C4D3803EDFF4C0D, Celsius: 77, A: +8.24, rev/s: -0.053,  rev: +9.456
2024/04/15 15:12:19 ID: 241, Data: 9C4D3A0314004C0D, Celsius: 77, A: +8.26, rev/s: +0.056,  rev: +9.456
2024/04/15 15:12:19 ID: 241, Data: 9C4D400301004C0D, Celsius: 77, A: +8.32, rev/s: +0.003,  rev: +9.456
2024/04/15 15:12:19 ID: 241, Data: 9C4DCF020301570D, Celsius: 77, A: +7.19, rev/s: +0.719,  rev: +9.486
2024/04/15 15:12:19 ID: 241, Data: 9C4E000142058F0D, Celsius: 78, A: +2.56, rev/s: +3.739,  rev: +9.642
2024/04/15 15:12:20 ID: 241, Data: 9C4D32023602DD0D, Celsius: 77, A: +5.62, rev/s: +1.572,  rev: +9.858
2024/04/15 15:12:20 ID: 241, Data: 9C4DC002DE01340E, Celsius: 77, A: +7.04, rev/s: +1.328,  rev: +10.100
2024/04/15 15:12:20 ID: 241, Data: 9C4DF8022D004F0E, Celsius: 77, A: +7.60, rev/s: +0.125,  rev: +10.175
2024/04/15 15:12:20 ID: 241, Data: 9C4D3D032D00570E, Celsius: 77, A: +8.29, rev/s: +0.125,  rev: +10.197
2024/04/15 15:12:20 ID: 241, Data: 9C4D0E030F00570E, Celsius: 77, A: +7.82, rev/s: +0.042,  rev: +10.197
2024/04/15 15:12:20 ID: 241, Data: 9C4D0C03F3FF570E, Celsius: 77, A: +7.80, rev/s: -0.036,  rev: +10.197
2024/04/15 15:12:20 ID: 241, Data: 9C4D09030400570E, Celsius: 77, A: +7.77, rev/s: +0.011,  rev: +10.197
2024/04/15 15:12:20 ID: 241, Data: 9C4D8A025201660E, Celsius: 77, A: +6.50, rev/s: +0.939,  rev: +10.239
2024/04/15 15:12:20 ID: 241, Data: 9C4DB1029F01B60E, Celsius: 77, A: +6.89, rev/s: +1.153,  rev: +10.461
2024/04/15 15:12:20 ID: 241, Data: 9C4E2A026202E30E, Celsius: 78, A: +5.54, rev/s: +1.694,  rev: +10.586
2024/04/15 15:12:21 ID: 241, Data: 9C4DBE026301250F, Celsius: 77, A: +7.02, rev/s: +0.986,  rev: +10.769
2024/04/15 15:12:21 ID: 241, Data: 9C4D04030A00330F, Celsius: 77, A: +7.72, rev/s: +0.028,  rev: +10.808
2024/04/15 15:12:21 ID: 241, Data: 9C4D0503F4FF330F, Celsius: 77, A: +7.73, rev/s: -0.033,  rev: +10.808
2024/04/15 15:12:21 ID: 241, Data: 9C4D06030C00330F, Celsius: 77, A: +7.74, rev/s: +0.033,  rev: +10.808
2024/04/15 15:12:21 ID: 241, Data: 9C4D06030100330F, Celsius: 77, A: +7.74, rev/s: +0.003,  rev: +10.808
2024/04/15 15:12:21 ID: 241, Data: 9C4E05030500330F, Celsius: 78, A: +7.73, rev/s: +0.014,  rev: +10.808
2024/04/15 15:12:21 ID: 241, Data: 9C4D0603E5FF330F, Celsius: 77, A: +7.74, rev/s: -0.075,  rev: +10.808
2024/04/15 15:12:21 ID: 241, Data: 9C4E07030000330F, Celsius: 78, A: +7.75, rev/s: +0.000,  rev: +10.808
2024/04/15 15:12:21 ID: 241, Data: 9C4E0603FDFF330F, Celsius: 78, A: +7.74, rev/s: -0.008,  rev: +10.808
2024/04/15 15:12:22 ID: 241, Data: 9C4E0803FEFF330F, Celsius: 78, A: +7.76, rev/s: -0.006,  rev: +10.808
2024/04/15 15:12:22 ID: 241, Data: 9C4E06030200330F, Celsius: 78, A: +7.74, rev/s: +0.006,  rev: +10.808
2024/04/15 15:12:22 ID: 241, Data: 9C4E0503EAFF330F, Celsius: 78, A: +7.73, rev/s: -0.061,  rev: +10.808
2024/04/15 15:12:22 ID: 241, Data: 9C4E05030F00330F, Celsius: 78, A: +7.73, rev/s: +0.042,  rev: +10.808
2024/04/15 15:12:22 ID: 241, Data: 9C4E06030700330F, Celsius: 78, A: +7.74, rev/s: +0.019,  rev: +10.808
2024/04/15 15:12:22 ID: 241, Data: 9C4E06030600330F, Celsius: 78, A: +7.74, rev/s: +0.017,  rev: +10.808
2024/04/15 15:12:22 ID: 241, Data: 9C4E05031E00340F, Celsius: 78, A: +7.73, rev/s: +0.083,  rev: +10.811
2024/04/15 15:12:22 ID: 241, Data: 9C4E05030500330F, Celsius: 78, A: +7.73, rev/s: +0.014,  rev: +10.808
2024/04/15 15:12:22 ID: 241, Data: 9C4E0503EAFF330F, Celsius: 78, A: +7.73, rev/s: -0.061,  rev: +10.808
2024/04/15 15:12:22 ID: 241, Data: 9C4E0503F9FF330F, Celsius: 78, A: +7.73, rev/s: -0.019,  rev: +10.808
2024/04/15 15:12:23 ID: 241, Data: 9C4E04031600340F, Celsius: 78, A: +7.72, rev/s: +0.061,  rev: +10.811
2024/04/15 15:12:23 ID: 241, Data: 9C4E06031200340F, Celsius: 78, A: +7.74, rev/s: +0.050,  rev: +10.811
2024/04/15 15:12:23 ID: 241, Data: 9C4E0503F6FF330F, Celsius: 78, A: +7.73, rev/s: -0.028,  rev: +10.808
2024/04/15 15:12:23 ID: 241, Data: 9C4E0503FEFF340F, Celsius: 78, A: +7.73, rev/s: -0.006,  rev: +10.811
2024/04/15 15:12:23 ID: 241, Data: 9C4E04030800340F, Celsius: 78, A: +7.72, rev/s: +0.022,  rev: +10.811
2024/04/15 15:12:23 ID: 241, Data: 9C4F0403FBFF330F, Celsius: 79, A: +7.72, rev/s: -0.014,  rev: +10.808
2024/04/15 15:12:23 ID: 241, Data: 9C4F02030600340F, Celsius: 79, A: +7.70, rev/s: +0.017,  rev: +10.811
2024/04/15 15:12:23 ID: 241, Data: 9C4F04031600340F, Celsius: 79, A: +7.72, rev/s: +0.061,  rev: +10.811
2024/04/15 15:12:23 ID: 241, Data: 9C4F03030100340F, Celsius: 79, A: +7.71, rev/s: +0.003,  rev: +10.811
2024/04/15 15:12:23 ID: 241, Data: 9C4F0403F3FF340F, Celsius: 79, A: +7.72, rev/s: -0.036,  rev: +10.811
2024/04/15 15:12:24 ID: 241, Data: 9C4F03030300340F, Celsius: 79, A: +7.71, rev/s: +0.008,  rev: +10.811
2024/04/15 15:12:24 ID: 241, Data: 9C4F03030B00340F, Celsius: 79, A: +7.71, rev/s: +0.031,  rev: +10.811
2024/04/15 15:12:24 ID: 241, Data: 9C4F0403E0FF330F, Celsius: 79, A: +7.72, rev/s: -0.089,  rev: +10.808
2024/04/15 15:12:24 ID: 241, Data: 9C4F03030500340F, Celsius: 79, A: +7.71, rev/s: +0.014,  rev: +10.811
2024/04/15 15:12:24 ID: 241, Data: 9C4F0203F0FF340F, Celsius: 79, A: +7.70, rev/s: -0.044,  rev: +10.811
2024/04/15 15:12:24 ID: 241, Data: 9C4F0203FDFF340F, Celsius: 79, A: +7.70, rev/s: -0.008,  rev: +10.811
2024/04/15 15:12:24 ID: 241, Data: 9C4F02030800340F, Celsius: 79, A: +7.70, rev/s: +0.022,  rev: +10.811
2024/04/15 15:12:24 ID: 241, Data: 9C4F0303EFFF340F, Celsius: 79, A: +7.71, rev/s: -0.047,  rev: +10.811
2024/04/15 15:12:24 ID: 241, Data: 9C4F01030A00340F, Celsius: 79, A: +7.69, rev/s: +0.028,  rev: +10.811
2024/04/15 15:12:24 ID: 241, Data: 9C4F0303FAFF340F, Celsius: 79, A: +7.71, rev/s: -0.017,  rev: +10.811
2024/04/15 15:12:25 ID: 241, Data: 9C5005030D00340F, Celsius: 80, A: +7.73, rev/s: +0.036,  rev: +10.811
2024/04/15 15:12:25 ID: 241, Data: 9C50DB0245003C0F, Celsius: 80, A: +7.31, rev/s: +0.192,  rev: +10.833
2024/04/15 15:12:25 ID: 241, Data: 9C50240233025B0F, Celsius: 80, A: +5.48, rev/s: +1.564,  rev: +10.919
2024/04/15 15:12:25 ID: 241, Data: 9C50B502CF009F0F, Celsius: 80, A: +6.93, rev/s: +0.575,  rev: +11.108
2024/04/15 15:12:25 ID: 241, Data: 9C503002F802D10F, Celsius: 80, A: +5.60, rev/s: +2.111,  rev: +11.247
2024/04/15 15:12:25 ID: 241, Data: 9C50B002BA012110, Celsius: 80, A: +6.88, rev/s: +1.228,  rev: +11.469
2024/04/15 15:12:25 ID: 241, Data: 9C50EC0114037E10, Celsius: 80, A: +4.92, rev/s: +2.189,  rev: +11.728
2024/04/15 15:12:25 ID: 241, Data: 9C50E00216008D10, Celsius: 80, A: +7.36, rev/s: +0.061,  rev: +11.769
2024/04/15 15:12:25 ID: 241, Data: 9C50EA02D6FF8E10, Celsius: 80, A: +7.46, rev/s: -0.117,  rev: +11.772
2024/04/15 15:12:26 ID: 241, Data: 9C50E90217008E10, Celsius: 80, A: +7.45, rev/s: +0.064,  rev: +11.772
2024/04/15 15:12:26 ID: 241, Data: 9C50ED0218008F10, Celsius: 80, A: +7.49, rev/s: +0.067,  rev: +11.775
2024/04/15 15:12:26 ID: 241, Data: 9C4F300328009410, Celsius: 79, A: +8.16, rev/s: +0.111,  rev: +11.789
2024/04/15 15:12:26 ID: 241, Data: 9C51CB024C01A610, Celsius: 81, A: +7.15, rev/s: +0.922,  rev: +11.839
2024/04/15 15:12:26 ID: 241, Data: 9C500702B3020311, Celsius: 80, A: +5.19, rev/s: +1.919,  rev: +12.097
2024/04/15 15:12:26 ID: 241, Data: 9C51B000FB055D11, Celsius: 81, A: +1.76, rev/s: +4.253,  rev: +12.347
2024/04/15 15:12:26 ID: 241, Data: 9C50C8011403A511, Celsius: 80, A: +4.56, rev/s: +2.189,  rev: +12.547
2024/04/15 15:12:26 ID: 241, Data: 9C5013025C020812, Celsius: 80, A: +5.31, rev/s: +1.678,  rev: +12.822
2024/04/15 15:12:26 ID: 241, Data: 9C50530278026B12, Celsius: 80, A: +5.95, rev/s: +1.756,  rev: +13.097
2024/04/15 15:12:26 ID: 241, Data: 9C50160395008F12, Celsius: 80, A: +7.90, rev/s: +0.414,  rev: +13.197
2024/04/15 15:12:27 ID: 241, Data: 9C50E70269009E12, Celsius: 80, A: +7.43, rev/s: +0.292,  rev: +13.239
2024/04/15 15:12:27 ID: 241, Data: 9C504E021E02E612, Celsius: 80, A: +5.90, rev/s: +1.506,  rev: +13.439
2024/04/15 15:12:27 ID: 241, Data: 9C50C10266000C13, Celsius: 80, A: +7.05, rev/s: +0.283,  rev: +13.544
2024/04/15 15:12:27 ID: 241, Data: 9C519B0221025013, Celsius: 81, A: +6.67, rev/s: +1.514,  rev: +13.733
2024/04/15 15:12:27 ID: 241, Data: 9C503C036D006D13, Celsius: 80, A: +8.28, rev/s: +0.303,  rev: +13.814
2024/04/15 15:12:27 ID: 241, Data: 9C50E8021E007313, Celsius: 80, A: +7.44, rev/s: +0.083,  rev: +13.831
2024/04/15 15:12:27 ID: 241, Data: 9C51C40273007813, Celsius: 81, A: +7.08, rev/s: +0.319,  rev: +13.844
2024/04/15 15:12:27 ID: 241, Data: 9C5012012C05A513, Celsius: 80, A: +2.74, rev/s: +3.678,  rev: +13.969
2024/04/15 15:12:27 ID: 241, Data: 9C5160011C00E113, Celsius: 81, A: +3.52, rev/s: +0.078,  rev: +14.136
2024/04/15 15:12:27 ID: 241, Data: 9C50FAFF2DFFBF13, Celsius: 80, A: -0.06, rev/s: -0.586,  rev: +14.042
2024/04/15 15:12:28 ID: 241, Data: 9C51F5FF84FFB513, Celsius: 81, A: -0.11, rev/s: -0.344,  rev: +14.014
