2024/04/15 15:13:24 ID: 241, Data: 9C31030095FFAB13, Celsius: 49, A: +0.03, rev/s: -0.297,  rev: +13.986
2024/04/15 15:13:24 ID: 241, Data: 9C318000CCFF9A13, Celsius: 49, A: +1.28, rev/s: -0.144,  rev: +13.939
2024/04/15 15:13:24 ID: 241, Data: 9C31D500A1FF9013, Celsius: 49, A: +2.13, rev/s: -0.264,  rev: +13.911
2024/04/15 15:13:24 ID: 241, Data: 9C31DF00BAFF8913, Celsius: 49, A: +2.23, rev/s: -0.194,  rev: +13.892
2024/04/15 15:13:24 ID: 241, Data: 9C3102014BFF7E13, Celsius: 49, A: +2.58, rev/s: -0.503,  rev: +13.861
2024/04/15 15:13:24 ID: 241, Data: 9C3141019BFF7113, Celsius: 49, A: +3.21, rev/s: -0.281,  rev: +13.825
2024/04/15 15:13:24 ID: 241, Data: 9C31AE00D5FF6C13, Celsius: 49, A: +1.74, rev/s: -0.119,  rev: +13.811
2024/04/15 15:13:24 ID: 241, Data: 9C3194003DFF5E13, Celsius: 49, A: +1.48, rev/s: -0.542,  rev: +13.772
2024/04/15 15:13:25 ID: 241, Data: 9C31180091FF5613, Celsius: 49, A: +0.24, rev/s: -0.308,  rev: +13.750
2024/04/15 15:13:25 ID: 241, Data: 9C319CFF00004A13, Celsius: 49, A: -1.00, rev/s: +0.000,  rev: +13.717
2024/04/15 15:13:25 ID: 241, Data: 9C31DCFFFCFE3A13, Celsius: 49, A: -0.36, rev/s: -0.722,  rev: +13.672
2024/04/15 15:13:25 ID: 241, Data: 9C31D3FF5DFF3113, Celsius: 49, A: -0.45, rev/s: -0.453,  rev: +13.647
2024/04/15 15:13:25 ID: 241, Data: 9C316800AAFF2113, Celsius: 49, A: +1.04, rev/s: -0.239,  rev: +13.603
2024/04/15 15:13:25 ID: 241, Data: 9C318200CEFF1913, Celsius: 49, A: +1.30, rev/s: -0.139,  rev: +13.581
2024/04/15 15:13:25 ID: 241, Data: 9C31600087FF1013, Celsius: 49, A: +0.96, rev/s: -0.336,  rev: +13.556
2024/04/15 15:13:25 ID: 241, Data: 9C319500B1FF0213, Celsius: 49, A: +1.49, rev/s: -0.219,  rev: +13.517
2024/04/15 15:13:25 ID: 241, Data: 9C314B00D5FFFB12, Celsius: 49, A: +0.75, rev/s: -0.119,  rev: +13.497
2024/04/15 15:13:25 ID: 241, Data: 9C31280065FFEF12, Celsius: 49, A: +0.40, rev/s: -0.431,  rev: +13.464
2024/04/15 15:13:26 ID: 241, Data: 9C311200D4FFE412, Celsius: 49, A: +0.18, rev/s: -0.122,  rev: +13.433
2024/04/15 15:13:26 ID: 241, Data: 9C31DBFFA4FFD912, Celsius: 49, A: -0.37, rev/s: -0.256,  rev: +13.403
2024/04/15 15:13:26 ID: 241, Data: 9C31D3FF43FFCD12, Celsius: 49, A: -0.45, rev/s: -0.525,  rev: +13.369
2024/04/15 15:13:26 ID: 241, Data: 9C31DFFFC6FFBF12, Celsius: 49, A: -0.33, rev/s: -0.161,  rev: +13.331
2024/04/15 15:13:26 ID: 241, Data: 9C31E5FF85FFB612, Celsius: 49, A: -0.27, rev/s: -0.342,  rev: +13.306
2024/04/15 15:13:26 ID: 241, Data: 9C31090036FFA912, Celsius: 49, A: +0.09, rev/s: -0.561,  rev: +13.269
2024/04/15 15:13:26 ID: 241, Data: 9C3102009BFFA012, Celsius: 49, A: +0.02, rev/s: -0.281,  rev: +13.244
2024/04/15 15:13:26 ID: 241, Data: 9C31DBFFB1FF9712, Celsius: 49, A: -0.37, rev/s: -0.219,  rev: +13.219
2024/04/15 15:13:26 ID: 241, Data: 9C31FBFFF3FE8A12, Celsius: 49, A: -0.05, rev/s: -0.747,  rev: +13.183
2024/04/15 15:13:26 ID: 241, Data: 9C31DFFFCBFF7E12, Celsius: 49, A: -0.33, rev/s: -0.147,  rev: +13.150
2024/04/15 15:13:27 ID: 241, Data: 9C31FBFF4CFF7412, Celsius: 49, A: -0.05, rev/s: -0.500,  rev: +13.122
2024/04/15 15:13:27 ID: 241, Data: 9C31E2FF93FF6812, Celsius: 49, A: -0.30, rev/s: -0.303,  rev: +13.089
2024/04/15 15:13:27 ID: 241, Data: 9C31CFFFBCFF5F12, Celsius: 49, A: -0.49, rev/s: -0.189,  rev: +13.064
2024/04/15 15:13:27 ID: 241, Data: 9C31F2FF8DFF5212, Celsius: 49, A: -0.14, rev/s: -0.319,  rev: +13.028
2024/04/15 15:13:27 ID: 241, Data: 9C31E2FFE2FF4712, Celsius: 49, A: -0.30, rev/s: -0.083,  rev: +12.997
2024/04/15 15:13:27 ID: 241, Data: 9C31F7FF74FF3D12, Celsius: 49, A: -0.09, rev/s: -0.389,  rev: +12.969
2024/04/15 15:13:27 ID: 241, Data: 9C31FEFF7FFF3112, Celsius: 49, A: -0.02, rev/s: -0.358,  rev: +12.936
2024/04/15 15:13:27 ID: 241, Data: 9C31EAFFC7FF2612, Celsius: 49, A: -0.22, rev/s: -0.158,  rev: +12.906
2024/04/15 15:13:27 ID: 241, Data: 9C31F3FF76FF1C12, Celsius: 49, A: -0.13, rev/s: -0.383,  rev: +12.878
2024/04/15 15:13:28 ID: 241, Data: 9C31F4FF9FFF1112, Celsius: 49, A: -0.12, rev/s: -0.269,  rev: +12.847
2024/04/15 15:13:28 ID: 241, Data: 9C31320045FF0412, Celsius: 49, A: +0.50, rev/s: -0.519,  rev: +12.811
2024/04/15 15:13:28 ID: 241, Data: 9C318D000B00F811, Celsius: 49, A: +1.41, rev/s: +0.031,  rev: +12.778
2024/04/15 15:13:28 ID: 241, Data: 9C311E0078FFF211, Celsius: 49, A: +0.30, rev/s: -0.378,  rev: +12.761
2024/04/15 15:13:28 ID: 241, Data: 9C31F7FF85FFE611, Celsius: 49, A: -0.09, rev/s: -0.342,  rev: +12.728
2024/04/15 15:13:28 ID: 241, Data: 9C31C2FFD4FFDA11, Celsius: 49, A: -0.62, rev/s: -0.122,  rev: +12.694
2024/04/15 15:13:28 ID: 241, Data: 9C31ADFF90FFD011, Celsius: 49, A: -0.83, rev/s: -0.311,  rev: +12.667
2024/04/15 15:13:28 ID: 241, Data: 9C31A3FFAAFFC311, Celsius: 49, A: -0.93, rev/s: -0.239,  rev: +12.631
2024/04/15 15:13:28 ID: 241, Data: 9C31C0FFE7FFB811, Celsius: 49, A: -0.64, rev/s: -0.069,  rev: +12.600
2024/04/15 15:13:28 ID: 241, Data: 9C31FCFF73FFAC11, Celsius: 49, A: -0.04, rev/s: -0.392,  rev: +12.567
2024/04/15 15:13:29 ID: 241, Data: 9C31F4FFE8FFA011, Celsius: 49, A: -0.12, rev/s: -0.067,  rev: +12.533
2024/04/15 15:13:29 ID: 241, Data: 9C31EAFFD3FF9711, Celsius: 49, A: -0.22, rev/s: -0.125,  rev: +12.508
2024/04/15 15:13:29 ID: 241, Data: 9C3103004FFF8B11, Celsius: 49, A: +0.03, rev/s: -0.492,  rev: +12.475
2024/04/15 15:13:29 ID: 241, Data: 9C31FEFF85FF8011, Celsius: 49, A: -0.02, rev/s: -0.342,  rev: +12.444
2024/04/15 15:13:29 ID: 241, Data: 9C31CFFFBAFF7711, Celsius: 49, A: -0.49, rev/s: -0.194,  rev: +12.419
2024/04/15 15:13:29 ID: 241, Data: 9C31F3FF6CFF6B11, Celsius: 49, A: -0.13, rev/s: -0.411,  rev: +12.386
2024/04/15 15:13:29 ID: 241, Data: 9C31DEFFC3FF6011, Celsius: 49, A: -0.34, rev/s: -0.169,  rev: +12.356
2024/04/15 15:13:29 ID: 241, Data: 9C31BDFF65FF5611, Celsius: 49, A: -0.67, rev/s: -0.431,  rev: +12.328
2024/04/15 15:13:29 ID: 241, Data: 9C31B5FFF5FE4811, Celsius: 49, A: -0.75, rev/s: -0.742,  rev: +12.289
2024/04/15 15:13:29 ID: 241, Data: 9C31E5FF35FF3E11, Celsius: 49, A: -0.27, rev/s: -0.564,  rev: +12.261
2024/04/15 15:13:30 ID: 241, Data: 9C31F6FFBEFF3111, Celsius: 49, A: -0.10, rev/s: -0.183,  rev: +12.225
2024/04/15 15:13:30 ID: 241, Data: 9C31D5FFEDFF2911, Celsius: 49, A: -0.43, rev/s: -0.053,  rev: +12.203
2024/04/15 15:13:30 ID: 241, Data: 9C31230053FF1C11, Celsius: 49, A: +0.35, rev/s: -0.481,  rev: +12.167
2024/04/15 15:13:30 ID: 241, Data: 9C311E00A6FF1111, Celsius: 49, A: +0.30, rev/s: -0.250,  rev: +12.136
2024/04/15 15:13:30 ID: 241, Data: 9C310900D0FF0811, Celsius: 49, A: +0.09, rev/s: -0.133,  rev: +12.111
2024/04/15 15:13:30 ID: 241, Data: 9C31190035FFFC10, Celsius: 49, A: +0.25, rev/s: -0.564,  rev: +12.078
2024/04/15 15:13:30 ID: 241, Data: 9C31FFFFD0FFF010, Celsius: 49, A: -0.01, rev/s: -0.133,  rev: +12.044
2024/04/15 15:13:30 ID: 241, Data: 9C31D1FFA2FFE710, Celsius: 49, A: -0.47, rev/s: -0.261,  rev: +12.019
2024/04/15 15:13:30 ID: 241, Data: 9C31D4FF08FFDB10, Celsius: 49, A: -0.44, rev/s: -0.689,  rev: +11.986
2024/04/15 15:13:30 ID: 241, Data: 9C31C3FF74FFD110, Celsius: 49, A: -0.61, rev/s: -0.389,  rev: +11.958
2024/04/15 15:13:31 ID: 241, Data: 9C31F6FF60FFC410, Celsius: 49, A: -0.10, rev/s: -0.444,  rev: +11.922
2024/04/15 15:13:31 ID: 241, Data: 9C31F9FFF3FFB810, Celsius: 49, A: -0.07, rev/s: -0.036,  rev: +11.889
2024/04/15 15:13:31 ID: 241, Data: 9C310800B3FFAF10, Celsius: 49, A: +0.08, rev/s: -0.214,  rev: +11.864
2024/04/15 15:13:31 ID: 241, Data: 9C31350009FFA310, Celsius: 49, A: +0.53, rev/s: -0.686,  rev: +11.831
2024/04/15 15:13:31 ID: 241, Data: 9C312600AAFF9810, Celsius: 49, A: +0.38, rev/s: -0.239,  rev: +11.800
2024/04/15 15:13:31 ID: 241, Data: 9C310A00D2FF8F10, Celsius: 49, A: +0.10, rev/s: -0.128,  rev: +11.775
2024/04/15 15:13:31 ID: 241, Data: 9C31110090FF8310, Celsius: 49, A: +0.17, rev/s: -0.311,  rev: +11.742
2024/04/15 15:13:31 ID: 241, Data: 9C31D8FFAAFF7A10, Celsius: 49, A: -0.40, rev/s: -0.239,  rev: +11.717
2024/04/15 15:13:31 ID: 241, Data: 9C31DBFF77FF6D10, Celsius: 49, A: -0.37, rev/s: -0.381,  rev: +11.681
2024/04/15 15:13:32 ID: 241, Data: 9C31D4FFABFF6110, Celsius: 49, A: -0.44, rev/s: -0.236,  rev: +11.647
2024/04/15 15:13:32 ID: 241, Data: 9C31F6FF49FF5510, Celsius: 49, A: -0.10, rev/s: -0.508,  rev: +11.614
2024/04/15 15:13:32 ID: 241, Data: 9C30070022FF4910, Celsius: 48, A: +0.07, rev/s: -0.617,  rev: +11.581
2024/04/15 15:13:32 ID: 241, Data: 9C31F4FFDFFF4010, Celsius: 49, A: -0.12, rev/s: -0.092,  rev: +11.556
2024/04/15 15:13:32 ID: 241, Data: 9C3117000BFF3510, Celsius: 49, A: +0.23, rev/s: -0.681,  rev: +11.525
2024/04/15 15:13:32 ID: 241, Data: 9C313200C9FF2910, Celsius: 49, A: +0.50, rev/s: -0.153,  rev: +11.492
2024/04/15 15:13:32 ID: 241, Data: 9C312000D1FF1F10, Celsius: 49, A: +0.32, rev/s: -0.131,  rev: +11.464
2024/04/15 15:13:32 ID: 241, Data: 9C3150003FFF1310, Celsius: 49, A: +0.80, rev/s: -0.536,  rev: +11.431
2024/04/15 15:13:32 ID: 241, Data: 9C3045007CFF0710, Celsius: 48, A: +0.69, rev/s: -0.367,  rev: +11.397
2024/04/15 15:13:32 ID: 241, Data: 9C319700C9FFFC0F, Celsius: 49, A: +1.51, rev/s: -0.153,  rev: +11.367
2024/04/15 15:13:33 ID: 241, Data: 9C305400CBFFF30F, Celsius: 48, A: +0.84, rev/s: -0.147,  rev: +11.342
2024/04/15 15:13:33 ID: 241, Data: 9C310900F0FFEB0F, Celsius: 49, A: +0.09, rev/s: -0.044,  rev: +11.319
2024/04/15 15:13:33 ID: 241, Data: 9C305C0002FFDC0F, Celsius: 48, A: +0.92, rev/s: -0.706,  rev: +11.278
2024/04/15 15:13:33 ID: 241, Data: 9C300F00F9FFD40F, Celsius: 48, A: +0.15, rev/s: -0.019,  rev: +11.256
2024/04/15 15:13:33 ID: 241, Data: 9C300C0062FFC60F, Celsius: 48, A: +0.12, rev/s: -0.439,  rev: +11.217
2024/04/15 15:13:33 ID: 241, Data: 9C305D00ABFFB90F, Celsius: 48, A: +0.93, rev/s: -0.236,  rev: +11.181
2024/04/15 15:13:33 ID: 241, Data: 9C308D00A3FFAF0F, Celsius: 48, A: +1.41, rev/s: -0.258,  rev: +11.153
2024/04/15 15:13:33 ID: 241, Data: 9C3120009AFFA90F, Celsius: 49, A: +0.32, rev/s: -0.283,  rev: +11.136
2024/04/15 15:13:33 ID: 241, Data: 9C30110063FF9B0F, Celsius: 48, A: +0.17, rev/s: -0.436,  rev: +11.097
2024/04/15 15:13:33 ID: 241, Data: 9C30F7FFB3FF900F, Celsius: 48, A: -0.09, rev/s: -0.214,  rev: +11.067
2024/04/15 15:13:34 ID: 241, Data: 9C3028009BFF820F, Celsius: 48, A: +0.40, rev/s: -0.281,  rev: +11.028
2024/04/15 15:13:34 ID: 241, Data: 9C302B0087FF780F, Celsius: 48, A: +0.43, rev/s: -0.336,  rev: +11.000
2024/04/15 15:13:34 ID: 241, Data: 9C30170098FF6E0F, Celsius: 48, A: +0.23, rev/s: -0.289,  rev: +10.972
2024/04/15 15:13:34 ID: 241, Data: 9C301B008EFF620F, Celsius: 48, A: +0.27, rev/s: -0.317,  rev: +10.939
2024/04/15 15:13:34 ID: 241, Data: 9C3039009AFF560F, Celsius: 48, A: +0.57, rev/s: -0.283,  rev: +10.906
2024/04/15 15:13:34 ID: 241, Data: 9C30380068FF4D0F, Celsius: 48, A: +0.56, rev/s: -0.422,  rev: +10.881
2024/04/15 15:13:34 ID: 241, Data: 9C3025009AFF410F, Celsius: 48, A: +0.37, rev/s: -0.283,  rev: +10.847
2024/04/15 15:13:34 ID: 241, Data: 9C30880023FF340F, Celsius: 48, A: +1.36, rev/s: -0.614,  rev: +10.811
2024/04/15 15:13:34 ID: 241, Data: 9C30DF009BFF280F, Celsius: 48, A: +2.23, rev/s: -0.281,  rev: +10.778
2024/04/15 15:13:34 ID: 241, Data: 9C303601B2FF1E0F, Celsius: 48, A: +3.10, rev/s: -0.217,  rev: +10.750
2024/04/15 15:13:35 ID: 241, Data: 9C3005016FFF160F, Celsius: 48, A: +2.61, rev/s: -0.403,  rev: +10.728
2024/04/15 15:13:35 ID: 241, Data: 9C30A20071FF0E0F, Celsius: 48, A: +1.62, rev/s: -0.397,  rev: +10.706
2024/04/15 15:13:35 ID: 241, Data: 9C302900D8FF030F, Celsius: 48, A: +0.41, rev/s: -0.111,  rev: +10.675
2024/04/15 15:13:35 ID: 241, Data: 9C306A003EFFF30E, Celsius: 48, A: +1.06, rev/s: -0.539,  rev: +10.631
2024/04/15 15:13:35 ID: 241, Data: 9C307700B0FFE80E, Celsius: 48, A: +1.19, rev/s: -0.222,  rev: +10.600
2024/04/15 15:13:35 ID: 241, Data: 9C30A4005BFFDD0E, Celsius: 48, A: +1.64, rev/s: -0.458,  rev: +10.569
2024/04/15 15:13:35 ID: 241, Data: 9C30BE00D7FFD10E, Celsius: 48, A: +1.90, rev/s: -0.114,  rev: +10.536
2024/04/15 15:13:35 ID: 241, Data: 9C30B900BDFFC80E, Celsius: 48, A: +1.85, rev/s: -0.186,  rev: +10.511
2024/04/15 15:13:35 ID: 241, Data: 9C30AD0057FFBD0E, Celsius: 48, A: +1.73, rev/s: -0.469,  rev: +10.481
2024/04/15 15:13:36 ID: 241, Data: 9C309900ACFFB10E, Celsius: 48, A: +1.53, rev/s: -0.233,  rev: +10.447
2024/04/15 15:13:36 ID: 241, Data: 9C30990077FFA70E, Celsius: 48, A: +1.53, rev/s: -0.381,  rev: +10.419
2024/04/15 15:13:36 ID: 241, Data: 9C30820086FF9C0E, Celsius: 48, A: +1.30, rev/s: -0.339,  rev: +10.389
2024/04/15 15:13:36 ID: 241, Data: 9C304A00BBFF920E, Celsius: 48, A: +0.74, rev/s: -0.192,  rev: +10.361
2024/04/15 15:13:36 ID: 241, Data: 9C3043004FFF850E, Celsius: 48, A: +0.67, rev/s: -0.492,  rev: +10.325
2024/04/15 15:13:36 ID: 241, Data: 9C30430087FF790E, Celsius: 48, A: +0.67, rev/s: -0.336,  rev: +10.292
2024/04/15 15:13:36 ID: 241, Data: 9C3065008FFF6E0E, Celsius: 48, A: +1.01, rev/s: -0.314,  rev: +10.261
2024/04/15 15:13:36 ID: 241, Data: 9C30670073FF620E, Celsius: 48, A: +1.03, rev/s: -0.392,  rev: +10.228
2024/04/15 15:13:36 ID: 241, Data: 9C306C00C2FF590E, Celsius: 48, A: +1.08, rev/s: -0.172,  rev: +10.203
2024/04/15 15:13:36 ID: 241, Data: 9C30A90093FF4C0E, Celsius: 48, A: +1.69, rev/s: -0.303,  rev: +10.167
2024/04/15 15:13:37 ID: 241, Data: 9C30A300B5FF420E, Celsius: 48, A: +1.63, rev/s: -0.208,  rev: +10.139
2024/04/15 15:13:37 ID: 241, Data: 9C30960095FF380E, Celsius: 48, A: +1.50, rev/s: -0.297,  rev: +10.111
2024/04/15 15:13:37 ID: 241, Data: 9C30870087FF2D0E, Celsius: 48, A: +1.35, rev/s: -0.336,  rev: +10.081
2024/04/15 15:13:37 ID: 241, Data: 9C30600083FF220E, Celsius: 48, A: +0.96, rev/s: -0.347,  rev: +10.050
2024/04/15 15:13:37 ID: 241, Data: 9C302300A9FF180E, Celsius: 48, A: +0.35, rev/s: -0.242,  rev: +10.022
2024/04/15 15:13:37 ID: 241, Data: 9C302E0092FF0B0E, Celsius: 48, A: +0.46, rev/s: -0.306,  rev: +9.986
2024/04/15 15:13:37 ID: 241, Data: 9C3046008EFF000E, Celsius: 48, A: +0.70, rev/s: -0.317,  rev: +9.956
2024/04/15 15:13:37 ID: 241, Data: 9C30600083FFF40D, Celsius: 48, A: +0.96, rev/s: -0.347,  rev: +9.922
2024/04/15 15:13:37 ID: 241, Data: 9C307600BEFFE90D, Celsius: 48, A: +1.18, rev/s: -0.183,  rev: +9.892
2024/04/15 15:13:37 ID: 241, Data: 9C30A1007DFFDE0D, Celsius: 48, A: +1.61, rev/s: -0.364,  rev: +9.861
2024/04/15 15:13:38 ID: 241, Data: 9C30A5009DFFD30D, Celsius: 48, A: +1.65, rev/s: -0.275,  rev: +9.831
2024/04/15 15:13:38 ID: 241, Data: 9C30A100B2FFC90D, Celsius: 48, A: +1.61, rev/s: -0.217,  rev: +9.803
2024/04/15 15:13:38 ID: 241, Data: 9C307B0081FFBF0D, Celsius: 48, A: +1.23, rev/s: -0.353,  rev: +9.775
2024/04/15 15:13:38 ID: 241, Data: 9C3075008CFFB30D, Celsius: 48, A: +1.17, rev/s: -0.322,  rev: +9.742
2024/04/15 15:13:38 ID: 241, Data: 9C304300BFFFA90D, Celsius: 48, A: +0.67, rev/s: -0.181,  rev: +9.714
2024/04/15 15:13:38 ID: 241, Data: 9C301C007FFF9E0D, Celsius: 48, A: +0.28, rev/s: -0.358,  rev: +9.683
2024/04/15 15:13:38 ID: 241, Data: 9C300A00BBFF920D, Celsius: 48, A: +0.10, rev/s: -0.192,  rev: +9.650
2024/04/15 15:13:38 ID: 241, Data: 9C3031007AFF850D, Celsius: 48, A: +0.49, rev/s: -0.372,  rev: +9.614
2024/04/15 15:13:38 ID: 241, Data: 9C30460084FF790D, Celsius: 48, A: +0.70, rev/s: -0.344,  rev: +9.581
2024/04/15 15:13:38 ID: 241, Data: 9C3076007AFF6F0D, Celsius: 48, A: +1.18, rev/s: -0.372,  rev: +9.553
2024/04/15 15:13:39 ID: 241, Data: 9C306E006CFF650D, Celsius: 48, A: +1.10, rev/s: -0.411,  rev: +9.525
2024/04/15 15:13:39 ID: 241, Data: 9C30480083FF5A0D, Celsius: 48, A: +0.72, rev/s: -0.347,  rev: +9.494
2024/04/15 15:13:39 ID: 241, Data: 9C30670086FF4E0D, Celsius: 48, A: +1.03, rev/s: -0.339,  rev: +9.461
2024/04/15 15:13:39 ID: 241, Data: 9C30820096FF430D, Celsius: 48, A: +1.30, rev/s: -0.294,  rev: +9.431
2024/04/15 15:13:39 ID: 241, Data: 9C307300C0FF390D, Celsius: 48, A: +1.15, rev/s: -0.178,  rev: +9.403
2024/04/15 15:13:39 ID: 241, Data: 9C303B008AFF300D, Celsius: 48, A: +0.59, rev/s: -0.328,  rev: +9.378
2024/04/15 15:13:39 ID: 241, Data: 9C3024004BFF230D, Celsius: 48, A: +0.36, rev/s: -0.503,  rev: +9.342
2024/04/15 15:13:39 ID: 241, Data: 9C30FBFF66FF1A0D, Celsius: 48, A: -0.05, rev/s: -0.428,  rev: +9.317
2024/04/15 15:13:39 ID: 241, Data: 9C30190003FF0C0D, Celsius: 48, A: +0.25, rev/s: -0.703,  rev: +9.278
2024/04/15 15:13:40 ID: 241, Data: 9C301F00CCFF000D, Celsius: 48, A: +0.31, rev/s: -0.144,  rev: +9.244
2024/04/15 15:13:40 ID: 241, Data: 9C3071006AFFF40C, Celsius: 48, A: +1.13, rev/s: -0.417,  rev: +9.211
2024/04/15 15:13:40 ID: 241, Data: 9C306900DBFFEA0C, Celsius: 48, A: +1.05, rev/s: -0.103,  rev: +9.183
2024/04/15 15:13:40 ID: 241, Data: 9C30FB0050FFDC0C, Celsius: 48, A: +2.51, rev/s: -0.489,  rev: +9.144
2024/04/15 15:13:40 ID: 241, Data: 9C301C01E2FFD30C, Celsius: 48, A: +2.84, rev/s: -0.083,  rev: +9.119
2024/04/15 15:13:40 ID: 241, Data: 9C308B00A9FFCE0C, Celsius: 48, A: +1.39, rev/s: -0.242,  rev: +9.106
2024/04/15 15:13:40 ID: 241, Data: 9C30730094FFC00C, Celsius: 48, A: +1.15, rev/s: -0.300,  rev: +9.067
2024/04/15 15:13:40 ID: 241, Data: 9C306700A6FFB50C, Celsius: 48, A: +1.03, rev/s: -0.250,  rev: +9.036
2024/04/15 15:13:40 ID: 241, Data: 9C30F7FF0900AB0C, Celsius: 48, A: -0.09, rev/s: +0.025,  rev: +9.008
2024/04/15 15:13:40 ID: 241, Data: 9C3034006BFF9C0C, Celsius: 48, A: +0.52, rev/s: -0.414,  rev: +8.967
2024/04/15 15:13:41 ID: 241, Data: 9C306400B1FF8E0C, Celsius: 48, A: +1.00, rev/s: -0.219,  rev: +8.928
2024/04/15 15:13:41 ID: 241, Data: 9C30D1006BFF840C, Celsius: 48, A: +2.09, rev/s: -0.414,  rev: +8.900
2024/04/15 15:13:41 ID: 241, Data: 9C30F300AFFF7A0C, Celsius: 48, A: +2.43, rev/s: -0.225,  rev: +8.872
2024/04/15 15:13:41 ID: 241, Data: 9C30EC00A6FF710C, Celsius: 48, A: +2.36, rev/s: -0.250,  rev: +8.847
2024/04/15 15:13:41 ID: 241, Data: 9C30350146FF650C, Celsius: 48, A: +3.09, rev/s: -0.517,  rev: +8.814
2024/04/15 15:13:41 ID: 241, Data: 9C300601B6FF5C0C, Celsius: 48, A: +2.62, rev/s: -0.206,  rev: +8.789
2024/04/15 15:13:41 ID: 241, Data: 9C30A1009DFF520C, Celsius: 48, A: +1.61, rev/s: -0.275,  rev: +8.761
2024/04/15 15:13:41 ID: 241, Data: 9C30D400B3FF440C, Celsius: 48, A: +2.12, rev/s: -0.214,  rev: +8.722
2024/04/15 15:13:41 ID: 241, Data: 9C306D0088FF3D0C, Celsius: 48, A: +1.09, rev/s: -0.333,  rev: +8.703
2024/04/15 15:13:41 ID: 241, Data: 9C30300062FF310C, Celsius: 48, A: +0.48, rev/s: -0.439,  rev: +8.669
2024/04/15 15:13:42 ID: 241, Data: 9C30150082FF230C, Celsius: 48, A: +0.21, rev/s: -0.350,  rev: +8.631
2024/04/15 15:13:42 ID: 241, Data: 9C305900A9FF170C, Celsius: 48, A: +0.89, rev/s: -0.242,  rev: +8.597
2024/04/15 15:13:42 ID: 241, Data: 9C3079003EFF0C0C, Celsius: 48, A: +1.21, rev/s: -0.539,  rev: +8.567
2024/04/15 15:13:42 ID: 241, Data: 9C308500C3FF010C, Celsius: 48, A: +1.33, rev/s: -0.169,  rev: +8.536
2024/04/15 15:13:42 ID: 241, Data: 9C30A1008EFFF70B, Celsius: 48, A: +1.61, rev/s: -0.317,  rev: +8.508
2024/04/15 15:13:42 ID: 241, Data: 9C30920067FFEC0B, Celsius: 48, A: +1.46, rev/s: -0.425,  rev: +8.478
2024/04/15 15:13:42 ID: 241, Data: 9C30B40071FFDF0B, Celsius: 48, A: +1.80, rev/s: -0.397,  rev: +8.442
2024/04/15 15:13:42 ID: 241, Data: 9C309500ACFFD60B, Celsius: 48, A: +1.49, rev/s: -0.233,  rev: +8.417
2024/04/15 15:13:42 ID: 241, Data: 9C30540063FFCC0B, Celsius: 48, A: +0.84, rev/s: -0.436,  rev: +8.389
2024/04/15 15:13:42 ID: 241, Data: 9C304C00B0FFC00B, Celsius: 48, A: +0.76, rev/s: -0.222,  rev: +8.356
2024/04/15 15:13:43 ID: 241, Data: 9C302D0075FFB50B, Celsius: 48, A: +0.45, rev/s: -0.386,  rev: +8.325
2024/04/15 15:13:43 ID: 241, Data: 9C302400B2FFA80B, Celsius: 48, A: +0.36, rev/s: -0.217,  rev: +8.289
2024/04/15 15:13:43 ID: 241, Data: 9C303D005AFF9E0B, Celsius: 48, A: +0.61, rev/s: -0.461,  rev: +8.261
2024/04/15 15:13:43 ID: 241, Data: 9C304600D8FF910B, Celsius: 48, A: +0.70, rev/s: -0.111,  rev: +8.225
2024/04/15 15:13:43 ID: 241, Data: 9C3063009FFF880B, Celsius: 48, A: +0.99, rev/s: -0.269,  rev: +8.200
2024/04/15 15:13:43 ID: 241, Data: 9C307900B1FF7B0B, Celsius: 48, A: +1.21, rev/s: -0.219,  rev: +8.164
2024/04/15 15:13:43 ID: 241, Data: 9C307500B2FF710B, Celsius: 48, A: +1.17, rev/s: -0.217,  rev: +8.136
2024/04/15 15:13:43 ID: 241, Data: 9C306F00A2FF670B, Celsius: 48, A: +1.11, rev/s: -0.261,  rev: +8.108
2024/04/15 15:13:43 ID: 241, Data: 9C306C008FFF5B0B, Celsius: 48, A: +1.08, rev/s: -0.314,  rev: +8.075
2024/04/15 15:13:44 ID: 241, Data: 9C304C00B9FF510B, Celsius: 48, A: +0.76, rev/s: -0.197,  rev: +8.047
2024/04/15 15:13:44 ID: 241, Data: 9C3029006FFF460B, Celsius: 48, A: +0.41, rev/s: -0.403,  rev: +8.017
2024/04/15 15:13:44 ID: 241, Data: 9C30FFFFEAFF3B0B, Celsius: 48, A: -0.01, rev/s: -0.061,  rev: +7.986
2024/04/15 15:13:44 ID: 241, Data: 9C30270081FF2E0B, Celsius: 48, A: +0.39, rev/s: -0.353,  rev: +7.950
2024/04/15 15:13:44 ID: 241, Data: 9C3048006EFF220B, Celsius: 48, A: +0.72, rev/s: -0.406,  rev: +7.917
2024/04/15 15:13:44 ID: 241, Data: 9C304200DAFF180B, Celsius: 48, A: +0.66, rev/s: -0.106,  rev: +7.889
2024/04/15 15:13:44 ID: 241, Data: 9C3062004BFF0D0B, Celsius: 48, A: +0.98, rev/s: -0.503,  rev: +7.858
2024/04/15 15:13:44 ID: 241, Data: 9C305D00B2FF010B, Celsius: 48, A: +0.93, rev/s: -0.217,  rev: +7.825
2024/04/15 15:13:44 ID: 241, Data: 9C307500A9FFF70A, Celsius: 48, A: +1.17, rev/s: -0.242,  rev: +7.797
2024/04/15 15:13:44 ID: 241, Data: 9C3056007EFFED0A, Celsius: 48, A: +0.86, rev/s: -0.361,  rev: +7.769
2024/04/15 15:13:45 ID: 241, Data: 9C3052009BFFE10A, Celsius: 48, A: +0.82, rev/s: -0.281,  rev: +7.736
2024/04/15 15:13:45 ID: 241, Data: 9C3059006BFFD60A, Celsius: 48, A: +0.89, rev/s: -0.414,  rev: +7.706
2024/04/15 15:13:45 ID: 241, Data: 9C302E008BFFCC0A, Celsius: 48, A: +0.46, rev/s: -0.325,  rev: +7.678
2024/04/15 15:13:45 ID: 241, Data: 9C301D007AFFC00A, Celsius: 48, A: +0.29, rev/s: -0.372,  rev: +7.644
2024/04/15 15:13:45 ID: 241, Data: 9C303D0078FFB30A, Celsius: 48, A: +0.61, rev/s: -0.378,  rev: +7.608
2024/04/15 15:13:45 ID: 241, Data: 9C303700D9FFA80A, Celsius: 48, A: +0.55, rev/s: -0.108,  rev: +7.578
2024/04/15 15:13:45 ID: 241, Data: 9C30890044FF9D0A, Celsius: 48, A: +1.37, rev/s: -0.522,  rev: +7.547
2024/04/15 15:13:45 ID: 241, Data: 9C307D0096FF920A, Celsius: 48, A: +1.25, rev/s: -0.294,  rev: +7.517
2024/04/15 15:13:45 ID: 241, Data: 9C307A00A0FF890A, Celsius: 48, A: +1.22, rev/s: -0.267,  rev: +7.492
2024/04/15 15:13:45 ID: 241, Data: 9C30BF006AFF7B0A, Celsius: 48, A: +1.91, rev/s: -0.417,  rev: +7.453
2024/04/15 15:13:46 ID: 241, Data: 9C309B00BBFF730A, Celsius: 48, A: +1.55, rev/s: -0.192,  rev: +7.431
2024/04/15 15:13:46 ID: 241, Data: 9C30960080FF670A, Celsius: 48, A: +1.50, rev/s: -0.356,  rev: +7.397
2024/04/15 15:13:46 ID: 241, Data: 9C307A00C8FF5D0A, Celsius: 48, A: +1.22, rev/s: -0.156,  rev: +7.369
2024/04/15 15:13:46 ID: 241, Data: 9C302A009CFF530A, Celsius: 48, A: +0.42, rev/s: -0.278,  rev: +7.342
2024/04/15 15:13:46 ID: 241, Data: 9C305D0033FF450A, Celsius: 48, A: +0.93, rev/s: -0.569,  rev: +7.303
2024/04/15 15:13:46 ID: 241, Data: 9C306C006BFF390A, Celsius: 48, A: +1.08, rev/s: -0.414,  rev: +7.269
2024/04/15 15:13:46 ID: 241, Data: 9C30990084FF2F0A, Celsius: 48, A: +1.53, rev/s: -0.344,  rev: +7.242
2024/04/15 15:13:46 ID: 241, Data: 9C30A80072FF240A, Celsius: 48, A: +1.68, rev/s: -0.394,  rev: +7.211
2024/04/15 15:13:46 ID: 241, Data: 9C30B700A4FF190A, Celsius: 48, A: +1.83, rev/s: -0.256,  rev: +7.181
2024/04/15 15:13:46 ID: 241, Data: 9C30D400B4FF0E0A, Celsius: 48, A: +2.12, rev/s: -0.211,  rev: +7.150
2024/04/15 15:13:47 ID: 241, Data: 9C30C40005FF040A, Celsius: 48, A: +1.96, rev/s: -0.697,  rev: +7.122
2024/04/15 15:13:47 ID: 241, Data: 9C30B1009AFFF809, Celsius: 48, A: +1.77, rev/s: -0.283,  rev: +7.089
2024/04/15 15:13:47 ID: 241, Data: 9C308200BCFFEF09, Celsius: 48, A: +1.30, rev/s: -0.189,  rev: +7.064
2024/04/15 15:13:47 ID: 241, Data: 9C305100A2FFE409, Celsius: 48, A: +0.81, rev/s: -0.261,  rev: +7.033
2024/04/15 15:13:47 ID: 241, Data: 9C301D0067FFD909, Celsius: 48, A: +0.29, rev/s: -0.425,  rev: +7.003
2024/04/15 15:13:47 ID: 241, Data: 9C302D00C7FFCB09, Celsius: 48, A: +0.45, rev/s: -0.158,  rev: +6.964
2024/04/15 15:13:47 ID: 241, Data: 9C307000A6FFBF09, Celsius: 48, A: +1.12, rev/s: -0.250,  rev: +6.931
2024/04/15 15:13:47 ID: 241, Data: 9C30A70087FFB409, Celsius: 48, A: +1.67, rev/s: -0.336,  rev: +6.900
2024/04/15 15:13:47 ID: 241, Data: 9C30BE00B4FFA909, Celsius: 48, A: +1.90, rev/s: -0.211,  rev: +6.869
2024/04/15 15:13:48 ID: 241, Data: 9C30BC00B7FFA009, Celsius: 48, A: +1.88, rev/s: -0.203,  rev: +6.844
2024/04/15 15:13:48 ID: 241, Data: 9C30E8006CFF9309, Celsius: 48, A: +2.32, rev/s: -0.411,  rev: +6.808
2024/04/15 15:13:48 ID: 241, Data: 9C30B200BFFF8A09, Celsius: 48, A: +1.78, rev/s: -0.181,  rev: +6.783
2024/04/15 15:13:48 ID: 241, Data: 9C308C0072FF8009, Celsius: 48, A: +1.40, rev/s: -0.394,  rev: +6.756
2024/04/15 15:13:48 ID: 241, Data: 9C307500C8FF7409, Celsius: 48, A: +1.17, rev/s: -0.156,  rev: +6.722
2024/04/15 15:13:48 ID: 241, Data: 9C301900C8FF6A09, Celsius: 48, A: +0.25, rev/s: -0.156,  rev: +6.694
2024/04/15 15:13:48 ID: 241, Data: 9C2F2200C2FE5D09, Celsius: 47, A: +0.34, rev/s: -0.883,  rev: +6.658
2024/04/15 15:13:48 ID: 241, Data: 9C3036005FFF5109, Celsius: 48, A: +0.54, rev/s: -0.447,  rev: +6.625
2024/04/15 15:13:48 ID: 241, Data: 9C305B008DFF4509, Celsius: 48, A: +0.91, rev/s: -0.319,  rev: +6.592
2024/04/15 15:13:48 ID: 241, Data: 9C2F720084FF3A09, Celsius: 47, A: +1.14, rev/s: -0.344,  rev: +6.561
2024/04/15 15:13:49 ID: 241, Data: 9C307400A7FF3009, Celsius: 48, A: +1.16, rev/s: -0.247,  rev: +6.533
2024/04/15 15:13:49 ID: 241, Data: 9C2F720076FF2609, Celsius: 47, A: +1.14, rev/s: -0.383,  rev: +6.506
2024/04/15 15:13:49 ID: 241, Data: 9C304B009EFF1B09, Celsius: 48, A: +0.75, rev/s: -0.272,  rev: +6.475
2024/04/15 15:13:49 ID: 241, Data: 9C3040007EFF1009, Celsius: 48, A: +0.64, rev/s: -0.361,  rev: +6.444
2024/04/15 15:13:49 ID: 241, Data: 9C3027007AFF0509, Celsius: 48, A: +0.39, rev/s: -0.372,  rev: +6.414
2024/04/15 15:13:49 ID: 241, Data: 9C300700B8FFFA08, Celsius: 48, A: +0.07, rev/s: -0.200,  rev: +6.383
2024/04/15 15:13:49 ID: 241, Data: 9C30E8FF96FFEF08, Celsius: 48, A: -0.24, rev/s: -0.294,  rev: +6.353
2024/04/15 15:13:49 ID: 241, Data: 9C30FDFFA4FFE208, Celsius: 48, A: -0.03, rev/s: -0.256,  rev: +6.317
2024/04/15 15:13:49 ID: 241, Data: 9C30F2FFD5FFD808, Celsius: 48, A: -0.14, rev/s: -0.119,  rev: +6.289
2024/04/15 15:13:49 ID: 241, Data: 9C30230018FFCC08, Celsius: 48, A: +0.35, rev/s: -0.644,  rev: +6.256
2024/04/15 15:13:50 ID: 241, Data: 9C300400DBFFC108, Celsius: 48, A: +0.04, rev/s: -0.103,  rev: +6.225
2024/04/15 15:13:50 ID: 241, Data: 9C2FF7FFB4FFB808, Celsius: 47, A: -0.09, rev/s: -0.211,  rev: +6.200
2024/04/15 15:13:50 ID: 241, Data: 9C301D0091FFAA08, Celsius: 48, A: +0.29, rev/s: -0.308,  rev: +6.161
2024/04/15 15:13:50 ID: 241, Data: 9C301D00A8FFA008, Celsius: 48, A: +0.29, rev/s: -0.244,  rev: +6.133
2024/04/15 15:13:50 ID: 241, Data: 9C2F0F00A7FF9608, Celsius: 47, A: +0.15, rev/s: -0.247,  rev: +6.106
2024/04/15 15:13:50 ID: 241, Data: 9C301B0071FF8A08, Celsius: 48, A: +0.27, rev/s: -0.397,  rev: +6.072
2024/04/15 15:13:50 ID: 241, Data: 9C2F1B0092FF7F08, Celsius: 47, A: +0.27, rev/s: -0.306,  rev: +6.042
2024/04/15 15:13:50 ID: 241, Data: 9C300F0074FF7408, Celsius: 48, A: +0.15, rev/s: -0.389,  rev: +6.011
2024/04/15 15:13:50 ID: 241, Data: 9C3010007BFF6908, Celsius: 48, A: +0.16, rev/s: -0.369,  rev: +5.981
2024/04/15 15:13:51 ID: 241, Data: 9C2F220091FF5D08, Celsius: 47, A: +0.34, rev/s: -0.308,  rev: +5.947
2024/04/15 15:13:51 ID: 241, Data: 9C30350081FF5208, Celsius: 48, A: +0.53, rev/s: -0.353,  rev: +5.917
2024/04/15 15:13:51 ID: 241, Data: 9C2F4E009EFF4708, Celsius: 47, A: +0.78, rev/s: -0.272,  rev: +5.886
2024/04/15 15:13:51 ID: 241, Data: 9C2F770098FF3B08, Celsius: 47, A: +1.19, rev/s: -0.289,  rev: +5.853
2024/04/15 15:13:51 ID: 241, Data: 9C2F6700ADFF3208, Celsius: 47, A: +1.03, rev/s: -0.231,  rev: +5.828
2024/04/15 15:13:51 ID: 241, Data: 9C2F850080FF2608, Celsius: 47, A: +1.33, rev/s: -0.356,  rev: +5.794
2024/04/15 15:13:51 ID: 241, Data: 9C2F9E00ABFF1B08, Celsius: 47, A: +1.58, rev/s: -0.236,  rev: +5.764
2024/04/15 15:13:51 ID: 241, Data: 9C2F4600C6FF1308, Celsius: 47, A: +0.70, rev/s: -0.161,  rev: +5.742
2024/04/15 15:13:51 ID: 241, Data: 9C2F130080FF0808, Celsius: 47, A: +0.19, rev/s: -0.356,  rev: +5.711
2024/04/15 15:13:51 ID: 241, Data: 9C2FF0FFEDFFFA07, Celsius: 47, A: -0.16, rev/s: -0.053,  rev: +5.672
2024/04/15 15:13:52 ID: 241, Data: 9C2F110088FFEE07, Celsius: 47, A: +0.17, rev/s: -0.333,  rev: +5.639
2024/04/15 15:13:52 ID: 241, Data: 9C2F2B00ABFFE307, Celsius: 47, A: +0.43, rev/s: -0.236,  rev: +5.608
2024/04/15 15:13:52 ID: 241, Data: 9C2F3900C4FFD807, Celsius: 47, A: +0.57, rev/s: -0.167,  rev: +5.578
2024/04/15 15:13:52 ID: 241, Data: 9C30620071FFCD07, Celsius: 48, A: +0.98, rev/s: -0.397,  rev: +5.547
2024/04/15 15:13:52 ID: 241, Data: 9C2F5300ABFFC207, Celsius: 47, A: +0.83, rev/s: -0.236,  rev: +5.517
2024/04/15 15:13:52 ID: 241, Data: 9C2F4900A3FFB807, Celsius: 47, A: +0.73, rev/s: -0.258,  rev: +5.489
2024/04/15 15:13:52 ID: 241, Data: 9C2F5E007CFFAC07, Celsius: 47, A: +0.94, rev/s: -0.367,  rev: +5.456
2024/04/15 15:13:52 ID: 241, Data: 9C2F2C009BFFA207, Celsius: 47, A: +0.44, rev/s: -0.281,  rev: +5.428
2024/04/15 15:13:52 ID: 241, Data: 9C2F1B009BFF9707, Celsius: 47, A: +0.27, rev/s: -0.281,  rev: +5.397
2024/04/15 15:13:52 ID: 241, Data: 9C2F150099FF8B07, Celsius: 47, A: +0.21, rev/s: -0.286,  rev: +5.364
2024/04/15 15:13:53 ID: 241, Data: 9C2F0100A7FF7F07, Celsius: 47, A: +0.01, rev/s: -0.247,  rev: +5.331
2024/04/15 15:13:53 ID: 241, Data: 9C2FFCFF52FF7507, Celsius: 47, A: -0.04, rev/s: -0.483,  rev: +5.303
2024/04/15 15:13:53 ID: 241, Data: 9C2F04008BFF6807, Celsius: 47, A: +0.04, rev/s: -0.325,  rev: +5.267
2024/04/15 15:13:53 ID: 241, Data: 9C2FDFFFBAFF6007, Celsius: 47, A: -0.33, rev/s: -0.194,  rev: +5.244
2024/04/15 15:13:53 ID: 241, Data: 9C2FF6FF25FF5407, Celsius: 47, A: -0.10, rev/s: -0.608,  rev: +5.211
2024/04/15 15:13:53 ID: 241, Data: 9C2FDCFFF3FF4807, Celsius: 47, A: -0.36, rev/s: -0.036,  rev: +5.178
2024/04/15 15:13:53 ID: 241, Data: 9C2FECFF82FF3E07, Celsius: 47, A: -0.20, rev/s: -0.350,  rev: +5.150
2024/04/15 15:13:53 ID: 241, Data: 9C2F01008DFF3107, Celsius: 47, A: +0.01, rev/s: -0.319,  rev: +5.114
2024/04/15 15:13:53 ID: 241, Data: 9C2FD9FFC6FF2707, Celsius: 47, A: -0.39, rev/s: -0.161,  rev: +5.086
2024/04/15 15:13:53 ID: 241, Data: 9C2FEEFF76FF1D07, Celsius: 47, A: -0.18, rev/s: -0.383,  rev: +5.058
2024/04/15 15:13:54 ID: 241, Data: 9C2FF3FFB0FF1107, Celsius: 47, A: -0.13, rev/s: -0.222,  rev: +5.025
