2024/04/18 16:38:06 ID: 241, Data: 9C15160010026A01, Celsius: 21, A: +0.22, rev/s: +1.467,  rev: +1.006
2024/04/18 16:38:06 ID: 241, Data: 9C1510006B04C001, Celsius: 21, A: +0.16, rev/s: +3.142,  rev: +1.244
2024/04/18 16:38:06 ID: 241, Data: 9C151C004E064E02, Celsius: 21, A: +0.28, rev/s: +4.483,  rev: +1.639
2024/04/18 16:38:06 ID: 241, Data: 9C151600F5060403, Celsius: 21, A: +0.22, rev/s: +4.947,  rev: +2.144
2024/04/18 16:38:06 ID: 241, Data: 9C1529002407C203, Celsius: 21, A: +0.41, rev/s: +5.078,  rev: +2.672
2024/04/18 16:38:06 ID: 241, Data: 9C150F0033078204, Celsius: 21, A: +0.15, rev/s: +5.119,  rev: +3.206
2024/04/18 16:38:06 ID: 241, Data: 9C151C007C074405, Celsius: 21, A: +0.28, rev/s: +5.322,  rev: +3.744
2024/04/18 16:38:06 ID: 241, Data: 9C1500008F070306, Celsius: 21, A: +0.00, rev/s: +5.375,  rev: +4.275
2024/04/18 16:38:06 ID: 241, Data: 9C1519008307C506, Celsius: 21, A: +0.25, rev/s: +5.342,  rev: +4.814
2024/04/18 16:38:07 ID: 241, Data: 9C15FCFF8E078507, Celsius: 21, A: -0.04, rev/s: +5.372,  rev: +5.347
2024/04/18 16:38:07 ID: 241, Data: 9C1517009D074708, Celsius: 21, A: +0.23, rev/s: +5.414,  rev: +5.886
2024/04/18 16:38:07 ID: 241, Data: 9C15040093070709, Celsius: 21, A: +0.04, rev/s: +5.386,  rev: +6.419
2024/04/18 16:38:07 ID: 241, Data: 9C1517005E07C909, Celsius: 21, A: +0.23, rev/s: +5.239,  rev: +6.958
2024/04/18 16:38:07 ID: 241, Data: 9C150B0066078A0A, Celsius: 21, A: +0.11, rev/s: +5.261,  rev: +7.494
2024/04/18 16:38:07 ID: 241, Data: 9C15100001074A0B, Celsius: 21, A: +0.16, rev/s: +4.981,  rev: +8.028
2024/04/18 16:38:07 ID: 241, Data: 9C15020032070A0C, Celsius: 21, A: +0.02, rev/s: +5.117,  rev: +8.561
2024/04/18 16:38:07 ID: 241, Data: 9C1513000C07CA0C, Celsius: 21, A: +0.19, rev/s: +5.011,  rev: +9.094
2024/04/18 16:38:07 ID: 241, Data: 9C1509002B078B0D, Celsius: 21, A: +0.09, rev/s: +5.097,  rev: +9.631
2024/04/18 16:38:07 ID: 241, Data: 9C15270022074B0E, Celsius: 21, A: +0.39, rev/s: +5.072,  rev: +10.164
2024/04/18 16:38:08 ID: 241, Data: 9C15110045070D0F, Celsius: 21, A: +0.17, rev/s: +5.169,  rev: +10.703
2024/04/18 16:38:08 ID: 241, Data: 9C151A004C07CD0F, Celsius: 21, A: +0.26, rev/s: +5.189,  rev: +11.236
2024/04/18 16:38:08 ID: 241, Data: 9C150F0084078E10, Celsius: 21, A: +0.15, rev/s: +5.344,  rev: +11.772
2024/04/18 16:38:08 ID: 241, Data: 9C1515007F074E11, Celsius: 21, A: +0.21, rev/s: +5.331,  rev: +12.306
2024/04/18 16:38:08 ID: 241, Data: 9C1500008F071112, Celsius: 21, A: +0.00, rev/s: +5.375,  rev: +12.847
2024/04/18 16:38:08 ID: 241, Data: 9C150D00A207D112, Celsius: 21, A: +0.13, rev/s: +5.428,  rev: +13.381
2024/04/18 16:38:08 ID: 241, Data: 9C1501009C079313, Celsius: 21, A: +0.01, rev/s: +5.411,  rev: +13.919
2024/04/18 16:38:08 ID: 241, Data: 9C15030098075314, Celsius: 21, A: +0.03, rev/s: +5.400,  rev: +14.453
2024/04/18 16:38:08 ID: 241, Data: 9C1500004D071415, Celsius: 21, A: +0.00, rev/s: +5.192,  rev: +14.989
2024/04/18 16:38:09 ID: 241, Data: 9C151A004807D415, Celsius: 21, A: +0.26, rev/s: +5.178,  rev: +15.522
2024/04/18 16:38:09 ID: 241, Data: 9C152B000B079416, Celsius: 21, A: +0.43, rev/s: +5.008,  rev: +16.056
2024/04/18 16:38:09 ID: 241, Data: 9C15200030075417, Celsius: 21, A: +0.32, rev/s: +5.111,  rev: +16.589
2024/04/18 16:38:09 ID: 241, Data: 9C15210011071418, Celsius: 21, A: +0.33, rev/s: +5.025,  rev: +17.122
2024/04/18 16:38:09 ID: 241, Data: 9C1529002A07D618, Celsius: 21, A: +0.41, rev/s: +5.094,  rev: +17.661
2024/04/18 16:38:09 ID: 241, Data: 9C151F003E079619, Celsius: 21, A: +0.31, rev/s: +5.150,  rev: +18.194
2024/04/18 16:38:09 ID: 241, Data: 9C1526006B07581A, Celsius: 21, A: +0.38, rev/s: +5.275,  rev: +18.733
2024/04/18 16:38:09 ID: 241, Data: 9C150D008707171B, Celsius: 21, A: +0.13, rev/s: +5.353,  rev: +19.264
2024/04/18 16:38:09 ID: 241, Data: 9C1521008407DA1B, Celsius: 21, A: +0.33, rev/s: +5.344,  rev: +19.806
2024/04/18 16:38:09 ID: 241, Data: 9C151300C9079A1C, Celsius: 21, A: +0.19, rev/s: +5.536,  rev: +20.339
2024/04/18 16:38:10 ID: 241, Data: 9C15110064075D1D, Celsius: 21, A: +0.17, rev/s: +5.256,  rev: +20.881
2024/04/18 16:38:10 ID: 241, Data: 9C151600B4071D1E, Celsius: 21, A: +0.22, rev/s: +5.478,  rev: +21.414
2024/04/18 16:38:10 ID: 241, Data: 9C1505007B07DF1E, Celsius: 21, A: +0.05, rev/s: +5.319,  rev: +21.953
2024/04/18 16:38:10 ID: 241, Data: 9C1500007A07A01F, Celsius: 21, A: +0.00, rev/s: +5.317,  rev: +22.489
2024/04/18 16:38:10 ID: 241, Data: 9C150E0042076020, Celsius: 21, A: +0.14, rev/s: +5.161,  rev: +23.022
2024/04/18 16:38:10 ID: 241, Data: 9C15110033072121, Celsius: 21, A: +0.17, rev/s: +5.119,  rev: +23.558
2024/04/18 16:38:10 ID: 241, Data: 9C1526002907E121, Celsius: 21, A: +0.38, rev/s: +5.092,  rev: +24.092
2024/04/18 16:38:10 ID: 241, Data: 9C151E001907A222, Celsius: 21, A: +0.30, rev/s: +5.047,  rev: +24.628
2024/04/18 16:38:10 ID: 241, Data: 9C1539001A076223, Celsius: 21, A: +0.57, rev/s: +5.050,  rev: +25.161
2024/04/18 16:38:10 ID: 241, Data: 9C150F004E072524, Celsius: 21, A: +0.15, rev/s: +5.194,  rev: +25.703
2024/04/18 16:38:11 ID: 241, Data: 9C151B005407E524, Celsius: 21, A: +0.27, rev/s: +5.211,  rev: +26.236
2024/04/18 16:38:11 ID: 241, Data: 9C15FFFF9007A725, Celsius: 21, A: -0.01, rev/s: +5.378,  rev: +26.775
2024/04/18 16:38:11 ID: 241, Data: 9C15000090076826, Celsius: 21, A: +0.00, rev/s: +5.378,  rev: +27.311
2024/04/18 16:38:11 ID: 241, Data: 9C150F0080072A27, Celsius: 21, A: +0.15, rev/s: +5.333,  rev: +27.850
2024/04/18 16:38:11 ID: 241, Data: 9C151700B107EB27, Celsius: 21, A: +0.23, rev/s: +5.469,  rev: +28.386
2024/04/18 16:38:11 ID: 241, Data: 9C151A007607AD28, Celsius: 21, A: +0.26, rev/s: +5.306,  rev: +28.925
2024/04/18 16:38:11 ID: 241, Data: 9C1516005B076D29, Celsius: 21, A: +0.22, rev/s: +5.231,  rev: +29.458
2024/04/18 16:38:11 ID: 241, Data: 9C15140054072F2A, Celsius: 21, A: +0.20, rev/s: +5.211,  rev: +29.997
2024/04/18 16:38:11 ID: 241, Data: 9C151A004F07EF2A, Celsius: 21, A: +0.26, rev/s: +5.197,  rev: +30.531
2024/04/18 16:38:11 ID: 241, Data: 9C151E000307B02B, Celsius: 21, A: +0.30, rev/s: +4.986,  rev: +31.067
2024/04/18 16:38:12 ID: 241, Data: 9C1520004C07712C, Celsius: 21, A: +0.32, rev/s: +5.189,  rev: +31.603
2024/04/18 16:38:12 ID: 241, Data: 9C151B001007312D, Celsius: 21, A: +0.27, rev/s: +5.022,  rev: +32.136
2024/04/18 16:38:12 ID: 241, Data: 9C1520002F07F22D, Celsius: 21, A: +0.32, rev/s: +5.108,  rev: +32.672
2024/04/18 16:38:12 ID: 241, Data: 9C151E002E07B22E, Celsius: 21, A: +0.30, rev/s: +5.106,  rev: +33.206
2024/04/18 16:38:12 ID: 241, Data: 9C1520005807742F, Celsius: 21, A: +0.32, rev/s: +5.222,  rev: +33.744
2024/04/18 16:38:12 ID: 241, Data: 9C15110088073430, Celsius: 21, A: +0.17, rev/s: +5.356,  rev: +34.278
2024/04/18 16:38:12 ID: 241, Data: 9C151600A507F630, Celsius: 21, A: +0.22, rev/s: +5.436,  rev: +34.817
2024/04/18 16:38:12 ID: 241, Data: 9C151000A807B731, Celsius: 21, A: +0.16, rev/s: +5.444,  rev: +35.353
2024/04/18 16:38:12 ID: 241, Data: 9C15070095077932, Celsius: 21, A: +0.07, rev/s: +5.392,  rev: +35.892
2024/04/18 16:38:13 ID: 241, Data: 9C150A00AD073A33, Celsius: 21, A: +0.10, rev/s: +5.458,  rev: +36.428
2024/04/18 16:38:13 ID: 241, Data: 9C1501007E07FC33, Celsius: 21, A: +0.01, rev/s: +5.328,  rev: +36.967
2024/04/18 16:38:13 ID: 241, Data: 9C15FFFF6307BC34, Celsius: 21, A: -0.01, rev/s: +5.253,  rev: +37.500
2024/04/18 16:38:13 ID: 241, Data: 9C151A0039077C35, Celsius: 21, A: +0.26, rev/s: +5.136,  rev: +38.033
2024/04/18 16:38:13 ID: 241, Data: 9C1515003A073D36, Celsius: 21, A: +0.21, rev/s: +5.139,  rev: +38.569
2024/04/18 16:38:13 ID: 241, Data: 9C1527001407FC36, Celsius: 21, A: +0.39, rev/s: +5.033,  rev: +39.100
2024/04/18 16:38:13 ID: 241, Data: 9C1522003207BE37, Celsius: 21, A: +0.34, rev/s: +5.117,  rev: +39.639
2024/04/18 16:38:13 ID: 241, Data: 9C1524001C077D38, Celsius: 21, A: +0.36, rev/s: +5.056,  rev: +40.169
2024/04/18 16:38:13 ID: 241, Data: 9C151F0058073F39, Celsius: 21, A: +0.31, rev/s: +5.222,  rev: +40.708
2024/04/18 16:38:13 ID: 241, Data: 9C1519005207FF39, Celsius: 21, A: +0.25, rev/s: +5.206,  rev: +41.242
2024/04/18 16:38:14 ID: 241, Data: 9C1516008B07C23A, Celsius: 21, A: +0.22, rev/s: +5.364,  rev: +41.783
2024/04/18 16:38:14 ID: 241, Data: 9C151A008C07813B, Celsius: 21, A: +0.26, rev/s: +5.367,  rev: +42.314
2024/04/18 16:38:14 ID: 241, Data: 9C151000A007443C, Celsius: 21, A: +0.16, rev/s: +5.422,  rev: +42.856
2024/04/18 16:38:14 ID: 241, Data: 9C1519009907043D, Celsius: 21, A: +0.25, rev/s: +5.403,  rev: +43.389
2024/04/18 16:38:14 ID: 241, Data: 9C1502008607C63D, Celsius: 21, A: +0.02, rev/s: +5.350,  rev: +43.928
2024/04/18 16:38:14 ID: 241, Data: 9C1506008A07873E, Celsius: 21, A: +0.06, rev/s: +5.361,  rev: +44.464
2024/04/18 16:38:14 ID: 241, Data: 9C15FFFF3E07483F, Celsius: 21, A: -0.01, rev/s: +5.150,  rev: +45.000
2024/04/18 16:38:14 ID: 241, Data: 9C1503004B070940, Celsius: 21, A: +0.03, rev/s: +5.186,  rev: +45.536
2024/04/18 16:38:14 ID: 241, Data: 9C1523001907C940, Celsius: 21, A: +0.35, rev/s: +5.047,  rev: +46.069
2024/04/18 16:38:14 ID: 241, Data: 9C151F0023078A41, Celsius: 21, A: +0.31, rev/s: +5.075,  rev: +46.606
2024/04/18 16:38:15 ID: 241, Data: 9C15340012074A42, Celsius: 21, A: +0.52, rev/s: +5.028,  rev: +47.139
2024/04/18 16:38:15 ID: 241, Data: 9C15170049070B43, Celsius: 21, A: +0.23, rev/s: +5.181,  rev: +47.675
2024/04/18 16:38:15 ID: 241, Data: 9C152A004B07CB43, Celsius: 21, A: +0.42, rev/s: +5.186,  rev: +48.208
2024/04/18 16:38:15 ID: 241, Data: 9C1512006C078D44, Celsius: 21, A: +0.18, rev/s: +5.278,  rev: +48.747
2024/04/18 16:38:15 ID: 241, Data: 9C151C006F074D45, Celsius: 21, A: +0.28, rev/s: +5.286,  rev: +49.281
2024/04/18 16:38:15 ID: 241, Data: 9C1511008B070F46, Celsius: 21, A: +0.17, rev/s: +5.364,  rev: +49.819
2024/04/18 16:38:15 ID: 241, Data: 9C150A009107CF46, Celsius: 21, A: +0.10, rev/s: +5.381,  rev: +50.353
2024/04/18 16:38:15 ID: 241, Data: 9C15000061079147, Celsius: 21, A: +0.00, rev/s: +5.247,  rev: +50.892
2024/04/18 16:38:15 ID: 241, Data: 9C1500008D075248, Celsius: 21, A: +0.00, rev/s: +5.369,  rev: +51.428
2024/04/18 16:38:15 ID: 241, Data: 9C15FFFF71071449, Celsius: 21, A: -0.01, rev/s: +5.292,  rev: +51.967
2024/04/18 16:38:16 ID: 241, Data: 9C150A006507D349, Celsius: 21, A: +0.10, rev/s: +5.258,  rev: +52.497
2024/04/18 16:38:16 ID: 241, Data: 9C1613003107944A, Celsius: 22, A: +0.19, rev/s: +5.114,  rev: +53.033
2024/04/18 16:38:16 ID: 241, Data: 9C1510003F07554B, Celsius: 21, A: +0.16, rev/s: +5.153,  rev: +53.569
2024/04/18 16:38:16 ID: 241, Data: 9C152C001707154C, Celsius: 21, A: +0.44, rev/s: +5.042,  rev: +54.103
2024/04/18 16:38:16 ID: 241, Data: 9C1523001807D64C, Celsius: 21, A: +0.35, rev/s: +5.044,  rev: +54.639
2024/04/18 16:38:16 ID: 241, Data: 9C152F003107964D, Celsius: 21, A: +0.47, rev/s: +5.114,  rev: +55.172
2024/04/18 16:38:16 ID: 241, Data: 9C1522004507574E, Celsius: 21, A: +0.34, rev/s: +5.169,  rev: +55.708
2024/04/18 16:38:16 ID: 241, Data: 9C151F005507174F, Celsius: 21, A: +0.31, rev/s: +5.214,  rev: +56.242
2024/04/18 16:38:16 ID: 241, Data: 9C150D00A207DA4F, Celsius: 21, A: +0.13, rev/s: +5.428,  rev: +56.783
2024/04/18 16:38:16 ID: 241, Data: 9C15160098079950, Celsius: 21, A: +0.22, rev/s: +5.400,  rev: +57.314
2024/04/18 16:38:17 ID: 241, Data: 9C151100B1075C51, Celsius: 21, A: +0.17, rev/s: +5.469,  rev: +57.856
2024/04/18 16:38:17 ID: 241, Data: 9C15190097071C52, Celsius: 21, A: +0.25, rev/s: +5.397,  rev: +58.389
2024/04/18 16:38:17 ID: 241, Data: 9C150D008807DE52, Celsius: 21, A: +0.13, rev/s: +5.356,  rev: +58.928
2024/04/18 16:38:17 ID: 241, Data: 9C1506006B079F53, Celsius: 21, A: +0.06, rev/s: +5.275,  rev: +59.464
2024/04/18 16:38:17 ID: 241, Data: 9C1503007C076054, Celsius: 21, A: +0.03, rev/s: +5.322,  rev: +60.000
2024/04/18 16:38:17 ID: 241, Data: 9C1505004B072155, Celsius: 21, A: +0.05, rev/s: +5.186,  rev: +60.536
2024/04/18 16:38:17 ID: 241, Data: 9C1511001907E155, Celsius: 21, A: +0.17, rev/s: +5.047,  rev: +61.069
2024/04/18 16:38:17 ID: 241, Data: 9C150B003D07A256, Celsius: 21, A: +0.11, rev/s: +5.147,  rev: +61.606
2024/04/18 16:38:17 ID: 241, Data: 9C15320009076257, Celsius: 21, A: +0.50, rev/s: +5.003,  rev: +62.139
2024/04/18 16:38:18 ID: 241, Data: 9C151D0031072358, Celsius: 21, A: +0.29, rev/s: +5.114,  rev: +62.675
2024/04/18 16:38:18 ID: 241, Data: 9C161E003907E258, Celsius: 22, A: +0.30, rev/s: +5.136,  rev: +63.206
2024/04/18 16:38:18 ID: 241, Data: 9C151D006B07A459, Celsius: 21, A: +0.29, rev/s: +5.275,  rev: +63.744
2024/04/18 16:38:18 ID: 241, Data: 9C1513008C07645A, Celsius: 21, A: +0.19, rev/s: +5.367,  rev: +64.278
2024/04/18 16:38:18 ID: 241, Data: 9C1514008F07275B, Celsius: 21, A: +0.20, rev/s: +5.375,  rev: +64.819
2024/04/18 16:38:18 ID: 241, Data: 9C1514008007E75B, Celsius: 21, A: +0.20, rev/s: +5.333,  rev: +65.353
2024/04/18 16:38:18 ID: 241, Data: 9C1502008B07A95C, Celsius: 21, A: +0.02, rev/s: +5.364,  rev: +65.892
2024/04/18 16:38:18 ID: 241, Data: 9C1500007D076A5D, Celsius: 21, A: +0.00, rev/s: +5.325,  rev: +66.428
2024/04/18 16:38:18 ID: 241, Data: 9C15000057072C5E, Celsius: 21, A: +0.00, rev/s: +5.219,  rev: +66.967
2024/04/18 16:38:18 ID: 241, Data: 9C15FAFF6907EC5E, Celsius: 21, A: -0.06, rev/s: +5.269,  rev: +67.500
2024/04/18 16:38:19 ID: 241, Data: 9C1501003007AD5F, Celsius: 21, A: +0.01, rev/s: +5.111,  rev: +68.036
2024/04/18 16:38:19 ID: 241, Data: 9C15FEFF2E076E60, Celsius: 21, A: -0.02, rev/s: +5.106,  rev: +68.572
2024/04/18 16:38:19 ID: 241, Data: 9C1513000F072E61, Celsius: 21, A: +0.19, rev/s: +5.019,  rev: +69.106
2024/04/18 16:38:19 ID: 241, Data: 9C1504004007F061, Celsius: 21, A: +0.04, rev/s: +5.156,  rev: +69.644
2024/04/18 16:38:19 ID: 241, Data: 9C1518003607B062, Celsius: 21, A: +0.24, rev/s: +5.128,  rev: +70.178
2024/04/18 16:38:19 ID: 241, Data: 9C15020069077163, Celsius: 21, A: +0.02, rev/s: +5.269,  rev: +70.714
2024/04/18 16:38:19 ID: 241, Data: 9C1512006C073164, Celsius: 21, A: +0.18, rev/s: +5.278,  rev: +71.247
2024/04/18 16:38:19 ID: 241, Data: 9C15FDFF9407F464, Celsius: 21, A: -0.03, rev/s: +5.389,  rev: +71.789
2024/04/18 16:38:19 ID: 241, Data: 9C151200AC07B265, Celsius: 21, A: +0.18, rev/s: +5.456,  rev: +72.317
2024/04/18 16:38:19 ID: 241, Data: 9C16140093077466, Celsius: 22, A: +0.20, rev/s: +5.386,  rev: +72.856
2024/04/18 16:38:20 ID: 241, Data: 9C151500AA073467, Celsius: 21, A: +0.21, rev/s: +5.450,  rev: +73.389
2024/04/18 16:38:20 ID: 241, Data: 9C15FBFF5207F767, Celsius: 21, A: -0.05, rev/s: +5.206,  rev: +73.931
2024/04/18 16:38:20 ID: 241, Data: 9C15FEFF8607B768, Celsius: 21, A: -0.02, rev/s: +5.350,  rev: +74.464
2024/04/18 16:38:20 ID: 241, Data: 9C15F9FF42077869, Celsius: 21, A: -0.07, rev/s: +5.161,  rev: +75.000
2024/04/18 16:38:20 ID: 241, Data: 9C1505005507396A, Celsius: 21, A: +0.05, rev/s: +5.214,  rev: +75.536
2024/04/18 16:38:20 ID: 241, Data: 9C151B000C07F96A, Celsius: 21, A: +0.27, rev/s: +5.011,  rev: +76.069
2024/04/18 16:38:20 ID: 241, Data: 9C1508004607BA6B, Celsius: 21, A: +0.08, rev/s: +5.172,  rev: +76.606
2024/04/18 16:38:20 ID: 241, Data: 9C152D0019077A6C, Celsius: 21, A: +0.45, rev/s: +5.047,  rev: +77.139
2024/04/18 16:38:20 ID: 241, Data: 9C150F0051073C6D, Celsius: 21, A: +0.15, rev/s: +5.203,  rev: +77.678
2024/04/18 16:38:20 ID: 241, Data: 9C152C003207FB6D, Celsius: 21, A: +0.44, rev/s: +5.117,  rev: +78.208
2024/04/18 16:38:21 ID: 241, Data: 9C150200A107BE6E, Celsius: 21, A: +0.02, rev/s: +5.425,  rev: +78.750
2024/04/18 16:38:21 ID: 241, Data: 9C150B0094077E6F, Celsius: 21, A: +0.11, rev/s: +5.389,  rev: +79.283
2024/04/18 16:38:21 ID: 241, Data: 9C15FDFF7D074070, Celsius: 21, A: -0.03, rev/s: +5.325,  rev: +79.822
2024/04/18 16:38:21 ID: 241, Data: 9C15FFFFB7070071, Celsius: 21, A: -0.01, rev/s: +5.486,  rev: +80.356
2024/04/18 16:38:21 ID: 241, Data: 9C15FEFF5B07C271, Celsius: 21, A: -0.02, rev/s: +5.231,  rev: +80.894
2024/04/18 16:38:21 ID: 241, Data: 9C15FDFF90078372, Celsius: 21, A: -0.03, rev/s: +5.378,  rev: +81.431
2024/04/18 16:38:21 ID: 241, Data: 9C1500006D074473, Celsius: 21, A: +0.00, rev/s: +5.281,  rev: +81.967
2024/04/18 16:38:21 ID: 241, Data: 9C1508005D070674, Celsius: 21, A: +0.08, rev/s: +5.236,  rev: +82.506
2024/04/18 16:38:21 ID: 241, Data: 9C1515001807C774, Celsius: 21, A: +0.21, rev/s: +5.044,  rev: +83.042
2024/04/18 16:38:22 ID: 241, Data: 9C150E0027078875, Celsius: 21, A: +0.14, rev/s: +5.086,  rev: +83.578
2024/04/18 16:38:22 ID: 241, Data: 9C150B0035074776, Celsius: 21, A: +0.11, rev/s: +5.125,  rev: +84.108
2024/04/18 16:38:22 ID: 241, Data: 9C150A002A070877, Celsius: 21, A: +0.10, rev/s: +5.094,  rev: +84.644
2024/04/18 16:38:22 ID: 241, Data: 9C1514003D07C877, Celsius: 21, A: +0.20, rev/s: +5.147,  rev: +85.178
2024/04/18 16:38:22 ID: 241, Data: 9C15010050078A78, Celsius: 21, A: +0.01, rev/s: +5.200,  rev: +85.717
2024/04/18 16:38:22 ID: 241, Data: 9C15100071074979, Celsius: 21, A: +0.16, rev/s: +5.292,  rev: +86.247
2024/04/18 16:38:22 ID: 241, Data: 9C15FEFF86070B7A, Celsius: 21, A: -0.02, rev/s: +5.350,  rev: +86.786
2024/04/18 16:38:22 ID: 241, Data: 9C15FBFF7607CB7A, Celsius: 21, A: -0.05, rev/s: +5.306,  rev: +87.319
2024/04/18 16:38:22 ID: 241, Data: 9C15040099078E7B, Celsius: 21, A: +0.04, rev/s: +5.403,  rev: +87.861
2024/04/18 16:38:22 ID: 241, Data: 9C150100AF074E7C, Celsius: 21, A: +0.01, rev/s: +5.464,  rev: +88.394
2024/04/18 16:38:23 ID: 241, Data: 9C15000065070F7D, Celsius: 21, A: +0.00, rev/s: +5.258,  rev: +88.931
2024/04/18 16:38:23 ID: 241, Data: 9C15FBFF7A07D07D, Celsius: 21, A: -0.05, rev/s: +5.317,  rev: +89.467
2024/04/18 16:38:23 ID: 241, Data: 9C15F8FF2E07907E, Celsius: 21, A: -0.08, rev/s: +5.106,  rev: +90.000
2024/04/18 16:38:23 ID: 241, Data: 9C15FEFF5D07517F, Celsius: 21, A: -0.02, rev/s: +5.236,  rev: +90.536
2024/04/18 16:38:23 ID: 241, Data: 9C151E001F071180, Celsius: 21, A: +0.30, rev/s: +5.064,  rev: -90.975
2024/04/18 16:38:23 ID: 241, Data: 9C151F002507D180, Celsius: 21, A: +0.31, rev/s: +5.081,  rev: -90.442
2024/04/18 16:38:23 ID: 241, Data: 9C1532000A079281, Celsius: 21, A: +0.50, rev/s: +5.006,  rev: -89.906
2024/04/18 16:38:23 ID: 241, Data: 9C15250041075382, Celsius: 21, A: +0.37, rev/s: +5.158,  rev: -89.369
2024/04/18 16:38:23 ID: 241, Data: 9C16250035071383, Celsius: 22, A: +0.37, rev/s: +5.125,  rev: -88.836
2024/04/18 16:38:23 ID: 241, Data: 9C161D007107D483, Celsius: 22, A: +0.29, rev/s: +5.292,  rev: -88.300
2024/04/18 16:38:24 ID: 241, Data: 9C1518007C079584, Celsius: 21, A: +0.24, rev/s: +5.322,  rev: -87.764
2024/04/18 16:38:24 ID: 241, Data: 9C150A00AA075785, Celsius: 21, A: +0.10, rev/s: +5.450,  rev: -87.225
2024/04/18 16:38:24 ID: 241, Data: 9C15140097071786, Celsius: 21, A: +0.20, rev/s: +5.397,  rev: -86.692
2024/04/18 16:38:24 ID: 241, Data: 9C150E008B07D986, Celsius: 21, A: +0.14, rev/s: +5.364,  rev: -86.153
2024/04/18 16:38:24 ID: 241, Data: 9C15110080079987, Celsius: 21, A: +0.17, rev/s: +5.333,  rev: -85.619
2024/04/18 16:38:24 ID: 241, Data: 9C1509006B075B88, Celsius: 21, A: +0.09, rev/s: +5.275,  rev: -85.081
2024/04/18 16:38:24 ID: 241, Data: 9C1602008A071C89, Celsius: 22, A: +0.02, rev/s: +5.361,  rev: -84.544
2024/04/18 16:38:24 ID: 241, Data: 9C1517003B07DC89, Celsius: 21, A: +0.23, rev/s: +5.142,  rev: -84.011
2024/04/18 16:38:24 ID: 241, Data: 9C150C0049079D8A, Celsius: 21, A: +0.12, rev/s: +5.181,  rev: -83.475
2024/04/18 16:38:24 ID: 241, Data: 9C15250020075E8B, Celsius: 21, A: +0.37, rev/s: +5.067,  rev: -82.939
2024/04/18 16:38:25 ID: 241, Data: 9C1521002D071E8C, Celsius: 21, A: +0.33, rev/s: +5.103,  rev: -82.406
2024/04/18 16:38:25 ID: 241, Data: 9C1534001807DE8C, Celsius: 21, A: +0.52, rev/s: +5.044,  rev: -81.872
2024/04/18 16:38:25 ID: 241, Data: 9C151A004207A08D, Celsius: 21, A: +0.26, rev/s: +5.161,  rev: -81.333
2024/04/18 16:38:25 ID: 241, Data: 9C1623007607608E, Celsius: 22, A: +0.35, rev/s: +5.306,  rev: -80.800
2024/04/18 16:38:25 ID: 241, Data: 9C1508008707228F, Celsius: 21, A: +0.08, rev/s: +5.353,  rev: -80.261
2024/04/18 16:38:25 ID: 241, Data: 9C151100AE07E28F, Celsius: 21, A: +0.17, rev/s: +5.461,  rev: -79.728
2024/04/18 16:38:25 ID: 241, Data: 9C16FFFF8107A590, Celsius: 22, A: -0.01, rev/s: +5.336,  rev: -79.186
2024/04/18 16:38:25 ID: 241, Data: 9C15FEFFAF076691, Celsius: 21, A: -0.02, rev/s: +5.464,  rev: -78.650
2024/04/18 16:38:25 ID: 241, Data: 9C15030069072892, Celsius: 21, A: +0.03, rev/s: +5.269,  rev: -78.111
2024/04/18 16:38:25 ID: 241, Data: 9C1500008407E792, Celsius: 21, A: +0.00, rev/s: +5.344,  rev: -77.581
2024/04/18 16:38:26 ID: 241, Data: 9C15F8FF4707A993, Celsius: 21, A: -0.08, rev/s: +5.175,  rev: -77.042
2024/04/18 16:38:26 ID: 241, Data: 9C16050063076994, Celsius: 22, A: +0.05, rev/s: +5.253,  rev: -76.508
2024/04/18 16:38:26 ID: 241, Data: 9C151D0020072995, Celsius: 21, A: +0.29, rev/s: +5.067,  rev: -75.975
2024/04/18 16:38:26 ID: 241, Data: 9C150F003207EA95, Celsius: 21, A: +0.15, rev/s: +5.117,  rev: -75.439
2024/04/18 16:38:26 ID: 241, Data: 9C162C001107AA96, Celsius: 22, A: +0.44, rev/s: +5.025,  rev: -74.906
2024/04/18 16:38:26 ID: 241, Data: 9C1616003B076C97, Celsius: 22, A: +0.22, rev/s: +5.142,  rev: -74.367
2024/04/18 16:38:26 ID: 241, Data: 9C162E003E072B98, Celsius: 22, A: +0.46, rev/s: +5.150,  rev: -73.836
2024/04/18 16:38:26 ID: 241, Data: 9C1505007907EE98, Celsius: 21, A: +0.05, rev/s: +5.314,  rev: -73.294
2024/04/18 16:38:26 ID: 241, Data: 9C161A006F07AD99, Celsius: 22, A: +0.26, rev/s: +5.286,  rev: -72.764
2024/04/18 16:38:27 ID: 241, Data: 9C1601008C076F9A, Celsius: 22, A: +0.01, rev/s: +5.367,  rev: -72.225
2024/04/18 16:38:27 ID: 241, Data: 9C151100A8072F9B, Celsius: 21, A: +0.17, rev/s: +5.444,  rev: -71.692
2024/04/18 16:38:27 ID: 241, Data: 9C1508009407F19B, Celsius: 21, A: +0.08, rev/s: +5.389,  rev: -71.153
2024/04/18 16:38:27 ID: 241, Data: 9C151300AE07B19C, Celsius: 21, A: +0.19, rev/s: +5.461,  rev: -70.619
2024/04/18 16:38:27 ID: 241, Data: 9C1514005807729D, Celsius: 21, A: +0.20, rev/s: +5.222,  rev: -70.083
2024/04/18 16:38:27 ID: 241, Data: 9C160F009207339E, Celsius: 22, A: +0.15, rev/s: +5.383,  rev: -69.547
2024/04/18 16:38:27 ID: 241, Data: 9C161B003F07F49E, Celsius: 22, A: +0.27, rev/s: +5.153,  rev: -69.011
2024/04/18 16:38:27 ID: 241, Data: 9C160A003B07B59F, Celsius: 22, A: +0.10, rev/s: +5.142,  rev: -68.475
2024/04/18 16:38:27 ID: 241, Data: 9C1611001E0776A0, Celsius: 22, A: +0.17, rev/s: +5.061,  rev: -67.939
2024/04/18 16:38:27 ID: 241, Data: 9C160700350738A1, Celsius: 22, A: +0.07, rev/s: +5.125,  rev: -67.400
2024/04/18 16:38:28 ID: 241, Data: 9C161E002F07F7A1, Celsius: 22, A: +0.30, rev/s: +5.108,  rev: -66.869
2024/04/18 16:38:28 ID: 241, Data: 9C1608005107B9A2, Celsius: 22, A: +0.08, rev/s: +5.203,  rev: -66.331
2024/04/18 16:38:28 ID: 241, Data: 9C1518006C0779A3, Celsius: 21, A: +0.24, rev/s: +5.278,  rev: -65.797
2024/04/18 16:38:28 ID: 241, Data: 9C16FAFF79073BA4, Celsius: 22, A: -0.06, rev/s: +5.314,  rev: -65.258
2024/04/18 16:38:28 ID: 241, Data: 9C160600BC07FBA4, Celsius: 22, A: +0.06, rev/s: +5.500,  rev: -64.725
2024/04/18 16:38:28 ID: 241, Data: 9C16FFFF8107BDA5, Celsius: 22, A: -0.01, rev/s: +5.336,  rev: -64.186
2024/04/18 16:38:28 ID: 241, Data: 9C1503009A077EA6, Celsius: 21, A: +0.03, rev/s: +5.406,  rev: -63.650
2024/04/18 16:38:28 ID: 241, Data: 9C16FEFF80073FA7, Celsius: 22, A: -0.02, rev/s: +5.333,  rev: -63.114
2024/04/18 16:38:28 ID: 241, Data: 9C16FEFF7907FFA7, Celsius: 22, A: -0.02, rev/s: +5.314,  rev: -62.581
2024/04/18 16:38:28 ID: 241, Data: 9C1607006607C0A8, Celsius: 22, A: +0.07, rev/s: +5.261,  rev: -62.044
2024/04/18 16:38:29 ID: 241, Data: 9C151000500780A9, Celsius: 21, A: +0.16, rev/s: +5.200,  rev: -61.511
2024/04/18 16:38:29 ID: 241, Data: 9C161800240740AA, Celsius: 22, A: +0.24, rev/s: +5.078,  rev: -60.978
2024/04/18 16:38:29 ID: 241, Data: 9C151B001E0700AB, Celsius: 21, A: +0.27, rev/s: +5.061,  rev: -60.444
2024/04/18 16:38:29 ID: 241, Data: 9C1614001807BFAB, Celsius: 22, A: +0.20, rev/s: +5.044,  rev: -59.914
2024/04/18 16:38:29 ID: 241, Data: 9C160F00320781AC, Celsius: 22, A: +0.15, rev/s: +5.117,  rev: -59.375
2024/04/18 16:38:29 ID: 241, Data: 9C152100250740AD, Celsius: 21, A: +0.33, rev/s: +5.081,  rev: -58.844
2024/04/18 16:38:29 ID: 241, Data: 9C1505006F0702AE, Celsius: 21, A: +0.05, rev/s: +5.286,  rev: -58.306
2024/04/18 16:38:29 ID: 241, Data: 9C1609006107C2AE, Celsius: 22, A: +0.09, rev/s: +5.247,  rev: -57.772
2024/04/18 16:38:29 ID: 241, Data: 9C161100650785AF, Celsius: 22, A: +0.17, rev/s: +5.258,  rev: -57.231
2024/04/18 16:38:29 ID: 241, Data: 9C160000850745B0, Celsius: 22, A: +0.00, rev/s: +5.347,  rev: -56.697
2024/04/18 16:38:30 ID: 241, Data: 9C161E00790708B1, Celsius: 22, A: +0.30, rev/s: +5.314,  rev: -56.156
2024/04/18 16:38:30 ID: 241, Data: 9C160C009B07C8B1, Celsius: 22, A: +0.12, rev/s: +5.408,  rev: -55.622
2024/04/18 16:38:30 ID: 241, Data: 9C161700760789B2, Celsius: 22, A: +0.23, rev/s: +5.306,  rev: -55.086
2024/04/18 16:38:30 ID: 241, Data: 9C160B004C074AB3, Celsius: 22, A: +0.11, rev/s: +5.189,  rev: -54.550
2024/04/18 16:38:30 ID: 241, Data: 9C16070041070AB4, Celsius: 22, A: +0.07, rev/s: +5.158,  rev: -54.017
2024/04/18 16:38:30 ID: 241, Data: 9C1603004007CAB4, Celsius: 22, A: +0.03, rev/s: +5.156,  rev: -53.483
2024/04/18 16:38:30 ID: 241, Data: 9C16140023078BB5, Celsius: 22, A: +0.20, rev/s: +5.075,  rev: -52.947
2024/04/18 16:38:30 ID: 241, Data: 9C16150021074DB6, Celsius: 22, A: +0.21, rev/s: +5.069,  rev: -52.408
2024/04/18 16:38:30 ID: 241, Data: 9C161B0011070DB7, Celsius: 22, A: +0.27, rev/s: +5.025,  rev: -51.875
2024/04/18 16:38:31 ID: 241, Data: 9C1618003B07CFB7, Celsius: 22, A: +0.24, rev/s: +5.142,  rev: -51.336
2024/04/18 16:38:31 ID: 241, Data: 9C1618004B078FB8, Celsius: 22, A: +0.24, rev/s: +5.186,  rev: -50.803
2024/04/18 16:38:31 ID: 241, Data: 9C161700800751B9, Celsius: 22, A: +0.23, rev/s: +5.333,  rev: -50.264
2024/04/18 16:38:31 ID: 241, Data: 9C1618009B0711BA, Celsius: 22, A: +0.24, rev/s: +5.408,  rev: -49.731
2024/04/18 16:38:31 ID: 241, Data: 9C1614009A07D3BA, Celsius: 22, A: +0.20, rev/s: +5.406,  rev: -49.192
2024/04/18 16:38:31 ID: 241, Data: 9C161E00AA0794BB, Celsius: 22, A: +0.30, rev/s: +5.450,  rev: -48.656
2024/04/18 16:38:31 ID: 241, Data: 9C160D00800756BC, Celsius: 22, A: +0.13, rev/s: +5.333,  rev: -48.117
2024/04/18 16:38:31 ID: 241, Data: 9C160900770717BD, Celsius: 22, A: +0.09, rev/s: +5.308,  rev: -47.581
2024/04/18 16:38:31 ID: 241, Data: 9C16FFFF4707D8BD, Celsius: 22, A: -0.01, rev/s: +5.175,  rev: -47.044
2024/04/18 16:38:31 ID: 241, Data: 9C1604006F0798BE, Celsius: 22, A: +0.04, rev/s: +5.286,  rev: -46.511
2024/04/18 16:38:32 ID: 241, Data: 9C162400100759BF, Celsius: 22, A: +0.36, rev/s: +5.022,  rev: -45.975
2024/04/18 16:38:32 ID: 241, Data: 9C161E004B0719C0, Celsius: 22, A: +0.30, rev/s: +5.186,  rev: -45.442
2024/04/18 16:38:32 ID: 241, Data: 9C1625001507D9C0, Celsius: 22, A: +0.37, rev/s: +5.036,  rev: -44.908
2024/04/18 16:38:32 ID: 241, Data: 9C1623003B079AC1, Celsius: 22, A: +0.35, rev/s: +5.142,  rev: -44.372
2024/04/18 16:38:32 ID: 241, Data: 9C161E0034075AC2, Celsius: 22, A: +0.30, rev/s: +5.122,  rev: -43.839
2024/04/18 16:38:32 ID: 241, Data: 9C160A006D071DC3, Celsius: 22, A: +0.10, rev/s: +5.281,  rev: -43.297
2024/04/18 16:38:32 ID: 241, Data: 9C1616006507DDC3, Celsius: 22, A: +0.22, rev/s: +5.258,  rev: -42.764
2024/04/18 16:38:32 ID: 241, Data: 9C1600009907A0C4, Celsius: 22, A: +0.00, rev/s: +5.403,  rev: -42.222
2024/04/18 16:38:32 ID: 241, Data: 9C161400A4075FC5, Celsius: 22, A: +0.20, rev/s: +5.433,  rev: -41.692
2024/04/18 16:38:32 ID: 241, Data: 9C1602007C0722C6, Celsius: 22, A: +0.02, rev/s: +5.322,  rev: -41.150
2024/04/18 16:38:33 ID: 241, Data: 9C16FCFF6C07E2C6, Celsius: 22, A: -0.04, rev/s: +5.278,  rev: -40.617
2024/04/18 16:38:33 ID: 241, Data: 9C16FDFF6407A4C7, Celsius: 22, A: -0.03, rev/s: +5.256,  rev: -40.078
2024/04/18 16:38:33 ID: 241, Data: 9C1601007C0766C8, Celsius: 22, A: +0.01, rev/s: +5.322,  rev: -39.539
2024/04/18 16:38:33 ID: 241, Data: 9C160500340726C9, Celsius: 22, A: +0.05, rev/s: +5.122,  rev: -39.006
2024/04/18 16:38:33 ID: 241, Data: 9C1600000B07E6C9, Celsius: 22, A: +0.00, rev/s: +5.008,  rev: -38.472
2024/04/18 16:38:33 ID: 241, Data: 9C162B001C07A5CA, Celsius: 22, A: +0.43, rev/s: +5.056,  rev: -37.942
2024/04/18 16:38:33 ID: 241, Data: 9C162300380766CB, Celsius: 22, A: +0.35, rev/s: +5.133,  rev: -37.406
2024/04/18 16:38:33 ID: 241, Data: 9C161C000E0725CC, Celsius: 22, A: +0.28, rev/s: +5.017,  rev: -36.875
2024/04/18 16:38:33 ID: 241, Data: 9C1615004D07E7CC, Celsius: 22, A: +0.21, rev/s: +5.192,  rev: -36.336
2024/04/18 16:38:33 ID: 241, Data: 9C1611004907A6CD, Celsius: 22, A: +0.17, rev/s: +5.181,  rev: -35.806
2024/04/18 16:38:34 ID: 241, Data: 9C1611008A0769CE, Celsius: 22, A: +0.17, rev/s: +5.361,  rev: -35.264
2024/04/18 16:38:34 ID: 241, Data: 9C160F00A80729CF, Celsius: 22, A: +0.15, rev/s: +5.444,  rev: -34.731
2024/04/18 16:38:34 ID: 241, Data: 9C161900A107EBCF, Celsius: 22, A: +0.25, rev/s: +5.425,  rev: -34.192
2024/04/18 16:38:34 ID: 241, Data: 9C161A008F07ABD0, Celsius: 22, A: +0.26, rev/s: +5.375,  rev: -33.658
2024/04/18 16:38:34 ID: 241, Data: 9C1618007E076CD1, Celsius: 22, A: +0.24, rev/s: +5.328,  rev: -33.122
2024/04/18 16:38:34 ID: 241, Data: 9C16150073072DD2, Celsius: 22, A: +0.21, rev/s: +5.297,  rev: -32.586
2024/04/18 16:38:34 ID: 241, Data: 9C161A003307EED2, Celsius: 22, A: +0.26, rev/s: +5.119,  rev: -32.050
2024/04/18 16:38:34 ID: 241, Data: 9C1613002A07AED3, Celsius: 22, A: +0.19, rev/s: +5.094,  rev: -31.517
2024/04/18 16:38:34 ID: 241, Data: 9C160C0004076ED4, Celsius: 22, A: +0.12, rev/s: +4.989,  rev: -30.983
2024/04/18 16:38:34 ID: 241, Data: 9C16250017072DD5, Celsius: 22, A: +0.37, rev/s: +5.042,  rev: -30.453
2024/04/18 16:38:35 ID: 241, Data: 9C1626000807ECD5, Celsius: 22, A: +0.38, rev/s: +5.000,  rev: -29.922
2024/04/18 16:38:35 ID: 241, Data: 9C1609003507ACD6, Celsius: 22, A: +0.09, rev/s: +5.125,  rev: -29.389
2024/04/18 16:38:35 ID: 241, Data: 9C16380030076BD7, Celsius: 22, A: +0.56, rev/s: +5.111,  rev: -28.858
2024/04/18 16:38:35 ID: 241, Data: 9C16180050072BD8, Celsius: 22, A: +0.24, rev/s: +5.200,  rev: -28.325
2024/04/18 16:38:35 ID: 241, Data: 9C1624004407E9D8, Celsius: 22, A: +0.36, rev/s: +5.167,  rev: -27.797
2024/04/18 16:38:35 ID: 241, Data: 9C1616006B07A8D9, Celsius: 22, A: +0.22, rev/s: +5.275,  rev: -27.267
2024/04/18 16:38:35 ID: 241, Data: 9C161200860764DA, Celsius: 22, A: +0.18, rev/s: +5.350,  rev: -26.744
2024/04/18 16:38:35 ID: 241, Data: 9C160900720720DB, Celsius: 22, A: +0.09, rev/s: +5.294,  rev: -26.222
2024/04/18 16:38:35 ID: 241, Data: 9C161C005E07D9DB, Celsius: 22, A: +0.28, rev/s: +5.239,  rev: -25.708
2024/04/18 16:38:36 ID: 241, Data: 9C1615005A0796DC, Celsius: 22, A: +0.21, rev/s: +5.228,  rev: -25.183
2024/04/18 16:38:36 ID: 241, Data: 9C161200750751DD, Celsius: 22, A: +0.18, rev/s: +5.303,  rev: -24.664
2024/04/18 16:38:36 ID: 241, Data: 9C161B0052070FDE, Celsius: 22, A: +0.27, rev/s: +5.206,  rev: -24.136
2024/04/18 16:38:36 ID: 241, Data: 9C1611005907CCDE, Celsius: 22, A: +0.17, rev/s: +5.225,  rev: -23.611
2024/04/18 16:38:36 ID: 241, Data: 9C163B00F20685DF, Celsius: 22, A: +0.59, rev/s: +4.939,  rev: -23.097
2024/04/18 16:38:36 ID: 241, Data: 9C162500EF063AE0, Celsius: 22, A: +0.37, rev/s: +4.931,  rev: -22.594
2024/04/18 16:38:36 ID: 241, Data: 9C163900FD06F2E0, Celsius: 22, A: +0.57, rev/s: +4.969,  rev: -22.083
2024/04/18 16:38:36 ID: 241, Data: 9C162400F706A7E1, Celsius: 22, A: +0.36, rev/s: +4.953,  rev: -21.581
2024/04/18 16:38:36 ID: 241, Data: 9C163800D3065AE2, Celsius: 22, A: +0.56, rev/s: +4.853,  rev: -21.083
2024/04/18 16:38:36 ID: 241, Data: 9C162600DC060BE3, Celsius: 22, A: +0.38, rev/s: +4.878,  rev: -20.592
2024/04/18 16:38:37 ID: 241, Data: 9C162B006A06B9E3, Celsius: 22, A: +0.43, rev/s: +4.561,  rev: -20.108
2024/04/18 16:38:37 ID: 241, Data: 9C162900850552E4, Celsius: 22, A: +0.41, rev/s: +3.925,  rev: -19.683
2024/04/18 16:38:37 ID: 241, Data: 9C163D00F103CBE4, Celsius: 22, A: +0.61, rev/s: +2.803,  rev: -19.347
2024/04/18 16:38:37 ID: 241, Data: 9C1635008F0221E5, Celsius: 22, A: +0.53, rev/s: +1.819,  rev: -19.108
2024/04/18 16:38:37 ID: 241, Data: 9C163500DB004CE5, Celsius: 22, A: +0.53, rev/s: +0.608,  rev: -18.989
2024/04/18 16:38:37 ID: 241, Data: 9C162700DFFF54E5, Celsius: 22, A: +0.39, rev/s: -0.092,  rev: -18.967
2024/04/18 16:38:37 ID: 241, Data: 9C162700FBFF53E5, Celsius: 22, A: +0.39, rev/s: -0.014,  rev: -18.969
2024/04/18 16:38:37 ID: 241, Data: 9C162700040053E5, Celsius: 22, A: +0.39, rev/s: +0.011,  rev: -18.969
2024/04/18 16:38:37 ID: 241, Data: 9C162800F2FF53E5, Celsius: 22, A: +0.40, rev/s: -0.039,  rev: -18.969
2024/04/18 16:38:37 ID: 241, Data: 9C1627000A0053E5, Celsius: 22, A: +0.39, rev/s: +0.028,  rev: -18.969
2024/04/18 16:38:38 ID: 241, Data: 9C162800000053E5, Celsius: 22, A: +0.40, rev/s: +0.000,  rev: -18.969
2024/04/18 16:38:38 ID: 241, Data: 9C162800FCFF53E5, Celsius: 22, A: +0.40, rev/s: -0.011,  rev: -18.969
