2024/04/15 10:42:31 ID: 241, Data: 9C16300065001EF4, Celsius: 22, A: +0.48, rev/s: +0.281,  rev: -8.450
2024/04/15 10:42:31 ID: 241, Data: 9C160B00BA002BF4, Celsius: 22, A: +0.11, rev/s: +0.517,  rev: -8.414
2024/04/15 10:42:31 ID: 241, Data: 9C161E002C0035F4, Celsius: 22, A: +0.30, rev/s: +0.122,  rev: -8.386
2024/04/15 10:42:31 ID: 241, Data: 9C1615000D0040F4, Celsius: 22, A: +0.21, rev/s: +0.036,  rev: -8.356
2024/04/15 10:42:31 ID: 241, Data: 9C16FFFF58004DF4, Celsius: 22, A: -0.01, rev/s: +0.244,  rev: -8.319
2024/04/15 10:42:31 ID: 241, Data: 9C160000A60057F4, Celsius: 22, A: +0.00, rev/s: +0.461,  rev: -8.292
2024/04/15 10:42:31 ID: 241, Data: 9C160200BF0062F4, Celsius: 22, A: +0.02, rev/s: +0.531,  rev: -8.261
2024/04/15 10:42:32 ID: 241, Data: 9C1613007A006DF4, Celsius: 22, A: +0.19, rev/s: +0.339,  rev: -8.231
2024/04/15 10:42:32 ID: 241, Data: 9C162A00410076F4, Celsius: 22, A: +0.42, rev/s: +0.181,  rev: -8.206
2024/04/15 10:42:32 ID: 241, Data: 9C160B009D0083F4, Celsius: 22, A: +0.11, rev/s: +0.436,  rev: -8.169
2024/04/15 10:42:32 ID: 241, Data: 9C16160042008EF4, Celsius: 22, A: +0.22, rev/s: +0.183,  rev: -8.139
2024/04/15 10:42:32 ID: 241, Data: 9C1611009B0099F4, Celsius: 22, A: +0.17, rev/s: +0.431,  rev: -8.108
2024/04/15 10:42:32 ID: 241, Data: 9C160300CC00A5F4, Celsius: 22, A: +0.03, rev/s: +0.567,  rev: -8.075
2024/04/15 10:42:32 ID: 241, Data: 9C1616006400AFF4, Celsius: 22, A: +0.22, rev/s: +0.278,  rev: -8.047
2024/04/15 10:42:32 ID: 241, Data: 9C1617006A00B9F4, Celsius: 22, A: +0.23, rev/s: +0.294,  rev: -8.019
2024/04/15 10:42:32 ID: 241, Data: 9C160C009600C4F4, Celsius: 22, A: +0.12, rev/s: +0.417,  rev: -7.989
2024/04/15 10:42:32 ID: 241, Data: 9C160F003B00D0F4, Celsius: 22, A: +0.15, rev/s: +0.164,  rev: -7.956
2024/04/15 10:42:33 ID: 241, Data: 9C1613000100DBF4, Celsius: 22, A: +0.19, rev/s: +0.003,  rev: -7.925
2024/04/15 10:42:33 ID: 241, Data: 9C1614004000E6F4, Celsius: 22, A: +0.20, rev/s: +0.178,  rev: -7.894
2024/04/15 10:42:33 ID: 241, Data: 9C160B00A100F1F4, Celsius: 22, A: +0.11, rev/s: +0.447,  rev: -7.864
2024/04/15 10:42:33 ID: 241, Data: 9C160200C600FDF4, Celsius: 22, A: +0.02, rev/s: +0.550,  rev: -7.831
2024/04/15 10:42:33 ID: 241, Data: 9C1723006A0006F5, Celsius: 23, A: +0.35, rev/s: +0.294,  rev: -7.806
2024/04/15 10:42:33 ID: 241, Data: 9C160F00A00012F5, Celsius: 22, A: +0.15, rev/s: +0.444,  rev: -7.772
2024/04/15 10:42:33 ID: 241, Data: 9C16160031001DF5, Celsius: 22, A: +0.22, rev/s: +0.136,  rev: -7.742
2024/04/15 10:42:33 ID: 241, Data: 9C160400750028F5, Celsius: 22, A: +0.04, rev/s: +0.325,  rev: -7.711
2024/04/15 10:42:33 ID: 241, Data: 9C1601004D0034F5, Celsius: 22, A: +0.01, rev/s: +0.214,  rev: -7.678
2024/04/15 10:42:34 ID: 241, Data: 9C16070043003FF5, Celsius: 22, A: +0.07, rev/s: +0.186,  rev: -7.647
2024/04/15 10:42:34 ID: 241, Data: 9C160300A8004AF5, Celsius: 22, A: +0.03, rev/s: +0.467,  rev: -7.617
2024/04/15 10:42:34 ID: 241, Data: 9C161400590054F5, Celsius: 22, A: +0.20, rev/s: +0.247,  rev: -7.589
2024/04/15 10:42:34 ID: 241, Data: 9C16130092005FF5, Celsius: 22, A: +0.19, rev/s: +0.406,  rev: -7.558
2024/04/15 10:42:34 ID: 241, Data: 9C160D007A006AF5, Celsius: 22, A: +0.13, rev/s: +0.339,  rev: -7.528
2024/04/15 10:42:34 ID: 241, Data: 9C162800140075F5, Celsius: 22, A: +0.40, rev/s: +0.056,  rev: -7.497
2024/04/15 10:42:34 ID: 241, Data: 9C160B00720081F5, Celsius: 22, A: +0.11, rev/s: +0.317,  rev: -7.464
2024/04/15 10:42:34 ID: 241, Data: 9C160200CF008DF5, Celsius: 22, A: +0.02, rev/s: +0.575,  rev: -7.431
2024/04/15 10:42:34 ID: 241, Data: 9C161500400097F5, Celsius: 22, A: +0.21, rev/s: +0.178,  rev: -7.403
2024/04/15 10:42:34 ID: 241, Data: 9C160C00CB00A1F5, Celsius: 22, A: +0.12, rev/s: +0.564,  rev: -7.375
2024/04/15 10:42:35 ID: 241, Data: 9C160C009200ADF5, Celsius: 22, A: +0.12, rev/s: +0.406,  rev: -7.342
2024/04/15 10:42:35 ID: 241, Data: 9C1617004400B7F5, Celsius: 22, A: +0.23, rev/s: +0.189,  rev: -7.314
2024/04/15 10:42:35 ID: 241, Data: 9C1608003C00C3F5, Celsius: 22, A: +0.08, rev/s: +0.167,  rev: -7.281
2024/04/15 10:42:35 ID: 241, Data: 9C16FEFF7000CFF5, Celsius: 22, A: -0.02, rev/s: +0.311,  rev: -7.247
2024/04/15 10:42:35 ID: 241, Data: 9C160000A700DAF5, Celsius: 22, A: +0.00, rev/s: +0.464,  rev: -7.217
2024/04/15 10:42:35 ID: 241, Data: 9C1608008C00E5F5, Celsius: 22, A: +0.08, rev/s: +0.389,  rev: -7.186
2024/04/15 10:42:35 ID: 241, Data: 9C1630004000EEF5, Celsius: 22, A: +0.48, rev/s: +0.178,  rev: -7.161
2024/04/15 10:42:35 ID: 241, Data: 9C160D00B000FAF5, Celsius: 22, A: +0.13, rev/s: +0.489,  rev: -7.128
2024/04/15 10:42:35 ID: 241, Data: 9C161C00390005F6, Celsius: 22, A: +0.28, rev/s: +0.158,  rev: -7.097
2024/04/15 10:42:35 ID: 241, Data: 9C161400660010F6, Celsius: 22, A: +0.20, rev/s: +0.283,  rev: -7.067
2024/04/15 10:42:36 ID: 241, Data: 9C1602004F001CF6, Celsius: 22, A: +0.02, rev/s: +0.219,  rev: -7.033
2024/04/15 10:42:36 ID: 241, Data: 9C1601007E0027F6, Celsius: 22, A: +0.01, rev/s: +0.350,  rev: -7.003
2024/04/15 10:42:36 ID: 241, Data: 9C160000990032F6, Celsius: 22, A: +0.00, rev/s: +0.425,  rev: -6.972
2024/04/15 10:42:36 ID: 241, Data: 9C16110076003CF6, Celsius: 22, A: +0.17, rev/s: +0.328,  rev: -6.944
2024/04/15 10:42:36 ID: 241, Data: 9C161400800047F6, Celsius: 22, A: +0.20, rev/s: +0.356,  rev: -6.914
2024/04/15 10:42:36 ID: 241, Data: 9C161A00130052F6, Celsius: 22, A: +0.26, rev/s: +0.053,  rev: -6.883
2024/04/15 10:42:36 ID: 241, Data: 9C161F0039005DF6, Celsius: 22, A: +0.31, rev/s: +0.158,  rev: -6.853
2024/04/15 10:42:36 ID: 241, Data: 9C160B009B0069F6, Celsius: 22, A: +0.11, rev/s: +0.431,  rev: -6.819
2024/04/15 10:42:36 ID: 241, Data: 9C160400A20075F6, Celsius: 22, A: +0.04, rev/s: +0.450,  rev: -6.786
2024/04/15 10:42:36 ID: 241, Data: 9C161E0035007FF6, Celsius: 22, A: +0.30, rev/s: +0.147,  rev: -6.758
2024/04/15 10:42:37 ID: 241, Data: 9C161800850089F6, Celsius: 22, A: +0.24, rev/s: +0.369,  rev: -6.731
2024/04/15 10:42:37 ID: 241, Data: 9C160F00730095F6, Celsius: 22, A: +0.15, rev/s: +0.319,  rev: -6.697
2024/04/15 10:42:37 ID: 241, Data: 9C160D008D009FF6, Celsius: 22, A: +0.13, rev/s: +0.392,  rev: -6.669
2024/04/15 10:42:37 ID: 241, Data: 9C160C003500ABF6, Celsius: 22, A: +0.12, rev/s: +0.147,  rev: -6.636
2024/04/15 10:42:37 ID: 241, Data: 9C1611001800B6F6, Celsius: 22, A: +0.17, rev/s: +0.067,  rev: -6.606
2024/04/15 10:42:37 ID: 241, Data: 9C1600008000C2F6, Celsius: 22, A: +0.00, rev/s: +0.356,  rev: -6.572
2024/04/15 10:42:37 ID: 241, Data: 9C16FFFFA700CDF6, Celsius: 22, A: -0.01, rev/s: +0.464,  rev: -6.542
2024/04/15 10:42:37 ID: 241, Data: 9C1625005800D6F6, Celsius: 22, A: +0.37, rev/s: +0.244,  rev: -6.517
2024/04/15 10:42:37 ID: 241, Data: 9C160F00C700E2F6, Celsius: 22, A: +0.15, rev/s: +0.553,  rev: -6.483
2024/04/15 10:42:38 ID: 241, Data: 9C161D004B00EDF6, Celsius: 22, A: +0.29, rev/s: +0.208,  rev: -6.453
2024/04/15 10:42:38 ID: 241, Data: 9C162A003200F7F6, Celsius: 22, A: +0.42, rev/s: +0.139,  rev: -6.425
2024/04/15 10:42:38 ID: 241, Data: 9C17FFFFC30004F7, Celsius: 23, A: -0.01, rev/s: +0.542,  rev: -6.389
2024/04/15 10:42:38 ID: 241, Data: 9C16FEFF4F0010F7, Celsius: 22, A: -0.02, rev/s: +0.219,  rev: -6.356
2024/04/15 10:42:38 ID: 241, Data: 9C16020079001AF7, Celsius: 22, A: +0.02, rev/s: +0.336,  rev: -6.328
2024/04/15 10:42:38 ID: 241, Data: 9C1614007B0024F7, Celsius: 22, A: +0.20, rev/s: +0.342,  rev: -6.300
2024/04/15 10:42:38 ID: 241, Data: 9C1617006F002FF7, Celsius: 22, A: +0.23, rev/s: +0.308,  rev: -6.269
2024/04/15 10:42:38 ID: 241, Data: 9C16120099003AF7, Celsius: 22, A: +0.18, rev/s: +0.425,  rev: -6.239
2024/04/15 10:42:38 ID: 241, Data: 9C1617001B0045F7, Celsius: 22, A: +0.23, rev/s: +0.075,  rev: -6.208
2024/04/15 10:42:38 ID: 241, Data: 9C1611007C0051F7, Celsius: 22, A: +0.17, rev/s: +0.344,  rev: -6.175
2024/04/15 10:42:39 ID: 241, Data: 9C160700A3005DF7, Celsius: 22, A: +0.07, rev/s: +0.453,  rev: -6.142
2024/04/15 10:42:39 ID: 241, Data: 9C161E00600067F7, Celsius: 22, A: +0.30, rev/s: +0.267,  rev: -6.114
2024/04/15 10:42:39 ID: 241, Data: 9C161F00990071F7, Celsius: 22, A: +0.31, rev/s: +0.425,  rev: -6.086
2024/04/15 10:42:39 ID: 241, Data: 9C1613006B007DF7, Celsius: 22, A: +0.19, rev/s: +0.297,  rev: -6.053
2024/04/15 10:42:39 ID: 241, Data: 9C160C008A0088F7, Celsius: 22, A: +0.12, rev/s: +0.383,  rev: -6.022
2024/04/15 10:42:39 ID: 241, Data: 9C161300660092F7, Celsius: 22, A: +0.19, rev/s: +0.283,  rev: -5.994
2024/04/15 10:42:39 ID: 241, Data: 9C16070058009EF7, Celsius: 22, A: +0.07, rev/s: +0.244,  rev: -5.961
2024/04/15 10:42:39 ID: 241, Data: 9C16F9FF9A00AAF7, Celsius: 22, A: -0.07, rev/s: +0.428,  rev: -5.928
2024/04/15 10:42:39 ID: 241, Data: 9C1603007F00B5F7, Celsius: 22, A: +0.03, rev/s: +0.353,  rev: -5.897
2024/04/15 10:42:39 ID: 241, Data: 9C161D004F00BFF7, Celsius: 22, A: +0.29, rev/s: +0.219,  rev: -5.869
2024/04/15 10:42:40 ID: 241, Data: 9C1615008E00CAF7, Celsius: 22, A: +0.21, rev/s: +0.394,  rev: -5.839
2024/04/15 10:42:40 ID: 241, Data: 9C161A007400D5F7, Celsius: 22, A: +0.26, rev/s: +0.322,  rev: -5.808
2024/04/15 10:42:40 ID: 241, Data: 9C1620006400E0F7, Celsius: 22, A: +0.32, rev/s: +0.278,  rev: -5.778
2024/04/15 10:42:40 ID: 241, Data: 9C160F002000ECF7, Celsius: 22, A: +0.15, rev/s: +0.089,  rev: -5.744
2024/04/15 10:42:40 ID: 241, Data: 9C160C005200F7F7, Celsius: 22, A: +0.12, rev/s: +0.228,  rev: -5.714
2024/04/15 10:42:40 ID: 241, Data: 9C16F8FFAB0003F8, Celsius: 22, A: -0.08, rev/s: +0.475,  rev: -5.681
2024/04/15 10:42:40 ID: 241, Data: 9C16000096000EF8, Celsius: 22, A: +0.00, rev/s: +0.417,  rev: -5.650
2024/04/15 10:42:40 ID: 241, Data: 9C170D007F0018F8, Celsius: 23, A: +0.13, rev/s: +0.353,  rev: -5.622
2024/04/15 10:42:40 ID: 241, Data: 9C161900580023F8, Celsius: 22, A: +0.25, rev/s: +0.244,  rev: -5.592
2024/04/15 10:42:40 ID: 241, Data: 9C171E0045002DF8, Celsius: 23, A: +0.30, rev/s: +0.192,  rev: -5.564
2024/04/15 10:42:41 ID: 241, Data: 9C160D00820039F8, Celsius: 22, A: +0.13, rev/s: +0.361,  rev: -5.531
2024/04/15 10:42:41 ID: 241, Data: 9C162300120045F8, Celsius: 22, A: +0.35, rev/s: +0.050,  rev: -5.497
2024/04/15 10:42:41 ID: 241, Data: 9C161200480050F8, Celsius: 22, A: +0.18, rev/s: +0.200,  rev: -5.467
2024/04/15 10:42:41 ID: 241, Data: 9C160C00D4005AF8, Celsius: 22, A: +0.12, rev/s: +0.589,  rev: -5.439
2024/04/15 10:42:41 ID: 241, Data: 9C1617004E0066F8, Celsius: 22, A: +0.23, rev/s: +0.217,  rev: -5.406
2024/04/15 10:42:41 ID: 241, Data: 9C161800760070F8, Celsius: 22, A: +0.24, rev/s: +0.328,  rev: -5.378
2024/04/15 10:42:41 ID: 241, Data: 9C170A00AF007BF8, Celsius: 23, A: +0.10, rev/s: +0.486,  rev: -5.347
2024/04/15 10:42:41 ID: 241, Data: 9C160B00440086F8, Celsius: 22, A: +0.11, rev/s: +0.189,  rev: -5.317
2024/04/15 10:42:41 ID: 241, Data: 9C1605005C0092F8, Celsius: 22, A: +0.05, rev/s: +0.256,  rev: -5.283
2024/04/15 10:42:42 ID: 241, Data: 9C16FEFF81009DF8, Celsius: 22, A: -0.02, rev/s: +0.358,  rev: -5.253
2024/04/15 10:42:42 ID: 241, Data: 9C1606008800A8F8, Celsius: 22, A: +0.06, rev/s: +0.378,  rev: -5.222
2024/04/15 10:42:42 ID: 241, Data: 9C160E00B900B3F8, Celsius: 22, A: +0.14, rev/s: +0.514,  rev: -5.192
2024/04/15 10:42:42 ID: 241, Data: 9C162B002F00BDF8, Celsius: 22, A: +0.43, rev/s: +0.131,  rev: -5.164
2024/04/15 10:42:42 ID: 241, Data: 9C161F005E00C8F8, Celsius: 22, A: +0.31, rev/s: +0.261,  rev: -5.133
2024/04/15 10:42:42 ID: 241, Data: 9C160E005300D4F8, Celsius: 22, A: +0.14, rev/s: +0.231,  rev: -5.100
2024/04/15 10:42:42 ID: 241, Data: 9C1613005000DFF8, Celsius: 22, A: +0.19, rev/s: +0.222,  rev: -5.069
2024/04/15 10:42:42 ID: 241, Data: 9C1601007200EBF8, Celsius: 22, A: +0.01, rev/s: +0.317,  rev: -5.036
2024/04/15 10:42:42 ID: 241, Data: 9C1606007000F6F8, Celsius: 22, A: +0.06, rev/s: +0.311,  rev: -5.006
2024/04/15 10:42:42 ID: 241, Data: 9C161000680000F9, Celsius: 22, A: +0.16, rev/s: +0.289,  rev: -4.978
2024/04/15 10:42:43 ID: 241, Data: 9C17110075000BF9, Celsius: 23, A: +0.17, rev/s: +0.325,  rev: -4.947
2024/04/15 10:42:43 ID: 241, Data: 9C160E00850015F9, Celsius: 22, A: +0.14, rev/s: +0.369,  rev: -4.919
2024/04/15 10:42:43 ID: 241, Data: 9C170F005E0021F9, Celsius: 23, A: +0.15, rev/s: +0.261,  rev: -4.886
2024/04/15 10:42:43 ID: 241, Data: 9C1615002E002DF9, Celsius: 22, A: +0.21, rev/s: +0.128,  rev: -4.853
2024/04/15 10:42:43 ID: 241, Data: 9C171000460037F9, Celsius: 23, A: +0.16, rev/s: +0.194,  rev: -4.825
2024/04/15 10:42:43 ID: 241, Data: 9C160000E90042F9, Celsius: 22, A: +0.00, rev/s: +0.647,  rev: -4.794
2024/04/15 10:42:43 ID: 241, Data: 9C160D0064004EF9, Celsius: 22, A: +0.13, rev/s: +0.278,  rev: -4.761
2024/04/15 10:42:43 ID: 241, Data: 9C161D00720058F9, Celsius: 22, A: +0.29, rev/s: +0.317,  rev: -4.733
2024/04/15 10:42:43 ID: 241, Data: 9C160F00720063F9, Celsius: 22, A: +0.15, rev/s: +0.317,  rev: -4.703
2024/04/15 10:42:43 ID: 241, Data: 9C1719004D006DF9, Celsius: 23, A: +0.25, rev/s: +0.214,  rev: -4.675
2024/04/15 10:42:44 ID: 241, Data: 9C1600009C007AF9, Celsius: 22, A: +0.00, rev/s: +0.433,  rev: -4.639
2024/04/15 10:42:44 ID: 241, Data: 9C1602003D0085F9, Celsius: 22, A: +0.02, rev/s: +0.169,  rev: -4.608
2024/04/15 10:42:44 ID: 241, Data: 9C1603007D0090F9, Celsius: 22, A: +0.03, rev/s: +0.347,  rev: -4.578
2024/04/15 10:42:44 ID: 241, Data: 9C17080089009BF9, Celsius: 23, A: +0.08, rev/s: +0.381,  rev: -4.547
2024/04/15 10:42:44 ID: 241, Data: 9C1629004700A5F9, Celsius: 22, A: +0.41, rev/s: +0.197,  rev: -4.519
2024/04/15 10:42:44 ID: 241, Data: 9C171D008700B0F9, Celsius: 23, A: +0.29, rev/s: +0.375,  rev: -4.489
2024/04/15 10:42:44 ID: 241, Data: 9C1618002F00BCF9, Celsius: 22, A: +0.24, rev/s: +0.131,  rev: -4.456
2024/04/15 10:42:44 ID: 241, Data: 9C1622002A00C7F9, Celsius: 22, A: +0.34, rev/s: +0.117,  rev: -4.425
2024/04/15 10:42:44 ID: 241, Data: 9C1609007E00D3F9, Celsius: 22, A: +0.09, rev/s: +0.350,  rev: -4.392
2024/04/15 10:42:44 ID: 241, Data: 9C16FEFFA500DEF9, Celsius: 22, A: -0.02, rev/s: +0.458,  rev: -4.361
2024/04/15 10:42:45 ID: 241, Data: 9C1700009700E8F9, Celsius: 23, A: +0.00, rev/s: +0.419,  rev: -4.333
2024/04/15 10:42:45 ID: 241, Data: 9C1609009D00F3F9, Celsius: 22, A: +0.09, rev/s: +0.436,  rev: -4.303
2024/04/15 10:42:45 ID: 241, Data: 9C160D007100FDF9, Celsius: 22, A: +0.13, rev/s: +0.314,  rev: -4.275
2024/04/15 10:42:45 ID: 241, Data: 9C1716004B0008FA, Celsius: 23, A: +0.22, rev/s: +0.208,  rev: -4.244
2024/04/15 10:42:45 ID: 241, Data: 9C1602005E0015FA, Celsius: 22, A: +0.02, rev/s: +0.261,  rev: -4.208
2024/04/15 10:42:45 ID: 241, Data: 9C1610007A001FFA, Celsius: 22, A: +0.16, rev/s: +0.339,  rev: -4.181
2024/04/15 10:42:45 ID: 241, Data: 9C160700E7002AFA, Celsius: 22, A: +0.07, rev/s: +0.642,  rev: -4.150
2024/04/15 10:42:45 ID: 241, Data: 9C171D00400035FA, Celsius: 23, A: +0.29, rev/s: +0.178,  rev: -4.119
2024/04/15 10:42:45 ID: 241, Data: 9C1737003F003FFA, Celsius: 23, A: +0.55, rev/s: +0.175,  rev: -4.092
2024/04/15 10:42:45 ID: 241, Data: 9C16080096004CFA, Celsius: 22, A: +0.08, rev/s: +0.417,  rev: -4.056
2024/04/15 10:42:46 ID: 241, Data: 9C171100410056FA, Celsius: 23, A: +0.17, rev/s: +0.181,  rev: -4.028
2024/04/15 10:42:46 ID: 241, Data: 9C1710002C0061FA, Celsius: 23, A: +0.16, rev/s: +0.122,  rev: -3.997
2024/04/15 10:42:46 ID: 241, Data: 9C160B0035006DFA, Celsius: 22, A: +0.11, rev/s: +0.147,  rev: -3.964
2024/04/15 10:42:46 ID: 241, Data: 9C170500760078FA, Celsius: 23, A: +0.05, rev/s: +0.328,  rev: -3.933
2024/04/15 10:42:46 ID: 241, Data: 9C160500830083FA, Celsius: 22, A: +0.05, rev/s: +0.364,  rev: -3.903
2024/04/15 10:42:46 ID: 241, Data: 9C17160066008EFA, Celsius: 23, A: +0.22, rev/s: +0.283,  rev: -3.872
2024/04/15 10:42:46 ID: 241, Data: 9C1617008D0098FA, Celsius: 22, A: +0.23, rev/s: +0.392,  rev: -3.844
2024/04/15 10:42:46 ID: 241, Data: 9C1619003500A4FA, Celsius: 22, A: +0.25, rev/s: +0.147,  rev: -3.811
2024/04/15 10:42:46 ID: 241, Data: 9C171E004E00AEFA, Celsius: 23, A: +0.30, rev/s: +0.217,  rev: -3.783
2024/04/15 10:42:47 ID: 241, Data: 9C170000B800BBFA, Celsius: 23, A: +0.00, rev/s: +0.511,  rev: -3.747
2024/04/15 10:42:47 ID: 241, Data: 9C170B005E00C6FA, Celsius: 23, A: +0.11, rev/s: +0.261,  rev: -3.717
2024/04/15 10:42:47 ID: 241, Data: 9C1608007C00D0FA, Celsius: 22, A: +0.08, rev/s: +0.344,  rev: -3.689
2024/04/15 10:42:47 ID: 241, Data: 9C160E007300DBFA, Celsius: 22, A: +0.14, rev/s: +0.319,  rev: -3.658
2024/04/15 10:42:47 ID: 241, Data: 9C1610008A00E5FA, Celsius: 22, A: +0.16, rev/s: +0.383,  rev: -3.631
2024/04/15 10:42:47 ID: 241, Data: 9C160A009700F1FA, Celsius: 22, A: +0.10, rev/s: +0.419,  rev: -3.597
2024/04/15 10:42:47 ID: 241, Data: 9C160E004700FCFA, Celsius: 22, A: +0.14, rev/s: +0.197,  rev: -3.567
2024/04/15 10:42:47 ID: 241, Data: 9C171100520007FB, Celsius: 23, A: +0.17, rev/s: +0.228,  rev: -3.536
2024/04/15 10:42:47 ID: 241, Data: 9C170500D30013FB, Celsius: 23, A: +0.05, rev/s: +0.586,  rev: -3.503
2024/04/15 10:42:47 ID: 241, Data: 9C1708007C001EFB, Celsius: 23, A: +0.08, rev/s: +0.344,  rev: -3.472
2024/04/15 10:42:48 ID: 241, Data: 9C172B006C0027FB, Celsius: 23, A: +0.43, rev/s: +0.300,  rev: -3.447
2024/04/15 10:42:48 ID: 241, Data: 9C1712008F0034FB, Celsius: 23, A: +0.18, rev/s: +0.397,  rev: -3.411
2024/04/15 10:42:48 ID: 241, Data: 9C1721003B003EFB, Celsius: 23, A: +0.33, rev/s: +0.164,  rev: -3.383
2024/04/15 10:42:48 ID: 241, Data: 9C1716003D0049FB, Celsius: 23, A: +0.22, rev/s: +0.169,  rev: -3.353
2024/04/15 10:42:48 ID: 241, Data: 9C170200370055FB, Celsius: 23, A: +0.02, rev/s: +0.153,  rev: -3.319
2024/04/15 10:42:48 ID: 241, Data: 9C170200540060FB, Celsius: 23, A: +0.02, rev/s: +0.233,  rev: -3.289
2024/04/15 10:42:48 ID: 241, Data: 9C170200A1006BFB, Celsius: 23, A: +0.02, rev/s: +0.447,  rev: -3.258
2024/04/15 10:42:48 ID: 241, Data: 9C1717005C0075FB, Celsius: 23, A: +0.23, rev/s: +0.256,  rev: -3.231
2024/04/15 10:42:48 ID: 241, Data: 9C171A00850080FB, Celsius: 23, A: +0.26, rev/s: +0.369,  rev: -3.200
2024/04/15 10:42:48 ID: 241, Data: 9C170B0082008CFB, Celsius: 23, A: +0.11, rev/s: +0.361,  rev: -3.167
2024/04/15 10:42:49 ID: 241, Data: 9C171D00350097FB, Celsius: 23, A: +0.29, rev/s: +0.147,  rev: -3.136
2024/04/15 10:42:49 ID: 241, Data: 9C170A009500A2FB, Celsius: 23, A: +0.10, rev/s: +0.414,  rev: -3.106
2024/04/15 10:42:49 ID: 241, Data: 9C1712004D00AEFB, Celsius: 23, A: +0.18, rev/s: +0.214,  rev: -3.072
2024/04/15 10:42:49 ID: 241, Data: 9C170400A400B8FB, Celsius: 23, A: +0.04, rev/s: +0.456,  rev: -3.044
2024/04/15 10:42:49 ID: 241, Data: 9C170700A100C3FB, Celsius: 23, A: +0.07, rev/s: +0.447,  rev: -3.014
2024/04/15 10:42:49 ID: 241, Data: 9C170E008B00CEFB, Celsius: 23, A: +0.14, rev/s: +0.386,  rev: -2.983
2024/04/15 10:42:49 ID: 241, Data: 9C1717005400D8FB, Celsius: 23, A: +0.23, rev/s: +0.233,  rev: -2.956
2024/04/15 10:42:49 ID: 241, Data: 9C171C002500E3FB, Celsius: 23, A: +0.28, rev/s: +0.103,  rev: -2.925
2024/04/15 10:42:49 ID: 241, Data: 9C170C006D00EFFB, Celsius: 23, A: +0.12, rev/s: +0.303,  rev: -2.892
2024/04/15 10:42:49 ID: 241, Data: 9C170000A900FBFB, Celsius: 23, A: +0.00, rev/s: +0.469,  rev: -2.858
2024/04/15 10:42:50 ID: 241, Data: 9C171600560006FC, Celsius: 23, A: +0.22, rev/s: +0.239,  rev: -2.828
2024/04/15 10:42:50 ID: 241, Data: 9C172500620010FC, Celsius: 23, A: +0.37, rev/s: +0.272,  rev: -2.800
2024/04/15 10:42:50 ID: 241, Data: 9C17120091001CFC, Celsius: 23, A: +0.18, rev/s: +0.403,  rev: -2.767
2024/04/15 10:42:50 ID: 241, Data: 9C161B00580026FC, Celsius: 22, A: +0.27, rev/s: +0.244,  rev: -2.739
2024/04/15 10:42:50 ID: 241, Data: 9C171100560032FC, Celsius: 23, A: +0.17, rev/s: +0.239,  rev: -2.706
2024/04/15 10:42:50 ID: 241, Data: 9C17140014003DFC, Celsius: 23, A: +0.20, rev/s: +0.056,  rev: -2.675
2024/04/15 10:42:50 ID: 241, Data: 9C170D00410048FC, Celsius: 23, A: +0.13, rev/s: +0.181,  rev: -2.644
2024/04/15 10:42:50 ID: 241, Data: 9C17FDFF7C0054FC, Celsius: 23, A: -0.03, rev/s: +0.344,  rev: -2.611
2024/04/15 10:42:50 ID: 241, Data: 9C1706008A005EFC, Celsius: 23, A: +0.06, rev/s: +0.383,  rev: -2.583
2024/04/15 10:42:51 ID: 241, Data: 9C160A00A10069FC, Celsius: 22, A: +0.10, rev/s: +0.447,  rev: -2.553
2024/04/15 10:42:51 ID: 241, Data: 9C161000600074FC, Celsius: 22, A: +0.16, rev/s: +0.267,  rev: -2.522
2024/04/15 10:42:51 ID: 241, Data: 9C16250047007EFC, Celsius: 22, A: +0.37, rev/s: +0.197,  rev: -2.494
2024/04/15 10:42:51 ID: 241, Data: 9C17020079008AFC, Celsius: 23, A: +0.02, rev/s: +0.336,  rev: -2.461
2024/04/15 10:42:51 ID: 241, Data: 9C171800450096FC, Celsius: 23, A: +0.24, rev/s: +0.192,  rev: -2.428
2024/04/15 10:42:51 ID: 241, Data: 9C1709008700A0FC, Celsius: 23, A: +0.09, rev/s: +0.375,  rev: -2.400
2024/04/15 10:42:51 ID: 241, Data: 9C1710008100ABFC, Celsius: 23, A: +0.16, rev/s: +0.358,  rev: -2.369
2024/04/15 10:42:51 ID: 241, Data: 9C161A005B00B6FC, Celsius: 22, A: +0.26, rev/s: +0.253,  rev: -2.339
2024/04/15 10:42:51 ID: 241, Data: 9C171A005600C0FC, Celsius: 23, A: +0.26, rev/s: +0.239,  rev: -2.311
2024/04/15 10:42:51 ID: 241, Data: 9C1710004700CCFC, Celsius: 23, A: +0.16, rev/s: +0.197,  rev: -2.278
2024/04/15 10:42:52 ID: 241, Data: 9C170D002400D7FC, Celsius: 23, A: +0.13, rev/s: +0.100,  rev: -2.247
2024/04/15 10:42:52 ID: 241, Data: 9C1705006300E3FC, Celsius: 23, A: +0.05, rev/s: +0.275,  rev: -2.214
2024/04/15 10:42:52 ID: 241, Data: 9C171E004100EEFC, Celsius: 23, A: +0.30, rev/s: +0.181,  rev: -2.183
2024/04/15 10:42:52 ID: 241, Data: 9C1730005D00F7FC, Celsius: 23, A: +0.48, rev/s: +0.258,  rev: -2.158
2024/04/15 10:42:52 ID: 241, Data: 9C170D008C0004FD, Celsius: 23, A: +0.13, rev/s: +0.389,  rev: -2.122
2024/04/15 10:42:52 ID: 241, Data: 9C17220041000EFD, Celsius: 23, A: +0.34, rev/s: +0.181,  rev: -2.094
2024/04/15 10:42:52 ID: 241, Data: 9C171B00590019FD, Celsius: 23, A: +0.27, rev/s: +0.247,  rev: -2.064
2024/04/15 10:42:52 ID: 241, Data: 9C170A003E0025FD, Celsius: 23, A: +0.10, rev/s: +0.172,  rev: -2.031
2024/04/15 10:42:52 ID: 241, Data: 9C17FFFF810030FD, Celsius: 23, A: -0.01, rev/s: +0.358,  rev: -2.000
2024/04/15 10:42:52 ID: 241, Data: 9C17FAFF93003CFD, Celsius: 23, A: -0.06, rev/s: +0.408,  rev: -1.967
2024/04/15 10:42:53 ID: 241, Data: 9C170900930046FD, Celsius: 23, A: +0.09, rev/s: +0.408,  rev: -1.939
2024/04/15 10:42:53 ID: 241, Data: 9C1716006F0050FD, Celsius: 23, A: +0.22, rev/s: +0.308,  rev: -1.911
2024/04/15 10:42:53 ID: 241, Data: 9C17140066005BFD, Celsius: 23, A: +0.20, rev/s: +0.283,  rev: -1.881
2024/04/15 10:42:53 ID: 241, Data: 9C171B003B0066FD, Celsius: 23, A: +0.27, rev/s: +0.164,  rev: -1.850
2024/04/15 10:42:53 ID: 241, Data: 9C1708007D0072FD, Celsius: 23, A: +0.08, rev/s: +0.347,  rev: -1.817
2024/04/15 10:42:53 ID: 241, Data: 9C171B0015007DFD, Celsius: 23, A: +0.27, rev/s: +0.058,  rev: -1.786
2024/04/15 10:42:53 ID: 241, Data: 9C1718004E0088FD, Celsius: 23, A: +0.24, rev/s: +0.217,  rev: -1.756
2024/04/15 10:42:53 ID: 241, Data: 9C170B00B00093FD, Celsius: 23, A: +0.11, rev/s: +0.489,  rev: -1.725
2024/04/15 10:42:53 ID: 241, Data: 9C170D0070009EFD, Celsius: 23, A: +0.13, rev/s: +0.311,  rev: -1.694
2024/04/15 10:42:53 ID: 241, Data: 9C170F00A200A9FD, Celsius: 23, A: +0.15, rev/s: +0.450,  rev: -1.664
2024/04/15 10:42:54 ID: 241, Data: 9C171C003700B4FD, Celsius: 23, A: +0.28, rev/s: +0.153,  rev: -1.633
2024/04/15 10:42:54 ID: 241, Data: 9C1716003200BEFD, Celsius: 23, A: +0.22, rev/s: +0.139,  rev: -1.606
2024/04/15 10:42:54 ID: 241, Data: 9C1603004800CBFD, Celsius: 22, A: +0.03, rev/s: +0.200,  rev: -1.569
2024/04/15 10:42:54 ID: 241, Data: 9C170D001F00D6FD, Celsius: 23, A: +0.13, rev/s: +0.086,  rev: -1.539
2024/04/15 10:42:54 ID: 241, Data: 9C171700A300E0FD, Celsius: 23, A: +0.23, rev/s: +0.453,  rev: -1.511
2024/04/15 10:42:54 ID: 241, Data: 9C170E009B00ECFD, Celsius: 23, A: +0.14, rev/s: +0.431,  rev: -1.478
2024/04/15 10:42:54 ID: 241, Data: 9C1725004A00F6FD, Celsius: 23, A: +0.37, rev/s: +0.206,  rev: -1.450
2024/04/15 10:42:54 ID: 241, Data: 9C1720007D0000FE, Celsius: 23, A: +0.32, rev/s: +0.347,  rev: -1.422
2024/04/15 10:42:54 ID: 241, Data: 9C170F0028000DFE, Celsius: 23, A: +0.15, rev/s: +0.111,  rev: -1.386
2024/04/15 10:42:54 ID: 241, Data: 9C170900130018FE, Celsius: 23, A: +0.09, rev/s: +0.053,  rev: -1.356
2024/04/15 10:42:55 ID: 241, Data: 9C17FDFF7F0023FE, Celsius: 23, A: -0.03, rev/s: +0.353,  rev: -1.325
2024/04/15 10:42:55 ID: 241, Data: 9C17090077002EFE, Celsius: 23, A: +0.09, rev/s: +0.331,  rev: -1.294
2024/04/15 10:42:55 ID: 241, Data: 9C171400600038FE, Celsius: 23, A: +0.20, rev/s: +0.267,  rev: -1.267
2024/04/15 10:42:55 ID: 241, Data: 9C170F00790043FE, Celsius: 23, A: +0.15, rev/s: +0.336,  rev: -1.236
2024/04/15 10:42:55 ID: 241, Data: 9C1721002F004EFE, Celsius: 23, A: +0.33, rev/s: +0.131,  rev: -1.206
2024/04/15 10:42:55 ID: 241, Data: 9C17140066005AFE, Celsius: 23, A: +0.20, rev/s: +0.283,  rev: -1.172
2024/04/15 10:42:55 ID: 241, Data: 9C1710003F0066FE, Celsius: 23, A: +0.16, rev/s: +0.175,  rev: -1.139
2024/04/15 10:42:55 ID: 241, Data: 9C171C00680070FE, Celsius: 23, A: +0.28, rev/s: +0.289,  rev: -1.111
2024/04/15 10:42:55 ID: 241, Data: 9C170600EE007BFE, Celsius: 23, A: +0.06, rev/s: +0.661,  rev: -1.081
2024/04/15 10:42:56 ID: 241, Data: 9C171E002B0086FE, Celsius: 23, A: +0.30, rev/s: +0.119,  rev: -1.050
2024/04/15 10:42:56 ID: 241, Data: 9C171A00430091FE, Celsius: 23, A: +0.26, rev/s: +0.186,  rev: -1.019
2024/04/15 10:42:56 ID: 241, Data: 9C17100066009BFE, Celsius: 23, A: +0.16, rev/s: +0.283,  rev: -0.992
2024/04/15 10:42:56 ID: 241, Data: 9C1706008700A7FE, Celsius: 23, A: +0.06, rev/s: +0.375,  rev: -0.958
2024/04/15 10:42:56 ID: 241, Data: 9C1708002200B3FE, Celsius: 23, A: +0.08, rev/s: +0.094,  rev: -0.925
2024/04/15 10:42:56 ID: 241, Data: 9C1710002300BEFE, Celsius: 23, A: +0.16, rev/s: +0.097,  rev: -0.894
2024/04/15 10:42:56 ID: 241, Data: 9C170F007700C8FE, Celsius: 23, A: +0.15, rev/s: +0.331,  rev: -0.867
2024/04/15 10:42:56 ID: 241, Data: 9C170600AA00D3FE, Celsius: 23, A: +0.06, rev/s: +0.472,  rev: -0.836
2024/04/15 10:42:56 ID: 241, Data: 9C1719006700DEFE, Celsius: 23, A: +0.25, rev/s: +0.286,  rev: -0.806
2024/04/15 10:42:56 ID: 241, Data: 9C1715008F00E9FE, Celsius: 23, A: +0.21, rev/s: +0.397,  rev: -0.775
2024/04/15 10:42:57 ID: 241, Data: 9C1712004400F5FE, Celsius: 23, A: +0.18, rev/s: +0.189,  rev: -0.742
2024/04/15 10:42:57 ID: 241, Data: 9C170600630000FF, Celsius: 23, A: +0.06, rev/s: +0.275,  rev: -0.711
2024/04/15 10:42:57 ID: 241, Data: 9C17F8FF94000CFF, Celsius: 23, A: -0.08, rev/s: +0.411,  rev: -0.678
2024/04/15 10:42:57 ID: 241, Data: 9C1701006B0017FF, Celsius: 23, A: +0.01, rev/s: +0.297,  rev: -0.647
2024/04/15 10:42:57 ID: 241, Data: 9C1707008F0021FF, Celsius: 23, A: +0.07, rev/s: +0.397,  rev: -0.619
2024/04/15 10:42:57 ID: 241, Data: 9C171A004D002BFF, Celsius: 23, A: +0.26, rev/s: +0.214,  rev: -0.592
2024/04/15 10:42:57 ID: 241, Data: 9C161A00790036FF, Celsius: 22, A: +0.26, rev/s: +0.336,  rev: -0.561
2024/04/15 10:42:57 ID: 241, Data: 9C170E00750042FF, Celsius: 23, A: +0.14, rev/s: +0.325,  rev: -0.528
2024/04/15 10:42:57 ID: 241, Data: 9C172400FFFF4DFF, Celsius: 23, A: +0.36, rev/s: -0.003,  rev: -0.497
2024/04/15 10:42:57 ID: 241, Data: 9C170E004C0058FF, Celsius: 23, A: +0.14, rev/s: +0.211,  rev: -0.467
2024/04/15 10:42:58 ID: 241, Data: 9C170500CC0063FF, Celsius: 23, A: +0.05, rev/s: +0.567,  rev: -0.436
2024/04/15 10:42:58 ID: 241, Data: 9C17160050006FFF, Celsius: 23, A: +0.22, rev/s: +0.222,  rev: -0.403
2024/04/15 10:42:58 ID: 241, Data: 9C171100A50078FF, Celsius: 23, A: +0.17, rev/s: +0.458,  rev: -0.378
2024/04/15 10:42:58 ID: 241, Data: 9C170400A70084FF, Celsius: 23, A: +0.04, rev/s: +0.464,  rev: -0.344
2024/04/15 10:42:58 ID: 241, Data: 9C17120054008FFF, Celsius: 23, A: +0.18, rev/s: +0.233,  rev: -0.314
2024/04/15 10:42:58 ID: 241, Data: 9C17050059009BFF, Celsius: 23, A: +0.05, rev/s: +0.247,  rev: -0.281
2024/04/15 10:42:58 ID: 241, Data: 9C17FBFF9100A6FF, Celsius: 23, A: -0.05, rev/s: +0.403,  rev: -0.250
2024/04/15 10:42:58 ID: 241, Data: 9C17FDFFBC00B1FF, Celsius: 23, A: -0.03, rev/s: +0.522,  rev: -0.219
2024/04/15 10:42:58 ID: 241, Data: 9C170500A100BCFF, Celsius: 23, A: +0.05, rev/s: +0.447,  rev: -0.189
2024/04/15 10:42:58 ID: 241, Data: 9C172D003900C6FF, Celsius: 23, A: +0.45, rev/s: +0.158,  rev: -0.161
2024/04/15 10:42:59 ID: 241, Data: 9C1717007000D1FF, Celsius: 23, A: +0.23, rev/s: +0.311,  rev: -0.131
2024/04/15 10:42:59 ID: 241, Data: 9C1716004800DDFF, Celsius: 23, A: +0.22, rev/s: +0.200,  rev: -0.097
2024/04/15 10:42:59 ID: 241, Data: 9C1712005000E8FF, Celsius: 23, A: +0.18, rev/s: +0.222,  rev: -0.067
2024/04/15 10:42:59 ID: 241, Data: 9C1703007200F4FF, Celsius: 23, A: +0.03, rev/s: +0.317,  rev: -0.033
2024/04/15 10:42:59 ID: 241, Data: 9C1705007100FEFF, Celsius: 23, A: +0.05, rev/s: +0.314,  rev: -0.006
2024/04/15 10:42:59 ID: 241, Data: 9C1708008C000800, Celsius: 23, A: +0.08, rev/s: +0.389,  rev: +0.022
2024/04/15 10:42:59 ID: 241, Data: 9C17120082001200, Celsius: 23, A: +0.18, rev/s: +0.361,  rev: +0.050
2024/04/15 10:42:59 ID: 241, Data: 9C170A00B6001D00, Celsius: 23, A: +0.10, rev/s: +0.506,  rev: +0.081
2024/04/15 10:42:59 ID: 241, Data: 9C17180030002900, Celsius: 23, A: +0.24, rev/s: +0.133,  rev: +0.114
2024/04/15 10:43:00 ID: 241, Data: 9C171A002A003400, Celsius: 23, A: +0.26, rev/s: +0.117,  rev: +0.144
2024/04/15 10:43:00 ID: 241, Data: 9C170F0067003F00, Celsius: 23, A: +0.15, rev/s: +0.286,  rev: +0.175
2024/04/15 10:43:00 ID: 241, Data: 9C170000DD004B00, Celsius: 23, A: +0.00, rev/s: +0.614,  rev: +0.208
2024/04/15 10:43:00 ID: 241, Data: 9C171C002F005600, Celsius: 23, A: +0.28, rev/s: +0.131,  rev: +0.239
2024/04/15 10:43:00 ID: 241, Data: 9C171B007A006000, Celsius: 23, A: +0.27, rev/s: +0.339,  rev: +0.267
2024/04/15 10:43:00 ID: 241, Data: 9C170E0076006B00, Celsius: 23, A: +0.14, rev/s: +0.328,  rev: +0.297
2024/04/15 10:43:00 ID: 241, Data: 9C1716006E007500, Celsius: 23, A: +0.22, rev/s: +0.306,  rev: +0.325
2024/04/15 10:43:00 ID: 241, Data: 9C1703007E008200, Celsius: 23, A: +0.03, rev/s: +0.350,  rev: +0.361
2024/04/15 10:43:00 ID: 241, Data: 9C1709002D008D00, Celsius: 23, A: +0.09, rev/s: +0.125,  rev: +0.392
2024/04/15 10:43:00 ID: 241, Data: 9C17030076009800, Celsius: 23, A: +0.03, rev/s: +0.328,  rev: +0.422
2024/04/15 10:43:01 ID: 241, Data: 9C170100A600A300, Celsius: 23, A: +0.01, rev/s: +0.461,  rev: +0.453
2024/04/15 10:43:01 ID: 241, Data: 9C1728004600AC00, Celsius: 23, A: +0.40, rev/s: +0.194,  rev: +0.478
2024/04/15 10:43:01 ID: 241, Data: 9C171600B400B800, Celsius: 23, A: +0.22, rev/s: +0.500,  rev: +0.511
2024/04/15 10:43:01 ID: 241, Data: 9C171A003200C300, Celsius: 23, A: +0.26, rev/s: +0.139,  rev: +0.542
2024/04/15 10:43:01 ID: 241, Data: 9C1726004F00CE00, Celsius: 23, A: +0.38, rev/s: +0.219,  rev: +0.572
2024/04/15 10:43:01 ID: 241, Data: 9C170200A400DA00, Celsius: 23, A: +0.02, rev/s: +0.456,  rev: +0.606
2024/04/15 10:43:01 ID: 241, Data: 9C17FEFF7800E600, Celsius: 23, A: -0.02, rev/s: +0.333,  rev: +0.639
2024/04/15 10:43:01 ID: 241, Data: 9C170100BD00F000, Celsius: 23, A: +0.01, rev/s: +0.525,  rev: +0.667
2024/04/15 10:43:01 ID: 241, Data: 9C1711007500FB00, Celsius: 23, A: +0.17, rev/s: +0.325,  rev: +0.697
2024/04/15 10:43:01 ID: 241, Data: 9C1712006C000501, Celsius: 23, A: +0.18, rev/s: +0.300,  rev: +0.725
2024/04/15 10:43:02 ID: 241, Data: 9C17150060001001, Celsius: 23, A: +0.21, rev/s: +0.267,  rev: +0.756
2024/04/15 10:43:02 ID: 241, Data: 9C17080048001C01, Celsius: 23, A: +0.08, rev/s: +0.200,  rev: +0.789
2024/04/15 10:43:02 ID: 241, Data: 9C17090082002701, Celsius: 23, A: +0.09, rev/s: +0.361,  rev: +0.819
2024/04/15 10:43:02 ID: 241, Data: 9C170500E0003301, Celsius: 23, A: +0.05, rev/s: +0.622,  rev: +0.853
2024/04/15 10:43:02 ID: 241, Data: 9C171F0052003D01, Celsius: 23, A: +0.31, rev/s: +0.228,  rev: +0.881
2024/04/15 10:43:02 ID: 241, Data: 9C172F0064004701, Celsius: 23, A: +0.47, rev/s: +0.278,  rev: +0.908
2024/04/15 10:43:02 ID: 241, Data: 9C1709009C005401, Celsius: 23, A: +0.09, rev/s: +0.433,  rev: +0.944
2024/04/15 10:43:02 ID: 241, Data: 9C170F004F005E01, Celsius: 23, A: +0.15, rev/s: +0.219,  rev: +0.972
2024/04/15 10:43:02 ID: 241, Data: 9C17140036006901, Celsius: 23, A: +0.20, rev/s: +0.150,  rev: +1.003
2024/04/15 10:43:02 ID: 241, Data: 9C17090050007401, Celsius: 23, A: +0.09, rev/s: +0.222,  rev: +1.033
2024/04/15 10:43:03 ID: 241, Data: 9C17FCFFA6008001, Celsius: 23, A: -0.04, rev/s: +0.461,  rev: +1.067
2024/04/15 10:43:03 ID: 241, Data: 9C170300A4008B01, Celsius: 23, A: +0.03, rev/s: +0.456,  rev: +1.097
2024/04/15 10:43:03 ID: 241, Data: 9C171D0047009501, Celsius: 23, A: +0.29, rev/s: +0.197,  rev: +1.125
2024/04/15 10:43:03 ID: 241, Data: 9C1721008200A001, Celsius: 23, A: +0.33, rev/s: +0.361,  rev: +1.156
2024/04/15 10:43:03 ID: 241, Data: 9C1719004500AB01, Celsius: 23, A: +0.25, rev/s: +0.192,  rev: +1.186
2024/04/15 10:43:03 ID: 241, Data: 9C1720004400B601, Celsius: 23, A: +0.32, rev/s: +0.189,  rev: +1.217
2024/04/15 10:43:03 ID: 241, Data: 9C1704006F00C201, Celsius: 23, A: +0.04, rev/s: +0.308,  rev: +1.250
2024/04/15 10:43:03 ID: 241, Data: 9C170F003300CD01, Celsius: 23, A: +0.15, rev/s: +0.142,  rev: +1.281
2024/04/15 10:43:03 ID: 241, Data: 9C1708007900D801, Celsius: 23, A: +0.08, rev/s: +0.336,  rev: +1.311
2024/04/15 10:43:03 ID: 241, Data: 9C1708008500E301, Celsius: 23, A: +0.08, rev/s: +0.369,  rev: +1.342
2024/04/15 10:43:04 ID: 241, Data: 9C170D00A200ED01, Celsius: 23, A: +0.13, rev/s: +0.450,  rev: +1.369
2024/04/15 10:43:04 ID: 241, Data: 9C170800AC00F801, Celsius: 23, A: +0.08, rev/s: +0.478,  rev: +1.400
2024/04/15 10:43:04 ID: 241, Data: 9C17150049000302, Celsius: 23, A: +0.21, rev/s: +0.203,  rev: +1.431
2024/04/15 10:43:04 ID: 241, Data: 9C1710005B000E02, Celsius: 23, A: +0.16, rev/s: +0.253,  rev: +1.461
2024/04/15 10:43:04 ID: 241, Data: 9C170000C4001B02, Celsius: 23, A: +0.00, rev/s: +0.544,  rev: +1.497
2024/04/15 10:43:04 ID: 241, Data: 9C170D006C002602, Celsius: 23, A: +0.13, rev/s: +0.300,  rev: +1.528
2024/04/15 10:43:04 ID: 241, Data: 9C17210084002F02, Celsius: 23, A: +0.33, rev/s: +0.367,  rev: +1.553
2024/04/15 10:43:04 ID: 241, Data: 9C1710008A003C02, Celsius: 23, A: +0.16, rev/s: +0.383,  rev: +1.589
2024/04/15 10:43:04 ID: 241, Data: 9C17210055004502, Celsius: 23, A: +0.33, rev/s: +0.236,  rev: +1.614
2024/04/15 10:43:05 ID: 241, Data: 9C17170060005002, Celsius: 23, A: +0.23, rev/s: +0.267,  rev: +1.644
2024/04/15 10:43:05 ID: 241, Data: 9C1705004E005D02, Celsius: 23, A: +0.05, rev/s: +0.217,  rev: +1.681
2024/04/15 10:43:05 ID: 241, Data: 9C17020061006802, Celsius: 23, A: +0.02, rev/s: +0.269,  rev: +1.711
2024/04/15 10:43:05 ID: 241, Data: 9C1706007E007302, Celsius: 23, A: +0.06, rev/s: +0.350,  rev: +1.742
2024/04/15 10:43:05 ID: 241, Data: 9C17170058007D02, Celsius: 23, A: +0.23, rev/s: +0.244,  rev: +1.769
2024/04/15 10:43:05 ID: 241, Data: 9C1717009C008702, Celsius: 23, A: +0.23, rev/s: +0.433,  rev: +1.797
2024/04/15 10:43:05 ID: 241, Data: 9C170F0063009302, Celsius: 23, A: +0.15, rev/s: +0.275,  rev: +1.831
2024/04/15 10:43:05 ID: 241, Data: 9C171C003A009E02, Celsius: 23, A: +0.28, rev/s: +0.161,  rev: +1.861
2024/04/15 10:43:05 ID: 241, Data: 9C170B008D00AA02, Celsius: 23, A: +0.11, rev/s: +0.392,  rev: +1.894
2024/04/15 10:43:05 ID: 241, Data: 9C1714005B00B502, Celsius: 23, A: +0.20, rev/s: +0.253,  rev: +1.925
2024/04/15 10:43:06 ID: 241, Data: 9C1704009800C002, Celsius: 23, A: +0.04, rev/s: +0.422,  rev: +1.956
2024/04/15 10:43:06 ID: 241, Data: 9C170300BA00CA02, Celsius: 23, A: +0.03, rev/s: +0.517,  rev: +1.983
2024/04/15 10:43:06 ID: 241, Data: 9C170E007300D502, Celsius: 23, A: +0.14, rev/s: +0.319,  rev: +2.014
2024/04/15 10:43:06 ID: 241, Data: 9C1716003700E002, Celsius: 23, A: +0.22, rev/s: +0.153,  rev: +2.044
2024/04/15 10:43:06 ID: 241, Data: 9C171B004300EA02, Celsius: 23, A: +0.27, rev/s: +0.186,  rev: +2.072
2024/04/15 10:43:06 ID: 241, Data: 9C1709006800F602, Celsius: 23, A: +0.09, rev/s: +0.289,  rev: +2.106
2024/04/15 10:43:06 ID: 241, Data: 9C17FEFFAD000203, Celsius: 23, A: -0.02, rev/s: +0.481,  rev: +2.139
2024/04/15 10:43:06 ID: 241, Data: 9C17180043000D03, Celsius: 23, A: +0.24, rev/s: +0.186,  rev: +2.169
2024/04/15 10:43:06 ID: 241, Data: 9C1727006A001703, Celsius: 23, A: +0.39, rev/s: +0.294,  rev: +2.197
2024/04/15 10:43:06 ID: 241, Data: 9C17120095002303, Celsius: 23, A: +0.18, rev/s: +0.414,  rev: +2.231
2024/04/15 10:43:07 ID: 241, Data: 9C171B004D002D03, Celsius: 23, A: +0.27, rev/s: +0.214,  rev: +2.258
2024/04/15 10:43:07 ID: 241, Data: 9C17140050003903, Celsius: 23, A: +0.20, rev/s: +0.222,  rev: +2.292
2024/04/15 10:43:07 ID: 241, Data: 9C17170014004403, Celsius: 23, A: +0.23, rev/s: +0.056,  rev: +2.322
2024/04/15 10:43:07 ID: 241, Data: 9C170A0048004F03, Celsius: 23, A: +0.10, rev/s: +0.200,  rev: +2.353
2024/04/15 10:43:07 ID: 241, Data: 9C17FDFF7F005B03, Celsius: 23, A: -0.03, rev/s: +0.353,  rev: +2.386
2024/04/15 10:43:07 ID: 241, Data: 9C170700AF006503, Celsius: 23, A: +0.07, rev/s: +0.486,  rev: +2.414
2024/04/15 10:43:07 ID: 241, Data: 9C170F009C007003, Celsius: 23, A: +0.15, rev/s: +0.433,  rev: +2.444
2024/04/15 10:43:07 ID: 241, Data: 9C17150050007B03, Celsius: 23, A: +0.21, rev/s: +0.222,  rev: +2.475
2024/04/15 10:43:07 ID: 241, Data: 9C172A004B008503, Celsius: 23, A: +0.42, rev/s: +0.208,  rev: +2.503
2024/04/15 10:43:07 ID: 241, Data: 9C1702009E009203, Celsius: 23, A: +0.02, rev/s: +0.439,  rev: +2.539
2024/04/15 10:43:08 ID: 241, Data: 9C171C003B009D03, Celsius: 23, A: +0.28, rev/s: +0.164,  rev: +2.569
2024/04/15 10:43:08 ID: 241, Data: 9C1707008700A803, Celsius: 23, A: +0.07, rev/s: +0.375,  rev: +2.600
2024/04/15 10:43:08 ID: 241, Data: 9C170B008500B203, Celsius: 23, A: +0.11, rev/s: +0.369,  rev: +2.628
2024/04/15 10:43:08 ID: 241, Data: 9C171A006600BD03, Celsius: 23, A: +0.26, rev/s: +0.283,  rev: +2.658
2024/04/15 10:43:08 ID: 241, Data: 9C1718008000C703, Celsius: 23, A: +0.24, rev/s: +0.356,  rev: +2.686
2024/04/15 10:43:08 ID: 241, Data: 9C1711004A00D303, Celsius: 23, A: +0.17, rev/s: +0.206,  rev: +2.719
2024/04/15 10:43:08 ID: 241, Data: 9C1710002800DE03, Celsius: 23, A: +0.16, rev/s: +0.111,  rev: +2.750
2024/04/15 10:43:08 ID: 241, Data: 9C1705005300EA03, Celsius: 23, A: +0.05, rev/s: +0.231,  rev: +2.783
2024/04/15 10:43:08 ID: 241, Data: 9C171E003100F503, Celsius: 23, A: +0.30, rev/s: +0.136,  rev: +2.814
2024/04/15 10:43:08 ID: 241, Data: 9C172C006900FE03, Celsius: 23, A: +0.44, rev/s: +0.292,  rev: +2.839
2024/04/15 10:43:09 ID: 241, Data: 9C170F0090000B04, Celsius: 23, A: +0.15, rev/s: +0.400,  rev: +2.875
2024/04/15 10:43:09 ID: 241, Data: 9C1723004B001504, Celsius: 23, A: +0.35, rev/s: +0.208,  rev: +2.903
2024/04/15 10:43:09 ID: 241, Data: 9C171B0058002004, Celsius: 23, A: +0.27, rev/s: +0.244,  rev: +2.933
2024/04/15 10:43:09 ID: 241, Data: 9C170A003E002C04, Celsius: 23, A: +0.10, rev/s: +0.172,  rev: +2.967
2024/04/15 10:43:09 ID: 241, Data: 9C17FFFF76003804, Celsius: 23, A: -0.01, rev/s: +0.328,  rev: +3.000
2024/04/15 10:43:09 ID: 241, Data: 9C17FCFF86004304, Celsius: 23, A: -0.04, rev/s: +0.372,  rev: +3.031
2024/04/15 10:43:09 ID: 241, Data: 9C170700A5004D04, Celsius: 23, A: +0.07, rev/s: +0.458,  rev: +3.058
2024/04/15 10:43:09 ID: 241, Data: 9C1717007F005804, Celsius: 23, A: +0.23, rev/s: +0.353,  rev: +3.089
2024/04/15 10:43:09 ID: 241, Data: 9C17130050006204, Celsius: 23, A: +0.19, rev/s: +0.222,  rev: +3.117
2024/04/15 10:43:10 ID: 241, Data: 9C171A0068006D04, Celsius: 23, A: +0.26, rev/s: +0.289,  rev: +3.147
2024/04/15 10:43:10 ID: 241, Data: 9C17070085007904, Celsius: 23, A: +0.07, rev/s: +0.369,  rev: +3.181
2024/04/15 10:43:10 ID: 241, Data: 9C171B0025008404, Celsius: 23, A: +0.27, rev/s: +0.103,  rev: +3.211
2024/04/15 10:43:10 ID: 241, Data: 9C17160059008F04, Celsius: 23, A: +0.22, rev/s: +0.247,  rev: +3.242
2024/04/15 10:43:10 ID: 241, Data: 9C170800AB009A04, Celsius: 23, A: +0.08, rev/s: +0.475,  rev: +3.272
2024/04/15 10:43:10 ID: 241, Data: 9C170B007700A504, Celsius: 23, A: +0.11, rev/s: +0.331,  rev: +3.303
2024/04/15 10:43:10 ID: 241, Data: 9C170F008C00B004, Celsius: 23, A: +0.15, rev/s: +0.389,  rev: +3.333
2024/04/15 10:43:10 ID: 241, Data: 9C171C003000BB04, Celsius: 23, A: +0.28, rev/s: +0.133,  rev: +3.364
2024/04/15 10:43:10 ID: 241, Data: 9C1717003600C504, Celsius: 23, A: +0.23, rev/s: +0.150,  rev: +3.392
2024/04/15 10:43:10 ID: 241, Data: 9C1703004D00D204, Celsius: 23, A: +0.03, rev/s: +0.214,  rev: +3.428
2024/04/15 10:43:11 ID: 241, Data: 9C170D002C00DD04, Celsius: 23, A: +0.13, rev/s: +0.122,  rev: +3.458
2024/04/15 10:43:11 ID: 241, Data: 9C171700A200E704, Celsius: 23, A: +0.23, rev/s: +0.450,  rev: +3.486
2024/04/15 10:43:11 ID: 241, Data: 9C170F00A000F304, Celsius: 23, A: +0.15, rev/s: +0.444,  rev: +3.519
2024/04/15 10:43:11 ID: 241, Data: 9C1726005200FD04, Celsius: 23, A: +0.38, rev/s: +0.228,  rev: +3.547
2024/04/15 10:43:11 ID: 241, Data: 9C1723007D000705, Celsius: 23, A: +0.35, rev/s: +0.347,  rev: +3.575
2024/04/15 10:43:11 ID: 241, Data: 9C170F0024001405, Celsius: 23, A: +0.15, rev/s: +0.100,  rev: +3.611
2024/04/15 10:43:11 ID: 241, Data: 9C17090017001F05, Celsius: 23, A: +0.09, rev/s: +0.064,  rev: +3.642
2024/04/15 10:43:11 ID: 241, Data: 9C17FFFF77002B05, Celsius: 23, A: -0.01, rev/s: +0.331,  rev: +3.675
2024/04/15 10:43:11 ID: 241, Data: 9C17070085003505, Celsius: 23, A: +0.07, rev/s: +0.369,  rev: +3.703
2024/04/15 10:43:11 ID: 241, Data: 9C17110094003F05, Celsius: 23, A: +0.17, rev/s: +0.411,  rev: +3.731
2024/04/15 10:43:12 ID: 241, Data: 9C170F0093004A05, Celsius: 23, A: +0.15, rev/s: +0.408,  rev: +3.761
2024/04/15 10:43:12 ID: 241, Data: 9C1722002E005505, Celsius: 23, A: +0.34, rev/s: +0.128,  rev: +3.792
2024/04/15 10:43:12 ID: 241, Data: 9C1714004E006105, Celsius: 23, A: +0.20, rev/s: +0.217,  rev: +3.825
2024/04/15 10:43:12 ID: 241, Data: 9C17120049006D05, Celsius: 23, A: +0.18, rev/s: +0.203,  rev: +3.858
2024/04/15 10:43:12 ID: 241, Data: 9C171B0063007705, Celsius: 23, A: +0.27, rev/s: +0.275,  rev: +3.886
2024/04/15 10:43:12 ID: 241, Data: 9C170700ED008205, Celsius: 23, A: +0.07, rev/s: +0.658,  rev: +3.917
2024/04/15 10:43:12 ID: 241, Data: 9C171D0044008D05, Celsius: 23, A: +0.29, rev/s: +0.189,  rev: +3.947
2024/04/15 10:43:12 ID: 241, Data: 9C17180058009805, Celsius: 23, A: +0.24, rev/s: +0.244,  rev: +3.978
2024/04/15 10:49:09 ID: 241, Data: 9C18F8FF70FF9B05, Celsius: 24, A: -0.08, rev/s: -0.400,  rev: +3.986
2024/04/15 10:49:09 ID: 241, Data: 9C18E9FF97FF9005, Celsius: 24, A: -0.23, rev/s: -0.292,  rev: +3.956
2024/04/15 10:49:09 ID: 241, Data: 9C18DBFFAAFF8505, Celsius: 24, A: -0.37, rev/s: -0.239,  rev: +3.925
2024/04/15 10:49:09 ID: 241, Data: 9C18EDFF94FF7805, Celsius: 24, A: -0.19, rev/s: -0.300,  rev: +3.889
2024/04/15 10:49:09 ID: 241, Data: 9C18DDFFD0FF6E05, Celsius: 24, A: -0.35, rev/s: -0.133,  rev: +3.861
2024/04/15 10:49:10 ID: 241, Data: 9C18F9FF1EFF6305, Celsius: 24, A: -0.07, rev/s: -0.628,  rev: +3.831
2024/04/15 10:49:10 ID: 241, Data: 9C18FBFF40FF5705, Celsius: 24, A: -0.05, rev/s: -0.533,  rev: +3.797
2024/04/15 10:49:10 ID: 241, Data: 9C18E2FFB5FF4E05, Celsius: 24, A: -0.30, rev/s: -0.208,  rev: +3.772
2024/04/15 10:49:10 ID: 241, Data: 9C18E9FF89FF4305, Celsius: 24, A: -0.23, rev/s: -0.331,  rev: +3.742
2024/04/15 10:49:10 ID: 241, Data: 9C18EDFF9EFF3805, Celsius: 24, A: -0.19, rev/s: -0.272,  rev: +3.711
2024/04/15 10:49:10 ID: 241, Data: 9C18F3FFC2FF2C05, Celsius: 24, A: -0.13, rev/s: -0.172,  rev: +3.678
2024/04/15 10:49:10 ID: 241, Data: 9C18F3FFAFFF2105, Celsius: 24, A: -0.13, rev/s: -0.225,  rev: +3.647
2024/04/15 10:49:10 ID: 241, Data: 9C17F3FFA2FF1605, Celsius: 23, A: -0.13, rev/s: -0.261,  rev: +3.617
2024/04/15 10:49:10 ID: 241, Data: 9C18E1FF7EFF0C05, Celsius: 24, A: -0.31, rev/s: -0.361,  rev: +3.589
2024/04/15 10:49:10 ID: 241, Data: 9C18EAFF9CFF0005, Celsius: 24, A: -0.22, rev/s: -0.278,  rev: +3.556
2024/04/15 10:49:11 ID: 241, Data: 9C18E2FFA1FFF604, Celsius: 24, A: -0.30, rev/s: -0.264,  rev: +3.528
2024/04/15 10:49:11 ID: 241, Data: 9C18EEFF83FFEA04, Celsius: 24, A: -0.18, rev/s: -0.347,  rev: +3.494
2024/04/15 10:49:11 ID: 241, Data: 9C18E8FFE9FFDF04, Celsius: 24, A: -0.24, rev/s: -0.064,  rev: +3.464
2024/04/15 10:49:11 ID: 241, Data: 9C18FCFF7DFFD404, Celsius: 24, A: -0.04, rev/s: -0.364,  rev: +3.433
2024/04/15 10:49:11 ID: 241, Data: 9C18070035FFC804, Celsius: 24, A: +0.07, rev/s: -0.564,  rev: +3.400
2024/04/15 10:49:11 ID: 241, Data: 9C18F4FF7DFFBE04, Celsius: 24, A: -0.12, rev/s: -0.364,  rev: +3.372
2024/04/15 10:49:11 ID: 241, Data: 9C18F3FF73FFB304, Celsius: 24, A: -0.13, rev/s: -0.392,  rev: +3.342
2024/04/15 10:49:11 ID: 241, Data: 9C17E0FFB0FFA904, Celsius: 23, A: -0.32, rev/s: -0.222,  rev: +3.314
2024/04/15 10:49:11 ID: 241, Data: 9C18E0FFADFF9E04, Celsius: 24, A: -0.32, rev/s: -0.231,  rev: +3.283
2024/04/15 10:49:11 ID: 241, Data: 9C18FEFF66FF9104, Celsius: 24, A: -0.02, rev/s: -0.428,  rev: +3.247
2024/04/15 10:49:12 ID: 241, Data: 9C18DAFFFBFF8704, Celsius: 24, A: -0.38, rev/s: -0.014,  rev: +3.219
2024/04/15 10:49:12 ID: 241, Data: 9C18E7FF99FF7C04, Celsius: 24, A: -0.25, rev/s: -0.286,  rev: +3.189
2024/04/15 10:49:12 ID: 241, Data: 9C17F9FF4EFF7004, Celsius: 23, A: -0.07, rev/s: -0.494,  rev: +3.156
2024/04/15 10:49:12 ID: 241, Data: 9C18E7FFAAFF6604, Celsius: 24, A: -0.25, rev/s: -0.239,  rev: +3.128
2024/04/15 10:49:12 ID: 241, Data: 9C18F2FF43FF5B04, Celsius: 24, A: -0.14, rev/s: -0.525,  rev: +3.097
2024/04/15 10:49:12 ID: 241, Data: 9C18E3FFDDFF5004, Celsius: 24, A: -0.29, rev/s: -0.097,  rev: +3.067
2024/04/15 10:49:12 ID: 241, Data: 9C18ECFFE1FF4504, Celsius: 24, A: -0.20, rev/s: -0.086,  rev: +3.036
2024/04/15 10:49:12 ID: 241, Data: 9C18FEFFB1FF3904, Celsius: 24, A: -0.02, rev/s: -0.219,  rev: +3.003
2024/04/15 10:49:12 ID: 241, Data: 9C1800006DFF2E04, Celsius: 24, A: +0.00, rev/s: -0.408,  rev: +2.972
2024/04/15 10:49:12 ID: 241, Data: 9C18F3FF4BFF2404, Celsius: 24, A: -0.13, rev/s: -0.503,  rev: +2.944
2024/04/15 10:49:13 ID: 241, Data: 9C18EBFF83FF1804, Celsius: 24, A: -0.21, rev/s: -0.347,  rev: +2.911
2024/04/15 10:49:13 ID: 241, Data: 9C18CFFFD5FF0F04, Celsius: 24, A: -0.49, rev/s: -0.119,  rev: +2.886
2024/04/15 10:49:13 ID: 241, Data: 9C18F5FF6CFF0204, Celsius: 24, A: -0.11, rev/s: -0.411,  rev: +2.850
2024/04/15 10:49:13 ID: 241, Data: 9C18E0FFDDFFF703, Celsius: 24, A: -0.32, rev/s: -0.097,  rev: +2.819
2024/04/15 10:49:13 ID: 241, Data: 9C18F9FFB2FFEB03, Celsius: 24, A: -0.07, rev/s: -0.217,  rev: +2.786
2024/04/15 10:49:13 ID: 241, Data: 9C18FFFF77FFE003, Celsius: 24, A: -0.01, rev/s: -0.381,  rev: +2.756
2024/04/15 10:49:13 ID: 241, Data: 9C18FDFF6CFFD603, Celsius: 24, A: -0.03, rev/s: -0.411,  rev: +2.728
2024/04/15 10:49:13 ID: 241, Data: 9C18F1FF78FFCC03, Celsius: 24, A: -0.15, rev/s: -0.378,  rev: +2.700
2024/04/15 10:49:13 ID: 241, Data: 9C18EFFF85FFC103, Celsius: 24, A: -0.17, rev/s: -0.342,  rev: +2.669
2024/04/15 10:49:14 ID: 241, Data: 9C17EEFFAAFFB503, Celsius: 23, A: -0.18, rev/s: -0.239,  rev: +2.636
2024/04/15 10:49:14 ID: 241, Data: 9C18E9FFE1FFAA03, Celsius: 24, A: -0.23, rev/s: -0.086,  rev: +2.606
2024/04/15 10:49:14 ID: 241, Data: 9C18E1FFD5FF9F03, Celsius: 24, A: -0.31, rev/s: -0.119,  rev: +2.575
2024/04/15 10:49:14 ID: 241, Data: 9C18EDFF6AFF9403, Celsius: 24, A: -0.19, rev/s: -0.417,  rev: +2.544
2024/04/15 10:49:14 ID: 241, Data: 9C18FEFF1AFF8803, Celsius: 24, A: -0.02, rev/s: -0.639,  rev: +2.511
2024/04/15 10:49:14 ID: 241, Data: 9C18DAFFD1FF7E03, Celsius: 24, A: -0.38, rev/s: -0.131,  rev: +2.483
2024/04/15 10:49:14 ID: 241, Data: 9C18EBFF87FF7303, Celsius: 24, A: -0.21, rev/s: -0.336,  rev: +2.453
2024/04/15 10:49:14 ID: 241, Data: 9C17EFFFBFFF6803, Celsius: 23, A: -0.17, rev/s: -0.181,  rev: +2.422
2024/04/15 10:49:14 ID: 241, Data: 9C18FCFF68FF5D03, Celsius: 24, A: -0.04, rev/s: -0.422,  rev: +2.392
2024/04/15 10:49:14 ID: 241, Data: 9C1800009DFF5103, Celsius: 24, A: +0.00, rev/s: -0.275,  rev: +2.358
2024/04/15 10:49:15 ID: 241, Data: 9C18FAFFC5FF4603, Celsius: 24, A: -0.06, rev/s: -0.164,  rev: +2.328
2024/04/15 10:49:15 ID: 241, Data: 9C17FDFF50FF3B03, Celsius: 23, A: -0.03, rev/s: -0.489,  rev: +2.297
2024/04/15 10:49:15 ID: 241, Data: 9C18F2FF83FF3103, Celsius: 24, A: -0.14, rev/s: -0.347,  rev: +2.269
2024/04/15 10:49:15 ID: 241, Data: 9C18D8FFABFF2703, Celsius: 24, A: -0.40, rev/s: -0.236,  rev: +2.242
2024/04/15 10:49:15 ID: 241, Data: 9C18F1FF50FF1B03, Celsius: 24, A: -0.15, rev/s: -0.489,  rev: +2.208
2024/04/15 10:49:15 ID: 241, Data: 9C18E5FFECFF0F03, Celsius: 24, A: -0.27, rev/s: -0.056,  rev: +2.175
2024/04/15 10:49:15 ID: 241, Data: 9C18EEFFA4FF0503, Celsius: 24, A: -0.18, rev/s: -0.256,  rev: +2.147
2024/04/15 10:49:15 ID: 241, Data: 9C18040071FFF802, Celsius: 24, A: +0.04, rev/s: -0.397,  rev: +2.111
2024/04/15 10:49:15 ID: 241, Data: 9C18FDFF6BFFEE02, Celsius: 24, A: -0.03, rev/s: -0.414,  rev: +2.083
2024/04/15 10:49:15 ID: 241, Data: 9C18F4FF4FFFE302, Celsius: 24, A: -0.12, rev/s: -0.492,  rev: +2.053
2024/04/15 10:49:16 ID: 241, Data: 9C18E7FFAAFFD902, Celsius: 24, A: -0.25, rev/s: -0.239,  rev: +2.025
2024/04/15 10:49:16 ID: 241, Data: 9C18E6FFBDFFCE02, Celsius: 24, A: -0.26, rev/s: -0.186,  rev: +1.994
2024/04/15 10:49:16 ID: 241, Data: 9C18F0FFBDFFC302, Celsius: 24, A: -0.16, rev/s: -0.186,  rev: +1.964
2024/04/15 10:49:16 ID: 241, Data: 9C18EAFFD8FFB702, Celsius: 24, A: -0.22, rev/s: -0.111,  rev: +1.931
2024/04/15 10:49:16 ID: 241, Data: 9C18EFFF91FFAC02, Celsius: 24, A: -0.17, rev/s: -0.308,  rev: +1.900
2024/04/15 10:49:16 ID: 241, Data: 9C18FBFF28FFA002, Celsius: 24, A: -0.05, rev/s: -0.600,  rev: +1.867
2024/04/15 10:49:16 ID: 241, Data: 9C18DCFFC7FF9602, Celsius: 24, A: -0.36, rev/s: -0.158,  rev: +1.839
2024/04/15 10:49:16 ID: 241, Data: 9C18E0FF64FF8C02, Celsius: 24, A: -0.32, rev/s: -0.433,  rev: +1.811
2024/04/15 10:49:16 ID: 241, Data: 9C18F5FF79FF8002, Celsius: 24, A: -0.11, rev/s: -0.375,  rev: +1.778
2024/04/15 10:49:16 ID: 241, Data: 9C18EEFFC4FF7502, Celsius: 24, A: -0.18, rev/s: -0.167,  rev: +1.747
2024/04/15 10:49:17 ID: 241, Data: 9C18FAFFD1FF6A02, Celsius: 24, A: -0.06, rev/s: -0.131,  rev: +1.717
2024/04/15 10:49:17 ID: 241, Data: 9C1802006AFF5E02, Celsius: 24, A: +0.02, rev/s: -0.417,  rev: +1.683
2024/04/15 10:49:17 ID: 241, Data: 9C1805003EFF5302, Celsius: 24, A: +0.05, rev/s: -0.539,  rev: +1.653
2024/04/15 10:49:17 ID: 241, Data: 9C18F8FF5CFF4902, Celsius: 24, A: -0.08, rev/s: -0.456,  rev: +1.625
2024/04/15 10:49:17 ID: 241, Data: 9C18D5FFC5FF3E02, Celsius: 24, A: -0.43, rev/s: -0.164,  rev: +1.594
2024/04/15 10:49:17 ID: 241, Data: 9C18E7FF9BFF3302, Celsius: 24, A: -0.25, rev/s: -0.281,  rev: +1.564
2024/04/15 10:49:17 ID: 241, Data: 9C18E9FFC0FF2702, Celsius: 24, A: -0.23, rev/s: -0.178,  rev: +1.531
2024/04/15 10:49:17 ID: 241, Data: 9C18EBFF91FF1D02, Celsius: 24, A: -0.21, rev/s: -0.308,  rev: +1.503
2024/04/15 10:49:17 ID: 241, Data: 9C18FFFF47FF1002, Celsius: 24, A: -0.01, rev/s: -0.514,  rev: +1.467
2024/04/15 10:49:18 ID: 241, Data: 9C18F1FFBFFF0602, Celsius: 24, A: -0.15, rev/s: -0.181,  rev: +1.439
2024/04/15 10:49:18 ID: 241, Data: 9C18EFFF86FFFB01, Celsius: 24, A: -0.17, rev/s: -0.339,  rev: +1.408
2024/04/15 10:49:18 ID: 241, Data: 9C18ECFF99FFF101, Celsius: 24, A: -0.20, rev/s: -0.286,  rev: +1.381
2024/04/15 10:49:18 ID: 241, Data: 9C18F1FF79FFE601, Celsius: 24, A: -0.15, rev/s: -0.375,  rev: +1.350
2024/04/15 10:49:18 ID: 241, Data: 9C18F3FFA3FFDA01, Celsius: 24, A: -0.13, rev/s: -0.258,  rev: +1.317
2024/04/15 10:49:18 ID: 241, Data: 9C18EAFFF1FFCF01, Celsius: 24, A: -0.22, rev/s: -0.042,  rev: +1.286
2024/04/15 10:49:18 ID: 241, Data: 9C18F5FFA0FFC401, Celsius: 24, A: -0.11, rev/s: -0.267,  rev: +1.256
2024/04/15 10:49:18 ID: 241, Data: 9C18010031FFB801, Celsius: 24, A: +0.01, rev/s: -0.575,  rev: +1.222
2024/04/15 10:49:18 ID: 241, Data: 9C18E9FFA0FFAE01, Celsius: 24, A: -0.23, rev/s: -0.267,  rev: +1.194
2024/04/15 10:49:18 ID: 241, Data: 9C18E7FF5BFFA401, Celsius: 24, A: -0.25, rev/s: -0.458,  rev: +1.167
2024/04/15 10:49:19 ID: 241, Data: 9C18E7FFADFF9801, Celsius: 24, A: -0.25, rev/s: -0.231,  rev: +1.133
2024/04/15 10:49:19 ID: 241, Data: 9C18DEFFB7FF8E01, Celsius: 24, A: -0.34, rev/s: -0.203,  rev: +1.106
2024/04/15 10:49:19 ID: 241, Data: 9C1800006AFF8101, Celsius: 24, A: +0.00, rev/s: -0.417,  rev: +1.069
2024/04/15 10:49:19 ID: 241, Data: 9C18FFFFCAFF7601, Celsius: 24, A: -0.01, rev/s: -0.150,  rev: +1.039
2024/04/15 10:49:19 ID: 241, Data: 9C18FFFF6FFF6B01, Celsius: 24, A: -0.01, rev/s: -0.403,  rev: +1.008
2024/04/15 10:49:19 ID: 241, Data: 9C18F4FF82FF6101, Celsius: 24, A: -0.12, rev/s: -0.350,  rev: +0.981
2024/04/15 10:49:19 ID: 241, Data: 9C18D9FFB3FF5701, Celsius: 24, A: -0.39, rev/s: -0.214,  rev: +0.953
2024/04/15 10:49:19 ID: 241, Data: 9C18EAFF86FF4B01, Celsius: 24, A: -0.22, rev/s: -0.339,  rev: +0.919
2024/04/15 10:49:19 ID: 241, Data: 9C18DDFFE8FF4001, Celsius: 24, A: -0.35, rev/s: -0.067,  rev: +0.889
2024/04/15 10:49:19 ID: 241, Data: 9C18E0FFC7FF3501, Celsius: 24, A: -0.32, rev/s: -0.158,  rev: +0.858
2024/04/15 10:49:20 ID: 241, Data: 9C18FCFF6DFF2901, Celsius: 24, A: -0.04, rev/s: -0.408,  rev: +0.825
2024/04/15 10:49:20 ID: 241, Data: 9C18F7FFB0FF1D01, Celsius: 24, A: -0.09, rev/s: -0.222,  rev: +0.792
2024/04/15 10:49:20 ID: 241, Data: 9C18FDFF55FF1301, Celsius: 24, A: -0.03, rev/s: -0.475,  rev: +0.764
2024/04/15 10:49:20 ID: 241, Data: 9C18F4FF5FFF0901, Celsius: 24, A: -0.12, rev/s: -0.447,  rev: +0.736
2024/04/15 10:49:20 ID: 241, Data: 9C18E9FF83FFFE00, Celsius: 24, A: -0.23, rev/s: -0.347,  rev: +0.706
2024/04/15 10:49:20 ID: 241, Data: 9C18EBFFABFFF300, Celsius: 24, A: -0.21, rev/s: -0.236,  rev: +0.675
2024/04/15 10:49:20 ID: 241, Data: 9C18FAFF8CFFE700, Celsius: 24, A: -0.06, rev/s: -0.322,  rev: +0.642
2024/04/15 10:49:20 ID: 241, Data: 9C18000074FFDC00, Celsius: 24, A: +0.00, rev/s: -0.389,  rev: +0.611
2024/04/15 10:49:20 ID: 241, Data: 9C18FFFF37FFD000, Celsius: 24, A: -0.01, rev/s: -0.558,  rev: +0.578
2024/04/15 10:49:20 ID: 241, Data: 9C18E1FFB3FFC600, Celsius: 24, A: -0.31, rev/s: -0.214,  rev: +0.550
2024/04/15 10:49:21 ID: 241, Data: 9C18D6FF92FFBC00, Celsius: 24, A: -0.42, rev/s: -0.306,  rev: +0.522
2024/04/15 10:49:21 ID: 241, Data: 9C18F4FF91FFB000, Celsius: 24, A: -0.12, rev/s: -0.308,  rev: +0.489
2024/04/15 10:49:21 ID: 241, Data: 9C18E5FFC0FFA600, Celsius: 24, A: -0.27, rev/s: -0.178,  rev: +0.461
2024/04/15 10:49:21 ID: 241, Data: 9C18F6FFBFFF9900, Celsius: 24, A: -0.10, rev/s: -0.181,  rev: +0.425
2024/04/15 10:49:21 ID: 241, Data: 9C18F1FFDBFF8F00, Celsius: 24, A: -0.15, rev/s: -0.103,  rev: +0.397
2024/04/15 10:49:21 ID: 241, Data: 9C18FAFF9AFF8300, Celsius: 24, A: -0.06, rev/s: -0.283,  rev: +0.364
2024/04/15 10:49:21 ID: 241, Data: 9C18FDFF73FF7800, Celsius: 24, A: -0.03, rev/s: -0.392,  rev: +0.333
2024/04/15 10:49:21 ID: 241, Data: 9C18F3FF56FF6E00, Celsius: 24, A: -0.13, rev/s: -0.472,  rev: +0.306
2024/04/15 10:49:21 ID: 241, Data: 9C17F2FF53FF6300, Celsius: 23, A: -0.14, rev/s: -0.481,  rev: +0.275
2024/04/15 10:49:21 ID: 241, Data: 9C18E2FFE3FF5800, Celsius: 24, A: -0.30, rev/s: -0.081,  rev: +0.244
2024/04/15 10:49:22 ID: 241, Data: 9C18E1FFAEFF4D00, Celsius: 24, A: -0.31, rev/s: -0.228,  rev: +0.214
2024/04/15 10:49:22 ID: 241, Data: 9C1801005AFF4000, Celsius: 24, A: +0.01, rev/s: -0.461,  rev: +0.178
2024/04/15 10:49:22 ID: 241, Data: 9C18E7FFE2FF3600, Celsius: 24, A: -0.25, rev/s: -0.083,  rev: +0.150
2024/04/15 10:49:22 ID: 241, Data: 9C18FCFF4EFF2B00, Celsius: 24, A: -0.04, rev/s: -0.494,  rev: +0.119
2024/04/15 10:49:22 ID: 241, Data: 9C18EFFF86FF2000, Celsius: 24, A: -0.17, rev/s: -0.339,  rev: +0.089
2024/04/15 10:49:22 ID: 241, Data: 9C18E3FF98FF1700, Celsius: 24, A: -0.29, rev/s: -0.289,  rev: +0.064
2024/04/15 10:49:22 ID: 241, Data: 9C18F0FF71FF0B00, Celsius: 24, A: -0.16, rev/s: -0.397,  rev: +0.031


2024/04/15 10:59:10 ID: 241, Data: 9C180D007B000400, Celsius: 24, A: +0.13, rev/s: +0.342,  rev: +0.011
2024/04/15 10:59:10 ID: 241, Data: 9C181500C7001400, Celsius: 24, A: +0.21, rev/s: +0.553,  rev: +0.056
2024/04/15 10:59:10 ID: 241, Data: 9C182D00E1002E00, Celsius: 24, A: +0.45, rev/s: +0.625,  rev: +0.128
2024/04/15 10:59:10 ID: 241, Data: 9C18170071015200, Celsius: 24, A: +0.23, rev/s: +1.025,  rev: +0.228
2024/04/15 10:59:10 ID: 241, Data: 9C180A0058017700, Celsius: 24, A: +0.10, rev/s: +0.956,  rev: +0.331
2024/04/15 10:59:11 ID: 241, Data: 9C180D0064019B00, Celsius: 24, A: +0.13, rev/s: +0.989,  rev: +0.431
2024/04/15 10:59:11 ID: 241, Data: 9C1811007501C000, Celsius: 24, A: +0.17, rev/s: +1.036,  rev: +0.533
2024/04/15 10:59:11 ID: 241, Data: 9C1805008D01E500, Celsius: 24, A: +0.05, rev/s: +1.103,  rev: +0.636
2024/04/15 10:59:11 ID: 241, Data: 9C1804008C010A01, Celsius: 24, A: +0.04, rev/s: +1.100,  rev: +0.739
2024/04/15 10:59:11 ID: 241, Data: 9C1828004A012E01, Celsius: 24, A: +0.40, rev/s: +0.917,  rev: +0.839
2024/04/15 10:59:11 ID: 241, Data: 9C180F007F015301, Celsius: 24, A: +0.15, rev/s: +1.064,  rev: +0.942
2024/04/15 10:59:11 ID: 241, Data: 9C180D0060017801, Celsius: 24, A: +0.13, rev/s: +0.978,  rev: +1.044
2024/04/15 10:59:11 ID: 241, Data: 9C1814005C019C01, Celsius: 24, A: +0.20, rev/s: +0.967,  rev: +1.144
2024/04/15 10:59:11 ID: 241, Data: 9C180200B001C101, Celsius: 24, A: +0.02, rev/s: +1.200,  rev: +1.247
2024/04/15 10:59:11 ID: 241, Data: 9C1808006401E601, Celsius: 24, A: +0.08, rev/s: +0.989,  rev: +1.350
2024/04/15 10:59:12 ID: 241, Data: 9C1809006C010B02, Celsius: 24, A: +0.09, rev/s: +1.011,  rev: +1.453
2024/04/15 10:59:12 ID: 241, Data: 9C18240028012F02, Celsius: 24, A: +0.36, rev/s: +0.822,  rev: +1.553
2024/04/15 10:59:12 ID: 241, Data: 9C18180048015502, Celsius: 24, A: +0.24, rev/s: +0.911,  rev: +1.658
2024/04/15 10:59:12 ID: 241, Data: 9C180B0059017902, Celsius: 24, A: +0.11, rev/s: +0.958,  rev: +1.758
2024/04/15 10:59:12 ID: 241, Data: 9C1815006E019E02, Celsius: 24, A: +0.21, rev/s: +1.017,  rev: +1.861
2024/04/15 10:59:12 ID: 241, Data: 9C1807009F01C402, Celsius: 24, A: +0.07, rev/s: +1.153,  rev: +1.967
2024/04/15 10:59:12 ID: 241, Data: 9C1808006D01E802, Celsius: 24, A: +0.08, rev/s: +1.014,  rev: +2.067
2024/04/15 10:59:12 ID: 241, Data: 9C18100082010C03, Celsius: 24, A: +0.16, rev/s: +1.072,  rev: +2.167
2024/04/15 10:59:12 ID: 241, Data: 9C18160058013103, Celsius: 24, A: +0.22, rev/s: +0.956,  rev: +2.269
2024/04/15 10:59:12 ID: 241, Data: 9C18100074015603, Celsius: 24, A: +0.16, rev/s: +1.033,  rev: +2.372
2024/04/15 10:59:13 ID: 241, Data: 9C1816006A017B03, Celsius: 24, A: +0.22, rev/s: +1.006,  rev: +2.475
2024/04/15 10:59:13 ID: 241, Data: 9C181E004001A003, Celsius: 24, A: +0.30, rev/s: +0.889,  rev: +2.578
2024/04/15 10:59:13 ID: 241, Data: 9C180C006D01C503, Celsius: 24, A: +0.12, rev/s: +1.014,  rev: +2.681
2024/04/15 10:59:13 ID: 241, Data: 9C1809007901EA03, Celsius: 24, A: +0.09, rev/s: +1.047,  rev: +2.783
2024/04/15 10:59:13 ID: 241, Data: 9C18200065010F04, Celsius: 24, A: +0.32, rev/s: +0.992,  rev: +2.886
2024/04/15 10:59:13 ID: 241, Data: 9C180F0067013404, Celsius: 24, A: +0.15, rev/s: +0.997,  rev: +2.989
2024/04/15 10:59:13 ID: 241, Data: 9C1818004E015804, Celsius: 24, A: +0.24, rev/s: +0.928,  rev: +3.089
2024/04/15 10:59:13 ID: 241, Data: 9C181B005A017D04, Celsius: 24, A: +0.27, rev/s: +0.961,  rev: +3.192
2024/04/15 10:59:13 ID: 241, Data: 9C180E005F01A204, Celsius: 24, A: +0.14, rev/s: +0.975,  rev: +3.294
2024/04/15 10:59:13 ID: 241, Data: 9C180E005D01C704, Celsius: 24, A: +0.14, rev/s: +0.969,  rev: +3.397
2024/04/15 10:59:14 ID: 241, Data: 9C180B008601EC04, Celsius: 24, A: +0.11, rev/s: +1.083,  rev: +3.500
2024/04/15 10:59:14 ID: 241, Data: 9C18110079011105, Celsius: 24, A: +0.17, rev/s: +1.047,  rev: +3.603
2024/04/15 10:59:14 ID: 241, Data: 9C180C0069013605, Celsius: 24, A: +0.12, rev/s: +1.003,  rev: +3.706
2024/04/15 10:59:14 ID: 241, Data: 9C1812004C015A05, Celsius: 24, A: +0.18, rev/s: +0.922,  rev: +3.806
2024/04/15 10:59:14 ID: 241, Data: 9C182D0040017F05, Celsius: 24, A: +0.45, rev/s: +0.889,  rev: +3.908
2024/04/15 10:59:14 ID: 241, Data: 9C1812004901A405, Celsius: 24, A: +0.18, rev/s: +0.914,  rev: +4.011
2024/04/15 10:59:14 ID: 241, Data: 9C1813006A01C905, Celsius: 24, A: +0.19, rev/s: +1.006,  rev: +4.114
2024/04/15 10:59:14 ID: 241, Data: 9C1817006D01EE05, Celsius: 24, A: +0.23, rev/s: +1.014,  rev: +4.217
2024/04/15 10:59:14 ID: 241, Data: 9C1802009E011306, Celsius: 24, A: +0.02, rev/s: +1.150,  rev: +4.319
2024/04/15 10:59:14 ID: 241, Data: 9C18070078013806, Celsius: 24, A: +0.07, rev/s: +1.044,  rev: +4.422
2024/04/15 10:59:15 ID: 241, Data: 9C18100073015C06, Celsius: 24, A: +0.16, rev/s: +1.031,  rev: +4.522
2024/04/15 10:59:15 ID: 241, Data: 9C18110062018206, Celsius: 24, A: +0.17, rev/s: +0.983,  rev: +4.628
2024/04/15 10:59:15 ID: 241, Data: 9C1817004201A606, Celsius: 24, A: +0.23, rev/s: +0.894,  rev: +4.728
2024/04/15 10:59:15 ID: 241, Data: 9C1810007E01CB06, Celsius: 24, A: +0.16, rev/s: +1.061,  rev: +4.831
2024/04/15 10:59:15 ID: 241, Data: 9C181A006101F006, Celsius: 24, A: +0.26, rev/s: +0.981,  rev: +4.933
2024/04/15 10:59:15 ID: 241, Data: 9C1808007A011507, Celsius: 24, A: +0.08, rev/s: +1.050,  rev: +5.036
2024/04/15 10:59:15 ID: 241, Data: 9C180A007B013907, Celsius: 24, A: +0.10, rev/s: +1.053,  rev: +5.136
2024/04/15 10:59:15 ID: 241, Data: 9C181B0069015F07, Celsius: 24, A: +0.27, rev/s: +1.003,  rev: +5.242
2024/04/15 10:59:15 ID: 241, Data: 9C18100059018407, Celsius: 24, A: +0.16, rev/s: +0.958,  rev: +5.344
2024/04/15 10:59:16 ID: 241, Data: 9C1814004C01A807, Celsius: 24, A: +0.20, rev/s: +0.922,  rev: +5.444
2024/04/15 10:59:16 ID: 241, Data: 9C1824004401CD07, Celsius: 24, A: +0.36, rev/s: +0.900,  rev: +5.547
2024/04/15 10:59:16 ID: 241, Data: 9C1806006901F307, Celsius: 24, A: +0.06, rev/s: +1.003,  rev: +5.653
2024/04/15 10:59:16 ID: 241, Data: 9C18090076011708, Celsius: 24, A: +0.09, rev/s: +1.039,  rev: +5.753
2024/04/15 10:59:16 ID: 241, Data: 9C18100080013B08, Celsius: 24, A: +0.16, rev/s: +1.067,  rev: +5.853
2024/04/15 10:59:16 ID: 241, Data: 9C18080088016108, Celsius: 24, A: +0.08, rev/s: +1.089,  rev: +5.958
2024/04/15 10:59:16 ID: 241, Data: 9C180E0048018508, Celsius: 24, A: +0.14, rev/s: +0.911,  rev: +6.058
2024/04/15 10:59:16 ID: 241, Data: 9C1819006001AA08, Celsius: 24, A: +0.25, rev/s: +0.978,  rev: +6.161
2024/04/15 10:59:16 ID: 241, Data: 9C181F006101CF08, Celsius: 24, A: +0.31, rev/s: +0.981,  rev: +6.264
2024/04/15 10:59:16 ID: 241, Data: 9C1817004901F408, Celsius: 24, A: +0.23, rev/s: +0.914,  rev: +6.367
2024/04/15 10:59:17 ID: 241, Data: 9C18100065011909, Celsius: 24, A: +0.16, rev/s: +0.992,  rev: +6.469
2024/04/15 10:59:17 ID: 241, Data: 9C180F008D013E09, Celsius: 24, A: +0.15, rev/s: +1.103,  rev: +6.572
2024/04/15 10:59:17 ID: 241, Data: 9C18040075016309, Celsius: 24, A: +0.04, rev/s: +1.036,  rev: +6.675
2024/04/15 10:59:17 ID: 241, Data: 9C180D0065018709, Celsius: 24, A: +0.13, rev/s: +0.992,  rev: +6.775
2024/04/15 10:59:17 ID: 241, Data: 9C1816007D01AC09, Celsius: 24, A: +0.22, rev/s: +1.058,  rev: +6.878
2024/04/15 10:59:17 ID: 241, Data: 9C1810003901D209, Celsius: 24, A: +0.16, rev/s: +0.869,  rev: +6.983
2024/04/15 10:59:17 ID: 241, Data: 9C180F005B01F609, Celsius: 24, A: +0.15, rev/s: +0.964,  rev: +7.083
2024/04/15 10:59:17 ID: 241, Data: 9C1816005F011B0A, Celsius: 24, A: +0.22, rev/s: +0.975,  rev: +7.186
2024/04/15 10:59:17 ID: 241, Data: 9C180B008001400A, Celsius: 24, A: +0.11, rev/s: +1.067,  rev: +7.289
2024/04/15 10:59:17 ID: 241, Data: 9C1807007701650A, Celsius: 24, A: +0.07, rev/s: +1.042,  rev: +7.392
2024/04/15 10:59:18 ID: 241, Data: 9C1812006A01890A, Celsius: 24, A: +0.18, rev/s: +1.006,  rev: +7.492
2024/04/15 10:59:18 ID: 241, Data: 9C181A004701AE0A, Celsius: 24, A: +0.26, rev/s: +0.908,  rev: +7.594
2024/04/15 10:59:18 ID: 241, Data: 9C1816005A01D30A, Celsius: 24, A: +0.22, rev/s: +0.961,  rev: +7.697
2024/04/15 10:59:18 ID: 241, Data: 9C1819004801F80A, Celsius: 24, A: +0.25, rev/s: +0.911,  rev: +7.800
2024/04/15 10:59:18 ID: 241, Data: 9C18190073011D0B, Celsius: 24, A: +0.25, rev/s: +1.031,  rev: +7.903
2024/04/15 10:59:18 ID: 241, Data: 9C180B005801430B, Celsius: 24, A: +0.11, rev/s: +0.956,  rev: +8.008
2024/04/15 10:59:18 ID: 241, Data: 9C180F006901670B, Celsius: 24, A: +0.15, rev/s: +1.003,  rev: +8.108
2024/04/15 10:59:18 ID: 241, Data: 9C180A0083018C0B, Celsius: 24, A: +0.10, rev/s: +1.075,  rev: +8.211
2024/04/15 10:59:18 ID: 241, Data: 9C1807008201B10B, Celsius: 24, A: +0.07, rev/s: +1.072,  rev: +8.314
2024/04/15 10:59:18 ID: 241, Data: 9C1809006901D60B, Celsius: 24, A: +0.09, rev/s: +1.003,  rev: +8.417
2024/04/15 10:59:19 ID: 241, Data: 9C1813008301FA0B, Celsius: 24, A: +0.19, rev/s: +1.075,  rev: +8.517
2024/04/15 10:59:19 ID: 241, Data: 9C1814005D01200C, Celsius: 24, A: +0.20, rev/s: +0.969,  rev: +8.622
2024/04/15 10:59:19 ID: 241, Data: 9C180F004601440C, Celsius: 24, A: +0.15, rev/s: +0.906,  rev: +8.722
2024/04/15 10:59:19 ID: 241, Data: 9C1817006101690C, Celsius: 24, A: +0.23, rev/s: +0.981,  rev: +8.825
2024/04/15 10:59:19 ID: 241, Data: 9C18140068018E0C, Celsius: 24, A: +0.20, rev/s: +1.000,  rev: +8.928
2024/04/15 10:59:19 ID: 241, Data: 9C1803007C01B30C, Celsius: 24, A: +0.03, rev/s: +1.056,  rev: +9.031
2024/04/15 10:59:19 ID: 241, Data: 9C1816005301D70C, Celsius: 24, A: +0.22, rev/s: +0.942,  rev: +9.131
2024/04/15 10:59:19 ID: 241, Data: 9C180B009001FD0C, Celsius: 24, A: +0.11, rev/s: +1.111,  rev: +9.236
2024/04/15 10:59:19 ID: 241, Data: 9C1812003F01220D, Celsius: 24, A: +0.18, rev/s: +0.886,  rev: +9.339
2024/04/15 10:59:20 ID: 241, Data: 9C1814004A01460D, Celsius: 24, A: +0.20, rev/s: +0.917,  rev: +9.439
2024/04/15 10:59:20 ID: 241, Data: 9C18130069016C0D, Celsius: 24, A: +0.19, rev/s: +1.003,  rev: +9.544
2024/04/15 10:59:20 ID: 241, Data: 9C180B007001910D, Celsius: 24, A: +0.11, rev/s: +1.022,  rev: +9.647
2024/04/15 10:59:20 ID: 241, Data: 9C1802008C01B50D, Celsius: 24, A: +0.02, rev/s: +1.100,  rev: +9.747
2024/04/15 10:59:20 ID: 241, Data: 9C180A006E01D90D, Celsius: 24, A: +0.10, rev/s: +1.017,  rev: +9.847
2024/04/15 10:59:20 ID: 241, Data: 9C181300E000F60D, Celsius: 24, A: +0.19, rev/s: +0.622,  rev: +9.928
2024/04/15 10:59:20 ID: 241, Data: 9C1817004A00070E, Celsius: 24, A: +0.23, rev/s: +0.206,  rev: +9.975
