2024/04/12 20:57:43 ID: 241, Data: 9C181800F201F703, Celsius: 24, A: +0.24, rev/s: +1.383,  rev: +2.819
2024/04/12 20:57:44 ID: 241, Data: 9C181A0017033D04, Celsius: 24, A: +0.26, rev/s: +2.197,  rev: +3.014
2024/04/12 20:57:44 ID: 241, Data: 9C181D00A1039704, Celsius: 24, A: +0.29, rev/s: +2.581,  rev: +3.264
2024/04/12 20:57:44 ID: 241, Data: 9C182900D201E704, Celsius: 24, A: +0.41, rev/s: +1.294,  rev: +3.486
2024/04/12 20:57:44 ID: 241, Data: 9C181D000000F504, Celsius: 24, A: +0.29, rev/s: +0.000,  rev: +3.525
2024/04/12 20:57:44 ID: 241, Data: 9C181D000000F504, Celsius: 24, A: +0.29, rev/s: +0.000,  rev: +3.525
2024/04/12 20:57:44 ID: 241, Data: 9C181E000100F504, Celsius: 24, A: +0.30, rev/s: +0.003,  rev: +3.525
2024/04/12 20:57:44 ID: 241, Data: 9C181D000000F504, Celsius: 24, A: +0.29, rev/s: +0.000,  rev: +3.525
2024/04/12 20:57:44 ID: 241, Data: 9C181E000000F504, Celsius: 24, A: +0.30, rev/s: +0.000,  rev: +3.525
2024/04/12 20:57:44 ID: 241, Data: 9C181D000000F504, Celsius: 24, A: +0.29, rev/s: +0.000,  rev: +3.525
2024/04/12 20:57:44 ID: 241, Data: 9C181E000000F504, Celsius: 24, A: +0.30, rev/s: +0.000,  rev: +3.525
2024/04/12 20:58:35 ID: 241, Data: 9C18F7FFAAFFD804, Celsius: 24, A: -0.09, rev/s: -0.239,  rev: +3.444
2024/04/12 20:58:35 ID: 241, Data: 9C18FCFF94FFCD04, Celsius: 24, A: -0.04, rev/s: -0.300,  rev: +3.414
2024/04/12 20:58:35 ID: 241, Data: 9C18FDFF97FFC204, Celsius: 24, A: -0.03, rev/s: -0.292,  rev: +3.383
2024/04/12 20:58:35 ID: 241, Data: 9C18FBFF94FFB704, Celsius: 24, A: -0.05, rev/s: -0.300,  rev: +3.353
2024/04/12 20:58:36 ID: 241, Data: 9C18FEFF96FFAB04, Celsius: 24, A: -0.02, rev/s: -0.294,  rev: +3.319
2024/04/12 20:58:36 ID: 241, Data: 9C18F9FF94FFA004, Celsius: 24, A: -0.07, rev/s: -0.300,  rev: +3.289
2024/04/12 20:58:36 ID: 241, Data: 9C18FDFF96FF9504, Celsius: 24, A: -0.03, rev/s: -0.294,  rev: +3.258
2024/04/12 20:58:36 ID: 241, Data: 9C18F6FF94FF8A04, Celsius: 24, A: -0.10, rev/s: -0.300,  rev: +3.228
2024/04/12 20:58:36 ID: 241, Data: 9C18FFFF8DFF7F04, Celsius: 24, A: -0.01, rev/s: -0.319,  rev: +3.197
2024/04/12 20:58:36 ID: 241, Data: 9C18000098FF7404, Celsius: 24, A: +0.00, rev/s: -0.289,  rev: +3.167
2024/04/12 20:58:36 ID: 241, Data: 9C18FBFF94FF6904, Celsius: 24, A: -0.05, rev/s: -0.300,  rev: +3.136
2024/04/12 20:58:36 ID: 241, Data: 9C18000095FF5D04, Celsius: 24, A: +0.00, rev/s: -0.297,  rev: +3.103
2024/04/12 20:58:36 ID: 241, Data: 9C18F8FF92FF5204, Celsius: 24, A: -0.08, rev/s: -0.306,  rev: +3.072
2024/04/12 20:58:37 ID: 241, Data: 9C18000095FF4704, Celsius: 24, A: +0.00, rev/s: -0.297,  rev: +3.042
2024/04/12 20:58:37 ID: 241, Data: 9C18FBFF98FF3C04, Celsius: 24, A: -0.05, rev/s: -0.289,  rev: +3.011
2024/04/12 20:58:37 ID: 241, Data: 9C18FEFF93FF3104, Celsius: 24, A: -0.02, rev/s: -0.303,  rev: +2.981
2024/04/12 20:58:37 ID: 241, Data: 9C18FBFF9BFF2604, Celsius: 24, A: -0.05, rev/s: -0.281,  rev: +2.950
2024/04/12 20:58:37 ID: 241, Data: 9C18000092FF1A04, Celsius: 24, A: +0.00, rev/s: -0.306,  rev: +2.917
2024/04/12 20:58:37 ID: 241, Data: 9C18F9FF98FF0F04, Celsius: 24, A: -0.07, rev/s: -0.289,  rev: +2.886
2024/04/12 20:58:37 ID: 241, Data: 9C18000090FF0404, Celsius: 24, A: +0.00, rev/s: -0.311,  rev: +2.856
2024/04/12 20:58:37 ID: 241, Data: 9C18FBFF99FFF903, Celsius: 24, A: -0.05, rev/s: -0.286,  rev: +2.825
2024/04/12 20:58:37 ID: 241, Data: 9C18FFFF8CFFEE03, Celsius: 24, A: -0.01, rev/s: -0.322,  rev: +2.794
2024/04/12 20:58:37 ID: 241, Data: 9C18FFFF9AFFE303, Celsius: 24, A: -0.01, rev/s: -0.283,  rev: +2.764
2024/04/12 20:58:38 ID: 241, Data: 9C18FDFF8AFFD803, Celsius: 24, A: -0.03, rev/s: -0.328,  rev: +2.733
2024/04/12 20:58:38 ID: 241, Data: 9C1800009AFFCC03, Celsius: 24, A: +0.00, rev/s: -0.283,  rev: +2.700
2024/04/12 20:58:38 ID: 241, Data: 9C18FBFF92FFC103, Celsius: 24, A: -0.05, rev/s: -0.306,  rev: +2.669
2024/04/12 20:58:38 ID: 241, Data: 9C18FFFF94FFB603, Celsius: 24, A: -0.01, rev/s: -0.300,  rev: +2.639
2024/04/12 20:58:38 ID: 241, Data: 9C18F9FF94FFAB03, Celsius: 24, A: -0.07, rev/s: -0.300,  rev: +2.608
2024/04/12 20:58:38 ID: 241, Data: 9C18FFFF94FFA003, Celsius: 24, A: -0.01, rev/s: -0.300,  rev: +2.578
2024/04/12 20:58:38 ID: 241, Data: 9C18FCFF93FF9503, Celsius: 24, A: -0.04, rev/s: -0.303,  rev: +2.547
2024/04/12 20:58:38 ID: 241, Data: 9C18FCFF9AFF8903, Celsius: 24, A: -0.04, rev/s: -0.283,  rev: +2.514
2024/04/12 20:58:38 ID: 241, Data: 9C18EDFF96FF7E03, Celsius: 24, A: -0.19, rev/s: -0.294,  rev: +2.483
2024/04/12 20:58:38 ID: 241, Data: 9C18F4FF91FF7303, Celsius: 24, A: -0.12, rev/s: -0.308,  rev: +2.453
2024/04/12 20:58:39 ID: 241, Data: 9C18E0FF98FF6803, Celsius: 24, A: -0.32, rev/s: -0.289,  rev: +2.422
2024/04/12 20:58:39 ID: 241, Data: 9C18D8FF89FF5D03, Celsius: 24, A: -0.40, rev/s: -0.331,  rev: +2.392
2024/04/12 20:58:39 ID: 241, Data: 9C18BEFF98FF5203, Celsius: 24, A: -0.66, rev/s: -0.289,  rev: +2.361
2024/04/12 20:58:39 ID: 241, Data: 9C18B9FF92FF4703, Celsius: 24, A: -0.71, rev/s: -0.306,  rev: +2.331
2024/04/12 20:58:39 ID: 241, Data: 9C18C4FF90FF3B03, Celsius: 24, A: -0.60, rev/s: -0.311,  rev: +2.297
2024/04/12 20:58:39 ID: 241, Data: 9C18D8FF89FF3003, Celsius: 24, A: -0.40, rev/s: -0.331,  rev: +2.267
2024/04/12 20:58:39 ID: 241, Data: 9C18E6FF95FF2503, Celsius: 24, A: -0.26, rev/s: -0.297,  rev: +2.236
2024/04/12 20:58:39 ID: 241, Data: 9C18FFFF8EFF1903, Celsius: 24, A: -0.01, rev/s: -0.317,  rev: +2.203
2024/04/12 20:58:39 ID: 241, Data: 9C18FEFF99FF0E03, Celsius: 24, A: -0.02, rev/s: -0.286,  rev: +2.172
2024/04/12 20:58:40 ID: 241, Data: 9C18FBFF97FF0303, Celsius: 24, A: -0.05, rev/s: -0.292,  rev: +2.142
2024/04/12 20:58:40 ID: 241, Data: 9C18FFFF93FFF802, Celsius: 24, A: -0.01, rev/s: -0.303,  rev: +2.111
2024/04/12 20:58:40 ID: 241, Data: 9C18FAFF9AFFED02, Celsius: 24, A: -0.06, rev/s: -0.283,  rev: +2.081
2024/04/12 20:58:40 ID: 241, Data: 9C18FFFF8EFFE202, Celsius: 24, A: -0.01, rev/s: -0.317,  rev: +2.050
2024/04/12 20:58:40 ID: 241, Data: 9C18FDFF99FFD702, Celsius: 24, A: -0.03, rev/s: -0.286,  rev: +2.019
2024/04/12 20:58:40 ID: 241, Data: 9C18FFFF8EFFCC02, Celsius: 24, A: -0.01, rev/s: -0.317,  rev: +1.989
2024/04/12 20:58:40 ID: 241, Data: 9C18FFFF9BFFC102, Celsius: 24, A: -0.01, rev/s: -0.281,  rev: +1.958
2024/04/12 20:58:40 ID: 241, Data: 9C18FEFF89FFB602, Celsius: 24, A: -0.02, rev/s: -0.331,  rev: +1.928
2024/04/12 20:58:40 ID: 241, Data: 9C18FEFF9CFFAA02, Celsius: 24, A: -0.02, rev/s: -0.278,  rev: +1.894
2024/04/12 20:58:40 ID: 241, Data: 9C18FCFF91FF9F02, Celsius: 24, A: -0.04, rev/s: -0.308,  rev: +1.864
2024/04/12 20:58:41 ID: 241, Data: 9C18000097FF9402, Celsius: 24, A: +0.00, rev/s: -0.292,  rev: +1.833
2024/04/12 20:58:41 ID: 241, Data: 9C18FBFF9AFF8902, Celsius: 24, A: -0.05, rev/s: -0.283,  rev: +1.803
2024/04/12 20:58:41 ID: 241, Data: 9C18000093FF7E02, Celsius: 24, A: +0.00, rev/s: -0.303,  rev: +1.772
2024/04/12 20:58:41 ID: 241, Data: 9C18F8FF94FF7302, Celsius: 24, A: -0.08, rev/s: -0.300,  rev: +1.742
2024/04/12 20:58:41 ID: 241, Data: 9C18000091FF6802, Celsius: 24, A: +0.00, rev/s: -0.308,  rev: +1.711
2024/04/12 20:58:41 ID: 241, Data: 9C18FBFF93FF5C02, Celsius: 24, A: -0.05, rev/s: -0.303,  rev: +1.678
2024/04/12 20:58:41 ID: 241, Data: 9C18FEFF92FF5102, Celsius: 24, A: -0.02, rev/s: -0.306,  rev: +1.647
2024/04/12 20:58:41 ID: 241, Data: 9C18FEFF9CFF4602, Celsius: 24, A: -0.02, rev/s: -0.278,  rev: +1.617
2024/04/12 20:58:41 ID: 241, Data: 9C18FEFF89FF3B02, Celsius: 24, A: -0.02, rev/s: -0.331,  rev: +1.586
2024/04/12 20:58:41 ID: 241, Data: 9C18FFFF99FF3002, Celsius: 24, A: -0.01, rev/s: -0.286,  rev: +1.556
2024/04/12 20:58:42 ID: 241, Data: 9C18FCFF90FF2502, Celsius: 24, A: -0.04, rev/s: -0.311,  rev: +1.525
2024/04/12 20:58:42 ID: 241, Data: 9C18FEFF97FF1A02, Celsius: 24, A: -0.02, rev/s: -0.292,  rev: +1.494
2024/04/12 20:58:42 ID: 241, Data: 9C18FAFF97FF0E02, Celsius: 24, A: -0.06, rev/s: -0.292,  rev: +1.461
2024/04/12 20:58:42 ID: 241, Data: 9C18000092FF0302, Celsius: 24, A: +0.00, rev/s: -0.306,  rev: +1.431
2024/04/12 20:58:42 ID: 241, Data: 9C18F9FF94FFF801, Celsius: 24, A: -0.07, rev/s: -0.300,  rev: +1.400
2024/04/12 20:58:42 ID: 241, Data: 9C18000094FFED01, Celsius: 24, A: +0.00, rev/s: -0.300,  rev: +1.369
2024/04/12 20:58:42 ID: 241, Data: 9C18FBFF94FFE201, Celsius: 24, A: -0.05, rev/s: -0.300,  rev: +1.339
2024/04/12 20:58:42 ID: 241, Data: 9C18FFFF90FFD701, Celsius: 24, A: -0.01, rev/s: -0.311,  rev: +1.308
2024/04/12 20:58:42 ID: 241, Data: 9C18FBFF99FFCC01, Celsius: 24, A: -0.05, rev/s: -0.286,  rev: +1.278
2024/04/12 20:58:43 ID: 241, Data: 9C18FFFF8CFFC001, Celsius: 24, A: -0.01, rev/s: -0.322,  rev: +1.244
2024/04/12 20:58:43 ID: 241, Data: 9C18FCFF9CFFB501, Celsius: 24, A: -0.04, rev/s: -0.278,  rev: +1.214
2024/04/12 20:58:43 ID: 241, Data: 9C18FDFF8FFFAA01, Celsius: 24, A: -0.03, rev/s: -0.314,  rev: +1.183
2024/04/12 20:58:43 ID: 241, Data: 9C18FCFF97FF9F01, Celsius: 24, A: -0.04, rev/s: -0.292,  rev: +1.153
2024/04/12 20:58:43 ID: 241, Data: 9C18FBFF92FF9401, Celsius: 24, A: -0.05, rev/s: -0.306,  rev: +1.122
2024/04/12 20:58:43 ID: 241, Data: 9C18FFFF97FF8901, Celsius: 24, A: -0.01, rev/s: -0.292,  rev: +1.092
2024/04/12 20:58:43 ID: 241, Data: 9C18FBFF93FF7E01, Celsius: 24, A: -0.05, rev/s: -0.303,  rev: +1.061
2024/04/12 20:58:43 ID: 241, Data: 9C18FDFF97FF7201, Celsius: 24, A: -0.03, rev/s: -0.292,  rev: +1.028
2024/04/12 20:58:43 ID: 241, Data: 9C18FBFF92FF6701, Celsius: 24, A: -0.05, rev/s: -0.306,  rev: +0.997
2024/04/12 20:58:43 ID: 241, Data: 9C18FFFF91FF5C01, Celsius: 24, A: -0.01, rev/s: -0.308,  rev: +0.967
2024/04/12 20:58:44 ID: 241, Data: 9C18FEFF9BFF5101, Celsius: 24, A: -0.02, rev/s: -0.281,  rev: +0.936
2024/04/12 20:58:44 ID: 241, Data: 9C1800008BFF4601, Celsius: 24, A: +0.00, rev/s: -0.325,  rev: +0.906
2024/04/12 20:58:44 ID: 241, Data: 9C18FDFF9EFF3B01, Celsius: 24, A: -0.03, rev/s: -0.272,  rev: +0.875
2024/04/12 20:58:44 ID: 241, Data: 9C18FFFF8CFF2F01, Celsius: 24, A: -0.01, rev/s: -0.322,  rev: +0.842
2024/04/12 20:58:44 ID: 241, Data: 9C18FEFF99FF2401, Celsius: 24, A: -0.02, rev/s: -0.286,  rev: +0.811
2024/04/12 20:58:44 ID: 241, Data: 9C18F9FF91FF1901, Celsius: 24, A: -0.07, rev/s: -0.308,  rev: +0.781
2024/04/12 20:58:44 ID: 241, Data: 9C18000097FF0E01, Celsius: 24, A: +0.00, rev/s: -0.292,  rev: +0.750
2024/04/12 20:58:44 ID: 241, Data: 9C18F9FF99FF0301, Celsius: 24, A: -0.07, rev/s: -0.286,  rev: +0.719
2024/04/12 20:58:44 ID: 241, Data: 9C18000094FFF800, Celsius: 24, A: +0.00, rev/s: -0.300,  rev: +0.689
2024/04/12 20:58:44 ID: 241, Data: 9C18FBFF93FFED00, Celsius: 24, A: -0.05, rev/s: -0.303,  rev: +0.658
2024/04/12 20:58:45 ID: 241, Data: 9C18FFFF90FFE200, Celsius: 24, A: -0.01, rev/s: -0.311,  rev: +0.628
2024/04/12 20:58:45 ID: 241, Data: 9C18FEFF9BFFD700, Celsius: 24, A: -0.02, rev/s: -0.281,  rev: +0.597
2024/04/12 20:58:45 ID: 241, Data: 9C18FEFF8AFFCB00, Celsius: 24, A: -0.02, rev/s: -0.328,  rev: +0.564
2024/04/12 20:58:45 ID: 241, Data: 9C18FDFF9EFFC000, Celsius: 24, A: -0.03, rev/s: -0.272,  rev: +0.533
2024/04/12 20:58:45 ID: 241, Data: 9C18FDFF91FFB500, Celsius: 24, A: -0.03, rev/s: -0.308,  rev: +0.503
2024/04/12 20:58:45 ID: 241, Data: 9C18FFFF95FFAA00, Celsius: 24, A: -0.01, rev/s: -0.297,  rev: +0.472
2024/04/12 20:58:45 ID: 241, Data: 9C18FBFF93FF9F00, Celsius: 24, A: -0.05, rev/s: -0.303,  rev: +0.442
2024/04/12 20:58:45 ID: 241, Data: 9C18FFFF94FF9400, Celsius: 24, A: -0.01, rev/s: -0.300,  rev: +0.411
2024/04/12 20:58:45 ID: 241, Data: 9C18F9FF9AFF8900, Celsius: 24, A: -0.07, rev/s: -0.283,  rev: +0.381
2024/04/12 20:58:46 ID: 241, Data: 9C18FFFF95FF7D00, Celsius: 24, A: -0.01, rev/s: -0.297,  rev: +0.347
2024/04/12 20:58:46 ID: 241, Data: 9C18FBFF95FF7200, Celsius: 24, A: -0.05, rev/s: -0.297,  rev: +0.317
2024/04/12 20:58:46 ID: 241, Data: 9C1800008EFF6700, Celsius: 24, A: +0.00, rev/s: -0.317,  rev: +0.286
2024/04/12 20:58:46 ID: 241, Data: 9C18FCFF9DFF5C00, Celsius: 24, A: -0.04, rev/s: -0.275,  rev: +0.256
2024/04/12 20:58:46 ID: 241, Data: 9C18000089FF5100, Celsius: 24, A: +0.00, rev/s: -0.331,  rev: +0.225
2024/04/12 20:58:46 ID: 241, Data: 9C18FDFF9EFF4600, Celsius: 24, A: -0.03, rev/s: -0.272,  rev: +0.194
2024/04/12 20:58:46 ID: 241, Data: 9C18FCFF91FF3B00, Celsius: 24, A: -0.04, rev/s: -0.308,  rev: +0.164
2024/04/12 20:58:46 ID: 241, Data: 9C18FFFF96FF3000, Celsius: 24, A: -0.01, rev/s: -0.294,  rev: +0.133
2024/04/12 20:58:46 ID: 241, Data: 9C18F7FF97FF2400, Celsius: 24, A: -0.09, rev/s: -0.292,  rev: +0.100
2024/04/12 20:58:46 ID: 241, Data: 9C18000094FF1900, Celsius: 24, A: +0.00, rev/s: -0.300,  rev: +0.069
2024/04/12 20:58:47 ID: 241, Data: 9C18F8FF99FF0E00, Celsius: 24, A: -0.08, rev/s: -0.286,  rev: +0.039
2024/04/12 20:58:47 ID: 241, Data: 9C18000094FF0300, Celsius: 24, A: +0.00, rev/s: -0.300,  rev: +0.008
2024/04/12 20:58:47 ID: 241, Data: 9C18FCFF95FFF9FF, Celsius: 24, A: -0.04, rev/s: -0.297,  rev: -0.019
2024/04/12 20:58:47 ID: 241, Data: 9C1800008FFFEEFF, Celsius: 24, A: +0.00, rev/s: -0.314,  rev: -0.050
2024/04/12 20:58:47 ID: 241, Data: 9C18FDFF9CFFE3FF, Celsius: 24, A: -0.03, rev/s: -0.278,  rev: -0.081
2024/04/12 20:58:47 ID: 241, Data: 9C18FEFF8CFFD7FF, Celsius: 24, A: -0.02, rev/s: -0.322,  rev: -0.114
2024/04/12 20:58:47 ID: 241, Data: 9C18FDFF9CFFCCFF, Celsius: 24, A: -0.03, rev/s: -0.278,  rev: -0.144
2024/04/12 20:58:47 ID: 241, Data: 9C18FDFF91FFC1FF, Celsius: 24, A: -0.03, rev/s: -0.308,  rev: -0.175
2024/04/12 20:58:47 ID: 241, Data: 9C18FFFF99FFB6FF, Celsius: 24, A: -0.01, rev/s: -0.286,  rev: -0.206
2024/04/12 20:58:47 ID: 241, Data: 9C18FBFF92FFABFF, Celsius: 24, A: -0.05, rev/s: -0.306,  rev: -0.236
2024/04/12 20:58:48 ID: 241, Data: 9C18FEFF94FFA0FF, Celsius: 24, A: -0.02, rev/s: -0.300,  rev: -0.267
2024/04/12 20:58:48 ID: 241, Data: 9C18FAFF96FF95FF, Celsius: 24, A: -0.06, rev/s: -0.294,  rev: -0.297
2024/04/12 20:58:48 ID: 241, Data: 9C18FFFF96FF89FF, Celsius: 24, A: -0.01, rev/s: -0.294,  rev: -0.331
2024/04/12 20:58:48 ID: 241, Data: 9C18FAFF95FF7EFF, Celsius: 24, A: -0.06, rev/s: -0.297,  rev: -0.361
2024/04/12 20:58:48 ID: 241, Data: 9C18000090FF73FF, Celsius: 24, A: +0.00, rev/s: -0.311,  rev: -0.392
2024/04/12 20:58:48 ID: 241, Data: 9C18F9FF9BFF68FF, Celsius: 24, A: -0.07, rev/s: -0.281,  rev: -0.422
2024/04/12 20:58:48 ID: 241, Data: 9C18FEFF8AFF5DFF, Celsius: 24, A: -0.02, rev/s: -0.328,  rev: -0.453
2024/04/12 20:58:48 ID: 241, Data: 9C18FCFF9BFF52FF, Celsius: 24, A: -0.04, rev/s: -0.281,  rev: -0.483
2024/04/12 20:58:48 ID: 241, Data: 9C18FCFF94FF47FF, Celsius: 24, A: -0.04, rev/s: -0.300,  rev: -0.514
2024/04/12 20:58:48 ID: 241, Data: 9C18000094FF3BFF, Celsius: 24, A: +0.00, rev/s: -0.300,  rev: -0.547
2024/04/12 20:58:49 ID: 241, Data: 9C18FAFF93FF30FF, Celsius: 24, A: -0.06, rev/s: -0.303,  rev: -0.578
2024/04/12 20:58:49 ID: 241, Data: 9C18FFFF94FF25FF, Celsius: 24, A: -0.01, rev/s: -0.300,  rev: -0.608
2024/04/12 20:58:49 ID: 241, Data: 9C18FBFF94FF1AFF, Celsius: 24, A: -0.05, rev/s: -0.300,  rev: -0.639
2024/04/12 20:58:49 ID: 241, Data: 9C18FEFF97FF0FFF, Celsius: 24, A: -0.02, rev/s: -0.292,  rev: -0.669
2024/04/12 20:58:49 ID: 241, Data: 9C18FCFF97FF04FF, Celsius: 24, A: -0.04, rev/s: -0.292,  rev: -0.700
2024/04/12 20:58:49 ID: 241, Data: 9C18FFFF93FFF9FE, Celsius: 24, A: -0.01, rev/s: -0.303,  rev: -0.731
2024/04/12 20:58:49 ID: 241, Data: 9C18F8FF97FFEEFE, Celsius: 24, A: -0.08, rev/s: -0.292,  rev: -0.761
2024/04/12 20:58:49 ID: 241, Data: 9C18FFFF8DFFE2FE, Celsius: 24, A: -0.01, rev/s: -0.319,  rev: -0.794
2024/04/12 20:58:49 ID: 241, Data: 9C18FCFF9CFFD7FE, Celsius: 24, A: -0.04, rev/s: -0.278,  rev: -0.825
2024/04/12 20:58:50 ID: 241, Data: 9C18FDFF91FFCCFE, Celsius: 24, A: -0.03, rev/s: -0.308,  rev: -0.856
2024/04/12 20:58:50 ID: 241, Data: 9C18FEFF97FFC1FE, Celsius: 24, A: -0.02, rev/s: -0.292,  rev: -0.886
2024/04/12 20:58:50 ID: 241, Data: 9C18FBFF93FFB6FE, Celsius: 24, A: -0.05, rev/s: -0.303,  rev: -0.917
2024/04/12 20:58:50 ID: 241, Data: 9C18FEFF96FFABFE, Celsius: 24, A: -0.02, rev/s: -0.294,  rev: -0.947
2024/04/12 20:58:50 ID: 241, Data: 9C18FAFF96FFA0FE, Celsius: 24, A: -0.06, rev/s: -0.294,  rev: -0.978
2024/04/12 20:58:50 ID: 241, Data: 9C18FFFF95FF94FE, Celsius: 24, A: -0.01, rev/s: -0.297,  rev: -1.011
2024/04/12 20:58:50 ID: 241, Data: 9C18FBFF97FF89FE, Celsius: 24, A: -0.05, rev/s: -0.292,  rev: -1.042
2024/04/12 20:58:50 ID: 241, Data: 9C18FFFF93FF7EFE, Celsius: 24, A: -0.01, rev/s: -0.303,  rev: -1.072
2024/04/12 20:58:50 ID: 241, Data: 9C18F9FF95FF73FE, Celsius: 24, A: -0.07, rev/s: -0.297,  rev: -1.103
2024/04/12 20:58:50 ID: 241, Data: 9C18FFFF93FF68FE, Celsius: 24, A: -0.01, rev/s: -0.303,  rev: -1.133
2024/04/12 20:58:51 ID: 241, Data: 9C18FCFF97FF5DFE, Celsius: 24, A: -0.04, rev/s: -0.292,  rev: -1.164
2024/04/12 20:58:51 ID: 241, Data: 9C18FBFF91FF52FE, Celsius: 24, A: -0.05, rev/s: -0.308,  rev: -1.194
2024/04/12 20:58:51 ID: 241, Data: 9C18FFFF99FF46FE, Celsius: 24, A: -0.01, rev/s: -0.286,  rev: -1.228
2024/04/12 20:58:51 ID: 241, Data: 9C18FCFF91FF3BFE, Celsius: 24, A: -0.04, rev/s: -0.308,  rev: -1.258
2024/04/12 20:58:51 ID: 241, Data: 9C18FFFF97FF30FE, Celsius: 24, A: -0.01, rev/s: -0.292,  rev: -1.289
2024/04/12 20:58:51 ID: 241, Data: 9C18FDFF93FF25FE, Celsius: 24, A: -0.03, rev/s: -0.303,  rev: -1.319
2024/04/12 20:58:51 ID: 241, Data: 9C18000094FF1AFE, Celsius: 24, A: +0.00, rev/s: -0.300,  rev: -1.350
2024/04/12 20:58:51 ID: 241, Data: 9C18F8FF9CFF0FFE, Celsius: 24, A: -0.08, rev/s: -0.278,  rev: -1.381
2024/04/12 20:58:51 ID: 241, Data: 9C18000092FF03FE, Celsius: 24, A: +0.00, rev/s: -0.306,  rev: -1.414
2024/04/12 20:58:51 ID: 241, Data: 9C18F9FF96FFF8FD, Celsius: 24, A: -0.07, rev/s: -0.294,  rev: -1.444
2024/04/12 20:58:52 ID: 241, Data: 9C1800008EFFEDFD, Celsius: 24, A: +0.00, rev/s: -0.317,  rev: -1.475
2024/04/12 20:58:52 ID: 241, Data: 9C18FEFF9AFFE2FD, Celsius: 24, A: -0.02, rev/s: -0.283,  rev: -1.506
2024/04/12 20:58:52 ID: 241, Data: 9C18FEFF8BFFD7FD, Celsius: 24, A: -0.02, rev/s: -0.325,  rev: -1.536
2024/04/12 20:58:52 ID: 241, Data: 9C18FEFF9CFFCCFD, Celsius: 24, A: -0.02, rev/s: -0.278,  rev: -1.567
2024/04/12 20:58:52 ID: 241, Data: 9C18FCFF8FFFC1FD, Celsius: 24, A: -0.04, rev/s: -0.314,  rev: -1.597
2024/04/12 20:58:52 ID: 241, Data: 9C18000097FFB6FD, Celsius: 24, A: +0.00, rev/s: -0.292,  rev: -1.628
2024/04/12 20:58:52 ID: 241, Data: 9C18FAFF94FFAAFD, Celsius: 24, A: -0.06, rev/s: -0.300,  rev: -1.661
2024/04/12 20:58:52 ID: 241, Data: 9C18FFFF95FF9FFD, Celsius: 24, A: -0.01, rev/s: -0.297,  rev: -1.692
2024/04/12 20:58:52 ID: 241, Data: 9C18FAFF95FF94FD, Celsius: 24, A: -0.06, rev/s: -0.297,  rev: -1.722
2024/04/12 20:58:53 ID: 241, Data: 9C18FFFF95FF89FD, Celsius: 24, A: -0.01, rev/s: -0.297,  rev: -1.753
2024/04/12 20:58:53 ID: 241, Data: 9C18FCFF95FF7EFD, Celsius: 24, A: -0.04, rev/s: -0.297,  rev: -1.783
2024/04/12 20:58:53 ID: 241, Data: 9C18FFFF95FF73FD, Celsius: 24, A: -0.01, rev/s: -0.297,  rev: -1.814
2024/04/12 20:58:53 ID: 241, Data: 9C18FBFF94FF67FD, Celsius: 24, A: -0.05, rev/s: -0.300,  rev: -1.847
2024/04/12 20:58:53 ID: 241, Data: 9C18FFFF8FFF5CFD, Celsius: 24, A: -0.01, rev/s: -0.314,  rev: -1.878
2024/04/12 20:58:53 ID: 241, Data: 9C18FDFF9EFF51FD, Celsius: 24, A: -0.03, rev/s: -0.272,  rev: -1.908
2024/04/12 20:58:53 ID: 241, Data: 9C18FFFF8CFF46FD, Celsius: 24, A: -0.01, rev/s: -0.322,  rev: -1.939
2024/04/12 20:58:53 ID: 241, Data: 9C18FAFF9AFF3BFD, Celsius: 24, A: -0.06, rev/s: -0.283,  rev: -1.969
2024/04/12 20:58:53 ID: 241, Data: 9C18FDFF90FF30FD, Celsius: 24, A: -0.03, rev/s: -0.311,  rev: -2.000
2024/04/12 20:58:53 ID: 241, Data: 9C18FDFF96FF24FD, Celsius: 24, A: -0.03, rev/s: -0.294,  rev: -2.033
2024/04/12 20:58:56 ID: 241, Data: 9C181700E7011AFC, Celsius: 24, A: +0.23, rev/s: +1.353,  rev: -2.772
2024/04/12 20:58:56 ID: 241, Data: 9C181600CD0366FC, Celsius: 24, A: +0.22, rev/s: +2.703,  rev: -2.561
2024/04/12 20:58:56 ID: 241, Data: 9C181200A104D9FC, Celsius: 24, A: +0.18, rev/s: +3.292,  rev: -2.242
2024/04/12 20:58:57 ID: 241, Data: 9C181700D20456FD, Celsius: 24, A: +0.23, rev/s: +3.428,  rev: -1.894
2024/04/12 20:58:57 ID: 241, Data: 9C181100BE04D3FD, Celsius: 24, A: +0.17, rev/s: +3.372,  rev: -1.547
2024/04/12 20:58:57 ID: 241, Data: 9C181200AF0450FE, Celsius: 24, A: +0.18, rev/s: +3.331,  rev: -1.200
2024/04/12 20:58:57 ID: 241, Data: 9C181D009B04CCFE, Celsius: 24, A: +0.29, rev/s: +3.275,  rev: -0.856
2024/04/12 20:58:57 ID: 241, Data: 9C181D00930446FF, Celsius: 24, A: +0.29, rev/s: +3.253,  rev: -0.517
2024/04/12 20:58:57 ID: 241, Data: 9C1821009704C0FF, Celsius: 24, A: +0.33, rev/s: +3.264,  rev: -0.178
2024/04/12 20:58:57 ID: 241, Data: 9C181F0092043A00, Celsius: 24, A: +0.31, rev/s: +3.250,  rev: +0.161
2024/04/12 20:58:57 ID: 241, Data: 9C1823008C04B200, Celsius: 24, A: +0.35, rev/s: +3.233,  rev: +0.494
2024/04/12 20:58:57 ID: 241, Data: 9C1828005D042801, Celsius: 24, A: +0.40, rev/s: +3.103,  rev: +0.822
2024/04/12 20:58:57 ID: 241, Data: 9C1826003D039401, Celsius: 24, A: +0.38, rev/s: +2.303,  rev: +1.122
2024/04/12 20:58:58 ID: 241, Data: 9C182100EAFFBB01, Celsius: 24, A: +0.33, rev/s: -0.061,  rev: +1.231
2024/04/12 20:58:58 ID: 241, Data: 9C181D000000BB01, Celsius: 24, A: +0.29, rev/s: +0.000,  rev: +1.231
2024/04/12 20:58:58 ID: 241, Data: 9C181E000000BB01, Celsius: 24, A: +0.30, rev/s: +0.000,  rev: +1.231
2024/04/12 20:58:58 ID: 241, Data: 9C181D000000BB01, Celsius: 24, A: +0.29, rev/s: +0.000,  rev: +1.231
2024/04/12 20:58:58 ID: 241, Data: 9C181D000000BB01, Celsius: 24, A: +0.29, rev/s: +0.000,  rev: +1.231
2024/04/12 20:58:58 ID: 241, Data: 9C181E000000BB01, Celsius: 24, A: +0.30, rev/s: +0.000,  rev: +1.231
2024/04/12 20:58:58 ID: 241, Data: 9C181D000000BB01, Celsius: 24, A: +0.29, rev/s: +0.000,  rev: +1.231
2024/04/12 20:59:22 ID: 241, Data: 9C182C000C03BC01, Celsius: 24, A: +0.44, rev/s: +2.167,  rev: +1.233
2024/04/12 20:59:22 ID: 241, Data: 9C18380049031402, Celsius: 24, A: +0.56, rev/s: +2.336,  rev: +1.478
2024/04/12 20:59:23 ID: 241, Data: 9C183F0026004B02, Celsius: 24, A: +0.63, rev/s: +0.106,  rev: +1.631
2024/04/12 20:59:23 ID: 241, Data: 9C18310000004B02, Celsius: 24, A: +0.49, rev/s: +0.000,  rev: +1.631
2024/04/12 20:59:23 ID: 241, Data: 9C18310001004B02, Celsius: 24, A: +0.49, rev/s: +0.003,  rev: +1.631
2024/04/12 20:59:23 ID: 241, Data: 9C18320000004B02, Celsius: 24, A: +0.50, rev/s: +0.000,  rev: +1.631
2024/04/12 20:59:23 ID: 241, Data: 9C18330006004C02, Celsius: 24, A: +0.51, rev/s: +0.017,  rev: +1.633
2024/04/12 20:59:23 ID: 241, Data: 9C18320000004C02, Celsius: 24, A: +0.50, rev/s: +0.000,  rev: +1.633
2024/04/12 20:59:23 ID: 241, Data: 9C1830000F004C02, Celsius: 24, A: +0.48, rev/s: +0.042,  rev: +1.633
2024/04/12 20:59:33 ID: 241, Data: 9C18550095036D02, Celsius: 24, A: +0.85, rev/s: +2.547,  rev: +1.725
2024/04/12 20:59:33 ID: 241, Data: 9C185D004C009F02, Celsius: 24, A: +0.93, rev/s: +0.211,  rev: +1.864
2024/04/12 20:59:33 ID: 241, Data: 9C18500000009F02, Celsius: 24, A: +0.80, rev/s: +0.000,  rev: +1.864
2024/04/12 20:59:33 ID: 241, Data: 9C18500000009F02, Celsius: 24, A: +0.80, rev/s: +0.000,  rev: +1.864
2024/04/12 20:59:33 ID: 241, Data: 9C18500000009F02, Celsius: 24, A: +0.80, rev/s: +0.000,  rev: +1.864
2024/04/12 20:59:33 ID: 241, Data: 9C1850000000A002, Celsius: 24, A: +0.80, rev/s: +0.000,  rev: +1.867
2024/04/12 20:59:34 ID: 241, Data: 9C184E000900A002, Celsius: 24, A: +0.78, rev/s: +0.025,  rev: +1.867
2024/04/12 20:59:34 ID: 241, Data: 9C184E000D00A302, Celsius: 24, A: +0.78, rev/s: +0.036,  rev: +1.875
2024/04/12 20:59:47 ID: 241, Data: 9C185200F503A402, Celsius: 24, A: +0.82, rev/s: +2.814,  rev: +1.878
2024/04/12 20:59:47 ID: 241, Data: 9C186200D001F402, Celsius: 24, A: +0.98, rev/s: +1.289,  rev: +2.100
2024/04/12 20:59:47 ID: 241, Data: 9C185A00FFFF0703, Celsius: 24, A: +0.90, rev/s: -0.003,  rev: +2.153
2024/04/12 20:59:47 ID: 241, Data: 9C185A0000000703, Celsius: 24, A: +0.90, rev/s: +0.000,  rev: +2.153
2024/04/12 20:59:47 ID: 241, Data: 9C18590000000703, Celsius: 24, A: +0.89, rev/s: +0.000,  rev: +2.153
2024/04/12 20:59:47 ID: 241, Data: 9C18590000000703, Celsius: 24, A: +0.89, rev/s: +0.000,  rev: +2.153
2024/04/12 20:59:47 ID: 241, Data: 9C185A0000000703, Celsius: 24, A: +0.90, rev/s: +0.000,  rev: +2.153
2024/04/12 20:59:47 ID: 241, Data: 9C18590000000703, Celsius: 24, A: +0.89, rev/s: +0.000,  rev: +2.153
2024/04/12 20:59:48 ID: 241, Data: 9C185A0000000703, Celsius: 24, A: +0.90, rev/s: +0.000,  rev: +2.153
2024/04/12 21:00:00 ID: 241, Data: 9C18200086049302, Celsius: 24, A: +0.32, rev/s: +3.217,  rev: +1.831
2024/04/12 21:00:00 ID: 241, Data: 9C187000B503FB02, Celsius: 24, A: +1.12, rev/s: +2.636,  rev: +2.119
2024/04/12 21:00:00 ID: 241, Data: 9C186B00D6025503, Celsius: 24, A: +1.07, rev/s: +2.017,  rev: +2.369
2024/04/12 21:00:00 ID: 241, Data: 9C1873003003A503, Celsius: 24, A: +1.15, rev/s: +2.267,  rev: +2.592
2024/04/12 21:00:00 ID: 241, Data: 9C186A00CF02F603, Celsius: 24, A: +1.06, rev/s: +1.997,  rev: +2.817
2024/04/12 21:00:00 ID: 241, Data: 9C186B0074023C04, Celsius: 24, A: +1.07, rev/s: +1.744,  rev: +3.011
2024/04/12 21:00:00 ID: 241, Data: 9C187A005A016E04, Celsius: 24, A: +1.22, rev/s: +0.961,  rev: +3.150
2024/04/12 21:00:01 ID: 241, Data: 9C18730007008104, Celsius: 24, A: +1.15, rev/s: +0.019,  rev: +3.203
2024/04/12 21:00:01 ID: 241, Data: 9C186E0000008104, Celsius: 24, A: +1.10, rev/s: +0.000,  rev: +3.203
2024/04/12 21:00:01 ID: 241, Data: 9C186E0000008104, Celsius: 24, A: +1.10, rev/s: +0.000,  rev: +3.203
2024/04/12 21:00:01 ID: 241, Data: 9C186D0000008104, Celsius: 24, A: +1.09, rev/s: +0.000,  rev: +3.203
2024/04/12 21:00:01 ID: 241, Data: 9C186E0000008104, Celsius: 24, A: +1.10, rev/s: +0.000,  rev: +3.203
2024/04/12 21:00:01 ID: 241, Data: 9C186D0000008104, Celsius: 24, A: +1.09, rev/s: +0.000,  rev: +3.203
2024/04/12 21:00:01 ID: 241, Data: 9C186E0000008104, Celsius: 24, A: +1.10, rev/s: +0.000,  rev: +3.203
2024/04/12 21:01:22 ID: 241, Data: 9C180F00C9040702, Celsius: 24, A: +0.15, rev/s: +3.403,  rev: +1.442
2024/04/12 21:01:22 ID: 241, Data: 9C182F005E048102, Celsius: 24, A: +0.47, rev/s: +3.106,  rev: +1.781
2024/04/12 21:01:22 ID: 241, Data: 9C187D00CF03EA02, Celsius: 24, A: +1.25, rev/s: +2.708,  rev: +2.072
2024/04/12 21:01:22 ID: 241, Data: 9C187B00D2034C03, Celsius: 24, A: +1.23, rev/s: +2.717,  rev: +2.344
2024/04/12 21:01:22 ID: 241, Data: 9C184C000A04B303, Celsius: 24, A: +0.76, rev/s: +2.872,  rev: +2.631
2024/04/12 21:01:23 ID: 241, Data: 9C186600F1031A04, Celsius: 24, A: +1.02, rev/s: +2.803,  rev: +2.917
2024/04/12 21:01:23 ID: 241, Data: 9C189800A0037D04, Celsius: 24, A: +1.52, rev/s: +2.578,  rev: +3.192
2024/04/12 21:01:23 ID: 241, Data: 9C189200A403DC04, Celsius: 24, A: +1.46, rev/s: +2.589,  rev: +3.456
2024/04/12 21:01:23 ID: 241, Data: 9C189B0095034005, Celsius: 24, A: +1.55, rev/s: +2.547,  rev: +3.733
2024/04/12 21:01:23 ID: 241, Data: 9C188D00C903A105, Celsius: 24, A: +1.41, rev/s: +2.692,  rev: +4.003
2024/04/12 21:01:23 ID: 241, Data: 9C18C7004603FD05, Celsius: 24, A: +1.99, rev/s: +2.328,  rev: +4.258
2024/04/12 21:01:23 ID: 241, Data: 9C18A0000B024406, Celsius: 24, A: +1.60, rev/s: +1.453,  rev: +4.456
2024/04/12 21:01:23 ID: 241, Data: 9C189900AB028106, Celsius: 24, A: +1.53, rev/s: +1.897,  rev: +4.625
2024/04/12 21:01:23 ID: 241, Data: 9C189C006903CD06, Celsius: 24, A: +1.56, rev/s: +2.425,  rev: +4.836
2024/04/12 21:01:23 ID: 241, Data: 9C18A20077032A07, Celsius: 24, A: +1.62, rev/s: +2.464,  rev: +5.094
2024/04/12 21:01:24 ID: 241, Data: 9C189100B1017107, Celsius: 24, A: +1.45, rev/s: +1.203,  rev: +5.292
2024/04/12 21:01:24 ID: 241, Data: 9C189B001A008707, Celsius: 24, A: +1.55, rev/s: +0.072,  rev: +5.353
2024/04/12 21:01:24 ID: 241, Data: 9C18960000008707, Celsius: 24, A: +1.50, rev/s: +0.000,  rev: +5.353
2024/04/12 21:01:24 ID: 241, Data: 9C18950000008707, Celsius: 24, A: +1.49, rev/s: +0.000,  rev: +5.353
2024/04/12 21:01:24 ID: 241, Data: 9C18950001008707, Celsius: 24, A: +1.49, rev/s: +0.003,  rev: +5.353
2024/04/12 21:01:24 ID: 241, Data: 9C18950000008707, Celsius: 24, A: +1.49, rev/s: +0.000,  rev: +5.353
2024/04/12 21:01:24 ID: 241, Data: 9C18960001008707, Celsius: 24, A: +1.50, rev/s: +0.003,  rev: +5.353
2024/04/12 21:01:24 ID: 241, Data: 9C18950000008707, Celsius: 24, A: +1.49, rev/s: +0.000,  rev: +5.353
2024/04/12 21:02:46 ID: 241, Data: 9C1C9A0060008E07, Celsius: 28, A: +1.54, rev/s: +0.267,  rev: +5.372
2024/04/12 21:02:47 ID: 241, Data: 9C1C9F0000009207, Celsius: 28, A: +1.59, rev/s: +0.000,  rev: +5.383
2024/04/12 21:02:47 ID: 241, Data: 9C1C9D000E009307, Celsius: 28, A: +1.57, rev/s: +0.039,  rev: +5.386
2024/04/12 21:02:47 ID: 241, Data: 9C1C970082009C07, Celsius: 28, A: +1.51, rev/s: +0.361,  rev: +5.411
2024/04/12 21:02:47 ID: 241, Data: 9C1CA600EB00AE07, Celsius: 28, A: +1.66, rev/s: +0.653,  rev: +5.461
2024/04/12 21:02:47 ID: 241, Data: 9C1CA200C901CE07, Celsius: 28, A: +1.62, rev/s: +1.269,  rev: +5.550
2024/04/12 21:02:47 ID: 241, Data: 9C1C9C004B031308, Celsius: 28, A: +1.56, rev/s: +2.342,  rev: +5.742
2024/04/12 21:02:47 ID: 241, Data: 9C1C940083036C08, Celsius: 28, A: +1.48, rev/s: +2.497,  rev: +5.989
2024/04/12 21:02:47 ID: 241, Data: 9C1CA3005C03C808, Celsius: 28, A: +1.63, rev/s: +2.389,  rev: +6.244
2024/04/12 21:02:47 ID: 241, Data: 9C1C95006E032009, Celsius: 28, A: +1.49, rev/s: +2.439,  rev: +6.489
2024/04/12 21:02:47 ID: 241, Data: 9C1CAC0097037F09, Celsius: 28, A: +1.72, rev/s: +2.553,  rev: +6.753
2024/04/12 21:02:48 ID: 241, Data: 9C1CA2007D03DE09, Celsius: 28, A: +1.62, rev/s: +2.481,  rev: +7.017
2024/04/12 21:02:48 ID: 241, Data: 9C1CBF0038033A0A, Celsius: 28, A: +1.91, rev/s: +2.289,  rev: +7.272
2024/04/12 21:02:48 ID: 241, Data: 9C1CA7006A03920A, Celsius: 28, A: +1.67, rev/s: +2.428,  rev: +7.517
2024/04/12 21:02:48 ID: 241, Data: 9C1C96007303EF0A, Celsius: 28, A: +1.50, rev/s: +2.453,  rev: +7.775
2024/04/12 21:02:48 ID: 241, Data: 9C1C9E008E034C0B, Celsius: 28, A: +1.58, rev/s: +2.528,  rev: +8.033
2024/04/12 21:02:48 ID: 241, Data: 9C1CDC00DD02A40B, Celsius: 28, A: +2.20, rev/s: +2.036,  rev: +8.278
2024/04/12 21:02:48 ID: 241, Data: 9C1CA7007600A80B, Celsius: 28, A: +1.67, rev/s: +0.328,  rev: +8.289
2024/04/12 21:02:48 ID: 241, Data: 9C1CA0000000A80B, Celsius: 28, A: +1.60, rev/s: +0.000,  rev: +8.289
2024/04/12 21:02:48 ID: 241, Data: 9C1CA0000000A80B, Celsius: 28, A: +1.60, rev/s: +0.000,  rev: +8.289
2024/04/12 21:02:48 ID: 241, Data: 9C1CA0000000A80B, Celsius: 28, A: +1.60, rev/s: +0.000,  rev: +8.289
2024/04/12 21:02:49 ID: 241, Data: 9C1C9F000000A80B, Celsius: 28, A: +1.59, rev/s: +0.000,  rev: +8.289
2024/04/12 21:02:49 ID: 241, Data: 9C1CA0000000A80B, Celsius: 28, A: +1.60, rev/s: +0.000,  rev: +8.289
2024/04/12 21:03:16 ID: 241, Data: 9C1DA0000000A80B, Celsius: 29, A: +1.60, rev/s: +0.000,  rev: +8.289
2024/04/12 21:03:16 ID: 241, Data: 9C1DA0000000A80B, Celsius: 29, A: +1.60, rev/s: +0.000,  rev: +8.289
2024/04/12 21:03:16 ID: 241, Data: 9C1D9F000000A80B, Celsius: 29, A: +1.59, rev/s: +0.000,  rev: +8.289
2024/04/12 21:03:16 ID: 241, Data: 9C1DA0000000A80B, Celsius: 29, A: +1.60, rev/s: +0.000,  rev: +8.289
2024/04/12 21:03:17 ID: 241, Data: 9C1D9F000000A80B, Celsius: 29, A: +1.59, rev/s: +0.000,  rev: +8.289
2024/04/12 21:03:17 ID: 241, Data: 9C1DA0000000A80B, Celsius: 29, A: +1.60, rev/s: +0.000,  rev: +8.289
2024/04/12 21:03:17 ID: 241, Data: 9C1DA0000000A80B, Celsius: 29, A: +1.60, rev/s: +0.000,  rev: +8.289
2024/04/12 21:03:38 ID: 241, Data: 9C23A0000000A90B, Celsius: 35, A: +1.60, rev/s: +0.000,  rev: +8.292
2024/04/12 21:03:38 ID: 241, Data: 9C23A0000000A90B, Celsius: 35, A: +1.60, rev/s: +0.000,  rev: +8.292
2024/04/12 21:03:39 ID: 241, Data: 9C239F000000A90B, Celsius: 35, A: +1.59, rev/s: +0.000,  rev: +8.292
2024/04/12 21:03:39 ID: 241, Data: 9C239F000000A90B, Celsius: 35, A: +1.59, rev/s: +0.000,  rev: +8.292
2024/04/12 21:03:39 ID: 241, Data: 9C239F000000A90B, Celsius: 35, A: +1.59, rev/s: +0.000,  rev: +8.292
2024/04/12 21:03:39 ID: 241, Data: 9C239F000000A90B, Celsius: 35, A: +1.59, rev/s: +0.000,  rev: +8.292
2024/04/12 21:03:39 ID: 241, Data: 9C239F000000A90B, Celsius: 35, A: +1.59, rev/s: +0.000,  rev: +8.292
2024/04/12 21:04:00 ID: 241, Data: 9C1E5E00F4035103, Celsius: 30, A: +0.94, rev/s: +2.811,  rev: +2.358
2024/04/12 21:04:00 ID: 241, Data: 9C1E7500D303B803, Celsius: 30, A: +1.17, rev/s: +2.719,  rev: +2.644
2024/04/12 21:04:00 ID: 241, Data: 9C1D8F008F031A04, Celsius: 29, A: +1.43, rev/s: +2.531,  rev: +2.917
2024/04/12 21:04:00 ID: 241, Data: 9C1D9600A9037B04, Celsius: 29, A: +1.50, rev/s: +2.603,  rev: +3.186
2024/04/12 21:04:00 ID: 241, Data: 9C1D6C00D503E104, Celsius: 29, A: +1.08, rev/s: +2.725,  rev: +3.469
2024/04/12 21:04:00 ID: 241, Data: 9C1E8400BA034505, Celsius: 30, A: +1.32, rev/s: +2.650,  rev: +3.747
2024/04/12 21:04:01 ID: 241, Data: 9C1DB60036039D05, Celsius: 29, A: +1.82, rev/s: +2.283,  rev: +3.992
2024/04/12 21:04:01 ID: 241, Data: 9C1DB2004B03F105, Celsius: 29, A: +1.78, rev/s: +2.342,  rev: +4.225
2024/04/12 21:04:01 ID: 241, Data: 9C1E98008E034E06, Celsius: 30, A: +1.52, rev/s: +2.528,  rev: +4.483
2024/04/12 21:04:01 ID: 241, Data: 9C1E96009303AD06, Celsius: 30, A: +1.50, rev/s: +2.542,  rev: +4.747
2024/04/12 21:04:01 ID: 241, Data: 9C1EAC0039030407, Celsius: 30, A: +1.72, rev/s: +2.292,  rev: +4.989
2024/04/12 21:04:01 ID: 241, Data: 9C1E8F0047035507, Celsius: 30, A: +1.43, rev/s: +2.331,  rev: +5.214
2024/04/12 21:04:01 ID: 241, Data: 9C1EA9002403AD07, Celsius: 30, A: +1.69, rev/s: +2.233,  rev: +5.458
2024/04/12 21:04:01 ID: 241, Data: 9C1E8100A1030308, Celsius: 30, A: +1.29, rev/s: +2.581,  rev: +5.697
2024/04/12 21:04:01 ID: 241, Data: 9C1E96007B036308, Celsius: 30, A: +1.50, rev/s: +2.475,  rev: +5.964
2024/04/12 21:04:01 ID: 241, Data: 9C1E8C00A403C208, Celsius: 30, A: +1.40, rev/s: +2.589,  rev: +6.228
2024/04/12 21:04:02 ID: 241, Data: 9C1EC00042031D09, Celsius: 30, A: +1.92, rev/s: +2.317,  rev: +6.481
2024/04/12 21:04:02 ID: 241, Data: 9C1E8F00C5037B09, Celsius: 30, A: +1.43, rev/s: +2.681,  rev: +6.742
2024/04/12 21:04:02 ID: 241, Data: 9C1E9D008A03DA09, Celsius: 30, A: +1.57, rev/s: +2.517,  rev: +7.006
2024/04/12 21:04:02 ID: 241, Data: 9C1E9B008E03390A, Celsius: 30, A: +1.55, rev/s: +2.528,  rev: +7.269
2024/04/12 21:04:02 ID: 241, Data: 9C1E9F007203930A, Celsius: 30, A: +1.59, rev/s: +2.450,  rev: +7.519
2024/04/12 21:04:02 ID: 241, Data: 9C1E97008803F10A, Celsius: 30, A: +1.51, rev/s: +2.511,  rev: +7.781
2024/04/12 21:04:02 ID: 241, Data: 9C1E9C006D03510B, Celsius: 30, A: +1.56, rev/s: +2.436,  rev: +8.047
2024/04/12 21:04:02 ID: 241, Data: 9C1E97004701890B, Celsius: 30, A: +1.51, rev/s: +0.908,  rev: +8.203
2024/04/12 21:04:02 ID: 241, Data: 9C1E9F002400A00B, Celsius: 30, A: +1.59, rev/s: +0.100,  rev: +8.267
2024/04/12 21:04:03 ID: 241, Data: 9C1EA0000400A10B, Celsius: 30, A: +1.60, rev/s: +0.011,  rev: +8.269
2024/04/12 21:04:03 ID: 241, Data: 9C1EA0000500A10B, Celsius: 30, A: +1.60, rev/s: +0.014,  rev: +8.269
2024/04/12 21:04:03 ID: 241, Data: 9C1EA0000000A10B, Celsius: 30, A: +1.60, rev/s: +0.000,  rev: +8.269
2024/04/12 21:04:03 ID: 241, Data: 9C1E97004E00A40B, Celsius: 30, A: +1.51, rev/s: +0.217,  rev: +8.278
2024/04/12 21:04:03 ID: 241, Data: 9C1E9F000000AA0B, Celsius: 30, A: +1.59, rev/s: +0.000,  rev: +8.294
2024/04/12 21:04:03 ID: 241, Data: 9C1EA0000000AA0B, Celsius: 30, A: +1.60, rev/s: +0.000,  rev: +8.294
2024/04/12 21:04:03 ID: 241, Data: 9C1EB3009900AE0B, Celsius: 30, A: +1.79, rev/s: +0.425,  rev: +8.306
2024/04/12 21:04:03 ID: 241, Data: 9C1E9F000000B20B, Celsius: 30, A: +1.59, rev/s: +0.000,  rev: +8.317
2024/04/12 21:04:03 ID: 241, Data: 9C1EA0000000B20B, Celsius: 30, A: +1.60, rev/s: +0.000,  rev: +8.317
2024/04/12 21:04:03 ID: 241, Data: 9C1EA0000000B20B, Celsius: 30, A: +1.60, rev/s: +0.000,  rev: +8.317
2024/04/12 21:04:04 ID: 241, Data: 9C1E9F000000B20B, Celsius: 30, A: +1.59, rev/s: +0.000,  rev: +8.317
2024/04/12 21:04:18 ID: 241, Data: 9C1DAB002800B60B, Celsius: 29, A: +1.71, rev/s: +0.111,  rev: +8.328
2024/04/12 21:04:18 ID: 241, Data: 9C1DA0000000B70B, Celsius: 29, A: +1.60, rev/s: +0.000,  rev: +8.331
2024/04/12 21:04:18 ID: 241, Data: 9C1D9F000000B70B, Celsius: 29, A: +1.59, rev/s: +0.000,  rev: +8.331
2024/04/12 21:04:18 ID: 241, Data: 9C1D9F000000B70B, Celsius: 29, A: +1.59, rev/s: +0.000,  rev: +8.331
2024/04/12 21:04:18 ID: 241, Data: 9C1D9F000000B70B, Celsius: 29, A: +1.59, rev/s: +0.000,  rev: +8.331
2024/04/12 21:04:18 ID: 241, Data: 9C1DA0000000B70B, Celsius: 29, A: +1.60, rev/s: +0.000,  rev: +8.331
2024/04/12 21:04:19 ID: 241, Data: 9C1D9F000000B70B, Celsius: 29, A: +1.59, rev/s: +0.000,  rev: +8.331
2024/04/12 21:04:30 ID: 241, Data: 9C1D9300A702240B, Celsius: 29, A: +1.47, rev/s: +1.886,  rev: +7.922
2024/04/12 21:04:31 ID: 241, Data: 9C1DA200B3026E0B, Celsius: 29, A: +1.62, rev/s: +1.919,  rev: +8.128
2024/04/12 21:04:31 ID: 241, Data: 9C1D9D007402B40B, Celsius: 29, A: +1.57, rev/s: +1.744,  rev: +8.322
2024/04/12 21:04:31 ID: 241, Data: 9C1D9D00DF01EC0B, Celsius: 29, A: +1.57, rev/s: +1.331,  rev: +8.478
2024/04/12 21:04:31 ID: 241, Data: 9C1DC300C901240C, Celsius: 29, A: +1.95, rev/s: +1.269,  rev: +8.633
2024/04/12 21:04:31 ID: 241, Data: 9C1DA0000000280C, Celsius: 29, A: +1.60, rev/s: +0.000,  rev: +8.644
2024/04/12 21:04:31 ID: 241, Data: 9C1DA0000000280C, Celsius: 29, A: +1.60, rev/s: +0.000,  rev: +8.644
2024/04/12 21:04:31 ID: 241, Data: 9C1DA0000000280C, Celsius: 29, A: +1.60, rev/s: +0.000,  rev: +8.644
2024/04/12 21:04:31 ID: 241, Data: 9C1DA0000000280C, Celsius: 29, A: +1.60, rev/s: +0.000,  rev: +8.644
2024/04/12 21:04:31 ID: 241, Data: 9C1DA0000000280C, Celsius: 29, A: +1.60, rev/s: +0.000,  rev: +8.644
2024/04/12 21:04:32 ID: 241, Data: 9C1D9F000000280C, Celsius: 29, A: +1.59, rev/s: +0.000,  rev: +8.644
2024/04/12 21:04:42 ID: 241, Data: 9C1C1200CF044201, Celsius: 28, A: +0.18, rev/s: +3.419,  rev: +0.894
2024/04/12 21:04:42 ID: 241, Data: 9C1C1700CC04C101, Celsius: 28, A: +0.23, rev/s: +3.411,  rev: +1.247
2024/04/12 21:04:42 ID: 241, Data: 9C1C2300B8043D02, Celsius: 28, A: +0.35, rev/s: +3.356,  rev: +1.592
2024/04/12 21:04:42 ID: 241, Data: 9C1C34007804B502, Celsius: 28, A: +0.52, rev/s: +3.178,  rev: +1.925
2024/04/12 21:04:42 ID: 241, Data: 9C1C430071042B03, Celsius: 28, A: +0.67, rev/s: +3.158,  rev: +2.253
2024/04/12 21:04:42 ID: 241, Data: 9C1C7000D5039803, Celsius: 28, A: +1.12, rev/s: +2.725,  rev: +2.556
2024/04/12 21:04:42 ID: 241, Data: 9C1C7100D203FA03, Celsius: 28, A: +1.13, rev/s: +2.717,  rev: +2.828
2024/04/12 21:04:42 ID: 241, Data: 9C1C6400EF036404, Celsius: 28, A: +1.00, rev/s: +2.797,  rev: +3.122
2024/04/12 21:04:43 ID: 241, Data: 9C1C5B000C04CC04, Celsius: 28, A: +0.91, rev/s: +2.878,  rev: +3.411
2024/04/12 21:04:43 ID: 241, Data: 9C1CAB0061033205, Celsius: 28, A: +1.71, rev/s: +2.403,  rev: +3.694
2024/04/12 21:04:43 ID: 241, Data: 9C1C6800DB039505, Celsius: 28, A: +1.04, rev/s: +2.742,  rev: +3.969
2024/04/12 21:04:43 ID: 241, Data: 9C1C7E00CE03FE05, Celsius: 28, A: +1.26, rev/s: +2.706,  rev: +4.261
2024/04/12 21:04:43 ID: 241, Data: 9C1C7200E7036006, Celsius: 28, A: +1.14, rev/s: +2.775,  rev: +4.533
2024/04/12 21:04:43 ID: 241, Data: 9C1C7B009503BD06, Celsius: 28, A: +1.23, rev/s: +2.547,  rev: +4.792
2024/04/12 21:04:43 ID: 241, Data: 9C1C8200AE031907, Celsius: 28, A: +1.30, rev/s: +2.617,  rev: +5.047
2024/04/12 21:04:43 ID: 241, Data: 9C1C960095037C07, Celsius: 28, A: +1.50, rev/s: +2.547,  rev: +5.322
2024/04/12 21:04:43 ID: 241, Data: 9C1C8100C403DF07, Celsius: 28, A: +1.29, rev/s: +2.678,  rev: +5.597
2024/04/12 21:04:44 ID: 241, Data: 9C1C8800B3033B08, Celsius: 28, A: +1.36, rev/s: +2.631,  rev: +5.853
2024/04/12 21:04:44 ID: 241, Data: 9C1C7700BC039F08, Celsius: 28, A: +1.19, rev/s: +2.656,  rev: +6.131
2024/04/12 21:04:44 ID: 241, Data: 9C1CB00075030109, Celsius: 28, A: +1.76, rev/s: +2.458,  rev: +6.403
2024/04/12 21:04:44 ID: 241, Data: 9C1CAD0062036109, Celsius: 28, A: +1.73, rev/s: +2.406,  rev: +6.669
2024/04/12 21:04:44 ID: 241, Data: 9C1C8700B603BD09, Celsius: 28, A: +1.35, rev/s: +2.639,  rev: +6.925
2024/04/12 21:04:44 ID: 241, Data: 9C1C8D00B0031E0A, Celsius: 28, A: +1.41, rev/s: +2.622,  rev: +7.194
2024/04/12 21:04:44 ID: 241, Data: 9C1C7600B9037E0A, Celsius: 28, A: +1.18, rev/s: +2.647,  rev: +7.461
2024/04/12 21:04:44 ID: 241, Data: 9C1CA3006003DE0A, Celsius: 28, A: +1.63, rev/s: +2.400,  rev: +7.728
2024/04/12 21:04:44 ID: 241, Data: 9C1C99009E033B0B, Celsius: 28, A: +1.53, rev/s: +2.572,  rev: +7.986
2024/04/12 21:04:44 ID: 241, Data: 9C1C9300AC039B0B, Celsius: 28, A: +1.47, rev/s: +2.611,  rev: +8.253
2024/04/12 21:04:45 ID: 241, Data: 9C1C8400CA03F90B, Celsius: 28, A: +1.32, rev/s: +2.694,  rev: +8.514
2024/04/12 21:04:45 ID: 241, Data: 9C1CA3007303570C, Celsius: 28, A: +1.63, rev/s: +2.453,  rev: +8.775
2024/04/12 21:04:45 ID: 241, Data: 9C1CAE007803B20C, Celsius: 28, A: +1.74, rev/s: +2.467,  rev: +9.028
2024/04/12 21:04:45 ID: 241, Data: 9C1DFD0075020F0D, Celsius: 29, A: +2.53, rev/s: +1.747,  rev: +9.286
2024/04/12 21:04:45 ID: 241, Data: 9C1D9F0000000F0D, Celsius: 29, A: +1.59, rev/s: +0.000,  rev: +9.286
2024/04/12 21:04:45 ID: 241, Data: 9C1DA00003000F0D, Celsius: 29, A: +1.60, rev/s: +0.008,  rev: +9.286
2024/04/12 21:04:45 ID: 241, Data: 9C1DA0000000100D, Celsius: 29, A: +1.60, rev/s: +0.000,  rev: +9.289
2024/04/12 21:04:45 ID: 241, Data: 9C1DA0000000100D, Celsius: 29, A: +1.60, rev/s: +0.000,  rev: +9.289
2024/04/12 21:04:45 ID: 241, Data: 9C1DA0000000100D, Celsius: 29, A: +1.60, rev/s: +0.000,  rev: +9.289
2024/04/12 21:04:45 ID: 241, Data: 9C1DA0000000100D, Celsius: 29, A: +1.60, rev/s: +0.000,  rev: +9.289
2024/04/12 21:05:12 ID: 241, Data: 9C1B1000D0040401, Celsius: 27, A: +0.16, rev/s: +3.422,  rev: +0.722
2024/04/12 21:05:12 ID: 241, Data: 9C1B1300C8048201, Celsius: 27, A: +0.19, rev/s: +3.400,  rev: +1.072
2024/04/12 21:05:12 ID: 241, Data: 9C1B0F00D1040002, Celsius: 27, A: +0.15, rev/s: +3.425,  rev: +1.422
2024/04/12 21:05:12 ID: 241, Data: 9C1B2100AA047D02, Celsius: 27, A: +0.33, rev/s: +3.317,  rev: +1.769
2024/04/12 21:05:12 ID: 241, Data: 9C1B2E008304F102, Celsius: 27, A: +0.46, rev/s: +3.208,  rev: +2.092
2024/04/12 21:05:12 ID: 241, Data: 9C1B6200ED036103, Celsius: 27, A: +0.98, rev/s: +2.792,  rev: +2.403
2024/04/12 21:05:12 ID: 241, Data: 9C1B53001104C803, Celsius: 27, A: +0.83, rev/s: +2.892,  rev: +2.689
2024/04/12 21:05:12 ID: 241, Data: 9C1B5300F8032E04, Celsius: 27, A: +0.83, rev/s: +2.822,  rev: +2.972
2024/04/12 21:05:12 ID: 241, Data: 9C1B520025049B04, Celsius: 27, A: +0.82, rev/s: +2.947,  rev: +3.275
2024/04/12 21:05:13 ID: 241, Data: 9C1B6D00E2030405, Celsius: 27, A: +1.09, rev/s: +2.761,  rev: +3.567
2024/04/12 21:05:13 ID: 241, Data: 9C1B8900AB036705, Celsius: 27, A: +1.37, rev/s: +2.608,  rev: +3.842
2024/04/12 21:05:13 ID: 241, Data: 9C1B6500E303CA05, Celsius: 27, A: +1.01, rev/s: +2.764,  rev: +4.117
2024/04/12 21:05:13 ID: 241, Data: 9C1B7C00C4032F06, Celsius: 27, A: +1.24, rev/s: +2.678,  rev: +4.397
2024/04/12 21:05:13 ID: 241, Data: 9C1BBE0069038F06, Celsius: 27, A: +1.90, rev/s: +2.425,  rev: +4.664
2024/04/12 21:05:13 ID: 241, Data: 9C1B99009103E906, Celsius: 27, A: +1.53, rev/s: +2.536,  rev: +4.914
2024/04/12 21:05:13 ID: 241, Data: 9C1B7200D3034B07, Celsius: 27, A: +1.14, rev/s: +2.719,  rev: +5.186
2024/04/12 21:05:13 ID: 241, Data: 9C1B7900B203AF07, Celsius: 27, A: +1.21, rev/s: +2.628,  rev: +5.464
2024/04/12 21:05:13 ID: 241, Data: 9C1C890094030F08, Celsius: 28, A: +1.37, rev/s: +2.544,  rev: +5.731
2024/04/12 21:05:13 ID: 241, Data: 9C1C8D00A9036D08, Celsius: 28, A: +1.41, rev/s: +2.603,  rev: +5.992
2024/04/12 21:05:14 ID: 241, Data: 9C1C8100CB03D008, Celsius: 28, A: +1.29, rev/s: +2.697,  rev: +6.267
2024/04/12 21:05:14 ID: 241, Data: 9C1C8D009E033009, Celsius: 28, A: +1.41, rev/s: +2.572,  rev: +6.533
2024/04/12 21:05:14 ID: 241, Data: 9C1C99007B038D09, Celsius: 28, A: +1.53, rev/s: +2.475,  rev: +6.792
2024/04/12 21:05:14 ID: 241, Data: 9C1C87008A03E609, Celsius: 28, A: +1.35, rev/s: +2.517,  rev: +7.039
2024/04/12 21:05:14 ID: 241, Data: 9C1C87009203450A, Celsius: 28, A: +1.35, rev/s: +2.539,  rev: +7.303
2024/04/12 21:05:14 ID: 241, Data: 9C1C91008D03A50A, Celsius: 28, A: +1.45, rev/s: +2.525,  rev: +7.569
2024/04/12 21:05:14 ID: 241, Data: 9C1CA8003B03FE0A, Celsius: 28, A: +1.68, rev/s: +2.297,  rev: +7.817
2024/04/12 21:05:14 ID: 241, Data: 9C1C9D005A03530B, Celsius: 28, A: +1.57, rev/s: +2.383,  rev: +8.053
2024/04/12 21:05:14 ID: 241, Data: 9C1C84009503B20B, Celsius: 28, A: +1.32, rev/s: +2.547,  rev: +8.317
2024/04/12 21:05:14 ID: 241, Data: 9C1CB6006603100C, Celsius: 28, A: +1.82, rev/s: +2.417,  rev: +8.578
2024/04/12 21:05:15 ID: 241, Data: 9C1CA200EA02670C, Celsius: 28, A: +1.62, rev/s: +2.072,  rev: +8.819
2024/04/12 21:05:15 ID: 241, Data: 9C1CA500F8FFA40C, Celsius: 28, A: +1.65, rev/s: -0.022,  rev: +8.989
2024/04/12 21:05:15 ID: 241, Data: 9C1C9B000000A40C, Celsius: 28, A: +1.55, rev/s: +0.000,  rev: +8.989
2024/04/12 21:05:15 ID: 241, Data: 9C1C9A000000A40C, Celsius: 28, A: +1.54, rev/s: +0.000,  rev: +8.989
2024/04/12 21:05:15 ID: 241, Data: 9C1C9A000000A40C, Celsius: 28, A: +1.54, rev/s: +0.000,  rev: +8.989
2024/04/12 21:05:15 ID: 241, Data: 9C1C9A000000A40C, Celsius: 28, A: +1.54, rev/s: +0.000,  rev: +8.989
2024/04/12 21:05:15 ID: 241, Data: 9C1C9B000000A40C, Celsius: 28, A: +1.55, rev/s: +0.000,  rev: +8.989
2024/04/12 21:05:15 ID: 241, Data: 9C1C9A000000A40C, Celsius: 28, A: +1.54, rev/s: +0.000,  rev: +8.989
2024/04/12 21:05:49 ID: 241, Data: 9C1B9200B8022106, Celsius: 27, A: +1.46, rev/s: +1.933,  rev: +4.358
2024/04/12 21:05:50 ID: 241, Data: 9C1B8400B1037906, Celsius: 27, A: +1.32, rev/s: +2.625,  rev: +4.603
2024/04/12 21:05:50 ID: 241, Data: 9C1C8600AE03D906, Celsius: 28, A: +1.34, rev/s: +2.617,  rev: +4.869
2024/04/12 21:05:50 ID: 241, Data: 9C1C7700C8033B07, Celsius: 28, A: +1.19, rev/s: +2.689,  rev: +5.142
2024/04/12 21:05:50 ID: 241, Data: 9C1C8700BF039E07, Celsius: 28, A: +1.35, rev/s: +2.664,  rev: +5.417
2024/04/12 21:05:50 ID: 241, Data: 9C1C8900A203FF07, Celsius: 28, A: +1.37, rev/s: +2.583,  rev: +5.686
2024/04/12 21:05:50 ID: 241, Data: 9C1C7500B8035F08, Celsius: 28, A: +1.17, rev/s: +2.644,  rev: +5.953
2024/04/12 21:05:50 ID: 241, Data: 9C1C7900C303C208, Celsius: 28, A: +1.21, rev/s: +2.675,  rev: +6.228
2024/04/12 21:05:50 ID: 241, Data: 9C1C8A00BE032309, Celsius: 28, A: +1.38, rev/s: +2.661,  rev: +6.497
2024/04/12 21:05:50 ID: 241, Data: 9C1CA400A4038109, Celsius: 28, A: +1.64, rev/s: +2.589,  rev: +6.758
2024/04/12 21:05:50 ID: 241, Data: 9C1C7A00B003E009, Celsius: 28, A: +1.22, rev/s: +2.622,  rev: +7.022
2024/04/12 21:05:51 ID: 241, Data: 9C1C87009103430A, Celsius: 28, A: +1.35, rev/s: +2.536,  rev: +7.297
2024/04/12 21:05:51 ID: 241, Data: 9C1C92008203A00A, Celsius: 28, A: +1.46, rev/s: +2.494,  rev: +7.556
2024/04/12 21:05:51 ID: 241, Data: 9C1C92008603FF0A, Celsius: 28, A: +1.46, rev/s: +2.506,  rev: +7.819
2024/04/12 21:05:51 ID: 241, Data: 9C1C8800C0035E0B, Celsius: 28, A: +1.36, rev/s: +2.667,  rev: +8.083
2024/04/12 21:05:51 ID: 241, Data: 9C1C94009803C00B, Celsius: 28, A: +1.48, rev/s: +2.556,  rev: +8.356
2024/04/12 21:05:51 ID: 241, Data: 9C1C8F00AE03200C, Celsius: 28, A: +1.43, rev/s: +2.617,  rev: +8.622
2024/04/12 21:05:51 ID: 241, Data: 9C1C930071037D0C, Celsius: 28, A: +1.47, rev/s: +2.447,  rev: +8.881
2024/04/12 21:05:51 ID: 241, Data: 9C1C0601CC02DA0C, Celsius: 28, A: +2.62, rev/s: +1.989,  rev: +9.139
2024/04/12 21:05:51 ID: 241, Data: 9C1C9600FFFFE20C, Celsius: 28, A: +1.50, rev/s: -0.003,  rev: +9.161
2024/04/12 21:05:51 ID: 241, Data: 9C1C96000000E20C, Celsius: 28, A: +1.50, rev/s: +0.000,  rev: +9.161
2024/04/12 21:05:52 ID: 241, Data: 9C1C95000000E20C, Celsius: 28, A: +1.49, rev/s: +0.000,  rev: +9.161
2024/04/12 21:05:52 ID: 241, Data: 9C1C96000000E20C, Celsius: 28, A: +1.50, rev/s: +0.000,  rev: +9.161
2024/04/12 21:05:52 ID: 241, Data: 9C1C95000000E20C, Celsius: 28, A: +1.49, rev/s: +0.000,  rev: +9.161
2024/04/12 21:05:52 ID: 241, Data: 9C1C95000000E20C, Celsius: 28, A: +1.49, rev/s: +0.000,  rev: +9.161
2024/04/12 21:05:52 ID: 241, Data: 9C1C95000000E20C, Celsius: 28, A: +1.49, rev/s: +0.000,  rev: +9.161
