2024/04/12 21:07:20 ID: 241, Data: 9C1A1800B904D502, Celsius: 26, A: +0.24, rev/s: +3.358,  rev: +2.014
2024/04/12 21:07:20 ID: 241, Data: 9C1A360072044D03, Celsius: 26, A: +0.54, rev/s: +3.161,  rev: +2.347
2024/04/12 21:07:20 ID: 241, Data: 9C1A6300F703BA03, Celsius: 26, A: +0.99, rev/s: +2.819,  rev: +2.650
2024/04/12 21:07:20 ID: 241, Data: 9C1A8800D5031F04, Celsius: 26, A: +1.36, rev/s: +2.725,  rev: +2.931
2024/04/12 21:07:20 ID: 241, Data: 9C1A41003D048804, Celsius: 26, A: +0.65, rev/s: +3.014,  rev: +3.222
2024/04/12 21:07:20 ID: 241, Data: 9C1A67001E04F104, Celsius: 26, A: +1.03, rev/s: +2.928,  rev: +3.514
2024/04/12 21:07:20 ID: 241, Data: 9C1A7E00A9035905, Celsius: 26, A: +1.26, rev/s: +2.603,  rev: +3.803
2024/04/12 21:07:21 ID: 241, Data: 9C1A7800F003BB05, Celsius: 26, A: +1.20, rev/s: +2.800,  rev: +4.075
2024/04/12 21:07:21 ID: 241, Data: 9C1A9400B0032206, Celsius: 26, A: +1.48, rev/s: +2.622,  rev: +4.361
2024/04/12 21:07:21 ID: 241, Data: 9C1A8A00B5038606, Celsius: 26, A: +1.38, rev/s: +2.636,  rev: +4.639
2024/04/12 21:07:21 ID: 241, Data: 9C1BAE005A03E506, Celsius: 27, A: +1.74, rev/s: +2.383,  rev: +4.903
2024/04/12 21:07:21 ID: 241, Data: 9C1A870074033607, Celsius: 26, A: +1.35, rev/s: +2.456,  rev: +5.128
2024/04/12 21:07:21 ID: 241, Data: 9C1B9B0031039007, Celsius: 27, A: +1.55, rev/s: +2.269,  rev: +5.378
2024/04/12 21:07:21 ID: 241, Data: 9C1B7E00B803EF07, Celsius: 27, A: +1.26, rev/s: +2.644,  rev: +5.642
2024/04/12 21:07:21 ID: 241, Data: 9C1BB6005E034F08, Celsius: 27, A: +1.82, rev/s: +2.394,  rev: +5.908
2024/04/12 21:07:21 ID: 241, Data: 9C1B7900B103A508, Celsius: 27, A: +1.21, rev/s: +2.625,  rev: +6.147
2024/04/12 21:07:21 ID: 241, Data: 9C1B91003E030009, Celsius: 27, A: +1.45, rev/s: +2.306,  rev: +6.400
2024/04/12 21:07:22 ID: 241, Data: 9C1B7F00AE035B09, Celsius: 27, A: +1.27, rev/s: +2.617,  rev: +6.653
2024/04/12 21:07:22 ID: 241, Data: 9C1BAE006E03B909, Celsius: 27, A: +1.74, rev/s: +2.439,  rev: +6.914
2024/04/12 21:07:22 ID: 241, Data: 9C1B9C00B801000A, Celsius: 27, A: +1.56, rev/s: +1.222,  rev: +7.111
2024/04/12 21:07:22 ID: 241, Data: 9C1B9C002A00170A, Celsius: 27, A: +1.56, rev/s: +0.117,  rev: +7.175
2024/04/12 21:07:22 ID: 241, Data: 9C1B890078001B0A, Celsius: 27, A: +1.37, rev/s: +0.333,  rev: +7.186
2024/04/12 21:07:22 ID: 241, Data: 9C1B90000000240A, Celsius: 27, A: +1.44, rev/s: +0.000,  rev: +7.211
2024/04/12 21:07:22 ID: 241, Data: 9C1B90000000240A, Celsius: 27, A: +1.44, rev/s: +0.000,  rev: +7.211
2024/04/12 21:07:22 ID: 241, Data: 9C1B90000400240A, Celsius: 27, A: +1.44, rev/s: +0.011,  rev: +7.211
2024/04/12 21:07:22 ID: 241, Data: 9C1B8D009C002E0A, Celsius: 27, A: +1.41, rev/s: +0.433,  rev: +7.239
2024/04/12 21:07:22 ID: 241, Data: 9C1B8A0068003C0A, Celsius: 27, A: +1.38, rev/s: +0.289,  rev: +7.278
2024/04/12 21:07:23 ID: 241, Data: 9C1B8C003900450A, Celsius: 27, A: +1.40, rev/s: +0.158,  rev: +7.303
2024/04/12 21:07:23 ID: 241, Data: 9C1B88003F00470A, Celsius: 27, A: +1.36, rev/s: +0.175,  rev: +7.308
2024/04/12 21:07:23 ID: 241, Data: 9C1B8C006F00540A, Celsius: 27, A: +1.40, rev/s: +0.308,  rev: +7.344
2024/04/12 21:07:23 ID: 241, Data: 9C1B90000000580A, Celsius: 27, A: +1.44, rev/s: +0.000,  rev: +7.356
2024/04/12 21:07:23 ID: 241, Data: 9C1B91000000580A, Celsius: 27, A: +1.45, rev/s: +0.000,  rev: +7.356
2024/04/12 21:07:23 ID: 241, Data: 9C1B8B0075005B0A, Celsius: 27, A: +1.39, rev/s: +0.325,  rev: +7.364
2024/04/12 21:07:23 ID: 241, Data: 9C1B88005B00670A, Celsius: 27, A: +1.36, rev/s: +0.253,  rev: +7.397
2024/04/12 21:07:23 ID: 241, Data: 9C1B96006600720A, Celsius: 27, A: +1.50, rev/s: +0.283,  rev: +7.428
2024/04/12 21:07:23 ID: 241, Data: 9C1B8C003700780A, Celsius: 27, A: +1.40, rev/s: +0.153,  rev: +7.444
2024/04/12 21:07:24 ID: 241, Data: 9C1B9200F700860A, Celsius: 27, A: +1.46, rev/s: +0.686,  rev: +7.483
2024/04/12 21:07:24 ID: 241, Data: 9C1B9800C9009E0A, Celsius: 27, A: +1.52, rev/s: +0.558,  rev: +7.550
2024/04/12 21:07:24 ID: 241, Data: 9C1B9300C700B20A, Celsius: 27, A: +1.47, rev/s: +0.553,  rev: +7.606
2024/04/12 21:07:24 ID: 241, Data: 9C1B8E002401CA0A, Celsius: 27, A: +1.42, rev/s: +0.811,  rev: +7.672
2024/04/12 21:07:24 ID: 241, Data: 9C1B9200B200E60A, Celsius: 27, A: +1.46, rev/s: +0.494,  rev: +7.750
2024/04/12 21:07:24 ID: 241, Data: 9C1B91000000ED0A, Celsius: 27, A: +1.45, rev/s: +0.000,  rev: +7.769
2024/04/12 21:07:24 ID: 241, Data: 9C1B90000600EE0A, Celsius: 27, A: +1.44, rev/s: +0.017,  rev: +7.772
2024/04/12 21:07:24 ID: 241, Data: 9C1B92000D00EF0A, Celsius: 27, A: +1.46, rev/s: +0.036,  rev: +7.775
2024/04/12 21:07:24 ID: 241, Data: 9C1B90000200EF0A, Celsius: 27, A: +1.44, rev/s: +0.006,  rev: +7.775
2024/04/12 21:07:24 ID: 241, Data: 9C1B91000000EF0A, Celsius: 27, A: +1.45, rev/s: +0.000,  rev: +7.775
2024/04/12 21:07:25 ID: 241, Data: 9C1B8A004800F10A, Celsius: 27, A: +1.38, rev/s: +0.200,  rev: +7.781
2024/04/12 21:07:25 ID: 241, Data: 9C1B90002000F80A, Celsius: 27, A: +1.44, rev/s: +0.089,  rev: +7.800
2024/04/12 21:07:25 ID: 241, Data: 9C1B91001000F90A, Celsius: 27, A: +1.45, rev/s: +0.044,  rev: +7.803
2024/04/12 21:07:25 ID: 241, Data: 9C1B91000300FA0A, Celsius: 27, A: +1.45, rev/s: +0.008,  rev: +7.806
2024/04/12 21:07:25 ID: 241, Data: 9C1B91001D00FD0A, Celsius: 27, A: +1.45, rev/s: +0.081,  rev: +7.814
2024/04/12 21:07:25 ID: 241, Data: 9C1B90000200FE0A, Celsius: 27, A: +1.44, rev/s: +0.006,  rev: +7.817
2024/04/12 21:07:25 ID: 241, Data: 9C1B91000000FE0A, Celsius: 27, A: +1.45, rev/s: +0.000,  rev: +7.817
2024/04/12 21:07:25 ID: 241, Data: 9C1B91000000FE0A, Celsius: 27, A: +1.45, rev/s: +0.000,  rev: +7.817
