2024/04/15 11:02:52 ID: 241, Data: 9C1913005B01200E, Celsius: 25, A: +0.19, rev/s: +0.964,  rev: +10.044
2024/04/15 11:02:52 ID: 241, Data: 9C1815006302520E, Celsius: 24, A: +0.21, rev/s: +1.697,  rev: +10.183
2024/04/15 11:02:52 ID: 241, Data: 9C191E000003950E, Celsius: 25, A: +0.30, rev/s: +2.133,  rev: +10.369
2024/04/15 11:02:53 ID: 241, Data: 9C1821009403F00E, Celsius: 24, A: +0.33, rev/s: +2.544,  rev: +10.622
2024/04/15 11:02:53 ID: 241, Data: 9C191E0031045A0F, Celsius: 25, A: +0.30, rev/s: +2.981,  rev: +10.917
2024/04/15 11:02:53 ID: 241, Data: 9C191200C604D10F, Celsius: 25, A: +0.18, rev/s: +3.394,  rev: +11.247
2024/04/15 11:02:53 ID: 241, Data: 9C191C006C055610, Celsius: 25, A: +0.28, rev/s: +3.856,  rev: +11.617
2024/04/15 11:02:53 ID: 241, Data: 9C1914008705E210, Celsius: 25, A: +0.20, rev/s: +3.931,  rev: +12.006
2024/04/15 11:02:53 ID: 241, Data: 9C182100DA057711, Celsius: 24, A: +0.33, rev/s: +4.161,  rev: +12.419
2024/04/15 11:02:53 ID: 241, Data: 9C1817000D061412, Celsius: 24, A: +0.23, rev/s: +4.303,  rev: +12.856
2024/04/15 11:02:53 ID: 241, Data: 9C181A00FD05B312, Celsius: 24, A: +0.26, rev/s: +4.258,  rev: +13.297
2024/04/15 11:02:53 ID: 241, Data: 9C18160048065713, Celsius: 24, A: +0.22, rev/s: +4.467,  rev: +13.753
2024/04/15 11:02:53 ID: 241, Data: 9C191C007606FF13, Celsius: 25, A: +0.28, rev/s: +4.594,  rev: +14.219
2024/04/15 11:02:54 ID: 241, Data: 9C191400B306AD14, Celsius: 25, A: +0.20, rev/s: +4.764,  rev: +14.703
2024/04/15 11:02:54 ID: 241, Data: 9C182800C2065F15, Celsius: 24, A: +0.40, rev/s: +4.806,  rev: +15.197
2024/04/15 11:02:54 ID: 241, Data: 9C181400E3061216, Celsius: 24, A: +0.20, rev/s: +4.897,  rev: +15.694
2024/04/15 11:02:54 ID: 241, Data: 9C181600C706C316, Celsius: 24, A: +0.22, rev/s: +4.819,  rev: +16.186
2024/04/15 11:02:54 ID: 241, Data: 9C181400EC067617, Celsius: 24, A: +0.20, rev/s: +4.922,  rev: +16.683
2024/04/15 11:02:54 ID: 241, Data: 9C181B00DE062A18, Celsius: 24, A: +0.27, rev/s: +4.883,  rev: +17.183
2024/04/15 11:02:54 ID: 241, Data: 9C191200FD06DD18, Celsius: 25, A: +0.18, rev/s: +4.969,  rev: +17.681
2024/04/15 11:02:54 ID: 241, Data: 9C182200C1069019, Celsius: 24, A: +0.34, rev/s: +4.803,  rev: +18.178
2024/04/15 11:02:54 ID: 241, Data: 9C181500F406441A, Celsius: 24, A: +0.21, rev/s: +4.944,  rev: +18.678
2024/04/15 11:02:54 ID: 241, Data: 9C182400E706F61A, Celsius: 24, A: +0.36, rev/s: +4.908,  rev: +19.172
2024/04/15 11:02:55 ID: 241, Data: 9C191D00FF06AB1B, Celsius: 25, A: +0.29, rev/s: +4.975,  rev: +19.675
2024/04/15 11:02:55 ID: 241, Data: 9C182900E2065F1C, Celsius: 24, A: +0.41, rev/s: +4.894,  rev: +20.175
2024/04/15 11:02:55 ID: 241, Data: 9C182100E706121D, Celsius: 24, A: +0.33, rev/s: +4.908,  rev: +20.672
2024/04/15 11:02:55 ID: 241, Data: 9C182200D606C51D, Celsius: 24, A: +0.34, rev/s: +4.861,  rev: +21.169
2024/04/15 11:02:55 ID: 241, Data: 9C182500E106791E, Celsius: 24, A: +0.37, rev/s: +4.892,  rev: +21.669
2024/04/15 11:02:55 ID: 241, Data: 9C182500D4062B1F, Celsius: 24, A: +0.37, rev/s: +4.856,  rev: +22.164
2024/04/15 11:02:55 ID: 241, Data: 9C182A00E706DF1F, Celsius: 24, A: +0.42, rev/s: +4.908,  rev: +22.664
2024/04/15 11:02:55 ID: 241, Data: 9C182300E1069320, Celsius: 24, A: +0.35, rev/s: +4.892,  rev: +23.164
2024/04/15 11:02:55 ID: 241, Data: 9C182800E8064721, Celsius: 24, A: +0.40, rev/s: +4.911,  rev: +23.664
2024/04/15 11:02:56 ID: 241, Data: 9C182600DF06FB21, Celsius: 24, A: +0.38, rev/s: +4.886,  rev: +24.164
2024/04/15 11:02:56 ID: 241, Data: 9C182300EB06B022, Celsius: 24, A: +0.35, rev/s: +4.919,  rev: +24.667
2024/04/15 11:02:56 ID: 241, Data: 9C182400E8066523, Celsius: 24, A: +0.36, rev/s: +4.911,  rev: +25.169
2024/04/15 11:02:56 ID: 241, Data: 9C18120034071C24, Celsius: 24, A: +0.18, rev/s: +5.122,  rev: +25.678
2024/04/15 11:02:56 ID: 241, Data: 9C191A000407D424, Celsius: 25, A: +0.26, rev/s: +4.989,  rev: +26.189
2024/04/15 11:02:56 ID: 241, Data: 9C1819001D078B25, Celsius: 24, A: +0.25, rev/s: +5.058,  rev: +26.697
2024/04/15 11:02:56 ID: 241, Data: 9C192600CE064326, Celsius: 25, A: +0.38, rev/s: +4.839,  rev: +27.208
2024/04/15 11:02:56 ID: 241, Data: 9C191700EC06FA26, Celsius: 25, A: +0.23, rev/s: +4.922,  rev: +27.717
2024/04/15 11:02:56 ID: 241, Data: 9C182500F406B027, Celsius: 24, A: +0.37, rev/s: +4.944,  rev: +28.222
2024/04/15 11:02:56 ID: 241, Data: 9C18240012076828, Celsius: 24, A: +0.36, rev/s: +5.028,  rev: +28.733
2024/04/15 11:02:57 ID: 241, Data: 9C182500D4061E29, Celsius: 24, A: +0.37, rev/s: +4.856,  rev: +29.239
2024/04/15 11:02:57 ID: 241, Data: 9C1822000B07D529, Celsius: 24, A: +0.34, rev/s: +5.008,  rev: +29.747
2024/04/15 11:02:57 ID: 241, Data: 9C181A00BE068B2A, Celsius: 24, A: +0.26, rev/s: +4.794,  rev: +30.253
2024/04/15 11:02:57 ID: 241, Data: 9C181800F506412B, Celsius: 24, A: +0.24, rev/s: +4.947,  rev: +30.758
2024/04/15 11:02:57 ID: 241, Data: 9C181900DB06F62B, Celsius: 24, A: +0.25, rev/s: +4.875,  rev: +31.261
2024/04/15 11:02:57 ID: 241, Data: 9C181200FD06AE2C, Celsius: 24, A: +0.18, rev/s: +4.969,  rev: +31.772
2024/04/15 11:02:57 ID: 241, Data: 9C191A00C906632D, Celsius: 25, A: +0.26, rev/s: +4.825,  rev: +32.275
2024/04/15 11:02:57 ID: 241, Data: 9C1912000F071B2E, Celsius: 25, A: +0.18, rev/s: +5.019,  rev: +32.786
2024/04/15 11:02:57 ID: 241, Data: 9C181F00CA06D02E, Celsius: 24, A: +0.31, rev/s: +4.828,  rev: +33.289
2024/04/15 11:02:57 ID: 241, Data: 9C1919000A07882F, Celsius: 25, A: +0.25, rev/s: +5.006,  rev: +33.800
2024/04/15 11:02:58 ID: 241, Data: 9C182100F1063E30, Celsius: 24, A: +0.33, rev/s: +4.936,  rev: +34.306
2024/04/15 11:02:58 ID: 241, Data: 9C1823000907F630, Celsius: 24, A: +0.35, rev/s: +5.003,  rev: +34.817
2024/04/15 11:02:58 ID: 241, Data: 9C191800EE06AD31, Celsius: 25, A: +0.24, rev/s: +4.928,  rev: +35.325
2024/04/15 11:02:58 ID: 241, Data: 9C182200E8066632, Celsius: 24, A: +0.34, rev/s: +4.911,  rev: +35.839
2024/04/15 11:02:58 ID: 241, Data: 9C181800F3061B33, Celsius: 24, A: +0.24, rev/s: +4.942,  rev: +36.342
2024/04/15 11:02:58 ID: 241, Data: 9C181700FB06D533, Celsius: 24, A: +0.23, rev/s: +4.964,  rev: +36.858
2024/04/15 11:02:58 ID: 241, Data: 9C18140004078C34, Celsius: 24, A: +0.20, rev/s: +4.989,  rev: +37.367
2024/04/15 11:02:58 ID: 241, Data: 9C182700DC064535, Celsius: 24, A: +0.39, rev/s: +4.878,  rev: +37.881
2024/04/15 11:02:58 ID: 241, Data: 9C181F00FC06FC35, Celsius: 24, A: +0.31, rev/s: +4.967,  rev: +38.389
2024/04/15 11:02:58 ID: 241, Data: 9C182000F806B436, Celsius: 24, A: +0.32, rev/s: +4.956,  rev: +38.900
2024/04/15 11:02:59 ID: 241, Data: 9C18170013076B37, Celsius: 24, A: +0.23, rev/s: +5.031,  rev: +39.408
2024/04/15 11:02:59 ID: 241, Data: 9C182900E3062438, Celsius: 24, A: +0.41, rev/s: +4.897,  rev: +39.922
2024/04/15 11:02:59 ID: 241, Data: 9C1817002407DC38, Celsius: 24, A: +0.23, rev/s: +5.078,  rev: +40.433
2024/04/15 11:02:59 ID: 241, Data: 9C182B0000079639, Celsius: 24, A: +0.43, rev/s: +4.978,  rev: +40.950
2024/04/15 11:02:59 ID: 241, Data: 9C181B0047074E3A, Celsius: 24, A: +0.27, rev/s: +5.175,  rev: +41.461
2024/04/15 11:02:59 ID: 241, Data: 9C1817000F07093B, Celsius: 24, A: +0.23, rev/s: +5.019,  rev: +41.981
2024/04/15 11:02:59 ID: 241, Data: 9C1828001507C23B, Celsius: 24, A: +0.40, rev/s: +5.036,  rev: +42.494
2024/04/15 11:02:59 ID: 241, Data: 9C1814000E077C3C, Celsius: 24, A: +0.20, rev/s: +5.017,  rev: +43.011
2024/04/15 11:02:59 ID: 241, Data: 9C181E000707343D, Celsius: 24, A: +0.30, rev/s: +4.997,  rev: +43.522
2024/04/15 11:03:00 ID: 241, Data: 9C1813003307ED3D, Celsius: 24, A: +0.19, rev/s: +5.119,  rev: +44.036
2024/04/15 11:03:00 ID: 241, Data: 9C181F001E07A63E, Celsius: 24, A: +0.31, rev/s: +5.061,  rev: +44.550
2024/04/15 11:03:00 ID: 241, Data: 9C181C0001075F3F, Celsius: 24, A: +0.28, rev/s: +4.981,  rev: +45.064
2024/04/15 11:03:00 ID: 241, Data: 9C182B0010071940, Celsius: 24, A: +0.43, rev/s: +5.022,  rev: +45.581
2024/04/15 11:03:00 ID: 241, Data: 9C181900F706D240, Celsius: 24, A: +0.25, rev/s: +4.953,  rev: +46.094
2024/04/15 11:03:00 ID: 241, Data: 9C1917001B078B41, Celsius: 25, A: +0.23, rev/s: +5.053,  rev: +46.608
2024/04/15 11:03:00 ID: 241, Data: 9C18130035074442, Celsius: 24, A: +0.19, rev/s: +5.125,  rev: +47.122
2024/04/15 11:03:00 ID: 241, Data: 9C1819001707FC42, Celsius: 24, A: +0.25, rev/s: +5.042,  rev: +47.633
2024/04/15 11:03:00 ID: 241, Data: 9C181A000607B543, Celsius: 24, A: +0.26, rev/s: +4.994,  rev: +48.147
2024/04/15 11:03:00 ID: 241, Data: 9C17200020076D44, Celsius: 23, A: +0.32, rev/s: +5.067,  rev: +48.658
2024/04/15 11:03:01 ID: 241, Data: 9C18210002072545, Celsius: 24, A: +0.33, rev/s: +4.983,  rev: +49.169
2024/04/15 11:03:01 ID: 241, Data: 9C1813002507DD45, Celsius: 24, A: +0.19, rev/s: +5.081,  rev: +49.681
2024/04/15 11:03:01 ID: 241, Data: 9C181400ED069446, Celsius: 24, A: +0.20, rev/s: +4.925,  rev: +50.189
2024/04/15 11:03:01 ID: 241, Data: 9C18190003074C47, Celsius: 24, A: +0.25, rev/s: +4.986,  rev: +50.700
2024/04/15 11:03:01 ID: 241, Data: 9C182200D4060348, Celsius: 24, A: +0.34, rev/s: +4.856,  rev: +51.208
2024/04/15 11:03:01 ID: 241, Data: 9C1817002807BA48, Celsius: 24, A: +0.23, rev/s: +5.089,  rev: +51.717
2024/04/15 11:03:01 ID: 241, Data: 9C191F00E0067249, Celsius: 25, A: +0.31, rev/s: +4.889,  rev: +52.228
2024/04/15 11:03:01 ID: 241, Data: 9C191900FC062A4A, Celsius: 25, A: +0.25, rev/s: +4.967,  rev: +52.739
2024/04/15 11:03:01 ID: 241, Data: 9C181D00EA06E24A, Celsius: 24, A: +0.29, rev/s: +4.917,  rev: +53.250
2024/04/15 11:03:01 ID: 241, Data: 9C180D001E079A4B, Celsius: 24, A: +0.13, rev/s: +5.061,  rev: +53.761
2024/04/15 11:03:02 ID: 241, Data: 9C182200E106514C, Celsius: 24, A: +0.34, rev/s: +4.892,  rev: +54.269
2024/04/15 11:03:02 ID: 241, Data: 9C181100F1060B4D, Celsius: 24, A: +0.17, rev/s: +4.936,  rev: +54.786
2024/04/15 11:03:02 ID: 241, Data: 9C182300E006C14D, Celsius: 24, A: +0.35, rev/s: +4.889,  rev: +55.292
2024/04/15 11:03:02 ID: 241, Data: 9C1824000407794E, Celsius: 24, A: +0.36, rev/s: +4.989,  rev: +55.803
2024/04/15 11:03:02 ID: 241, Data: 9C191A00EF062F4F, Celsius: 25, A: +0.26, rev/s: +4.931,  rev: +56.308
2024/04/15 11:03:02 ID: 241, Data: 9C182100F406E74F, Celsius: 24, A: +0.33, rev/s: +4.944,  rev: +56.819
2024/04/15 11:03:02 ID: 241, Data: 9C181800FC069D50, Celsius: 24, A: +0.24, rev/s: +4.967,  rev: +57.325
2024/04/15 11:03:02 ID: 241, Data: 9C191700F7065451, Celsius: 25, A: +0.23, rev/s: +4.953,  rev: +57.833
2024/04/15 11:03:02 ID: 241, Data: 9C182200EC060B52, Celsius: 24, A: +0.34, rev/s: +4.922,  rev: +58.342
2024/04/15 11:03:02 ID: 241, Data: 9C181E00E606C452, Celsius: 24, A: +0.30, rev/s: +4.906,  rev: +58.856
2024/04/15 11:03:03 ID: 241, Data: 9C181B0009077B53, Celsius: 24, A: +0.27, rev/s: +5.003,  rev: +59.364
2024/04/15 11:03:03 ID: 241, Data: 9C183000EF063454, Celsius: 24, A: +0.48, rev/s: +4.931,  rev: +59.878
2024/04/15 11:03:03 ID: 241, Data: 9C181F000B07EC54, Celsius: 24, A: +0.31, rev/s: +5.008,  rev: +60.389
2024/04/15 11:03:03 ID: 241, Data: 9C181B00F706A655, Celsius: 24, A: +0.27, rev/s: +4.953,  rev: +60.906
2024/04/15 11:03:03 ID: 241, Data: 9C181B0018075D56, Celsius: 24, A: +0.27, rev/s: +5.044,  rev: +61.414
2024/04/15 11:03:03 ID: 241, Data: 9C181D00FD061857, Celsius: 24, A: +0.29, rev/s: +4.969,  rev: +61.933
2024/04/15 11:03:03 ID: 241, Data: 9C1826001E07D057, Celsius: 24, A: +0.38, rev/s: +5.061,  rev: +62.444
2024/04/15 11:03:03 ID: 241, Data: 9C192A00D9068A58, Celsius: 25, A: +0.42, rev/s: +4.869,  rev: +62.961
2024/04/15 11:03:03 ID: 241, Data: 9C1913001F074359, Celsius: 25, A: +0.19, rev/s: +5.064,  rev: +63.475
2024/04/15 11:03:04 ID: 241, Data: 9C1813000607FC59, Celsius: 24, A: +0.19, rev/s: +4.994,  rev: +63.989
2024/04/15 11:03:04 ID: 241, Data: 9C1819001B07B45A, Celsius: 24, A: +0.25, rev/s: +5.053,  rev: +64.500
2024/04/15 11:03:04 ID: 241, Data: 9C1821000D076E5B, Celsius: 24, A: +0.33, rev/s: +5.014,  rev: +65.017
2024/04/15 11:03:04 ID: 241, Data: 9C1834001207265C, Celsius: 24, A: +0.52, rev/s: +5.028,  rev: +65.528
2024/04/15 11:03:04 ID: 241, Data: 9C1819000907DE5C, Celsius: 24, A: +0.25, rev/s: +5.003,  rev: +66.039
2024/04/15 11:03:04 ID: 241, Data: 9C1822002207965D, Celsius: 24, A: +0.34, rev/s: +5.072,  rev: +66.550
2024/04/15 11:03:04 ID: 241, Data: 9C1812000C074E5E, Celsius: 24, A: +0.18, rev/s: +5.011,  rev: +67.061
2024/04/15 11:03:04 ID: 241, Data: 9C1827000F07075F, Celsius: 24, A: +0.39, rev/s: +5.019,  rev: +67.575
2024/04/15 11:03:04 ID: 241, Data: 9C181900F706BE5F, Celsius: 24, A: +0.25, rev/s: +4.953,  rev: +68.083
2024/04/15 11:03:04 ID: 241, Data: 9C1827000F077760, Celsius: 24, A: +0.39, rev/s: +5.019,  rev: +68.597
2024/04/15 11:03:05 ID: 241, Data: 9C181B0029073161, Celsius: 24, A: +0.27, rev/s: +5.092,  rev: +69.114
2024/04/15 11:03:05 ID: 241, Data: 9C1829003A07EA61, Celsius: 24, A: +0.41, rev/s: +5.139,  rev: +69.628
2024/04/15 11:03:05 ID: 241, Data: 9C191C000807A262, Celsius: 25, A: +0.28, rev/s: +5.000,  rev: +70.139
2024/04/15 11:03:05 ID: 241, Data: 9C18170051075B63, Celsius: 24, A: +0.23, rev/s: +5.203,  rev: +70.653
2024/04/15 11:03:05 ID: 241, Data: 9C191C0010071464, Celsius: 25, A: +0.28, rev/s: +5.022,  rev: +71.167
2024/04/15 11:03:05 ID: 241, Data: 9C1913005107CD64, Celsius: 25, A: +0.19, rev/s: +5.203,  rev: +71.681
2024/04/15 11:03:05 ID: 241, Data: 9C182C00FB068765, Celsius: 24, A: +0.44, rev/s: +4.964,  rev: +72.197
2024/04/15 11:03:05 ID: 241, Data: 9C18110033074166, Celsius: 24, A: +0.17, rev/s: +5.119,  rev: +72.714
2024/04/15 11:03:05 ID: 241, Data: 9C181D000607FA66, Celsius: 24, A: +0.29, rev/s: +4.994,  rev: +73.228
2024/04/15 11:03:05 ID: 241, Data: 9C181C002207B567, Celsius: 24, A: +0.28, rev/s: +5.072,  rev: +73.747
2024/04/15 11:03:06 ID: 241, Data: 9C181700FE066F68, Celsius: 24, A: +0.23, rev/s: +4.972,  rev: +74.264
2024/04/15 11:03:06 ID: 241, Data: 9C18170020072A69, Celsius: 24, A: +0.23, rev/s: +5.067,  rev: +74.783
2024/04/15 11:03:06 ID: 241, Data: 9C1814000F07E369, Celsius: 24, A: +0.20, rev/s: +5.019,  rev: +75.297
2024/04/15 11:03:06 ID: 241, Data: 9C1827001B079E6A, Celsius: 24, A: +0.39, rev/s: +5.053,  rev: +75.817
2024/04/15 11:03:06 ID: 241, Data: 9C1824000807566B, Celsius: 24, A: +0.36, rev/s: +5.000,  rev: +76.328
2024/04/15 11:03:06 ID: 241, Data: 9C1920001807126C, Celsius: 25, A: +0.32, rev/s: +5.044,  rev: +76.850
2024/04/15 11:03:06 ID: 241, Data: 9C1913003B07CC6C, Celsius: 25, A: +0.19, rev/s: +5.142,  rev: +77.367
2024/04/15 11:03:06 ID: 241, Data: 9C183500F906886D, Celsius: 24, A: +0.53, rev/s: +4.958,  rev: +77.889
2024/04/15 11:03:06 ID: 241, Data: 9C1811003107426E, Celsius: 24, A: +0.17, rev/s: +5.114,  rev: +78.406
2024/04/15 11:03:06 ID: 241, Data: 9C181C000E07FE6E, Celsius: 24, A: +0.28, rev/s: +5.017,  rev: +78.928
2024/04/15 11:03:07 ID: 241, Data: 9C1923004A07B86F, Celsius: 25, A: +0.35, rev/s: +5.183,  rev: +79.444
2024/04/15 11:03:07 ID: 241, Data: 9C18160001077470, Celsius: 24, A: +0.22, rev/s: +4.981,  rev: +79.967
2024/04/15 11:03:07 ID: 241, Data: 9C1817003B072F71, Celsius: 24, A: +0.23, rev/s: +5.142,  rev: +80.486
2024/04/15 11:03:07 ID: 241, Data: 9C1823001507EA71, Celsius: 24, A: +0.35, rev/s: +5.036,  rev: +81.006
2024/04/15 11:03:07 ID: 241, Data: 9C181C002B07A572, Celsius: 24, A: +0.28, rev/s: +5.097,  rev: +81.525
2024/04/15 11:03:07 ID: 241, Data: 9C1819002B076073, Celsius: 24, A: +0.25, rev/s: +5.097,  rev: +82.044
2024/04/15 11:03:07 ID: 241, Data: 9C19180002071A74, Celsius: 25, A: +0.24, rev/s: +4.983,  rev: +82.561
2024/04/15 11:03:07 ID: 241, Data: 9C181E004C07D574, Celsius: 24, A: +0.30, rev/s: +5.189,  rev: +83.081
2024/04/15 11:03:07 ID: 241, Data: 9C18270001078F75, Celsius: 24, A: +0.39, rev/s: +4.981,  rev: +83.597
2024/04/15 11:03:07 ID: 241, Data: 9C181B0034074A76, Celsius: 24, A: +0.27, rev/s: +5.122,  rev: +84.117
2024/04/15 11:03:08 ID: 241, Data: 9C181A0020070577, Celsius: 24, A: +0.26, rev/s: +5.067,  rev: +84.636
2024/04/15 11:03:08 ID: 241, Data: 9C181B002A07C077, Celsius: 24, A: +0.27, rev/s: +5.094,  rev: +85.156
2024/04/15 11:03:08 ID: 241, Data: 9C180E0060077D78, Celsius: 24, A: +0.14, rev/s: +5.244,  rev: +85.681
2024/04/15 11:03:08 ID: 241, Data: 9C181D00F7063979, Celsius: 24, A: +0.29, rev/s: +4.953,  rev: +86.203
2024/04/15 11:03:08 ID: 241, Data: 9C1814005307F579, Celsius: 24, A: +0.20, rev/s: +5.208,  rev: +86.725
2024/04/15 11:03:08 ID: 241, Data: 9C183100F506AF7A, Celsius: 24, A: +0.49, rev/s: +4.947,  rev: +87.242
2024/04/15 11:03:08 ID: 241, Data: 9C18120023076C7B, Celsius: 24, A: +0.18, rev/s: +5.075,  rev: +87.767
2024/04/15 11:03:08 ID: 241, Data: 9C181A00FE06267C, Celsius: 24, A: +0.26, rev/s: +4.972,  rev: +88.283
2024/04/15 11:03:08 ID: 241, Data: 9C1811003007E37C, Celsius: 24, A: +0.17, rev/s: +5.111,  rev: +88.808
2024/04/15 11:03:09 ID: 241, Data: 9C18280012079E7D, Celsius: 24, A: +0.40, rev/s: +5.028,  rev: +89.328
2024/04/15 11:03:09 ID: 241, Data: 9C1828000C075B7E, Celsius: 24, A: +0.40, rev/s: +5.011,  rev: +89.853
2024/04/15 11:03:09 ID: 241, Data: 9C1815001A07147F, Celsius: 24, A: +0.21, rev/s: +5.050,  rev: +90.367
2024/04/15 11:03:09 ID: 241, Data: 9C182500F606CD7F, Celsius: 24, A: +0.37, rev/s: +4.950,  rev: +90.881
2024/04/15 11:03:09 ID: 241, Data: 9C182600CD068180, Celsius: 24, A: +0.38, rev/s: +4.836,  rev: -90.664
2024/04/15 11:03:09 ID: 241, Data: 9C18280093063381, Celsius: 24, A: +0.40, rev/s: +4.675,  rev: -90.169
2024/04/15 11:03:09 ID: 241, Data: 9C1918005006DC81, Celsius: 25, A: +0.24, rev/s: +4.489,  rev: -89.700
2024/04/15 11:03:09 ID: 241, Data: 9C191C00E8057D82, Celsius: 25, A: +0.28, rev/s: +4.200,  rev: -89.253
2024/04/15 11:03:09 ID: 241, Data: 9C182E0047050E83, Celsius: 24, A: +0.46, rev/s: +3.753,  rev: -88.850
2024/04/15 11:03:09 ID: 241, Data: 9C182900BD049283, Celsius: 24, A: +0.41, rev/s: +3.369,  rev: -88.483
2024/04/15 11:03:10 ID: 241, Data: 9C1821004C040984, Celsius: 24, A: +0.33, rev/s: +3.056,  rev: -88.153
2024/04/15 11:03:10 ID: 241, Data: 9C191E00CB037284, Celsius: 25, A: +0.30, rev/s: +2.697,  rev: -87.861
2024/04/15 11:03:10 ID: 241, Data: 9C1821008303CE84, Celsius: 24, A: +0.33, rev/s: +2.497,  rev: -87.606
2024/04/15 11:03:10 ID: 241, Data: 9C182500C7021F85, Celsius: 24, A: +0.37, rev/s: +1.975,  rev: -87.381
2024/04/15 11:03:10 ID: 241, Data: 9C19200065026585, Celsius: 25, A: +0.32, rev/s: +1.703,  rev: -87.186
2024/04/15 11:03:10 ID: 241, Data: 9C191500CB019785, Celsius: 25, A: +0.21, rev/s: +1.275,  rev: -87.047
2024/04/15 11:03:10 ID: 241, Data: 9C1827007A01C385, Celsius: 24, A: +0.39, rev/s: +1.050,  rev: -86.925
2024/04/15 11:03:10 ID: 241, Data: 9C1819009200E185, Celsius: 24, A: +0.25, rev/s: +0.406,  rev: -86.842
2024/04/15 11:03:10 ID: 241, Data: 9C181D000000E685, Celsius: 24, A: +0.29, rev/s: +0.000,  rev: -86.828
2024/04/15 11:03:10 ID: 241, Data: 9C181E000000E685, Celsius: 24, A: +0.30, rev/s: +0.000,  rev: -86.828
2024/04/15 11:03:11 ID: 241, Data: 9C181D00FEFFE685, Celsius: 24, A: +0.29, rev/s: -0.006,  rev: -86.828
2024/04/15 11:03:11 ID: 241, Data: 9C191D00F8FFE685, Celsius: 25, A: +0.29, rev/s: -0.022,  rev: -86.828
2024/04/15 11:03:11 ID: 241, Data: 9C191E000D00E685, Celsius: 25, A: +0.30, rev/s: +0.036,  rev: -86.828
2024/04/15 11:03:11 ID: 241, Data: 9C181E00F1FFE685, Celsius: 24, A: +0.30, rev/s: -0.042,  rev: -86.828
2024/04/15 11:03:30 ID: 241, Data: 9C1809000600E685, Celsius: 24, A: +0.09, rev/s: +0.017,  rev: -86.828
2024/04/15 11:03:30 ID: 241, Data: 9C190900EBFFE685, Celsius: 25, A: +0.09, rev/s: -0.058,  rev: -86.828
2024/04/15 11:03:30 ID: 241, Data: 9C1909000900E685, Celsius: 25, A: +0.09, rev/s: +0.025,  rev: -86.828
2024/04/15 11:03:30 ID: 241, Data: 9C190A000A00E685, Celsius: 25, A: +0.10, rev/s: +0.028,  rev: -86.828
2024/04/15 11:03:30 ID: 241, Data: 9C180A000000E685, Celsius: 24, A: +0.10, rev/s: +0.000,  rev: -86.828
2024/04/15 11:03:30 ID: 241, Data: 9C1909000000E685, Celsius: 25, A: +0.09, rev/s: +0.000,  rev: -86.828
2024/04/15 11:03:30 ID: 241, Data: 9C1809000600E685, Celsius: 24, A: +0.09, rev/s: +0.017,  rev: -86.828
2024/04/15 11:03:51 ID: 241, Data: 9C191400F5FFE685, Celsius: 25, A: +0.20, rev/s: -0.031,  rev: -86.828
2024/04/15 11:03:51 ID: 241, Data: 9C191300F9FFE685, Celsius: 25, A: +0.19, rev/s: -0.019,  rev: -86.828
2024/04/15 11:03:51 ID: 241, Data: 9C190C006100E885, Celsius: 25, A: +0.12, rev/s: +0.269,  rev: -86.822
2024/04/15 11:03:51 ID: 241, Data: 9C191000DA00F685, Celsius: 25, A: +0.16, rev/s: +0.606,  rev: -86.783
2024/04/15 11:03:52 ID: 241, Data: 9C190E0087011586, Celsius: 25, A: +0.14, rev/s: +1.086,  rev: -86.697
2024/04/15 11:03:52 ID: 241, Data: 9C1917000F024686, Celsius: 25, A: +0.23, rev/s: +1.464,  rev: -86.561
2024/04/15 11:03:52 ID: 241, Data: 9C190D00B0028486, Celsius: 25, A: +0.13, rev/s: +1.911,  rev: -86.389
2024/04/15 11:03:52 ID: 241, Data: 9C1912000C03D086, Celsius: 25, A: +0.18, rev/s: +2.167,  rev: -86.178
2024/04/15 11:03:52 ID: 241, Data: 9C190C008A032587, Celsius: 25, A: +0.12, rev/s: +2.517,  rev: -85.942
2024/04/15 11:03:52 ID: 241, Data: 9C190B00C0038287, Celsius: 25, A: +0.11, rev/s: +2.667,  rev: -85.683
2024/04/15 11:03:52 ID: 241, Data: 9C1909001504E787, Celsius: 25, A: +0.09, rev/s: +2.903,  rev: -85.403
2024/04/15 11:03:52 ID: 241, Data: 9C191100FD035188, Celsius: 25, A: +0.17, rev/s: +2.836,  rev: -85.108
2024/04/15 11:03:52 ID: 241, Data: 9C191A001A04BF88, Celsius: 25, A: +0.26, rev/s: +2.917,  rev: -84.803
2024/04/15 11:03:52 ID: 241, Data: 9C1920004F042F89, Celsius: 25, A: +0.32, rev/s: +3.064,  rev: -84.492
2024/04/15 11:03:53 ID: 241, Data: 9C1916005A04A289, Celsius: 25, A: +0.22, rev/s: +3.094,  rev: -84.172
2024/04/15 11:03:53 ID: 241, Data: 9C1919006C04158A, Celsius: 25, A: +0.25, rev/s: +3.144,  rev: -83.853
2024/04/15 11:03:53 ID: 241, Data: 9C1917007C048A8A, Celsius: 25, A: +0.23, rev/s: +3.189,  rev: -83.528
2024/04/15 11:03:53 ID: 241, Data: 9C191A007504018B, Celsius: 25, A: +0.26, rev/s: +3.169,  rev: -83.197
2024/04/15 11:03:53 ID: 241, Data: 9C1913009704778B, Celsius: 25, A: +0.19, rev/s: +3.264,  rev: -82.869
2024/04/15 11:03:53 ID: 241, Data: 9C191700B004ED8B, Celsius: 25, A: +0.23, rev/s: +3.333,  rev: -82.542
2024/04/15 11:03:53 ID: 241, Data: 9C1913009304648C, Celsius: 25, A: +0.19, rev/s: +3.253,  rev: -82.211
2024/04/15 11:03:53 ID: 241, Data: 9C1914007104D88C, Celsius: 25, A: +0.20, rev/s: +3.158,  rev: -81.889
2024/04/15 11:03:53 ID: 241, Data: 9C191B0092044D8D, Celsius: 25, A: +0.27, rev/s: +3.250,  rev: -81.564
2024/04/15 11:03:53 ID: 241, Data: 9C1916006804C28D, Celsius: 25, A: +0.22, rev/s: +3.133,  rev: -81.239
2024/04/15 11:03:54 ID: 241, Data: 9C1918006A04348E, Celsius: 25, A: +0.24, rev/s: +3.139,  rev: -80.922
2024/04/15 11:03:54 ID: 241, Data: 9C190F006804A48E, Celsius: 25, A: +0.15, rev/s: +3.133,  rev: -80.611
2024/04/15 11:03:54 ID: 241, Data: 9C1910004A04148F, Celsius: 25, A: +0.16, rev/s: +3.050,  rev: -80.300
2024/04/15 11:03:54 ID: 241, Data: 9C190F003A04818F, Celsius: 25, A: +0.15, rev/s: +3.006,  rev: -79.997
2024/04/15 11:03:54 ID: 241, Data: 9C1915001F04EE8F, Celsius: 25, A: +0.21, rev/s: +2.931,  rev: -79.694
2024/04/15 11:03:54 ID: 241, Data: 9C19120004045A90, Celsius: 25, A: +0.18, rev/s: +2.856,  rev: -79.394
2024/04/15 11:03:54 ID: 241, Data: 9C191500D503C390, Celsius: 25, A: +0.21, rev/s: +2.725,  rev: -79.103
2024/04/15 11:03:54 ID: 241, Data: 9C191A00C6032C91, Celsius: 25, A: +0.26, rev/s: +2.683,  rev: -78.811
2024/04/15 11:03:54 ID: 241, Data: 9C191A0007049591, Celsius: 25, A: +0.26, rev/s: +2.864,  rev: -78.519
2024/04/15 11:03:54 ID: 241, Data: 9C1917000104FD91, Celsius: 25, A: +0.23, rev/s: +2.847,  rev: -78.231
2024/04/15 11:03:55 ID: 241, Data: 9C190F00DD036292, Celsius: 25, A: +0.15, rev/s: +2.747,  rev: -77.950
2024/04/15 11:03:55 ID: 241, Data: 9C191700D103C692, Celsius: 25, A: +0.23, rev/s: +2.714,  rev: -77.672
2024/04/15 11:03:55 ID: 241, Data: 9C191900EF032D93, Celsius: 25, A: +0.25, rev/s: +2.797,  rev: -77.386
2024/04/15 11:03:55 ID: 241, Data: 9C191300BC039393, Celsius: 25, A: +0.19, rev/s: +2.656,  rev: -77.103
2024/04/15 11:03:55 ID: 241, Data: 9C191A00CE03F893, Celsius: 25, A: +0.26, rev/s: +2.706,  rev: -76.822
2024/04/15 11:03:55 ID: 241, Data: 9C191D00D5035E94, Celsius: 25, A: +0.29, rev/s: +2.725,  rev: -76.539
2024/04/15 11:03:55 ID: 241, Data: 9C190B000504C394, Celsius: 25, A: +0.11, rev/s: +2.858,  rev: -76.258
2024/04/15 11:03:55 ID: 241, Data: 9C191200DB032795, Celsius: 25, A: +0.18, rev/s: +2.742,  rev: -75.981
2024/04/15 11:03:55 ID: 241, Data: 9C190D00D7038B95, Celsius: 25, A: +0.13, rev/s: +2.731,  rev: -75.703
2024/04/15 11:03:56 ID: 241, Data: 9C191300D803F295, Celsius: 25, A: +0.19, rev/s: +2.733,  rev: -75.417
2024/04/15 11:03:56 ID: 241, Data: 9C1925009F035896, Celsius: 25, A: +0.37, rev/s: +2.575,  rev: -75.133
2024/04/15 11:03:56 ID: 241, Data: 9C191800CF03BC96, Celsius: 25, A: +0.24, rev/s: +2.708,  rev: -74.856
2024/04/15 11:03:56 ID: 241, Data: 9C190F0006042097, Celsius: 25, A: +0.15, rev/s: +2.861,  rev: -74.578
2024/04/15 11:03:56 ID: 241, Data: 9C191000EC038497, Celsius: 25, A: +0.16, rev/s: +2.789,  rev: -74.300
2024/04/15 11:03:56 ID: 241, Data: 9C191B00B903E797, Celsius: 25, A: +0.27, rev/s: +2.647,  rev: -74.025
2024/04/15 11:03:56 ID: 241, Data: 9C180F00A0034998, Celsius: 24, A: +0.15, rev/s: +2.578,  rev: -73.753
2024/04/15 11:03:56 ID: 241, Data: 9C191500CB03AE98, Celsius: 25, A: +0.21, rev/s: +2.697,  rev: -73.472
2024/04/15 11:03:56 ID: 241, Data: 9C191800BC031299, Celsius: 25, A: +0.24, rev/s: +2.656,  rev: -73.194
2024/04/15 11:03:56 ID: 241, Data: 9C191100C6037399, Celsius: 25, A: +0.17, rev/s: +2.683,  rev: -72.925
2024/04/15 11:03:57 ID: 241, Data: 9C180B00E903D599, Celsius: 24, A: +0.11, rev/s: +2.781,  rev: -72.653
2024/04/15 11:03:57 ID: 241, Data: 9C191000DB033A9A, Celsius: 25, A: +0.16, rev/s: +2.742,  rev: -72.372
2024/04/15 11:03:57 ID: 241, Data: 9C191C0093039D9A, Celsius: 25, A: +0.28, rev/s: +2.542,  rev: -72.097
2024/04/15 11:03:57 ID: 241, Data: 9C191A00A903009B, Celsius: 25, A: +0.26, rev/s: +2.603,  rev: -71.822
2024/04/15 11:03:57 ID: 241, Data: 9C191000EE03639B, Celsius: 25, A: +0.16, rev/s: +2.794,  rev: -71.547
2024/04/15 11:03:57 ID: 241, Data: 9C190F00DF03C69B, Celsius: 25, A: +0.15, rev/s: +2.753,  rev: -71.272
2024/04/15 11:03:57 ID: 241, Data: 9C191000D503289C, Celsius: 25, A: +0.16, rev/s: +2.725,  rev: -71.000
2024/04/15 11:03:57 ID: 241, Data: 9C190B00E8038C9C, Celsius: 25, A: +0.11, rev/s: +2.778,  rev: -70.722
2024/04/15 11:03:57 ID: 241, Data: 9C190E00B503F29C, Celsius: 25, A: +0.14, rev/s: +2.636,  rev: -70.439
2024/04/15 11:03:57 ID: 241, Data: 9C191A00B003579D, Celsius: 25, A: +0.26, rev/s: +2.622,  rev: -70.158
2024/04/15 11:03:58 ID: 241, Data: 9C191600E503BA9D, Celsius: 25, A: +0.22, rev/s: +2.769,  rev: -69.883
2024/04/15 11:03:58 ID: 241, Data: 9C190B0009041D9E, Celsius: 25, A: +0.11, rev/s: +2.869,  rev: -69.608
2024/04/15 11:03:58 ID: 241, Data: 9C190D00E003829E, Celsius: 25, A: +0.13, rev/s: +2.756,  rev: -69.328
2024/04/15 11:03:58 ID: 241, Data: 9C191500CC03E69E, Celsius: 25, A: +0.21, rev/s: +2.700,  rev: -69.050
2024/04/15 11:03:58 ID: 241, Data: 9C191100BF034B9F, Celsius: 25, A: +0.17, rev/s: +2.664,  rev: -68.769
2024/04/15 11:03:58 ID: 241, Data: 9C191600D603B19F, Celsius: 25, A: +0.22, rev/s: +2.728,  rev: -68.486
2024/04/15 11:03:58 ID: 241, Data: 9C192000C50317A0, Celsius: 25, A: +0.32, rev/s: +2.681,  rev: -68.203
2024/04/15 11:03:58 ID: 241, Data: 9C191400ED0379A0, Celsius: 25, A: +0.20, rev/s: +2.792,  rev: -67.931
2024/04/15 11:03:58 ID: 241, Data: 9C190A00F503DDA0, Celsius: 25, A: +0.10, rev/s: +2.814,  rev: -67.653
2024/04/15 11:03:58 ID: 241, Data: 9C190A00FA0343A1, Celsius: 25, A: +0.10, rev/s: +2.828,  rev: -67.369
2024/04/15 11:03:59 ID: 241, Data: 9C1914009E03A8A1, Celsius: 25, A: +0.20, rev/s: +2.572,  rev: -67.089
2024/04/15 11:03:59 ID: 241, Data: 9C191C00B2030DA2, Celsius: 25, A: +0.28, rev/s: +2.628,  rev: -66.808
2024/04/15 11:03:59 ID: 241, Data: 9C191900F20372A2, Celsius: 25, A: +0.25, rev/s: +2.806,  rev: -66.528
2024/04/15 11:03:59 ID: 241, Data: 9C191100F703D7A2, Celsius: 25, A: +0.17, rev/s: +2.819,  rev: -66.247
2024/04/15 11:03:59 ID: 241, Data: 9C190E00FE033BA3, Celsius: 25, A: +0.14, rev/s: +2.839,  rev: -65.969
2024/04/15 11:03:59 ID: 241, Data: 9C1909000004A1A3, Celsius: 25, A: +0.09, rev/s: +2.844,  rev: -65.686
2024/04/15 11:03:59 ID: 241, Data: 9C191300E00309A4, Celsius: 25, A: +0.19, rev/s: +2.756,  rev: -65.397
2024/04/15 11:03:59 ID: 241, Data: 9C191500C20370A4, Celsius: 25, A: +0.21, rev/s: +2.672,  rev: -65.111
2024/04/15 11:03:59 ID: 241, Data: 9C191900C703D7A4, Celsius: 25, A: +0.25, rev/s: +2.686,  rev: -64.825
2024/04/15 11:04:00 ID: 241, Data: 9C19180017043FA5, Celsius: 25, A: +0.24, rev/s: +2.908,  rev: -64.536
2024/04/15 11:04:00 ID: 241, Data: 9C1912000504ABA5, Celsius: 25, A: +0.18, rev/s: +2.858,  rev: -64.236
2024/04/15 11:04:00 ID: 241, Data: 9C190E00FB0312A6, Celsius: 25, A: +0.14, rev/s: +2.831,  rev: -63.950
2024/04/15 11:04:00 ID: 241, Data: 9C190E0025047AA6, Celsius: 25, A: +0.14, rev/s: +2.947,  rev: -63.661
2024/04/15 11:04:00 ID: 241, Data: 9C1907002B04E4A6, Celsius: 25, A: +0.07, rev/s: +2.964,  rev: -63.367
2024/04/15 11:04:00 ID: 241, Data: 9C190B00F0034CA7, Celsius: 25, A: +0.11, rev/s: +2.800,  rev: -63.078
2024/04/15 11:04:00 ID: 241, Data: 9C191600EF03B5A7, Celsius: 25, A: +0.22, rev/s: +2.797,  rev: -62.786
2024/04/15 11:04:00 ID: 241, Data: 9C19240001041FA8, Celsius: 25, A: +0.36, rev/s: +2.847,  rev: -62.492
2024/04/15 11:04:00 ID: 241, Data: 9C191900FD0389A8, Celsius: 25, A: +0.25, rev/s: +2.836,  rev: -62.197
2024/04/15 11:04:00 ID: 241, Data: 9C1911001C04F2A8, Celsius: 25, A: +0.17, rev/s: +2.922,  rev: -61.906
2024/04/15 11:04:01 ID: 241, Data: 9C190A00190459A9, Celsius: 25, A: +0.10, rev/s: +2.914,  rev: -61.619
2024/04/15 11:04:01 ID: 241, Data: 9C190C00F803C1A9, Celsius: 25, A: +0.12, rev/s: +2.822,  rev: -61.331
2024/04/15 11:04:01 ID: 241, Data: 9C190A00E60328AA, Celsius: 25, A: +0.10, rev/s: +2.772,  rev: -61.044
2024/04/15 11:04:01 ID: 241, Data: 9C191200CA038FAA, Celsius: 25, A: +0.18, rev/s: +2.694,  rev: -60.758
2024/04/15 11:04:01 ID: 241, Data: 9C191600DA03F9AA, Celsius: 25, A: +0.22, rev/s: +2.739,  rev: -60.464
2024/04/15 11:04:01 ID: 241, Data: 9C191800ED0363AB, Celsius: 25, A: +0.24, rev/s: +2.792,  rev: -60.169
2024/04/15 11:04:01 ID: 241, Data: 9C1919000D04C9AB, Celsius: 25, A: +0.25, rev/s: +2.881,  rev: -59.886
2024/04/15 11:04:01 ID: 241, Data: 9C1916001F0430AC, Celsius: 25, A: +0.22, rev/s: +2.931,  rev: -59.600
2024/04/15 11:04:01 ID: 241, Data: 9C190E0000049AAC, Celsius: 25, A: +0.14, rev/s: +2.844,  rev: -59.306
2024/04/15 11:04:01 ID: 241, Data: 9C190E00E40301AD, Celsius: 25, A: +0.14, rev/s: +2.767,  rev: -59.019
2024/04/15 11:04:02 ID: 241, Data: 9C191000D30369AD, Celsius: 25, A: +0.16, rev/s: +2.719,  rev: -58.731
2024/04/15 11:04:02 ID: 241, Data: 9C190B00F203D3AD, Celsius: 25, A: +0.11, rev/s: +2.806,  rev: -58.436
2024/04/15 11:04:02 ID: 241, Data: 9C191600D8033BAE, Celsius: 25, A: +0.22, rev/s: +2.733,  rev: -58.147
2024/04/15 11:04:02 ID: 241, Data: 9C190F000904A2AE, Celsius: 25, A: +0.15, rev/s: +2.869,  rev: -57.861
2024/04/15 11:04:02 ID: 241, Data: 9C190E002F040AAF, Celsius: 25, A: +0.14, rev/s: +2.975,  rev: -57.572
2024/04/15 11:04:02 ID: 241, Data: 9C1911000D0473AF, Celsius: 25, A: +0.17, rev/s: +2.881,  rev: -57.281
2024/04/15 11:04:02 ID: 241, Data: 9C190E000A04D9AF, Celsius: 25, A: +0.14, rev/s: +2.872,  rev: -56.997
2024/04/15 11:04:02 ID: 241, Data: 9C191500EB0341B0, Celsius: 25, A: +0.21, rev/s: +2.786,  rev: -56.708
2024/04/15 11:04:02 ID: 241, Data: 9C191C00EB03A9B0, Celsius: 25, A: +0.28, rev/s: +2.786,  rev: -56.419
2024/04/15 11:04:02 ID: 241, Data: 9C192400B90311B1, Celsius: 25, A: +0.36, rev/s: +2.647,  rev: -56.131
2024/04/15 11:04:03 ID: 241, Data: 9C192500EF0377B1, Celsius: 25, A: +0.37, rev/s: +2.797,  rev: -55.847
2024/04/15 11:04:03 ID: 241, Data: 9C191F000C04DEB1, Celsius: 25, A: +0.31, rev/s: +2.878,  rev: -55.561
2024/04/15 11:04:03 ID: 241, Data: 9C191100010446B2, Celsius: 25, A: +0.17, rev/s: +2.847,  rev: -55.272
2024/04/15 11:04:03 ID: 241, Data: 9C191600F103ACB2, Celsius: 25, A: +0.22, rev/s: +2.803,  rev: -54.989
2024/04/15 11:04:03 ID: 241, Data: 9C191900D70312B3, Celsius: 25, A: +0.25, rev/s: +2.731,  rev: -54.706
2024/04/15 11:04:03 ID: 241, Data: 9C191600D7037AB3, Celsius: 25, A: +0.22, rev/s: +2.731,  rev: -54.417
2024/04/15 11:04:03 ID: 241, Data: 9C191F00BD03E1B3, Celsius: 25, A: +0.31, rev/s: +2.658,  rev: -54.131
2024/04/15 11:04:03 ID: 241, Data: 9C192100DB0348B4, Celsius: 25, A: +0.33, rev/s: +2.742,  rev: -53.844
2024/04/15 11:04:03 ID: 241, Data: 9C191E00FA03AFB4, Celsius: 25, A: +0.30, rev/s: +2.828,  rev: -53.558
2024/04/15 11:04:03 ID: 241, Data: 9C191300030416B5, Celsius: 25, A: +0.19, rev/s: +2.853,  rev: -53.272
2024/04/15 11:04:04 ID: 241, Data: 9C191500E3037BB5, Celsius: 25, A: +0.21, rev/s: +2.764,  rev: -52.992
2024/04/15 11:04:04 ID: 241, Data: 9C181700E003E1B5, Celsius: 24, A: +0.23, rev/s: +2.756,  rev: -52.708
2024/04/15 11:04:04 ID: 241, Data: 9C191800E2034AB6, Celsius: 25, A: +0.24, rev/s: +2.761,  rev: -52.417
2024/04/15 11:04:04 ID: 241, Data: 9C191F00AA03B1B6, Celsius: 25, A: +0.31, rev/s: +2.606,  rev: -52.131
2024/04/15 11:04:04 ID: 241, Data: 9C192200D60318B7, Celsius: 25, A: +0.34, rev/s: +2.728,  rev: -51.844
2024/04/15 11:04:04 ID: 241, Data: 9C191F00FB037FB7, Celsius: 25, A: +0.31, rev/s: +2.831,  rev: -51.558
2024/04/15 11:04:04 ID: 241, Data: 9C191000E503E6B7, Celsius: 25, A: +0.16, rev/s: +2.769,  rev: -51.272
2024/04/15 11:04:04 ID: 241, Data: 9C191600FF034CB8, Celsius: 25, A: +0.22, rev/s: +2.842,  rev: -50.989
2024/04/15 11:04:04 ID: 241, Data: 9C191700DA03B2B8, Celsius: 25, A: +0.23, rev/s: +2.739,  rev: -50.706
2024/04/15 11:04:05 ID: 241, Data: 9C191600CF031AB9, Celsius: 25, A: +0.22, rev/s: +2.708,  rev: -50.417
2024/04/15 11:04:05 ID: 241, Data: 9C191C00BC0381B9, Celsius: 25, A: +0.28, rev/s: +2.656,  rev: -50.131
2024/04/15 11:04:05 ID: 241, Data: 9C192100CF03E8B9, Celsius: 25, A: +0.33, rev/s: +2.708,  rev: -49.844
2024/04/15 11:04:05 ID: 241, Data: 9C191E00F8034EBA, Celsius: 25, A: +0.30, rev/s: +2.822,  rev: -49.561
2024/04/15 11:04:05 ID: 241, Data: 9C191000F903B6BA, Celsius: 25, A: +0.16, rev/s: +2.825,  rev: -49.272
2024/04/15 11:04:05 ID: 241, Data: 9C191300E8031CBB, Celsius: 25, A: +0.19, rev/s: +2.778,  rev: -48.989
2024/04/15 11:04:05 ID: 241, Data: 9C191300EE0383BB, Celsius: 25, A: +0.19, rev/s: +2.794,  rev: -48.703
2024/04/15 11:04:05 ID: 241, Data: 9C191100D603ECBB, Celsius: 25, A: +0.17, rev/s: +2.728,  rev: -48.411
2024/04/15 11:04:05 ID: 241, Data: 9C191600D60354BC, Celsius: 25, A: +0.22, rev/s: +2.728,  rev: -48.122
2024/04/15 11:04:05 ID: 241, Data: 9C191300E603BBBC, Celsius: 25, A: +0.19, rev/s: +2.772,  rev: -47.836
2024/04/15 11:04:06 ID: 241, Data: 9C191000220423BD, Celsius: 25, A: +0.16, rev/s: +2.939,  rev: -47.547
2024/04/15 11:04:06 ID: 241, Data: 9C190E0032048CBD, Celsius: 25, A: +0.14, rev/s: +2.983,  rev: -47.256
2024/04/15 11:04:06 ID: 241, Data: 9C190F002304F3BD, Celsius: 25, A: +0.15, rev/s: +2.942,  rev: -46.969
2024/04/15 11:04:06 ID: 241, Data: 9C190D000F045BBE, Celsius: 25, A: +0.13, rev/s: +2.886,  rev: -46.681
2024/04/15 11:04:06 ID: 241, Data: 9C191000FB03C4BE, Celsius: 25, A: +0.16, rev/s: +2.831,  rev: -46.389
2024/04/15 11:04:06 ID: 241, Data: 9C191700BD032BBF, Celsius: 25, A: +0.23, rev/s: +2.658,  rev: -46.103
2024/04/15 11:04:06 ID: 241, Data: 9C191700B90392BF, Celsius: 25, A: +0.23, rev/s: +2.647,  rev: -45.817
2024/04/15 11:04:06 ID: 241, Data: 9C1917000304FBBF, Celsius: 25, A: +0.23, rev/s: +2.853,  rev: -45.525
2024/04/15 11:04:06 ID: 241, Data: 9C1914000E0464C0, Celsius: 25, A: +0.20, rev/s: +2.883,  rev: -45.233
2024/04/15 11:04:06 ID: 241, Data: 9C190D001204CCC0, Celsius: 25, A: +0.13, rev/s: +2.894,  rev: -44.944
2024/04/15 11:04:07 ID: 241, Data: 9C190A00160434C1, Celsius: 25, A: +0.10, rev/s: +2.906,  rev: -44.656
2024/04/15 11:04:07 ID: 241, Data: 9C191400F8039EC1, Celsius: 25, A: +0.20, rev/s: +2.822,  rev: -44.361
2024/04/15 11:04:07 ID: 241, Data: 9C191000DC0305C2, Celsius: 25, A: +0.16, rev/s: +2.744,  rev: -44.075
2024/04/15 11:04:07 ID: 241, Data: 9C191600DD036DC2, Celsius: 25, A: +0.22, rev/s: +2.747,  rev: -43.786
2024/04/15 11:04:07 ID: 241, Data: 9C192100E203D6C2, Celsius: 25, A: +0.33, rev/s: +2.761,  rev: -43.494
2024/04/15 11:04:07 ID: 241, Data: 9C192500F2033EC3, Celsius: 25, A: +0.37, rev/s: +2.806,  rev: -43.206
2024/04/15 11:04:07 ID: 241, Data: 9C1918001A04A4C3, Celsius: 25, A: +0.24, rev/s: +2.917,  rev: -42.922
2024/04/15 11:04:07 ID: 241, Data: 9C19140005040AC4, Celsius: 25, A: +0.20, rev/s: +2.858,  rev: -42.639
2024/04/15 11:04:07 ID: 241, Data: 9C191300E40371C4, Celsius: 25, A: +0.19, rev/s: +2.767,  rev: -42.353
2024/04/15 11:04:07 ID: 241, Data: 9C191000D803D7C4, Celsius: 25, A: +0.16, rev/s: +2.733,  rev: -42.069
2024/04/15 11:04:08 ID: 241, Data: 9C191600DC033EC5, Celsius: 25, A: +0.22, rev/s: +2.744,  rev: -41.783
2024/04/15 11:04:08 ID: 241, Data: 9C192100FF03A6C5, Celsius: 25, A: +0.33, rev/s: +2.842,  rev: -41.494
2024/04/15 11:04:08 ID: 241, Data: 9C192400E7030FC6, Celsius: 25, A: +0.36, rev/s: +2.775,  rev: -41.203
2024/04/15 11:04:08 ID: 241, Data: 9C191A00170475C6, Celsius: 25, A: +0.26, rev/s: +2.908,  rev: -40.919
2024/04/15 11:04:08 ID: 241, Data: 9C1818000904DDC6, Celsius: 24, A: +0.24, rev/s: +2.869,  rev: -40.631
2024/04/15 11:04:08 ID: 241, Data: 9C191200010446C7, Celsius: 25, A: +0.18, rev/s: +2.847,  rev: -40.339
2024/04/15 11:04:08 ID: 241, Data: 9C191400E203ACC7, Celsius: 25, A: +0.20, rev/s: +2.761,  rev: -40.056
2024/04/15 11:04:08 ID: 241, Data: 9C191100E00314C8, Celsius: 25, A: +0.17, rev/s: +2.756,  rev: -39.767
2024/04/15 11:04:08 ID: 241, Data: 9C19140005047CC8, Celsius: 25, A: +0.20, rev/s: +2.858,  rev: -39.478
2024/04/15 11:04:09 ID: 241, Data: 9C191100FD03E4C8, Celsius: 25, A: +0.17, rev/s: +2.836,  rev: -39.189
2024/04/15 11:04:09 ID: 241, Data: 9C191600E70348C9, Celsius: 25, A: +0.22, rev/s: +2.775,  rev: -38.911
2024/04/15 11:04:09 ID: 241, Data: 9C191500E903ADC9, Celsius: 25, A: +0.21, rev/s: +2.781,  rev: -38.631
2024/04/15 11:04:09 ID: 241, Data: 9C191600FA0314CA, Celsius: 25, A: +0.22, rev/s: +2.828,  rev: -38.344
2024/04/15 11:04:09 ID: 241, Data: 9C191100D7037BCA, Celsius: 25, A: +0.17, rev/s: +2.731,  rev: -38.058
2024/04/15 11:04:09 ID: 241, Data: 9C191100D903E3CA, Celsius: 25, A: +0.17, rev/s: +2.736,  rev: -37.769
2024/04/15 11:04:09 ID: 241, Data: 9C1912000A044DCB, Celsius: 25, A: +0.18, rev/s: +2.872,  rev: -37.475
2024/04/15 11:04:09 ID: 241, Data: 9C191600E603B6CB, Celsius: 25, A: +0.22, rev/s: +2.772,  rev: -37.183
2024/04/15 11:04:09 ID: 241, Data: 9C1913001C041DCC, Celsius: 25, A: +0.19, rev/s: +2.922,  rev: -36.897
2024/04/15 11:04:09 ID: 241, Data: 9C190E00360486CC, Celsius: 25, A: +0.14, rev/s: +2.994,  rev: -36.606
2024/04/15 11:04:10 ID: 241, Data: 9C191A00F003F0CC, Celsius: 25, A: +0.26, rev/s: +2.800,  rev: -36.311
2024/04/15 11:04:10 ID: 241, Data: 9C191500C00358CD, Celsius: 25, A: +0.21, rev/s: +2.667,  rev: -36.022
2024/04/15 11:04:10 ID: 241, Data: 9C191300E903C0CD, Celsius: 25, A: +0.19, rev/s: +2.781,  rev: -35.733
2024/04/15 11:04:10 ID: 241, Data: 9C190C0009042ACE, Celsius: 25, A: +0.12, rev/s: +2.869,  rev: -35.439
2024/04/15 11:04:10 ID: 241, Data: 9C191600E70393CE, Celsius: 25, A: +0.22, rev/s: +2.775,  rev: -35.147
2024/04/15 11:04:10 ID: 241, Data: 9C191500FF03FCCE, Celsius: 25, A: +0.21, rev/s: +2.842,  rev: -34.856
2024/04/15 11:04:10 ID: 241, Data: 9C192200210465CF, Celsius: 25, A: +0.34, rev/s: +2.936,  rev: -34.564
2024/04/15 11:04:10 ID: 241, Data: 9C1911001F04D0CF, Celsius: 25, A: +0.17, rev/s: +2.931,  rev: -34.267
2024/04/15 11:04:10 ID: 241, Data: 9C190700240439D0, Celsius: 25, A: +0.07, rev/s: +2.944,  rev: -33.975
2024/04/15 11:04:10 ID: 241, Data: 9C190E002D04A2D0, Celsius: 25, A: +0.14, rev/s: +2.969,  rev: -33.683
2024/04/15 11:04:11 ID: 241, Data: 9C191600F2030DD1, Celsius: 25, A: +0.22, rev/s: +2.806,  rev: -33.386
2024/04/15 11:04:11 ID: 241, Data: 9C192100BB0375D1, Celsius: 25, A: +0.33, rev/s: +2.653,  rev: -33.097
2024/04/15 11:04:11 ID: 241, Data: 9C191A00E603DED1, Celsius: 25, A: +0.26, rev/s: +2.772,  rev: -32.806
2024/04/15 11:04:11 ID: 241, Data: 9C190F001E0449D2, Celsius: 25, A: +0.15, rev/s: +2.928,  rev: -32.508
2024/04/15 11:04:11 ID: 241, Data: 9C1918001B04B4D2, Celsius: 25, A: +0.24, rev/s: +2.919,  rev: -32.211
2024/04/15 11:04:11 ID: 241, Data: 9C191B002A041DD3, Celsius: 25, A: +0.27, rev/s: +2.961,  rev: -31.919
2024/04/15 11:04:11 ID: 241, Data: 9C191300140487D3, Celsius: 25, A: +0.19, rev/s: +2.900,  rev: -31.625
2024/04/15 11:04:11 ID: 241, Data: 9C180B002E04F2D3, Celsius: 24, A: +0.11, rev/s: +2.972,  rev: -31.328
2024/04/15 11:04:11 ID: 241, Data: 9C190A001C045BD4, Celsius: 25, A: +0.10, rev/s: +2.922,  rev: -31.036
2024/04/15 11:04:11 ID: 241, Data: 9C191200E103C5D4, Celsius: 25, A: +0.18, rev/s: +2.758,  rev: -30.742
2024/04/15 11:04:12 ID: 241, Data: 9C191700F10330D5, Celsius: 25, A: +0.23, rev/s: +2.803,  rev: -30.444
2024/04/15 11:04:12 ID: 241, Data: 9C191200ED039BD5, Celsius: 25, A: +0.18, rev/s: +2.792,  rev: -30.147
2024/04/15 11:04:12 ID: 241, Data: 9C191500040404D6, Celsius: 25, A: +0.21, rev/s: +2.856,  rev: -29.856
2024/04/15 11:04:12 ID: 241, Data: 9C19210027046DD6, Celsius: 25, A: +0.33, rev/s: +2.953,  rev: -29.564
2024/04/15 11:04:12 ID: 241, Data: 9C1912003B04D9D6, Celsius: 25, A: +0.18, rev/s: +3.008,  rev: -29.264
2024/04/15 11:04:12 ID: 241, Data: 9C190B00350442D7, Celsius: 25, A: +0.11, rev/s: +2.992,  rev: -28.972
2024/04/15 11:04:12 ID: 241, Data: 9C1911000804ACD7, Celsius: 25, A: +0.17, rev/s: +2.867,  rev: -28.678
2024/04/15 11:04:12 ID: 241, Data: 9C191B00DA0316D8, Celsius: 25, A: +0.27, rev/s: +2.739,  rev: -28.383
2024/04/15 11:04:12 ID: 241, Data: 9C191A00A0037CD8, Celsius: 25, A: +0.26, rev/s: +2.578,  rev: -28.100
2024/04/15 11:04:13 ID: 241, Data: 9C1919004603DAD8, Celsius: 25, A: +0.25, rev/s: +2.328,  rev: -27.839
2024/04/15 11:04:13 ID: 241, Data: 9C19160035032FD9, Celsius: 25, A: +0.22, rev/s: +2.281,  rev: -27.603
2024/04/15 11:04:13 ID: 241, Data: 9C1913007E027AD9, Celsius: 25, A: +0.19, rev/s: +1.772,  rev: -27.394
2024/04/15 11:04:13 ID: 241, Data: 9C191E003802BCD9, Celsius: 25, A: +0.30, rev/s: +1.578,  rev: -27.211
2024/04/15 11:04:13 ID: 241, Data: 9C190F007701EAD9, Celsius: 25, A: +0.15, rev/s: +1.042,  rev: -27.083
2024/04/15 11:04:13 ID: 241, Data: 9C191700B80114DA, Celsius: 25, A: +0.23, rev/s: +1.222,  rev: -26.967
2024/04/15 11:04:13 ID: 241, Data: 9C190B00C00143DA, Celsius: 25, A: +0.11, rev/s: +1.244,  rev: -26.836
2024/04/15 11:04:13 ID: 241, Data: 9C191700AF016DDA, Celsius: 25, A: +0.23, rev/s: +1.197,  rev: -26.719
2024/04/15 11:04:13 ID: 241, Data: 9C1914002102A0DA, Celsius: 25, A: +0.20, rev/s: +1.514,  rev: -26.578
2024/04/15 11:04:13 ID: 241, Data: 9C191C007B01CFDA, Celsius: 25, A: +0.28, rev/s: +1.053,  rev: -26.447
2024/04/15 11:04:14 ID: 241, Data: 9C191200E501FBDA, Celsius: 25, A: +0.18, rev/s: +1.347,  rev: -26.325
2024/04/15 11:04:14 ID: 241, Data: 9C191100990129DB, Celsius: 25, A: +0.17, rev/s: +1.136,  rev: -26.197
2024/04/15 11:04:14 ID: 241, Data: 9C191D00AF0047DB, Celsius: 25, A: +0.29, rev/s: +0.486,  rev: -26.114
2024/04/15 11:04:14 ID: 241, Data: 9C191200990059DB, Celsius: 25, A: +0.18, rev/s: +0.425,  rev: -26.064
2024/04/15 11:04:14 ID: 241, Data: 9C191100C0006DDB, Celsius: 25, A: +0.17, rev/s: +0.533,  rev: -26.008
2024/04/15 11:04:14 ID: 241, Data: 9C191300B70081DB, Celsius: 25, A: +0.19, rev/s: +0.508,  rev: -25.953
2024/04/15 11:04:14 ID: 241, Data: 9C191200790090DB, Celsius: 25, A: +0.18, rev/s: +0.336,  rev: -25.911
2024/04/15 11:04:14 ID: 241, Data: 9C191900F7FF97DB, Celsius: 25, A: +0.25, rev/s: -0.025,  rev: -25.892
2024/04/15 11:04:14 ID: 241, Data: 9C191300F7FF97DB, Celsius: 25, A: +0.19, rev/s: -0.025,  rev: -25.892
2024/04/15 11:04:14 ID: 241, Data: 9C191300FFFF97DB, Celsius: 25, A: +0.19, rev/s: -0.003,  rev: -25.892
2024/04/15 11:04:15 ID: 241, Data: 9C191300010097DB, Celsius: 25, A: +0.19, rev/s: +0.003,  rev: -25.892
2024/04/15 11:04:15 ID: 241, Data: 9C181300F7FF97DB, Celsius: 24, A: +0.19, rev/s: -0.025,  rev: -25.892
2024/04/15 11:04:15 ID: 241, Data: 9C191300090097DB, Celsius: 25, A: +0.19, rev/s: +0.025,  rev: -25.892
2024/04/15 11:04:15 ID: 241, Data: 9C191300FEFF97DB, Celsius: 25, A: +0.19, rev/s: -0.006,  rev: -25.892
2024/04/15 11:04:48 ID: 241, Data: 9C190C00A701AADB, Celsius: 25, A: +0.12, rev/s: +1.175,  rev: -25.839
2024/04/15 11:04:48 ID: 241, Data: 9C1916009703EEDB, Celsius: 25, A: +0.22, rev/s: +2.553,  rev: -25.650
2024/04/15 11:04:48 ID: 241, Data: 9C191400610563DC, Celsius: 25, A: +0.20, rev/s: +3.825,  rev: -25.325
2024/04/15 11:04:48 ID: 241, Data: 9C191F00BD0600DD, Celsius: 25, A: +0.31, rev/s: +4.792,  rev: -24.889
2024/04/15 11:04:48 ID: 241, Data: 9C191A006307B9DD, Celsius: 25, A: +0.26, rev/s: +5.253,  rev: -24.375
2024/04/15 11:04:49 ID: 241, Data: 9C192500440778DE, Celsius: 25, A: +0.37, rev/s: +5.167,  rev: -23.844
2024/04/15 11:04:49 ID: 241, Data: 9C190D0082073ADF, Celsius: 25, A: +0.13, rev/s: +5.339,  rev: -23.306
2024/04/15 11:04:49 ID: 241, Data: 9C1922006007FCDF, Celsius: 25, A: +0.34, rev/s: +5.244,  rev: -22.767
2024/04/15 11:04:49 ID: 241, Data: 9C1923007107C1E0, Celsius: 25, A: +0.35, rev/s: +5.292,  rev: -22.219
2024/04/15 11:04:49 ID: 241, Data: 9C191600700785E1, Celsius: 25, A: +0.22, rev/s: +5.289,  rev: -21.675
2024/04/15 11:04:49 ID: 241, Data: 9C1930006F074CE2, Celsius: 25, A: +0.48, rev/s: +5.286,  rev: -21.122
2024/04/15 11:04:49 ID: 241, Data: 9C192500910712E3, Celsius: 25, A: +0.37, rev/s: +5.381,  rev: -20.572
2024/04/15 11:04:49 ID: 241, Data: 9C1916008A07D8E3, Celsius: 25, A: +0.22, rev/s: +5.361,  rev: -20.022
2024/04/15 11:04:49 ID: 241, Data: 9C19170089079EE4, Celsius: 25, A: +0.23, rev/s: +5.358,  rev: -19.472
2024/04/15 11:04:49 ID: 241, Data: 9C192800C70765E5, Celsius: 25, A: +0.40, rev/s: +5.531,  rev: -18.919
2024/04/15 11:04:50 ID: 241, Data: 9C192F00AB072AE6, Celsius: 25, A: +0.47, rev/s: +5.453,  rev: -18.372
2024/04/15 11:04:50 ID: 241, Data: 9C191B007107F1E6, Celsius: 25, A: +0.27, rev/s: +5.292,  rev: -17.819
2024/04/15 11:04:50 ID: 241, Data: 9C191800B307B8E7, Celsius: 25, A: +0.24, rev/s: +5.475,  rev: -17.267
2024/04/15 11:04:50 ID: 241, Data: 9C19260087077DE8, Celsius: 25, A: +0.38, rev/s: +5.353,  rev: -16.719
2024/04/15 11:04:50 ID: 241, Data: 9C192400680745E9, Celsius: 25, A: +0.36, rev/s: +5.267,  rev: -16.164
2024/04/15 11:04:50 ID: 241, Data: 9C190E0091070AEA, Celsius: 25, A: +0.14, rev/s: +5.381,  rev: -15.617
2024/04/15 11:04:50 ID: 241, Data: 9C1918009D07D1EA, Celsius: 25, A: +0.24, rev/s: +5.414,  rev: -15.064
2024/04/15 11:04:50 ID: 241, Data: 9C1938008A0796EB, Celsius: 25, A: +0.56, rev/s: +5.361,  rev: -14.517
2024/04/15 11:04:50 ID: 241, Data: 9C191600BD075DEC, Celsius: 25, A: +0.22, rev/s: +5.503,  rev: -13.964
2024/04/15 11:04:50 ID: 241, Data: 9C1915009B0723ED, Celsius: 25, A: +0.21, rev/s: +5.408,  rev: -13.414
2024/04/15 11:04:51 ID: 241, Data: 9C1915008707E9ED, Celsius: 25, A: +0.21, rev/s: +5.353,  rev: -12.864
2024/04/15 11:04:51 ID: 241, Data: 9C192500B607AFEE, Celsius: 25, A: +0.37, rev/s: +5.483,  rev: -12.314
2024/04/15 11:04:51 ID: 241, Data: 9C192900630775EF, Celsius: 25, A: +0.41, rev/s: +5.253,  rev: -11.764
2024/04/15 11:04:51 ID: 241, Data: 9C19100090073CF0, Celsius: 25, A: +0.16, rev/s: +5.378,  rev: -11.211
2024/04/15 11:04:51 ID: 241, Data: 9C191B00990701F1, Celsius: 25, A: +0.27, rev/s: +5.403,  rev: -10.664
2024/04/15 11:04:51 ID: 241, Data: 9C1912007707C7F1, Celsius: 25, A: +0.18, rev/s: +5.308,  rev: -10.114
2024/04/15 11:04:51 ID: 241, Data: 9C19190096078DF2, Celsius: 25, A: +0.25, rev/s: +5.394,  rev: -9.564
2024/04/15 11:04:51 ID: 241, Data: 9C192900A40753F3, Celsius: 25, A: +0.41, rev/s: +5.433,  rev: -9.014
2024/04/15 11:04:51 ID: 241, Data: 9C191C00760719F4, Celsius: 25, A: +0.28, rev/s: +5.306,  rev: -8.464
2024/04/15 11:04:52 ID: 241, Data: 9C190D009407E0F4, Celsius: 25, A: +0.13, rev/s: +5.389,  rev: -7.911
2024/04/15 11:04:52 ID: 241, Data: 9C192000D407A6F5, Celsius: 25, A: +0.32, rev/s: +5.567,  rev: -7.361
2024/04/15 11:04:52 ID: 241, Data: 9C1936005F076CF6, Celsius: 25, A: +0.54, rev/s: +5.242,  rev: -6.811
2024/04/15 11:04:52 ID: 241, Data: 9C190600A50733F7, Celsius: 25, A: +0.06, rev/s: +5.436,  rev: -6.258
2024/04/15 11:04:52 ID: 241, Data: 9C1913007607F9F7, Celsius: 25, A: +0.19, rev/s: +5.306,  rev: -5.708
2024/04/15 11:04:52 ID: 241, Data: 9C1937007507BFF8, Celsius: 25, A: +0.55, rev/s: +5.303,  rev: -5.158
2024/04/15 11:04:52 ID: 241, Data: 9C191A00950785F9, Celsius: 25, A: +0.26, rev/s: +5.392,  rev: -4.608
2024/04/15 11:04:52 ID: 241, Data: 9C190A0089074CFA, Celsius: 25, A: +0.10, rev/s: +5.358,  rev: -4.056
2024/04/15 11:04:52 ID: 241, Data: 9C192000910712FB, Celsius: 25, A: +0.32, rev/s: +5.381,  rev: -3.506
2024/04/15 11:04:52 ID: 241, Data: 9C1930009307D9FB, Celsius: 25, A: +0.48, rev/s: +5.386,  rev: -2.953
2024/04/15 11:04:53 ID: 241, Data: 9C191300B8079FFC, Celsius: 25, A: +0.19, rev/s: +5.489,  rev: -2.403
2024/04/15 11:04:53 ID: 241, Data: 9C190C00880765FD, Celsius: 25, A: +0.12, rev/s: +5.356,  rev: -1.853
2024/04/15 11:04:53 ID: 241, Data: 9C191E00AB072BFE, Celsius: 25, A: +0.30, rev/s: +5.453,  rev: -1.303
2024/04/15 11:04:53 ID: 241, Data: 9C192D008507F1FE, Celsius: 25, A: +0.45, rev/s: +5.347,  rev: -0.753
2024/04/15 11:04:53 ID: 241, Data: 9C1915005E07B8FF, Celsius: 25, A: +0.21, rev/s: +5.239,  rev: -0.200
2024/04/15 11:04:53 ID: 241, Data: 9C190E0087077D00, Celsius: 25, A: +0.14, rev/s: +5.353,  rev: +0.347
2024/04/15 11:04:53 ID: 241, Data: 9C19240080074401, Celsius: 25, A: +0.36, rev/s: +5.333,  rev: +0.900
2024/04/15 11:04:53 ID: 241, Data: 9C192C0098070A02, Celsius: 25, A: +0.44, rev/s: +5.400,  rev: +1.450
2024/04/15 11:04:53 ID: 241, Data: 9C190D009E07D102, Celsius: 25, A: +0.13, rev/s: +5.417,  rev: +2.003
2024/04/15 11:04:53 ID: 241, Data: 9C191C0085079703, Celsius: 25, A: +0.28, rev/s: +5.347,  rev: +2.553
2024/04/15 11:04:54 ID: 241, Data: 9C1924009E075E04, Celsius: 25, A: +0.36, rev/s: +5.417,  rev: +3.106
2024/04/15 11:04:54 ID: 241, Data: 9C191400AD072405, Celsius: 25, A: +0.20, rev/s: +5.458,  rev: +3.656
2024/04/15 11:04:54 ID: 241, Data: 9C1912007B07EB05, Celsius: 25, A: +0.18, rev/s: +5.319,  rev: +4.208
2024/04/15 11:04:54 ID: 241, Data: 9C1915008D07B406, Celsius: 25, A: +0.21, rev/s: +5.369,  rev: +4.767
2024/04/15 11:04:54 ID: 241, Data: 9C19200083077A07, Celsius: 25, A: +0.32, rev/s: +5.342,  rev: +5.317
2024/04/15 11:04:54 ID: 241, Data: 9C19270058074108, Celsius: 25, A: +0.39, rev/s: +5.222,  rev: +5.869
2024/04/15 11:04:54 ID: 241, Data: 9C190E00B1070709, Celsius: 25, A: +0.14, rev/s: +5.469,  rev: +6.419
2024/04/15 11:04:54 ID: 241, Data: 9C1920008E07CD09, Celsius: 25, A: +0.32, rev/s: +5.372,  rev: +6.969
2024/04/15 11:04:54 ID: 241, Data: 9C192B008F07940A, Celsius: 25, A: +0.43, rev/s: +5.375,  rev: +7.522
2024/04/15 11:04:54 ID: 241, Data: 9C190800B4075B0B, Celsius: 25, A: +0.08, rev/s: +5.478,  rev: +8.075
2024/04/15 11:04:55 ID: 241, Data: 9C192200B607210C, Celsius: 25, A: +0.34, rev/s: +5.483,  rev: +8.625
2024/04/15 11:04:55 ID: 241, Data: 9C192A008007E80C, Celsius: 25, A: +0.42, rev/s: +5.333,  rev: +9.178
2024/04/15 11:04:55 ID: 241, Data: 9C1903009407AF0D, Celsius: 25, A: +0.03, rev/s: +5.389,  rev: +9.731
2024/04/15 11:04:55 ID: 241, Data: 9C190B008907740E, Celsius: 25, A: +0.11, rev/s: +5.358,  rev: +10.278
2024/04/15 11:04:55 ID: 241, Data: 9C19360073073B0F, Celsius: 25, A: +0.54, rev/s: +5.297,  rev: +10.831
2024/04/15 11:04:55 ID: 241, Data: 9C19290089070010, Celsius: 25, A: +0.41, rev/s: +5.358,  rev: +11.378
2024/04/15 11:04:55 ID: 241, Data: 9C1911009407C710, Celsius: 25, A: +0.17, rev/s: +5.389,  rev: +11.931
2024/04/15 11:04:55 ID: 241, Data: 9C191D007D078D11, Celsius: 25, A: +0.29, rev/s: +5.325,  rev: +12.481
2024/04/15 11:04:55 ID: 241, Data: 9C192400A6075412, Celsius: 25, A: +0.36, rev/s: +5.439,  rev: +13.033
2024/04/15 11:04:56 ID: 241, Data: 9C191F00A8071A13, Celsius: 25, A: +0.31, rev/s: +5.444,  rev: +13.583
2024/04/15 11:04:56 ID: 241, Data: 9C1910009607E113, Celsius: 25, A: +0.16, rev/s: +5.394,  rev: +14.136
2024/04/15 11:04:56 ID: 241, Data: 9C192400B007A714, Celsius: 25, A: +0.36, rev/s: +5.467,  rev: +14.686
2024/04/15 11:04:56 ID: 241, Data: 9C19290074076D15, Celsius: 25, A: +0.41, rev/s: +5.300,  rev: +15.236
2024/04/15 11:04:56 ID: 241, Data: 9C190D0080073416, Celsius: 25, A: +0.13, rev/s: +5.333,  rev: +15.789
2024/04/15 11:04:56 ID: 241, Data: 9C1915009F07F916, Celsius: 25, A: +0.21, rev/s: +5.419,  rev: +16.336
2024/04/15 11:04:56 ID: 241, Data: 9C191F007A07BF17, Celsius: 25, A: +0.31, rev/s: +5.317,  rev: +16.886
2024/04/15 11:04:56 ID: 241, Data: 9C1928008C078518, Celsius: 25, A: +0.40, rev/s: +5.367,  rev: +17.436
2024/04/15 11:04:56 ID: 241, Data: 9C191100B7074C19, Celsius: 25, A: +0.17, rev/s: +5.486,  rev: +17.989
2024/04/15 11:04:56 ID: 241, Data: 9C1916009A07121A, Celsius: 25, A: +0.22, rev/s: +5.406,  rev: +18.539
2024/04/15 11:04:57 ID: 241, Data: 9C191E009707D91A, Celsius: 25, A: +0.30, rev/s: +5.397,  rev: +19.092
2024/04/15 11:04:57 ID: 241, Data: 9C191F00BC079F1B, Celsius: 25, A: +0.31, rev/s: +5.500,  rev: +19.642
2024/04/15 11:04:57 ID: 241, Data: 9C191B006507651C, Celsius: 25, A: +0.27, rev/s: +5.258,  rev: +20.192
2024/04/15 11:04:57 ID: 241, Data: 9C191300A5072C1D, Celsius: 25, A: +0.19, rev/s: +5.436,  rev: +20.744
2024/04/15 11:04:57 ID: 241, Data: 9C1913007907F01D, Celsius: 25, A: +0.19, rev/s: +5.314,  rev: +21.289
2024/04/15 11:04:57 ID: 241, Data: 9C191F006A07B61E, Celsius: 25, A: +0.31, rev/s: +5.272,  rev: +21.839
2024/04/15 11:04:57 ID: 241, Data: 9C1920008107791F, Celsius: 25, A: +0.32, rev/s: +5.336,  rev: +22.381
2024/04/15 11:04:57 ID: 241, Data: 9C191B006B073F20, Celsius: 25, A: +0.27, rev/s: +5.275,  rev: +22.931
2024/04/15 11:04:57 ID: 241, Data: 9C193D0066070321, Celsius: 25, A: +0.61, rev/s: +5.261,  rev: +23.475
2024/04/15 11:04:57 ID: 241, Data: 9C1923008E07C721, Celsius: 25, A: +0.35, rev/s: +5.372,  rev: +24.019
2024/04/15 11:04:58 ID: 241, Data: 9C19210068078A22, Celsius: 25, A: +0.33, rev/s: +5.267,  rev: +24.561
2024/04/15 11:04:58 ID: 241, Data: 9C192E007D074E23, Celsius: 25, A: +0.46, rev/s: +5.325,  rev: +25.106
2024/04/15 11:04:58 ID: 241, Data: 9C1916007B071124, Celsius: 25, A: +0.22, rev/s: +5.319,  rev: +25.647
2024/04/15 11:04:58 ID: 241, Data: 9C193C004107D324, Celsius: 25, A: +0.60, rev/s: +5.158,  rev: +26.186
2024/04/15 11:04:58 ID: 241, Data: 9C19330069079525, Celsius: 25, A: +0.51, rev/s: +5.269,  rev: +26.725
2024/04/15 11:04:58 ID: 241, Data: 9C1921004A075326, Celsius: 25, A: +0.33, rev/s: +5.183,  rev: +27.253
2024/04/15 11:04:58 ID: 241, Data: 9C19380036071227, Celsius: 25, A: +0.56, rev/s: +5.128,  rev: +27.783
2024/04/15 11:04:58 ID: 241, Data: 9C193A001B07CF27, Celsius: 25, A: +0.58, rev/s: +5.053,  rev: +28.308
2024/04/15 11:04:58 ID: 241, Data: 9C19460000078B28, Celsius: 25, A: +0.70, rev/s: +4.978,  rev: +28.831
2024/04/15 11:04:58 ID: 241, Data: 9C192D00F1064129, Celsius: 25, A: +0.45, rev/s: +4.936,  rev: +29.336
2024/04/15 11:04:59 ID: 241, Data: 9C1939008806F529, Celsius: 25, A: +0.57, rev/s: +4.644,  rev: +29.836
2024/04/15 11:04:59 ID: 241, Data: 9C192C00FE05982A, Celsius: 25, A: +0.44, rev/s: +4.261,  rev: +30.289
2024/04/15 11:04:59 ID: 241, Data: 9C1919006B06382B, Celsius: 25, A: +0.25, rev/s: +4.564,  rev: +30.733
2024/04/15 11:04:59 ID: 241, Data: 9C191F002107EE2B, Celsius: 25, A: +0.31, rev/s: +5.069,  rev: +31.239
2024/04/15 11:04:59 ID: 241, Data: 9C1915007507AF2C, Celsius: 25, A: +0.21, rev/s: +5.303,  rev: +31.775
2024/04/15 11:04:59 ID: 241, Data: 9C1912006C07722D, Celsius: 25, A: +0.18, rev/s: +5.278,  rev: +32.317
2024/04/15 11:04:59 ID: 241, Data: 9C1928005507372E, Celsius: 25, A: +0.40, rev/s: +5.214,  rev: +32.864
2024/04/15 11:04:59 ID: 241, Data: 9C192200BE07FC2E, Celsius: 25, A: +0.34, rev/s: +5.506,  rev: +33.411
2024/04/15 11:04:59 ID: 241, Data: 9C1923008707C32F, Celsius: 25, A: +0.35, rev/s: +5.353,  rev: +33.964
2024/04/15 11:05:00 ID: 241, Data: 9C191E0097078930, Celsius: 25, A: +0.30, rev/s: +5.397,  rev: +34.514
2024/04/15 11:05:00 ID: 241, Data: 9C190D00A0074F31, Celsius: 25, A: +0.13, rev/s: +5.422,  rev: +35.064
2024/04/15 11:05:00 ID: 241, Data: 9C192A009D071532, Celsius: 25, A: +0.42, rev/s: +5.414,  rev: +35.614
2024/04/15 11:05:00 ID: 241, Data: 9C192E008F07DC32, Celsius: 25, A: +0.46, rev/s: +5.375,  rev: +36.167
2024/04/15 11:05:00 ID: 241, Data: 9C190C00AF07A233, Celsius: 25, A: +0.12, rev/s: +5.464,  rev: +36.717
2024/04/15 11:05:00 ID: 241, Data: 9C1910007B076734, Celsius: 25, A: +0.16, rev/s: +5.319,  rev: +37.264
2024/04/15 11:05:00 ID: 241, Data: 9C191C0082072E35, Celsius: 25, A: +0.28, rev/s: +5.339,  rev: +37.817
2024/04/15 11:05:00 ID: 241, Data: 9C191D009E07F335, Celsius: 25, A: +0.29, rev/s: +5.417,  rev: +38.364
2024/04/15 11:05:00 ID: 241, Data: 9C1937006C07B936, Celsius: 25, A: +0.55, rev/s: +5.278,  rev: +38.914
2024/04/15 11:05:00 ID: 241, Data: 9C19320077077E37, Celsius: 25, A: +0.50, rev/s: +5.308,  rev: +39.461
2024/04/15 11:05:01 ID: 241, Data: 9C191A007D074238, Celsius: 25, A: +0.26, rev/s: +5.325,  rev: +40.006
2024/04/15 11:05:01 ID: 241, Data: 9C19440077070439, Celsius: 25, A: +0.68, rev/s: +5.308,  rev: +40.544
2024/04/15 11:05:01 ID: 241, Data: 9C192F007A07C539, Celsius: 25, A: +0.47, rev/s: +5.317,  rev: +41.081
2024/04/15 11:05:01 ID: 241, Data: 9C1940005207823A, Celsius: 25, A: +0.64, rev/s: +5.206,  rev: +41.606
2024/04/15 11:05:01 ID: 241, Data: 9C193C000E073B3B, Celsius: 25, A: +0.60, rev/s: +5.017,  rev: +42.119
2024/04/15 11:05:01 ID: 241, Data: 9C194000A106EE3B, Celsius: 25, A: +0.64, rev/s: +4.714,  rev: +42.617
2024/04/15 11:05:01 ID: 241, Data: 9C192E002605843C, Celsius: 25, A: +0.46, rev/s: +3.661,  rev: +43.033
2024/04/15 11:05:01 ID: 241, Data: 9C193100B803F63C, Celsius: 25, A: +0.49, rev/s: +2.644,  rev: +43.350
2024/04/15 11:05:01 ID: 241, Data: 9C193600C5013D3D, Celsius: 25, A: +0.54, rev/s: +1.258,  rev: +43.547
2024/04/15 11:05:01 ID: 241, Data: 9C192F007D005A3D, Celsius: 25, A: +0.47, rev/s: +0.347,  rev: +43.628
2024/04/15 11:05:02 ID: 241, Data: 9C19270001005D3D, Celsius: 25, A: +0.39, rev/s: +0.003,  rev: +43.636
2024/04/15 11:05:02 ID: 241, Data: 9C19270007005D3D, Celsius: 25, A: +0.39, rev/s: +0.019,  rev: +43.636
2024/04/15 11:05:02 ID: 241, Data: 9C192700EFFF5D3D, Celsius: 25, A: +0.39, rev/s: -0.047,  rev: +43.636
2024/04/15 11:05:02 ID: 241, Data: 9C19280000005D3D, Celsius: 25, A: +0.40, rev/s: +0.000,  rev: +43.636
2024/04/15 11:05:02 ID: 241, Data: 9C19270006005D3D, Celsius: 25, A: +0.39, rev/s: +0.017,  rev: +43.636
2024/04/15 11:05:02 ID: 241, Data: 9C1927000B005E3D, Celsius: 25, A: +0.39, rev/s: +0.031,  rev: +43.639
