2024/04/15 14:47:07 ID: 241, Data: 9C152C0038000300, Celsius: 21, A: +0.44, rev/s: +0.156,  rev: +0.008
2024/04/15 14:47:07 ID: 241, Data: 9C1527006B000F00, Celsius: 21, A: +0.39, rev/s: +0.297,  rev: +0.042
2024/04/15 14:47:07 ID: 241, Data: 9C15260019001B00, Celsius: 21, A: +0.38, rev/s: +0.069,  rev: +0.075
2024/04/15 14:47:07 ID: 241, Data: 9C15270031002600, Celsius: 21, A: +0.39, rev/s: +0.136,  rev: +0.106
2024/04/15 14:47:08 ID: 241, Data: 9C150D00CA003100, Celsius: 21, A: +0.13, rev/s: +0.561,  rev: +0.136
2024/04/15 14:47:08 ID: 241, Data: 9C15230070003D00, Celsius: 21, A: +0.35, rev/s: +0.311,  rev: +0.169
2024/04/15 14:47:08 ID: 241, Data: 9C155F0010004600, Celsius: 21, A: +0.95, rev/s: +0.044,  rev: +0.194
2024/04/15 14:47:08 ID: 241, Data: 9C1512003D015200, Celsius: 21, A: +0.18, rev/s: +0.881,  rev: +0.228
2024/04/15 14:47:08 ID: 241, Data: 9C1544001C005E00, Celsius: 21, A: +0.68, rev/s: +0.078,  rev: +0.261
2024/04/15 14:47:08 ID: 241, Data: 9C15590061006700, Celsius: 21, A: +0.89, rev/s: +0.269,  rev: +0.286
2024/04/15 14:47:08 ID: 241, Data: 9C1522002A007500, Celsius: 21, A: +0.34, rev/s: +0.117,  rev: +0.325
2024/04/15 14:47:08 ID: 241, Data: 9C152E0021007F00, Celsius: 21, A: +0.46, rev/s: +0.092,  rev: +0.353
2024/04/15 14:47:08 ID: 241, Data: 9C150800C1008A00, Celsius: 21, A: +0.08, rev/s: +0.536,  rev: +0.383
2024/04/15 14:47:08 ID: 241, Data: 9C151B005C009500, Celsius: 21, A: +0.27, rev/s: +0.256,  rev: +0.414
2024/04/15 14:47:09 ID: 241, Data: 9C15290057009F00, Celsius: 21, A: +0.41, rev/s: +0.242,  rev: +0.442
2024/04/15 14:47:09 ID: 241, Data: 9C1505009700AB00, Celsius: 21, A: +0.05, rev/s: +0.419,  rev: +0.475
2024/04/15 14:47:09 ID: 241, Data: 9C1522001100B600, Celsius: 21, A: +0.34, rev/s: +0.047,  rev: +0.506
2024/04/15 14:47:09 ID: 241, Data: 9C153F007000BF00, Celsius: 21, A: +0.63, rev/s: +0.311,  rev: +0.531
2024/04/15 14:47:09 ID: 241, Data: 9C150F008400CE00, Celsius: 21, A: +0.15, rev/s: +0.367,  rev: +0.572
2024/04/15 14:47:09 ID: 241, Data: 9C153C002200D600, Celsius: 21, A: +0.60, rev/s: +0.094,  rev: +0.594
2024/04/15 14:47:09 ID: 241, Data: 9C151900BD00E200, Celsius: 21, A: +0.25, rev/s: +0.525,  rev: +0.628
2024/04/15 14:47:09 ID: 241, Data: 9C1526004200EE00, Celsius: 21, A: +0.38, rev/s: +0.183,  rev: +0.661
2024/04/15 14:47:09 ID: 241, Data: 9C1520007600F800, Celsius: 21, A: +0.32, rev/s: +0.328,  rev: +0.689
2024/04/15 14:47:09 ID: 241, Data: 9C150A004B000401, Celsius: 21, A: +0.10, rev/s: +0.208,  rev: +0.722
2024/04/15 14:47:10 ID: 241, Data: 9C151E002B000E01, Celsius: 21, A: +0.30, rev/s: +0.119,  rev: +0.750
2024/04/15 14:47:10 ID: 241, Data: 9C15020095001A01, Celsius: 21, A: +0.02, rev/s: +0.414,  rev: +0.783
2024/04/15 14:47:10 ID: 241, Data: 9C1500006D002601, Celsius: 21, A: +0.00, rev/s: +0.303,  rev: +0.817
2024/04/15 14:47:10 ID: 241, Data: 9C1514006C002F01, Celsius: 21, A: +0.20, rev/s: +0.300,  rev: +0.842
2024/04/15 14:47:10 ID: 241, Data: 9C150D00CA003B01, Celsius: 21, A: +0.13, rev/s: +0.561,  rev: +0.875
2024/04/15 14:47:10 ID: 241, Data: 9C1521002C004601, Celsius: 21, A: +0.33, rev/s: +0.122,  rev: +0.906
2024/04/15 14:47:10 ID: 241, Data: 9C15160088005001, Celsius: 21, A: +0.22, rev/s: +0.378,  rev: +0.933
2024/04/15 14:47:10 ID: 241, Data: 9C15070082005D01, Celsius: 21, A: +0.07, rev/s: +0.361,  rev: +0.969
2024/04/15 14:47:10 ID: 241, Data: 9C15230037006701, Celsius: 21, A: +0.35, rev/s: +0.153,  rev: +0.997
2024/04/15 14:47:11 ID: 241, Data: 9C150600C8007301, Celsius: 21, A: +0.06, rev/s: +0.556,  rev: +1.031
2024/04/15 14:47:11 ID: 241, Data: 9C1521003C007E01, Celsius: 21, A: +0.33, rev/s: +0.167,  rev: +1.061
2024/04/15 14:47:11 ID: 241, Data: 9C1548002E008701, Celsius: 21, A: +0.72, rev/s: +0.128,  rev: +1.086
2024/04/15 14:47:11 ID: 241, Data: 9C15130081009501, Celsius: 21, A: +0.19, rev/s: +0.358,  rev: +1.125
2024/04/15 14:47:11 ID: 241, Data: 9C153E0026009E01, Celsius: 21, A: +0.62, rev/s: +0.106,  rev: +1.150
2024/04/15 14:47:11 ID: 241, Data: 9C151600E100A901, Celsius: 21, A: +0.22, rev/s: +0.625,  rev: +1.181
2024/04/15 14:47:11 ID: 241, Data: 9C154E005B00B601, Celsius: 21, A: +0.78, rev/s: +0.253,  rev: +1.217
2024/04/15 14:47:11 ID: 241, Data: 9C1558003F00BF01, Celsius: 21, A: +0.88, rev/s: +0.175,  rev: +1.242
2024/04/15 14:47:11 ID: 241, Data: 9C150C00E900CD01, Celsius: 21, A: +0.12, rev/s: +0.647,  rev: +1.281
2024/04/15 14:47:11 ID: 241, Data: 9C1534002E00D701, Celsius: 21, A: +0.52, rev/s: +0.128,  rev: +1.308
2024/04/15 14:47:12 ID: 241, Data: 9C152500B300E101, Celsius: 21, A: +0.37, rev/s: +0.497,  rev: +1.336
2024/04/15 14:47:12 ID: 241, Data: 9C1516005700EE01, Celsius: 21, A: +0.22, rev/s: +0.242,  rev: +1.372
2024/04/15 14:47:12 ID: 241, Data: 9C1523003A00F701, Celsius: 21, A: +0.35, rev/s: +0.161,  rev: +1.397
2024/04/15 14:47:12 ID: 241, Data: 9C150200F0000302, Celsius: 21, A: +0.02, rev/s: +0.667,  rev: +1.431
2024/04/15 14:47:12 ID: 241, Data: 9C15210033000E02, Celsius: 21, A: +0.33, rev/s: +0.142,  rev: +1.461
2024/04/15 14:47:12 ID: 241, Data: 9C15240080001802, Celsius: 21, A: +0.36, rev/s: +0.356,  rev: +1.489
2024/04/15 14:47:12 ID: 241, Data: 9C15140088002502, Celsius: 21, A: +0.20, rev/s: +0.378,  rev: +1.525
2024/04/15 14:47:12 ID: 241, Data: 9C153E0040002F02, Celsius: 21, A: +0.62, rev/s: +0.178,  rev: +1.553
2024/04/15 14:47:12 ID: 241, Data: 9C150800A7003B02, Celsius: 21, A: +0.08, rev/s: +0.464,  rev: +1.586
2024/04/15 14:47:12 ID: 241, Data: 9C1527001C004602, Celsius: 21, A: +0.39, rev/s: +0.078,  rev: +1.617
2024/04/15 14:47:13 ID: 241, Data: 9C15160050005102, Celsius: 21, A: +0.22, rev/s: +0.222,  rev: +1.647
2024/04/15 14:47:13 ID: 241, Data: 9C150000BA005D02, Celsius: 21, A: +0.00, rev/s: +0.517,  rev: +1.681
2024/04/15 14:47:13 ID: 241, Data: 9C151D002D006702, Celsius: 21, A: +0.29, rev/s: +0.125,  rev: +1.708
2024/04/15 14:47:13 ID: 241, Data: 9C15080092007102, Celsius: 21, A: +0.08, rev/s: +0.406,  rev: +1.736
2024/04/15 14:47:13 ID: 241, Data: 9C15170060007D02, Celsius: 21, A: +0.23, rev/s: +0.267,  rev: +1.769
2024/04/15 14:47:13 ID: 241, Data: 9C151C0078008702, Celsius: 21, A: +0.28, rev/s: +0.333,  rev: +1.797
2024/04/15 14:47:13 ID: 241, Data: 9C150C0081009302, Celsius: 21, A: +0.12, rev/s: +0.358,  rev: +1.831
2024/04/15 14:47:13 ID: 241, Data: 9C151E000B009D02, Celsius: 21, A: +0.30, rev/s: +0.031,  rev: +1.858
2024/04/15 14:47:13 ID: 241, Data: 9C1507009500A902, Celsius: 21, A: +0.07, rev/s: +0.414,  rev: +1.892
2024/04/15 14:47:14 ID: 241, Data: 9C1500009B00B502, Celsius: 21, A: +0.00, rev/s: +0.431,  rev: +1.925
2024/04/15 14:47:14 ID: 241, Data: 9C1523003500BF02, Celsius: 21, A: +0.35, rev/s: +0.147,  rev: +1.953
2024/04/15 14:47:14 ID: 241, Data: 9C150C00AD00CA02, Celsius: 21, A: +0.12, rev/s: +0.481,  rev: +1.983
2024/04/15 14:47:14 ID: 241, Data: 9C151A003400D602, Celsius: 21, A: +0.26, rev/s: +0.144,  rev: +2.017
2024/04/15 14:47:14 ID: 241, Data: 9C152F004F00DF02, Celsius: 21, A: +0.47, rev/s: +0.219,  rev: +2.042
2024/04/15 14:47:14 ID: 241, Data: 9C151C002000EC02, Celsius: 21, A: +0.28, rev/s: +0.089,  rev: +2.078
2024/04/15 14:47:14 ID: 241, Data: 9C1536003400F702, Celsius: 21, A: +0.54, rev/s: +0.144,  rev: +2.108
2024/04/15 14:47:14 ID: 241, Data: 9C150400EC000203, Celsius: 21, A: +0.04, rev/s: +0.656,  rev: +2.139
2024/04/15 14:47:14 ID: 241, Data: 9C15380022000E03, Celsius: 21, A: +0.56, rev/s: +0.094,  rev: +2.172
2024/04/15 14:47:14 ID: 241, Data: 9C1569002F001603, Celsius: 21, A: +1.05, rev/s: +0.131,  rev: +2.194
2024/04/15 14:47:15 ID: 241, Data: 9C150D000D012403, Celsius: 21, A: +0.13, rev/s: +0.747,  rev: +2.233
2024/04/15 14:47:15 ID: 241, Data: 9C15470012002E03, Celsius: 21, A: +0.71, rev/s: +0.050,  rev: +2.261
2024/04/15 14:47:15 ID: 241, Data: 9C15510082003803, Celsius: 21, A: +0.81, rev/s: +0.361,  rev: +2.289
2024/04/15 14:47:15 ID: 241, Data: 9C15270007004503, Celsius: 21, A: +0.39, rev/s: +0.019,  rev: +2.325
2024/04/15 14:47:15 ID: 241, Data: 9C15290031004F03, Celsius: 21, A: +0.41, rev/s: +0.136,  rev: +2.353
2024/04/15 14:47:15 ID: 241, Data: 9C150600CE005B03, Celsius: 21, A: +0.06, rev/s: +0.572,  rev: +2.386
2024/04/15 14:47:15 ID: 241, Data: 9C1524003B006603, Celsius: 21, A: +0.36, rev/s: +0.164,  rev: +2.417
2024/04/15 14:47:15 ID: 241, Data: 9C152B006F006F03, Celsius: 21, A: +0.43, rev/s: +0.308,  rev: +2.442
2024/04/15 14:47:15 ID: 241, Data: 9C15080082007C03, Celsius: 21, A: +0.08, rev/s: +0.361,  rev: +2.478
2024/04/15 14:47:15 ID: 241, Data: 9C152C0005008603, Celsius: 21, A: +0.44, rev/s: +0.014,  rev: +2.506
2024/04/15 14:47:16 ID: 241, Data: 9C152D0090009003, Celsius: 21, A: +0.45, rev/s: +0.400,  rev: +2.533
2024/04/15 14:47:16 ID: 241, Data: 9C151C0030009E03, Celsius: 21, A: +0.28, rev/s: +0.133,  rev: +2.572
2024/04/15 14:47:16 ID: 241, Data: 9C1533003D00A703, Celsius: 21, A: +0.51, rev/s: +0.169,  rev: +2.597
2024/04/15 14:47:16 ID: 241, Data: 9C151300C400B203, Celsius: 21, A: +0.19, rev/s: +0.544,  rev: +2.628
2024/04/15 14:47:16 ID: 241, Data: 9C1529003600BE03, Celsius: 21, A: +0.41, rev/s: +0.150,  rev: +2.661
2024/04/15 14:47:16 ID: 241, Data: 9C151A009600C803, Celsius: 21, A: +0.26, rev/s: +0.417,  rev: +2.689
2024/04/15 14:47:16 ID: 241, Data: 9C1409006100D503, Celsius: 20, A: +0.09, rev/s: +0.269,  rev: +2.725
2024/04/15 14:47:16 ID: 241, Data: 9C151C002900DF03, Celsius: 21, A: +0.28, rev/s: +0.114,  rev: +2.753
2024/04/15 14:47:16 ID: 241, Data: 9C150100AA00EB03, Celsius: 21, A: +0.01, rev/s: +0.472,  rev: +2.786
2024/04/15 14:47:16 ID: 241, Data: 9C1512002800F603, Celsius: 21, A: +0.18, rev/s: +0.111,  rev: +2.817
2024/04/15 14:47:17 ID: 241, Data: 9C150F007F000004, Celsius: 21, A: +0.15, rev/s: +0.353,  rev: +2.844
2024/04/15 14:47:17 ID: 241, Data: 9C150700AF000C04, Celsius: 21, A: +0.07, rev/s: +0.486,  rev: +2.878
2024/04/15 14:47:17 ID: 241, Data: 9C15200033001604, Celsius: 21, A: +0.32, rev/s: +0.142,  rev: +2.906
2024/04/15 14:47:17 ID: 241, Data: 9C150F00B2002104, Celsius: 21, A: +0.15, rev/s: +0.494,  rev: +2.936
2024/04/15 14:47:17 ID: 241, Data: 9C15140046002E04, Celsius: 21, A: +0.20, rev/s: +0.194,  rev: +2.972
2024/04/15 14:47:17 ID: 241, Data: 9C15200060003704, Celsius: 21, A: +0.32, rev/s: +0.267,  rev: +2.997
2024/04/15 14:47:17 ID: 241, Data: 9C150600AE004304, Celsius: 21, A: +0.06, rev/s: +0.483,  rev: +3.031
2024/04/15 14:47:17 ID: 241, Data: 9C15260033004E04, Celsius: 21, A: +0.38, rev/s: +0.142,  rev: +3.061
2024/04/15 14:47:17 ID: 241, Data: 9C15480041005704, Celsius: 21, A: +0.72, rev/s: +0.181,  rev: +3.086
2024/04/15 14:47:17 ID: 241, Data: 9C15180072006504, Celsius: 21, A: +0.24, rev/s: +0.317,  rev: +3.125
2024/04/15 14:47:18 ID: 241, Data: 9C15410039006E04, Celsius: 21, A: +0.65, rev/s: +0.158,  rev: +3.150
2024/04/15 14:47:18 ID: 241, Data: 9C151200D2007A04, Celsius: 21, A: +0.18, rev/s: +0.583,  rev: +3.183
2024/04/15 14:47:18 ID: 241, Data: 9C15510026008604, Celsius: 21, A: +0.81, rev/s: +0.106,  rev: +3.217
2024/04/15 14:47:18 ID: 241, Data: 9C15520048008F04, Celsius: 21, A: +0.82, rev/s: +0.200,  rev: +3.242
2024/04/15 14:47:18 ID: 241, Data: 9C151900B4009D04, Celsius: 21, A: +0.25, rev/s: +0.500,  rev: +3.281
2024/04/15 14:47:18 ID: 241, Data: 9C1531003500A704, Celsius: 21, A: +0.49, rev/s: +0.147,  rev: +3.308
2024/04/15 14:47:18 ID: 241, Data: 9C152400AD00B104, Celsius: 21, A: +0.36, rev/s: +0.481,  rev: +3.336
2024/04/15 14:47:18 ID: 241, Data: 9C151B004600BE04, Celsius: 21, A: +0.27, rev/s: +0.194,  rev: +3.372
2024/04/15 14:47:18 ID: 241, Data: 9C1522004800C704, Celsius: 21, A: +0.34, rev/s: +0.200,  rev: +3.397
2024/04/15 14:47:19 ID: 241, Data: 9C150100EF00D304, Celsius: 21, A: +0.01, rev/s: +0.664,  rev: +3.431
2024/04/15 14:47:19 ID: 241, Data: 9C151D001300DE04, Celsius: 21, A: +0.29, rev/s: +0.053,  rev: +3.461
2024/04/15 14:47:19 ID: 241, Data: 9C1527009400E804, Celsius: 21, A: +0.39, rev/s: +0.411,  rev: +3.489
2024/04/15 14:47:19 ID: 241, Data: 9C1515007700F504, Celsius: 21, A: +0.21, rev/s: +0.331,  rev: +3.525
2024/04/15 14:47:19 ID: 241, Data: 9C153F001E00FF04, Celsius: 21, A: +0.63, rev/s: +0.083,  rev: +3.553
2024/04/15 14:47:19 ID: 241, Data: 9C150E0098000B05, Celsius: 21, A: +0.14, rev/s: +0.422,  rev: +3.586
2024/04/15 14:47:19 ID: 241, Data: 9C152B001A001605, Celsius: 21, A: +0.43, rev/s: +0.072,  rev: +3.617
2024/04/15 14:47:19 ID: 241, Data: 9C15120048002105, Celsius: 21, A: +0.18, rev/s: +0.200,  rev: +3.647
2024/04/15 14:47:19 ID: 241, Data: 9C150100C9002D05, Celsius: 21, A: +0.01, rev/s: +0.558,  rev: +3.681
2024/04/15 14:47:19 ID: 241, Data: 9C15140034003705, Celsius: 21, A: +0.20, rev/s: +0.144,  rev: +3.708
2024/04/15 14:47:20 ID: 241, Data: 9C15070091004205, Celsius: 21, A: +0.07, rev/s: +0.403,  rev: +3.739
2024/04/15 14:47:20 ID: 241, Data: 9C15120056004D05, Celsius: 21, A: +0.18, rev/s: +0.239,  rev: +3.769
2024/04/15 14:47:20 ID: 241, Data: 9C15170076005705, Celsius: 21, A: +0.23, rev/s: +0.328,  rev: +3.797
2024/04/15 14:47:20 ID: 241, Data: 9C150B009A006405, Celsius: 21, A: +0.11, rev/s: +0.428,  rev: +3.833
2024/04/15 14:47:20 ID: 241, Data: 9C15220026006E05, Celsius: 21, A: +0.34, rev/s: +0.106,  rev: +3.861
2024/04/15 14:47:20 ID: 241, Data: 9C150500C8007A05, Celsius: 21, A: +0.05, rev/s: +0.556,  rev: +3.894
2024/04/15 14:47:20 ID: 241, Data: 9C150D003E008605, Celsius: 21, A: +0.13, rev/s: +0.172,  rev: +3.928
2024/04/15 14:47:20 ID: 241, Data: 9C1525003C008F05, Celsius: 21, A: +0.37, rev/s: +0.167,  rev: +3.953
2024/04/15 14:47:20 ID: 241, Data: 9C1507009F009B05, Celsius: 21, A: +0.07, rev/s: +0.442,  rev: +3.986
2024/04/15 14:47:20 ID: 241, Data: 9C151F002300A605, Celsius: 21, A: +0.31, rev/s: +0.097,  rev: +4.017
2024/04/15 14:47:21 ID: 241, Data: 9C152D006F00AF05, Celsius: 21, A: +0.45, rev/s: +0.308,  rev: +4.042
2024/04/15 14:47:21 ID: 241, Data: 9C1521003600BD05, Celsius: 21, A: +0.33, rev/s: +0.150,  rev: +4.081
2024/04/15 14:47:21 ID: 241, Data: 9C153C001B00C705, Celsius: 21, A: +0.60, rev/s: +0.075,  rev: +4.108
2024/04/15 14:47:21 ID: 241, Data: 9C150100E200D305, Celsius: 21, A: +0.01, rev/s: +0.628,  rev: +4.142
2024/04/15 14:47:21 ID: 241, Data: 9C1540001500DE05, Celsius: 21, A: +0.64, rev/s: +0.058,  rev: +4.172
2024/04/15 14:47:21 ID: 241, Data: 9C156E005000E605, Celsius: 21, A: +1.10, rev/s: +0.222,  rev: +4.194
2024/04/15 14:47:21 ID: 241, Data: 9C152000E900F505, Celsius: 21, A: +0.32, rev/s: +0.647,  rev: +4.236
2024/04/15 14:47:21 ID: 241, Data: 9C154B003600FE05, Celsius: 21, A: +0.75, rev/s: +0.150,  rev: +4.261
2024/04/15 14:47:21 ID: 241, Data: 9C15400093000806, Celsius: 21, A: +0.64, rev/s: +0.408,  rev: +4.289
2024/04/15 14:47:22 ID: 241, Data: 9C152E000A001506, Celsius: 21, A: +0.46, rev/s: +0.028,  rev: +4.325
2024/04/15 14:47:22 ID: 241, Data: 9C15290051002006, Celsius: 21, A: +0.41, rev/s: +0.225,  rev: +4.356
2024/04/15 14:47:22 ID: 241, Data: 9C150400D5002C06, Celsius: 21, A: +0.04, rev/s: +0.592,  rev: +4.389
2024/04/15 14:47:22 ID: 241, Data: 9C152D0032003606, Celsius: 21, A: +0.45, rev/s: +0.139,  rev: +4.417
2024/04/15 14:47:22 ID: 241, Data: 9C151E009B004006, Celsius: 21, A: +0.30, rev/s: +0.431,  rev: +4.444
2024/04/15 14:47:22 ID: 241, Data: 9C1514005B004D06, Celsius: 21, A: +0.20, rev/s: +0.253,  rev: +4.481
2024/04/15 14:47:22 ID: 241, Data: 9C1531002E005706, Celsius: 21, A: +0.49, rev/s: +0.128,  rev: +4.508
2024/04/15 14:47:22 ID: 241, Data: 9C150C00F5006206, Celsius: 21, A: +0.12, rev/s: +0.681,  rev: +4.539
2024/04/15 14:47:22 ID: 241, Data: 9C15220023006F06, Celsius: 21, A: +0.34, rev/s: +0.097,  rev: +4.575
2024/04/15 14:47:22 ID: 241, Data: 9C152E005D007806, Celsius: 21, A: +0.46, rev/s: +0.258,  rev: +4.600
2024/04/15 14:47:23 ID: 241, Data: 9C15040013018406, Celsius: 21, A: +0.04, rev/s: +0.764,  rev: +4.633
2024/04/15 14:47:23 ID: 241, Data: 9C1532003A008E06, Celsius: 21, A: +0.50, rev/s: +0.161,  rev: +4.661
2024/04/15 14:47:23 ID: 241, Data: 9C150E00B2009A06, Celsius: 21, A: +0.14, rev/s: +0.494,  rev: +4.694
2024/04/15 14:47:23 ID: 241, Data: 9C150A005600A606, Celsius: 21, A: +0.10, rev/s: +0.239,  rev: +4.728
2024/04/15 14:47:23 ID: 241, Data: 9C151F004A00AF06, Celsius: 21, A: +0.31, rev/s: +0.206,  rev: +4.753
2024/04/15 14:47:23 ID: 241, Data: 9C1507007400BC06, Celsius: 21, A: +0.07, rev/s: +0.322,  rev: +4.789
2024/04/15 14:47:23 ID: 241, Data: 9C151E001500C606, Celsius: 21, A: +0.30, rev/s: +0.058,  rev: +4.817
2024/04/15 14:47:23 ID: 241, Data: 9C150000AF00D206, Celsius: 21, A: +0.00, rev/s: +0.486,  rev: +4.850
2024/04/15 14:47:23 ID: 241, Data: 9C1508008D00DD06, Celsius: 21, A: +0.08, rev/s: +0.392,  rev: +4.881
2024/04/15 14:47:23 ID: 241, Data: 9C1529004100E706, Celsius: 21, A: +0.41, rev/s: +0.181,  rev: +4.908
2024/04/15 14:47:24 ID: 241, Data: 9C150800B900F306, Celsius: 21, A: +0.08, rev/s: +0.514,  rev: +4.942
2024/04/15 14:47:24 ID: 241, Data: 9C151D002400FE06, Celsius: 21, A: +0.29, rev/s: +0.100,  rev: +4.972
2024/04/15 14:47:24 ID: 241, Data: 9C15130098000907, Celsius: 21, A: +0.19, rev/s: +0.422,  rev: +5.003
2024/04/15 14:47:24 ID: 241, Data: 9C150B006C001507, Celsius: 21, A: +0.11, rev/s: +0.300,  rev: +5.036
2024/04/15 14:47:24 ID: 241, Data: 9C15260043001F07, Celsius: 21, A: +0.38, rev/s: +0.186,  rev: +5.064
2024/04/15 14:47:24 ID: 241, Data: 9C151200F6002907, Celsius: 21, A: +0.18, rev/s: +0.683,  rev: +5.092
2024/04/15 14:47:24 ID: 241, Data: 9C1535002D003607, Celsius: 21, A: +0.53, rev/s: +0.125,  rev: +5.128
2024/04/15 14:47:24 ID: 241, Data: 9C15420060003F07, Celsius: 21, A: +0.66, rev/s: +0.267,  rev: +5.153
2024/04/15 14:47:24 ID: 241, Data: 9C1533007A004D07, Celsius: 21, A: +0.51, rev/s: +0.339,  rev: +5.192
2024/04/15 14:47:24 ID: 241, Data: 9C156300F1FF5707, Celsius: 21, A: +0.99, rev/s: -0.042,  rev: +5.219
2024/04/15 14:47:25 ID: 241, Data: 9C150A0013016307, Celsius: 21, A: +0.10, rev/s: +0.764,  rev: +5.253
2024/04/15 14:47:25 ID: 241, Data: 9C1548001E006E07, Celsius: 21, A: +0.72, rev/s: +0.083,  rev: +5.283
2024/04/15 14:47:25 ID: 241, Data: 9C1527005B007907, Celsius: 21, A: +0.39, rev/s: +0.253,  rev: +5.314
2024/04/15 14:47:25 ID: 241, Data: 9C150800E6008407, Celsius: 21, A: +0.08, rev/s: +0.639,  rev: +5.344
2024/04/15 14:47:25 ID: 241, Data: 9C1526001D008E07, Celsius: 21, A: +0.38, rev/s: +0.081,  rev: +5.372
2024/04/15 14:47:25 ID: 241, Data: 9C15120093009907, Celsius: 21, A: +0.18, rev/s: +0.408,  rev: +5.403
2024/04/15 14:47:25 ID: 241, Data: 9C1520004300A607, Celsius: 21, A: +0.32, rev/s: +0.186,  rev: +5.439
2024/04/15 14:47:25 ID: 241, Data: 9C151D003700AF07, Celsius: 21, A: +0.29, rev/s: +0.153,  rev: +5.464
2024/04/15 14:47:25 ID: 241, Data: 9C150200D500BB07, Celsius: 21, A: +0.02, rev/s: +0.592,  rev: +5.497
2024/04/15 14:47:26 ID: 241, Data: 9C1534000900C607, Celsius: 21, A: +0.52, rev/s: +0.025,  rev: +5.528
2024/04/15 14:47:26 ID: 241, Data: 9C1530007000D007, Celsius: 21, A: +0.48, rev/s: +0.311,  rev: +5.556
2024/04/15 14:47:26 ID: 241, Data: 9C150C008D00DD07, Celsius: 21, A: +0.12, rev/s: +0.392,  rev: +5.592
2024/04/15 14:47:26 ID: 241, Data: 9C152A004700E607, Celsius: 21, A: +0.42, rev/s: +0.197,  rev: +5.617
2024/04/15 14:47:26 ID: 241, Data: 9C1514004A00F207, Celsius: 21, A: +0.20, rev/s: +0.206,  rev: +5.650
2024/04/15 14:47:26 ID: 241, Data: 9C1518002D00FE07, Celsius: 21, A: +0.24, rev/s: +0.125,  rev: +5.683
2024/04/15 14:47:26 ID: 241, Data: 9C151D0059000808, Celsius: 21, A: +0.29, rev/s: +0.247,  rev: +5.711
2024/04/15 14:47:26 ID: 241, Data: 9C15090074001408, Celsius: 21, A: +0.09, rev/s: +0.322,  rev: +5.744
2024/04/15 14:47:26 ID: 241, Data: 9C150C0068001F08, Celsius: 21, A: +0.12, rev/s: +0.289,  rev: +5.775
2024/04/15 14:47:26 ID: 241, Data: 9C1505009B002A08, Celsius: 21, A: +0.05, rev/s: +0.431,  rev: +5.806
2024/04/15 14:47:27 ID: 241, Data: 9C15140076003508, Celsius: 21, A: +0.20, rev/s: +0.328,  rev: +5.836
2024/04/15 14:47:27 ID: 241, Data: 9C15290043003F08, Celsius: 21, A: +0.41, rev/s: +0.186,  rev: +5.864
2024/04/15 14:47:27 ID: 241, Data: 9C151900B3004B08, Celsius: 21, A: +0.25, rev/s: +0.497,  rev: +5.897
2024/04/15 14:47:27 ID: 241, Data: 9C15320040005608, Celsius: 21, A: +0.50, rev/s: +0.178,  rev: +5.928
2024/04/15 14:47:27 ID: 241, Data: 9C151B009F006108, Celsius: 21, A: +0.27, rev/s: +0.442,  rev: +5.958
2024/04/15 14:47:27 ID: 241, Data: 9C15160085006D08, Celsius: 21, A: +0.22, rev/s: +0.369,  rev: +5.992
2024/04/15 14:47:27 ID: 241, Data: 9C1526005C007808, Celsius: 21, A: +0.38, rev/s: +0.256,  rev: +6.022
2024/04/15 14:47:27 ID: 241, Data: 9C151000B4008308, Celsius: 21, A: +0.16, rev/s: +0.500,  rev: +6.053
2024/04/15 14:47:27 ID: 241, Data: 9C15290065008D08, Celsius: 21, A: +0.41, rev/s: +0.281,  rev: +6.081
2024/04/15 14:47:27 ID: 241, Data: 9C15160072009808, Celsius: 21, A: +0.22, rev/s: +0.317,  rev: +6.111
2024/04/15 14:47:28 ID: 241, Data: 9C1513002300A508, Celsius: 21, A: +0.19, rev/s: +0.097,  rev: +6.147
2024/04/15 14:47:28 ID: 241, Data: 9C1540000E00AE08, Celsius: 21, A: +0.64, rev/s: +0.039,  rev: +6.172
2024/04/15 14:47:28 ID: 241, Data: 9C1567007300B708, Celsius: 21, A: +1.03, rev/s: +0.319,  rev: +6.197
2024/04/15 14:47:28 ID: 241, Data: 9C154B001F00C708, Celsius: 21, A: +0.75, rev/s: +0.086,  rev: +6.242
2024/04/15 14:47:28 ID: 241, Data: 9C1550005A00CF08, Celsius: 21, A: +0.80, rev/s: +0.250,  rev: +6.264
2024/04/15 14:47:28 ID: 241, Data: 9C1512001501DD08, Celsius: 21, A: +0.18, rev/s: +0.769,  rev: +6.303
2024/04/15 14:47:28 ID: 241, Data: 9C1542001500E608, Celsius: 21, A: +0.66, rev/s: +0.058,  rev: +6.328
2024/04/15 14:47:28 ID: 241, Data: 9C150B00A900F208, Celsius: 21, A: +0.11, rev/s: +0.469,  rev: +6.361
2024/04/15 14:47:28 ID: 241, Data: 9C1519001900FE08, Celsius: 21, A: +0.25, rev/s: +0.069,  rev: +6.394
2024/04/15 14:47:28 ID: 241, Data: 9C1522004D000709, Celsius: 21, A: +0.34, rev/s: +0.214,  rev: +6.419
2024/04/15 14:47:29 ID: 241, Data: 9C150100B2001409, Celsius: 21, A: +0.01, rev/s: +0.494,  rev: +6.456
2024/04/15 14:47:29 ID: 241, Data: 9C151F0052001D09, Celsius: 21, A: +0.31, rev/s: +0.228,  rev: +6.481
2024/04/15 14:47:29 ID: 241, Data: 9C151000DA002909, Celsius: 21, A: +0.16, rev/s: +0.606,  rev: +6.514
2024/04/15 14:47:29 ID: 241, Data: 9C151F0047003509, Celsius: 21, A: +0.31, rev/s: +0.197,  rev: +6.547
2024/04/15 14:47:29 ID: 241, Data: 9C151F0046004009, Celsius: 21, A: +0.31, rev/s: +0.194,  rev: +6.578
2024/04/15 14:47:29 ID: 241, Data: 9C15F5FF03014C09, Celsius: 21, A: -0.11, rev/s: +0.719,  rev: +6.611
2024/04/15 14:47:29 ID: 241, Data: 9C1511003F005609, Celsius: 21, A: +0.17, rev/s: +0.175,  rev: +6.639
2024/04/15 14:47:29 ID: 241, Data: 9C15190085006009, Celsius: 21, A: +0.25, rev/s: +0.369,  rev: +6.667
2024/04/15 14:47:29 ID: 241, Data: 9C15280061006C09, Celsius: 21, A: +0.40, rev/s: +0.269,  rev: +6.700
2024/04/15 14:47:30 ID: 241, Data: 9C15A90087007309, Celsius: 21, A: +1.69, rev/s: +0.375,  rev: +6.719
2024/04/15 14:47:30 ID: 241, Data: 9C151B022C007809, Celsius: 21, A: +5.39, rev/s: +0.122,  rev: +6.733
2024/04/15 14:47:30 ID: 241, Data: 9C15BF03F8FF7A09, Celsius: 21, A: +9.59, rev/s: -0.022,  rev: +6.739
2024/04/15 14:47:30 ID: 241, Data: 9C15C80300007A09, Celsius: 21, A: +9.68, rev/s: +0.000,  rev: +6.739
2024/04/15 14:47:30 ID: 241, Data: 9C15D3031A007A09, Celsius: 21, A: +9.79, rev/s: +0.072,  rev: +6.739
2024/04/15 14:47:30 ID: 241, Data: 9C15DE0304007B09, Celsius: 21, A: +9.90, rev/s: +0.011,  rev: +6.742
2024/04/15 14:47:30 ID: 241, Data: 9C15F4032A007B09, Celsius: 21, A: +10.12, rev/s: +0.117,  rev: +6.742
2024/04/15 14:47:30 ID: 241, Data: 9C1513041E007B09, Celsius: 21, A: +10.43, rev/s: +0.083,  rev: +6.742
2024/04/15 14:47:30 ID: 241, Data: 9C151D0411007B09, Celsius: 21, A: +10.53, rev/s: +0.047,  rev: +6.742
2024/04/15 14:47:30 ID: 241, Data: 9C15F0032E007C09, Celsius: 21, A: +10.08, rev/s: +0.128,  rev: +6.744
2024/04/15 14:47:31 ID: 241, Data: 9C15E50312007C09, Celsius: 21, A: +9.97, rev/s: +0.050,  rev: +6.744
2024/04/15 14:47:31 ID: 241, Data: 9C15D70301007C09, Celsius: 21, A: +9.83, rev/s: +0.003,  rev: +6.744
2024/04/15 14:47:31 ID: 241, Data: 9C15D103FEFF7C09, Celsius: 21, A: +9.77, rev/s: -0.006,  rev: +6.744
2024/04/15 14:47:31 ID: 241, Data: 9C16CC03F5FF7C09, Celsius: 22, A: +9.72, rev/s: -0.031,  rev: +6.744
2024/04/15 14:47:31 ID: 241, Data: 9C16C00302007C09, Celsius: 22, A: +9.60, rev/s: +0.006,  rev: +6.744
2024/04/15 14:47:31 ID: 241, Data: 9C16C00301007C09, Celsius: 22, A: +9.60, rev/s: +0.003,  rev: +6.744
2024/04/15 14:47:31 ID: 241, Data: 9C16BB0307007C09, Celsius: 22, A: +9.55, rev/s: +0.019,  rev: +6.744
2024/04/15 14:47:31 ID: 241, Data: 9C16B80300007C09, Celsius: 22, A: +9.52, rev/s: +0.000,  rev: +6.744
2024/04/15 14:47:31 ID: 241, Data: 9C16B103EAFF7C09, Celsius: 22, A: +9.45, rev/s: -0.061,  rev: +6.744
2024/04/15 14:47:31 ID: 241, Data: 9C16AF03FCFF7C09, Celsius: 22, A: +9.43, rev/s: -0.011,  rev: +6.744
2024/04/15 14:47:32 ID: 241, Data: 9C16AB0313007C09, Celsius: 22, A: +9.39, rev/s: +0.053,  rev: +6.744
2024/04/15 14:47:32 ID: 241, Data: 9C16AE03F0FF7C09, Celsius: 22, A: +9.42, rev/s: -0.044,  rev: +6.744
2024/04/15 14:47:32 ID: 241, Data: 9C17A60303007C09, Celsius: 23, A: +9.34, rev/s: +0.008,  rev: +6.744
2024/04/15 14:47:32 ID: 241, Data: 9C17A503FAFF7C09, Celsius: 23, A: +9.33, rev/s: -0.017,  rev: +6.744
2024/04/15 14:47:32 ID: 241, Data: 9C179D03EFFF7C09, Celsius: 23, A: +9.25, rev/s: -0.047,  rev: +6.744
2024/04/15 14:47:32 ID: 241, Data: 9C17A00300007C09, Celsius: 23, A: +9.28, rev/s: +0.000,  rev: +6.744
2024/04/15 14:47:32 ID: 241, Data: 9C179B030A007C09, Celsius: 23, A: +9.23, rev/s: +0.028,  rev: +6.744
2024/04/15 14:47:32 ID: 241, Data: 9C1796031A007C09, Celsius: 23, A: +9.18, rev/s: +0.072,  rev: +6.744
2024/04/15 14:47:32 ID: 241, Data: 9C179503FDFF7C09, Celsius: 23, A: +9.17, rev/s: -0.008,  rev: +6.744
2024/04/15 14:47:33 ID: 241, Data: 9C1792031B007C09, Celsius: 23, A: +9.14, rev/s: +0.075,  rev: +6.744
2024/04/15 14:47:33 ID: 241, Data: 9C179203E8FF7C09, Celsius: 23, A: +9.14, rev/s: -0.067,  rev: +6.744
2024/04/15 14:47:33 ID: 241, Data: 9C178903FDFF7C09, Celsius: 23, A: +9.05, rev/s: -0.008,  rev: +6.744
2024/04/15 14:47:33 ID: 241, Data: 9C178E03F0FF7C09, Celsius: 23, A: +9.10, rev/s: -0.044,  rev: +6.744
2024/04/15 14:47:33 ID: 241, Data: 9C178E030F007D09, Celsius: 23, A: +9.10, rev/s: +0.042,  rev: +6.747
2024/04/15 14:47:33 ID: 241, Data: 9C1786031D007D09, Celsius: 23, A: +9.02, rev/s: +0.081,  rev: +6.747
2024/04/15 14:47:33 ID: 241, Data: 9C17870306007D09, Celsius: 23, A: +9.03, rev/s: +0.017,  rev: +6.747
2024/04/15 14:47:33 ID: 241, Data: 9C17840300007D09, Celsius: 23, A: +9.00, rev/s: +0.000,  rev: +6.747
2024/04/15 14:47:33 ID: 241, Data: 9C178303EEFF7D09, Celsius: 23, A: +8.99, rev/s: -0.050,  rev: +6.747
2024/04/15 14:47:33 ID: 241, Data: 9C178103F8FF7D09, Celsius: 23, A: +8.97, rev/s: -0.022,  rev: +6.747
2024/04/15 14:47:34 ID: 241, Data: 9C177F0304007D09, Celsius: 23, A: +8.95, rev/s: +0.011,  rev: +6.747
2024/04/15 14:47:34 ID: 241, Data: 9C178003FFFF7D09, Celsius: 23, A: +8.96, rev/s: -0.003,  rev: +6.747
2024/04/15 14:47:34 ID: 241, Data: 9C177E0305007D09, Celsius: 23, A: +8.94, rev/s: +0.014,  rev: +6.747
2024/04/15 14:47:34 ID: 241, Data: 9C177C030D007D09, Celsius: 23, A: +8.92, rev/s: +0.036,  rev: +6.747
2024/04/15 14:47:34 ID: 241, Data: 9C177B0311007D09, Celsius: 23, A: +8.91, rev/s: +0.047,  rev: +6.747
2024/04/15 14:47:34 ID: 241, Data: 9C187C03EAFF7D09, Celsius: 24, A: +8.92, rev/s: -0.061,  rev: +6.747
2024/04/15 14:47:34 ID: 241, Data: 9C18750302007D09, Celsius: 24, A: +8.85, rev/s: +0.006,  rev: +6.747
2024/04/15 14:47:34 ID: 241, Data: 9C18740317007D09, Celsius: 24, A: +8.84, rev/s: +0.064,  rev: +6.747
2024/04/15 14:47:34 ID: 241, Data: 9C18710300007D09, Celsius: 24, A: +8.81, rev/s: +0.000,  rev: +6.747
2024/04/15 14:47:34 ID: 241, Data: 9C177303F3FF7D09, Celsius: 23, A: +8.83, rev/s: -0.036,  rev: +6.747
2024/04/15 14:47:35 ID: 241, Data: 9C177403F8FF7D09, Celsius: 23, A: +8.84, rev/s: -0.022,  rev: +6.747
2024/04/15 14:47:35 ID: 241, Data: 9C187303DDFF7D09, Celsius: 24, A: +8.83, rev/s: -0.097,  rev: +6.747
2024/04/15 14:47:35 ID: 241, Data: 9C186C03F1FF7D09, Celsius: 24, A: +8.76, rev/s: -0.042,  rev: +6.747
2024/04/15 14:47:35 ID: 241, Data: 9C186E030D007D09, Celsius: 24, A: +8.78, rev/s: +0.036,  rev: +6.747
2024/04/15 14:47:35 ID: 241, Data: 9C186E03ECFF7D09, Celsius: 24, A: +8.78, rev/s: -0.056,  rev: +6.747
2024/04/15 14:47:35 ID: 241, Data: 9C186F03FAFF7D09, Celsius: 24, A: +8.79, rev/s: -0.017,  rev: +6.747
2024/04/15 14:47:35 ID: 241, Data: 9C186D03EBFF7D09, Celsius: 24, A: +8.77, rev/s: -0.058,  rev: +6.747
2024/04/15 14:47:35 ID: 241, Data: 9C1867030E007D09, Celsius: 24, A: +8.71, rev/s: +0.039,  rev: +6.747
2024/04/15 14:47:35 ID: 241, Data: 9C1868030E007D09, Celsius: 24, A: +8.72, rev/s: +0.039,  rev: +6.747
2024/04/15 14:47:35 ID: 241, Data: 9C186703E6FF7D09, Celsius: 24, A: +8.71, rev/s: -0.072,  rev: +6.747
2024/04/15 14:47:36 ID: 241, Data: 9C186403DEFF7D09, Celsius: 24, A: +8.68, rev/s: -0.094,  rev: +6.747
2024/04/15 14:47:36 ID: 241, Data: 9C1863030B007D09, Celsius: 24, A: +8.67, rev/s: +0.031,  rev: +6.747
2024/04/15 14:47:36 ID: 241, Data: 9C18640311007D09, Celsius: 24, A: +8.68, rev/s: +0.047,  rev: +6.747
2024/04/15 14:47:36 ID: 241, Data: 9C1862031E007D09, Celsius: 24, A: +8.66, rev/s: +0.083,  rev: +6.747
2024/04/15 14:47:36 ID: 241, Data: 9C186503EFFF7D09, Celsius: 24, A: +8.69, rev/s: -0.047,  rev: +6.747
2024/04/15 14:47:36 ID: 241, Data: 9C185F03F3FF7D09, Celsius: 24, A: +8.63, rev/s: -0.036,  rev: +6.747
2024/04/15 14:47:36 ID: 241, Data: 9C185F030A007D09, Celsius: 24, A: +8.63, rev/s: +0.028,  rev: +6.747
2024/04/15 14:47:36 ID: 241, Data: 9C185F03E7FF7D09, Celsius: 24, A: +8.63, rev/s: -0.069,  rev: +6.747
2024/04/15 14:47:36 ID: 241, Data: 9C185E03FBFF7D09, Celsius: 24, A: +8.62, rev/s: -0.014,  rev: +6.747
2024/04/15 14:47:37 ID: 241, Data: 9C185A03F1FF7D09, Celsius: 24, A: +8.58, rev/s: -0.042,  rev: +6.747
2024/04/15 14:47:37 ID: 241, Data: 9C185D03F6FF7D09, Celsius: 24, A: +8.61, rev/s: -0.028,  rev: +6.747
2024/04/15 14:47:37 ID: 241, Data: 9C185E0310007D09, Celsius: 24, A: +8.62, rev/s: +0.044,  rev: +6.747
2024/04/15 14:47:37 ID: 241, Data: 9C185903DFFF7D09, Celsius: 24, A: +8.57, rev/s: -0.092,  rev: +6.747
2024/04/15 14:47:37 ID: 241, Data: 9C185A03EFFF7D09, Celsius: 24, A: +8.58, rev/s: -0.047,  rev: +6.747
2024/04/15 14:47:37 ID: 241, Data: 9C18590318007D09, Celsius: 24, A: +8.57, rev/s: +0.067,  rev: +6.747
2024/04/15 14:47:37 ID: 241, Data: 9C185703FDFF7D09, Celsius: 24, A: +8.55, rev/s: -0.008,  rev: +6.747
2024/04/15 14:47:37 ID: 241, Data: 9C18560302007D09, Celsius: 24, A: +8.54, rev/s: +0.006,  rev: +6.747
2024/04/15 14:47:37 ID: 241, Data: 9C18560308007D09, Celsius: 24, A: +8.54, rev/s: +0.022,  rev: +6.747
2024/04/15 14:47:37 ID: 241, Data: 9C185503DFFF7D09, Celsius: 24, A: +8.53, rev/s: -0.092,  rev: +6.747
2024/04/15 14:47:38 ID: 241, Data: 9C185503ECFF7D09, Celsius: 24, A: +8.53, rev/s: -0.056,  rev: +6.747
2024/04/15 14:47:38 ID: 241, Data: 9C18540317007D09, Celsius: 24, A: +8.52, rev/s: +0.064,  rev: +6.747
2024/04/15 14:47:38 ID: 241, Data: 9C185303F6FF7D09, Celsius: 24, A: +8.51, rev/s: -0.028,  rev: +6.747
2024/04/15 14:47:38 ID: 241, Data: 9C18530314007D09, Celsius: 24, A: +8.51, rev/s: +0.056,  rev: +6.747
2024/04/15 14:47:38 ID: 241, Data: 9C1850030E007D09, Celsius: 24, A: +8.48, rev/s: +0.039,  rev: +6.747
2024/04/15 14:47:38 ID: 241, Data: 9C18530307007D09, Celsius: 24, A: +8.51, rev/s: +0.019,  rev: +6.747
2024/04/15 14:47:38 ID: 241, Data: 9C185003FEFF7D09, Celsius: 24, A: +8.48, rev/s: -0.006,  rev: +6.747
2024/04/15 14:47:38 ID: 241, Data: 9C184C031B007D09, Celsius: 24, A: +8.44, rev/s: +0.075,  rev: +6.747
2024/04/15 14:47:38 ID: 241, Data: 9C184E03FDFF7D09, Celsius: 24, A: +8.46, rev/s: -0.008,  rev: +6.747
2024/04/15 14:47:38 ID: 241, Data: 9C184E03F8FF7D09, Celsius: 24, A: +8.46, rev/s: -0.022,  rev: +6.747
2024/04/15 14:47:39 ID: 241, Data: 9C184C0312007D09, Celsius: 24, A: +8.44, rev/s: +0.050,  rev: +6.747
2024/04/15 14:47:39 ID: 241, Data: 9C184C03F7FF7D09, Celsius: 24, A: +8.44, rev/s: -0.025,  rev: +6.747
2024/04/15 14:47:39 ID: 241, Data: 9C184B03FBFF7D09, Celsius: 24, A: +8.43, rev/s: -0.014,  rev: +6.747
2024/04/15 14:47:39 ID: 241, Data: 9C184B03F7FF7D09, Celsius: 24, A: +8.43, rev/s: -0.025,  rev: +6.747
2024/04/15 14:47:39 ID: 241, Data: 9C184A03FBFF7D09, Celsius: 24, A: +8.42, rev/s: -0.014,  rev: +6.747
2024/04/15 14:47:39 ID: 241, Data: 9C184A03FAFF7D09, Celsius: 24, A: +8.42, rev/s: -0.017,  rev: +6.747
2024/04/15 14:47:39 ID: 241, Data: 9C184903FFFF7D09, Celsius: 24, A: +8.41, rev/s: -0.003,  rev: +6.747
2024/04/15 14:47:39 ID: 241, Data: 9C184803F1FF7D09, Celsius: 24, A: +8.40, rev/s: -0.042,  rev: +6.747
2024/04/15 14:47:39 ID: 241, Data: 9C1847030E007D09, Celsius: 24, A: +8.39, rev/s: +0.039,  rev: +6.747
2024/04/15 14:47:39 ID: 241, Data: 9C184603FDFF7D09, Celsius: 24, A: +8.38, rev/s: -0.008,  rev: +6.747
2024/04/15 14:47:40 ID: 241, Data: 9C1845030C007D09, Celsius: 24, A: +8.37, rev/s: +0.033,  rev: +6.747
2024/04/15 14:47:40 ID: 241, Data: 9C1845030F007D09, Celsius: 24, A: +8.37, rev/s: +0.042,  rev: +6.747
2024/04/15 14:47:40 ID: 241, Data: 9C18450307007D09, Celsius: 24, A: +8.37, rev/s: +0.019,  rev: +6.747
2024/04/15 14:47:40 ID: 241, Data: 9C1842031D007D09, Celsius: 24, A: +8.34, rev/s: +0.081,  rev: +6.747
2024/04/15 14:47:40 ID: 241, Data: 9C184103FBFF7D09, Celsius: 24, A: +8.33, rev/s: -0.014,  rev: +6.747
2024/04/15 14:47:40 ID: 241, Data: 9C184203F7FF7D09, Celsius: 24, A: +8.34, rev/s: -0.025,  rev: +6.747
2024/04/15 14:47:40 ID: 241, Data: 9C184203EBFF7D09, Celsius: 24, A: +8.34, rev/s: -0.058,  rev: +6.747
2024/04/15 14:47:40 ID: 241, Data: 9C184003ECFF7D09, Celsius: 24, A: +8.32, rev/s: -0.056,  rev: +6.747
2024/04/15 14:47:40 ID: 241, Data: 9C183F03E5FF7D09, Celsius: 24, A: +8.31, rev/s: -0.075,  rev: +6.747
2024/04/15 14:47:41 ID: 241, Data: 9C18400304007D09, Celsius: 24, A: +8.32, rev/s: +0.011,  rev: +6.747
2024/04/15 14:47:41 ID: 241, Data: 9C183F03F6FF7D09, Celsius: 24, A: +8.31, rev/s: -0.028,  rev: +6.747
2024/04/15 14:47:41 ID: 241, Data: 9C184203FCFF7D09, Celsius: 24, A: +8.34, rev/s: -0.011,  rev: +6.747
2024/04/15 14:47:41 ID: 241, Data: 9C183E030F007D09, Celsius: 24, A: +8.30, rev/s: +0.042,  rev: +6.747
2024/04/15 14:47:41 ID: 241, Data: 9C183C0310007D09, Celsius: 24, A: +8.28, rev/s: +0.044,  rev: +6.747
2024/04/15 14:47:41 ID: 241, Data: 9C183D0319007D09, Celsius: 24, A: +8.29, rev/s: +0.069,  rev: +6.747
2024/04/15 14:47:41 ID: 241, Data: 9C183B031A007D09, Celsius: 24, A: +8.27, rev/s: +0.072,  rev: +6.747
2024/04/15 14:47:41 ID: 241, Data: 9C183A03F8FF7D09, Celsius: 24, A: +8.26, rev/s: -0.022,  rev: +6.747
2024/04/15 14:47:41 ID: 241, Data: 9C183C03FBFF7D09, Celsius: 24, A: +8.28, rev/s: -0.014,  rev: +6.747
2024/04/15 14:47:41 ID: 241, Data: 9C18390308007D09, Celsius: 24, A: +8.25, rev/s: +0.022,  rev: +6.747
2024/04/15 14:47:42 ID: 241, Data: 9C183B0308007D09, Celsius: 24, A: +8.27, rev/s: +0.022,  rev: +6.747
2024/04/15 14:47:42 ID: 241, Data: 9C18370302007D09, Celsius: 24, A: +8.23, rev/s: +0.006,  rev: +6.747
2024/04/15 14:47:42 ID: 241, Data: 9C183603FDFF7D09, Celsius: 24, A: +8.22, rev/s: -0.008,  rev: +6.747
2024/04/15 14:47:42 ID: 241, Data: 9C18380312007D09, Celsius: 24, A: +8.24, rev/s: +0.050,  rev: +6.747
2024/04/15 14:47:42 ID: 241, Data: 9C18380300007D09, Celsius: 24, A: +8.24, rev/s: +0.000,  rev: +6.747
2024/04/15 14:47:42 ID: 241, Data: 9C18370312007D09, Celsius: 24, A: +8.23, rev/s: +0.050,  rev: +6.747
2024/04/15 14:47:42 ID: 241, Data: 9C183803E0FF7D09, Celsius: 24, A: +8.24, rev/s: -0.089,  rev: +6.747
2024/04/15 14:47:42 ID: 241, Data: 9C18370319007D09, Celsius: 24, A: +8.23, rev/s: +0.069,  rev: +6.747
2024/04/15 14:47:42 ID: 241, Data: 9C183503F1FF7D09, Celsius: 24, A: +8.21, rev/s: -0.042,  rev: +6.747
2024/04/15 14:47:42 ID: 241, Data: 9C183803F2FF7D09, Celsius: 24, A: +8.24, rev/s: -0.039,  rev: +6.747
2024/04/15 14:47:43 ID: 241, Data: 9C18380314007D09, Celsius: 24, A: +8.24, rev/s: +0.056,  rev: +6.747
2024/04/15 14:47:43 ID: 241, Data: 9C183303FFFF7D09, Celsius: 24, A: +8.19, rev/s: -0.003,  rev: +6.747
2024/04/15 14:47:43 ID: 241, Data: 9C183303F4FF7D09, Celsius: 24, A: +8.19, rev/s: -0.033,  rev: +6.747
2024/04/15 14:47:43 ID: 241, Data: 9C18330316007D09, Celsius: 24, A: +8.19, rev/s: +0.061,  rev: +6.747
2024/04/15 14:47:43 ID: 241, Data: 9C1831030E007D09, Celsius: 24, A: +8.17, rev/s: +0.039,  rev: +6.747
2024/04/15 14:47:43 ID: 241, Data: 9C183303F6FF7D09, Celsius: 24, A: +8.19, rev/s: -0.028,  rev: +6.747
2024/04/15 14:47:43 ID: 241, Data: 9C18330310007D09, Celsius: 24, A: +8.19, rev/s: +0.044,  rev: +6.747
2024/04/15 14:47:43 ID: 241, Data: 9C183203EFFF7D09, Celsius: 24, A: +8.18, rev/s: -0.047,  rev: +6.747
2024/04/15 14:47:43 ID: 241, Data: 9C18330308007D09, Celsius: 24, A: +8.19, rev/s: +0.022,  rev: +6.747
2024/04/15 14:47:43 ID: 241, Data: 9C183103E4FF7D09, Celsius: 24, A: +8.17, rev/s: -0.078,  rev: +6.747
2024/04/15 14:47:44 ID: 241, Data: 9C182F0301007D09, Celsius: 24, A: +8.15, rev/s: +0.003,  rev: +6.747
2024/04/15 14:47:44 ID: 241, Data: 9C18310300007D09, Celsius: 24, A: +8.17, rev/s: +0.000,  rev: +6.747
2024/04/15 14:47:44 ID: 241, Data: 9C182D03F5FF7D09, Celsius: 24, A: +8.13, rev/s: -0.031,  rev: +6.747
2024/04/15 14:47:44 ID: 241, Data: 9C182F0309007D09, Celsius: 24, A: +8.15, rev/s: +0.025,  rev: +6.747
2024/04/15 14:47:44 ID: 241, Data: 9C182F030D007D09, Celsius: 24, A: +8.15, rev/s: +0.036,  rev: +6.747
2024/04/15 14:47:44 ID: 241, Data: 9C182F03EAFF7D09, Celsius: 24, A: +8.15, rev/s: -0.061,  rev: +6.747
2024/04/15 14:47:44 ID: 241, Data: 9C182E0314007D09, Celsius: 24, A: +8.14, rev/s: +0.056,  rev: +6.747
2024/04/15 14:47:44 ID: 241, Data: 9C182D0309007D09, Celsius: 24, A: +8.13, rev/s: +0.025,  rev: +6.747
2024/04/15 14:47:44 ID: 241, Data: 9C182D03FFFF7D09, Celsius: 24, A: +8.13, rev/s: -0.003,  rev: +6.747
2024/04/15 14:47:45 ID: 241, Data: 9C182E03E6FF7D09, Celsius: 24, A: +8.14, rev/s: -0.072,  rev: +6.747
2024/04/15 14:47:45 ID: 241, Data: 9C182A03F8FF7D09, Celsius: 24, A: +8.10, rev/s: -0.022,  rev: +6.747
2024/04/15 14:47:45 ID: 241, Data: 9C182C03F3FF7D09, Celsius: 24, A: +8.12, rev/s: -0.036,  rev: +6.747
2024/04/15 14:47:45 ID: 241, Data: 9C182C03FBFF7D09, Celsius: 24, A: +8.12, rev/s: -0.014,  rev: +6.747
2024/04/15 14:47:45 ID: 241, Data: 9C182B03F7FF7D09, Celsius: 24, A: +8.11, rev/s: -0.025,  rev: +6.747
2024/04/15 14:47:45 ID: 241, Data: 9C182A0302007D09, Celsius: 24, A: +8.10, rev/s: +0.006,  rev: +6.747
2024/04/15 14:47:45 ID: 241, Data: 9C182A030E007D09, Celsius: 24, A: +8.10, rev/s: +0.039,  rev: +6.747
2024/04/15 14:47:45 ID: 241, Data: 9C182703FFFF7D09, Celsius: 24, A: +8.07, rev/s: -0.003,  rev: +6.747
2024/04/15 14:47:45 ID: 241, Data: 9C18280302007D09, Celsius: 24, A: +8.08, rev/s: +0.006,  rev: +6.747
2024/04/15 14:47:45 ID: 241, Data: 9C182703FEFF7D09, Celsius: 24, A: +8.07, rev/s: -0.006,  rev: +6.747
2024/04/15 14:47:46 ID: 241, Data: 9C18290315007D09, Celsius: 24, A: +8.09, rev/s: +0.058,  rev: +6.747
2024/04/15 14:47:46 ID: 241, Data: 9C182603FDFF7D09, Celsius: 24, A: +8.06, rev/s: -0.008,  rev: +6.747
2024/04/15 14:47:46 ID: 241, Data: 9C182803E9FF7D09, Celsius: 24, A: +8.08, rev/s: -0.064,  rev: +6.747
2024/04/15 14:47:46 ID: 241, Data: 9C18280307007D09, Celsius: 24, A: +8.08, rev/s: +0.019,  rev: +6.747
2024/04/15 14:47:46 ID: 241, Data: 9C182403F9FF7D09, Celsius: 24, A: +8.04, rev/s: -0.019,  rev: +6.747
2024/04/15 14:47:46 ID: 241, Data: 9C1824031F007D09, Celsius: 24, A: +8.04, rev/s: +0.086,  rev: +6.747
2024/04/15 14:47:46 ID: 241, Data: 9C1826030D007D09, Celsius: 24, A: +8.06, rev/s: +0.036,  rev: +6.747
2024/04/15 14:47:46 ID: 241, Data: 9C1827030A007D09, Celsius: 24, A: +8.07, rev/s: +0.028,  rev: +6.747
2024/04/15 14:47:46 ID: 241, Data: 9C182703FDFF7D09, Celsius: 24, A: +8.07, rev/s: -0.008,  rev: +6.747
2024/04/15 14:47:46 ID: 241, Data: 9C18220304007D09, Celsius: 24, A: +8.02, rev/s: +0.011,  rev: +6.747
2024/04/15 14:47:47 ID: 241, Data: 9C18240304007D09, Celsius: 24, A: +8.04, rev/s: +0.011,  rev: +6.747
2024/04/15 14:47:47 ID: 241, Data: 9C19210300007D09, Celsius: 25, A: +8.01, rev/s: +0.000,  rev: +6.747
2024/04/15 14:47:47 ID: 241, Data: 9C182203F7FF7D09, Celsius: 24, A: +8.02, rev/s: -0.025,  rev: +6.747
2024/04/15 14:47:47 ID: 241, Data: 9C182503E1FF7D09, Celsius: 24, A: +8.05, rev/s: -0.086,  rev: +6.747
2024/04/15 14:47:47 ID: 241, Data: 9C192203F4FF7D09, Celsius: 25, A: +8.02, rev/s: -0.033,  rev: +6.747
2024/04/15 14:47:47 ID: 241, Data: 9C182303F1FF7D09, Celsius: 24, A: +8.03, rev/s: -0.042,  rev: +6.747
2024/04/15 14:47:47 ID: 241, Data: 9C182203E1FF7D09, Celsius: 24, A: +8.02, rev/s: -0.086,  rev: +6.747
2024/04/15 14:47:47 ID: 241, Data: 9C1921031B007D09, Celsius: 25, A: +8.01, rev/s: +0.075,  rev: +6.747
2024/04/15 14:47:47 ID: 241, Data: 9C181F0306007D09, Celsius: 24, A: +7.99, rev/s: +0.017,  rev: +6.747
2024/04/15 14:47:48 ID: 241, Data: 9C192003FEFF7D09, Celsius: 25, A: +8.00, rev/s: -0.006,  rev: +6.747
2024/04/15 14:47:48 ID: 241, Data: 9C191F0306007D09, Celsius: 25, A: +7.99, rev/s: +0.017,  rev: +6.747
2024/04/15 14:47:48 ID: 241, Data: 9C191E030A007D09, Celsius: 25, A: +7.98, rev/s: +0.028,  rev: +6.747
2024/04/15 14:47:48 ID: 241, Data: 9C18200305007D09, Celsius: 24, A: +8.00, rev/s: +0.014,  rev: +6.747
2024/04/15 14:47:48 ID: 241, Data: 9C191F0312007D09, Celsius: 25, A: +7.99, rev/s: +0.050,  rev: +6.747
2024/04/15 14:47:48 ID: 241, Data: 9C191F03EBFF7D09, Celsius: 25, A: +7.99, rev/s: -0.058,  rev: +6.747
2024/04/15 14:47:48 ID: 241, Data: 9C191C03F1FF7D09, Celsius: 25, A: +7.96, rev/s: -0.042,  rev: +6.747
2024/04/15 14:47:48 ID: 241, Data: 9C191F0309007D09, Celsius: 25, A: +7.99, rev/s: +0.025,  rev: +6.747
2024/04/15 14:47:48 ID: 241, Data: 9C191E03FFFF7D09, Celsius: 25, A: +7.98, rev/s: -0.003,  rev: +6.747
2024/04/15 14:47:48 ID: 241, Data: 9C191F0303007D09, Celsius: 25, A: +7.99, rev/s: +0.008,  rev: +6.747
2024/04/15 14:47:49 ID: 241, Data: 9C191F030B007D09, Celsius: 25, A: +7.99, rev/s: +0.031,  rev: +6.747
2024/04/15 14:47:49 ID: 241, Data: 9C191E03F3FF7D09, Celsius: 25, A: +7.98, rev/s: -0.036,  rev: +6.747
2024/04/15 14:47:49 ID: 241, Data: 9C191C0303007D09, Celsius: 25, A: +7.96, rev/s: +0.008,  rev: +6.747
2024/04/15 14:47:49 ID: 241, Data: 9C191B03FFFF7D09, Celsius: 25, A: +7.95, rev/s: -0.003,  rev: +6.747
2024/04/15 14:47:49 ID: 241, Data: 9C191C03F4FF7D09, Celsius: 25, A: +7.96, rev/s: -0.033,  rev: +6.747
2024/04/15 14:47:49 ID: 241, Data: 9C191A0305007D09, Celsius: 25, A: +7.94, rev/s: +0.014,  rev: +6.747
2024/04/15 14:47:49 ID: 241, Data: 9C191A0300007D09, Celsius: 25, A: +7.94, rev/s: +0.000,  rev: +6.747
2024/04/15 14:47:49 ID: 241, Data: 9C191C03E8FF7D09, Celsius: 25, A: +7.96, rev/s: -0.067,  rev: +6.747
2024/04/15 14:47:49 ID: 241, Data: 9C191A0308007D09, Celsius: 25, A: +7.94, rev/s: +0.022,  rev: +6.747
2024/04/15 14:47:49 ID: 241, Data: 9C191A0300007D09, Celsius: 25, A: +7.94, rev/s: +0.000,  rev: +6.747
2024/04/15 14:47:50 ID: 241, Data: 9C191903FDFF7D09, Celsius: 25, A: +7.93, rev/s: -0.008,  rev: +6.747
2024/04/15 14:47:50 ID: 241, Data: 9C191803EAFF7D09, Celsius: 25, A: +7.92, rev/s: -0.061,  rev: +6.747
2024/04/15 14:47:50 ID: 241, Data: 9C191903F7FF7D09, Celsius: 25, A: +7.93, rev/s: -0.025,  rev: +6.747
2024/04/15 14:47:50 ID: 241, Data: 9C191603F9FF7D09, Celsius: 25, A: +7.90, rev/s: -0.019,  rev: +6.747
2024/04/15 14:47:50 ID: 241, Data: 9C191703F8FF7D09, Celsius: 25, A: +7.91, rev/s: -0.022,  rev: +6.747
2024/04/15 14:47:50 ID: 241, Data: 9C191703FDFF7D09, Celsius: 25, A: +7.91, rev/s: -0.008,  rev: +6.747
2024/04/15 14:47:50 ID: 241, Data: 9C19190313007D09, Celsius: 25, A: +7.93, rev/s: +0.053,  rev: +6.747
2024/04/15 14:47:50 ID: 241, Data: 9C19160304007D09, Celsius: 25, A: +7.90, rev/s: +0.011,  rev: +6.747
2024/04/15 14:47:50 ID: 241, Data: 9C1916031C007D09, Celsius: 25, A: +7.90, rev/s: +0.078,  rev: +6.747
2024/04/15 14:47:50 ID: 241, Data: 9C191703FDFF7D09, Celsius: 25, A: +7.91, rev/s: -0.008,  rev: +6.747
2024/04/15 14:47:51 ID: 241, Data: 9C19170309007D09, Celsius: 25, A: +7.91, rev/s: +0.025,  rev: +6.747
2024/04/15 14:47:51 ID: 241, Data: 9C191603EDFF7D09, Celsius: 25, A: +7.90, rev/s: -0.053,  rev: +6.747
2024/04/15 14:47:51 ID: 241, Data: 9C19150303007D09, Celsius: 25, A: +7.89, rev/s: +0.008,  rev: +6.747
2024/04/15 14:47:51 ID: 241, Data: 9C19160312007D09, Celsius: 25, A: +7.90, rev/s: +0.050,  rev: +6.747
2024/04/15 14:47:51 ID: 241, Data: 9C191403EAFF7D09, Celsius: 25, A: +7.88, rev/s: -0.061,  rev: +6.747
2024/04/15 14:47:51 ID: 241, Data: 9C19140305007D09, Celsius: 25, A: +7.88, rev/s: +0.014,  rev: +6.747
2024/04/15 14:47:51 ID: 241, Data: 9C191503F4FF7D09, Celsius: 25, A: +7.89, rev/s: -0.033,  rev: +6.747
2024/04/15 14:47:51 ID: 241, Data: 9C191503ECFF7D09, Celsius: 25, A: +7.89, rev/s: -0.056,  rev: +6.747
2024/04/15 14:47:51 ID: 241, Data: 9C191403F7FF7D09, Celsius: 25, A: +7.88, rev/s: -0.025,  rev: +6.747
2024/04/15 14:47:52 ID: 241, Data: 9C191203EFFF7D09, Celsius: 25, A: +7.86, rev/s: -0.047,  rev: +6.747
2024/04/15 14:47:52 ID: 241, Data: 9C1912030F007D09, Celsius: 25, A: +7.86, rev/s: +0.042,  rev: +6.747
2024/04/15 14:47:52 ID: 241, Data: 9C1A13030A007D09, Celsius: 26, A: +7.87, rev/s: +0.028,  rev: +6.747
2024/04/15 14:47:52 ID: 241, Data: 9C191203F8FF7D09, Celsius: 25, A: +7.86, rev/s: -0.022,  rev: +6.747
2024/04/15 14:47:52 ID: 241, Data: 9C1A130319007D09, Celsius: 26, A: +7.87, rev/s: +0.069,  rev: +6.747
2024/04/15 14:47:52 ID: 241, Data: 9C1A1303F1FF7D09, Celsius: 26, A: +7.87, rev/s: -0.042,  rev: +6.747
2024/04/15 14:47:52 ID: 241, Data: 9C1A110310007D09, Celsius: 26, A: +7.85, rev/s: +0.044,  rev: +6.747
2024/04/15 14:47:52 ID: 241, Data: 9C19110300007D09, Celsius: 25, A: +7.85, rev/s: +0.000,  rev: +6.747
2024/04/15 14:47:52 ID: 241, Data: 9C1A1303FBFF7D09, Celsius: 26, A: +7.87, rev/s: -0.014,  rev: +6.747
2024/04/15 14:47:52 ID: 241, Data: 9C1A1403FFFF7D09, Celsius: 26, A: +7.88, rev/s: -0.003,  rev: +6.747
2024/04/15 14:47:53 ID: 241, Data: 9C1A100301007D09, Celsius: 26, A: +7.84, rev/s: +0.003,  rev: +6.747
2024/04/15 14:47:53 ID: 241, Data: 9C1A100303007D09, Celsius: 26, A: +7.84, rev/s: +0.008,  rev: +6.747
2024/04/15 14:47:53 ID: 241, Data: 9C1A120306007D09, Celsius: 26, A: +7.86, rev/s: +0.017,  rev: +6.747
2024/04/15 14:47:53 ID: 241, Data: 9C19100305007D09, Celsius: 25, A: +7.84, rev/s: +0.014,  rev: +6.747
2024/04/15 14:47:53 ID: 241, Data: 9C1A1003F0FF7D09, Celsius: 26, A: +7.84, rev/s: -0.044,  rev: +6.747
2024/04/15 14:47:53 ID: 241, Data: 9C1A1003FBFF7D09, Celsius: 26, A: +7.84, rev/s: -0.014,  rev: +6.747
2024/04/15 14:47:53 ID: 241, Data: 9C1A110300007D09, Celsius: 26, A: +7.85, rev/s: +0.000,  rev: +6.747
2024/04/15 14:47:53 ID: 241, Data: 9C1A110301007D09, Celsius: 26, A: +7.85, rev/s: +0.003,  rev: +6.747
2024/04/15 14:47:53 ID: 241, Data: 9C1A0F0303007D09, Celsius: 26, A: +7.83, rev/s: +0.008,  rev: +6.747
2024/04/15 14:47:53 ID: 241, Data: 9C1A0F0303007D09, Celsius: 26, A: +7.83, rev/s: +0.008,  rev: +6.747
2024/04/15 14:47:54 ID: 241, Data: 9C1A0E03EBFF7D09, Celsius: 26, A: +7.82, rev/s: -0.058,  rev: +6.747
2024/04/15 14:47:54 ID: 241, Data: 9C1A0E03F1FF7D09, Celsius: 26, A: +7.82, rev/s: -0.042,  rev: +6.747
2024/04/15 14:47:54 ID: 241, Data: 9C1A0F03FBFF7D09, Celsius: 26, A: +7.83, rev/s: -0.014,  rev: +6.747
2024/04/15 14:47:54 ID: 241, Data: 9C1A0F030E007D09, Celsius: 26, A: +7.83, rev/s: +0.039,  rev: +6.747
2024/04/15 14:47:54 ID: 241, Data: 9C1A0E030D007D09, Celsius: 26, A: +7.82, rev/s: +0.036,  rev: +6.747
2024/04/15 14:47:54 ID: 241, Data: 9C1A0C03FEFF7D09, Celsius: 26, A: +7.80, rev/s: -0.006,  rev: +6.747
2024/04/15 14:47:54 ID: 241, Data: 9C1A0E0302007D09, Celsius: 26, A: +7.82, rev/s: +0.006,  rev: +6.747
2024/04/15 14:47:54 ID: 241, Data: 9C1A0E03F3FF7D09, Celsius: 26, A: +7.82, rev/s: -0.036,  rev: +6.747
2024/04/15 14:47:54 ID: 241, Data: 9C1A0B03FAFF7D09, Celsius: 26, A: +7.79, rev/s: -0.017,  rev: +6.747
2024/04/15 14:47:54 ID: 241, Data: 9C1A0D0301007D09, Celsius: 26, A: +7.81, rev/s: +0.003,  rev: +6.747
2024/04/15 14:47:55 ID: 241, Data: 9C1A0D03EEFF7D09, Celsius: 26, A: +7.81, rev/s: -0.050,  rev: +6.747
2024/04/15 14:47:55 ID: 241, Data: 9C1A0C030B007D09, Celsius: 26, A: +7.80, rev/s: +0.031,  rev: +6.747
2024/04/15 14:47:55 ID: 241, Data: 9C1A0B0300007D09, Celsius: 26, A: +7.79, rev/s: +0.000,  rev: +6.747
2024/04/15 14:47:55 ID: 241, Data: 9C1A0E03E7FF7D09, Celsius: 26, A: +7.82, rev/s: -0.069,  rev: +6.747
2024/04/15 14:47:55 ID: 241, Data: 9C1A0D0302007D09, Celsius: 26, A: +7.81, rev/s: +0.006,  rev: +6.747
2024/04/15 14:47:55 ID: 241, Data: 9C1A0B03EFFF7D09, Celsius: 26, A: +7.79, rev/s: -0.047,  rev: +6.747
2024/04/15 14:47:55 ID: 241, Data: 9C1A0B0307007D09, Celsius: 26, A: +7.79, rev/s: +0.019,  rev: +6.747
2024/04/15 14:47:55 ID: 241, Data: 9C1A0B03E4FF7D09, Celsius: 26, A: +7.79, rev/s: -0.078,  rev: +6.747
2024/04/15 14:47:55 ID: 241, Data: 9C1A0C0310007D09, Celsius: 26, A: +7.80, rev/s: +0.044,  rev: +6.747
2024/04/15 14:47:56 ID: 241, Data: 9C1A0903F8FF7D09, Celsius: 26, A: +7.77, rev/s: -0.022,  rev: +6.747
2024/04/15 14:47:56 ID: 241, Data: 9C1A0B03F3FF7D09, Celsius: 26, A: +7.79, rev/s: -0.036,  rev: +6.747
2024/04/15 14:47:56 ID: 241, Data: 9C1A0A03F5FF7D09, Celsius: 26, A: +7.78, rev/s: -0.031,  rev: +6.747
2024/04/15 14:47:56 ID: 241, Data: 9C1A09030C007D09, Celsius: 26, A: +7.77, rev/s: +0.033,  rev: +6.747
2024/04/15 14:47:56 ID: 241, Data: 9C1A0903DFFF7D09, Celsius: 26, A: +7.77, rev/s: -0.092,  rev: +6.747
2024/04/15 14:47:56 ID: 241, Data: 9C1A0A0306007D09, Celsius: 26, A: +7.78, rev/s: +0.017,  rev: +6.747
2024/04/15 14:47:56 ID: 241, Data: 9C1A0B03EEFF7D09, Celsius: 26, A: +7.79, rev/s: -0.050,  rev: +6.747
