2024/04/15 14:49:20 ID: 241, Data: 9C32CB02F2FF7D09, Celsius: 50, A: +7.15, rev/s: -0.039,  rev: +6.747
2024/04/15 14:49:21 ID: 241, Data: 9C31CA0203007D09, Celsius: 49, A: +7.14, rev/s: +0.008,  rev: +6.747
2024/04/15 14:49:21 ID: 241, Data: 9C32CA02FDFF7D09, Celsius: 50, A: +7.14, rev/s: -0.008,  rev: +6.747
2024/04/15 14:49:21 ID: 241, Data: 9C32EAFF1BFE6C09, Celsius: 50, A: -0.22, rev/s: -1.347,  rev: +6.700
2024/04/15 14:49:21 ID: 241, Data: 9C32E5FF47FF5009, Celsius: 50, A: -0.27, rev/s: -0.514,  rev: +6.622
2024/04/15 14:49:21 ID: 241, Data: 9C32F7FF47FF4009, Celsius: 50, A: -0.09, rev/s: -0.514,  rev: +6.578
2024/04/15 14:49:21 ID: 241, Data: 9C32C9FFB3FF3609, Celsius: 50, A: -0.55, rev/s: -0.214,  rev: +6.550
2024/04/15 14:49:21 ID: 241, Data: 9C32F3FF2EFF2909, Celsius: 50, A: -0.13, rev/s: -0.583,  rev: +6.514
2024/04/15 14:49:21 ID: 241, Data: 9C32D1FFC1FF1F09, Celsius: 50, A: -0.47, rev/s: -0.175,  rev: +6.486
2024/04/15 14:49:21 ID: 241, Data: 9C32E9FF52FF1409, Celsius: 50, A: -0.23, rev/s: -0.483,  rev: +6.456
2024/04/15 14:49:21 ID: 241, Data: 9C32D4FFD0FF0909, Celsius: 50, A: -0.44, rev/s: -0.133,  rev: +6.425
2024/04/15 14:49:22 ID: 241, Data: 9C32DEFFD2FFFE08, Celsius: 50, A: -0.34, rev/s: -0.128,  rev: +6.394
2024/04/15 14:49:22 ID: 241, Data: 9C32F9FF72FFF208, Celsius: 50, A: -0.07, rev/s: -0.394,  rev: +6.361
2024/04/15 14:49:22 ID: 241, Data: 9C32D0FFDDFFE708, Celsius: 50, A: -0.48, rev/s: -0.097,  rev: +6.331
2024/04/15 14:49:22 ID: 241, Data: 9C32CCFF52FFDE08, Celsius: 50, A: -0.52, rev/s: -0.483,  rev: +6.306
2024/04/15 14:49:22 ID: 241, Data: 9C32E7FF2EFFD008, Celsius: 50, A: -0.25, rev/s: -0.583,  rev: +6.267
2024/04/15 14:49:22 ID: 241, Data: 9C32AAFFE0FFC808, Celsius: 50, A: -0.86, rev/s: -0.089,  rev: +6.244
2024/04/15 14:49:22 ID: 241, Data: 9C32E5FFF1FEBB08, Celsius: 50, A: -0.27, rev/s: -0.753,  rev: +6.208
2024/04/15 14:49:22 ID: 241, Data: 9C32BEFFDAFFAF08, Celsius: 50, A: -0.66, rev/s: -0.106,  rev: +6.175
2024/04/15 14:49:22 ID: 241, Data: 9C32BFFFC9FFA608, Celsius: 50, A: -0.65, rev/s: -0.153,  rev: +6.150
2024/04/15 14:49:23 ID: 241, Data: 9C32F1FF6FFF9808, Celsius: 50, A: -0.15, rev/s: -0.403,  rev: +6.111
2024/04/15 14:49:23 ID: 241, Data: 9C32CBFFDBFF8F08, Celsius: 50, A: -0.53, rev/s: -0.103,  rev: +6.086
2024/04/15 14:49:23 ID: 241, Data: 9C32DAFF68FF8508, Celsius: 50, A: -0.38, rev/s: -0.422,  rev: +6.058
2024/04/15 14:49:23 ID: 241, Data: 9C33E4FFB1FF7808, Celsius: 51, A: -0.28, rev/s: -0.219,  rev: +6.022
2024/04/15 14:49:23 ID: 241, Data: 9C32D6FFC4FF6F08, Celsius: 50, A: -0.42, rev/s: -0.167,  rev: +5.997
2024/04/15 14:49:23 ID: 241, Data: 9C32F9FF54FF6308, Celsius: 50, A: -0.07, rev/s: -0.478,  rev: +5.964
2024/04/15 14:49:23 ID: 241, Data: 9C33ECFFE9FF5708, Celsius: 51, A: -0.20, rev/s: -0.064,  rev: +5.931
2024/04/15 14:49:23 ID: 241, Data: 9C32D9FF84FF4E08, Celsius: 50, A: -0.39, rev/s: -0.344,  rev: +5.906
2024/04/15 14:49:23 ID: 241, Data: 9C32ECFF47FF4108, Celsius: 50, A: -0.20, rev/s: -0.514,  rev: +5.869
2024/04/15 14:49:23 ID: 241, Data: 9C33D1FED4FF3E08, Celsius: 51, A: -3.03, rev/s: -0.122,  rev: +5.861
2024/04/15 14:49:24 ID: 241, Data: 9C320CFDFFFF3B08, Celsius: 50, A: -7.56, rev/s: -0.003,  rev: +5.853
2024/04/15 14:49:24 ID: 241, Data: 9C32FBFCF3FF3B08, Celsius: 50, A: -7.73, rev/s: -0.036,  rev: +5.853
2024/04/15 14:49:24 ID: 241, Data: 9C32F2FC15003B08, Celsius: 50, A: -7.82, rev/s: +0.058,  rev: +5.853
2024/04/15 14:49:24 ID: 241, Data: 9C32F3FC08003B08, Celsius: 50, A: -7.81, rev/s: +0.022,  rev: +5.853
2024/04/15 14:49:24 ID: 241, Data: 9C32EDFC01003B08, Celsius: 50, A: -7.87, rev/s: +0.003,  rev: +5.853
2024/04/15 14:49:24 ID: 241, Data: 9C32EAFCF4FF3B08, Celsius: 50, A: -7.90, rev/s: -0.033,  rev: +5.853
2024/04/15 14:49:24 ID: 241, Data: 9C32EBFCF4FF3A08, Celsius: 50, A: -7.89, rev/s: -0.033,  rev: +5.850
2024/04/15 14:49:24 ID: 241, Data: 9C32E8FCF3FF3A08, Celsius: 50, A: -7.92, rev/s: -0.036,  rev: +5.850
2024/04/15 14:49:24 ID: 241, Data: 9C32E7FC07003A08, Celsius: 50, A: -7.93, rev/s: +0.019,  rev: +5.850
2024/04/15 14:49:24 ID: 241, Data: 9C32E5FC00003A08, Celsius: 50, A: -7.95, rev/s: +0.000,  rev: +5.850
2024/04/15 14:49:25 ID: 241, Data: 9C33E3FCFAFF3A08, Celsius: 51, A: -7.97, rev/s: -0.017,  rev: +5.850
2024/04/15 14:49:25 ID: 241, Data: 9C32E3FC0E003A08, Celsius: 50, A: -7.97, rev/s: +0.039,  rev: +5.850
2024/04/15 14:49:25 ID: 241, Data: 9C33E1FC0E003A08, Celsius: 51, A: -7.99, rev/s: +0.039,  rev: +5.850
2024/04/15 14:49:25 ID: 241, Data: 9C33E0FC05003A08, Celsius: 51, A: -8.00, rev/s: +0.014,  rev: +5.850
2024/04/15 14:49:25 ID: 241, Data: 9C33DCFC15003A08, Celsius: 51, A: -8.04, rev/s: +0.058,  rev: +5.850
2024/04/15 14:49:25 ID: 241, Data: 9C33DDFCF7FF3A08, Celsius: 51, A: -8.03, rev/s: -0.025,  rev: +5.850
2024/04/15 14:49:25 ID: 241, Data: 9C33DBFC22003A08, Celsius: 51, A: -8.05, rev/s: +0.094,  rev: +5.850
2024/04/15 14:49:25 ID: 241, Data: 9C33DDFC01003A08, Celsius: 51, A: -8.03, rev/s: +0.003,  rev: +5.850
2024/04/15 14:49:25 ID: 241, Data: 9C33E1FCF5FF3A08, Celsius: 51, A: -7.99, rev/s: -0.031,  rev: +5.850
2024/04/15 14:49:25 ID: 241, Data: 9C33DAFC04003A08, Celsius: 51, A: -8.06, rev/s: +0.011,  rev: +5.850
2024/04/15 14:49:26 ID: 241, Data: 9C33D8FCF7FF3A08, Celsius: 51, A: -8.08, rev/s: -0.025,  rev: +5.850
2024/04/15 14:49:26 ID: 241, Data: 9C33DCFC08003A08, Celsius: 51, A: -8.04, rev/s: +0.022,  rev: +5.850
2024/04/15 14:49:26 ID: 241, Data: 9C33D6FCF3FF3A08, Celsius: 51, A: -8.10, rev/s: -0.036,  rev: +5.850
2024/04/15 14:49:26 ID: 241, Data: 9C33DAFCFCFF3A08, Celsius: 51, A: -8.06, rev/s: -0.011,  rev: +5.850
2024/04/15 14:49:26 ID: 241, Data: 9C34D2FCEDFF3A08, Celsius: 52, A: -8.14, rev/s: -0.053,  rev: +5.850
2024/04/15 14:49:26 ID: 241, Data: 9C34D3FC02003A08, Celsius: 52, A: -8.13, rev/s: +0.006,  rev: +5.850
2024/04/15 14:49:26 ID: 241, Data: 9C34D8FCEEFF3A08, Celsius: 52, A: -8.08, rev/s: -0.050,  rev: +5.850
2024/04/15 14:49:26 ID: 241, Data: 9C34D4FC10003A08, Celsius: 52, A: -8.12, rev/s: +0.044,  rev: +5.850
2024/04/15 14:49:26 ID: 241, Data: 9C34D8FC0B003A08, Celsius: 52, A: -8.08, rev/s: +0.031,  rev: +5.850
2024/04/15 14:49:27 ID: 241, Data: 9C34D4FCF6FF3A08, Celsius: 52, A: -8.12, rev/s: -0.028,  rev: +5.850
2024/04/15 14:49:27 ID: 241, Data: 9C34D2FC1A003A08, Celsius: 52, A: -8.14, rev/s: +0.072,  rev: +5.850
2024/04/15 14:49:27 ID: 241, Data: 9C34D4FC06003A08, Celsius: 52, A: -8.12, rev/s: +0.017,  rev: +5.850
2024/04/15 14:49:27 ID: 241, Data: 9C34D6FCEFFF3A08, Celsius: 52, A: -8.10, rev/s: -0.047,  rev: +5.850
2024/04/15 14:49:27 ID: 241, Data: 9C34D2FC05003A08, Celsius: 52, A: -8.14, rev/s: +0.014,  rev: +5.850
2024/04/15 14:49:27 ID: 241, Data: 9C34D2FCFFFF3A08, Celsius: 52, A: -8.14, rev/s: -0.003,  rev: +5.850
2024/04/15 14:49:27 ID: 241, Data: 9C34D2FCFFFF3A08, Celsius: 52, A: -8.14, rev/s: -0.003,  rev: +5.850
2024/04/15 14:49:27 ID: 241, Data: 9C35CFFCF5FF3A08, Celsius: 53, A: -8.17, rev/s: -0.031,  rev: +5.850
2024/04/15 14:49:27 ID: 241, Data: 9C35D0FC14003A08, Celsius: 53, A: -8.16, rev/s: +0.056,  rev: +5.850
2024/04/15 14:49:27 ID: 241, Data: 9C35CEFCE9FF3A08, Celsius: 53, A: -8.18, rev/s: -0.064,  rev: +5.850
2024/04/15 14:49:28 ID: 241, Data: 9C35D2FC0F003A08, Celsius: 53, A: -8.14, rev/s: +0.042,  rev: +5.850
2024/04/15 14:49:28 ID: 241, Data: 9C35CBFC03003A08, Celsius: 53, A: -8.21, rev/s: +0.008,  rev: +5.850
2024/04/15 14:49:28 ID: 241, Data: 9C35CFFCF1FF3A08, Celsius: 53, A: -8.17, rev/s: -0.042,  rev: +5.850
2024/04/15 14:49:28 ID: 241, Data: 9C35CDFC07003A08, Celsius: 53, A: -8.19, rev/s: +0.019,  rev: +5.850
2024/04/15 14:49:28 ID: 241, Data: 9C35CDFC08003A08, Celsius: 53, A: -8.19, rev/s: +0.022,  rev: +5.850
2024/04/15 14:49:28 ID: 241, Data: 9C35CFFC01003A08, Celsius: 53, A: -8.17, rev/s: +0.003,  rev: +5.850
2024/04/15 14:49:28 ID: 241, Data: 9C35CCFC07003A08, Celsius: 53, A: -8.20, rev/s: +0.019,  rev: +5.850
2024/04/15 14:49:28 ID: 241, Data: 9C36CCFC09003A08, Celsius: 54, A: -8.20, rev/s: +0.025,  rev: +5.850
2024/04/15 14:49:28 ID: 241, Data: 9C36CCFC00003A08, Celsius: 54, A: -8.20, rev/s: +0.000,  rev: +5.850
2024/04/15 14:49:28 ID: 241, Data: 9C36CCFC03003A08, Celsius: 54, A: -8.20, rev/s: +0.008,  rev: +5.850
2024/04/15 14:49:29 ID: 241, Data: 9C36CCFC09003A08, Celsius: 54, A: -8.20, rev/s: +0.025,  rev: +5.850
2024/04/15 14:49:29 ID: 241, Data: 9C36C9FCFAFF3A08, Celsius: 54, A: -8.23, rev/s: -0.017,  rev: +5.850
2024/04/15 14:49:29 ID: 241, Data: 9C36C7FCFFFF3A08, Celsius: 54, A: -8.25, rev/s: -0.003,  rev: +5.850
2024/04/15 14:49:29 ID: 241, Data: 9C36C6FC00003A08, Celsius: 54, A: -8.26, rev/s: +0.000,  rev: +5.850
2024/04/15 14:49:29 ID: 241, Data: 9C36CAFCF1FF3A08, Celsius: 54, A: -8.22, rev/s: -0.042,  rev: +5.850
2024/04/15 14:49:29 ID: 241, Data: 9C36CAFC00003A08, Celsius: 54, A: -8.22, rev/s: +0.000,  rev: +5.850
2024/04/15 14:49:29 ID: 241, Data: 9C36CAFCECFF3A08, Celsius: 54, A: -8.22, rev/s: -0.056,  rev: +5.850
2024/04/15 14:49:29 ID: 241, Data: 9C37C3FCF6FF3A08, Celsius: 55, A: -8.29, rev/s: -0.028,  rev: +5.850
2024/04/15 14:49:29 ID: 241, Data: 9C37C9FCFCFF3A08, Celsius: 55, A: -8.23, rev/s: -0.011,  rev: +5.850
2024/04/15 14:49:29 ID: 241, Data: 9C37C8FCF7FF3A08, Celsius: 55, A: -8.24, rev/s: -0.025,  rev: +5.850
2024/04/15 14:49:30 ID: 241, Data: 9C37C6FCFAFF3A08, Celsius: 55, A: -8.26, rev/s: -0.017,  rev: +5.850
2024/04/15 14:49:30 ID: 241, Data: 9C37CDFCFBFF3A08, Celsius: 55, A: -8.19, rev/s: -0.014,  rev: +5.850
2024/04/15 14:49:30 ID: 241, Data: 9C37C4FCFAFF3A08, Celsius: 55, A: -8.28, rev/s: -0.017,  rev: +5.850
2024/04/15 14:49:30 ID: 241, Data: 9C37C4FCF2FF3A08, Celsius: 55, A: -8.28, rev/s: -0.039,  rev: +5.850
2024/04/15 14:49:30 ID: 241, Data: 9C37C4FC04003A08, Celsius: 55, A: -8.28, rev/s: +0.011,  rev: +5.850
2024/04/15 14:49:30 ID: 241, Data: 9C37C8FCF5FF3A08, Celsius: 55, A: -8.24, rev/s: -0.031,  rev: +5.850
2024/04/15 14:49:30 ID: 241, Data: 9C38C5FCFAFF3A08, Celsius: 56, A: -8.27, rev/s: -0.017,  rev: +5.850
2024/04/15 14:49:30 ID: 241, Data: 9C38C4FC07003A08, Celsius: 56, A: -8.28, rev/s: +0.019,  rev: +5.850
2024/04/15 14:49:30 ID: 241, Data: 9C38C2FC0B003A08, Celsius: 56, A: -8.30, rev/s: +0.031,  rev: +5.850
2024/04/15 14:49:31 ID: 241, Data: 9C38C5FC00003A08, Celsius: 56, A: -8.27, rev/s: +0.000,  rev: +5.850
2024/04/15 14:49:31 ID: 241, Data: 9C38C5FC06003A08, Celsius: 56, A: -8.27, rev/s: +0.017,  rev: +5.850
2024/04/15 14:49:31 ID: 241, Data: 9C38C1FC02003A08, Celsius: 56, A: -8.31, rev/s: +0.006,  rev: +5.850
2024/04/15 14:49:31 ID: 241, Data: 9C38BEFC01003A08, Celsius: 56, A: -8.34, rev/s: +0.003,  rev: +5.850
2024/04/15 14:49:31 ID: 241, Data: 9C39C1FCFDFF3A08, Celsius: 57, A: -8.31, rev/s: -0.008,  rev: +5.850
2024/04/15 14:49:31 ID: 241, Data: 9C39C3FC02003A08, Celsius: 57, A: -8.29, rev/s: +0.006,  rev: +5.850
2024/04/15 14:49:31 ID: 241, Data: 9C39C2FCEEFF3A08, Celsius: 57, A: -8.30, rev/s: -0.050,  rev: +5.850
2024/04/15 14:49:31 ID: 241, Data: 9C39C3FCE4FF3A08, Celsius: 57, A: -8.29, rev/s: -0.078,  rev: +5.850
2024/04/15 14:49:31 ID: 241, Data: 9C39C2FCFFFF3A08, Celsius: 57, A: -8.30, rev/s: -0.003,  rev: +5.850
2024/04/15 14:49:31 ID: 241, Data: 9C39C0FCFCFF3A08, Celsius: 57, A: -8.32, rev/s: -0.011,  rev: +5.850
2024/04/15 14:49:32 ID: 241, Data: 9C39C1FCF6FF3A08, Celsius: 57, A: -8.31, rev/s: -0.028,  rev: +5.850
2024/04/15 14:49:32 ID: 241, Data: 9C39C3FC16003A08, Celsius: 57, A: -8.29, rev/s: +0.061,  rev: +5.850
2024/04/15 14:49:32 ID: 241, Data: 9C39C1FCEDFF3A08, Celsius: 57, A: -8.31, rev/s: -0.053,  rev: +5.850
2024/04/15 14:49:32 ID: 241, Data: 9C39C3FC14003A08, Celsius: 57, A: -8.29, rev/s: +0.056,  rev: +5.850
2024/04/15 14:49:32 ID: 241, Data: 9C3AC1FCFDFF3A08, Celsius: 58, A: -8.31, rev/s: -0.008,  rev: +5.850
2024/04/15 14:49:32 ID: 241, Data: 9C3AC2FC13003A08, Celsius: 58, A: -8.30, rev/s: +0.053,  rev: +5.850
2024/04/15 14:49:32 ID: 241, Data: 9C3AC1FC07003A08, Celsius: 58, A: -8.31, rev/s: +0.019,  rev: +5.850
2024/04/15 14:49:32 ID: 241, Data: 9C3AC1FCF4FF3A08, Celsius: 58, A: -8.31, rev/s: -0.033,  rev: +5.850
2024/04/15 14:49:32 ID: 241, Data: 9C3AC2FC09003A08, Celsius: 58, A: -8.30, rev/s: +0.025,  rev: +5.850
2024/04/15 14:49:32 ID: 241, Data: 9C3AC3FC03003A08, Celsius: 58, A: -8.29, rev/s: +0.008,  rev: +5.850
2024/04/15 14:49:33 ID: 241, Data: 9C3AC4FC00003A08, Celsius: 58, A: -8.28, rev/s: +0.000,  rev: +5.850
2024/04/15 14:49:33 ID: 241, Data: 9C3AC3FC0B003A08, Celsius: 58, A: -8.29, rev/s: +0.031,  rev: +5.850
2024/04/15 14:49:33 ID: 241, Data: 9C3AC5FCFFFF3A08, Celsius: 58, A: -8.27, rev/s: -0.003,  rev: +5.850
2024/04/15 14:49:33 ID: 241, Data: 9C3AC4FC0F003A08, Celsius: 58, A: -8.28, rev/s: +0.042,  rev: +5.850
2024/04/15 14:49:33 ID: 241, Data: 9C3AC4FC05003A08, Celsius: 58, A: -8.28, rev/s: +0.014,  rev: +5.850
2024/04/15 14:49:33 ID: 241, Data: 9C3BC4FCFAFF3A08, Celsius: 59, A: -8.28, rev/s: -0.017,  rev: +5.850
2024/04/15 14:49:33 ID: 241, Data: 9C3BCAFCF2FF3A08, Celsius: 59, A: -8.22, rev/s: -0.039,  rev: +5.850
2024/04/15 14:49:33 ID: 241, Data: 9C3BCCFCFEFF3A08, Celsius: 59, A: -8.20, rev/s: -0.006,  rev: +5.850
2024/04/15 14:49:33 ID: 241, Data: 9C3BC8FCF7FF3A08, Celsius: 59, A: -8.24, rev/s: -0.025,  rev: +5.850
2024/04/15 14:49:33 ID: 241, Data: 9C3BCCFC0C003A08, Celsius: 59, A: -8.20, rev/s: +0.033,  rev: +5.850
2024/04/15 14:49:34 ID: 241, Data: 9C3BCBFCFEFF3A08, Celsius: 59, A: -8.21, rev/s: -0.006,  rev: +5.850
2024/04/15 14:49:34 ID: 241, Data: 9C3BCEFC02003A08, Celsius: 59, A: -8.18, rev/s: +0.006,  rev: +5.850
2024/04/15 14:49:34 ID: 241, Data: 9C3BCFFCFDFF3A08, Celsius: 59, A: -8.17, rev/s: -0.008,  rev: +5.850
2024/04/15 14:49:34 ID: 241, Data: 9C3BCCFC01003A08, Celsius: 59, A: -8.20, rev/s: +0.003,  rev: +5.850
2024/04/15 14:49:34 ID: 241, Data: 9C3BD1FC01003A08, Celsius: 59, A: -8.15, rev/s: +0.003,  rev: +5.850
2024/04/15 14:49:34 ID: 241, Data: 9C3CD4FCF2FF3A08, Celsius: 60, A: -8.12, rev/s: -0.039,  rev: +5.850
2024/04/15 14:49:34 ID: 241, Data: 9C3CD0FCE6FF3A08, Celsius: 60, A: -8.16, rev/s: -0.072,  rev: +5.850
2024/04/15 14:49:34 ID: 241, Data: 9C3CD0FC0C003A08, Celsius: 60, A: -8.16, rev/s: +0.033,  rev: +5.850
2024/04/15 14:49:34 ID: 241, Data: 9C3CCEFCFEFF3A08, Celsius: 60, A: -8.18, rev/s: -0.006,  rev: +5.850
2024/04/15 14:49:35 ID: 241, Data: 9C3CD1FC0E003A08, Celsius: 60, A: -8.15, rev/s: +0.039,  rev: +5.850
2024/04/15 14:49:35 ID: 241, Data: 9C3CCEFC08003A08, Celsius: 60, A: -8.18, rev/s: +0.022,  rev: +5.850
2024/04/15 14:49:35 ID: 241, Data: 9C3CD1FCF6FF3A08, Celsius: 60, A: -8.15, rev/s: -0.028,  rev: +5.850
2024/04/15 14:49:35 ID: 241, Data: 9C3CD4FCF9FF3A08, Celsius: 60, A: -8.12, rev/s: -0.019,  rev: +5.850
2024/04/15 14:49:35 ID: 241, Data: 9C3CD0FCF4FF3A08, Celsius: 60, A: -8.16, rev/s: -0.033,  rev: +5.850
2024/04/15 14:49:35 ID: 241, Data: 9C3DD3FC02003A08, Celsius: 61, A: -8.13, rev/s: +0.006,  rev: +5.850
2024/04/15 14:49:35 ID: 241, Data: 9C3DD5FC18003A08, Celsius: 61, A: -8.11, rev/s: +0.067,  rev: +5.850
2024/04/15 14:49:35 ID: 241, Data: 9C3DD5FCEBFF3A08, Celsius: 61, A: -8.11, rev/s: -0.058,  rev: +5.850
2024/04/15 14:49:35 ID: 241, Data: 9C3DD7FC05003A08, Celsius: 61, A: -8.09, rev/s: +0.014,  rev: +5.850
2024/04/15 14:49:35 ID: 241, Data: 9C3DD7FC13003A08, Celsius: 61, A: -8.09, rev/s: +0.053,  rev: +5.850
2024/04/15 14:49:36 ID: 241, Data: 9C3DD5FCF8FF3A08, Celsius: 61, A: -8.11, rev/s: -0.022,  rev: +5.850
2024/04/15 14:49:36 ID: 241, Data: 9C3DD3FC04003A08, Celsius: 61, A: -8.13, rev/s: +0.011,  rev: +5.850
2024/04/15 14:49:36 ID: 241, Data: 9C3DD6FC0B003A08, Celsius: 61, A: -8.10, rev/s: +0.031,  rev: +5.850
2024/04/15 14:49:36 ID: 241, Data: 9C3ED8FC06003A08, Celsius: 62, A: -8.08, rev/s: +0.017,  rev: +5.850
2024/04/15 14:49:36 ID: 241, Data: 9C3DD4FC0C003A08, Celsius: 61, A: -8.12, rev/s: +0.033,  rev: +5.850
2024/04/15 14:49:36 ID: 241, Data: 9C3ED1FC0D003A08, Celsius: 62, A: -8.15, rev/s: +0.036,  rev: +5.850
2024/04/15 14:49:36 ID: 241, Data: 9C3ECFFCFCFF3A08, Celsius: 62, A: -8.17, rev/s: -0.011,  rev: +5.850
2024/04/15 14:49:36 ID: 241, Data: 9C3ED2FC02003A08, Celsius: 62, A: -8.14, rev/s: +0.006,  rev: +5.850
2024/04/15 14:49:36 ID: 241, Data: 9C3ED5FCFAFF3A08, Celsius: 62, A: -8.11, rev/s: -0.017,  rev: +5.850
2024/04/15 14:49:36 ID: 241, Data: 9C3ED5FC00003A08, Celsius: 62, A: -8.11, rev/s: +0.000,  rev: +5.850
2024/04/15 14:49:37 ID: 241, Data: 9C3ED7FCF6FF3A08, Celsius: 62, A: -8.09, rev/s: -0.028,  rev: +5.850
2024/04/15 14:49:37 ID: 241, Data: 9C3ED7FCE8FF3A08, Celsius: 62, A: -8.09, rev/s: -0.067,  rev: +5.850
2024/04/15 14:49:37 ID: 241, Data: 9C3ED7FCFAFF3A08, Celsius: 62, A: -8.09, rev/s: -0.017,  rev: +5.850
2024/04/15 14:49:37 ID: 241, Data: 9C3ED5FC08003A08, Celsius: 62, A: -8.11, rev/s: +0.022,  rev: +5.850
2024/04/15 14:49:37 ID: 241, Data: 9C3FD9FC0F003A08, Celsius: 63, A: -8.07, rev/s: +0.042,  rev: +5.850
2024/04/15 14:49:37 ID: 241, Data: 9C3EDCFCF7FF3A08, Celsius: 62, A: -8.04, rev/s: -0.025,  rev: +5.850
2024/04/15 14:49:37 ID: 241, Data: 9C3FDEFCFBFF3A08, Celsius: 63, A: -8.02, rev/s: -0.014,  rev: +5.850
2024/04/15 14:49:37 ID: 241, Data: 9C3FDCFC07003A08, Celsius: 63, A: -8.04, rev/s: +0.019,  rev: +5.850
2024/04/15 14:49:37 ID: 241, Data: 9C3FDCFC04003A08, Celsius: 63, A: -8.04, rev/s: +0.011,  rev: +5.850
2024/04/15 14:49:37 ID: 241, Data: 9C3FDCFC08003A08, Celsius: 63, A: -8.04, rev/s: +0.022,  rev: +5.850
2024/04/15 14:49:38 ID: 241, Data: 9C3FE0FCF9FF3A08, Celsius: 63, A: -8.00, rev/s: -0.019,  rev: +5.850
2024/04/15 14:49:38 ID: 241, Data: 9C3FDDFCF8FF3A08, Celsius: 63, A: -8.03, rev/s: -0.022,  rev: +5.850
2024/04/15 14:49:38 ID: 241, Data: 9C3FE3FC0B003A08, Celsius: 63, A: -7.97, rev/s: +0.031,  rev: +5.850
2024/04/15 14:49:38 ID: 241, Data: 9C3FDFFC03003A08, Celsius: 63, A: -8.01, rev/s: +0.008,  rev: +5.850
2024/04/15 14:49:38 ID: 241, Data: 9C3FDCFC00003A08, Celsius: 63, A: -8.04, rev/s: +0.000,  rev: +5.850
2024/04/15 14:49:38 ID: 241, Data: 9C3FE1FCFEFF3A08, Celsius: 63, A: -7.99, rev/s: -0.006,  rev: +5.850
2024/04/15 14:49:38 ID: 241, Data: 9C3FD7FCF7FF3A08, Celsius: 63, A: -8.09, rev/s: -0.025,  rev: +5.850
2024/04/15 14:49:38 ID: 241, Data: 9C40D0FC0B003A08, Celsius: 64, A: -8.16, rev/s: +0.031,  rev: +5.850
2024/04/15 14:49:38 ID: 241, Data: 9C40E2FCF2FF3A08, Celsius: 64, A: -7.98, rev/s: -0.039,  rev: +5.850
2024/04/15 14:49:39 ID: 241, Data: 9C40E5FCFCFF3A08, Celsius: 64, A: -7.95, rev/s: -0.011,  rev: +5.850
2024/04/15 14:49:39 ID: 241, Data: 9C40E2FC0A003A08, Celsius: 64, A: -7.98, rev/s: +0.028,  rev: +5.850
2024/04/15 14:49:39 ID: 241, Data: 9C40E6FC00003A08, Celsius: 64, A: -7.94, rev/s: +0.000,  rev: +5.850
2024/04/15 14:49:39 ID: 241, Data: 9C40E4FC08003A08, Celsius: 64, A: -7.96, rev/s: +0.022,  rev: +5.850
2024/04/15 14:49:39 ID: 241, Data: 9C40E4FCFEFF3A08, Celsius: 64, A: -7.96, rev/s: -0.006,  rev: +5.850
2024/04/15 14:49:39 ID: 241, Data: 9C40E2FC11003A08, Celsius: 64, A: -7.98, rev/s: +0.047,  rev: +5.850
2024/04/15 14:49:39 ID: 241, Data: 9C40E8FC02003A08, Celsius: 64, A: -7.92, rev/s: +0.006,  rev: +5.850
2024/04/15 14:49:39 ID: 241, Data: 9C40E7FCFBFF3A08, Celsius: 64, A: -7.93, rev/s: -0.014,  rev: +5.850
2024/04/15 14:49:39 ID: 241, Data: 9C40E5FC07003A08, Celsius: 64, A: -7.95, rev/s: +0.019,  rev: +5.850
2024/04/15 14:49:39 ID: 241, Data: 9C41E2FCFFFF3A08, Celsius: 65, A: -7.98, rev/s: -0.003,  rev: +5.850
2024/04/15 14:49:40 ID: 241, Data: 9C41E8FC14003A08, Celsius: 65, A: -7.92, rev/s: +0.056,  rev: +5.850
2024/04/15 14:49:40 ID: 241, Data: 9C41EBFCFAFF3A08, Celsius: 65, A: -7.89, rev/s: -0.017,  rev: +5.850
2024/04/15 14:49:40 ID: 241, Data: 9C41E8FCF2FF3A08, Celsius: 65, A: -7.92, rev/s: -0.039,  rev: +5.850
2024/04/15 14:49:40 ID: 241, Data: 9C41EAFC0D003A08, Celsius: 65, A: -7.90, rev/s: +0.036,  rev: +5.850
2024/04/15 14:49:40 ID: 241, Data: 9C41E9FCEAFF3A08, Celsius: 65, A: -7.91, rev/s: -0.061,  rev: +5.850
2024/04/15 14:49:40 ID: 241, Data: 9C41E9FC08003A08, Celsius: 65, A: -7.91, rev/s: +0.022,  rev: +5.850
2024/04/15 14:49:40 ID: 241, Data: 9C41EAFC0C003A08, Celsius: 65, A: -7.90, rev/s: +0.033,  rev: +5.850
2024/04/15 14:49:40 ID: 241, Data: 9C41EAFC0A003A08, Celsius: 65, A: -7.90, rev/s: +0.028,  rev: +5.850
2024/04/15 14:49:40 ID: 241, Data: 9C42E9FCFEFF3A08, Celsius: 66, A: -7.91, rev/s: -0.006,  rev: +5.850
2024/04/15 14:49:40 ID: 241, Data: 9C42EAFC12003A08, Celsius: 66, A: -7.90, rev/s: +0.050,  rev: +5.850
2024/04/15 14:49:41 ID: 241, Data: 9C42EFFC05003A08, Celsius: 66, A: -7.85, rev/s: +0.014,  rev: +5.850
2024/04/15 14:49:41 ID: 241, Data: 9C42EDFC02003A08, Celsius: 66, A: -7.87, rev/s: +0.006,  rev: +5.850
2024/04/15 14:49:41 ID: 241, Data: 9C42EFFCF9FF3A08, Celsius: 66, A: -7.85, rev/s: -0.019,  rev: +5.850
2024/04/15 14:49:41 ID: 241, Data: 9C42E8FC13003A08, Celsius: 66, A: -7.92, rev/s: +0.053,  rev: +5.850
2024/04/15 14:49:41 ID: 241, Data: 9C42EDFC0D003A08, Celsius: 66, A: -7.87, rev/s: +0.036,  rev: +5.850
2024/04/15 14:49:41 ID: 241, Data: 9C42EEFC04003A08, Celsius: 66, A: -7.86, rev/s: +0.011,  rev: +5.850
2024/04/15 14:49:41 ID: 241, Data: 9C42EFFCE2FF3A08, Celsius: 66, A: -7.85, rev/s: -0.083,  rev: +5.850
2024/04/15 14:49:41 ID: 241, Data: 9C42EFFC16003A08, Celsius: 66, A: -7.85, rev/s: +0.061,  rev: +5.850
2024/04/15 14:49:41 ID: 241, Data: 9C42EFFCFBFF3A08, Celsius: 66, A: -7.85, rev/s: -0.014,  rev: +5.850
2024/04/15 14:49:42 ID: 241, Data: 9C42EEFC01003A08, Celsius: 66, A: -7.86, rev/s: +0.003,  rev: +5.850
2024/04/15 14:49:42 ID: 241, Data: 9C42EFFCF0FF3A08, Celsius: 66, A: -7.85, rev/s: -0.044,  rev: +5.850
2024/04/15 14:49:42 ID: 241, Data: 9C43F1FC00003A08, Celsius: 67, A: -7.83, rev/s: +0.000,  rev: +5.850
2024/04/15 14:49:42 ID: 241, Data: 9C43EFFC03003A08, Celsius: 67, A: -7.85, rev/s: +0.008,  rev: +5.850
2024/04/15 14:49:42 ID: 241, Data: 9C43EBFC0A003A08, Celsius: 67, A: -7.89, rev/s: +0.028,  rev: +5.850
2024/04/15 14:49:42 ID: 241, Data: 9C43EAFC08003A08, Celsius: 67, A: -7.90, rev/s: +0.022,  rev: +5.850
2024/04/15 14:49:42 ID: 241, Data: 9C43EAFC08003A08, Celsius: 67, A: -7.90, rev/s: +0.022,  rev: +5.850
2024/04/15 14:49:42 ID: 241, Data: 9C43E8FCFDFF3A08, Celsius: 67, A: -7.92, rev/s: -0.008,  rev: +5.850
2024/04/15 14:49:42 ID: 241, Data: 9C43EBFC0F003A08, Celsius: 67, A: -7.89, rev/s: +0.042,  rev: +5.850
2024/04/15 14:49:42 ID: 241, Data: 9C43EBFC1B003A08, Celsius: 67, A: -7.89, rev/s: +0.075,  rev: +5.850
2024/04/15 14:49:43 ID: 241, Data: 9C43F0FCEFFF3A08, Celsius: 67, A: -7.84, rev/s: -0.047,  rev: +5.850
2024/04/15 14:49:43 ID: 241, Data: 9C44F2FC1A003A08, Celsius: 68, A: -7.82, rev/s: +0.072,  rev: +5.850
2024/04/15 14:49:43 ID: 241, Data: 9C44EFFCFDFF3A08, Celsius: 68, A: -7.85, rev/s: -0.008,  rev: +5.850
2024/04/15 14:49:43 ID: 241, Data: 9C44F1FCF8FF3A08, Celsius: 68, A: -7.83, rev/s: -0.022,  rev: +5.850
2024/04/15 14:49:43 ID: 241, Data: 9C44F6FCFBFF3A08, Celsius: 68, A: -7.78, rev/s: -0.014,  rev: +5.850
2024/04/15 14:49:43 ID: 241, Data: 9C44F4FCF7FF3A08, Celsius: 68, A: -7.80, rev/s: -0.025,  rev: +5.850
2024/04/15 14:49:43 ID: 241, Data: 9C44F1FC02003A08, Celsius: 68, A: -7.83, rev/s: +0.006,  rev: +5.850
2024/04/15 14:49:43 ID: 241, Data: 9C44F2FCFEFF3A08, Celsius: 68, A: -7.82, rev/s: -0.006,  rev: +5.850
2024/04/15 14:49:43 ID: 241, Data: 9C44F3FC00003A08, Celsius: 68, A: -7.81, rev/s: +0.000,  rev: +5.850
2024/04/15 14:49:43 ID: 241, Data: 9C44F3FC06003A08, Celsius: 68, A: -7.81, rev/s: +0.017,  rev: +5.850
2024/04/15 14:49:44 ID: 241, Data: 9C44F2FC00003A08, Celsius: 68, A: -7.82, rev/s: +0.000,  rev: +5.850
2024/04/15 14:49:44 ID: 241, Data: 9C44F1FC06003A08, Celsius: 68, A: -7.83, rev/s: +0.017,  rev: +5.850
2024/04/15 14:49:44 ID: 241, Data: 9C44ECFC02003A08, Celsius: 68, A: -7.88, rev/s: +0.006,  rev: +5.850
2024/04/15 14:49:44 ID: 241, Data: 9C44EBFC00003A08, Celsius: 68, A: -7.89, rev/s: +0.000,  rev: +5.850
2024/04/15 14:49:44 ID: 241, Data: 9C44E9FC10003A08, Celsius: 68, A: -7.91, rev/s: +0.044,  rev: +5.850
2024/04/15 14:49:44 ID: 241, Data: 9C44ECFCFBFF3A08, Celsius: 68, A: -7.88, rev/s: -0.014,  rev: +5.850
2024/04/15 14:49:44 ID: 241, Data: 9C44F9FC0E003A08, Celsius: 68, A: -7.75, rev/s: +0.039,  rev: +5.850
2024/04/15 14:49:44 ID: 241, Data: 9C45F7FC06003A08, Celsius: 69, A: -7.77, rev/s: +0.017,  rev: +5.850
2024/04/15 14:49:44 ID: 241, Data: 9C45F8FCFDFF3A08, Celsius: 69, A: -7.76, rev/s: -0.008,  rev: +5.850
2024/04/15 14:49:44 ID: 241, Data: 9C45F9FCF8FF3908, Celsius: 69, A: -7.75, rev/s: -0.022,  rev: +5.847
2024/04/15 14:49:45 ID: 241, Data: 9C45F4FCE7FF3908, Celsius: 69, A: -7.80, rev/s: -0.069,  rev: +5.847
2024/04/15 14:49:45 ID: 241, Data: 9C45F8FC09003A08, Celsius: 69, A: -7.76, rev/s: +0.025,  rev: +5.850
2024/04/15 14:49:45 ID: 241, Data: 9C45F7FC02003A08, Celsius: 69, A: -7.77, rev/s: +0.006,  rev: +5.850
2024/04/15 14:49:45 ID: 241, Data: 9C45FBFCFDFF3908, Celsius: 69, A: -7.73, rev/s: -0.008,  rev: +5.847
2024/04/15 14:49:45 ID: 241, Data: 9C45F8FC00003A08, Celsius: 69, A: -7.76, rev/s: +0.000,  rev: +5.850
2024/04/15 14:49:45 ID: 241, Data: 9C45F9FCFBFF3908, Celsius: 69, A: -7.75, rev/s: -0.014,  rev: +5.847
2024/04/15 14:49:45 ID: 241, Data: 9C45FBFCF4FF3908, Celsius: 69, A: -7.73, rev/s: -0.033,  rev: +5.847
2024/04/15 14:49:45 ID: 241, Data: 9C45FBFC04003908, Celsius: 69, A: -7.73, rev/s: +0.011,  rev: +5.847
2024/04/15 14:49:45 ID: 241, Data: 9C46F9FCF8FF3908, Celsius: 70, A: -7.75, rev/s: -0.022,  rev: +5.847
2024/04/15 14:49:46 ID: 241, Data: 9C45FFFCF6FF3908, Celsius: 69, A: -7.69, rev/s: -0.028,  rev: +5.847
2024/04/15 14:49:46 ID: 241, Data: 9C4601FDF9FF3908, Celsius: 70, A: -7.67, rev/s: -0.019,  rev: +5.847
2024/04/15 14:49:46 ID: 241, Data: 9C4601FDF3FF3908, Celsius: 70, A: -7.67, rev/s: -0.036,  rev: +5.847
2024/04/15 14:49:46 ID: 241, Data: 9C46FDFCF2FF3908, Celsius: 70, A: -7.71, rev/s: -0.039,  rev: +5.847
2024/04/15 14:49:46 ID: 241, Data: 9C46FBFCF7FF3908, Celsius: 70, A: -7.73, rev/s: -0.025,  rev: +5.847
2024/04/15 14:49:46 ID: 241, Data: 9C46F8FC0A003A08, Celsius: 70, A: -7.76, rev/s: +0.028,  rev: +5.850
2024/04/15 14:49:46 ID: 241, Data: 9C46FEFCFBFF3908, Celsius: 70, A: -7.70, rev/s: -0.014,  rev: +5.847
2024/04/15 14:49:46 ID: 241, Data: 9C4601FDFDFF3908, Celsius: 70, A: -7.67, rev/s: -0.008,  rev: +5.847
2024/04/15 14:49:46 ID: 241, Data: 9C46FDFC05003908, Celsius: 70, A: -7.71, rev/s: +0.014,  rev: +5.847
2024/04/15 14:49:46 ID: 241, Data: 9C47FFFC02003908, Celsius: 71, A: -7.69, rev/s: +0.006,  rev: +5.847
2024/04/15 14:49:47 ID: 241, Data: 9C4600FD0E003908, Celsius: 70, A: -7.68, rev/s: +0.039,  rev: +5.847
2024/04/15 14:49:47 ID: 241, Data: 9C4601FDF0FF3908, Celsius: 70, A: -7.67, rev/s: -0.044,  rev: +5.847
2024/04/15 14:49:47 ID: 241, Data: 9C47FDFC07003908, Celsius: 71, A: -7.71, rev/s: +0.019,  rev: +5.847
2024/04/15 14:49:47 ID: 241, Data: 9C4702FD03003908, Celsius: 71, A: -7.66, rev/s: +0.008,  rev: +5.847
2024/04/15 14:49:47 ID: 241, Data: 9C4700FD09003908, Celsius: 71, A: -7.68, rev/s: +0.025,  rev: +5.847
2024/04/15 14:49:47 ID: 241, Data: 9C47FCFC03003908, Celsius: 71, A: -7.72, rev/s: +0.008,  rev: +5.847
2024/04/15 14:49:47 ID: 241, Data: 9C4703FD04003908, Celsius: 71, A: -7.65, rev/s: +0.011,  rev: +5.847
2024/04/15 14:49:47 ID: 241, Data: 9C4701FDF9FF3908, Celsius: 71, A: -7.67, rev/s: -0.019,  rev: +5.847
2024/04/15 14:49:47 ID: 241, Data: 9C47FFFCEFFF3908, Celsius: 71, A: -7.69, rev/s: -0.047,  rev: +5.847
2024/04/15 14:49:47 ID: 241, Data: 9C4702FD05003908, Celsius: 71, A: -7.66, rev/s: +0.014,  rev: +5.847
2024/04/15 14:49:48 ID: 241, Data: 9C4704FD01003908, Celsius: 71, A: -7.64, rev/s: +0.003,  rev: +5.847
2024/04/15 14:49:48 ID: 241, Data: 9C4703FD07003908, Celsius: 71, A: -7.65, rev/s: +0.019,  rev: +5.847
2024/04/15 14:49:48 ID: 241, Data: 9C4801FD0C003908, Celsius: 72, A: -7.67, rev/s: +0.033,  rev: +5.847
2024/04/15 14:49:48 ID: 241, Data: 9C4801FDF6FF3908, Celsius: 72, A: -7.67, rev/s: -0.028,  rev: +5.847
2024/04/15 14:49:48 ID: 241, Data: 9C4800FD00003908, Celsius: 72, A: -7.68, rev/s: +0.000,  rev: +5.847
2024/04/15 14:49:48 ID: 241, Data: 9C4804FD0D003908, Celsius: 72, A: -7.64, rev/s: +0.036,  rev: +5.847
2024/04/15 14:49:48 ID: 241, Data: 9C4801FDFDFF3908, Celsius: 72, A: -7.67, rev/s: -0.008,  rev: +5.847
2024/04/15 14:49:48 ID: 241, Data: 9C4806FDFEFF3908, Celsius: 72, A: -7.62, rev/s: -0.006,  rev: +5.847
2024/04/15 14:49:48 ID: 241, Data: 9C4804FD07003908, Celsius: 72, A: -7.64, rev/s: +0.019,  rev: +5.847
2024/04/15 14:49:48 ID: 241, Data: 9C4803FDEEFF3908, Celsius: 72, A: -7.65, rev/s: -0.050,  rev: +5.847
2024/04/15 14:49:49 ID: 241, Data: 9C4805FD03003908, Celsius: 72, A: -7.63, rev/s: +0.008,  rev: +5.847
2024/04/15 14:49:49 ID: 241, Data: 9C4801FDFBFF3908, Celsius: 72, A: -7.67, rev/s: -0.014,  rev: +5.847
2024/04/15 14:49:49 ID: 241, Data: 9C4803FD02003908, Celsius: 72, A: -7.65, rev/s: +0.006,  rev: +5.847
2024/04/15 14:49:49 ID: 241, Data: 9C4804FD09003908, Celsius: 72, A: -7.64, rev/s: +0.025,  rev: +5.847
2024/04/15 14:49:49 ID: 241, Data: 9C4808FDFAFF3908, Celsius: 72, A: -7.60, rev/s: -0.017,  rev: +5.847
2024/04/15 14:49:49 ID: 241, Data: 9C4801FDFFFF3908, Celsius: 72, A: -7.67, rev/s: -0.003,  rev: +5.847
2024/04/15 14:49:49 ID: 241, Data: 9C4904FD11003908, Celsius: 73, A: -7.64, rev/s: +0.047,  rev: +5.847
2024/04/15 14:49:49 ID: 241, Data: 9C4903FD0D003908, Celsius: 73, A: -7.65, rev/s: +0.036,  rev: +5.847
2024/04/15 14:49:49 ID: 241, Data: 9C4906FDF6FF3908, Celsius: 73, A: -7.62, rev/s: -0.028,  rev: +5.847
2024/04/15 14:49:50 ID: 241, Data: 9C4907FDFDFF3908, Celsius: 73, A: -7.61, rev/s: -0.008,  rev: +5.847
2024/04/15 14:49:50 ID: 241, Data: 9C4907FD00003908, Celsius: 73, A: -7.61, rev/s: +0.000,  rev: +5.847
2024/04/15 14:49:50 ID: 241, Data: 9C4906FD06003908, Celsius: 73, A: -7.62, rev/s: +0.017,  rev: +5.847
2024/04/15 14:49:50 ID: 241, Data: 9C4906FDEFFF3908, Celsius: 73, A: -7.62, rev/s: -0.047,  rev: +5.847
2024/04/15 14:49:50 ID: 241, Data: 9C4907FDF7FF3908, Celsius: 73, A: -7.61, rev/s: -0.025,  rev: +5.847
2024/04/15 14:49:50 ID: 241, Data: 9C4908FDF5FF3908, Celsius: 73, A: -7.60, rev/s: -0.031,  rev: +5.847
2024/04/15 14:49:50 ID: 241, Data: 9C4908FD00003908, Celsius: 73, A: -7.60, rev/s: +0.000,  rev: +5.847
2024/04/15 14:49:50 ID: 241, Data: 9C4906FD06003908, Celsius: 73, A: -7.62, rev/s: +0.017,  rev: +5.847
2024/04/15 14:49:50 ID: 241, Data: 9C4A0BFDF5FF3908, Celsius: 74, A: -7.57, rev/s: -0.031,  rev: +5.847
2024/04/15 14:49:50 ID: 241, Data: 9C4A09FD0A003908, Celsius: 74, A: -7.59, rev/s: +0.028,  rev: +5.847
2024/04/15 14:49:51 ID: 241, Data: 9C4A06FDFDFF3908, Celsius: 74, A: -7.62, rev/s: -0.008,  rev: +5.847
2024/04/15 14:49:51 ID: 241, Data: 9C4907FDFBFF3908, Celsius: 73, A: -7.61, rev/s: -0.014,  rev: +5.847
2024/04/15 14:49:51 ID: 241, Data: 9C4A09FD0B003908, Celsius: 74, A: -7.59, rev/s: +0.031,  rev: +5.847
2024/04/15 14:49:51 ID: 241, Data: 9C4A0AFDFDFF3908, Celsius: 74, A: -7.58, rev/s: -0.008,  rev: +5.847
2024/04/15 14:49:51 ID: 241, Data: 9C4A08FD03003908, Celsius: 74, A: -7.60, rev/s: +0.008,  rev: +5.847
2024/04/15 14:49:51 ID: 241, Data: 9C4A08FD00003908, Celsius: 74, A: -7.60, rev/s: +0.000,  rev: +5.847
2024/04/15 14:49:51 ID: 241, Data: 9C4A09FD03003908, Celsius: 74, A: -7.59, rev/s: +0.008,  rev: +5.847
2024/04/15 14:49:51 ID: 241, Data: 9C4A08FD0D003908, Celsius: 74, A: -7.60, rev/s: +0.036,  rev: +5.847
2024/04/15 14:49:51 ID: 241, Data: 9C4A0BFD0C003908, Celsius: 74, A: -7.57, rev/s: +0.033,  rev: +5.847
2024/04/15 14:49:51 ID: 241, Data: 9C4A09FD07003908, Celsius: 74, A: -7.59, rev/s: +0.019,  rev: +5.847
2024/04/15 14:49:52 ID: 241, Data: 9C4A0BFDF3FF3908, Celsius: 74, A: -7.57, rev/s: -0.036,  rev: +5.847
2024/04/15 14:49:52 ID: 241, Data: 9C4A0AFD1E003908, Celsius: 74, A: -7.58, rev/s: +0.083,  rev: +5.847
2024/04/15 14:49:52 ID: 241, Data: 9C4B09FD02003908, Celsius: 75, A: -7.59, rev/s: +0.006,  rev: +5.847
2024/04/15 14:49:52 ID: 241, Data: 9C4A0AFD06003908, Celsius: 74, A: -7.58, rev/s: +0.017,  rev: +5.847
2024/04/15 14:49:52 ID: 241, Data: 9C4B0BFDFFFF3908, Celsius: 75, A: -7.57, rev/s: -0.003,  rev: +5.847
2024/04/15 14:49:52 ID: 241, Data: 9C4B08FDFFFF3908, Celsius: 75, A: -7.60, rev/s: -0.003,  rev: +5.847
2024/04/15 14:49:52 ID: 241, Data: 9C4B09FDFDFF3908, Celsius: 75, A: -7.59, rev/s: -0.008,  rev: +5.847
2024/04/15 14:49:52 ID: 241, Data: 9C4B0AFD0B003908, Celsius: 75, A: -7.58, rev/s: +0.031,  rev: +5.847
2024/04/15 14:49:52 ID: 241, Data: 9C4A0BFD07003908, Celsius: 74, A: -7.57, rev/s: +0.019,  rev: +5.847
2024/04/15 14:49:53 ID: 241, Data: 9C4B0CFD16003908, Celsius: 75, A: -7.56, rev/s: +0.061,  rev: +5.847
2024/04/15 14:49:53 ID: 241, Data: 9C4B0CFD08003908, Celsius: 75, A: -7.56, rev/s: +0.022,  rev: +5.847
2024/04/15 14:49:53 ID: 241, Data: 9C4B0AFDF4FF3908, Celsius: 75, A: -7.58, rev/s: -0.033,  rev: +5.847
2024/04/15 14:49:53 ID: 241, Data: 9C4B0AFDF2FF3908, Celsius: 75, A: -7.58, rev/s: -0.039,  rev: +5.847
2024/04/15 14:49:53 ID: 241, Data: 9C4B08FD03003908, Celsius: 75, A: -7.60, rev/s: +0.008,  rev: +5.847
2024/04/15 14:49:53 ID: 241, Data: 9C4B0AFD0A003908, Celsius: 75, A: -7.58, rev/s: +0.028,  rev: +5.847
2024/04/15 14:49:53 ID: 241, Data: 9C4B0DFD15003908, Celsius: 75, A: -7.55, rev/s: +0.058,  rev: +5.847
2024/04/15 14:49:53 ID: 241, Data: 9C4B0CFD11003908, Celsius: 75, A: -7.56, rev/s: +0.047,  rev: +5.847
2024/04/15 14:49:53 ID: 241, Data: 9C4B0AFDF1FF3908, Celsius: 75, A: -7.58, rev/s: -0.042,  rev: +5.847
2024/04/15 14:49:53 ID: 241, Data: 9C4C0BFDF7FF3908, Celsius: 76, A: -7.57, rev/s: -0.025,  rev: +5.847
2024/04/15 14:49:54 ID: 241, Data: 9C4C09FD03003908, Celsius: 76, A: -7.59, rev/s: +0.008,  rev: +5.847
2024/04/15 14:49:54 ID: 241, Data: 9C4C0BFDFEFF3908, Celsius: 76, A: -7.57, rev/s: -0.006,  rev: +5.847
2024/04/15 14:49:54 ID: 241, Data: 9C4C0CFDFEFF3908, Celsius: 76, A: -7.56, rev/s: -0.006,  rev: +5.847
2024/04/15 14:49:54 ID: 241, Data: 9C4C0CFDF3FF3908, Celsius: 76, A: -7.56, rev/s: -0.036,  rev: +5.847
2024/04/15 14:49:54 ID: 241, Data: 9C4C09FD00003908, Celsius: 76, A: -7.59, rev/s: +0.000,  rev: +5.847
2024/04/15 14:49:54 ID: 241, Data: 9C4C0DFD0F003908, Celsius: 76, A: -7.55, rev/s: +0.042,  rev: +5.847
2024/04/15 14:49:54 ID: 241, Data: 9C4C0AFDEAFF3908, Celsius: 76, A: -7.58, rev/s: -0.061,  rev: +5.847
2024/04/15 14:49:54 ID: 241, Data: 9C4D0AFD0D003908, Celsius: 77, A: -7.58, rev/s: +0.036,  rev: +5.847
2024/04/15 14:49:54 ID: 241, Data: 9C4C0DFDECFF3908, Celsius: 76, A: -7.55, rev/s: -0.056,  rev: +5.847
2024/04/15 14:49:54 ID: 241, Data: 9C4C0DFDF9FF3908, Celsius: 76, A: -7.55, rev/s: -0.019,  rev: +5.847
2024/04/15 14:49:55 ID: 241, Data: 9C4D0CFDFDFF3908, Celsius: 77, A: -7.56, rev/s: -0.008,  rev: +5.847
2024/04/15 14:49:55 ID: 241, Data: 9C4C0CFD08003908, Celsius: 76, A: -7.56, rev/s: +0.022,  rev: +5.847
2024/04/15 14:49:55 ID: 241, Data: 9C4D0CFDFEFF3908, Celsius: 77, A: -7.56, rev/s: -0.006,  rev: +5.847
2024/04/15 14:49:55 ID: 241, Data: 9C4D0EFD00003908, Celsius: 77, A: -7.54, rev/s: +0.000,  rev: +5.847
2024/04/15 14:49:55 ID: 241, Data: 9C4D09FDFBFF3908, Celsius: 77, A: -7.59, rev/s: -0.014,  rev: +5.847
2024/04/15 14:49:55 ID: 241, Data: 9C4D0EFDF1FF3908, Celsius: 77, A: -7.54, rev/s: -0.042,  rev: +5.847
2024/04/15 14:49:55 ID: 241, Data: 9C4D0FFD00003908, Celsius: 77, A: -7.53, rev/s: +0.000,  rev: +5.847
2024/04/15 14:49:55 ID: 241, Data: 9C4D0AFD05003908, Celsius: 77, A: -7.58, rev/s: +0.014,  rev: +5.847
2024/04/15 14:49:55 ID: 241, Data: 9C4D0AFD07003908, Celsius: 77, A: -7.58, rev/s: +0.019,  rev: +5.847
2024/04/15 14:49:55 ID: 241, Data: 9C4D0EFDFEFF3908, Celsius: 77, A: -7.54, rev/s: -0.006,  rev: +5.847
2024/04/15 14:49:56 ID: 241, Data: 9C4D0FFD0C003908, Celsius: 77, A: -7.53, rev/s: +0.033,  rev: +5.847
2024/04/15 14:49:56 ID: 241, Data: 9C4D0EFDF8FF3908, Celsius: 77, A: -7.54, rev/s: -0.022,  rev: +5.847
2024/04/15 14:49:56 ID: 241, Data: 9C4D0EFD08003908, Celsius: 77, A: -7.54, rev/s: +0.022,  rev: +5.847
2024/04/15 14:49:56 ID: 241, Data: 9C4D0EFD00003908, Celsius: 77, A: -7.54, rev/s: +0.000,  rev: +5.847
2024/04/15 14:49:56 ID: 241, Data: 9C4D11FD0E003908, Celsius: 77, A: -7.51, rev/s: +0.039,  rev: +5.847
2024/04/15 14:49:56 ID: 241, Data: 9C4D12FD01003908, Celsius: 77, A: -7.50, rev/s: +0.003,  rev: +5.847
2024/04/15 14:49:56 ID: 241, Data: 9C4E0EFD0D003908, Celsius: 78, A: -7.54, rev/s: +0.036,  rev: +5.847
2024/04/15 14:49:56 ID: 241, Data: 9C4E0CFDFFFF3908, Celsius: 78, A: -7.56, rev/s: -0.003,  rev: +5.847
2024/04/15 14:49:56 ID: 241, Data: 9C4E0FFDFCFF3908, Celsius: 78, A: -7.53, rev/s: -0.011,  rev: +5.847
2024/04/15 14:49:57 ID: 241, Data: 9C4E0EFD17003908, Celsius: 78, A: -7.54, rev/s: +0.064,  rev: +5.847
2024/04/15 14:49:57 ID: 241, Data: 9C4E0DFD02003908, Celsius: 78, A: -7.55, rev/s: +0.006,  rev: +5.847
2024/04/15 14:49:57 ID: 241, Data: 9C4E0FFDF3FF3908, Celsius: 78, A: -7.53, rev/s: -0.036,  rev: +5.847
2024/04/15 14:49:57 ID: 241, Data: 9C4E10FDFCFF3908, Celsius: 78, A: -7.52, rev/s: -0.011,  rev: +5.847
2024/04/15 14:49:57 ID: 241, Data: 9C4E0EFD08003908, Celsius: 78, A: -7.54, rev/s: +0.022,  rev: +5.847
2024/04/15 14:49:57 ID: 241, Data: 9C4E10FDFBFF3908, Celsius: 78, A: -7.52, rev/s: -0.014,  rev: +5.847
2024/04/15 14:49:57 ID: 241, Data: 9C4E13FDFAFF3908, Celsius: 78, A: -7.49, rev/s: -0.017,  rev: +5.847
2024/04/15 14:49:57 ID: 241, Data: 9C4E15FD07003908, Celsius: 78, A: -7.47, rev/s: +0.019,  rev: +5.847
2024/04/15 14:49:57 ID: 241, Data: 9C4E14FDFCFF3908, Celsius: 78, A: -7.48, rev/s: -0.011,  rev: +5.847
2024/04/15 14:49:57 ID: 241, Data: 9C4E13FD00003908, Celsius: 78, A: -7.49, rev/s: +0.000,  rev: +5.847
2024/04/15 14:49:58 ID: 241, Data: 9C4E16FD04003908, Celsius: 78, A: -7.46, rev/s: +0.011,  rev: +5.847
2024/04/15 14:49:58 ID: 241, Data: 9C4F12FD01003908, Celsius: 79, A: -7.50, rev/s: +0.003,  rev: +5.847
2024/04/15 14:49:58 ID: 241, Data: 9C4E11FDF5FF3908, Celsius: 78, A: -7.51, rev/s: -0.031,  rev: +5.847
2024/04/15 14:49:58 ID: 241, Data: 9C4E14FD00003908, Celsius: 78, A: -7.48, rev/s: +0.000,  rev: +5.847
2024/04/15 14:49:58 ID: 241, Data: 9C4F14FDFCFF3908, Celsius: 79, A: -7.48, rev/s: -0.011,  rev: +5.847
2024/04/15 14:49:58 ID: 241, Data: 9C4F13FDF9FF3908, Celsius: 79, A: -7.49, rev/s: -0.019,  rev: +5.847
2024/04/15 14:49:58 ID: 241, Data: 9C4F13FD12003908, Celsius: 79, A: -7.49, rev/s: +0.050,  rev: +5.847
2024/04/15 14:49:58 ID: 241, Data: 9C4F12FD01003908, Celsius: 79, A: -7.50, rev/s: +0.003,  rev: +5.847
2024/04/15 14:49:58 ID: 241, Data: 9C4F14FDFDFF3908, Celsius: 79, A: -7.48, rev/s: -0.008,  rev: +5.847
2024/04/15 14:49:58 ID: 241, Data: 9C4F13FDF6FF3908, Celsius: 79, A: -7.49, rev/s: -0.028,  rev: +5.847
2024/04/15 14:49:59 ID: 241, Data: 9C4F15FDFEFF3908, Celsius: 79, A: -7.47, rev/s: -0.006,  rev: +5.847
2024/04/15 14:49:59 ID: 241, Data: 9C4F14FDFAFF3908, Celsius: 79, A: -7.48, rev/s: -0.017,  rev: +5.847
2024/04/15 14:49:59 ID: 241, Data: 9C4F14FD02003908, Celsius: 79, A: -7.48, rev/s: +0.006,  rev: +5.847
2024/04/15 14:49:59 ID: 241, Data: 9C4F17FD03003908, Celsius: 79, A: -7.45, rev/s: +0.008,  rev: +5.847
2024/04/15 14:49:59 ID: 241, Data: 9C4F13FDFAFF3908, Celsius: 79, A: -7.49, rev/s: -0.017,  rev: +5.847
2024/04/15 14:49:59 ID: 241, Data: 9C4F13FD03003908, Celsius: 79, A: -7.49, rev/s: +0.008,  rev: +5.847
2024/04/15 14:49:59 ID: 241, Data: 9C4F15FDEDFF3908, Celsius: 79, A: -7.47, rev/s: -0.053,  rev: +5.847
2024/04/15 14:49:59 ID: 241, Data: 9C5015FD1A003908, Celsius: 80, A: -7.47, rev/s: +0.072,  rev: +5.847
2024/04/15 14:49:59 ID: 241, Data: 9C4F16FDFEFF3908, Celsius: 79, A: -7.46, rev/s: -0.006,  rev: +5.847
2024/04/15 14:49:59 ID: 241, Data: 9C5016FD08003908, Celsius: 80, A: -7.46, rev/s: +0.022,  rev: +5.847
2024/04/15 14:50:00 ID: 241, Data: 9C4F14FDFDFF3908, Celsius: 79, A: -7.48, rev/s: -0.008,  rev: +5.847
2024/04/15 14:50:00 ID: 241, Data: 9C5016FD01003908, Celsius: 80, A: -7.46, rev/s: +0.003,  rev: +5.847
2024/04/15 14:50:00 ID: 241, Data: 9C4F13FDF6FF3908, Celsius: 79, A: -7.49, rev/s: -0.028,  rev: +5.847
2024/04/15 14:50:00 ID: 241, Data: 9C5015FD00003908, Celsius: 80, A: -7.47, rev/s: +0.000,  rev: +5.847
2024/04/15 14:50:00 ID: 241, Data: 9C5015FDFCFF3908, Celsius: 80, A: -7.47, rev/s: -0.011,  rev: +5.847
2024/04/15 14:50:00 ID: 241, Data: 9C5014FD0A003908, Celsius: 80, A: -7.48, rev/s: +0.028,  rev: +5.847
2024/04/15 14:50:00 ID: 241, Data: 9C5014FDE7FF3908, Celsius: 80, A: -7.48, rev/s: -0.069,  rev: +5.847
2024/04/15 14:50:00 ID: 241, Data: 9C5014FDFDFF3908, Celsius: 80, A: -7.48, rev/s: -0.008,  rev: +5.847
2024/04/15 14:50:00 ID: 241, Data: 9C5017FDF0FF3908, Celsius: 80, A: -7.45, rev/s: -0.044,  rev: +5.847
2024/04/15 14:50:01 ID: 241, Data: 9C4F15FD00003908, Celsius: 79, A: -7.47, rev/s: +0.000,  rev: +5.847
2024/04/15 14:50:01 ID: 241, Data: 9C5014FD06003908, Celsius: 80, A: -7.48, rev/s: +0.017,  rev: +5.847
2024/04/15 14:50:01 ID: 241, Data: 9C5016FD08003908, Celsius: 80, A: -7.46, rev/s: +0.022,  rev: +5.847
2024/04/15 14:50:01 ID: 241, Data: 9C5115FDE0FF3908, Celsius: 81, A: -7.47, rev/s: -0.089,  rev: +5.847
2024/04/15 14:50:01 ID: 241, Data: 9C5116FD13003908, Celsius: 81, A: -7.46, rev/s: +0.053,  rev: +5.847
2024/04/15 14:50:01 ID: 241, Data: 9C5114FDFFFF3908, Celsius: 81, A: -7.48, rev/s: -0.003,  rev: +5.847
2024/04/15 14:50:01 ID: 241, Data: 9C5115FD0F003908, Celsius: 81, A: -7.47, rev/s: +0.042,  rev: +5.847
2024/04/15 14:50:01 ID: 241, Data: 9C5116FD07003908, Celsius: 81, A: -7.46, rev/s: +0.019,  rev: +5.847
2024/04/15 14:50:01 ID: 241, Data: 9C5119FDF4FF3908, Celsius: 81, A: -7.43, rev/s: -0.033,  rev: +5.847
2024/04/15 14:50:01 ID: 241, Data: 9C5119FD0C003908, Celsius: 81, A: -7.43, rev/s: +0.033,  rev: +5.847
2024/04/15 14:50:02 ID: 241, Data: 9C5115FD00003908, Celsius: 81, A: -7.47, rev/s: +0.000,  rev: +5.847
2024/04/15 14:50:02 ID: 241, Data: 9C5115FDF9FF3908, Celsius: 81, A: -7.47, rev/s: -0.019,  rev: +5.847
2024/04/15 14:50:02 ID: 241, Data: 9C5118FDE7FF3908, Celsius: 81, A: -7.44, rev/s: -0.069,  rev: +5.847
2024/04/15 14:50:02 ID: 241, Data: 9C5118FDF5FF3908, Celsius: 81, A: -7.44, rev/s: -0.031,  rev: +5.847
2024/04/15 14:50:02 ID: 241, Data: 9C5116FDF8FF3908, Celsius: 81, A: -7.46, rev/s: -0.022,  rev: +5.847
2024/04/15 14:50:02 ID: 241, Data: 9C5116FD16003908, Celsius: 81, A: -7.46, rev/s: +0.061,  rev: +5.847
2024/04/15 14:50:02 ID: 241, Data: 9C5118FD1C003908, Celsius: 81, A: -7.44, rev/s: +0.078,  rev: +5.847
2024/04/15 14:50:02 ID: 241, Data: 9C5115FDFEFF3908, Celsius: 81, A: -7.47, rev/s: -0.006,  rev: +5.847
2024/04/15 14:50:02 ID: 241, Data: 9C5219FD04003908, Celsius: 82, A: -7.43, rev/s: +0.011,  rev: +5.847
2024/04/15 14:50:02 ID: 241, Data: 9C5118FDEEFF3908, Celsius: 81, A: -7.44, rev/s: -0.050,  rev: +5.847
2024/04/15 14:50:03 ID: 241, Data: 9C5216FDF9FF3908, Celsius: 82, A: -7.46, rev/s: -0.019,  rev: +5.847
2024/04/15 14:50:03 ID: 241, Data: 9C521AFDFBFF3908, Celsius: 82, A: -7.42, rev/s: -0.014,  rev: +5.847
2024/04/15 14:50:03 ID: 241, Data: 9C5216FD07003908, Celsius: 82, A: -7.46, rev/s: +0.019,  rev: +5.847
2024/04/15 14:50:03 ID: 241, Data: 9C5116FDE0FF3908, Celsius: 81, A: -7.46, rev/s: -0.089,  rev: +5.847
2024/04/15 14:50:03 ID: 241, Data: 9C5217FD0C003908, Celsius: 82, A: -7.45, rev/s: +0.033,  rev: +5.847
2024/04/15 14:50:03 ID: 241, Data: 9C521AFDE9FF3908, Celsius: 82, A: -7.42, rev/s: -0.064,  rev: +5.847
2024/04/15 14:50:03 ID: 241, Data: 9C511EFDFBFF3908, Celsius: 81, A: -7.38, rev/s: -0.014,  rev: +5.847
2024/04/15 14:50:03 ID: 241, Data: 9C5218FD15003908, Celsius: 82, A: -7.44, rev/s: +0.058,  rev: +5.847
2024/04/15 14:50:03 ID: 241, Data: 9C5217FDEEFF3908, Celsius: 82, A: -7.45, rev/s: -0.050,  rev: +5.847
2024/04/15 14:50:03 ID: 241, Data: 9C5217FD0C003908, Celsius: 82, A: -7.45, rev/s: +0.033,  rev: +5.847
2024/04/15 14:50:04 ID: 241, Data: 9C5218FDF6FF3908, Celsius: 82, A: -7.44, rev/s: -0.028,  rev: +5.847
2024/04/15 14:50:04 ID: 241, Data: 9C5315FD00003908, Celsius: 83, A: -7.47, rev/s: +0.000,  rev: +5.847
2024/04/15 14:50:04 ID: 241, Data: 9C5218FD18003908, Celsius: 82, A: -7.44, rev/s: +0.067,  rev: +5.847
2024/04/15 14:50:04 ID: 241, Data: 9C5218FDDDFF3908, Celsius: 82, A: -7.44, rev/s: -0.097,  rev: +5.847
2024/04/15 14:50:04 ID: 241, Data: 9C5219FD20003908, Celsius: 82, A: -7.43, rev/s: +0.089,  rev: +5.847
2024/04/15 14:50:04 ID: 241, Data: 9C5217FD13003908, Celsius: 82, A: -7.45, rev/s: +0.053,  rev: +5.847
2024/04/15 14:50:04 ID: 241, Data: 9C5319FD04003908, Celsius: 83, A: -7.43, rev/s: +0.011,  rev: +5.847
2024/04/15 14:50:04 ID: 241, Data: 9C531DFD03003908, Celsius: 83, A: -7.39, rev/s: +0.008,  rev: +5.847
2024/04/15 14:50:04 ID: 241, Data: 9C5216FDFAFF3908, Celsius: 82, A: -7.46, rev/s: -0.017,  rev: +5.847
2024/04/15 14:50:05 ID: 241, Data: 9C5317FDF5FF3908, Celsius: 83, A: -7.45, rev/s: -0.031,  rev: +5.847
2024/04/15 14:50:05 ID: 241, Data: 9C5318FDE1FF3908, Celsius: 83, A: -7.44, rev/s: -0.086,  rev: +5.847
2024/04/15 14:50:05 ID: 241, Data: 9C5316FD00003908, Celsius: 83, A: -7.46, rev/s: +0.000,  rev: +5.847
2024/04/15 14:50:05 ID: 241, Data: 9C5318FD11003908, Celsius: 83, A: -7.44, rev/s: +0.047,  rev: +5.847
2024/04/15 14:50:05 ID: 241, Data: 9C531AFDF5FF3908, Celsius: 83, A: -7.42, rev/s: -0.031,  rev: +5.847
2024/04/15 14:50:05 ID: 241, Data: 9C531BFD00003908, Celsius: 83, A: -7.41, rev/s: +0.000,  rev: +5.847
2024/04/15 14:50:05 ID: 241, Data: 9C5317FD02003908, Celsius: 83, A: -7.45, rev/s: +0.006,  rev: +5.847
2024/04/15 14:50:05 ID: 241, Data: 9C531AFDF9FF3908, Celsius: 83, A: -7.42, rev/s: -0.019,  rev: +5.847
2024/04/15 14:50:05 ID: 241, Data: 9C531AFD05003908, Celsius: 83, A: -7.42, rev/s: +0.014,  rev: +5.847
2024/04/15 14:50:05 ID: 241, Data: 9C531AFD01003908, Celsius: 83, A: -7.42, rev/s: +0.003,  rev: +5.847
2024/04/15 14:50:06 ID: 241, Data: 9C5318FD08003908, Celsius: 83, A: -7.44, rev/s: +0.022,  rev: +5.847
2024/04/15 14:50:06 ID: 241, Data: 9C5319FD0C003908, Celsius: 83, A: -7.43, rev/s: +0.033,  rev: +5.847
2024/04/15 14:50:06 ID: 241, Data: 9C5318FD0B003908, Celsius: 83, A: -7.44, rev/s: +0.031,  rev: +5.847
2024/04/15 14:50:06 ID: 241, Data: 9C531AFD07003908, Celsius: 83, A: -7.42, rev/s: +0.019,  rev: +5.847
2024/04/15 14:50:06 ID: 241, Data: 9C5319FDF3FF3908, Celsius: 83, A: -7.43, rev/s: -0.036,  rev: +5.847
2024/04/15 14:50:06 ID: 241, Data: 9C531BFD0F003908, Celsius: 83, A: -7.41, rev/s: +0.042,  rev: +5.847
2024/04/15 14:50:06 ID: 241, Data: 9C5418FD09003908, Celsius: 84, A: -7.44, rev/s: +0.025,  rev: +5.847
2024/04/15 14:50:06 ID: 241, Data: 9C5417FD01003908, Celsius: 84, A: -7.45, rev/s: +0.003,  rev: +5.847
2024/04/15 14:50:06 ID: 241, Data: 9C541AFDF1FF3908, Celsius: 84, A: -7.42, rev/s: -0.042,  rev: +5.847
2024/04/15 14:50:06 ID: 241, Data: 9C531AFD15003908, Celsius: 83, A: -7.42, rev/s: +0.058,  rev: +5.847
2024/04/15 14:50:07 ID: 241, Data: 9C5417FD00003908, Celsius: 84, A: -7.45, rev/s: +0.000,  rev: +5.847
2024/04/15 14:50:07 ID: 241, Data: 9C5414FD06003908, Celsius: 84, A: -7.48, rev/s: +0.017,  rev: +5.847
2024/04/15 14:50:07 ID: 241, Data: 9C5417FD06003908, Celsius: 84, A: -7.45, rev/s: +0.017,  rev: +5.847
2024/04/15 14:50:07 ID: 241, Data: 9C5417FDDEFF3908, Celsius: 84, A: -7.45, rev/s: -0.094,  rev: +5.847
2024/04/15 14:50:07 ID: 241, Data: 9C5416FD08003908, Celsius: 84, A: -7.46, rev/s: +0.022,  rev: +5.847
2024/04/15 14:50:07 ID: 241, Data: 9C541EFDFBFF3908, Celsius: 84, A: -7.38, rev/s: -0.014,  rev: +5.847
2024/04/15 14:50:07 ID: 241, Data: 9C541AFD09003908, Celsius: 84, A: -7.42, rev/s: +0.025,  rev: +5.847
2024/04/15 14:50:07 ID: 241, Data: 9C541CFD00003908, Celsius: 84, A: -7.40, rev/s: +0.000,  rev: +5.847
2024/04/15 14:50:07 ID: 241, Data: 9C5418FDEEFF3908, Celsius: 84, A: -7.44, rev/s: -0.050,  rev: +5.847
2024/04/15 14:50:07 ID: 241, Data: 9C5418FD10003908, Celsius: 84, A: -7.44, rev/s: +0.044,  rev: +5.847
2024/04/15 14:50:08 ID: 241, Data: 9C5417FD1C003908, Celsius: 84, A: -7.45, rev/s: +0.078,  rev: +5.847
2024/04/15 14:50:08 ID: 241, Data: 9C5419FDE8FF3908, Celsius: 84, A: -7.43, rev/s: -0.067,  rev: +5.847
2024/04/15 14:50:08 ID: 241, Data: 9C5407FD02003908, Celsius: 84, A: -7.61, rev/s: +0.006,  rev: +5.847
2024/04/15 14:50:08 ID: 241, Data: 9C5410FDDEFF3908, Celsius: 84, A: -7.52, rev/s: -0.094,  rev: +5.847
2024/04/15 14:50:08 ID: 241, Data: 9C5414FDFBFF3908, Celsius: 84, A: -7.48, rev/s: -0.014,  rev: +5.847
2024/04/15 14:50:08 ID: 241, Data: 9C5513FDEEFF3908, Celsius: 85, A: -7.49, rev/s: -0.050,  rev: +5.847
2024/04/15 14:50:08 ID: 241, Data: 9C5518FDF1FF3908, Celsius: 85, A: -7.44, rev/s: -0.042,  rev: +5.847
2024/04/15 14:50:08 ID: 241, Data: 9C5517FD08003908, Celsius: 85, A: -7.45, rev/s: +0.022,  rev: +5.847
2024/04/15 14:50:08 ID: 241, Data: 9C5514FD1B003908, Celsius: 85, A: -7.48, rev/s: +0.075,  rev: +5.847
2024/04/15 14:50:09 ID: 241, Data: 9C551FFD0A003908, Celsius: 85, A: -7.37, rev/s: +0.028,  rev: +5.847
2024/04/15 14:50:09 ID: 241, Data: 9C551EFDFBFF3908, Celsius: 85, A: -7.38, rev/s: -0.014,  rev: +5.847
2024/04/15 14:50:09 ID: 241, Data: 9C5518FDF0FF3908, Celsius: 85, A: -7.44, rev/s: -0.044,  rev: +5.847
2024/04/15 14:50:09 ID: 241, Data: 9C551AFD10003908, Celsius: 85, A: -7.42, rev/s: +0.044,  rev: +5.847
2024/04/15 14:50:09 ID: 241, Data: 9C551EFDDEFF3908, Celsius: 85, A: -7.38, rev/s: -0.094,  rev: +5.847
2024/04/15 14:50:09 ID: 241, Data: 9C5518FD04003908, Celsius: 85, A: -7.44, rev/s: +0.011,  rev: +5.847
2024/04/15 14:50:09 ID: 241, Data: 9C551CFD00003908, Celsius: 85, A: -7.40, rev/s: +0.000,  rev: +5.847
2024/04/15 14:50:09 ID: 241, Data: 9C551EFDFCFF3908, Celsius: 85, A: -7.38, rev/s: -0.011,  rev: +5.847
2024/04/15 14:50:09 ID: 241, Data: 9C5516FDF2FF3908, Celsius: 85, A: -7.46, rev/s: -0.039,  rev: +5.847
2024/04/15 14:50:09 ID: 241, Data: 9C5519FDF3FF3908, Celsius: 85, A: -7.43, rev/s: -0.036,  rev: +5.847
2024/04/15 14:50:10 ID: 241, Data: 9C5618FD09003908, Celsius: 86, A: -7.44, rev/s: +0.025,  rev: +5.847
2024/04/15 14:50:10 ID: 241, Data: 9C5521FDF3FF3908, Celsius: 85, A: -7.35, rev/s: -0.036,  rev: +5.847
2024/04/15 14:50:10 ID: 241, Data: 9C5621FD11003908, Celsius: 86, A: -7.35, rev/s: +0.047,  rev: +5.847
2024/04/15 14:50:10 ID: 241, Data: 9C551DFD0F003908, Celsius: 85, A: -7.39, rev/s: +0.042,  rev: +5.847
2024/04/15 14:50:10 ID: 241, Data: 9C5514FD07003908, Celsius: 85, A: -7.48, rev/s: +0.019,  rev: +5.847
2024/04/15 14:50:10 ID: 241, Data: 9C5614FDFDFF3908, Celsius: 86, A: -7.48, rev/s: -0.008,  rev: +5.847
2024/04/15 14:50:10 ID: 241, Data: 9C5620FDEDFF3908, Celsius: 86, A: -7.36, rev/s: -0.053,  rev: +5.847
2024/04/15 14:50:10 ID: 241, Data: 9C551EFDDEFF3908, Celsius: 85, A: -7.38, rev/s: -0.094,  rev: +5.847
2024/04/15 14:50:10 ID: 241, Data: 9C561AFD07003908, Celsius: 86, A: -7.42, rev/s: +0.019,  rev: +5.847
2024/04/15 14:50:10 ID: 241, Data: 9C561CFDE8FF3908, Celsius: 86, A: -7.40, rev/s: -0.067,  rev: +5.847
2024/04/15 14:50:11 ID: 241, Data: 9C561DFD31003908, Celsius: 86, A: -7.39, rev/s: +0.136,  rev: +5.847
2024/04/15 14:50:11 ID: 241, Data: 9C5622FD11003908, Celsius: 86, A: -7.34, rev/s: +0.047,  rev: +5.847
2024/04/15 14:50:11 ID: 241, Data: 9C561CFDF0FF3908, Celsius: 86, A: -7.40, rev/s: -0.044,  rev: +5.847
2024/04/15 14:50:11 ID: 241, Data: 9C561EFD11003908, Celsius: 86, A: -7.38, rev/s: +0.047,  rev: +5.847
2024/04/15 14:50:11 ID: 241, Data: 9C5621FDF9FF3908, Celsius: 86, A: -7.35, rev/s: -0.019,  rev: +5.847
2024/04/15 14:50:11 ID: 241, Data: 9C561BFDF6FF3908, Celsius: 86, A: -7.41, rev/s: -0.028,  rev: +5.847
2024/04/15 14:50:11 ID: 241, Data: 9C5619FD04003908, Celsius: 86, A: -7.43, rev/s: +0.011,  rev: +5.847
2024/04/15 14:50:11 ID: 241, Data: 9C5619FD03003908, Celsius: 86, A: -7.43, rev/s: +0.008,  rev: +5.847
2024/04/15 14:50:11 ID: 241, Data: 9C5622FD20003908, Celsius: 86, A: -7.34, rev/s: +0.089,  rev: +5.847
2024/04/15 14:50:11 ID: 241, Data: 9C561EFD06003908, Celsius: 86, A: -7.38, rev/s: +0.017,  rev: +5.847
2024/04/15 14:50:12 ID: 241, Data: 9C571CFDDCFF3908, Celsius: 87, A: -7.40, rev/s: -0.100,  rev: +5.847
2024/04/15 14:50:12 ID: 241, Data: 9C571BFD04003908, Celsius: 87, A: -7.41, rev/s: +0.011,  rev: +5.847
2024/04/15 14:50:12 ID: 241, Data: 9C5620FD15003908, Celsius: 86, A: -7.36, rev/s: +0.058,  rev: +5.847
2024/04/15 14:50:12 ID: 241, Data: 9C561FFD24003908, Celsius: 86, A: -7.37, rev/s: +0.100,  rev: +5.847
2024/04/15 14:50:12 ID: 241, Data: 9C5720FD1C003908, Celsius: 87, A: -7.36, rev/s: +0.078,  rev: +5.847
2024/04/15 14:50:12 ID: 241, Data: 9C571AFD07003908, Celsius: 87, A: -7.42, rev/s: +0.019,  rev: +5.847
2024/04/15 14:50:12 ID: 241, Data: 9C5625FD11003908, Celsius: 86, A: -7.31, rev/s: +0.047,  rev: +5.847
2024/04/15 14:50:12 ID: 241, Data: 9C561CFD0B003908, Celsius: 86, A: -7.40, rev/s: +0.031,  rev: +5.847
2024/04/15 14:50:12 ID: 241, Data: 9C571EFD23003908, Celsius: 87, A: -7.38, rev/s: +0.097,  rev: +5.847
2024/04/15 14:50:13 ID: 241, Data: 9C571FFDF5FF3908, Celsius: 87, A: -7.37, rev/s: -0.031,  rev: +5.847
2024/04/15 14:50:13 ID: 241, Data: 9C571EFDFEFF3908, Celsius: 87, A: -7.38, rev/s: -0.006,  rev: +5.847
2024/04/15 14:50:13 ID: 241, Data: 9C561FFDF7FF3908, Celsius: 86, A: -7.37, rev/s: -0.025,  rev: +5.847
2024/04/15 14:50:13 ID: 241, Data: 9C571BFD0C003908, Celsius: 87, A: -7.41, rev/s: +0.033,  rev: +5.847
2024/04/15 14:50:13 ID: 241, Data: 9C571BFDF0FF3908, Celsius: 87, A: -7.41, rev/s: -0.044,  rev: +5.847
2024/04/15 14:50:13 ID: 241, Data: 9C571FFDFAFF3908, Celsius: 87, A: -7.37, rev/s: -0.017,  rev: +5.847
2024/04/15 14:50:13 ID: 241, Data: 9C571CFDF7FF3908, Celsius: 87, A: -7.40, rev/s: -0.025,  rev: +5.847
2024/04/15 14:50:13 ID: 241, Data: 9C571FFD0B003908, Celsius: 87, A: -7.37, rev/s: +0.031,  rev: +5.847
2024/04/15 14:50:13 ID: 241, Data: 9C571EFDFBFF3908, Celsius: 87, A: -7.38, rev/s: -0.014,  rev: +5.847
2024/04/15 14:50:13 ID: 241, Data: 9C5722FD0A003908, Celsius: 87, A: -7.34, rev/s: +0.028,  rev: +5.847
2024/04/15 14:50:14 ID: 241, Data: 9C571BFDF4FF3908, Celsius: 87, A: -7.41, rev/s: -0.033,  rev: +5.847
2024/04/15 14:50:14 ID: 241, Data: 9C5721FD02003908, Celsius: 87, A: -7.35, rev/s: +0.006,  rev: +5.847
2024/04/15 14:50:14 ID: 241, Data: 9C571EFDFBFF3908, Celsius: 87, A: -7.38, rev/s: -0.014,  rev: +5.847
2024/04/15 14:50:14 ID: 241, Data: 9C5721FDFAFF3908, Celsius: 87, A: -7.35, rev/s: -0.017,  rev: +5.847
2024/04/15 14:50:14 ID: 241, Data: 9C5721FD00003908, Celsius: 87, A: -7.35, rev/s: +0.000,  rev: +5.847
2024/04/15 14:50:14 ID: 241, Data: 9C581DFD09003908, Celsius: 88, A: -7.39, rev/s: +0.025,  rev: +5.847
2024/04/15 14:50:14 ID: 241, Data: 9C571CFDE5FF3908, Celsius: 87, A: -7.40, rev/s: -0.075,  rev: +5.847
2024/04/15 14:50:14 ID: 241, Data: 9C581CFD0A003908, Celsius: 88, A: -7.40, rev/s: +0.028,  rev: +5.847
2024/04/15 14:50:14 ID: 241, Data: 9C581EFD03003908, Celsius: 88, A: -7.38, rev/s: +0.008,  rev: +5.847
2024/04/15 14:50:14 ID: 241, Data: 9C571FFDE7FF3908, Celsius: 87, A: -7.37, rev/s: -0.069,  rev: +5.847
2024/04/15 14:50:15 ID: 241, Data: 9C5821FD1A003908, Celsius: 88, A: -7.35, rev/s: +0.072,  rev: +5.847
2024/04/15 14:50:15 ID: 241, Data: 9C571AFD04003908, Celsius: 87, A: -7.42, rev/s: +0.011,  rev: +5.847
2024/04/15 14:50:15 ID: 241, Data: 9C581CFDF1FF3908, Celsius: 88, A: -7.40, rev/s: -0.042,  rev: +5.847
2024/04/15 14:50:15 ID: 241, Data: 9C581AFDFFFF3908, Celsius: 88, A: -7.42, rev/s: -0.003,  rev: +5.847
2024/04/15 14:50:15 ID: 241, Data: 9C5822FDE3FF3908, Celsius: 88, A: -7.34, rev/s: -0.081,  rev: +5.847
2024/04/15 14:50:15 ID: 241, Data: 9C5822FDEFFF3908, Celsius: 88, A: -7.34, rev/s: -0.047,  rev: +5.847
2024/04/15 14:50:15 ID: 241, Data: 9C5821FDFEFF3908, Celsius: 88, A: -7.35, rev/s: -0.006,  rev: +5.847
2024/04/15 14:50:15 ID: 241, Data: 9C5821FDFCFF3908, Celsius: 88, A: -7.35, rev/s: -0.011,  rev: +5.847
2024/04/15 14:50:15 ID: 241, Data: 9C581CFD0E003908, Celsius: 88, A: -7.40, rev/s: +0.039,  rev: +5.847
2024/04/15 14:50:15 ID: 241, Data: 9C5823FDE2FF3908, Celsius: 88, A: -7.33, rev/s: -0.083,  rev: +5.847
2024/04/15 14:50:16 ID: 241, Data: 9C5821FDFEFF3908, Celsius: 88, A: -7.35, rev/s: -0.006,  rev: +5.847
2024/04/15 14:50:16 ID: 241, Data: 9C5820FDF7FF3908, Celsius: 88, A: -7.36, rev/s: -0.025,  rev: +5.847
2024/04/15 14:50:16 ID: 241, Data: 9C5819FDF2FF3908, Celsius: 88, A: -7.43, rev/s: -0.039,  rev: +5.847
2024/04/15 14:50:16 ID: 241, Data: 9C5922FD00003908, Celsius: 89, A: -7.34, rev/s: +0.000,  rev: +5.847
2024/04/15 14:50:16 ID: 241, Data: 9C581BFD1E003908, Celsius: 88, A: -7.41, rev/s: +0.083,  rev: +5.847
2024/04/15 14:50:16 ID: 241, Data: 9C581DFD11003908, Celsius: 88, A: -7.39, rev/s: +0.047,  rev: +5.847
2024/04/15 14:50:16 ID: 241, Data: 9C5825FD03003908, Celsius: 88, A: -7.31, rev/s: +0.008,  rev: +5.847
2024/04/15 14:50:16 ID: 241, Data: 9C591CFD01003908, Celsius: 89, A: -7.40, rev/s: +0.003,  rev: +5.847
2024/04/15 14:50:16 ID: 241, Data: 9C581EFDF6FF3908, Celsius: 88, A: -7.38, rev/s: -0.028,  rev: +5.847
2024/04/15 14:50:17 ID: 241, Data: 9C5822FD17003908, Celsius: 88, A: -7.34, rev/s: +0.064,  rev: +5.847
2024/04/15 14:50:17 ID: 241, Data: 9C581FFDDAFF3908, Celsius: 88, A: -7.37, rev/s: -0.106,  rev: +5.847
2024/04/15 14:50:17 ID: 241, Data: 9C5921FDFEFF3908, Celsius: 89, A: -7.35, rev/s: -0.006,  rev: +5.847
2024/04/15 14:50:17 ID: 241, Data: 9C5920FD09003908, Celsius: 89, A: -7.36, rev/s: +0.025,  rev: +5.847
2024/04/15 14:50:17 ID: 241, Data: 9C581EFD0F003908, Celsius: 88, A: -7.38, rev/s: +0.042,  rev: +5.847
2024/04/15 14:50:17 ID: 241, Data: 9C581FFDFEFF3908, Celsius: 88, A: -7.37, rev/s: -0.006,  rev: +5.847
2024/04/15 14:50:17 ID: 241, Data: 9C5823FDFFFF3908, Celsius: 88, A: -7.33, rev/s: -0.003,  rev: +5.847
2024/04/15 14:50:17 ID: 241, Data: 9C5921FDEFFF3908, Celsius: 89, A: -7.35, rev/s: -0.047,  rev: +5.847
2024/04/15 14:50:17 ID: 241, Data: 9C5923FDE4FF3908, Celsius: 89, A: -7.33, rev/s: -0.078,  rev: +5.847
2024/04/15 14:50:17 ID: 241, Data: 9C591BFD07003908, Celsius: 89, A: -7.41, rev/s: +0.019,  rev: +5.847
2024/04/15 14:50:18 ID: 241, Data: 9C5920FD01003908, Celsius: 89, A: -7.36, rev/s: +0.003,  rev: +5.847
2024/04/15 14:50:18 ID: 241, Data: 9C5920FD05003908, Celsius: 89, A: -7.36, rev/s: +0.014,  rev: +5.847
2024/04/15 14:50:18 ID: 241, Data: 9C5923FD08003908, Celsius: 89, A: -7.33, rev/s: +0.022,  rev: +5.847
2024/04/15 14:50:18 ID: 241, Data: 9C591FFDFCFF3908, Celsius: 89, A: -7.37, rev/s: -0.011,  rev: +5.847
2024/04/15 14:50:18 ID: 241, Data: 9C5920FD0C003908, Celsius: 89, A: -7.36, rev/s: +0.033,  rev: +5.847
2024/04/15 14:50:18 ID: 241, Data: 9C5928FDF7FF3908, Celsius: 89, A: -7.28, rev/s: -0.025,  rev: +5.847
2024/04/15 14:50:18 ID: 241, Data: 9C5921FDF0FF3908, Celsius: 89, A: -7.35, rev/s: -0.044,  rev: +5.847
2024/04/15 14:50:18 ID: 241, Data: 9C5921FD14003908, Celsius: 89, A: -7.35, rev/s: +0.056,  rev: +5.847
2024/04/15 14:50:18 ID: 241, Data: 9C5923FD00003908, Celsius: 89, A: -7.33, rev/s: +0.000,  rev: +5.847
2024/04/15 14:50:18 ID: 241, Data: 9C591EFDE6FF3908, Celsius: 89, A: -7.38, rev/s: -0.072,  rev: +5.847
2024/04/15 14:50:19 ID: 241, Data: 9C5920FD0A003908, Celsius: 89, A: -7.36, rev/s: +0.028,  rev: +5.847
2024/04/15 14:50:19 ID: 241, Data: 9C5927FDF8FF3908, Celsius: 89, A: -7.29, rev/s: -0.022,  rev: +5.847
2024/04/15 14:50:19 ID: 241, Data: 9C5B22FD09003908, Celsius: 91, A: -7.34, rev/s: +0.025,  rev: +5.847
2024/04/15 14:50:19 ID: 241, Data: 9C591EFD15003908, Celsius: 89, A: -7.38, rev/s: +0.058,  rev: +5.847
2024/04/15 14:50:19 ID: 241, Data: 9C5926FDFAFF3908, Celsius: 89, A: -7.30, rev/s: -0.017,  rev: +5.847
2024/04/15 14:50:19 ID: 241, Data: 9C5A20FDF7FF3908, Celsius: 90, A: -7.36, rev/s: -0.025,  rev: +5.847
2024/04/15 14:50:19 ID: 241, Data: 9C5921FD03003908, Celsius: 89, A: -7.35, rev/s: +0.008,  rev: +5.847
2024/04/15 14:50:19 ID: 241, Data: 9C591FFDEEFF3908, Celsius: 89, A: -7.37, rev/s: -0.050,  rev: +5.847
2024/04/15 14:50:19 ID: 241, Data: 9C5A1FFD12003908, Celsius: 90, A: -7.37, rev/s: +0.050,  rev: +5.847
2024/04/15 14:50:19 ID: 241, Data: 9C5A23FDE3FF3908, Celsius: 90, A: -7.33, rev/s: -0.081,  rev: +5.847
2024/04/15 14:50:20 ID: 241, Data: 9C5A1EFD09003908, Celsius: 90, A: -7.38, rev/s: +0.025,  rev: +5.847
2024/04/15 14:50:20 ID: 241, Data: 9C5A1EFDFDFF3908, Celsius: 90, A: -7.38, rev/s: -0.008,  rev: +5.847
2024/04/15 14:50:20 ID: 241, Data: 9C5A22FD0A003908, Celsius: 90, A: -7.34, rev/s: +0.028,  rev: +5.847
2024/04/15 14:50:20 ID: 241, Data: 9C5A1FFDF8FF3908, Celsius: 90, A: -7.37, rev/s: -0.022,  rev: +5.847
2024/04/15 14:50:20 ID: 241, Data: 9C5A1FFD17003908, Celsius: 90, A: -7.37, rev/s: +0.064,  rev: +5.847
2024/04/15 14:50:20 ID: 241, Data: 9C5A1EFD18003908, Celsius: 90, A: -7.38, rev/s: +0.067,  rev: +5.847
2024/04/15 14:50:20 ID: 241, Data: 9C5A21FDFBFF3908, Celsius: 90, A: -7.35, rev/s: -0.014,  rev: +5.847
2024/04/15 14:50:20 ID: 241, Data: 9C5A1FFD27003908, Celsius: 90, A: -7.37, rev/s: +0.108,  rev: +5.847
2024/04/15 14:50:20 ID: 241, Data: 9C5A22FDDFFF3908, Celsius: 90, A: -7.34, rev/s: -0.092,  rev: +5.847
2024/04/15 14:50:21 ID: 241, Data: 9C5A21FDF4FF3908, Celsius: 90, A: -7.35, rev/s: -0.033,  rev: +5.847
2024/04/15 14:50:21 ID: 241, Data: 9C5A20FD09003908, Celsius: 90, A: -7.36, rev/s: +0.025,  rev: +5.847
2024/04/15 14:50:21 ID: 241, Data: 9C5A23FDF4FF3908, Celsius: 90, A: -7.33, rev/s: -0.033,  rev: +5.847
2024/04/15 14:50:21 ID: 241, Data: 9C5A22FD04003908, Celsius: 90, A: -7.34, rev/s: +0.011,  rev: +5.847
2024/04/15 14:50:21 ID: 241, Data: 9C5A23FDFFFF3908, Celsius: 90, A: -7.33, rev/s: -0.003,  rev: +5.847
2024/04/15 14:50:21 ID: 241, Data: 9C5A26FDEBFF3908, Celsius: 90, A: -7.30, rev/s: -0.058,  rev: +5.847
2024/04/15 14:50:21 ID: 241, Data: 9C5A21FDEFFF3908, Celsius: 90, A: -7.35, rev/s: -0.047,  rev: +5.847
2024/04/15 14:50:21 ID: 241, Data: 9C5B20FDFAFF3908, Celsius: 91, A: -7.36, rev/s: -0.017,  rev: +5.847
2024/04/15 14:50:21 ID: 241, Data: 9C5B22FD01003908, Celsius: 91, A: -7.34, rev/s: +0.003,  rev: +5.847
2024/04/15 14:50:21 ID: 241, Data: 9C5A21FDEBFF3908, Celsius: 90, A: -7.35, rev/s: -0.058,  rev: +5.847
2024/04/15 14:50:22 ID: 241, Data: 9C5B21FD08003908, Celsius: 91, A: -7.35, rev/s: +0.022,  rev: +5.847
2024/04/15 14:50:22 ID: 241, Data: 9C5B23FD01003908, Celsius: 91, A: -7.33, rev/s: +0.003,  rev: +5.847
2024/04/15 14:50:22 ID: 241, Data: 9C5A20FD19003908, Celsius: 90, A: -7.36, rev/s: +0.069,  rev: +5.847
2024/04/15 14:50:22 ID: 241, Data: 9C5B22FD05003908, Celsius: 91, A: -7.34, rev/s: +0.014,  rev: +5.847
2024/04/15 14:50:22 ID: 241, Data: 9C5B1FFD20003908, Celsius: 91, A: -7.37, rev/s: +0.089,  rev: +5.847
2024/04/15 14:50:22 ID: 241, Data: 9C5B22FD05003908, Celsius: 91, A: -7.34, rev/s: +0.014,  rev: +5.847
2024/04/15 14:50:22 ID: 241, Data: 9C5A23FD12003908, Celsius: 90, A: -7.33, rev/s: +0.050,  rev: +5.847
2024/04/15 14:50:22 ID: 241, Data: 9C5B22FDFAFF3908, Celsius: 91, A: -7.34, rev/s: -0.017,  rev: +5.847
2024/04/15 14:50:22 ID: 241, Data: 9C5B23FDD7FF3908, Celsius: 91, A: -7.33, rev/s: -0.114,  rev: +5.847
2024/04/15 14:50:22 ID: 241, Data: 9C5B23FDFDFF3908, Celsius: 91, A: -7.33, rev/s: -0.008,  rev: +5.847
2024/04/15 14:50:23 ID: 241, Data: 9C5B24FD07003908, Celsius: 91, A: -7.32, rev/s: +0.019,  rev: +5.847
2024/04/15 14:50:23 ID: 241, Data: 9C5B25FDF6FF3908, Celsius: 91, A: -7.31, rev/s: -0.028,  rev: +5.847
2024/04/15 14:50:23 ID: 241, Data: 9C5B1FFD02003908, Celsius: 91, A: -7.37, rev/s: +0.006,  rev: +5.847
2024/04/15 14:50:23 ID: 241, Data: 9C5A1EFDECFF3908, Celsius: 90, A: -7.38, rev/s: -0.056,  rev: +5.847
2024/04/15 14:50:23 ID: 241, Data: 9C5B20FD0C003908, Celsius: 91, A: -7.36, rev/s: +0.033,  rev: +5.847
2024/04/15 14:50:23 ID: 241, Data: 9C5B1FFD0C003908, Celsius: 91, A: -7.37, rev/s: +0.033,  rev: +5.847
2024/04/15 14:50:23 ID: 241, Data: 9C5B1EFDDCFF3908, Celsius: 91, A: -7.38, rev/s: -0.100,  rev: +5.847
2024/04/15 14:50:23 ID: 241, Data: 9C5B1FFD0E003908, Celsius: 91, A: -7.37, rev/s: +0.039,  rev: +5.847
2024/04/15 14:50:23 ID: 241, Data: 9C5B23FD0A003908, Celsius: 91, A: -7.33, rev/s: +0.028,  rev: +5.847
2024/04/15 14:50:23 ID: 241, Data: 9C5B21FD04003908, Celsius: 91, A: -7.35, rev/s: +0.011,  rev: +5.847
2024/04/15 14:50:24 ID: 241, Data: 9C5A20FD01003908, Celsius: 90, A: -7.36, rev/s: +0.003,  rev: +5.847
2024/04/15 14:50:24 ID: 241, Data: 9C5B24FDEEFF3908, Celsius: 91, A: -7.32, rev/s: -0.050,  rev: +5.847
2024/04/15 14:50:24 ID: 241, Data: 9C5C22FD11003908, Celsius: 92, A: -7.34, rev/s: +0.047,  rev: +5.847
2024/04/15 14:50:24 ID: 241, Data: 9C5C23FDDFFF3908, Celsius: 92, A: -7.33, rev/s: -0.092,  rev: +5.847
2024/04/15 15:00:01 ID: 241, Data: 9C281F004F00E6FF, Celsius: 40, A: +0.31, rev/s: +0.219,  rev: -0.072
2024/04/15 15:00:01 ID: 241, Data: 9C280800A700F2FF, Celsius: 40, A: +0.08, rev/s: +0.464,  rev: -0.039
2024/04/15 15:00:01 ID: 241, Data: 9C2812005000FDFF, Celsius: 40, A: +0.18, rev/s: +0.222,  rev: -0.008
