2024/04/15 15:01:10 ID: 241, Data: 9C27150080000400, Celsius: 39, A: +0.21, rev/s: +0.356,  rev: +0.011
2024/04/15 15:01:10 ID: 241, Data: 9C27230073000F00, Celsius: 39, A: +0.35, rev/s: +0.319,  rev: +0.042
2024/04/15 15:01:10 ID: 241, Data: 9C27240041001C00, Celsius: 39, A: +0.36, rev/s: +0.181,  rev: +0.078
2024/04/15 15:01:10 ID: 241, Data: 9C27410039002500, Celsius: 39, A: +0.65, rev/s: +0.158,  rev: +0.103
2024/04/15 15:01:10 ID: 241, Data: 9C271700F6003100, Celsius: 39, A: +0.23, rev/s: +0.683,  rev: +0.136
2024/04/15 15:01:10 ID: 241, Data: 9C274A002D003D00, Celsius: 39, A: +0.74, rev/s: +0.125,  rev: +0.169
2024/04/15 15:01:10 ID: 241, Data: 9C27830022004500, Celsius: 39, A: +1.31, rev/s: +0.094,  rev: +0.192
2024/04/15 15:01:11 ID: 241, Data: 9C273A0013005400, Celsius: 39, A: +0.58, rev/s: +0.053,  rev: +0.233
2024/04/15 15:01:11 ID: 241, Data: 9C2749004A005E00, Celsius: 39, A: +0.73, rev/s: +0.206,  rev: +0.261
2024/04/15 15:01:11 ID: 241, Data: 9C272A00CA006800, Celsius: 39, A: +0.42, rev/s: +0.561,  rev: +0.289
2024/04/15 15:01:11 ID: 241, Data: 9C2734003D007500, Celsius: 39, A: +0.52, rev/s: +0.169,  rev: +0.325
2024/04/15 15:01:11 ID: 241, Data: 9C2727006A007F00, Celsius: 39, A: +0.39, rev/s: +0.294,  rev: +0.353
2024/04/15 15:01:11 ID: 241, Data: 9C271B00A3008A00, Celsius: 39, A: +0.27, rev/s: +0.453,  rev: +0.383
2024/04/15 15:01:11 ID: 241, Data: 9C27250053009700, Celsius: 39, A: +0.37, rev/s: +0.231,  rev: +0.419
2024/04/15 15:01:11 ID: 241, Data: 9C272800AB009F00, Celsius: 39, A: +0.40, rev/s: +0.475,  rev: +0.442
2024/04/15 15:01:11 ID: 241, Data: 9C2724007900AC00, Celsius: 39, A: +0.36, rev/s: +0.336,  rev: +0.478
2024/04/15 15:01:11 ID: 241, Data: 9C273C004200B600, Celsius: 39, A: +0.60, rev/s: +0.183,  rev: +0.506
2024/04/15 15:01:12 ID: 241, Data: 9C2717001D01C100, Celsius: 39, A: +0.23, rev/s: +0.792,  rev: +0.536
2024/04/15 15:01:12 ID: 241, Data: 9C272B004100CE00, Celsius: 39, A: +0.43, rev/s: +0.181,  rev: +0.572
2024/04/15 15:01:12 ID: 241, Data: 9C272400C000D700, Celsius: 39, A: +0.36, rev/s: +0.533,  rev: +0.597
2024/04/15 15:01:12 ID: 241, Data: 9C271800B600E300, Celsius: 39, A: +0.24, rev/s: +0.506,  rev: +0.631
2024/04/15 15:01:12 ID: 241, Data: 9C2735003700ED00, Celsius: 39, A: +0.53, rev/s: +0.153,  rev: +0.658
2024/04/15 15:01:12 ID: 241, Data: 9C271500B100F900, Celsius: 39, A: +0.21, rev/s: +0.492,  rev: +0.692
2024/04/15 15:01:12 ID: 241, Data: 9C2730002F000401, Celsius: 39, A: +0.48, rev/s: +0.131,  rev: +0.722
2024/04/15 15:01:12 ID: 241, Data: 9C27310068000E01, Celsius: 39, A: +0.49, rev/s: +0.289,  rev: +0.750
2024/04/15 15:01:12 ID: 241, Data: 9C27150074001B01, Celsius: 39, A: +0.21, rev/s: +0.322,  rev: +0.786
2024/04/15 15:01:12 ID: 241, Data: 9C273B0027002601, Celsius: 39, A: +0.59, rev/s: +0.108,  rev: +0.817
2024/04/15 15:01:13 ID: 241, Data: 9C271600CF003101, Celsius: 39, A: +0.22, rev/s: +0.575,  rev: +0.847
2024/04/15 15:01:13 ID: 241, Data: 9C27300043003D01, Celsius: 39, A: +0.48, rev/s: +0.186,  rev: +0.881
2024/04/15 15:01:13 ID: 241, Data: 9C272E007F004601, Celsius: 39, A: +0.46, rev/s: +0.353,  rev: +0.906
2024/04/15 15:01:13 ID: 241, Data: 9C27190080005301, Celsius: 39, A: +0.25, rev/s: +0.356,  rev: +0.942
2024/04/15 15:01:13 ID: 241, Data: 9C2725002C005D01, Celsius: 39, A: +0.37, rev/s: +0.122,  rev: +0.969
2024/04/15 15:01:13 ID: 241, Data: 9C270F0094006801, Celsius: 39, A: +0.15, rev/s: +0.411,  rev: +1.000
2024/04/15 15:01:13 ID: 241, Data: 9C27130073007401, Celsius: 39, A: +0.19, rev/s: +0.319,  rev: +1.033
2024/04/15 15:01:13 ID: 241, Data: 9C2726005F007E01, Celsius: 39, A: +0.38, rev/s: +0.264,  rev: +1.061
2024/04/15 15:01:13 ID: 241, Data: 9C27180009018A01, Celsius: 39, A: +0.24, rev/s: +0.736,  rev: +1.094
2024/04/15 15:01:13 ID: 241, Data: 9C274C0017009501, Celsius: 39, A: +0.76, rev/s: +0.064,  rev: +1.125
2024/04/15 15:01:14 ID: 241, Data: 9C2752006F009F01, Celsius: 39, A: +0.82, rev/s: +0.308,  rev: +1.153
2024/04/15 15:01:14 ID: 241, Data: 9C274700AA00AC01, Celsius: 39, A: +0.71, rev/s: +0.472,  rev: +1.189
2024/04/15 15:01:14 ID: 241, Data: 9C272F007F00B801, Celsius: 39, A: +0.47, rev/s: +0.353,  rev: +1.222
2024/04/15 15:01:14 ID: 241, Data: 9C270B001C01C201, Celsius: 39, A: +0.11, rev/s: +0.789,  rev: +1.250
2024/04/15 15:01:14 ID: 241, Data: 9C2745000C00CD01, Celsius: 39, A: +0.69, rev/s: +0.033,  rev: +1.281
2024/04/15 15:01:14 ID: 241, Data: 9C2734003700D701, Celsius: 39, A: +0.52, rev/s: +0.153,  rev: +1.308
2024/04/15 15:01:14 ID: 241, Data: 9C271600CF00E301, Celsius: 39, A: +0.22, rev/s: +0.575,  rev: +1.342
2024/04/15 15:01:14 ID: 241, Data: 9C272A003F00ED01, Celsius: 39, A: +0.42, rev/s: +0.175,  rev: +1.369
2024/04/15 15:01:14 ID: 241, Data: 9C271C007200F801, Celsius: 39, A: +0.28, rev/s: +0.317,  rev: +1.400
2024/04/15 15:01:15 ID: 241, Data: 9C271F0086000502, Celsius: 39, A: +0.31, rev/s: +0.372,  rev: +1.436
2024/04/15 15:01:15 ID: 241, Data: 9C273C0036000E02, Celsius: 39, A: +0.60, rev/s: +0.150,  rev: +1.461
2024/04/15 15:01:15 ID: 241, Data: 9C271500F0001902, Celsius: 39, A: +0.21, rev/s: +0.667,  rev: +1.492
2024/04/15 15:01:15 ID: 241, Data: 9C27410019002502, Celsius: 39, A: +0.65, rev/s: +0.069,  rev: +1.525
2024/04/15 15:01:15 ID: 241, Data: 9C27400069002F02, Celsius: 39, A: +0.64, rev/s: +0.292,  rev: +1.553
2024/04/15 15:01:15 ID: 241, Data: 9C27250037003B02, Celsius: 39, A: +0.37, rev/s: +0.153,  rev: +1.586
2024/04/15 15:01:15 ID: 241, Data: 9C27410018004502, Celsius: 39, A: +0.65, rev/s: +0.067,  rev: +1.614
2024/04/15 15:01:15 ID: 241, Data: 9C270D0078005202, Celsius: 39, A: +0.13, rev/s: +0.333,  rev: +1.650
2024/04/15 15:01:15 ID: 241, Data: 9C271F0062005D02, Celsius: 39, A: +0.31, rev/s: +0.272,  rev: +1.681
2024/04/15 15:01:15 ID: 241, Data: 9C2718007D006702, Celsius: 39, A: +0.24, rev/s: +0.347,  rev: +1.708
2024/04/15 15:01:16 ID: 241, Data: 9C2712007F007202, Celsius: 39, A: +0.18, rev/s: +0.353,  rev: +1.739
2024/04/15 15:01:16 ID: 241, Data: 9C2731002B007D02, Celsius: 39, A: +0.49, rev/s: +0.119,  rev: +1.769
2024/04/15 15:01:16 ID: 241, Data: 9C27220082008702, Celsius: 39, A: +0.34, rev/s: +0.361,  rev: +1.797
2024/04/15 15:01:16 ID: 241, Data: 9C27240095009402, Celsius: 39, A: +0.36, rev/s: +0.414,  rev: +1.833
2024/04/15 15:01:16 ID: 241, Data: 9C26360051009E02, Celsius: 38, A: +0.54, rev/s: +0.225,  rev: +1.861
2024/04/15 15:01:16 ID: 241, Data: 9C2711008B00AA02, Celsius: 39, A: +0.17, rev/s: +0.386,  rev: +1.894
2024/04/15 15:01:16 ID: 241, Data: 9C271F005200B502, Celsius: 39, A: +0.31, rev/s: +0.228,  rev: +1.925
2024/04/15 15:01:16 ID: 241, Data: 9C2719009900BF02, Celsius: 39, A: +0.25, rev/s: +0.425,  rev: +1.953
2024/04/15 15:01:16 ID: 241, Data: 9C2711009100CB02, Celsius: 39, A: +0.17, rev/s: +0.403,  rev: +1.986
2024/04/15 15:01:16 ID: 241, Data: 9C2725003E00D502, Celsius: 39, A: +0.37, rev/s: +0.172,  rev: +2.014
2024/04/15 15:01:17 ID: 241, Data: 9C2724008900E002, Celsius: 39, A: +0.36, rev/s: +0.381,  rev: +2.044
2024/04/15 15:01:17 ID: 241, Data: 9C2637002700EC02, Celsius: 38, A: +0.55, rev/s: +0.108,  rev: +2.078
2024/04/15 15:01:17 ID: 241, Data: 9C274A003B00F602, Celsius: 39, A: +0.74, rev/s: +0.164,  rev: +2.106
2024/04/15 15:01:17 ID: 241, Data: 9C271F00BA000303, Celsius: 39, A: +0.31, rev/s: +0.517,  rev: +2.142
2024/04/15 15:01:17 ID: 241, Data: 9C275200FDFF0D03, Celsius: 39, A: +0.82, rev/s: -0.008,  rev: +2.169
2024/04/15 15:01:17 ID: 241, Data: 9C27800036001603, Celsius: 39, A: +1.28, rev/s: +0.150,  rev: +2.194
2024/04/15 15:01:17 ID: 241, Data: 9C27360033002403, Celsius: 39, A: +0.54, rev/s: +0.142,  rev: +2.233
2024/04/15 15:01:17 ID: 241, Data: 9C27520051002E03, Celsius: 39, A: +0.82, rev/s: +0.225,  rev: +2.261
2024/04/15 15:01:17 ID: 241, Data: 9C261D00DD003903, Celsius: 38, A: +0.29, rev/s: +0.614,  rev: +2.292
2024/04/15 15:01:17 ID: 241, Data: 9C27320025004503, Celsius: 39, A: +0.50, rev/s: +0.103,  rev: +2.325
2024/04/15 15:01:18 ID: 241, Data: 9C27200055005003, Celsius: 39, A: +0.32, rev/s: +0.236,  rev: +2.356
2024/04/15 15:01:18 ID: 241, Data: 9C271100AD005B03, Celsius: 39, A: +0.17, rev/s: +0.481,  rev: +2.386
2024/04/15 15:01:18 ID: 241, Data: 9C2740002E006503, Celsius: 39, A: +0.64, rev/s: +0.128,  rev: +2.414
2024/04/15 15:01:18 ID: 241, Data: 9C271D00AA007003, Celsius: 39, A: +0.29, rev/s: +0.472,  rev: +2.444
2024/04/15 15:01:18 ID: 241, Data: 9C272C0052007C03, Celsius: 39, A: +0.44, rev/s: +0.228,  rev: +2.478
2024/04/15 15:01:18 ID: 241, Data: 9C2727005B008703, Celsius: 39, A: +0.39, rev/s: +0.253,  rev: +2.508
2024/04/15 15:01:18 ID: 241, Data: 9C2714000F019203, Celsius: 39, A: +0.20, rev/s: +0.753,  rev: +2.539
2024/04/15 15:01:18 ID: 241, Data: 9C2730002D009E03, Celsius: 39, A: +0.48, rev/s: +0.125,  rev: +2.572
2024/04/15 15:01:18 ID: 241, Data: 9C2719009900A803, Celsius: 39, A: +0.25, rev/s: +0.425,  rev: +2.600
2024/04/15 15:01:19 ID: 241, Data: 9C270D00B300B403, Celsius: 39, A: +0.13, rev/s: +0.497,  rev: +2.633
2024/04/15 15:01:19 ID: 241, Data: 9C273A004300BD03, Celsius: 39, A: +0.58, rev/s: +0.186,  rev: +2.658
2024/04/15 15:01:19 ID: 241, Data: 9C2713009E00C903, Celsius: 39, A: +0.19, rev/s: +0.439,  rev: +2.692
2024/04/15 15:01:19 ID: 241, Data: 9C271E005100D403, Celsius: 39, A: +0.30, rev/s: +0.225,  rev: +2.722
2024/04/15 15:01:19 ID: 241, Data: 9C2728006D00DF03, Celsius: 39, A: +0.40, rev/s: +0.303,  rev: +2.753
2024/04/15 15:01:19 ID: 241, Data: 9C2712007000EB03, Celsius: 39, A: +0.18, rev/s: +0.311,  rev: +2.786
2024/04/15 15:01:19 ID: 241, Data: 9C2734002800F603, Celsius: 39, A: +0.52, rev/s: +0.111,  rev: +2.817
2024/04/15 15:01:19 ID: 241, Data: 9C271C00C2000004, Celsius: 39, A: +0.28, rev/s: +0.539,  rev: +2.844
2024/04/15 15:01:19 ID: 241, Data: 9C2729005F000D04, Celsius: 39, A: +0.41, rev/s: +0.264,  rev: +2.881
2024/04/15 15:01:19 ID: 241, Data: 9C272D007C001604, Celsius: 39, A: +0.45, rev/s: +0.344,  rev: +2.906
2024/04/15 15:01:20 ID: 241, Data: 9C27120074002304, Celsius: 39, A: +0.18, rev/s: +0.322,  rev: +2.942
2024/04/15 15:01:20 ID: 241, Data: 9C2724003D002D04, Celsius: 39, A: +0.36, rev/s: +0.169,  rev: +2.969
2024/04/15 15:01:20 ID: 241, Data: 9C270F008B003804, Celsius: 39, A: +0.15, rev/s: +0.386,  rev: +3.000
2024/04/15 15:01:20 ID: 241, Data: 9C27120065004404, Celsius: 39, A: +0.18, rev/s: +0.281,  rev: +3.033
2024/04/15 15:01:20 ID: 241, Data: 9C272B005D004E04, Celsius: 39, A: +0.43, rev/s: +0.258,  rev: +3.061
2024/04/15 15:01:20 ID: 241, Data: 9C262400D3005904, Celsius: 38, A: +0.36, rev/s: +0.586,  rev: +3.092
2024/04/15 15:01:20 ID: 241, Data: 9C27430035006504, Celsius: 39, A: +0.67, rev/s: +0.147,  rev: +3.125
2024/04/15 15:01:20 ID: 241, Data: 9C2759003E006E04, Celsius: 39, A: +0.89, rev/s: +0.172,  rev: +3.150
2024/04/15 15:01:20 ID: 241, Data: 9C273500CF007B04, Celsius: 39, A: +0.53, rev/s: +0.575,  rev: +3.186
2024/04/15 15:01:20 ID: 241, Data: 9C2741005F008704, Celsius: 39, A: +0.65, rev/s: +0.264,  rev: +3.219
2024/04/15 15:01:21 ID: 241, Data: 9C272E00DA009004, Celsius: 39, A: +0.46, rev/s: +0.606,  rev: +3.244
2024/04/15 15:01:21 ID: 241, Data: 9C27430025009D04, Celsius: 39, A: +0.67, rev/s: +0.103,  rev: +3.281
2024/04/15 15:01:21 ID: 241, Data: 9C272F005200A704, Celsius: 39, A: +0.47, rev/s: +0.228,  rev: +3.308
2024/04/15 15:01:21 ID: 241, Data: 9C261B00CC00B204, Celsius: 38, A: +0.27, rev/s: +0.567,  rev: +3.339
2024/04/15 15:01:21 ID: 241, Data: 9C272E003700BD04, Celsius: 39, A: +0.46, rev/s: +0.153,  rev: +3.369
2024/04/15 15:01:21 ID: 241, Data: 9C2728007600C804, Celsius: 39, A: +0.40, rev/s: +0.328,  rev: +3.400
2024/04/15 15:01:21 ID: 241, Data: 9C272E00A100D404, Celsius: 39, A: +0.46, rev/s: +0.447,  rev: +3.433
2024/04/15 15:01:21 ID: 241, Data: 9C2757002E00DD04, Celsius: 39, A: +0.87, rev/s: +0.128,  rev: +3.458
2024/04/15 15:01:21 ID: 241, Data: 9C274000D200E804, Celsius: 39, A: +0.64, rev/s: +0.583,  rev: +3.489
2024/04/15 15:01:21 ID: 241, Data: 9C275F002200F404, Celsius: 39, A: +0.95, rev/s: +0.094,  rev: +3.522
2024/04/15 15:01:22 ID: 241, Data: 9C2762006400FE04, Celsius: 39, A: +0.98, rev/s: +0.278,  rev: +3.550
2024/04/15 15:01:22 ID: 241, Data: 9C27400037000C05, Celsius: 39, A: +0.64, rev/s: +0.153,  rev: +3.589
2024/04/15 15:01:22 ID: 241, Data: 9C2755000E001505, Celsius: 39, A: +0.85, rev/s: +0.039,  rev: +3.614
2024/04/15 15:01:22 ID: 241, Data: 9C271A007D002205, Celsius: 39, A: +0.26, rev/s: +0.347,  rev: +3.650
2024/04/15 15:01:22 ID: 241, Data: 9C2731005D002D05, Celsius: 39, A: +0.49, rev/s: +0.258,  rev: +3.681
2024/04/15 15:01:22 ID: 241, Data: 9C274D0030003605, Celsius: 39, A: +0.77, rev/s: +0.133,  rev: +3.706
2024/04/15 15:01:22 ID: 241, Data: 9C273A0080004205, Celsius: 39, A: +0.58, rev/s: +0.356,  rev: +3.739
2024/04/15 15:01:22 ID: 241, Data: 9C2687003E004C05, Celsius: 38, A: +1.35, rev/s: +0.172,  rev: +3.767
2024/04/15 15:01:22 ID: 241, Data: 9C27BF004F005605, Celsius: 39, A: +1.91, rev/s: +0.219,  rev: +3.794
2024/04/15 15:01:23 ID: 241, Data: 9C269F00A3006405, Celsius: 38, A: +1.59, rev/s: +0.453,  rev: +3.833
2024/04/15 15:01:23 ID: 241, Data: 9C27BB0036006F05, Celsius: 39, A: +1.87, rev/s: +0.150,  rev: +3.864
2024/04/15 15:01:23 ID: 241, Data: 9C277500FF007B05, Celsius: 39, A: +1.17, rev/s: +0.708,  rev: +3.897
2024/04/15 15:01:23 ID: 241, Data: 9C277A0036008605, Celsius: 39, A: +1.22, rev/s: +0.150,  rev: +3.928
2024/04/15 15:01:23 ID: 241, Data: 9C2760007C009005, Celsius: 39, A: +0.96, rev/s: +0.344,  rev: +3.956
2024/04/15 15:01:23 ID: 241, Data: 9C27520085009C05, Celsius: 39, A: +0.82, rev/s: +0.369,  rev: +3.989
2024/04/15 15:01:23 ID: 241, Data: 9C2788003900A505, Celsius: 39, A: +1.36, rev/s: +0.158,  rev: +4.014
2024/04/15 15:01:23 ID: 241, Data: 9C27DE002900AE05, Celsius: 39, A: +2.22, rev/s: +0.114,  rev: +4.039
2024/04/15 15:01:23 ID: 241, Data: 9C270B01B600B905, Celsius: 39, A: +2.67, rev/s: +0.506,  rev: +4.069
2024/04/15 15:01:23 ID: 241, Data: 9C2606012101C905, Celsius: 38, A: +2.62, rev/s: +0.803,  rev: +4.114
2024/04/15 15:01:24 ID: 241, Data: 9C268501A500D005, Celsius: 38, A: +3.89, rev/s: +0.458,  rev: +4.133
2024/04/15 15:01:24 ID: 241, Data: 9C27C601A200DC05, Celsius: 39, A: +4.54, rev/s: +0.450,  rev: +4.167
2024/04/15 15:01:24 ID: 241, Data: 9C2716021E00E605, Celsius: 39, A: +5.34, rev/s: +0.083,  rev: +4.194
2024/04/15 15:01:24 ID: 241, Data: 9C26DE000D00FC05, Celsius: 38, A: +2.22, rev/s: +0.036,  rev: +4.256
2024/04/15 15:01:24 ID: 241, Data: 9C2725011200FE05, Celsius: 39, A: +2.93, rev/s: +0.050,  rev: +4.261
2024/04/15 15:01:24 ID: 241, Data: 9C27B600F9FF0D06, Celsius: 39, A: +1.82, rev/s: -0.019,  rev: +4.303
2024/04/15 15:01:24 ID: 241, Data: 9C27E50004001506, Celsius: 39, A: +2.29, rev/s: +0.011,  rev: +4.325
2024/04/15 15:01:24 ID: 241, Data: 9C27490109001C06, Celsius: 39, A: +3.29, rev/s: +0.025,  rev: +4.344
2024/04/15 15:01:24 ID: 241, Data: 9C27C6014A002706, Celsius: 39, A: +4.54, rev/s: +0.206,  rev: +4.375
2024/04/15 15:01:24 ID: 241, Data: 9C276602A3003006, Celsius: 39, A: +6.14, rev/s: +0.453,  rev: +4.400
2024/04/15 15:01:25 ID: 241, Data: 9C27F201CE004706, Celsius: 39, A: +4.98, rev/s: +0.572,  rev: +4.464
2024/04/15 15:01:25 ID: 241, Data: 9C272C0205004C06, Celsius: 39, A: +5.56, rev/s: +0.014,  rev: +4.478
2024/04/15 15:01:25 ID: 241, Data: 9C2793025A005606, Celsius: 39, A: +6.59, rev/s: +0.250,  rev: +4.506
2024/04/15 15:01:25 ID: 241, Data: 9C278F010D036306, Celsius: 39, A: +3.99, rev/s: +2.169,  rev: +4.542
2024/04/15 15:01:25 ID: 241, Data: 9C27EBFFA8FF7906, Celsius: 39, A: -0.21, rev/s: -0.244,  rev: +4.603
2024/04/15 15:01:25 ID: 241, Data: 9C270B00FDFF7806, Celsius: 39, A: +0.11, rev/s: -0.008,  rev: +4.600
2024/04/15 15:01:25 ID: 241, Data: 9C279E0073007E06, Celsius: 39, A: +1.58, rev/s: +0.319,  rev: +4.617
2024/04/15 15:01:25 ID: 241, Data: 9C27860039008C06, Celsius: 39, A: +1.34, rev/s: +0.158,  rev: +4.656
2024/04/15 15:01:25 ID: 241, Data: 9C27CF003A009606, Celsius: 39, A: +2.07, rev/s: +0.161,  rev: +4.683
2024/04/15 15:01:25 ID: 241, Data: 9C273A0170009F06, Celsius: 39, A: +3.14, rev/s: +0.311,  rev: +4.708
2024/04/15 15:01:26 ID: 241, Data: 9C27D2012E00AB06, Celsius: 39, A: +4.66, rev/s: +0.128,  rev: +4.742
2024/04/15 15:01:26 ID: 241, Data: 9C278A026500B506, Celsius: 39, A: +6.50, rev/s: +0.281,  rev: +4.769
2024/04/15 15:01:26 ID: 241, Data: 9C273A035900BF06, Celsius: 39, A: +8.26, rev/s: +0.247,  rev: +4.797
2024/04/15 15:01:26 ID: 241, Data: 9C27AA031C00C406, Celsius: 39, A: +9.38, rev/s: +0.078,  rev: +4.811
2024/04/15 15:01:26 ID: 241, Data: 9C276E03FFFFC706, Celsius: 39, A: +8.78, rev/s: -0.003,  rev: +4.819
2024/04/15 15:01:26 ID: 241, Data: 9C2765031800C706, Celsius: 39, A: +8.69, rev/s: +0.067,  rev: +4.819
2024/04/15 15:01:26 ID: 241, Data: 9C276003FAFFC706, Celsius: 39, A: +8.64, rev/s: -0.017,  rev: +4.819
2024/04/15 15:01:26 ID: 241, Data: 9C275D030500C706, Celsius: 39, A: +8.61, rev/s: +0.014,  rev: +4.819
2024/04/15 15:01:26 ID: 241, Data: 9C275D030300C706, Celsius: 39, A: +8.61, rev/s: +0.008,  rev: +4.819
2024/04/15 15:01:27 ID: 241, Data: 9C285C030500C706, Celsius: 40, A: +8.60, rev/s: +0.014,  rev: +4.819
2024/04/15 15:01:27 ID: 241, Data: 9C285C030A00C806, Celsius: 40, A: +8.60, rev/s: +0.028,  rev: +4.822
2024/04/15 15:01:27 ID: 241, Data: 9C285C030900C806, Celsius: 40, A: +8.60, rev/s: +0.025,  rev: +4.822
2024/04/15 15:01:27 ID: 241, Data: 9C285E03E1FFC806, Celsius: 40, A: +8.62, rev/s: -0.086,  rev: +4.822
2024/04/15 15:01:27 ID: 241, Data: 9C2861030500C806, Celsius: 40, A: +8.65, rev/s: +0.014,  rev: +4.822
2024/04/15 15:01:27 ID: 241, Data: 9C2832031100CB06, Celsius: 40, A: +8.18, rev/s: +0.047,  rev: +4.831
2024/04/15 15:01:27 ID: 241, Data: 9C283A031500CC06, Celsius: 40, A: +8.26, rev/s: +0.058,  rev: +4.833
2024/04/15 15:01:27 ID: 241, Data: 9C283D031900CC06, Celsius: 40, A: +8.29, rev/s: +0.069,  rev: +4.833
2024/04/15 15:01:27 ID: 241, Data: 9C283F030000CC06, Celsius: 40, A: +8.31, rev/s: +0.000,  rev: +4.833
2024/04/15 15:01:27 ID: 241, Data: 9C2844030B00CC06, Celsius: 40, A: +8.36, rev/s: +0.031,  rev: +4.833
2024/04/15 15:01:28 ID: 241, Data: 9C284A030600CC06, Celsius: 40, A: +8.42, rev/s: +0.017,  rev: +4.833
2024/04/15 15:01:28 ID: 241, Data: 9C2867030200CD06, Celsius: 40, A: +8.71, rev/s: +0.006,  rev: +4.836
2024/04/15 15:01:28 ID: 241, Data: 9C2954032F00D006, Celsius: 41, A: +8.52, rev/s: +0.131,  rev: +4.844
2024/04/15 15:01:28 ID: 241, Data: 9C29AD02A701DD06, Celsius: 41, A: +6.85, rev/s: +1.175,  rev: +4.881
2024/04/15 15:01:28 ID: 241, Data: 9C292703B6002A07, Celsius: 41, A: +8.07, rev/s: +0.506,  rev: +5.094
2024/04/15 15:01:28 ID: 241, Data: 9C297C03F1FF2D07, Celsius: 41, A: +8.92, rev/s: -0.042,  rev: +5.103
2024/04/15 15:01:28 ID: 241, Data: 9C297A03F9FF2D07, Celsius: 41, A: +8.90, rev/s: -0.019,  rev: +5.103
2024/04/15 15:01:28 ID: 241, Data: 9C2A7803F2FF2D07, Celsius: 42, A: +8.88, rev/s: -0.039,  rev: +5.103
2024/04/15 15:01:28 ID: 241, Data: 9C2A710311002D07, Celsius: 42, A: +8.81, rev/s: +0.047,  rev: +5.103
2024/04/15 15:01:28 ID: 241, Data: 9C2A6D0306002D07, Celsius: 42, A: +8.77, rev/s: +0.017,  rev: +5.103
2024/04/15 15:01:29 ID: 241, Data: 9C2A7003F0FF2D07, Celsius: 42, A: +8.80, rev/s: -0.044,  rev: +5.103
2024/04/15 15:01:29 ID: 241, Data: 9C2A6C03FCFF2D07, Celsius: 42, A: +8.76, rev/s: -0.011,  rev: +5.103
2024/04/15 15:01:29 ID: 241, Data: 9C2A6C03DEFF2D07, Celsius: 42, A: +8.76, rev/s: -0.094,  rev: +5.103
2024/04/15 15:01:29 ID: 241, Data: 9C2B6B0309002D07, Celsius: 43, A: +8.75, rev/s: +0.025,  rev: +5.103
2024/04/15 15:01:29 ID: 241, Data: 9C2B6403EAFF2D07, Celsius: 43, A: +8.68, rev/s: -0.061,  rev: +5.103
2024/04/15 15:01:29 ID: 241, Data: 9C2B6703F3FF2D07, Celsius: 43, A: +8.71, rev/s: -0.036,  rev: +5.103
2024/04/15 15:01:29 ID: 241, Data: 9C2B650315002D07, Celsius: 43, A: +8.69, rev/s: +0.058,  rev: +5.103
2024/04/15 15:01:29 ID: 241, Data: 9C2B620301002D07, Celsius: 43, A: +8.66, rev/s: +0.003,  rev: +5.103
2024/04/15 15:01:29 ID: 241, Data: 9C2B620306002D07, Celsius: 43, A: +8.66, rev/s: +0.017,  rev: +5.103
2024/04/15 15:01:29 ID: 241, Data: 9C2B60030A002D07, Celsius: 43, A: +8.64, rev/s: +0.028,  rev: +5.103
2024/04/15 15:01:30 ID: 241, Data: 9C2B610302002D07, Celsius: 43, A: +8.65, rev/s: +0.006,  rev: +5.103
2024/04/15 15:01:30 ID: 241, Data: 9C2B5C03E3FF2D07, Celsius: 43, A: +8.60, rev/s: -0.081,  rev: +5.103
2024/04/15 15:01:30 ID: 241, Data: 9C2B5C0302002D07, Celsius: 43, A: +8.60, rev/s: +0.006,  rev: +5.103
2024/04/15 15:01:30 ID: 241, Data: 9C2B5B0316002D07, Celsius: 43, A: +8.59, rev/s: +0.061,  rev: +5.103
2024/04/15 15:01:30 ID: 241, Data: 9C2B59030B002D07, Celsius: 43, A: +8.57, rev/s: +0.031,  rev: +5.103
2024/04/15 15:01:30 ID: 241, Data: 9C2B5B03FDFF2D07, Celsius: 43, A: +8.59, rev/s: -0.008,  rev: +5.103
2024/04/15 15:01:30 ID: 241, Data: 9C2B560313002D07, Celsius: 43, A: +8.54, rev/s: +0.053,  rev: +5.103
2024/04/15 15:01:30 ID: 241, Data: 9C2B5903EDFF2D07, Celsius: 43, A: +8.57, rev/s: -0.053,  rev: +5.103
2024/04/15 15:01:30 ID: 241, Data: 9C2B5303F0FF2D07, Celsius: 43, A: +8.51, rev/s: -0.044,  rev: +5.103
2024/04/15 15:01:31 ID: 241, Data: 9C2B560308002D07, Celsius: 43, A: +8.54, rev/s: +0.022,  rev: +5.103
2024/04/15 15:01:31 ID: 241, Data: 9C2B5803F8FF2D07, Celsius: 43, A: +8.56, rev/s: -0.022,  rev: +5.103
2024/04/15 15:01:31 ID: 241, Data: 9C2C5303FAFF2D07, Celsius: 44, A: +8.51, rev/s: -0.017,  rev: +5.103
2024/04/15 15:01:31 ID: 241, Data: 9C2B540312002D07, Celsius: 43, A: +8.52, rev/s: +0.050,  rev: +5.103
2024/04/15 15:01:31 ID: 241, Data: 9C2C4F03EFFF2D07, Celsius: 44, A: +8.47, rev/s: -0.047,  rev: +5.103
2024/04/15 15:01:31 ID: 241, Data: 9C2C5503F3FF2D07, Celsius: 44, A: +8.53, rev/s: -0.036,  rev: +5.103
2024/04/15 15:01:31 ID: 241, Data: 9C2C510313002D07, Celsius: 44, A: +8.49, rev/s: +0.053,  rev: +5.103
2024/04/15 15:01:31 ID: 241, Data: 9C2C4C0314002D07, Celsius: 44, A: +8.44, rev/s: +0.056,  rev: +5.103
2024/04/15 15:01:31 ID: 241, Data: 9C2C4F030B002D07, Celsius: 44, A: +8.47, rev/s: +0.031,  rev: +5.103
2024/04/15 15:01:31 ID: 241, Data: 9C2C4A0300002D07, Celsius: 44, A: +8.42, rev/s: +0.000,  rev: +5.103
2024/04/15 15:01:32 ID: 241, Data: 9C2C4C0303002D07, Celsius: 44, A: +8.44, rev/s: +0.008,  rev: +5.103
2024/04/15 15:01:32 ID: 241, Data: 9C2C4C0314002D07, Celsius: 44, A: +8.44, rev/s: +0.056,  rev: +5.103
2024/04/15 15:01:32 ID: 241, Data: 9C2C4A0301002D07, Celsius: 44, A: +8.42, rev/s: +0.003,  rev: +5.103
2024/04/15 15:01:32 ID: 241, Data: 9C2C450317002D07, Celsius: 44, A: +8.37, rev/s: +0.064,  rev: +5.103
2024/04/15 15:01:32 ID: 241, Data: 9C2C4703E9FF2D07, Celsius: 44, A: +8.39, rev/s: -0.064,  rev: +5.103
2024/04/15 15:01:32 ID: 241, Data: 9C2C4703FEFF2D07, Celsius: 44, A: +8.39, rev/s: -0.006,  rev: +5.103
2024/04/15 15:01:32 ID: 241, Data: 9C2C48030A002D07, Celsius: 44, A: +8.40, rev/s: +0.028,  rev: +5.103
2024/04/15 15:01:32 ID: 241, Data: 9C2C4603E0FF2D07, Celsius: 44, A: +8.38, rev/s: -0.089,  rev: +5.103
2024/04/15 15:01:32 ID: 241, Data: 9C2C4503F7FF2D07, Celsius: 44, A: +8.37, rev/s: -0.025,  rev: +5.103
2024/04/15 15:01:32 ID: 241, Data: 9C2C48030F002D07, Celsius: 44, A: +8.40, rev/s: +0.042,  rev: +5.103
2024/04/15 15:01:33 ID: 241, Data: 9C2C42030C002D07, Celsius: 44, A: +8.34, rev/s: +0.033,  rev: +5.103
2024/04/15 15:01:33 ID: 241, Data: 9C2C4403FFFF2D07, Celsius: 44, A: +8.36, rev/s: -0.003,  rev: +5.103
2024/04/15 15:01:33 ID: 241, Data: 9C2C4503F4FF2D07, Celsius: 44, A: +8.37, rev/s: -0.033,  rev: +5.103
2024/04/15 15:01:33 ID: 241, Data: 9C2C4303FFFF2D07, Celsius: 44, A: +8.35, rev/s: -0.003,  rev: +5.103
2024/04/15 15:01:33 ID: 241, Data: 9C2C3E0304002D07, Celsius: 44, A: +8.30, rev/s: +0.011,  rev: +5.103
2024/04/15 15:01:33 ID: 241, Data: 9C2C410328002D07, Celsius: 44, A: +8.33, rev/s: +0.111,  rev: +5.103
2024/04/15 15:01:33 ID: 241, Data: 9C2C4403EFFF2D07, Celsius: 44, A: +8.36, rev/s: -0.047,  rev: +5.103
2024/04/15 15:01:33 ID: 241, Data: 9C2C3D030A002D07, Celsius: 44, A: +8.29, rev/s: +0.028,  rev: +5.103
2024/04/15 15:01:33 ID: 241, Data: 9C2C3D03FDFF2D07, Celsius: 44, A: +8.29, rev/s: -0.008,  rev: +5.103
2024/04/15 15:01:34 ID: 241, Data: 9C2C3A0311002D07, Celsius: 44, A: +8.26, rev/s: +0.047,  rev: +5.103
2024/04/15 15:01:34 ID: 241, Data: 9C2C3C0313002D07, Celsius: 44, A: +8.28, rev/s: +0.053,  rev: +5.103
2024/04/15 15:01:34 ID: 241, Data: 9C2C38030C002D07, Celsius: 44, A: +8.24, rev/s: +0.033,  rev: +5.103
2024/04/15 15:01:34 ID: 241, Data: 9C2C3B03FAFF2D07, Celsius: 44, A: +8.27, rev/s: -0.017,  rev: +5.103
2024/04/15 15:01:34 ID: 241, Data: 9C2C3A0304002D07, Celsius: 44, A: +8.26, rev/s: +0.011,  rev: +5.103
2024/04/15 15:01:34 ID: 241, Data: 9C2C3403F8FF2D07, Celsius: 44, A: +8.20, rev/s: -0.022,  rev: +5.103
2024/04/15 15:01:34 ID: 241, Data: 9C2C3A0309002D07, Celsius: 44, A: +8.26, rev/s: +0.025,  rev: +5.103
2024/04/15 15:01:34 ID: 241, Data: 9C2C3703D9FF2D07, Celsius: 44, A: +8.23, rev/s: -0.108,  rev: +5.103
2024/04/15 15:01:34 ID: 241, Data: 9C2C3503EFFF2D07, Celsius: 44, A: +8.21, rev/s: -0.047,  rev: +5.103
2024/04/15 15:01:34 ID: 241, Data: 9C2C350305002D07, Celsius: 44, A: +8.21, rev/s: +0.014,  rev: +5.103
2024/04/15 15:01:35 ID: 241, Data: 9C2C37030E002D07, Celsius: 44, A: +8.23, rev/s: +0.039,  rev: +5.103
2024/04/15 15:01:35 ID: 241, Data: 9C2C35030F002D07, Celsius: 44, A: +8.21, rev/s: +0.042,  rev: +5.103
2024/04/15 15:01:35 ID: 241, Data: 9C2C33030B002D07, Celsius: 44, A: +8.19, rev/s: +0.031,  rev: +5.103
2024/04/15 15:01:35 ID: 241, Data: 9C2C3203F0FF2D07, Celsius: 44, A: +8.18, rev/s: -0.044,  rev: +5.103
2024/04/15 15:01:35 ID: 241, Data: 9C2C340303002D07, Celsius: 44, A: +8.20, rev/s: +0.008,  rev: +5.103
2024/04/15 15:01:35 ID: 241, Data: 9C2C320308002D07, Celsius: 44, A: +8.18, rev/s: +0.022,  rev: +5.103
2024/04/15 15:01:35 ID: 241, Data: 9C2C360300002D07, Celsius: 44, A: +8.22, rev/s: +0.000,  rev: +5.103
2024/04/15 15:01:35 ID: 241, Data: 9C2C3203E9FF2D07, Celsius: 44, A: +8.18, rev/s: -0.064,  rev: +5.103
2024/04/15 15:01:35 ID: 241, Data: 9C2C3403FEFF2D07, Celsius: 44, A: +8.20, rev/s: -0.006,  rev: +5.103
2024/04/15 15:01:35 ID: 241, Data: 9C2C300322002D07, Celsius: 44, A: +8.16, rev/s: +0.094,  rev: +5.103
2024/04/15 15:01:36 ID: 241, Data: 9C2C3103EDFF2D07, Celsius: 44, A: +8.17, rev/s: -0.053,  rev: +5.103
2024/04/15 15:01:36 ID: 241, Data: 9C2C300315002D07, Celsius: 44, A: +8.16, rev/s: +0.058,  rev: +5.103
2024/04/15 15:01:36 ID: 241, Data: 9C2C2F03FDFF2D07, Celsius: 44, A: +8.15, rev/s: -0.008,  rev: +5.103
2024/04/15 15:01:36 ID: 241, Data: 9C2C2E03FBFF2D07, Celsius: 44, A: +8.14, rev/s: -0.014,  rev: +5.103
2024/04/15 15:01:36 ID: 241, Data: 9C2C30030D002D07, Celsius: 44, A: +8.16, rev/s: +0.036,  rev: +5.103
2024/04/15 15:01:36 ID: 241, Data: 9C2C2B03E9FF2D07, Celsius: 44, A: +8.11, rev/s: -0.064,  rev: +5.103
2024/04/15 15:01:36 ID: 241, Data: 9C2C2E0307002D07, Celsius: 44, A: +8.14, rev/s: +0.019,  rev: +5.103
2024/04/15 15:01:36 ID: 241, Data: 9C2C2D0310002D07, Celsius: 44, A: +8.13, rev/s: +0.044,  rev: +5.103
2024/04/15 15:01:36 ID: 241, Data: 9C2C2C0313002D07, Celsius: 44, A: +8.12, rev/s: +0.053,  rev: +5.103
2024/04/15 15:01:36 ID: 241, Data: 9C2C2B03F1FF2D07, Celsius: 44, A: +8.11, rev/s: -0.042,  rev: +5.103
2024/04/15 15:01:37 ID: 241, Data: 9C2C2B03EFFF2D07, Celsius: 44, A: +8.11, rev/s: -0.047,  rev: +5.103
2024/04/15 15:01:37 ID: 241, Data: 9C2C2B0315002D07, Celsius: 44, A: +8.11, rev/s: +0.058,  rev: +5.103
2024/04/15 15:01:37 ID: 241, Data: 9C2C2803FFFF2D07, Celsius: 44, A: +8.08, rev/s: -0.003,  rev: +5.103
2024/04/15 15:01:37 ID: 241, Data: 9C2C2B03E3FF2D07, Celsius: 44, A: +8.11, rev/s: -0.081,  rev: +5.103
2024/04/15 15:01:37 ID: 241, Data: 9C2C2A03F5FF2D07, Celsius: 44, A: +8.10, rev/s: -0.031,  rev: +5.103
2024/04/15 15:01:37 ID: 241, Data: 9C2C2703F2FF2D07, Celsius: 44, A: +8.07, rev/s: -0.039,  rev: +5.103
2024/04/15 15:01:37 ID: 241, Data: 9C2C290305002D07, Celsius: 44, A: +8.09, rev/s: +0.014,  rev: +5.103
2024/04/15 15:01:37 ID: 241, Data: 9C2C29030D002D07, Celsius: 44, A: +8.09, rev/s: +0.036,  rev: +5.103
2024/04/15 15:01:37 ID: 241, Data: 9C2C260303002D07, Celsius: 44, A: +8.06, rev/s: +0.008,  rev: +5.103
2024/04/15 15:01:38 ID: 241, Data: 9C2C2803F8FF2D07, Celsius: 44, A: +8.08, rev/s: -0.022,  rev: +5.103
2024/04/15 15:01:38 ID: 241, Data: 9C2C270308002D07, Celsius: 44, A: +8.07, rev/s: +0.022,  rev: +5.103
2024/04/15 15:01:38 ID: 241, Data: 9C2C270315002D07, Celsius: 44, A: +8.07, rev/s: +0.058,  rev: +5.103
2024/04/15 15:01:38 ID: 241, Data: 9C2C2703FAFF2D07, Celsius: 44, A: +8.07, rev/s: -0.017,  rev: +5.103
2024/04/15 15:01:38 ID: 241, Data: 9C2C270310002D07, Celsius: 44, A: +8.07, rev/s: +0.044,  rev: +5.103
2024/04/15 15:01:38 ID: 241, Data: 9C2C25030E002D07, Celsius: 44, A: +8.05, rev/s: +0.039,  rev: +5.103
2024/04/15 15:01:38 ID: 241, Data: 9C2C25030B002D07, Celsius: 44, A: +8.05, rev/s: +0.031,  rev: +5.103
2024/04/15 15:01:38 ID: 241, Data: 9C2C270318002D07, Celsius: 44, A: +8.07, rev/s: +0.067,  rev: +5.103
2024/04/15 15:01:38 ID: 241, Data: 9C2C2203F4FF2D07, Celsius: 44, A: +8.02, rev/s: -0.033,  rev: +5.103
2024/04/15 15:01:38 ID: 241, Data: 9C2C2303FCFF2D07, Celsius: 44, A: +8.03, rev/s: -0.011,  rev: +5.103
2024/04/15 15:01:39 ID: 241, Data: 9C2C220301002D07, Celsius: 44, A: +8.02, rev/s: +0.003,  rev: +5.103
2024/04/15 15:01:39 ID: 241, Data: 9C2C2403F1FF2D07, Celsius: 44, A: +8.04, rev/s: -0.042,  rev: +5.103
2024/04/15 15:01:39 ID: 241, Data: 9C2C230317002D07, Celsius: 44, A: +8.03, rev/s: +0.064,  rev: +5.103
2024/04/15 15:01:39 ID: 241, Data: 9C2C1E0304002D07, Celsius: 44, A: +7.98, rev/s: +0.011,  rev: +5.103
2024/04/15 15:01:39 ID: 241, Data: 9C2C2103EFFF2D07, Celsius: 44, A: +8.01, rev/s: -0.047,  rev: +5.103
2024/04/15 15:01:39 ID: 241, Data: 9C2C210313002D07, Celsius: 44, A: +8.01, rev/s: +0.053,  rev: +5.103
2024/04/15 15:01:39 ID: 241, Data: 9C2C1F0307002D07, Celsius: 44, A: +7.99, rev/s: +0.019,  rev: +5.103
2024/04/15 15:01:39 ID: 241, Data: 9C2C1E03FAFF2D07, Celsius: 44, A: +7.98, rev/s: -0.017,  rev: +5.103
2024/04/15 15:01:39 ID: 241, Data: 9C2C200309002D07, Celsius: 44, A: +8.00, rev/s: +0.025,  rev: +5.103
2024/04/15 15:01:39 ID: 241, Data: 9C2C1F030A002D07, Celsius: 44, A: +7.99, rev/s: +0.028,  rev: +5.103
2024/04/15 15:01:40 ID: 241, Data: 9C2C1F03FDFF2D07, Celsius: 44, A: +7.99, rev/s: -0.008,  rev: +5.103
2024/04/15 15:01:40 ID: 241, Data: 9C2C280301002D07, Celsius: 44, A: +8.08, rev/s: +0.003,  rev: +5.103
2024/04/15 15:01:40 ID: 241, Data: 9C2C260317002D07, Celsius: 44, A: +8.06, rev/s: +0.064,  rev: +5.103
2024/04/15 15:01:40 ID: 241, Data: 9C2C2C03F0FF2D07, Celsius: 44, A: +8.12, rev/s: -0.044,  rev: +5.103
2024/04/15 15:01:40 ID: 241, Data: 9C2C3003ECFF2D07, Celsius: 44, A: +8.16, rev/s: -0.056,  rev: +5.103
2024/04/15 15:01:40 ID: 241, Data: 9C2C210301002D07, Celsius: 44, A: +8.01, rev/s: +0.003,  rev: +5.103
2024/04/15 15:01:40 ID: 241, Data: 9C2C2003FEFF2D07, Celsius: 44, A: +8.00, rev/s: -0.006,  rev: +5.103
2024/04/15 15:01:40 ID: 241, Data: 9C2C22031F002D07, Celsius: 44, A: +8.02, rev/s: +0.086,  rev: +5.103
2024/04/15 15:01:40 ID: 241, Data: 9C2C210311002D07, Celsius: 44, A: +8.01, rev/s: +0.047,  rev: +5.103
2024/04/15 15:01:40 ID: 241, Data: 9C2C17031A002D07, Celsius: 44, A: +7.91, rev/s: +0.072,  rev: +5.103
2024/04/15 15:01:41 ID: 241, Data: 9C2C0B0321002E07, Celsius: 44, A: +7.79, rev/s: +0.092,  rev: +5.106
2024/04/15 15:01:41 ID: 241, Data: 9C2C110320003607, Celsius: 44, A: +7.85, rev/s: +0.089,  rev: +5.128
2024/04/15 15:01:41 ID: 241, Data: 9C2C1B0320003707, Celsius: 44, A: +7.95, rev/s: +0.089,  rev: +5.131
2024/04/15 15:01:41 ID: 241, Data: 9C2C1D0317003707, Celsius: 44, A: +7.97, rev/s: +0.064,  rev: +5.131
2024/04/15 15:01:41 ID: 241, Data: 9C2C1D03F0FF3707, Celsius: 44, A: +7.97, rev/s: -0.044,  rev: +5.131
2024/04/15 15:01:41 ID: 241, Data: 9C2C1E03EBFF3707, Celsius: 44, A: +7.98, rev/s: -0.058,  rev: +5.131
2024/04/15 15:01:41 ID: 241, Data: 9C2C1F0303003707, Celsius: 44, A: +7.99, rev/s: +0.008,  rev: +5.131
2024/04/15 15:01:41 ID: 241, Data: 9C2C1F0315003707, Celsius: 44, A: +7.99, rev/s: +0.058,  rev: +5.131
2024/04/15 15:01:41 ID: 241, Data: 9C2C210319003707, Celsius: 44, A: +8.01, rev/s: +0.069,  rev: +5.131
2024/04/15 15:01:42 ID: 241, Data: 9C2C1F0307003707, Celsius: 44, A: +7.99, rev/s: +0.019,  rev: +5.131
2024/04/15 15:01:42 ID: 241, Data: 9C2C200313003707, Celsius: 44, A: +8.00, rev/s: +0.053,  rev: +5.131
2024/04/15 15:01:42 ID: 241, Data: 9C2D20030D003707, Celsius: 45, A: +8.00, rev/s: +0.036,  rev: +5.131
2024/04/15 15:01:42 ID: 241, Data: 9C2D2003F8FF3707, Celsius: 45, A: +8.00, rev/s: -0.022,  rev: +5.131
2024/04/15 15:01:42 ID: 241, Data: 9C2D1C0309003707, Celsius: 45, A: +7.96, rev/s: +0.025,  rev: +5.131
2024/04/15 15:01:42 ID: 241, Data: 9C2D1E0304003707, Celsius: 45, A: +7.98, rev/s: +0.011,  rev: +5.131
2024/04/15 15:01:42 ID: 241, Data: 9C2E1E0307003707, Celsius: 46, A: +7.98, rev/s: +0.019,  rev: +5.131
2024/04/15 15:01:42 ID: 241, Data: 9C2E1E031A003707, Celsius: 46, A: +7.98, rev/s: +0.072,  rev: +5.131
2024/04/15 15:01:42 ID: 241, Data: 9C2E1C03F0FF3707, Celsius: 46, A: +7.96, rev/s: -0.044,  rev: +5.131
2024/04/15 15:01:42 ID: 241, Data: 9C2F1C03FDFF3707, Celsius: 47, A: +7.96, rev/s: -0.008,  rev: +5.131
2024/04/15 15:01:43 ID: 241, Data: 9C2F1B0312003707, Celsius: 47, A: +7.95, rev/s: +0.050,  rev: +5.131
2024/04/15 15:01:43 ID: 241, Data: 9C2F1B030D003707, Celsius: 47, A: +7.95, rev/s: +0.036,  rev: +5.131
2024/04/15 15:01:43 ID: 241, Data: 9C2F1A0315003707, Celsius: 47, A: +7.94, rev/s: +0.058,  rev: +5.131
2024/04/15 15:01:43 ID: 241, Data: 9C2F1A03F9FF3707, Celsius: 47, A: +7.94, rev/s: -0.019,  rev: +5.131
2024/04/15 15:01:43 ID: 241, Data: 9C301803EBFF3707, Celsius: 48, A: +7.92, rev/s: -0.058,  rev: +5.131
2024/04/15 15:01:43 ID: 241, Data: 9C301803F2FF3707, Celsius: 48, A: +7.92, rev/s: -0.039,  rev: +5.131
2024/04/15 15:01:43 ID: 241, Data: 9C30170311003707, Celsius: 48, A: +7.91, rev/s: +0.047,  rev: +5.131
2024/04/15 15:01:43 ID: 241, Data: 9C311A0322003807, Celsius: 49, A: +7.94, rev/s: +0.094,  rev: +5.133
2024/04/15 15:01:43 ID: 241, Data: 9C310A0368004407, Celsius: 49, A: +7.78, rev/s: +0.289,  rev: +5.167
2024/04/15 15:01:43 ID: 241, Data: 9C31020344004D07, Celsius: 49, A: +7.70, rev/s: +0.189,  rev: +5.192
2024/04/15 15:01:44 ID: 241, Data: 9C318A010E048507, Celsius: 49, A: +3.94, rev/s: +2.883,  rev: +5.347
2024/04/15 15:01:44 ID: 241, Data: 9C310E0322009E07, Celsius: 49, A: +7.82, rev/s: +0.094,  rev: +5.417
2024/04/15 15:01:44 ID: 241, Data: 9C32BE02D800A607, Celsius: 50, A: +7.02, rev/s: +0.600,  rev: +5.439
2024/04/15 15:01:44 ID: 241, Data: 9C3217030100A707, Celsius: 50, A: +7.91, rev/s: +0.003,  rev: +5.442
2024/04/15 15:01:44 ID: 241, Data: 9C321A030C00A707, Celsius: 50, A: +7.94, rev/s: +0.033,  rev: +5.442
2024/04/15 15:01:44 ID: 241, Data: 9C321E03F3FFA707, Celsius: 50, A: +7.98, rev/s: -0.036,  rev: +5.442
2024/04/15 15:01:44 ID: 241, Data: 9C332103FDFFA707, Celsius: 51, A: +8.01, rev/s: -0.008,  rev: +5.442
2024/04/15 15:01:44 ID: 241, Data: 9C3323031100A707, Celsius: 51, A: +8.03, rev/s: +0.047,  rev: +5.442
2024/04/15 15:01:44 ID: 241, Data: 9C3325031600A707, Celsius: 51, A: +8.05, rev/s: +0.061,  rev: +5.442
2024/04/15 15:01:44 ID: 241, Data: 9C332503FFFFA707, Celsius: 51, A: +8.05, rev/s: -0.003,  rev: +5.442
2024/04/15 15:01:45 ID: 241, Data: 9C342603F5FFA707, Celsius: 52, A: +8.06, rev/s: -0.031,  rev: +5.442
2024/04/15 15:01:45 ID: 241, Data: 9C342703ECFFA707, Celsius: 52, A: +8.07, rev/s: -0.056,  rev: +5.442
2024/04/15 15:01:45 ID: 241, Data: 9C342D03F6FFA707, Celsius: 52, A: +8.13, rev/s: -0.028,  rev: +5.442
2024/04/15 15:01:45 ID: 241, Data: 9C3532030100A707, Celsius: 53, A: +8.18, rev/s: +0.003,  rev: +5.442
2024/04/15 15:01:45 ID: 241, Data: 9C3549031400AC07, Celsius: 53, A: +8.41, rev/s: +0.056,  rev: +5.456
2024/04/15 15:01:45 ID: 241, Data: 9C35E4027800B707, Celsius: 53, A: +7.40, rev/s: +0.333,  rev: +5.486
2024/04/15 15:01:45 ID: 241, Data: 9C364A017E04E207, Celsius: 54, A: +3.30, rev/s: +3.194,  rev: +5.606
2024/04/15 15:01:45 ID: 241, Data: 9C365F0221022B08, Celsius: 54, A: +6.07, rev/s: +1.514,  rev: +5.808
2024/04/15 15:01:45 ID: 241, Data: 9C36D60022066F08, Celsius: 54, A: +2.14, rev/s: +4.361,  rev: +5.997
2024/04/15 15:01:46 ID: 241, Data: 9C36D8029E009F08, Celsius: 54, A: +7.28, rev/s: +0.439,  rev: +6.131
2024/04/15 15:01:46 ID: 241, Data: 9C3722030100AC08, Celsius: 55, A: +8.02, rev/s: +0.003,  rev: +6.167
2024/04/15 15:01:46 ID: 241, Data: 9C372303F4FFAC08, Celsius: 55, A: +8.03, rev/s: -0.033,  rev: +6.167
2024/04/15 15:01:46 ID: 241, Data: 9C3724030100AC08, Celsius: 55, A: +8.04, rev/s: +0.003,  rev: +6.167
2024/04/15 15:01:46 ID: 241, Data: 9C3823031500AC08, Celsius: 56, A: +8.03, rev/s: +0.058,  rev: +6.167
2024/04/15 15:01:46 ID: 241, Data: 9C3825030800AC08, Celsius: 56, A: +8.05, rev/s: +0.022,  rev: +6.167
2024/04/15 15:01:46 ID: 241, Data: 9C382303E8FFAC08, Celsius: 56, A: +8.03, rev/s: -0.067,  rev: +6.167
2024/04/15 15:01:46 ID: 241, Data: 9C382503E3FFAC08, Celsius: 56, A: +8.05, rev/s: -0.081,  rev: +6.167
2024/04/15 15:01:46 ID: 241, Data: 9C3828030F00AC08, Celsius: 56, A: +8.08, rev/s: +0.042,  rev: +6.167
2024/04/15 15:01:46 ID: 241, Data: 9C39E9025700B408, Celsius: 57, A: +7.45, rev/s: +0.242,  rev: +6.189
2024/04/15 15:01:47 ID: 241, Data: 9C39F5012103F908, Celsius: 57, A: +5.01, rev/s: +2.225,  rev: +6.381
2024/04/15 15:01:47 ID: 241, Data: 9C39C20224012009, Celsius: 57, A: +7.06, rev/s: +0.811,  rev: +6.489
2024/04/15 15:01:47 ID: 241, Data: 9C39770188046E09, Celsius: 57, A: +3.75, rev/s: +3.222,  rev: +6.706
2024/04/15 15:01:47 ID: 241, Data: 9C39EA02A0008E09, Celsius: 57, A: +7.46, rev/s: +0.444,  rev: +6.794
2024/04/15 15:01:47 ID: 241, Data: 9C3A2203FAFF9209, Celsius: 58, A: +8.02, rev/s: -0.017,  rev: +6.806
2024/04/15 15:01:47 ID: 241, Data: 9C3A200311009209, Celsius: 58, A: +8.00, rev/s: +0.047,  rev: +6.806
2024/04/15 15:01:47 ID: 241, Data: 9C3A1E03E0FF9209, Celsius: 58, A: +7.98, rev/s: -0.089,  rev: +6.806
2024/04/15 15:01:47 ID: 241, Data: 9C3A1E03F7FF9209, Celsius: 58, A: +7.98, rev/s: -0.025,  rev: +6.806
2024/04/15 15:01:47 ID: 241, Data: 9C3A1D03FCFF9209, Celsius: 58, A: +7.97, rev/s: -0.011,  rev: +6.806
2024/04/15 15:01:47 ID: 241, Data: 9C3A1C03F5FF9209, Celsius: 58, A: +7.96, rev/s: -0.031,  rev: +6.806
2024/04/15 15:01:48 ID: 241, Data: 9C3B1A030B009309, Celsius: 59, A: +7.94, rev/s: +0.031,  rev: +6.808
2024/04/15 15:01:48 ID: 241, Data: 9C3B1B0305009309, Celsius: 59, A: +7.95, rev/s: +0.014,  rev: +6.808
2024/04/15 15:01:48 ID: 241, Data: 9C3B170300009309, Celsius: 59, A: +7.91, rev/s: +0.000,  rev: +6.808
2024/04/15 15:01:48 ID: 241, Data: 9C3B1703FFFF9309, Celsius: 59, A: +7.91, rev/s: -0.003,  rev: +6.808
2024/04/15 15:01:48 ID: 241, Data: 9C3B170304009309, Celsius: 59, A: +7.91, rev/s: +0.011,  rev: +6.808
2024/04/15 15:01:48 ID: 241, Data: 9C3C180303009309, Celsius: 60, A: +7.92, rev/s: +0.008,  rev: +6.808
2024/04/15 15:01:48 ID: 241, Data: 9C3C170307009309, Celsius: 60, A: +7.91, rev/s: +0.019,  rev: +6.808
2024/04/15 15:01:48 ID: 241, Data: 9C3C1603EBFF9309, Celsius: 60, A: +7.90, rev/s: -0.058,  rev: +6.808
2024/04/15 15:01:48 ID: 241, Data: 9C3C150307009309, Celsius: 60, A: +7.89, rev/s: +0.019,  rev: +6.808
2024/04/15 15:01:48 ID: 241, Data: 9C3D160307009309, Celsius: 61, A: +7.90, rev/s: +0.019,  rev: +6.808
2024/04/15 15:01:49 ID: 241, Data: 9C3D1303F5FF9309, Celsius: 61, A: +7.87, rev/s: -0.031,  rev: +6.808
2024/04/15 15:01:49 ID: 241, Data: 9C3D1503F3FF9309, Celsius: 61, A: +7.89, rev/s: -0.036,  rev: +6.808
2024/04/15 15:01:49 ID: 241, Data: 9C3D1303FAFF9309, Celsius: 61, A: +7.87, rev/s: -0.017,  rev: +6.808
2024/04/15 15:01:49 ID: 241, Data: 9C3E1303FAFF9309, Celsius: 62, A: +7.87, rev/s: -0.017,  rev: +6.808
2024/04/15 15:01:49 ID: 241, Data: 9C3E1403F4FF9309, Celsius: 62, A: +7.88, rev/s: -0.033,  rev: +6.808
2024/04/15 15:01:49 ID: 241, Data: 9C3E12030B009309, Celsius: 62, A: +7.86, rev/s: +0.031,  rev: +6.808
2024/04/15 15:01:49 ID: 241, Data: 9C3E130303009309, Celsius: 62, A: +7.87, rev/s: +0.008,  rev: +6.808
2024/04/15 15:01:49 ID: 241, Data: 9C3F110300009309, Celsius: 63, A: +7.85, rev/s: +0.000,  rev: +6.808
2024/04/15 15:01:49 ID: 241, Data: 9C3F120301009309, Celsius: 63, A: +7.86, rev/s: +0.003,  rev: +6.808
2024/04/15 15:01:50 ID: 241, Data: 9C3F110306009309, Celsius: 63, A: +7.85, rev/s: +0.017,  rev: +6.808
2024/04/15 15:01:50 ID: 241, Data: 9C3F110307009309, Celsius: 63, A: +7.85, rev/s: +0.019,  rev: +6.808
2024/04/15 15:01:50 ID: 241, Data: 9C401003E9FF9309, Celsius: 64, A: +7.84, rev/s: -0.064,  rev: +6.808
2024/04/15 15:01:50 ID: 241, Data: 9C401003FEFF9309, Celsius: 64, A: +7.84, rev/s: -0.006,  rev: +6.808
2024/04/15 15:01:50 ID: 241, Data: 9C401003F1FF9309, Celsius: 64, A: +7.84, rev/s: -0.042,  rev: +6.808
2024/04/15 15:01:50 ID: 241, Data: 9C400E0300009309, Celsius: 64, A: +7.82, rev/s: +0.000,  rev: +6.808
2024/04/15 15:01:50 ID: 241, Data: 9C400D0306009309, Celsius: 64, A: +7.81, rev/s: +0.017,  rev: +6.808
2024/04/15 15:01:50 ID: 241, Data: 9C410E0318009309, Celsius: 65, A: +7.82, rev/s: +0.067,  rev: +6.808
2024/04/15 15:01:50 ID: 241, Data: 9C410E030A009309, Celsius: 65, A: +7.82, rev/s: +0.028,  rev: +6.808
2024/04/15 15:01:50 ID: 241, Data: 9C410D03F0FF9309, Celsius: 65, A: +7.81, rev/s: -0.044,  rev: +6.808
2024/04/15 15:01:51 ID: 241, Data: 9C410D0303009309, Celsius: 65, A: +7.81, rev/s: +0.008,  rev: +6.808
2024/04/15 15:01:51 ID: 241, Data: 9C420D03FEFF9309, Celsius: 66, A: +7.81, rev/s: -0.006,  rev: +6.808
2024/04/15 15:01:51 ID: 241, Data: 9C420C0307009309, Celsius: 66, A: +7.80, rev/s: +0.019,  rev: +6.808
2024/04/15 15:01:51 ID: 241, Data: 9C420C03F4FF9309, Celsius: 66, A: +7.80, rev/s: -0.033,  rev: +6.808
2024/04/15 15:01:51 ID: 241, Data: 9C420B03F4FF9309, Celsius: 66, A: +7.79, rev/s: -0.033,  rev: +6.808
2024/04/15 15:01:51 ID: 241, Data: 9C420A0315009309, Celsius: 66, A: +7.78, rev/s: +0.058,  rev: +6.808
2024/04/15 15:01:51 ID: 241, Data: 9C420A0303009309, Celsius: 66, A: +7.78, rev/s: +0.008,  rev: +6.808
2024/04/15 15:01:51 ID: 241, Data: 9C43090300009309, Celsius: 67, A: +7.77, rev/s: +0.000,  rev: +6.808
2024/04/15 15:01:51 ID: 241, Data: 9C43090310009309, Celsius: 67, A: +7.77, rev/s: +0.044,  rev: +6.808
2024/04/15 15:01:51 ID: 241, Data: 9C43080303009309, Celsius: 67, A: +7.76, rev/s: +0.008,  rev: +6.808
2024/04/15 15:01:52 ID: 241, Data: 9C430A0314009309, Celsius: 67, A: +7.78, rev/s: +0.056,  rev: +6.808
2024/04/15 15:01:52 ID: 241, Data: 9C4408030A009309, Celsius: 68, A: +7.76, rev/s: +0.028,  rev: +6.808
2024/04/15 15:01:52 ID: 241, Data: 9C440703F9FF9309, Celsius: 68, A: +7.75, rev/s: -0.019,  rev: +6.808
2024/04/15 15:01:52 ID: 241, Data: 9C44080308009309, Celsius: 68, A: +7.76, rev/s: +0.022,  rev: +6.808
2024/04/15 15:01:52 ID: 241, Data: 9C440803F5FF9309, Celsius: 68, A: +7.76, rev/s: -0.031,  rev: +6.808
2024/04/15 15:01:52 ID: 241, Data: 9C44090307009309, Celsius: 68, A: +7.77, rev/s: +0.019,  rev: +6.808
2024/04/15 15:01:52 ID: 241, Data: 9C4408030C009309, Celsius: 68, A: +7.76, rev/s: +0.033,  rev: +6.808
2024/04/15 15:01:52 ID: 241, Data: 9C450703FAFF9309, Celsius: 69, A: +7.75, rev/s: -0.017,  rev: +6.808
2024/04/15 15:01:52 ID: 241, Data: 9C45060303009309, Celsius: 69, A: +7.74, rev/s: +0.008,  rev: +6.808
2024/04/15 15:01:52 ID: 241, Data: 9C450503FCFF9309, Celsius: 69, A: +7.73, rev/s: -0.011,  rev: +6.808
2024/04/15 15:01:53 ID: 241, Data: 9C45070302009309, Celsius: 69, A: +7.75, rev/s: +0.006,  rev: +6.808
2024/04/15 15:01:53 ID: 241, Data: 9C45070328009309, Celsius: 69, A: +7.75, rev/s: +0.111,  rev: +6.808
2024/04/15 15:01:53 ID: 241, Data: 9C460503FAFF9309, Celsius: 70, A: +7.73, rev/s: -0.017,  rev: +6.808
2024/04/15 15:01:53 ID: 241, Data: 9C460503FDFF9309, Celsius: 70, A: +7.73, rev/s: -0.008,  rev: +6.808
2024/04/15 15:01:53 ID: 241, Data: 9C460603F7FF9309, Celsius: 70, A: +7.74, rev/s: -0.025,  rev: +6.808
2024/04/15 15:01:53 ID: 241, Data: 9C46050306009309, Celsius: 70, A: +7.73, rev/s: +0.017,  rev: +6.808
2024/04/15 15:01:53 ID: 241, Data: 9C460503EEFF9309, Celsius: 70, A: +7.73, rev/s: -0.050,  rev: +6.808
2024/04/15 15:01:53 ID: 241, Data: 9C46030300009309, Celsius: 70, A: +7.71, rev/s: +0.000,  rev: +6.808
2024/04/15 15:01:53 ID: 241, Data: 9C47050302009309, Celsius: 71, A: +7.73, rev/s: +0.006,  rev: +6.808
2024/04/15 15:01:54 ID: 241, Data: 9C470203F5FF9309, Celsius: 71, A: +7.70, rev/s: -0.031,  rev: +6.808
2024/04/15 15:01:54 ID: 241, Data: 9C47030303009309, Celsius: 71, A: +7.71, rev/s: +0.008,  rev: +6.808
2024/04/15 15:01:54 ID: 241, Data: 9C47040305009309, Celsius: 71, A: +7.72, rev/s: +0.014,  rev: +6.808
2024/04/15 15:01:54 ID: 241, Data: 9C470303F7FF9309, Celsius: 71, A: +7.71, rev/s: -0.025,  rev: +6.808
2024/04/15 15:01:54 ID: 241, Data: 9C47020311009309, Celsius: 71, A: +7.70, rev/s: +0.047,  rev: +6.808
2024/04/15 15:01:54 ID: 241, Data: 9C480203F2FF9309, Celsius: 72, A: +7.70, rev/s: -0.039,  rev: +6.808
2024/04/15 15:01:54 ID: 241, Data: 9C480303E4FF9309, Celsius: 72, A: +7.71, rev/s: -0.078,  rev: +6.808
2024/04/15 15:01:54 ID: 241, Data: 9C4801030D009309, Celsius: 72, A: +7.69, rev/s: +0.036,  rev: +6.808
2024/04/15 15:01:54 ID: 241, Data: 9C48010310009309, Celsius: 72, A: +7.69, rev/s: +0.044,  rev: +6.808
2024/04/15 15:01:54 ID: 241, Data: 9C480103F4FF9309, Celsius: 72, A: +7.69, rev/s: -0.033,  rev: +6.808
2024/04/15 15:01:55 ID: 241, Data: 9C49010319009309, Celsius: 73, A: +7.69, rev/s: +0.069,  rev: +6.808
2024/04/15 15:01:55 ID: 241, Data: 9C49000300009309, Celsius: 73, A: +7.68, rev/s: +0.000,  rev: +6.808
2024/04/15 15:01:55 ID: 241, Data: 9C4900031C009309, Celsius: 73, A: +7.68, rev/s: +0.078,  rev: +6.808
2024/04/15 15:01:55 ID: 241, Data: 9C490003FAFF9309, Celsius: 73, A: +7.68, rev/s: -0.017,  rev: +6.808
2024/04/15 15:01:55 ID: 241, Data: 9C4900030D009309, Celsius: 73, A: +7.68, rev/s: +0.036,  rev: +6.808
2024/04/15 15:01:55 ID: 241, Data: 9C4AFF020C009309, Celsius: 74, A: +7.67, rev/s: +0.033,  rev: +6.808
2024/04/15 15:01:55 ID: 241, Data: 9C4A00030F009309, Celsius: 74, A: +7.68, rev/s: +0.042,  rev: +6.808
2024/04/15 15:01:55 ID: 241, Data: 9C4AFF0202009309, Celsius: 74, A: +7.67, rev/s: +0.006,  rev: +6.808
2024/04/15 15:01:55 ID: 241, Data: 9C4AFF020B009309, Celsius: 74, A: +7.67, rev/s: +0.031,  rev: +6.808
2024/04/15 15:01:55 ID: 241, Data: 9C4A0103FCFF9309, Celsius: 74, A: +7.69, rev/s: -0.011,  rev: +6.808
2024/04/15 15:01:56 ID: 241, Data: 9C4AFD020C009309, Celsius: 74, A: +7.65, rev/s: +0.033,  rev: +6.808
2024/04/15 15:01:56 ID: 241, Data: 9C4AFE02FEFF9309, Celsius: 74, A: +7.66, rev/s: -0.006,  rev: +6.808
2024/04/15 15:01:56 ID: 241, Data: 9C4AFF02F5FF9309, Celsius: 74, A: +7.67, rev/s: -0.031,  rev: +6.808
2024/04/15 15:01:56 ID: 241, Data: 9C4BFE0200009309, Celsius: 75, A: +7.66, rev/s: +0.000,  rev: +6.808
2024/04/15 15:01:56 ID: 241, Data: 9C4BFC0212009309, Celsius: 75, A: +7.64, rev/s: +0.050,  rev: +6.808
2024/04/15 15:01:56 ID: 241, Data: 9C4BFC0200009309, Celsius: 75, A: +7.64, rev/s: +0.000,  rev: +6.808
2024/04/15 15:01:56 ID: 241, Data: 9C4BFE02F7FF9309, Celsius: 75, A: +7.66, rev/s: -0.025,  rev: +6.808
2024/04/15 15:01:56 ID: 241, Data: 9C4BFE02EFFF9309, Celsius: 75, A: +7.66, rev/s: -0.047,  rev: +6.808
2024/04/15 15:01:56 ID: 241, Data: 9C4BFD02F0FF9309, Celsius: 75, A: +7.65, rev/s: -0.044,  rev: +6.808
2024/04/15 15:01:56 ID: 241, Data: 9C4BFC02F2FF9309, Celsius: 75, A: +7.64, rev/s: -0.039,  rev: +6.808
2024/04/15 15:01:57 ID: 241, Data: 9C4CFC0205009309, Celsius: 76, A: +7.64, rev/s: +0.014,  rev: +6.808
2024/04/15 15:01:57 ID: 241, Data: 9C4CFC02FAFF9309, Celsius: 76, A: +7.64, rev/s: -0.017,  rev: +6.808
2024/04/15 15:01:57 ID: 241, Data: 9C4CFC02F8FF9309, Celsius: 76, A: +7.64, rev/s: -0.022,  rev: +6.808
2024/04/15 15:01:57 ID: 241, Data: 9C4CFB0206009309, Celsius: 76, A: +7.63, rev/s: +0.017,  rev: +6.808
2024/04/15 15:01:57 ID: 241, Data: 9C4DFC0200009309, Celsius: 77, A: +7.64, rev/s: +0.000,  rev: +6.808
2024/04/15 15:01:57 ID: 241, Data: 9C4CFA0207009309, Celsius: 76, A: +7.62, rev/s: +0.019,  rev: +6.808
2024/04/15 15:01:57 ID: 241, Data: 9C4CFC02EFFF9309, Celsius: 76, A: +7.64, rev/s: -0.047,  rev: +6.808
2024/04/15 15:01:57 ID: 241, Data: 9C4DFB0208009309, Celsius: 77, A: +7.63, rev/s: +0.022,  rev: +6.808
2024/04/15 15:01:57 ID: 241, Data: 9C4DF9021C009309, Celsius: 77, A: +7.61, rev/s: +0.078,  rev: +6.808
2024/04/15 15:01:58 ID: 241, Data: 9C4DF902FFFF9309, Celsius: 77, A: +7.61, rev/s: -0.003,  rev: +6.808
2024/04/15 15:01:58 ID: 241, Data: 9C4DFA020A009309, Celsius: 77, A: +7.62, rev/s: +0.028,  rev: +6.808
2024/04/15 15:01:58 ID: 241, Data: 9C4DFA0209009309, Celsius: 77, A: +7.62, rev/s: +0.025,  rev: +6.808
2024/04/15 15:01:58 ID: 241, Data: 9C4DFA0208009309, Celsius: 77, A: +7.62, rev/s: +0.022,  rev: +6.808
2024/04/15 15:01:58 ID: 241, Data: 9C4EF90201009309, Celsius: 78, A: +7.61, rev/s: +0.003,  rev: +6.808
2024/04/15 15:01:58 ID: 241, Data: 9C4DFA0200009309, Celsius: 77, A: +7.62, rev/s: +0.000,  rev: +6.808
2024/04/15 15:01:58 ID: 241, Data: 9C4EFD02FDFF9309, Celsius: 78, A: +7.65, rev/s: -0.008,  rev: +6.808
2024/04/15 15:01:58 ID: 241, Data: 9C4FFA020F009309, Celsius: 79, A: +7.62, rev/s: +0.042,  rev: +6.808
2024/04/15 15:01:58 ID: 241, Data: 9C4EFB02E4FF9209, Celsius: 78, A: +7.63, rev/s: -0.078,  rev: +6.806
2024/04/15 15:01:58 ID: 241, Data: 9C4FFB02F4FF9209, Celsius: 79, A: +7.63, rev/s: -0.033,  rev: +6.806
2024/04/15 15:01:59 ID: 241, Data: 9C4FFB02FAFF9209, Celsius: 79, A: +7.63, rev/s: -0.017,  rev: +6.806
2024/04/15 15:01:59 ID: 241, Data: 9C4FFB020C009209, Celsius: 79, A: +7.63, rev/s: +0.033,  rev: +6.806
2024/04/15 15:01:59 ID: 241, Data: 9C4EF80212009309, Celsius: 78, A: +7.60, rev/s: +0.050,  rev: +6.808
2024/04/15 15:01:59 ID: 241, Data: 9C4FF70200009309, Celsius: 79, A: +7.59, rev/s: +0.000,  rev: +6.808
2024/04/15 15:01:59 ID: 241, Data: 9C4FFA0212009309, Celsius: 79, A: +7.62, rev/s: +0.050,  rev: +6.808
2024/04/15 15:01:59 ID: 241, Data: 9C4FFC02F1FF9309, Celsius: 79, A: +7.64, rev/s: -0.042,  rev: +6.808
2024/04/15 15:01:59 ID: 241, Data: 9C4FFB0207009309, Celsius: 79, A: +7.63, rev/s: +0.019,  rev: +6.808
2024/04/15 15:01:59 ID: 241, Data: 9C4FDE021D019909, Celsius: 79, A: +7.34, rev/s: +0.792,  rev: +6.825
2024/04/15 15:01:59 ID: 241, Data: 9C503B02FF01E809, Celsius: 80, A: +5.71, rev/s: +1.419,  rev: +7.044
2024/04/15 15:01:59 ID: 241, Data: 9C50EF023A01F809, Celsius: 80, A: +7.51, rev/s: +0.872,  rev: +7.089
2024/04/15 15:02:00 ID: 241, Data: 9C50F7022B00FA09, Celsius: 80, A: +7.59, rev/s: +0.119,  rev: +7.094
2024/04/15 15:02:00 ID: 241, Data: 9C50FE021000FA09, Celsius: 80, A: +7.66, rev/s: +0.044,  rev: +7.094
2024/04/15 15:02:00 ID: 241, Data: 9C500A03FAFFFB09, Celsius: 80, A: +7.78, rev/s: -0.017,  rev: +7.097
2024/04/15 15:02:00 ID: 241, Data: 9C500D031700FB09, Celsius: 80, A: +7.81, rev/s: +0.064,  rev: +7.097
2024/04/15 15:02:00 ID: 241, Data: 9C500D03F3FFFB09, Celsius: 80, A: +7.81, rev/s: -0.036,  rev: +7.097
2024/04/15 15:02:00 ID: 241, Data: 9C510E030900FB09, Celsius: 81, A: +7.82, rev/s: +0.025,  rev: +7.097
2024/04/15 15:02:00 ID: 241, Data: 9C500B030C00FB09, Celsius: 80, A: +7.79, rev/s: +0.033,  rev: +7.097
2024/04/15 15:02:00 ID: 241, Data: 9C510F031900FB09, Celsius: 81, A: +7.83, rev/s: +0.069,  rev: +7.097
2024/04/15 15:02:00 ID: 241, Data: 9C500F03E5FFFB09, Celsius: 80, A: +7.83, rev/s: -0.075,  rev: +7.097
2024/04/15 15:02:00 ID: 241, Data: 9C511303F1FFFB09, Celsius: 81, A: +7.87, rev/s: -0.042,  rev: +7.097
2024/04/15 15:02:01 ID: 241, Data: 9C510F031200FB09, Celsius: 81, A: +7.83, rev/s: +0.050,  rev: +7.097
2024/04/15 15:02:01 ID: 241, Data: 9C5114031400FB09, Celsius: 81, A: +7.88, rev/s: +0.056,  rev: +7.097
2024/04/15 15:02:01 ID: 241, Data: 9C5157031400FC09, Celsius: 81, A: +8.55, rev/s: +0.056,  rev: +7.100
2024/04/15 15:02:01 ID: 241, Data: 9C5107030800FD09, Celsius: 81, A: +7.75, rev/s: +0.022,  rev: +7.103
2024/04/15 15:02:01 ID: 241, Data: 9C5103030400FE09, Celsius: 81, A: +7.71, rev/s: +0.011,  rev: +7.106
2024/04/15 15:02:01 ID: 241, Data: 9C5103030700FE09, Celsius: 81, A: +7.71, rev/s: +0.019,  rev: +7.106
2024/04/15 15:02:01 ID: 241, Data: 9C5104031000FE09, Celsius: 81, A: +7.72, rev/s: +0.044,  rev: +7.106
2024/04/15 15:02:01 ID: 241, Data: 9C5104030000FE09, Celsius: 81, A: +7.72, rev/s: +0.000,  rev: +7.106
2024/04/15 15:02:01 ID: 241, Data: 9C510303F7FFFE09, Celsius: 81, A: +7.71, rev/s: -0.025,  rev: +7.106
2024/04/15 15:02:02 ID: 241, Data: 9C510203E9FFFE09, Celsius: 81, A: +7.70, rev/s: -0.064,  rev: +7.106
2024/04/15 15:02:02 ID: 241, Data: 9C510203F3FFFE09, Celsius: 81, A: +7.70, rev/s: -0.036,  rev: +7.106
2024/04/15 15:02:02 ID: 241, Data: 9C510103F7FFFE09, Celsius: 81, A: +7.69, rev/s: -0.025,  rev: +7.106
2024/04/15 15:02:02 ID: 241, Data: 9C510203E6FFFE09, Celsius: 81, A: +7.70, rev/s: -0.072,  rev: +7.106
2024/04/15 15:02:02 ID: 241, Data: 9C5100030500FE09, Celsius: 81, A: +7.68, rev/s: +0.014,  rev: +7.106
2024/04/15 15:02:02 ID: 241, Data: 9C5100030700FE09, Celsius: 81, A: +7.68, rev/s: +0.019,  rev: +7.106
2024/04/15 15:02:02 ID: 241, Data: 9C50FE021700FE09, Celsius: 80, A: +7.66, rev/s: +0.064,  rev: +7.106
2024/04/15 15:02:02 ID: 241, Data: 9C510003F9FFFE09, Celsius: 81, A: +7.68, rev/s: -0.019,  rev: +7.106
2024/04/15 15:02:02 ID: 241, Data: 9C500003EFFFFE09, Celsius: 80, A: +7.68, rev/s: -0.047,  rev: +7.106
2024/04/15 15:02:02 ID: 241, Data: 9C50FE020C00FE09, Celsius: 80, A: +7.66, rev/s: +0.033,  rev: +7.106
2024/04/15 15:02:03 ID: 241, Data: 9C5000030800FE09, Celsius: 80, A: +7.68, rev/s: +0.022,  rev: +7.106
2024/04/15 15:02:03 ID: 241, Data: 9C50FE02EEFFFE09, Celsius: 80, A: +7.66, rev/s: -0.050,  rev: +7.106
2024/04/15 15:02:03 ID: 241, Data: 9C50FF02EAFFFE09, Celsius: 80, A: +7.67, rev/s: -0.061,  rev: +7.106
2024/04/15 15:02:03 ID: 241, Data: 9C50FC020900FE09, Celsius: 80, A: +7.64, rev/s: +0.025,  rev: +7.106
2024/04/15 15:02:03 ID: 241, Data: 9C50FB020D00FE09, Celsius: 80, A: +7.63, rev/s: +0.036,  rev: +7.106
2024/04/15 15:02:03 ID: 241, Data: 9C50FD02F4FFFE09, Celsius: 80, A: +7.65, rev/s: -0.033,  rev: +7.106
2024/04/15 15:02:03 ID: 241, Data: 9C50FB020000FE09, Celsius: 80, A: +7.63, rev/s: +0.000,  rev: +7.106
2024/04/15 15:02:03 ID: 241, Data: 9C4FFC02FBFFFE09, Celsius: 79, A: +7.64, rev/s: -0.014,  rev: +7.106
2024/04/15 15:02:03 ID: 241, Data: 9C4FFA02FAFFFE09, Celsius: 79, A: +7.62, rev/s: -0.017,  rev: +7.106
2024/04/15 15:02:03 ID: 241, Data: 9C4FF8021300FE09, Celsius: 79, A: +7.60, rev/s: +0.053,  rev: +7.106
2024/04/15 15:02:04 ID: 241, Data: 9C4FFB02EDFFFE09, Celsius: 79, A: +7.63, rev/s: -0.053,  rev: +7.106
2024/04/15 15:02:04 ID: 241, Data: 9C4FF8022500FE09, Celsius: 79, A: +7.60, rev/s: +0.103,  rev: +7.106
2024/04/15 15:02:04 ID: 241, Data: 9C4FFD022200FF09, Celsius: 79, A: +7.65, rev/s: +0.094,  rev: +7.108
2024/04/15 15:02:04 ID: 241, Data: 9C4EEA021700060A, Celsius: 78, A: +7.46, rev/s: +0.064,  rev: +7.128
2024/04/15 15:02:04 ID: 241, Data: 9C4EF4021E00080A, Celsius: 78, A: +7.56, rev/s: +0.083,  rev: +7.133
2024/04/15 15:02:04 ID: 241, Data: 9C4EEA0218000C0A, Celsius: 78, A: +7.46, rev/s: +0.067,  rev: +7.144
2024/04/15 15:02:04 ID: 241, Data: 9C4EEE020D00130A, Celsius: 78, A: +7.50, rev/s: +0.036,  rev: +7.164
2024/04/15 15:02:04 ID: 241, Data: 9C4EE20224001C0A, Celsius: 78, A: +7.38, rev/s: +0.100,  rev: +7.189
2024/04/15 15:02:04 ID: 241, Data: 9C4E7C0257012D0A, Celsius: 78, A: +6.36, rev/s: +0.953,  rev: +7.236
2024/04/15 15:02:04 ID: 241, Data: 9C4ED5026101780A, Celsius: 78, A: +7.25, rev/s: +0.981,  rev: +7.444
2024/04/15 15:02:05 ID: 241, Data: 9C4E4B022502A20A, Celsius: 78, A: +5.87, rev/s: +1.525,  rev: +7.561
2024/04/15 15:02:05 ID: 241, Data: 9C4E9F02E000F60A, Celsius: 78, A: +6.71, rev/s: +0.622,  rev: +7.794
2024/04/15 15:02:05 ID: 241, Data: 9C4DB8029500100B, Celsius: 77, A: +6.96, rev/s: +0.414,  rev: +7.867
2024/04/15 15:02:05 ID: 241, Data: 9C4EFB00E205470B, Celsius: 78, A: +2.51, rev/s: +4.183,  rev: +8.019
2024/04/15 15:02:05 ID: 241, Data: 9C4DB002EE00760B, Celsius: 77, A: +6.88, rev/s: +0.661,  rev: +8.150
2024/04/15 15:02:05 ID: 241, Data: 9C4DB8029B00890B, Celsius: 77, A: +6.96, rev/s: +0.431,  rev: +8.203
2024/04/15 15:02:05 ID: 241, Data: 9C4DF8029800970B, Celsius: 77, A: +7.60, rev/s: +0.422,  rev: +8.242
2024/04/15 15:02:05 ID: 241, Data: 9C4DE502EE00E00B, Celsius: 77, A: +7.41, rev/s: +0.661,  rev: +8.444
2024/04/15 15:02:05 ID: 241, Data: 9C4EE1024C00FC0B, Celsius: 78, A: +7.37, rev/s: +0.211,  rev: +8.522
2024/04/15 15:02:06 ID: 241, Data: 9C4D890201010D0C, Celsius: 77, A: +6.49, rev/s: +0.714,  rev: +8.569
2024/04/15 15:02:06 ID: 241, Data: 9C4D7F025501560C, Celsius: 77, A: +6.39, rev/s: +0.947,  rev: +8.772
2024/04/15 15:02:06 ID: 241, Data: 9C4DC7023B01720C, Celsius: 77, A: +7.11, rev/s: +0.875,  rev: +8.850
2024/04/15 15:02:06 ID: 241, Data: 9C4DD802C700860C, Celsius: 77, A: +7.28, rev/s: +0.553,  rev: +8.906
2024/04/15 15:02:06 ID: 241, Data: 9C4DCF02AE00CD0C, Celsius: 77, A: +7.19, rev/s: +0.483,  rev: +9.103
2024/04/15 15:02:06 ID: 241, Data: 9C4D3D033800D90C, Celsius: 77, A: +8.29, rev/s: +0.156,  rev: +9.136
2024/04/15 15:02:06 ID: 241, Data: 9C4E0F031200DA0C, Celsius: 78, A: +7.83, rev/s: +0.050,  rev: +9.139
2024/04/15 15:02:06 ID: 241, Data: 9C4D00031A00DA0C, Celsius: 77, A: +7.68, rev/s: +0.072,  rev: +9.139
2024/04/15 15:02:06 ID: 241, Data: 9C4DF3021300DA0C, Celsius: 77, A: +7.55, rev/s: +0.053,  rev: +9.139
2024/04/15 15:02:06 ID: 241, Data: 9C4DE4021100DB0C, Celsius: 77, A: +7.40, rev/s: +0.047,  rev: +9.142
2024/04/15 15:02:07 ID: 241, Data: 9C4DEB02E0FFDB0C, Celsius: 77, A: +7.47, rev/s: -0.089,  rev: +9.142
2024/04/15 15:02:07 ID: 241, Data: 9C4DEC02E2FFDB0C, Celsius: 77, A: +7.48, rev/s: -0.083,  rev: +9.142
2024/04/15 15:02:07 ID: 241, Data: 9C4DED020200DB0C, Celsius: 77, A: +7.49, rev/s: +0.006,  rev: +9.142
2024/04/15 15:02:07 ID: 241, Data: 9C4DED021D00DB0C, Celsius: 77, A: +7.49, rev/s: +0.081,  rev: +9.142
2024/04/15 15:02:07 ID: 241, Data: 9C4DEB022600DB0C, Celsius: 77, A: +7.47, rev/s: +0.106,  rev: +9.142
2024/04/15 15:02:07 ID: 241, Data: 9C4DED021000DB0C, Celsius: 77, A: +7.49, rev/s: +0.044,  rev: +9.142
2024/04/15 15:02:07 ID: 241, Data: 9C4DEF021000DB0C, Celsius: 77, A: +7.51, rev/s: +0.044,  rev: +9.142
2024/04/15 15:02:07 ID: 241, Data: 9C4DF1021100DC0C, Celsius: 77, A: +7.53, rev/s: +0.047,  rev: +9.144
2024/04/15 15:02:07 ID: 241, Data: 9C4DBF02A100E30C, Celsius: 77, A: +7.03, rev/s: +0.447,  rev: +9.164
2024/04/15 15:02:07 ID: 241, Data: 9C4DBD022500F00C, Celsius: 77, A: +7.01, rev/s: +0.103,  rev: +9.200
2024/04/15 15:02:08 ID: 241, Data: 9C4DEB022600FD0C, Celsius: 77, A: +7.47, rev/s: +0.106,  rev: +9.236
2024/04/15 15:02:08 ID: 241, Data: 9C4CE3022F01380D, Celsius: 76, A: +7.39, rev/s: +0.842,  rev: +9.400
2024/04/15 15:02:08 ID: 241, Data: 9C4CE902FAFF410D, Celsius: 76, A: +7.45, rev/s: -0.017,  rev: +9.425
2024/04/15 15:02:08 ID: 241, Data: 9C4CE602F8FF420D, Celsius: 76, A: +7.42, rev/s: -0.022,  rev: +9.428
2024/04/15 15:02:08 ID: 241, Data: 9C4BE502FBFF420D, Celsius: 75, A: +7.41, rev/s: -0.014,  rev: +9.428
2024/04/15 15:02:08 ID: 241, Data: 9C4DE502F4FF420D, Celsius: 77, A: +7.41, rev/s: -0.033,  rev: +9.428
2024/04/15 15:02:08 ID: 241, Data: 9C4CE5020000420D, Celsius: 76, A: +7.41, rev/s: +0.000,  rev: +9.428
2024/04/15 15:02:08 ID: 241, Data: 9C4CE7021200420D, Celsius: 76, A: +7.43, rev/s: +0.050,  rev: +9.428
2024/04/15 15:02:08 ID: 241, Data: 9C4C1B033D004C0D, Celsius: 76, A: +7.95, rev/s: +0.169,  rev: +9.456
2024/04/15 15:02:08 ID: 241, Data: 9C4CFA02FEFF4E0D, Celsius: 76, A: +7.62, rev/s: -0.006,  rev: +9.461
2024/04/15 15:02:09 ID: 241, Data: 9C4CF60207004E0D, Celsius: 76, A: +7.58, rev/s: +0.019,  rev: +9.461
2024/04/15 15:02:09 ID: 241, Data: 9C4CF702ECFF4E0D, Celsius: 76, A: +7.59, rev/s: -0.056,  rev: +9.461
2024/04/15 15:02:09 ID: 241, Data: 9C4CF70211004E0D, Celsius: 76, A: +7.59, rev/s: +0.047,  rev: +9.461
2024/04/15 15:02:09 ID: 241, Data: 9C4CF50201004E0D, Celsius: 76, A: +7.57, rev/s: +0.003,  rev: +9.461
2024/04/15 15:02:09 ID: 241, Data: 9C4CF402F8FF4E0D, Celsius: 76, A: +7.56, rev/s: -0.022,  rev: +9.461
2024/04/15 15:02:09 ID: 241, Data: 9C4CF402F5FF4E0D, Celsius: 76, A: +7.56, rev/s: -0.031,  rev: +9.461
2024/04/15 15:02:09 ID: 241, Data: 9C4BF602EEFF4E0D, Celsius: 75, A: +7.58, rev/s: -0.050,  rev: +9.461
2024/04/15 15:02:09 ID: 241, Data: 9C4CF202FFFF4E0D, Celsius: 76, A: +7.54, rev/s: -0.003,  rev: +9.461
2024/04/15 15:02:09 ID: 241, Data: 9C4BF20213004E0D, Celsius: 75, A: +7.54, rev/s: +0.053,  rev: +9.461
2024/04/15 15:02:10 ID: 241, Data: 9C4BF202FDFF4E0D, Celsius: 75, A: +7.54, rev/s: -0.008,  rev: +9.461
2024/04/15 15:02:10 ID: 241, Data: 9C4BF00209004E0D, Celsius: 75, A: +7.52, rev/s: +0.025,  rev: +9.461
2024/04/15 15:02:10 ID: 241, Data: 9C4BF402F8FF4E0D, Celsius: 75, A: +7.56, rev/s: -0.022,  rev: +9.461
2024/04/15 15:02:10 ID: 241, Data: 9C4BF302FEFF4E0D, Celsius: 75, A: +7.55, rev/s: -0.006,  rev: +9.461
2024/04/15 15:02:10 ID: 241, Data: 9C4AF0020A004E0D, Celsius: 74, A: +7.52, rev/s: +0.028,  rev: +9.461
2024/04/15 15:02:10 ID: 241, Data: 9C4BEF0211004E0D, Celsius: 75, A: +7.51, rev/s: +0.047,  rev: +9.461
2024/04/15 15:02:10 ID: 241, Data: 9C4AEF0204004E0D, Celsius: 74, A: +7.51, rev/s: +0.011,  rev: +9.461
2024/04/15 15:02:10 ID: 241, Data: 9C4BF002FAFF4E0D, Celsius: 75, A: +7.52, rev/s: -0.017,  rev: +9.461
2024/04/15 15:02:10 ID: 241, Data: 9C4AEF02E4FF4E0D, Celsius: 74, A: +7.51, rev/s: -0.078,  rev: +9.461
2024/04/15 15:02:10 ID: 241, Data: 9C4AF002F3FF4E0D, Celsius: 74, A: +7.52, rev/s: -0.036,  rev: +9.461
2024/04/15 15:02:11 ID: 241, Data: 9C4AEE02E9FF4E0D, Celsius: 74, A: +7.50, rev/s: -0.064,  rev: +9.461
2024/04/15 15:02:11 ID: 241, Data: 9C4AEF0209004E0D, Celsius: 74, A: +7.51, rev/s: +0.025,  rev: +9.461
2024/04/15 15:02:11 ID: 241, Data: 9C4AEE02FFFF4E0D, Celsius: 74, A: +7.50, rev/s: -0.003,  rev: +9.461
2024/04/15 15:02:11 ID: 241, Data: 9C4AED0217004E0D, Celsius: 74, A: +7.49, rev/s: +0.064,  rev: +9.461
2024/04/15 15:02:11 ID: 241, Data: 9C4AEE02FAFF4E0D, Celsius: 74, A: +7.50, rev/s: -0.017,  rev: +9.461
2024/04/15 15:02:11 ID: 241, Data: 9C49EE0212004E0D, Celsius: 73, A: +7.50, rev/s: +0.050,  rev: +9.461
2024/04/15 15:02:11 ID: 241, Data: 9C49EC0202004E0D, Celsius: 73, A: +7.48, rev/s: +0.006,  rev: +9.461
2024/04/15 15:02:11 ID: 241, Data: 9C49ED0200004E0D, Celsius: 73, A: +7.49, rev/s: +0.000,  rev: +9.461
2024/04/15 15:02:11 ID: 241, Data: 9C49EB02F5FF4E0D, Celsius: 73, A: +7.47, rev/s: -0.031,  rev: +9.461
2024/04/15 15:02:11 ID: 241, Data: 9C49EC02F6FF4E0D, Celsius: 73, A: +7.48, rev/s: -0.028,  rev: +9.461
2024/04/15 15:02:12 ID: 241, Data: 9C49EC0202004E0D, Celsius: 73, A: +7.48, rev/s: +0.006,  rev: +9.461
2024/04/15 15:02:12 ID: 241, Data: 9C49EB020D004E0D, Celsius: 73, A: +7.47, rev/s: +0.036,  rev: +9.461
2024/04/15 15:02:12 ID: 241, Data: 9C49EA02FEFF4E0D, Celsius: 73, A: +7.46, rev/s: -0.006,  rev: +9.461
2024/04/15 15:02:12 ID: 241, Data: 9C49EB02F3FF4E0D, Celsius: 73, A: +7.47, rev/s: -0.036,  rev: +9.461
2024/04/15 15:02:12 ID: 241, Data: 9C48EA0209004E0D, Celsius: 72, A: +7.46, rev/s: +0.025,  rev: +9.461
2024/04/15 15:02:12 ID: 241, Data: 9C48EA0203004E0D, Celsius: 72, A: +7.46, rev/s: +0.008,  rev: +9.461
2024/04/15 15:02:12 ID: 241, Data: 9C48EA02FFFF4E0D, Celsius: 72, A: +7.46, rev/s: -0.003,  rev: +9.461
2024/04/15 15:02:12 ID: 241, Data: 9C48EA0204004E0D, Celsius: 72, A: +7.46, rev/s: +0.011,  rev: +9.461
2024/04/15 15:02:12 ID: 241, Data: 9C48E802FDFF4E0D, Celsius: 72, A: +7.44, rev/s: -0.008,  rev: +9.461
2024/04/15 15:02:12 ID: 241, Data: 9C48E80200004E0D, Celsius: 72, A: +7.44, rev/s: +0.000,  rev: +9.461
2024/04/15 15:02:13 ID: 241, Data: 9C48E902FDFF4E0D, Celsius: 72, A: +7.45, rev/s: -0.008,  rev: +9.461
2024/04/15 15:02:13 ID: 241, Data: 9C48E8020D004E0D, Celsius: 72, A: +7.44, rev/s: +0.036,  rev: +9.461
2024/04/15 15:02:13 ID: 241, Data: 9C48E8020B004E0D, Celsius: 72, A: +7.44, rev/s: +0.031,  rev: +9.461
2024/04/15 15:02:13 ID: 241, Data: 9C47E802F2FF4E0D, Celsius: 71, A: +7.44, rev/s: -0.039,  rev: +9.461
2024/04/15 15:02:13 ID: 241, Data: 9C47E702FAFF4E0D, Celsius: 71, A: +7.43, rev/s: -0.017,  rev: +9.461
2024/04/15 15:02:13 ID: 241, Data: 9C47DE0216004F0D, Celsius: 71, A: +7.34, rev/s: +0.061,  rev: +9.464
2024/04/15 15:02:13 ID: 241, Data: 9C47C9028D00580D, Celsius: 71, A: +7.13, rev/s: +0.392,  rev: +9.489
2024/04/15 15:02:13 ID: 241, Data: 9C47B5028F006D0D, Celsius: 71, A: +6.93, rev/s: +0.397,  rev: +9.547
2024/04/15 15:02:13 ID: 241, Data: 9C47AD023001B70D, Celsius: 71, A: +6.85, rev/s: +0.844,  rev: +9.753
2024/04/15 15:02:14 ID: 241, Data: 9C47CC023800CF0D, Celsius: 71, A: +7.16, rev/s: +0.156,  rev: +9.819
2024/04/15 15:02:14 ID: 241, Data: 9C47DF02C400D90D, Celsius: 71, A: +7.35, rev/s: +0.544,  rev: +9.847
2024/04/15 15:02:14 ID: 241, Data: 9C4790022401EA0D, Celsius: 71, A: +6.56, rev/s: +0.811,  rev: +9.894
2024/04/15 15:02:14 ID: 241, Data: 9C4750022202330E, Celsius: 71, A: +5.92, rev/s: +1.517,  rev: +10.097
2024/04/15 15:02:14 ID: 241, Data: 9C4777017004750E, Celsius: 71, A: +3.75, rev/s: +3.156,  rev: +10.281
2024/04/15 15:02:14 ID: 241, Data: 9C471B02F302D80E, Celsius: 71, A: +5.39, rev/s: +2.097,  rev: +10.556
2024/04/15 15:02:14 ID: 241, Data: 9C470202DB02430F, Celsius: 71, A: +5.14, rev/s: +2.031,  rev: +10.853
2024/04/15 15:02:14 ID: 241, Data: 9C47F2018502A30F, Celsius: 71, A: +4.98, rev/s: +1.792,  rev: +11.119
2024/04/15 15:02:14 ID: 241, Data: 9C477202BB01C80F, Celsius: 71, A: +6.26, rev/s: +1.231,  rev: +11.222
2024/04/15 15:02:14 ID: 241, Data: 9C47E5019B022410, Celsius: 71, A: +4.85, rev/s: +1.853,  rev: +11.478
2024/04/15 15:02:15 ID: 241, Data: 9C473C0148058110, Celsius: 71, A: +3.16, rev/s: +3.756,  rev: +11.736
2024/04/15 15:02:15 ID: 241, Data: 9C478D02A501B210, Celsius: 71, A: +6.53, rev/s: +1.169,  rev: +11.872
2024/04/15 15:02:15 ID: 241, Data: 9C47AB02B0000611, Celsius: 71, A: +6.83, rev/s: +0.489,  rev: +12.106
2024/04/15 15:02:15 ID: 241, Data: 9C46AC0287002411, Celsius: 70, A: +6.84, rev/s: +0.375,  rev: +12.189
2024/04/15 15:02:15 ID: 241, Data: 9C476E0228023D11, Celsius: 71, A: +6.22, rev/s: +1.533,  rev: +12.258
2024/04/15 15:02:15 ID: 241, Data: 9C47DF0231018011, Celsius: 71, A: +7.35, rev/s: +0.847,  rev: +12.444
2024/04/15 15:02:15 ID: 241, Data: 9C46F402D3009E11, Celsius: 70, A: +7.56, rev/s: +0.586,  rev: +12.528
2024/04/15 15:02:15 ID: 241, Data: 9C474D01BD04CD11, Celsius: 71, A: +3.33, rev/s: +3.369,  rev: +12.658
2024/04/15 15:02:15 ID: 241, Data: 9C47F7022A010512, Celsius: 71, A: +7.59, rev/s: +0.828,  rev: +12.814
2024/04/15 15:02:15 ID: 241, Data: 9C46B2014C033212, Celsius: 70, A: +4.34, rev/s: +2.344,  rev: +12.939
2024/04/15 15:02:16 ID: 241, Data: 9C47EA0207017512, Celsius: 71, A: +7.46, rev/s: +0.731,  rev: +13.125
2024/04/15 15:02:16 ID: 241, Data: 9C47F902FDFF8412, Celsius: 71, A: +7.61, rev/s: -0.008,  rev: +13.167
2024/04/15 15:02:16 ID: 241, Data: 9C472E032B008512, Celsius: 71, A: +8.14, rev/s: +0.119,  rev: +13.169
2024/04/15 15:02:16 ID: 241, Data: 9C4655032C008612, Celsius: 70, A: +8.53, rev/s: +0.122,  rev: +13.172
2024/04/15 15:02:16 ID: 241, Data: 9C46D90241018B12, Celsius: 70, A: +7.29, rev/s: +0.892,  rev: +13.186
2024/04/15 15:02:16 ID: 241, Data: 9C47A702D2019C12, Celsius: 71, A: +6.79, rev/s: +1.294,  rev: +13.233
2024/04/15 15:02:16 ID: 241, Data: 9C47B802AE01E912, Celsius: 71, A: +6.96, rev/s: +1.194,  rev: +13.447
2024/04/15 15:02:16 ID: 241, Data: 9C474302AF011113, Celsius: 71, A: +5.79, rev/s: +1.197,  rev: +13.558
2024/04/15 15:02:16 ID: 241, Data: 9C479F0289015813, Celsius: 71, A: +6.71, rev/s: +1.092,  rev: +13.756
2024/04/15 15:02:16 ID: 241, Data: 9C47A9029C007813, Celsius: 71, A: +6.81, rev/s: +0.433,  rev: +13.844
2024/04/15 15:02:17 ID: 241, Data: 9C47A9028B019013, Celsius: 71, A: +6.81, rev/s: +1.097,  rev: +13.911
2024/04/15 15:02:17 ID: 241, Data: 9C47E302FF00CF13, Celsius: 71, A: +7.39, rev/s: +0.708,  rev: +14.086
2024/04/15 15:02:17 ID: 241, Data: 9C486B00D5FED213, Celsius: 72, A: +1.07, rev/s: -0.831,  rev: +14.094
2024/04/15 15:02:17 ID: 241, Data: 9C484900B2FFB913, Celsius: 72, A: +0.73, rev/s: -0.217,  rev: +14.025
2024/04/15 15:02:17 ID: 241, Data: 9C484400E7FFB413, Celsius: 72, A: +0.68, rev/s: -0.069,  rev: +14.011
2024/04/15 15:02:17 ID: 241, Data: 9C4809000A00B313, Celsius: 72, A: +0.09, rev/s: +0.028,  rev: +14.008
2024/04/15 15:02:17 ID: 241, Data: 9C48CCFF0100B313, Celsius: 72, A: -0.52, rev/s: +0.003,  rev: +14.008
2024/04/15 15:02:17 ID: 241, Data: 9C4869002300AC13, Celsius: 72, A: +1.05, rev/s: +0.097,  rev: +13.989
2024/04/15 15:02:17 ID: 241, Data: 9C48A8002100AE13, Celsius: 72, A: +1.68, rev/s: +0.092,  rev: +13.994
