2024/04/15 15:04:54 ID: 241, Data: 9C2F150082FFAB13, Celsius: 47, A: +0.21, rev/s: -0.350,  rev: +13.986
2024/04/15 15:04:54 ID: 241, Data: 9C2F2500BDFF9E13, Celsius: 47, A: +0.37, rev/s: -0.186,  rev: +13.950
2024/04/15 15:04:54 ID: 241, Data: 9C2F360077FF9313, Celsius: 47, A: +0.54, rev/s: -0.381,  rev: +13.919
2024/04/15 15:04:54 ID: 241, Data: 9C2F3100CEFF8913, Celsius: 47, A: +0.49, rev/s: -0.139,  rev: +13.892
2024/04/15 15:04:54 ID: 241, Data: 9C2F240095FF7F13, Celsius: 47, A: +0.36, rev/s: -0.297,  rev: +13.864
2024/04/15 15:04:54 ID: 241, Data: 9C2F210079FF7313, Celsius: 47, A: +0.33, rev/s: -0.375,  rev: +13.831
2024/04/15 15:04:54 ID: 241, Data: 9C2F130097FF6813, Celsius: 47, A: +0.19, rev/s: -0.292,  rev: +13.800
2024/04/15 15:04:54 ID: 241, Data: 9C2F030089FF5E13, Celsius: 47, A: +0.03, rev/s: -0.331,  rev: +13.772
2024/04/15 15:04:55 ID: 241, Data: 9C2FF9FFA2FF5213, Celsius: 47, A: -0.07, rev/s: -0.261,  rev: +13.739
2024/04/15 15:04:55 ID: 241, Data: 9C2FE5FF9CFF4713, Celsius: 47, A: -0.27, rev/s: -0.278,  rev: +13.708
2024/04/15 15:04:55 ID: 241, Data: 9C2FF8FF20FF3C13, Celsius: 47, A: -0.08, rev/s: -0.622,  rev: +13.678
2024/04/15 15:04:55 ID: 241, Data: 9C2FDEFFF5FF3013, Celsius: 47, A: -0.34, rev/s: -0.031,  rev: +13.644
2024/04/15 15:04:55 ID: 241, Data: 9C2FDBFF78FF2613, Celsius: 47, A: -0.37, rev/s: -0.378,  rev: +13.617
2024/04/15 15:04:55 ID: 241, Data: 9C2F000030FF1913, Celsius: 47, A: +0.00, rev/s: -0.578,  rev: +13.581
2024/04/15 15:04:55 ID: 241, Data: 9C2FC9FFCFFF1013, Celsius: 47, A: -0.55, rev/s: -0.136,  rev: +13.556
2024/04/15 15:04:55 ID: 241, Data: 9C2FE1FF29FF0513, Celsius: 47, A: -0.31, rev/s: -0.597,  rev: +13.525
2024/04/15 15:04:55 ID: 241, Data: 9C2FEEFFAEFFF812, Celsius: 47, A: -0.18, rev/s: -0.228,  rev: +13.489
2024/04/15 15:04:55 ID: 241, Data: 9C2FDFFFA9FFEF12, Celsius: 47, A: -0.33, rev/s: -0.242,  rev: +13.464
2024/04/15 15:04:56 ID: 241, Data: 9C2FF7FF4CFFE212, Celsius: 47, A: -0.09, rev/s: -0.500,  rev: +13.428
2024/04/15 15:04:56 ID: 241, Data: 9C2FEEFFEBFFD712, Celsius: 47, A: -0.18, rev/s: -0.058,  rev: +13.397
2024/04/15 15:04:56 ID: 241, Data: 9C2FF5FF89FFCC12, Celsius: 47, A: -0.11, rev/s: -0.331,  rev: +13.367
2024/04/15 15:04:56 ID: 241, Data: 9C2FFDFF23FFC112, Celsius: 47, A: -0.03, rev/s: -0.614,  rev: +13.336
2024/04/15 15:04:56 ID: 241, Data: 9C2FE7FF9EFFB712, Celsius: 47, A: -0.25, rev/s: -0.272,  rev: +13.308
2024/04/15 15:04:56 ID: 241, Data: 9C2F5200ECFFA912, Celsius: 47, A: +0.82, rev/s: -0.056,  rev: +13.269
2024/04/15 15:04:56 ID: 241, Data: 9C2F0C00FDFFA112, Celsius: 47, A: +0.12, rev/s: -0.008,  rev: +13.247
2024/04/15 15:04:56 ID: 241, Data: 9C2FF9FF67FF9712, Celsius: 47, A: -0.07, rev/s: -0.425,  rev: +13.219
2024/04/15 15:04:56 ID: 241, Data: 9C2F08002BFF8912, Celsius: 47, A: +0.08, rev/s: -0.592,  rev: +13.181
2024/04/15 15:04:56 ID: 241, Data: 9C2F09007EFF7F12, Celsius: 47, A: +0.09, rev/s: -0.361,  rev: +13.153
2024/04/15 15:04:57 ID: 241, Data: 9C2F7600DFFF7112, Celsius: 47, A: +1.18, rev/s: -0.092,  rev: +13.114
2024/04/15 15:04:57 ID: 241, Data: 9C2F5900CEFF6A12, Celsius: 47, A: +0.89, rev/s: -0.139,  rev: +13.094
2024/04/15 15:04:57 ID: 241, Data: 9C2F0200CBFF6012, Celsius: 47, A: +0.02, rev/s: -0.147,  rev: +13.067
2024/04/15 15:04:57 ID: 241, Data: 9C2FFDFFBBFF5412, Celsius: 47, A: -0.03, rev/s: -0.192,  rev: +13.033
2024/04/15 15:04:57 ID: 241, Data: 9C2FF2FFC7FF4712, Celsius: 47, A: -0.14, rev/s: -0.158,  rev: +12.997
2024/04/15 15:04:57 ID: 241, Data: 9C2F0800C2FF3B12, Celsius: 47, A: +0.08, rev/s: -0.172,  rev: +12.964
2024/04/15 15:04:57 ID: 241, Data: 9C2F2300C1FF3012, Celsius: 47, A: +0.35, rev/s: -0.175,  rev: +12.933
2024/04/15 15:04:57 ID: 241, Data: 9C2F4E0071FF2512, Celsius: 47, A: +0.78, rev/s: -0.397,  rev: +12.903
2024/04/15 15:04:57 ID: 241, Data: 9C2F6900B7FF1A12, Celsius: 47, A: +1.05, rev/s: -0.203,  rev: +12.872
2024/04/15 15:04:57 ID: 241, Data: 9C2F6200A4FF1012, Celsius: 47, A: +0.98, rev/s: -0.256,  rev: +12.844
2024/04/15 15:04:58 ID: 241, Data: 9C2F7A008DFF0512, Celsius: 47, A: +1.22, rev/s: -0.319,  rev: +12.814
2024/04/15 15:04:58 ID: 241, Data: 9C2F370073FFFC11, Celsius: 47, A: +0.55, rev/s: -0.392,  rev: +12.789
2024/04/15 15:04:58 ID: 241, Data: 9C2F1C009CFFF011, Celsius: 47, A: +0.28, rev/s: -0.278,  rev: +12.756
2024/04/15 15:04:58 ID: 241, Data: 9C2F0F00A6FFE411, Celsius: 47, A: +0.15, rev/s: -0.250,  rev: +12.722
2024/04/15 15:04:58 ID: 241, Data: 9C2FF1FFBBFFD911, Celsius: 47, A: -0.15, rev/s: -0.192,  rev: +12.692
2024/04/15 15:04:58 ID: 241, Data: 9C2FEBFF5BFFCE11, Celsius: 47, A: -0.21, rev/s: -0.458,  rev: +12.661
2024/04/15 15:04:58 ID: 241, Data: 9C2FF0FF7CFFC211, Celsius: 47, A: -0.16, rev/s: -0.367,  rev: +12.628
2024/04/15 15:04:58 ID: 241, Data: 9C2FE4FFD1FFB811, Celsius: 47, A: -0.28, rev/s: -0.131,  rev: +12.600
2024/04/15 15:04:58 ID: 241, Data: 9C2FFEFF56FFAC11, Celsius: 47, A: -0.02, rev/s: -0.472,  rev: +12.567
2024/04/15 15:04:59 ID: 241, Data: 9C2FECFF1B00A011, Celsius: 47, A: -0.20, rev/s: +0.075,  rev: +12.533
2024/04/15 15:04:59 ID: 241, Data: 9C2FE2FFAFFF9711, Celsius: 47, A: -0.30, rev/s: -0.225,  rev: +12.508
2024/04/15 15:04:59 ID: 241, Data: 9C2FFAFF70FF8A11, Celsius: 47, A: -0.06, rev/s: -0.400,  rev: +12.472
2024/04/15 15:04:59 ID: 241, Data: 9C2FECFFC7FF7F11, Celsius: 47, A: -0.20, rev/s: -0.158,  rev: +12.442
2024/04/15 15:04:59 ID: 241, Data: 9C2FDFFF88FF7611, Celsius: 47, A: -0.33, rev/s: -0.333,  rev: +12.417
2024/04/15 15:04:59 ID: 241, Data: 9C2FF4FF78FF6911, Celsius: 47, A: -0.12, rev/s: -0.378,  rev: +12.381
2024/04/15 15:04:59 ID: 241, Data: 9C2FCEFFCCFF6011, Celsius: 47, A: -0.50, rev/s: -0.144,  rev: +12.356
2024/04/15 15:04:59 ID: 241, Data: 9C2FEAFFC6FF5311, Celsius: 47, A: -0.22, rev/s: -0.161,  rev: +12.319
2024/04/15 15:04:59 ID: 241, Data: 9C2FFDFFD7FF4911, Celsius: 47, A: -0.03, rev/s: -0.114,  rev: +12.292
2024/04/15 15:04:59 ID: 241, Data: 9C2FE8FF9FFF3F11, Celsius: 47, A: -0.24, rev/s: -0.269,  rev: +12.264
2024/04/15 15:05:00 ID: 241, Data: 9C2F0100D4FE3211, Celsius: 47, A: +0.01, rev/s: -0.833,  rev: +12.228
2024/04/15 15:05:00 ID: 241, Data: 9C2FC4FFEDFF2811, Celsius: 47, A: -0.60, rev/s: -0.053,  rev: +12.200
2024/04/15 15:05:00 ID: 241, Data: 9C2FF7FF36FF1C11, Celsius: 47, A: -0.09, rev/s: -0.561,  rev: +12.167
2024/04/15 15:05:00 ID: 241, Data: 9C2FFAFF93FF1011, Celsius: 47, A: -0.06, rev/s: -0.303,  rev: +12.133
2024/04/15 15:05:00 ID: 241, Data: 9C2F7F0056FF0211, Celsius: 47, A: +1.27, rev/s: -0.472,  rev: +12.094
2024/04/15 15:05:00 ID: 241, Data: 9C2FA300EAFFFA10, Celsius: 47, A: +1.63, rev/s: -0.061,  rev: +12.072
2024/04/15 15:05:00 ID: 241, Data: 9C2F3C007BFFF310, Celsius: 47, A: +0.60, rev/s: -0.369,  rev: +12.053
2024/04/15 15:05:00 ID: 241, Data: 9C2FF2FF58FFE910, Celsius: 47, A: -0.14, rev/s: -0.467,  rev: +12.025
2024/04/15 15:05:00 ID: 241, Data: 9C2FE7FF0400DA10, Celsius: 47, A: -0.25, rev/s: +0.011,  rev: +11.983
2024/04/15 15:05:00 ID: 241, Data: 9C2F210099FFCE10, Celsius: 47, A: +0.33, rev/s: -0.286,  rev: +11.950
2024/04/15 15:05:01 ID: 241, Data: 9C2F50007CFFC310, Celsius: 47, A: +0.80, rev/s: -0.367,  rev: +11.919
2024/04/15 15:05:01 ID: 241, Data: 9C2F4B00CFFFB810, Celsius: 47, A: +0.75, rev/s: -0.136,  rev: +11.889
2024/04/15 15:05:01 ID: 241, Data: 9C2F640087FFAE10, Celsius: 47, A: +1.00, rev/s: -0.336,  rev: +11.861
2024/04/15 15:05:01 ID: 241, Data: 9C2F8100A3FFA210, Celsius: 47, A: +1.29, rev/s: -0.258,  rev: +11.828
2024/04/15 15:05:01 ID: 241, Data: 9C2FA40095FF9710, Celsius: 47, A: +1.64, rev/s: -0.297,  rev: +11.797
2024/04/15 15:05:01 ID: 241, Data: 9C2F870073FF8E10, Celsius: 47, A: +1.35, rev/s: -0.392,  rev: +11.772
2024/04/15 15:05:01 ID: 241, Data: 9C2F5F0081FF8310, Celsius: 47, A: +0.95, rev/s: -0.353,  rev: +11.742
2024/04/15 15:05:01 ID: 241, Data: 9C2F1700BFFF7910, Celsius: 47, A: +0.23, rev/s: -0.181,  rev: +11.714
2024/04/15 15:05:01 ID: 241, Data: 9C2FF7FF4BFF6D10, Celsius: 47, A: -0.09, rev/s: -0.503,  rev: +11.681
2024/04/15 15:05:01 ID: 241, Data: 9C2FFAFF8BFF6010, Celsius: 47, A: -0.06, rev/s: -0.325,  rev: +11.644
2024/04/15 15:05:02 ID: 241, Data: 9C2F32009AFF5210, Celsius: 47, A: +0.50, rev/s: -0.283,  rev: +11.606
2024/04/15 15:05:02 ID: 241, Data: 9C2F6F00B4FF4710, Celsius: 47, A: +1.11, rev/s: -0.211,  rev: +11.575
2024/04/15 15:05:02 ID: 241, Data: 9C2FF70089FF3B10, Celsius: 47, A: +2.47, rev/s: -0.331,  rev: +11.542
2024/04/15 15:05:02 ID: 241, Data: 9C2FDD00B9FF3410, Celsius: 47, A: +2.21, rev/s: -0.197,  rev: +11.522
2024/04/15 15:05:02 ID: 241, Data: 9C2FAF0093FF2A10, Celsius: 47, A: +1.75, rev/s: -0.303,  rev: +11.494
2024/04/15 15:05:02 ID: 241, Data: 9C2F230118FF1B10, Celsius: 47, A: +2.91, rev/s: -0.644,  rev: +11.453
2024/04/15 15:05:02 ID: 241, Data: 9C2FF100E3FF1410, Celsius: 47, A: +2.41, rev/s: -0.081,  rev: +11.433
2024/04/15 15:05:02 ID: 241, Data: 9C2F710038FF0C10, Celsius: 47, A: +1.13, rev/s: -0.556,  rev: +11.411
2024/04/15 15:05:02 ID: 241, Data: 9C2F500039FFFE0F, Celsius: 47, A: +0.80, rev/s: -0.553,  rev: +11.372
2024/04/15 15:05:03 ID: 241, Data: 9C2FFEFF3CFFF20F, Celsius: 47, A: -0.02, rev/s: -0.544,  rev: +11.339
2024/04/15 15:05:03 ID: 241, Data: 9C2FF6FFEAFEE80F, Celsius: 47, A: -0.10, rev/s: -0.772,  rev: +11.311
2024/04/15 15:05:03 ID: 241, Data: 9C2F5E0091FFD80F, Celsius: 47, A: +0.94, rev/s: -0.308,  rev: +11.267
2024/04/15 15:05:03 ID: 241, Data: 9C2F940082FFCF0F, Celsius: 47, A: +1.48, rev/s: -0.350,  rev: +11.242
2024/04/15 15:05:03 ID: 241, Data: 9C2FB70059FFC50F, Celsius: 47, A: +1.83, rev/s: -0.464,  rev: +11.214
2024/04/15 15:05:03 ID: 241, Data: 9C2FAA00C9FFBA0F, Celsius: 47, A: +1.70, rev/s: -0.153,  rev: +11.183
2024/04/15 15:05:03 ID: 241, Data: 9C2F0C013BFFAD0F, Celsius: 47, A: +2.68, rev/s: -0.547,  rev: +11.147
2024/04/15 15:05:03 ID: 241, Data: 9C2F0C01E8FFA30F, Celsius: 47, A: +2.68, rev/s: -0.067,  rev: +11.119
2024/04/15 15:05:03 ID: 241, Data: 9C2F9F0096FF9D0F, Celsius: 47, A: +1.59, rev/s: -0.294,  rev: +11.103
2024/04/15 15:05:03 ID: 241, Data: 9C2F5B00A6FF900F, Celsius: 47, A: +0.91, rev/s: -0.250,  rev: +11.067
2024/04/15 15:05:04 ID: 241, Data: 9C2F360034FF840F, Celsius: 47, A: +0.54, rev/s: -0.567,  rev: +11.033
2024/04/15 15:05:04 ID: 241, Data: 9C2FFFFF9EFF780F, Celsius: 47, A: -0.01, rev/s: -0.272,  rev: +11.000
2024/04/15 15:05:04 ID: 241, Data: 9C2F440056FE6A0F, Celsius: 47, A: +0.68, rev/s: -1.183,  rev: +10.961
2024/04/15 15:05:04 ID: 241, Data: 9C2FBD006FFF5D0F, Celsius: 47, A: +1.89, rev/s: -0.403,  rev: +10.925
2024/04/15 15:05:04 ID: 241, Data: 9C2F3C01C7FF520F, Celsius: 47, A: +3.16, rev/s: -0.158,  rev: +10.894
2024/04/15 15:05:04 ID: 241, Data: 9C2F5901B1FF4A0F, Celsius: 47, A: +3.45, rev/s: -0.219,  rev: +10.872
2024/04/15 15:05:04 ID: 241, Data: 9C2F5001B5FF410F, Celsius: 47, A: +3.36, rev/s: -0.208,  rev: +10.847
2024/04/15 15:05:04 ID: 241, Data: 9C2F8B0133FF340F, Celsius: 47, A: +3.95, rev/s: -0.569,  rev: +10.811
2024/04/15 15:05:04 ID: 241, Data: 9C2F7001E3FF2A0F, Celsius: 47, A: +3.68, rev/s: -0.081,  rev: +10.783
2024/04/15 15:05:04 ID: 241, Data: 9C2FEC0099FF230F, Celsius: 47, A: +2.36, rev/s: -0.286,  rev: +10.764
2024/04/15 15:05:05 ID: 241, Data: 9C2FA20091FF170F, Celsius: 47, A: +1.62, rev/s: -0.308,  rev: +10.731
2024/04/15 15:05:05 ID: 241, Data: 9C2F3C0072FF0B0F, Celsius: 47, A: +0.60, rev/s: -0.394,  rev: +10.697
2024/04/15 15:05:05 ID: 241, Data: 9C2F000013FFFE0E, Celsius: 47, A: +0.00, rev/s: -0.658,  rev: +10.661
2024/04/15 15:05:05 ID: 241, Data: 9C2F630093FFEE0E, Celsius: 47, A: +0.99, rev/s: -0.303,  rev: +10.617
2024/04/15 15:05:05 ID: 241, Data: 9C2FDC0071FFE20E, Celsius: 47, A: +2.20, rev/s: -0.397,  rev: +10.583
2024/04/15 15:05:05 ID: 241, Data: 9C2FC9009BFFDC0E, Celsius: 47, A: +2.01, rev/s: -0.281,  rev: +10.567
2024/04/15 15:05:05 ID: 241, Data: 9C2FCD00D0FFD10E, Celsius: 47, A: +2.05, rev/s: -0.133,  rev: +10.536
2024/04/15 15:05:05 ID: 241, Data: 9C2F3E019FFFC30E, Celsius: 47, A: +3.18, rev/s: -0.269,  rev: +10.497
2024/04/15 15:05:05 ID: 241, Data: 9C2F1F01BEFFBC0E, Celsius: 47, A: +2.87, rev/s: -0.183,  rev: +10.478
2024/04/15 15:05:05 ID: 241, Data: 9C2FB50088FFB30E, Celsius: 47, A: +1.81, rev/s: -0.333,  rev: +10.453
2024/04/15 15:05:06 ID: 241, Data: 9C2FD5003DFFA50E, Celsius: 47, A: +2.13, rev/s: -0.542,  rev: +10.414
2024/04/15 15:05:06 ID: 241, Data: 9C2F6A00BEFF9D0E, Celsius: 47, A: +1.06, rev/s: -0.183,  rev: +10.392
2024/04/15 15:05:06 ID: 241, Data: 9C2F0000DFFF920E, Celsius: 47, A: +0.00, rev/s: -0.092,  rev: +10.361
2024/04/15 15:05:06 ID: 241, Data: 9C2F0900AAFF830E, Celsius: 47, A: +0.09, rev/s: -0.239,  rev: +10.319
2024/04/15 15:05:06 ID: 241, Data: 9C2F3700D4FF770E, Celsius: 47, A: +0.55, rev/s: -0.122,  rev: +10.286
2024/04/15 15:05:06 ID: 241, Data: 9C2F8500D0FF6A0E, Celsius: 47, A: +1.33, rev/s: -0.133,  rev: +10.250
2024/04/15 15:05:06 ID: 241, Data: 9C2F9900E4FF620E, Celsius: 47, A: +1.53, rev/s: -0.078,  rev: +10.228
2024/04/15 15:05:06 ID: 241, Data: 9C2FDA003CFF570E, Celsius: 47, A: +2.18, rev/s: -0.544,  rev: +10.197
2024/04/15 15:05:06 ID: 241, Data: 9C2F0001C8FF4A0E, Celsius: 47, A: +2.56, rev/s: -0.156,  rev: +10.161
2024/04/15 15:05:07 ID: 241, Data: 9C2FC400C0FF430E, Celsius: 47, A: +1.96, rev/s: -0.178,  rev: +10.142
2024/04/15 15:05:07 ID: 241, Data: 9C2F4E00BDFF390E, Celsius: 47, A: +0.78, rev/s: -0.186,  rev: +10.114
2024/04/15 15:05:07 ID: 241, Data: 9C2F83008EFF2A0E, Celsius: 47, A: +1.31, rev/s: -0.317,  rev: +10.072
2024/04/15 15:05:07 ID: 241, Data: 9C2F2100BAFF220E, Celsius: 47, A: +0.33, rev/s: -0.194,  rev: +10.050
2024/04/15 15:05:07 ID: 241, Data: 9C2FDBFF70FF190E, Celsius: 47, A: -0.37, rev/s: -0.400,  rev: +10.025
2024/04/15 15:05:07 ID: 241, Data: 9C2FD5FFFBFF0B0E, Celsius: 47, A: -0.43, rev/s: -0.014,  rev: +9.986
2024/04/15 15:05:07 ID: 241, Data: 9C2F46008EFFFC0D, Celsius: 47, A: +0.70, rev/s: -0.317,  rev: +9.944
2024/04/15 15:05:07 ID: 241, Data: 9C2F6C0082FFF20D, Celsius: 47, A: +1.08, rev/s: -0.350,  rev: +9.917
2024/04/15 15:05:07 ID: 241, Data: 9C2F7900ABFFE80D, Celsius: 47, A: +1.21, rev/s: -0.236,  rev: +9.889
2024/04/15 15:05:07 ID: 241, Data: 9C2FC50074FFDC0D, Celsius: 47, A: +1.97, rev/s: -0.389,  rev: +9.856
2024/04/15 15:05:08 ID: 241, Data: 9C2F1801B8FFD00D, Celsius: 47, A: +2.80, rev/s: -0.200,  rev: +9.822
2024/04/15 15:05:08 ID: 241, Data: 9C2F2B01C7FFC70D, Celsius: 47, A: +2.99, rev/s: -0.158,  rev: +9.797
2024/04/15 15:05:08 ID: 241, Data: 9C2F8A00CBFFC20D, Celsius: 47, A: +1.38, rev/s: -0.147,  rev: +9.783
2024/04/15 15:05:08 ID: 241, Data: 9C2F900059FFB20D, Celsius: 47, A: +1.44, rev/s: -0.464,  rev: +9.739
2024/04/15 15:05:08 ID: 241, Data: 9C2F5C008FFFA90D, Celsius: 47, A: +0.92, rev/s: -0.314,  rev: +9.714
2024/04/15 15:05:08 ID: 241, Data: 9C2F22002CFF9E0D, Celsius: 47, A: +0.34, rev/s: -0.589,  rev: +9.683
2024/04/15 15:05:08 ID: 241, Data: 9C2F11009EFF900D, Celsius: 47, A: +0.17, rev/s: -0.272,  rev: +9.644
2024/04/15 15:05:08 ID: 241, Data: 9C2F4E0070FF820D, Celsius: 47, A: +0.78, rev/s: -0.400,  rev: +9.606
2024/04/15 15:05:08 ID: 241, Data: 9C2FB000ADFF770D, Celsius: 47, A: +1.76, rev/s: -0.231,  rev: +9.575
2024/04/15 15:05:08 ID: 241, Data: 9C2F1F01CFFF6B0D, Celsius: 47, A: +2.87, rev/s: -0.136,  rev: +9.542
2024/04/15 15:05:09 ID: 241, Data: 9C2F4201CDFF630D, Celsius: 47, A: +3.22, rev/s: -0.142,  rev: +9.519
2024/04/15 15:05:09 ID: 241, Data: 9C2F3301BFFF5A0D, Celsius: 47, A: +3.07, rev/s: -0.181,  rev: +9.494
2024/04/15 15:05:09 ID: 241, Data: 9C2F560178FF4E0D, Celsius: 47, A: +3.42, rev/s: -0.378,  rev: +9.461
2024/04/15 15:05:09 ID: 241, Data: 9C2F1001B2FF450D, Celsius: 47, A: +2.72, rev/s: -0.217,  rev: +9.436
2024/04/15 15:05:09 ID: 241, Data: 9C2FAD0045FF3C0D, Celsius: 47, A: +1.73, rev/s: -0.519,  rev: +9.411
2024/04/15 15:05:09 ID: 241, Data: 9C2F720055FF2F0D, Celsius: 47, A: +1.14, rev/s: -0.475,  rev: +9.375
2024/04/15 15:05:09 ID: 241, Data: 9C2F250065FF230D, Celsius: 47, A: +0.37, rev/s: -0.431,  rev: +9.342
2024/04/15 15:05:09 ID: 241, Data: 9C2F020023FF190D, Celsius: 47, A: +0.02, rev/s: -0.614,  rev: +9.314
2024/04/15 15:05:09 ID: 241, Data: 9C2F5300A0FF090D, Celsius: 47, A: +0.83, rev/s: -0.267,  rev: +9.269
2024/04/15 15:05:09 ID: 241, Data: 9C2F4600C0FF010D, Celsius: 47, A: +0.70, rev/s: -0.178,  rev: +9.247
2024/04/15 15:05:10 ID: 241, Data: 9C2F710025FFF50C, Celsius: 47, A: +1.13, rev/s: -0.608,  rev: +9.214
2024/04/15 15:05:10 ID: 241, Data: 9C2F3300D6FFEA0C, Celsius: 47, A: +0.51, rev/s: -0.117,  rev: +9.183
2024/04/15 15:05:10 ID: 241, Data: 9C2F0100D6FFE10C, Celsius: 47, A: +0.01, rev/s: -0.117,  rev: +9.158
2024/04/15 15:05:10 ID: 241, Data: 9C2FF9FF45FFD50C, Celsius: 47, A: -0.07, rev/s: -0.519,  rev: +9.125
2024/04/15 15:05:10 ID: 241, Data: 9C2FEDFF80FFC80C, Celsius: 47, A: -0.19, rev/s: -0.356,  rev: +9.089
2024/04/15 15:05:10 ID: 241, Data: 9C2FD3FF9EFFBF0C, Celsius: 47, A: -0.45, rev/s: -0.272,  rev: +9.064
2024/04/15 15:05:10 ID: 241, Data: 9C2FF6FF98FFB20C, Celsius: 47, A: -0.10, rev/s: -0.289,  rev: +9.028
2024/04/15 15:05:10 ID: 241, Data: 9C2FE0FFEAFFA70C, Celsius: 47, A: -0.32, rev/s: -0.061,  rev: +8.997
2024/04/15 15:05:10 ID: 241, Data: 9C2FE7FF89FF9D0C, Celsius: 47, A: -0.25, rev/s: -0.331,  rev: +8.969
2024/04/15 15:05:11 ID: 241, Data: 9C2FFCFF7EFF900C, Celsius: 47, A: -0.04, rev/s: -0.361,  rev: +8.933
2024/04/15 15:05:11 ID: 241, Data: 9C2FE3FFBFFF870C, Celsius: 47, A: -0.29, rev/s: -0.181,  rev: +8.908
2024/04/15 15:05:11 ID: 241, Data: 9C2FE2FF54FF7D0C, Celsius: 47, A: -0.30, rev/s: -0.478,  rev: +8.881
2024/04/15 15:05:11 ID: 241, Data: 9C2FECFFA7FF710C, Celsius: 47, A: -0.20, rev/s: -0.247,  rev: +8.847
2024/04/15 15:05:11 ID: 241, Data: 9C2FDDFFC1FF660C, Celsius: 47, A: -0.35, rev/s: -0.175,  rev: +8.817
2024/04/15 15:05:11 ID: 241, Data: 9C2FF1FFA6FF5A0C, Celsius: 47, A: -0.15, rev/s: -0.250,  rev: +8.783
2024/04/15 15:05:11 ID: 241, Data: 9C2FEEFFC6FF4F0C, Celsius: 47, A: -0.18, rev/s: -0.161,  rev: +8.753
2024/04/15 15:05:11 ID: 241, Data: 9C2FF4FF7FFF440C, Celsius: 47, A: -0.12, rev/s: -0.358,  rev: +8.722
2024/04/15 15:05:11 ID: 241, Data: 9C2FF2FFB1FF380C, Celsius: 47, A: -0.14, rev/s: -0.219,  rev: +8.689
2024/04/15 15:05:11 ID: 241, Data: 9C2FCDFFC4FF2F0C, Celsius: 47, A: -0.51, rev/s: -0.167,  rev: +8.664
2024/04/15 15:05:12 ID: 241, Data: 9C2FF4FF30FF230C, Celsius: 47, A: -0.12, rev/s: -0.578,  rev: +8.631
2024/04/15 15:05:12 ID: 241, Data: 9C2FDAFFE2FF180C, Celsius: 47, A: -0.38, rev/s: -0.083,  rev: +8.600
2024/04/15 15:05:12 ID: 241, Data: 9C2FEFFF79FF0D0C, Celsius: 47, A: -0.17, rev/s: -0.375,  rev: +8.569
2024/04/15 15:05:12 ID: 241, Data: 9C2FF8FF0000010C, Celsius: 47, A: -0.08, rev/s: +0.000,  rev: +8.536
2024/04/15 15:05:12 ID: 241, Data: 9C2FF9FFE5FFF70B, Celsius: 47, A: -0.07, rev/s: -0.075,  rev: +8.508
2024/04/15 15:05:12 ID: 241, Data: 9C2F32008BFFEA0B, Celsius: 47, A: +0.50, rev/s: -0.325,  rev: +8.472
2024/04/15 15:05:12 ID: 241, Data: 9C2F1500E7FFE10B, Celsius: 47, A: +0.21, rev/s: -0.069,  rev: +8.447
2024/04/15 15:05:12 ID: 241, Data: 9C2F2D005EFFD60B, Celsius: 47, A: +0.45, rev/s: -0.450,  rev: +8.417
2024/04/15 15:05:12 ID: 241, Data: 9C2F290062FFCB0B, Celsius: 47, A: +0.41, rev/s: -0.439,  rev: +8.386
2024/04/15 15:05:12 ID: 241, Data: 9C2F0500EFFFC00B, Celsius: 47, A: +0.05, rev/s: -0.047,  rev: +8.356
2024/04/15 15:05:13 ID: 241, Data: 9C2F1C00AAFFB40B, Celsius: 47, A: +0.28, rev/s: -0.239,  rev: +8.322
2024/04/15 15:05:13 ID: 241, Data: 9C2F0200C2FFA80B, Celsius: 47, A: +0.02, rev/s: -0.172,  rev: +8.289
2024/04/15 15:05:13 ID: 241, Data: 9C2FF1FFDCFF9F0B, Celsius: 47, A: -0.15, rev/s: -0.100,  rev: +8.264
2024/04/15 15:05:13 ID: 241, Data: 9C2FFEFFDEFE930B, Celsius: 47, A: -0.02, rev/s: -0.806,  rev: +8.231
2024/04/15 15:05:13 ID: 241, Data: 9C2FCBFFE5FF880B, Celsius: 47, A: -0.53, rev/s: -0.075,  rev: +8.200
2024/04/15 15:05:13 ID: 241, Data: 9C2FEAFF65FF7D0B, Celsius: 47, A: -0.22, rev/s: -0.431,  rev: +8.169
2024/04/15 15:05:13 ID: 241, Data: 9C2FECFFD8FF700B, Celsius: 47, A: -0.20, rev/s: -0.111,  rev: +8.133
2024/04/15 15:05:13 ID: 241, Data: 9C2FDCFFE0FF670B, Celsius: 47, A: -0.36, rev/s: -0.089,  rev: +8.108
2024/04/15 15:05:13 ID: 241, Data: 9C2F170026FF5A0B, Celsius: 47, A: +0.23, rev/s: -0.606,  rev: +8.072
2024/04/15 15:05:13 ID: 241, Data: 9C2F0500BBFF4F0B, Celsius: 47, A: +0.05, rev/s: -0.192,  rev: +8.042
2024/04/15 15:05:14 ID: 241, Data: 9C2FFAFF87FF460B, Celsius: 47, A: -0.06, rev/s: -0.336,  rev: +8.017
2024/04/15 15:05:14 ID: 241, Data: 9C2F130062FF390B, Celsius: 47, A: +0.19, rev/s: -0.439,  rev: +7.981
2024/04/15 15:05:14 ID: 241, Data: 9C2FEFFFF2FF300B, Celsius: 47, A: -0.17, rev/s: -0.039,  rev: +7.956
2024/04/15 15:05:14 ID: 241, Data: 9C2FEBFF8AFF250B, Celsius: 47, A: -0.21, rev/s: -0.328,  rev: +7.925
2024/04/15 15:05:14 ID: 241, Data: 9C2FE2FF0900190B, Celsius: 47, A: -0.30, rev/s: +0.025,  rev: +7.892
2024/04/15 15:05:14 ID: 241, Data: 9C2FECFF8BFF0E0B, Celsius: 47, A: -0.20, rev/s: -0.325,  rev: +7.861
2024/04/15 15:05:14 ID: 241, Data: 9C2F01000CFF020B, Celsius: 47, A: +0.01, rev/s: -0.678,  rev: +7.828
2024/04/15 15:05:14 ID: 241, Data: 9C2FEAFFE4FFF70A, Celsius: 47, A: -0.22, rev/s: -0.078,  rev: +7.797
2024/04/15 15:05:14 ID: 241, Data: 9C2FF0FF66FFED0A, Celsius: 47, A: -0.16, rev/s: -0.428,  rev: +7.769
2024/04/15 15:05:15 ID: 241, Data: 9C2F0800CDFFE10A, Celsius: 47, A: +0.08, rev/s: -0.142,  rev: +7.736
2024/04/15 15:05:15 ID: 241, Data: 9C2FF4FFBCFFD80A, Celsius: 47, A: -0.12, rev/s: -0.189,  rev: +7.711
2024/04/15 15:05:15 ID: 241, Data: 9C2F0D0056FFCB0A, Celsius: 47, A: +0.13, rev/s: -0.472,  rev: +7.675
2024/04/15 15:05:15 ID: 241, Data: 9C2FF5FFEFFFC00A, Celsius: 47, A: -0.11, rev/s: -0.047,  rev: +7.644
2024/04/15 15:05:15 ID: 241, Data: 9C2FF6FF73FFB60A, Celsius: 47, A: -0.10, rev/s: -0.392,  rev: +7.617
2024/04/15 15:05:15 ID: 241, Data: 9C2F0100E4FEA90A, Celsius: 47, A: +0.01, rev/s: -0.789,  rev: +7.581
2024/04/15 15:05:15 ID: 241, Data: 9C2FC8FFE0FFA00A, Celsius: 47, A: -0.56, rev/s: -0.089,  rev: +7.556
2024/04/15 15:05:15 ID: 241, Data: 9C2FECFF31FF940A, Celsius: 47, A: -0.20, rev/s: -0.575,  rev: +7.522
2024/04/15 15:05:15 ID: 241, Data: 9C2FF1FFB7FF880A, Celsius: 47, A: -0.15, rev/s: -0.203,  rev: +7.489
2024/04/15 15:05:15 ID: 241, Data: 9C2FE1FF91FF7F0A, Celsius: 47, A: -0.31, rev/s: -0.308,  rev: +7.464
2024/04/15 15:05:16 ID: 241, Data: 9C2F050058FF720A, Celsius: 47, A: +0.05, rev/s: -0.467,  rev: +7.428
2024/04/15 15:05:16 ID: 241, Data: 9C2F0300CEFF670A, Celsius: 47, A: +0.03, rev/s: -0.139,  rev: +7.397
2024/04/15 15:05:16 ID: 241, Data: 9C2F0E006BFF5C0A, Celsius: 47, A: +0.14, rev/s: -0.414,  rev: +7.367
2024/04/15 15:05:16 ID: 241, Data: 9C2F09006AFF500A, Celsius: 47, A: +0.09, rev/s: -0.417,  rev: +7.333
2024/04/15 15:05:16 ID: 241, Data: 9C2FDCFFC3FF480A, Celsius: 47, A: -0.36, rev/s: -0.169,  rev: +7.311
2024/04/15 15:05:16 ID: 241, Data: 9C2FFAFF12FF3C0A, Celsius: 47, A: -0.06, rev/s: -0.661,  rev: +7.278
2024/04/15 15:05:16 ID: 241, Data: 9C2FD3FFF3FF310A, Celsius: 47, A: -0.45, rev/s: -0.036,  rev: +7.247
2024/04/15 15:05:16 ID: 241, Data: 9C2FD0FF88FF260A, Celsius: 47, A: -0.48, rev/s: -0.333,  rev: +7.217
2024/04/15 15:05:16 ID: 241, Data: 9C2FDEFF8AFF180A, Celsius: 47, A: -0.34, rev/s: -0.328,  rev: +7.178
2024/04/15 15:05:16 ID: 241, Data: 9C2FD7FFD2FF0F0A, Celsius: 47, A: -0.41, rev/s: -0.128,  rev: +7.153
2024/04/15 15:05:17 ID: 241, Data: 9C2F040001FF030A, Celsius: 47, A: +0.04, rev/s: -0.708,  rev: +7.119
2024/04/15 15:05:17 ID: 241, Data: 9C2FF8FFBCFFF709, Celsius: 47, A: -0.08, rev/s: -0.189,  rev: +7.086
2024/04/15 15:05:17 ID: 241, Data: 9C2FE8FFA3FFEF09, Celsius: 47, A: -0.24, rev/s: -0.258,  rev: +7.064
2024/04/15 15:05:17 ID: 241, Data: 9C2F0000A7FFE309, Celsius: 47, A: +0.00, rev/s: -0.247,  rev: +7.031
2024/04/15 15:05:17 ID: 241, Data: 9C2FFAFFE2FFD809, Celsius: 47, A: -0.06, rev/s: -0.083,  rev: +7.000
2024/04/15 15:05:17 ID: 241, Data: 9C2FFAFF8BFFCD09, Celsius: 47, A: -0.06, rev/s: -0.325,  rev: +6.969
2024/04/15 15:05:17 ID: 241, Data: 9C2FFEFF8EFFC109, Celsius: 47, A: -0.02, rev/s: -0.317,  rev: +6.936
2024/04/15 15:05:17 ID: 241, Data: 9C2FF4FFB5FFB609, Celsius: 47, A: -0.12, rev/s: -0.208,  rev: +6.906
2024/04/15 15:05:17 ID: 241, Data: 9C2FF3FF43FFAC09, Celsius: 47, A: -0.13, rev/s: -0.525,  rev: +6.878
2024/04/15 15:05:17 ID: 241, Data: 9C2FEEFFA8FFA009, Celsius: 47, A: -0.18, rev/s: -0.244,  rev: +6.844
2024/04/15 15:05:18 ID: 241, Data: 9C2FE3FFB7FF9609, Celsius: 47, A: -0.29, rev/s: -0.203,  rev: +6.817
2024/04/15 15:05:18 ID: 241, Data: 9C2FF8FFCEFF8A09, Celsius: 47, A: -0.08, rev/s: -0.139,  rev: +6.783
2024/04/15 15:05:18 ID: 241, Data: 9C2FFDFFD2FF7E09, Celsius: 47, A: -0.03, rev/s: -0.128,  rev: +6.750
2024/04/15 15:05:18 ID: 241, Data: 9C2F00008FFF7409, Celsius: 47, A: +0.00, rev/s: -0.314,  rev: +6.722
2024/04/15 15:05:18 ID: 241, Data: 9C2F0000A5FF6809, Celsius: 47, A: +0.00, rev/s: -0.253,  rev: +6.689
2024/04/15 15:05:18 ID: 241, Data: 9C2FDEFFC3FF5F09, Celsius: 47, A: -0.34, rev/s: -0.169,  rev: +6.664
2024/04/15 15:05:18 ID: 241, Data: 9C2FF8FF5DFF5309, Celsius: 47, A: -0.08, rev/s: -0.453,  rev: +6.631
2024/04/15 15:05:18 ID: 241, Data: 9C2FD6FFE1FF4809, Celsius: 47, A: -0.42, rev/s: -0.086,  rev: +6.600
2024/04/15 15:05:18 ID: 241, Data: 9C2FDFFF6AFF3D09, Celsius: 47, A: -0.33, rev/s: -0.417,  rev: +6.569
2024/04/15 15:05:19 ID: 241, Data: 9C2FE0FF81FF3009, Celsius: 47, A: -0.32, rev/s: -0.353,  rev: +6.533
2024/04/15 15:05:19 ID: 241, Data: 9C2FDFFFCBFF2609, Celsius: 47, A: -0.33, rev/s: -0.147,  rev: +6.506
2024/04/15 15:05:19 ID: 241, Data: 9C2FF9FF60FF1A09, Celsius: 47, A: -0.07, rev/s: -0.444,  rev: +6.472
2024/04/15 15:05:19 ID: 241, Data: 9C2FEDFFC2FF1009, Celsius: 47, A: -0.19, rev/s: -0.172,  rev: +6.444
2024/04/15 15:05:19 ID: 241, Data: 9C2FE4FF8AFF0609, Celsius: 47, A: -0.28, rev/s: -0.328,  rev: +6.417
2024/04/15 15:05:19 ID: 241, Data: 9C2FFBFF86FFF908, Celsius: 47, A: -0.05, rev/s: -0.339,  rev: +6.381
2024/04/15 15:05:19 ID: 241, Data: 9C2ED5FFD4FFF008, Celsius: 46, A: -0.43, rev/s: -0.122,  rev: +6.356
2024/04/15 15:05:19 ID: 241, Data: 9C2FFAFF42FFE408, Celsius: 47, A: -0.06, rev/s: -0.528,  rev: +6.322
2024/04/15 15:05:19 ID: 241, Data: 9C2FCFFFFBFFD808, Celsius: 47, A: -0.49, rev/s: -0.014,  rev: +6.289
2024/04/15 15:05:19 ID: 241, Data: 9C2FDBFF9BFFCE08, Celsius: 47, A: -0.37, rev/s: -0.281,  rev: +6.261
2024/04/15 15:05:20 ID: 241, Data: 9C2FF4FFB4FEC308, Celsius: 47, A: -0.12, rev/s: -0.922,  rev: +6.231
2024/04/15 15:05:20 ID: 241, Data: 9C2FB3FFE4FFB808, Celsius: 47, A: -0.77, rev/s: -0.078,  rev: +6.200
2024/04/15 15:05:20 ID: 241, Data: 9C2FD9FF57FFAD08, Celsius: 47, A: -0.39, rev/s: -0.469,  rev: +6.169
2024/04/15 15:05:20 ID: 241, Data: 9C2FE1FFB6FFA008, Celsius: 47, A: -0.31, rev/s: -0.206,  rev: +6.133
2024/04/15 15:05:20 ID: 241, Data: 9C2FD6FFC6FF9708, Celsius: 47, A: -0.42, rev/s: -0.161,  rev: +6.108
2024/04/15 15:05:20 ID: 241, Data: 9C2FFBFF19FF8B08, Celsius: 47, A: -0.05, rev/s: -0.642,  rev: +6.075
2024/04/15 15:05:20 ID: 241, Data: 9C2EF7FFD7FF7F08, Celsius: 46, A: -0.09, rev/s: -0.114,  rev: +6.042
2024/04/15 15:05:20 ID: 241, Data: 9C2FEBFF75FF7608, Celsius: 47, A: -0.21, rev/s: -0.386,  rev: +6.017
2024/04/15 15:05:20 ID: 241, Data: 9C2FFCFF49FF6908, Celsius: 47, A: -0.04, rev/s: -0.508,  rev: +5.981
2024/04/15 15:05:20 ID: 241, Data: 9C2FE3FFCEFF5F08, Celsius: 47, A: -0.29, rev/s: -0.139,  rev: +5.953
2024/04/15 15:05:21 ID: 241, Data: 9C2FEAFF76FF5508, Celsius: 47, A: -0.22, rev/s: -0.383,  rev: +5.925
2024/04/15 15:05:21 ID: 241, Data: 9C2FE9FFD4FF4808, Celsius: 47, A: -0.23, rev/s: -0.122,  rev: +5.889
2024/04/15 15:05:21 ID: 241, Data: 9C2EF1FF89FF3D08, Celsius: 46, A: -0.15, rev/s: -0.331,  rev: +5.858
2024/04/15 15:05:21 ID: 241, Data: 9C2F010083FF3108, Celsius: 47, A: +0.01, rev/s: -0.347,  rev: +5.825
2024/04/15 15:05:21 ID: 241, Data: 9C2FEDFFCAFF2708, Celsius: 47, A: -0.19, rev/s: -0.150,  rev: +5.797
2024/04/15 15:05:21 ID: 241, Data: 9C2FE3FFA0FF1D08, Celsius: 47, A: -0.29, rev/s: -0.267,  rev: +5.769
2024/04/15 15:05:21 ID: 241, Data: 9C2FFAFF95FF1108, Celsius: 47, A: -0.06, rev/s: -0.297,  rev: +5.736
2024/04/15 15:05:21 ID: 241, Data: 9C2FE8FFACFF0708, Celsius: 47, A: -0.24, rev/s: -0.233,  rev: +5.708
2024/04/15 15:05:21 ID: 241, Data: 9C2FF8FF48FFFB07, Celsius: 47, A: -0.08, rev/s: -0.511,  rev: +5.675
2024/04/15 15:05:21 ID: 241, Data: 9C2EE1FFFFFFF007, Celsius: 46, A: -0.31, rev/s: -0.003,  rev: +5.644
2024/04/15 15:05:22 ID: 241, Data: 9C2FE4FF82FFE607, Celsius: 47, A: -0.28, rev/s: -0.350,  rev: +5.617
2024/04/15 15:05:22 ID: 241, Data: 9C2E00002DFFD907, Celsius: 46, A: +0.00, rev/s: -0.586,  rev: +5.581
2024/04/15 15:05:22 ID: 241, Data: 9C2ECBFFE3FFD007, Celsius: 46, A: -0.53, rev/s: -0.081,  rev: +5.556
2024/04/15 15:05:22 ID: 241, Data: 9C2FEBFF3DFFC407, Celsius: 47, A: -0.21, rev/s: -0.542,  rev: +5.522
2024/04/15 15:05:22 ID: 241, Data: 9C2EEEFF9FFFB807, Celsius: 46, A: -0.18, rev/s: -0.269,  rev: +5.489
2024/04/15 15:05:22 ID: 241, Data: 9C2EEAFFA8FFAE07, Celsius: 46, A: -0.22, rev/s: -0.244,  rev: +5.461
2024/04/15 15:05:22 ID: 241, Data: 9C2EFDFF26FFA207, Celsius: 46, A: -0.03, rev/s: -0.606,  rev: +5.428
2024/04/15 15:05:22 ID: 241, Data: 9C2EF6FFE2FF9707, Celsius: 46, A: -0.10, rev/s: -0.083,  rev: +5.397
2024/04/15 15:05:22 ID: 241, Data: 9C2EFDFF5BFF8C07, Celsius: 46, A: -0.03, rev/s: -0.458,  rev: +5.367
2024/04/15 15:05:23 ID: 241, Data: 9C2EFFFF4EFF8007, Celsius: 46, A: -0.01, rev/s: -0.494,  rev: +5.333
2024/04/15 15:05:23 ID: 241, Data: 9C2ECAFFBBFF7707, Celsius: 46, A: -0.54, rev/s: -0.192,  rev: +5.308
2024/04/15 15:05:23 ID: 241, Data: 9C2EEFFF0CFF6C07, Celsius: 46, A: -0.17, rev/s: -0.678,  rev: +5.278
2024/04/15 15:05:23 ID: 241, Data: 9C2EC5FFF1FF6107, Celsius: 46, A: -0.59, rev/s: -0.042,  rev: +5.247
2024/04/15 15:05:23 ID: 241, Data: 9C2EB8FF91FF5607, Celsius: 46, A: -0.72, rev/s: -0.308,  rev: +5.217
2024/04/15 15:05:23 ID: 241, Data: 9C2ED2FF8EFF4807, Celsius: 46, A: -0.46, rev/s: -0.317,  rev: +5.178
2024/04/15 15:05:23 ID: 241, Data: 9C2ECBFFE0FF3F07, Celsius: 46, A: -0.53, rev/s: -0.089,  rev: +5.153
2024/04/15 15:05:23 ID: 241, Data: 9C2E020021FF3207, Celsius: 46, A: +0.02, rev/s: -0.619,  rev: +5.117
2024/04/15 15:05:23 ID: 241, Data: 9C2EE0FFB5FF2707, Celsius: 46, A: -0.32, rev/s: -0.208,  rev: +5.086
2024/04/15 15:05:23 ID: 241, Data: 9C2EDCFFA7FF1E07, Celsius: 46, A: -0.36, rev/s: -0.247,  rev: +5.061
2024/04/15 15:05:24 ID: 241, Data: 9C2EFBFF80FF1207, Celsius: 46, A: -0.05, rev/s: -0.356,  rev: +5.028
