2024/04/15 13:04:58 ID: 241, Data: 9C2032001A003803, Celsius: 32, A: +0.50, rev/s: +0.072,  rev: +2.289
2024/04/15 13:04:58 ID: 241, Data: 9C20310007003803, Celsius: 32, A: +0.49, rev/s: +0.019,  rev: +2.289
2024/04/15 13:04:58 ID: 241, Data: 9C20310007003803, Celsius: 32, A: +0.49, rev/s: +0.019,  rev: +2.289
2024/04/15 13:04:58 ID: 241, Data: 9C20320001003803, Celsius: 32, A: +0.50, rev/s: +0.003,  rev: +2.289
2024/04/15 13:04:58 ID: 241, Data: 9C203200FDFF3803, Celsius: 32, A: +0.50, rev/s: -0.008,  rev: +2.289
2024/04/15 13:04:59 ID: 241, Data: 9C203200FAFF3803, Celsius: 32, A: +0.50, rev/s: -0.017,  rev: +2.289
2024/04/15 13:04:59 ID: 241, Data: 9C20320002003803, Celsius: 32, A: +0.50, rev/s: +0.006,  rev: +2.289
2024/04/15 13:05:15 ID: 241, Data: 9C20310000003803, Celsius: 32, A: +0.49, rev/s: +0.000,  rev: +2.289
2024/04/15 13:05:15 ID: 241, Data: 9C203100E9FF3803, Celsius: 32, A: +0.49, rev/s: -0.064,  rev: +2.289
2024/04/15 13:05:15 ID: 241, Data: 9C203200F0FF3803, Celsius: 32, A: +0.50, rev/s: -0.044,  rev: +2.289
2024/04/15 13:05:16 ID: 241, Data: 9C2031000B003803, Celsius: 32, A: +0.49, rev/s: +0.031,  rev: +2.289
2024/04/15 13:05:16 ID: 241, Data: 9C20310014003803, Celsius: 32, A: +0.49, rev/s: +0.056,  rev: +2.289
2024/04/15 13:05:16 ID: 241, Data: 9C20310009003803, Celsius: 32, A: +0.49, rev/s: +0.025,  rev: +2.289
2024/04/15 13:05:16 ID: 241, Data: 9C2032000E003803, Celsius: 32, A: +0.50, rev/s: +0.039,  rev: +2.289
2024/04/15 13:06:36 ID: 241, Data: 9C2055FFB0FF3403, Celsius: 32, A: -1.71, rev/s: -0.222,  rev: +2.278
2024/04/15 13:06:37 ID: 241, Data: 9C20FEFF0A002203, Celsius: 32, A: -0.02, rev/s: +0.028,  rev: +2.228
2024/04/15 13:06:37 ID: 241, Data: 9C20A6FFA1FF1E03, Celsius: 32, A: -0.90, rev/s: -0.264,  rev: +2.217
2024/04/15 13:06:37 ID: 241, Data: 9C20E0FD61FF1E03, Celsius: 32, A: -5.44, rev/s: -0.442,  rev: +2.217
2024/04/15 13:06:37 ID: 241, Data: 9C20D2FE9FFF0003, Celsius: 32, A: -3.02, rev/s: -0.269,  rev: +2.133
2024/04/15 13:06:37 ID: 241, Data: 9C20E3FE2900FA02, Celsius: 32, A: -2.85, rev/s: +0.114,  rev: +2.117
2024/04/15 13:06:37 ID: 241, Data: 9C2091FDCFFFF902, Celsius: 32, A: -6.23, rev/s: -0.136,  rev: +2.114
2024/04/15 13:06:37 ID: 241, Data: 9C20EDFD92FEE402, Celsius: 32, A: -5.31, rev/s: -1.017,  rev: +2.056
2024/04/15 13:06:37 ID: 241, Data: 9C20DEFF0D00CB02, Celsius: 32, A: -0.34, rev/s: +0.036,  rev: +1.986
2024/04/15 13:06:37 ID: 241, Data: 9C204DFFF1FFD002, Celsius: 32, A: -1.79, rev/s: -0.042,  rev: +2.000
2024/04/15 13:06:37 ID: 241, Data: 9C2091FF26FFC002, Celsius: 32, A: -1.11, rev/s: -0.606,  rev: +1.956
2024/04/15 13:06:38 ID: 241, Data: 9C2032FFDBFFBA02, Celsius: 32, A: -2.06, rev/s: -0.103,  rev: +1.939
2024/04/15 13:06:38 ID: 241, Data: 9C20C5FEDCFFAF02, Celsius: 32, A: -3.15, rev/s: -0.100,  rev: +1.908
2024/04/15 13:06:38 ID: 241, Data: 9C206CFED4FFA702, Celsius: 32, A: -4.04, rev/s: -0.122,  rev: +1.886
2024/04/15 13:06:38 ID: 241, Data: 9C20BEFD46FF9D02, Celsius: 32, A: -5.78, rev/s: -0.517,  rev: +1.858
2024/04/15 13:06:38 ID: 241, Data: 9C2069FD96FF8F02, Celsius: 32, A: -6.63, rev/s: -0.294,  rev: +1.819
2024/04/15 13:06:38 ID: 241, Data: 9C20FCFCA4FF8402, Celsius: 32, A: -7.72, rev/s: -0.256,  rev: +1.789
2024/04/15 13:06:38 ID: 241, Data: 9C20B9FCADFF7902, Celsius: 32, A: -8.39, rev/s: -0.231,  rev: +1.758
2024/04/15 13:06:38 ID: 241, Data: 9C203EFF5FFE5102, Celsius: 32, A: -1.94, rev/s: -1.158,  rev: +1.647
2024/04/15 13:06:38 ID: 241, Data: 9C20DFFFC9005802, Celsius: 32, A: -0.33, rev/s: +0.558,  rev: +1.667
2024/04/15 13:06:38 ID: 241, Data: 9C2078FE9DFF5E02, Celsius: 32, A: -3.92, rev/s: -0.275,  rev: +1.683
2024/04/15 13:06:39 ID: 241, Data: 9C20D0FFF8FF4302, Celsius: 32, A: -0.48, rev/s: -0.022,  rev: +1.608
2024/04/15 13:06:39 ID: 241, Data: 9C2043FFE1FF4202, Celsius: 32, A: -1.89, rev/s: -0.086,  rev: +1.606
2024/04/15 13:06:39 ID: 241, Data: 9C2022FF60FF3502, Celsius: 32, A: -2.22, rev/s: -0.444,  rev: +1.569
2024/04/15 13:06:39 ID: 241, Data: 9C2053FEEFFF3002, Celsius: 32, A: -4.29, rev/s: -0.047,  rev: +1.556
2024/04/15 13:06:39 ID: 241, Data: 9C20E6FDADFE2302, Celsius: 32, A: -5.38, rev/s: -0.942,  rev: +1.519
2024/04/15 13:06:39 ID: 241, Data: 9C20ECFD0EFF1202, Celsius: 32, A: -5.32, rev/s: -0.672,  rev: +1.472
2024/04/15 13:06:39 ID: 241, Data: 9C2073FDD8FF0902, Celsius: 32, A: -6.53, rev/s: -0.111,  rev: +1.447
2024/04/15 13:06:39 ID: 241, Data: 9C21E6FD0AFFF901, Celsius: 33, A: -5.38, rev/s: -0.683,  rev: +1.403
2024/04/15 13:06:39 ID: 241, Data: 9C213AFFF7FFE701, Celsius: 33, A: -1.98, rev/s: -0.025,  rev: +1.353
2024/04/15 13:06:40 ID: 241, Data: 9C21E2FEF3FFE801, Celsius: 33, A: -2.86, rev/s: -0.036,  rev: +1.356
2024/04/15 13:06:40 ID: 241, Data: 9C2142FF0C00D701, Celsius: 33, A: -1.90, rev/s: +0.033,  rev: +1.308
2024/04/15 13:06:40 ID: 241, Data: 9C2141FFFEFFD101, Celsius: 33, A: -1.91, rev/s: -0.006,  rev: +1.292
2024/04/15 13:06:40 ID: 241, Data: 9C2130FF91FFC701, Celsius: 33, A: -2.08, rev/s: -0.308,  rev: +1.264
2024/04/15 13:06:40 ID: 241, Data: 9C21B1FEBCFFBF01, Celsius: 33, A: -3.35, rev/s: -0.189,  rev: +1.242
2024/04/15 13:06:40 ID: 241, Data: 9C2170FE93FFB101, Celsius: 33, A: -4.00, rev/s: -0.303,  rev: +1.203
2024/04/15 13:06:40 ID: 241, Data: 9C2160FEB5FFA601, Celsius: 33, A: -4.16, rev/s: -0.208,  rev: +1.172
2024/04/15 13:06:40 ID: 241, Data: 9C21E3FD52FF9D01, Celsius: 33, A: -5.41, rev/s: -0.483,  rev: +1.147
2024/04/15 13:06:40 ID: 241, Data: 9C21EEFD4FFF8E01, Celsius: 33, A: -5.30, rev/s: -0.492,  rev: +1.106
2024/04/15 13:06:40 ID: 241, Data: 9C2102FF5CFF7B01, Celsius: 33, A: -2.54, rev/s: -0.456,  rev: +1.053
2024/04/15 13:06:41 ID: 241, Data: 9C21D5FEF8FF7701, Celsius: 33, A: -2.99, rev/s: -0.022,  rev: +1.042
2024/04/15 13:06:41 ID: 241, Data: 9C2146FFD8FE6801, Celsius: 33, A: -1.86, rev/s: -0.822,  rev: +1.000
2024/04/15 13:06:41 ID: 241, Data: 9C218AFFFEFF6001, Celsius: 33, A: -1.18, rev/s: -0.006,  rev: +0.978
2024/04/15 13:06:41 ID: 241, Data: 9C2144FFA4FF5701, Celsius: 33, A: -1.88, rev/s: -0.256,  rev: +0.953
2024/04/15 13:06:41 ID: 241, Data: 9C2178FFC3FF4C01, Celsius: 33, A: -1.36, rev/s: -0.169,  rev: +0.922
2024/04/15 13:06:41 ID: 241, Data: 9C21FCFE34FF4501, Celsius: 33, A: -2.60, rev/s: -0.567,  rev: +0.903
2024/04/15 13:06:41 ID: 241, Data: 9C21DCFEABFF3701, Celsius: 33, A: -2.92, rev/s: -0.236,  rev: +0.864
2024/04/15 13:06:41 ID: 241, Data: 9C2135FED0FF3001, Celsius: 33, A: -4.59, rev/s: -0.133,  rev: +0.844
2024/04/15 13:06:41 ID: 241, Data: 9C21E0FD0AFF2301, Celsius: 33, A: -5.44, rev/s: -0.683,  rev: +0.808
2024/04/15 13:06:41 ID: 241, Data: 9C211DFE7DFF1001, Celsius: 33, A: -4.83, rev/s: -0.364,  rev: +0.756
2024/04/15 13:06:42 ID: 241, Data: 9C2202FFBBFF0201, Celsius: 34, A: -2.54, rev/s: -0.192,  rev: +0.717
2024/04/15 13:06:42 ID: 241, Data: 9C2295FEF8FF0001, Celsius: 34, A: -3.63, rev/s: -0.022,  rev: +0.711
2024/04/15 13:06:42 ID: 241, Data: 9C2237FF37FFEE00, Celsius: 34, A: -2.01, rev/s: -0.558,  rev: +0.661
2024/04/15 13:06:42 ID: 241, Data: 9C2281FFD4FFE600, Celsius: 34, A: -1.27, rev/s: -0.122,  rev: +0.639
2024/04/15 13:06:42 ID: 241, Data: 9C2246FF62FFDE00, Celsius: 34, A: -1.86, rev/s: -0.439,  rev: +0.617
2024/04/15 13:06:42 ID: 241, Data: 9C2271FFF5FFD100, Celsius: 34, A: -1.43, rev/s: -0.031,  rev: +0.581
2024/04/15 13:06:42 ID: 241, Data: 9C22C2FE44FFCC00, Celsius: 34, A: -3.18, rev/s: -0.522,  rev: +0.567
2024/04/15 13:06:42 ID: 241, Data: 9C2290FE72FFBE00, Celsius: 34, A: -3.68, rev/s: -0.394,  rev: +0.528
2024/04/15 13:06:42 ID: 241, Data: 9C221BFE8EFFB400, Celsius: 34, A: -4.85, rev/s: -0.317,  rev: +0.500
2024/04/15 13:06:42 ID: 241, Data: 9C2278FDB9FFA900, Celsius: 34, A: -6.48, rev/s: -0.197,  rev: +0.469
2024/04/15 13:06:43 ID: 241, Data: 9C220AFE5AFF9700, Celsius: 34, A: -5.02, rev/s: -0.461,  rev: +0.419
2024/04/15 13:06:43 ID: 241, Data: 9C22BBFEEAFF8900, Celsius: 34, A: -3.25, rev/s: -0.061,  rev: +0.381
2024/04/15 13:06:43 ID: 241, Data: 9C220BFEE8FF8800, Celsius: 34, A: -5.01, rev/s: -0.067,  rev: +0.378
2024/04/15 13:06:43 ID: 241, Data: 9C2243FFDFFE6E00, Celsius: 34, A: -1.89, rev/s: -0.803,  rev: +0.306
2024/04/15 13:06:43 ID: 241, Data: 9C22D4FF06006900, Celsius: 34, A: -0.44, rev/s: +0.017,  rev: +0.292
2024/04/15 13:06:43 ID: 241, Data: 9C2221FFCBFF6800, Celsius: 34, A: -2.23, rev/s: -0.147,  rev: +0.289
2024/04/15 13:06:43 ID: 241, Data: 9C224EFFE3FF5900, Celsius: 34, A: -1.78, rev/s: -0.081,  rev: +0.247
2024/04/15 13:06:43 ID: 241, Data: 9C229EFE12FF5300, Celsius: 34, A: -3.54, rev/s: -0.661,  rev: +0.231
2024/04/15 13:06:43 ID: 241, Data: 9C2286FEFFFE4200, Celsius: 34, A: -3.78, rev/s: -0.714,  rev: +0.183
2024/04/15 13:06:43 ID: 241, Data: 9C22E0FDC6FF3A00, Celsius: 34, A: -5.44, rev/s: -0.161,  rev: +0.161
2024/04/15 13:06:44 ID: 241, Data: 9C22EEFCBAFF3100, Celsius: 34, A: -7.86, rev/s: -0.194,  rev: +0.136
2024/04/15 13:06:44 ID: 241, Data: 9C22ABFDAAFE1C00, Celsius: 34, A: -5.97, rev/s: -0.950,  rev: +0.078
2024/04/15 13:06:44 ID: 241, Data: 9C2233FFDEFF0800, Celsius: 34, A: -2.05, rev/s: -0.094,  rev: +0.022
2024/04/15 13:06:44 ID: 241, Data: 9C220BFF0F000A00, Celsius: 34, A: -2.45, rev/s: +0.042,  rev: +0.028
2024/04/15 13:06:44 ID: 241, Data: 9C22EDFEA8FE0300, Celsius: 34, A: -2.75, rev/s: -0.956,  rev: +0.008
2024/04/15 13:06:44 ID: 241, Data: 9C227CFFF9FFFCFF, Celsius: 34, A: -1.32, rev/s: -0.019,  rev: -0.011
