2024/04/15 14:02:16 ID: 241, Data: 9C4F9E02F7FF9002, Celsius: 79, A: +6.70, rev/s: -0.025,  rev: +1.822
2024/04/15 14:02:16 ID: 241, Data: 9C4F9E02F5FF9002, Celsius: 79, A: +6.70, rev/s: -0.031,  rev: +1.822
2024/04/15 14:02:16 ID: 241, Data: 9C50FDFF6DFC7502, Celsius: 80, A: -0.03, rev/s: -2.542,  rev: +1.747
2024/04/15 14:02:16 ID: 241, Data: 9C50E3FF68FE3F02, Celsius: 80, A: -0.29, rev/s: -1.133,  rev: +1.597
2024/04/15 14:02:16 ID: 241, Data: 9C50D4FFA0FE1702, Celsius: 80, A: -0.44, rev/s: -0.978,  rev: +1.486
2024/04/15 14:02:16 ID: 241, Data: 9C50E7FFA4FEF101, Celsius: 80, A: -0.25, rev/s: -0.967,  rev: +1.381
2024/04/15 14:02:16 ID: 241, Data: 9C4FD8FFBDFECC01, Celsius: 79, A: -0.40, rev/s: -0.897,  rev: +1.278
2024/04/15 14:02:16 ID: 241, Data: 9C50D0FF6DFEA701, Celsius: 80, A: -0.48, rev/s: -1.119,  rev: +1.175
2024/04/15 14:02:17 ID: 241, Data: 9C50EBFF65FE8301, Celsius: 80, A: -0.21, rev/s: -1.142,  rev: +1.075
2024/04/15 14:02:17 ID: 241, Data: 9C50EAFFC2FE5E01, Celsius: 80, A: -0.22, rev/s: -0.883,  rev: +0.972
2024/04/15 14:02:17 ID: 241, Data: 9C508CFDB4FF4C01, Celsius: 80, A: -6.28, rev/s: -0.211,  rev: +0.922
2024/04/15 14:02:17 ID: 241, Data: 9C4F0FFD04004B01, Celsius: 79, A: -7.53, rev/s: +0.011,  rev: +0.919
2024/04/15 14:02:17 ID: 241, Data: 9C4F12FDFCFF4B01, Celsius: 79, A: -7.50, rev/s: -0.011,  rev: +0.919
2024/04/15 14:02:17 ID: 241, Data: 9C4F16FDFDFF4B01, Celsius: 79, A: -7.46, rev/s: -0.008,  rev: +0.919
2024/04/15 14:02:17 ID: 241, Data: 9C4F1AFDF8FF4B01, Celsius: 79, A: -7.42, rev/s: -0.022,  rev: +0.919
2024/04/15 14:02:17 ID: 241, Data: 9C4F1AFD00004B01, Celsius: 79, A: -7.42, rev/s: +0.000,  rev: +0.919
2024/04/15 14:02:17 ID: 241, Data: 9C4F1FFDF8FF4B01, Celsius: 79, A: -7.37, rev/s: -0.022,  rev: +0.919
2024/04/15 14:02:17 ID: 241, Data: 9C501CFD0A004B01, Celsius: 80, A: -7.40, rev/s: +0.028,  rev: +0.919
2024/04/15 14:02:18 ID: 241, Data: 9C4F1FFD0C004B01, Celsius: 79, A: -7.37, rev/s: +0.033,  rev: +0.919
2024/04/15 14:02:18 ID: 241, Data: 9C4F20FDF7FF4B01, Celsius: 79, A: -7.36, rev/s: -0.025,  rev: +0.919
2024/04/15 14:02:18 ID: 241, Data: 9C4F22FD03004B01, Celsius: 79, A: -7.34, rev/s: +0.008,  rev: +0.919
2024/04/15 14:02:18 ID: 241, Data: 9C5022FD00004B01, Celsius: 80, A: -7.34, rev/s: +0.000,  rev: +0.919
2024/04/15 14:02:18 ID: 241, Data: 9C5023FD00004B01, Celsius: 80, A: -7.33, rev/s: +0.000,  rev: +0.919
2024/04/15 14:02:18 ID: 241, Data: 9C5023FDEEFF4B01, Celsius: 80, A: -7.33, rev/s: -0.050,  rev: +0.919
2024/04/15 14:02:18 ID: 241, Data: 9C5023FD02004B01, Celsius: 80, A: -7.33, rev/s: +0.006,  rev: +0.919
2024/04/15 14:02:18 ID: 241, Data: 9C5024FD09004B01, Celsius: 80, A: -7.32, rev/s: +0.025,  rev: +0.919
2024/04/15 14:02:18 ID: 241, Data: 9C5026FDF5FF4A01, Celsius: 80, A: -7.30, rev/s: -0.031,  rev: +0.917
2024/04/15 14:02:18 ID: 241, Data: 9C5125FD0F004B01, Celsius: 81, A: -7.31, rev/s: +0.042,  rev: +0.919
2024/04/15 14:02:19 ID: 241, Data: 9C5026FD09004B01, Celsius: 80, A: -7.30, rev/s: +0.025,  rev: +0.919
2024/04/15 14:02:19 ID: 241, Data: 9C5029FD02004A01, Celsius: 80, A: -7.27, rev/s: +0.006,  rev: +0.917
2024/04/15 14:02:19 ID: 241, Data: 9C5127FD01004B01, Celsius: 81, A: -7.29, rev/s: +0.003,  rev: +0.919
2024/04/15 14:02:19 ID: 241, Data: 9C5129FD03004A01, Celsius: 81, A: -7.27, rev/s: +0.008,  rev: +0.917
2024/04/15 14:02:19 ID: 241, Data: 9C5128FD0B004B01, Celsius: 81, A: -7.28, rev/s: +0.031,  rev: +0.919
2024/04/15 14:02:19 ID: 241, Data: 9C5128FD04004A01, Celsius: 81, A: -7.28, rev/s: +0.011,  rev: +0.917
2024/04/15 14:02:19 ID: 241, Data: 9C512BFD01004A01, Celsius: 81, A: -7.25, rev/s: +0.003,  rev: +0.917
2024/04/15 14:02:19 ID: 241, Data: 9C5129FD04004A01, Celsius: 81, A: -7.27, rev/s: +0.011,  rev: +0.917
2024/04/15 14:02:19 ID: 241, Data: 9C512BFDFFFF4A01, Celsius: 81, A: -7.25, rev/s: -0.003,  rev: +0.917
2024/04/15 14:02:20 ID: 241, Data: 9C522BFDF5FF4A01, Celsius: 82, A: -7.25, rev/s: -0.031,  rev: +0.917
2024/04/15 14:02:20 ID: 241, Data: 9C522DFD0B004A01, Celsius: 82, A: -7.23, rev/s: +0.031,  rev: +0.917
2024/04/15 14:02:20 ID: 241, Data: 9C522BFD06004A01, Celsius: 82, A: -7.25, rev/s: +0.017,  rev: +0.917
2024/04/15 14:02:20 ID: 241, Data: 9C522EFD06004A01, Celsius: 82, A: -7.22, rev/s: +0.017,  rev: +0.917
2024/04/15 14:02:20 ID: 241, Data: 9C522DFDEBFF4A01, Celsius: 82, A: -7.23, rev/s: -0.058,  rev: +0.917
2024/04/15 14:02:20 ID: 241, Data: 9C522EFDFEFF4A01, Celsius: 82, A: -7.22, rev/s: -0.006,  rev: +0.917
2024/04/15 14:02:20 ID: 241, Data: 9C532FFDF0FF4A01, Celsius: 83, A: -7.21, rev/s: -0.044,  rev: +0.917
2024/04/15 14:02:20 ID: 241, Data: 9C522EFDFAFF4A01, Celsius: 82, A: -7.22, rev/s: -0.017,  rev: +0.917
2024/04/15 14:02:20 ID: 241, Data: 9C5231FDFDFF4A01, Celsius: 82, A: -7.19, rev/s: -0.008,  rev: +0.917
2024/04/15 14:02:20 ID: 241, Data: 9C532EFD09004A01, Celsius: 83, A: -7.22, rev/s: +0.025,  rev: +0.917
2024/04/15 14:02:21 ID: 241, Data: 9C532EFDF7FF4A01, Celsius: 83, A: -7.22, rev/s: -0.025,  rev: +0.917
2024/04/15 14:02:21 ID: 241, Data: 9C5331FDFDFF4A01, Celsius: 83, A: -7.19, rev/s: -0.008,  rev: +0.917
2024/04/15 14:02:21 ID: 241, Data: 9C5433FDFBFF4A01, Celsius: 84, A: -7.17, rev/s: -0.014,  rev: +0.917
2024/04/15 14:02:21 ID: 241, Data: 9C5331FD00004A01, Celsius: 83, A: -7.19, rev/s: +0.000,  rev: +0.917
2024/04/15 14:02:21 ID: 241, Data: 9C5433FDFCFF4A01, Celsius: 84, A: -7.17, rev/s: -0.011,  rev: +0.917
2024/04/15 14:02:21 ID: 241, Data: 9C5332FDF7FF4A01, Celsius: 83, A: -7.18, rev/s: -0.025,  rev: +0.917
2024/04/15 14:02:21 ID: 241, Data: 9C5433FDFEFF4A01, Celsius: 84, A: -7.17, rev/s: -0.006,  rev: +0.917
2024/04/15 14:02:21 ID: 241, Data: 9C5432FD03004A01, Celsius: 84, A: -7.18, rev/s: +0.008,  rev: +0.917
2024/04/15 14:02:21 ID: 241, Data: 9C5433FD05004A01, Celsius: 84, A: -7.17, rev/s: +0.014,  rev: +0.917
2024/04/15 14:02:21 ID: 241, Data: 9C5333FDFBFF4A01, Celsius: 83, A: -7.17, rev/s: -0.014,  rev: +0.917
2024/04/15 14:02:22 ID: 241, Data: 9C5533FDFEFF4A01, Celsius: 85, A: -7.17, rev/s: -0.006,  rev: +0.917
2024/04/15 14:02:22 ID: 241, Data: 9C5533FD00004A01, Celsius: 85, A: -7.17, rev/s: +0.000,  rev: +0.917
2024/04/15 14:02:22 ID: 241, Data: 9C5535FDF7FF4A01, Celsius: 85, A: -7.15, rev/s: -0.025,  rev: +0.917
2024/04/15 14:02:22 ID: 241, Data: 9C5536FD0C004A01, Celsius: 85, A: -7.14, rev/s: +0.033,  rev: +0.917
2024/04/15 14:02:22 ID: 241, Data: 9C5533FDFDFF4A01, Celsius: 85, A: -7.17, rev/s: -0.008,  rev: +0.917
2024/04/15 14:02:22 ID: 241, Data: 9C5537FD14004A01, Celsius: 85, A: -7.13, rev/s: +0.056,  rev: +0.917
2024/04/15 14:02:22 ID: 241, Data: 9C5535FDFDFF4A01, Celsius: 85, A: -7.15, rev/s: -0.008,  rev: +0.917
2024/04/15 14:02:22 ID: 241, Data: 9C5635FD07004A01, Celsius: 86, A: -7.15, rev/s: +0.019,  rev: +0.917
2024/04/15 14:02:22 ID: 241, Data: 9C5637FDF9FF4A01, Celsius: 86, A: -7.13, rev/s: -0.019,  rev: +0.917
2024/04/15 14:02:23 ID: 241, Data: 9C5638FD06004A01, Celsius: 86, A: -7.12, rev/s: +0.017,  rev: +0.917
2024/04/15 14:02:23 ID: 241, Data: 9C5637FDF7FF4A01, Celsius: 86, A: -7.13, rev/s: -0.025,  rev: +0.917
2024/04/15 14:02:23 ID: 241, Data: 9C5638FDF0FF4A01, Celsius: 86, A: -7.12, rev/s: -0.044,  rev: +0.917
2024/04/15 14:02:23 ID: 241, Data: 9C5637FD01004A01, Celsius: 86, A: -7.13, rev/s: +0.003,  rev: +0.917
2024/04/15 14:02:23 ID: 241, Data: 9C5738FDFEFF4A01, Celsius: 87, A: -7.12, rev/s: -0.006,  rev: +0.917
2024/04/15 14:02:23 ID: 241, Data: 9C5739FDFAFF4A01, Celsius: 87, A: -7.11, rev/s: -0.017,  rev: +0.917
2024/04/15 14:02:23 ID: 241, Data: 9C5739FDFEFF4A01, Celsius: 87, A: -7.11, rev/s: -0.006,  rev: +0.917
2024/04/15 14:02:23 ID: 241, Data: 9C5739FD00004A01, Celsius: 87, A: -7.11, rev/s: +0.000,  rev: +0.917
2024/04/15 14:02:23 ID: 241, Data: 9C573BFDF8FF4A01, Celsius: 87, A: -7.09, rev/s: -0.022,  rev: +0.917
2024/04/15 14:02:23 ID: 241, Data: 9C563AFDEEFF4A01, Celsius: 86, A: -7.10, rev/s: -0.050,  rev: +0.917
2024/04/15 14:02:24 ID: 241, Data: 9C573BFDFCFF4A01, Celsius: 87, A: -7.09, rev/s: -0.011,  rev: +0.917
2024/04/15 14:02:24 ID: 241, Data: 9C583DFDF3FF4A01, Celsius: 88, A: -7.07, rev/s: -0.036,  rev: +0.917
2024/04/15 14:02:24 ID: 241, Data: 9C583CFD01004A01, Celsius: 88, A: -7.08, rev/s: +0.003,  rev: +0.917
2024/04/15 14:02:24 ID: 241, Data: 9C583CFDF9FF4A01, Celsius: 88, A: -7.08, rev/s: -0.019,  rev: +0.917
2024/04/15 14:02:24 ID: 241, Data: 9C583CFDFEFF4A01, Celsius: 88, A: -7.08, rev/s: -0.006,  rev: +0.917
2024/04/15 14:02:24 ID: 241, Data: 9C583BFDF9FF4A01, Celsius: 88, A: -7.09, rev/s: -0.019,  rev: +0.917
2024/04/15 14:02:24 ID: 241, Data: 9C583CFDE9FF4A01, Celsius: 88, A: -7.08, rev/s: -0.064,  rev: +0.917
2024/04/15 14:02:24 ID: 241, Data: 9C583BFDF6FF4A01, Celsius: 88, A: -7.09, rev/s: -0.028,  rev: +0.917
2024/04/15 14:02:24 ID: 241, Data: 9C593DFDF7FF4A01, Celsius: 89, A: -7.07, rev/s: -0.025,  rev: +0.917
2024/04/15 14:02:24 ID: 241, Data: 9C583DFD00004A01, Celsius: 88, A: -7.07, rev/s: +0.000,  rev: +0.917
2024/04/15 14:02:25 ID: 241, Data: 9C583EFDFDFF4A01, Celsius: 88, A: -7.06, rev/s: -0.008,  rev: +0.917
2024/04/15 14:02:25 ID: 241, Data: 9C583DFD07004A01, Celsius: 88, A: -7.07, rev/s: +0.019,  rev: +0.917
2024/04/15 14:02:25 ID: 241, Data: 9C593DFD00004A01, Celsius: 89, A: -7.07, rev/s: +0.000,  rev: +0.917
2024/04/15 14:02:25 ID: 241, Data: 9C593DFDF9FF4A01, Celsius: 89, A: -7.07, rev/s: -0.019,  rev: +0.917
2024/04/15 14:02:25 ID: 241, Data: 9C593EFD0E004A01, Celsius: 89, A: -7.06, rev/s: +0.039,  rev: +0.917
2024/04/15 14:02:25 ID: 241, Data: 9C593FFDF6FF4A01, Celsius: 89, A: -7.05, rev/s: -0.028,  rev: +0.917
2024/04/15 14:02:25 ID: 241, Data: 9C593EFD0C004A01, Celsius: 89, A: -7.06, rev/s: +0.033,  rev: +0.917
2024/04/15 14:02:25 ID: 241, Data: 9C5940FDFAFF4A01, Celsius: 89, A: -7.04, rev/s: -0.017,  rev: +0.917
2024/04/15 14:02:25 ID: 241, Data: 9C5A3DFDFEFF4A01, Celsius: 90, A: -7.07, rev/s: -0.006,  rev: +0.917
2024/04/15 14:02:25 ID: 241, Data: 9C5A40FD01004A01, Celsius: 90, A: -7.04, rev/s: +0.003,  rev: +0.917
2024/04/15 14:02:26 ID: 241, Data: 9C5A3EFDF1FF4A01, Celsius: 90, A: -7.06, rev/s: -0.042,  rev: +0.917
2024/04/15 14:02:26 ID: 241, Data: 9C5B40FDFCFF4A01, Celsius: 91, A: -7.04, rev/s: -0.011,  rev: +0.917
2024/04/15 14:02:26 ID: 241, Data: 9C5A3EFDFDFF4A01, Celsius: 90, A: -7.06, rev/s: -0.008,  rev: +0.917
2024/04/15 14:02:26 ID: 241, Data: 9C5B41FD08004A01, Celsius: 91, A: -7.03, rev/s: +0.022,  rev: +0.917
2024/04/15 14:02:26 ID: 241, Data: 9C5A40FD0B004A01, Celsius: 90, A: -7.04, rev/s: +0.031,  rev: +0.917
2024/04/15 14:02:26 ID: 241, Data: 9C5B3FFDFDFF4A01, Celsius: 91, A: -7.05, rev/s: -0.008,  rev: +0.917
2024/04/15 14:02:26 ID: 241, Data: 9C5B42FDFBFF4A01, Celsius: 91, A: -7.02, rev/s: -0.014,  rev: +0.917
2024/04/15 14:02:26 ID: 241, Data: 9C5B40FD08004A01, Celsius: 91, A: -7.04, rev/s: +0.022,  rev: +0.917
2024/04/15 14:02:26 ID: 241, Data: 9C5B3FFD08004A01, Celsius: 91, A: -7.05, rev/s: +0.022,  rev: +0.917
2024/04/15 14:02:27 ID: 241, Data: 9C5B41FDFCFF4A01, Celsius: 91, A: -7.03, rev/s: -0.011,  rev: +0.917
2024/04/15 14:02:27 ID: 241, Data: 9C5B42FD00004A01, Celsius: 91, A: -7.02, rev/s: +0.000,  rev: +0.917
2024/04/15 14:02:27 ID: 241, Data: 9C5B42FDFFFF4A01, Celsius: 91, A: -7.02, rev/s: -0.003,  rev: +0.917
2024/04/15 14:02:27 ID: 241, Data: 9C5B41FD00004A01, Celsius: 91, A: -7.03, rev/s: +0.000,  rev: +0.917
2024/04/15 14:02:27 ID: 241, Data: 9C5C41FD08004A01, Celsius: 92, A: -7.03, rev/s: +0.022,  rev: +0.917
2024/04/15 14:02:27 ID: 241, Data: 9C5B43FD04004A01, Celsius: 91, A: -7.01, rev/s: +0.011,  rev: +0.917
2024/04/15 14:02:27 ID: 241, Data: 9C5C41FDFBFF4A01, Celsius: 92, A: -7.03, rev/s: -0.014,  rev: +0.917
2024/04/15 14:02:27 ID: 241, Data: 9C5D41FDFCFF4A01, Celsius: 93, A: -7.03, rev/s: -0.011,  rev: +0.917
2024/04/15 14:02:27 ID: 241, Data: 9C5C42FD06004A01, Celsius: 92, A: -7.02, rev/s: +0.017,  rev: +0.917
2024/04/15 14:02:27 ID: 241, Data: 9C5C43FDEEFF4A01, Celsius: 92, A: -7.01, rev/s: -0.050,  rev: +0.917
2024/04/15 14:02:28 ID: 241, Data: 9C5C42FDFFFF4A01, Celsius: 92, A: -7.02, rev/s: -0.003,  rev: +0.917
2024/04/15 14:02:28 ID: 241, Data: 9C5D45FDF1FF4A01, Celsius: 93, A: -6.99, rev/s: -0.042,  rev: +0.917
2024/04/15 14:02:28 ID: 241, Data: 9C5D43FDF4FF4A01, Celsius: 93, A: -7.01, rev/s: -0.033,  rev: +0.917
2024/04/15 14:02:28 ID: 241, Data: 9C5D44FD08004A01, Celsius: 93, A: -7.00, rev/s: +0.022,  rev: +0.917
2024/04/15 14:02:28 ID: 241, Data: 9C5D44FDFCFF4A01, Celsius: 93, A: -7.00, rev/s: -0.011,  rev: +0.917
2024/04/15 14:02:28 ID: 241, Data: 9C5D45FD01004A01, Celsius: 93, A: -6.99, rev/s: +0.003,  rev: +0.917
2024/04/15 14:02:28 ID: 241, Data: 9C5D42FDF6FF4A01, Celsius: 93, A: -7.02, rev/s: -0.028,  rev: +0.917
2024/04/15 14:02:28 ID: 241, Data: 9C5D44FDF7FF4A01, Celsius: 93, A: -7.00, rev/s: -0.025,  rev: +0.917
2024/04/15 14:02:28 ID: 241, Data: 9C5D45FDEEFF4A01, Celsius: 93, A: -6.99, rev/s: -0.050,  rev: +0.917
2024/04/15 14:02:28 ID: 241, Data: 9C5D43FD09004A01, Celsius: 93, A: -7.01, rev/s: +0.025,  rev: +0.917
2024/04/15 14:02:29 ID: 241, Data: 9C5D45FDF1FF4A01, Celsius: 93, A: -6.99, rev/s: -0.042,  rev: +0.917
2024/04/15 14:02:29 ID: 241, Data: 9C5E44FDF7FF4A01, Celsius: 94, A: -7.00, rev/s: -0.025,  rev: +0.917
2024/04/15 14:02:29 ID: 241, Data: 9C5E44FD00004A01, Celsius: 94, A: -7.00, rev/s: +0.000,  rev: +0.917
2024/04/15 14:02:29 ID: 241, Data: 9C5E45FD0E004A01, Celsius: 94, A: -6.99, rev/s: +0.039,  rev: +0.917
2024/04/15 14:02:29 ID: 241, Data: 9C5E45FD00004A01, Celsius: 94, A: -6.99, rev/s: +0.000,  rev: +0.917
2024/04/15 14:02:29 ID: 241, Data: 9C5E48FDF5FF4A01, Celsius: 94, A: -6.96, rev/s: -0.031,  rev: +0.917
2024/04/15 14:02:29 ID: 241, Data: 9C5F45FDFAFF4A01, Celsius: 95, A: -6.99, rev/s: -0.017,  rev: +0.917
2024/04/15 14:02:29 ID: 241, Data: 9C5E46FD00004A01, Celsius: 94, A: -6.98, rev/s: +0.000,  rev: +0.917
2024/04/15 14:02:29 ID: 241, Data: 9C5F46FD03004A01, Celsius: 95, A: -6.98, rev/s: +0.008,  rev: +0.917
2024/04/15 14:02:29 ID: 241, Data: 9C5E46FDEBFF4A01, Celsius: 94, A: -6.98, rev/s: -0.058,  rev: +0.917
2024/04/15 14:02:30 ID: 241, Data: 9C5F46FD0A004A01, Celsius: 95, A: -6.98, rev/s: +0.028,  rev: +0.917
2024/04/15 14:02:30 ID: 241, Data: 9C5F48FD07004A01, Celsius: 95, A: -6.96, rev/s: +0.019,  rev: +0.917
2024/04/15 14:02:30 ID: 241, Data: 9C5E47FDF2FF4A01, Celsius: 94, A: -6.97, rev/s: -0.039,  rev: +0.917
2024/04/15 14:02:30 ID: 241, Data: 9C5F47FDF9FF4A01, Celsius: 95, A: -6.97, rev/s: -0.019,  rev: +0.917
2024/04/15 14:02:30 ID: 241, Data: 9C5F48FD05004A01, Celsius: 95, A: -6.96, rev/s: +0.014,  rev: +0.917
2024/04/15 14:02:30 ID: 241, Data: 9C5F48FD04004A01, Celsius: 95, A: -6.96, rev/s: +0.011,  rev: +0.917
2024/04/15 14:02:30 ID: 241, Data: 9C6047FD03004A01, Celsius: 96, A: -6.97, rev/s: +0.008,  rev: +0.917
2024/04/15 14:02:30 ID: 241, Data: 9C6048FDF3FF4A01, Celsius: 96, A: -6.96, rev/s: -0.036,  rev: +0.917
2024/04/15 14:02:30 ID: 241, Data: 9C5F48FD01004A01, Celsius: 95, A: -6.96, rev/s: +0.003,  rev: +0.917
2024/04/15 14:02:31 ID: 241, Data: 9C5F47FDFFFF4A01, Celsius: 95, A: -6.97, rev/s: -0.003,  rev: +0.917
2024/04/15 14:02:31 ID: 241, Data: 9C6049FD03004A01, Celsius: 96, A: -6.95, rev/s: +0.008,  rev: +0.917
2024/04/15 14:02:31 ID: 241, Data: 9C6148FD0F004A01, Celsius: 97, A: -6.96, rev/s: +0.042,  rev: +0.917
2024/04/15 14:02:31 ID: 241, Data: 9C6049FD06004A01, Celsius: 96, A: -6.95, rev/s: +0.017,  rev: +0.917
2024/04/15 14:02:31 ID: 241, Data: 9C604AFDF4FF4A01, Celsius: 96, A: -6.94, rev/s: -0.033,  rev: +0.917
2024/04/15 14:02:31 ID: 241, Data: 9C6048FD02004A01, Celsius: 96, A: -6.96, rev/s: +0.006,  rev: +0.917
2024/04/15 14:02:31 ID: 241, Data: 9C6049FDFAFF4A01, Celsius: 96, A: -6.95, rev/s: -0.017,  rev: +0.917
2024/04/15 14:02:31 ID: 241, Data: 9C6048FD00004A01, Celsius: 96, A: -6.96, rev/s: +0.000,  rev: +0.917
2024/04/15 14:02:31 ID: 241, Data: 9C6049FDF9FF4A01, Celsius: 96, A: -6.95, rev/s: -0.019,  rev: +0.917
2024/04/15 14:02:31 ID: 241, Data: 9C6149FD0E004A01, Celsius: 97, A: -6.95, rev/s: +0.039,  rev: +0.917
2024/04/15 14:02:32 ID: 241, Data: 9C6148FD14004A01, Celsius: 97, A: -6.96, rev/s: +0.056,  rev: +0.917
2024/04/15 14:02:32 ID: 241, Data: 9C614AFD07004A01, Celsius: 97, A: -6.94, rev/s: +0.019,  rev: +0.917
2024/04/15 14:02:32 ID: 241, Data: 9C614AFDFAFF4A01, Celsius: 97, A: -6.94, rev/s: -0.017,  rev: +0.917
2024/04/15 14:02:32 ID: 241, Data: 9C614AFDFDFF4A01, Celsius: 97, A: -6.94, rev/s: -0.008,  rev: +0.917
2024/04/15 14:02:32 ID: 241, Data: 9C6149FD0E004A01, Celsius: 97, A: -6.95, rev/s: +0.039,  rev: +0.917
2024/04/15 14:02:32 ID: 241, Data: 9C6149FD0E004A01, Celsius: 97, A: -6.95, rev/s: +0.039,  rev: +0.917
2024/04/15 14:02:32 ID: 241, Data: 9C614AFD04004A01, Celsius: 97, A: -6.94, rev/s: +0.011,  rev: +0.917
2024/04/15 14:02:32 ID: 241, Data: 9C624BFDFDFF4A01, Celsius: 98, A: -6.93, rev/s: -0.008,  rev: +0.917
2024/04/15 14:02:32 ID: 241, Data: 9C6149FD1C004A01, Celsius: 97, A: -6.95, rev/s: +0.078,  rev: +0.917
2024/04/15 14:02:32 ID: 241, Data: 9C614BFDFCFF4A01, Celsius: 97, A: -6.93, rev/s: -0.011,  rev: +0.917
2024/04/15 14:02:33 ID: 241, Data: 9C614AFD04004A01, Celsius: 97, A: -6.94, rev/s: +0.011,  rev: +0.917
2024/04/15 14:02:33 ID: 241, Data: 9C624AFDFBFF4A01, Celsius: 98, A: -6.94, rev/s: -0.014,  rev: +0.917
2024/04/15 14:02:33 ID: 241, Data: 9C624AFDF4FF4A01, Celsius: 98, A: -6.94, rev/s: -0.033,  rev: +0.917
2024/04/15 14:02:33 ID: 241, Data: 9C634BFDFFFF4A01, Celsius: 99, A: -6.93, rev/s: -0.003,  rev: +0.917
2024/04/15 14:02:33 ID: 241, Data: 9C624AFD0D004A01, Celsius: 98, A: -6.94, rev/s: +0.036,  rev: +0.917
2024/04/15 14:02:33 ID: 241, Data: 9C624CFD0F004A01, Celsius: 98, A: -6.92, rev/s: +0.042,  rev: +0.917
2024/04/15 14:02:33 ID: 241, Data: 9C624CFDF3FF4A01, Celsius: 98, A: -6.92, rev/s: -0.036,  rev: +0.917
2024/04/15 14:02:33 ID: 241, Data: 9C624BFD00004A01, Celsius: 98, A: -6.93, rev/s: +0.000,  rev: +0.917
2024/04/15 14:02:33 ID: 241, Data: 9C624DFDF9FF4A01, Celsius: 98, A: -6.91, rev/s: -0.019,  rev: +0.917
2024/04/15 14:02:34 ID: 241, Data: 9C634BFD0B004A01, Celsius: 99, A: -6.93, rev/s: +0.031,  rev: +0.917
2024/04/15 14:02:34 ID: 241, Data: 9C644AFD29016801, Celsius: 100, A: -6.94, rev/s: +0.825,  rev: +1.000
2024/04/15 14:02:34 ID: 241, Data: 9C644AFD0F006B01, Celsius: 100, A: -6.94, rev/s: +0.042,  rev: +1.008
2024/04/15 14:02:34 ID: 241, Data: 9C634AFD12006B01, Celsius: 99, A: -6.94, rev/s: +0.050,  rev: +1.008
2024/04/15 14:02:34 ID: 241, Data: 9C634AFD09006B01, Celsius: 99, A: -6.94, rev/s: +0.025,  rev: +1.008
2024/04/15 14:02:34 ID: 241, Data: 9C644AFD07006B01, Celsius: 100, A: -6.94, rev/s: +0.019,  rev: +1.008
2024/04/15 14:02:34 ID: 241, Data: 9C654AFDE6FF6B01, Celsius: 101, A: -6.94, rev/s: -0.072,  rev: +1.008
2024/04/15 14:02:34 ID: 241, Data: 9C644AFD22006D01, Celsius: 100, A: -6.94, rev/s: +0.094,  rev: +1.014
2024/04/15 14:02:34 ID: 241, Data: 9C644AFDAD028C01, Celsius: 100, A: -6.94, rev/s: +1.903,  rev: +1.100
2024/04/15 14:02:34 ID: 241, Data: 9C634AFD1800AC01, Celsius: 99, A: -6.94, rev/s: +0.067,  rev: +1.189
2024/04/15 14:02:35 ID: 241, Data: 9C644AFD0200AC01, Celsius: 100, A: -6.94, rev/s: +0.006,  rev: +1.189
2024/04/15 14:02:35 ID: 241, Data: 9C634AFDF8FFAC01, Celsius: 99, A: -6.94, rev/s: -0.022,  rev: +1.189
2024/04/15 14:02:35 ID: 241, Data: 9C644AFD1900AC01, Celsius: 100, A: -6.94, rev/s: +0.069,  rev: +1.189
2024/04/15 14:02:35 ID: 241, Data: 9C644AFD2B00AD01, Celsius: 100, A: -6.94, rev/s: +0.119,  rev: +1.192
2024/04/15 14:02:35 ID: 241, Data: 9C644AFD8801C201, Celsius: 100, A: -6.94, rev/s: +1.089,  rev: +1.250
2024/04/15 14:02:35 ID: 241, Data: 9C654AFDE9FFC801, Celsius: 101, A: -6.94, rev/s: -0.064,  rev: +1.267
2024/04/15 14:02:35 ID: 241, Data: 9C644AFD0000C801, Celsius: 100, A: -6.94, rev/s: +0.000,  rev: +1.267
2024/04/15 14:02:35 ID: 241, Data: 9C644AFDE9FFC801, Celsius: 100, A: -6.94, rev/s: -0.064,  rev: +1.267
2024/04/15 14:02:35 ID: 241, Data: 9C644AFDFCFFC801, Celsius: 100, A: -6.94, rev/s: -0.011,  rev: +1.267
2024/04/15 14:02:35 ID: 241, Data: 9C644AFD1F00C801, Celsius: 100, A: -6.94, rev/s: +0.086,  rev: +1.267
2024/04/15 14:02:36 ID: 241, Data: 9C644AFD1F00C801, Celsius: 100, A: -6.94, rev/s: +0.086,  rev: +1.267
2024/04/15 14:02:36 ID: 241, Data: 9C634AFD0600C801, Celsius: 99, A: -6.94, rev/s: +0.017,  rev: +1.267
2024/04/15 14:02:36 ID: 241, Data: 9C644AFD0D00CA01, Celsius: 100, A: -6.94, rev/s: +0.036,  rev: +1.272
2024/04/15 14:02:36 ID: 241, Data: 9C634AFDE9FFCB01, Celsius: 99, A: -6.94, rev/s: -0.064,  rev: +1.275
2024/04/15 14:02:36 ID: 241, Data: 9C624AFDF0FFCB01, Celsius: 98, A: -6.94, rev/s: -0.044,  rev: +1.275
2024/04/15 14:02:36 ID: 241, Data: 9C634AFD0800CB01, Celsius: 99, A: -6.94, rev/s: +0.022,  rev: +1.275
2024/04/15 14:02:36 ID: 241, Data: 9C634AFDF4FFCB01, Celsius: 99, A: -6.94, rev/s: -0.033,  rev: +1.275
2024/04/15 14:02:36 ID: 241, Data: 9C634AFDFAFFCB01, Celsius: 99, A: -6.94, rev/s: -0.017,  rev: +1.275
2024/04/15 14:02:36 ID: 241, Data: 9C624AFDEAFFCB01, Celsius: 98, A: -6.94, rev/s: -0.061,  rev: +1.275
2024/04/15 14:02:36 ID: 241, Data: 9C624AFDEEFFCB01, Celsius: 98, A: -6.94, rev/s: -0.050,  rev: +1.275
2024/04/15 14:02:37 ID: 241, Data: 9C634AFDEFFFCB01, Celsius: 99, A: -6.94, rev/s: -0.047,  rev: +1.275
2024/04/15 14:02:37 ID: 241, Data: 9C624AFDF8FFCB01, Celsius: 98, A: -6.94, rev/s: -0.022,  rev: +1.275
2024/04/15 14:02:37 ID: 241, Data: 9C624AFDFFFFCB01, Celsius: 98, A: -6.94, rev/s: -0.003,  rev: +1.275
2024/04/15 14:02:37 ID: 241, Data: 9C624AFD1500CB01, Celsius: 98, A: -6.94, rev/s: +0.058,  rev: +1.275
2024/04/15 14:02:37 ID: 241, Data: 9C624AFDFDFFCB01, Celsius: 98, A: -6.94, rev/s: -0.008,  rev: +1.275
2024/04/15 14:02:37 ID: 241, Data: 9C624AFD0C00CB01, Celsius: 98, A: -6.94, rev/s: +0.033,  rev: +1.275
2024/04/15 14:02:37 ID: 241, Data: 9C634AFD0900CB01, Celsius: 99, A: -6.94, rev/s: +0.025,  rev: +1.275
2024/04/15 14:02:37 ID: 241, Data: 9C634AFDF3FFCB01, Celsius: 99, A: -6.94, rev/s: -0.036,  rev: +1.275
2024/04/15 14:02:37 ID: 241, Data: 9C624AFD0100CB01, Celsius: 98, A: -6.94, rev/s: +0.003,  rev: +1.275
2024/04/15 14:02:37 ID: 241, Data: 9C614AFDF5FFCB01, Celsius: 97, A: -6.94, rev/s: -0.031,  rev: +1.275
2024/04/15 14:02:38 ID: 241, Data: 9C624AFD0000CC01, Celsius: 98, A: -6.94, rev/s: +0.000,  rev: +1.278
2024/04/15 14:02:38 ID: 241, Data: 9C624AFD2700CC01, Celsius: 98, A: -6.94, rev/s: +0.108,  rev: +1.278
2024/04/15 14:02:38 ID: 241, Data: 9C624AFD0C00CC01, Celsius: 98, A: -6.94, rev/s: +0.033,  rev: +1.278
2024/04/15 14:02:38 ID: 241, Data: 9C614AFD0800CB01, Celsius: 97, A: -6.94, rev/s: +0.022,  rev: +1.275
2024/04/15 14:02:38 ID: 241, Data: 9C614AFD0600CC01, Celsius: 97, A: -6.94, rev/s: +0.017,  rev: +1.278
2024/04/15 14:02:38 ID: 241, Data: 9C604AFDE9FFCC01, Celsius: 96, A: -6.94, rev/s: -0.064,  rev: +1.278
2024/04/15 14:02:38 ID: 241, Data: 9C614AFD1300CC01, Celsius: 97, A: -6.94, rev/s: +0.053,  rev: +1.278
2024/04/15 14:02:38 ID: 241, Data: 9C614AFDFBFFCC01, Celsius: 97, A: -6.94, rev/s: -0.014,  rev: +1.278
2024/04/15 14:02:38 ID: 241, Data: 9C624AFD0B00CC01, Celsius: 98, A: -6.94, rev/s: +0.031,  rev: +1.278
2024/04/15 14:02:38 ID: 241, Data: 9C614AFD0B00CC01, Celsius: 97, A: -6.94, rev/s: +0.031,  rev: +1.278
2024/04/15 14:02:39 ID: 241, Data: 9C604AFDFCFFCC01, Celsius: 96, A: -6.94, rev/s: -0.011,  rev: +1.278
2024/04/15 14:02:39 ID: 241, Data: 9C604AFDF9FFCC01, Celsius: 96, A: -6.94, rev/s: -0.019,  rev: +1.278
2024/04/15 14:02:39 ID: 241, Data: 9C614AFD1600CC01, Celsius: 97, A: -6.94, rev/s: +0.061,  rev: +1.278
2024/04/15 14:02:39 ID: 241, Data: 9C604AFDF6FFCC01, Celsius: 96, A: -6.94, rev/s: -0.028,  rev: +1.278
2024/04/15 14:02:39 ID: 241, Data: 9C604AFD0A00CC01, Celsius: 96, A: -6.94, rev/s: +0.028,  rev: +1.278
2024/04/15 14:02:39 ID: 241, Data: 9C604AFDFAFFCC01, Celsius: 96, A: -6.94, rev/s: -0.017,  rev: +1.278
2024/04/15 14:02:39 ID: 241, Data: 9C604AFD0600CC01, Celsius: 96, A: -6.94, rev/s: +0.017,  rev: +1.278
2024/04/15 14:02:39 ID: 241, Data: 9C604AFDE9FFCC01, Celsius: 96, A: -6.94, rev/s: -0.064,  rev: +1.278
2024/04/15 14:02:39 ID: 241, Data: 9C604AFD1200CC01, Celsius: 96, A: -6.94, rev/s: +0.050,  rev: +1.278
2024/04/15 14:02:40 ID: 241, Data: 9C604AFD0A00CC01, Celsius: 96, A: -6.94, rev/s: +0.028,  rev: +1.278
2024/04/15 14:02:40 ID: 241, Data: 9C604AFD0200CC01, Celsius: 96, A: -6.94, rev/s: +0.006,  rev: +1.278
2024/04/15 14:02:40 ID: 241, Data: 9C604AFDEEFFCC01, Celsius: 96, A: -6.94, rev/s: -0.050,  rev: +1.278
2024/04/15 14:02:40 ID: 241, Data: 9C5F4AFDF2FFCC01, Celsius: 95, A: -6.94, rev/s: -0.039,  rev: +1.278
2024/04/15 14:02:40 ID: 241, Data: 9C5F4AFDFEFFCC01, Celsius: 95, A: -6.94, rev/s: -0.006,  rev: +1.278
2024/04/15 14:02:40 ID: 241, Data: 9C5F4AFDFAFFCC01, Celsius: 95, A: -6.94, rev/s: -0.017,  rev: +1.278
2024/04/15 14:02:40 ID: 241, Data: 9C5F4AFD0000CC01, Celsius: 95, A: -6.94, rev/s: +0.000,  rev: +1.278
2024/04/15 14:02:40 ID: 241, Data: 9C5F4AFD1800CD01, Celsius: 95, A: -6.94, rev/s: +0.067,  rev: +1.281
2024/04/15 14:02:40 ID: 241, Data: 9C5F4AFD3900D501, Celsius: 95, A: -6.94, rev/s: +0.158,  rev: +1.303
2024/04/15 14:02:40 ID: 241, Data: 9C5F4AFD1C00D501, Celsius: 95, A: -6.94, rev/s: +0.078,  rev: +1.303
2024/04/15 14:02:41 ID: 241, Data: 9C5F4AFD1200D501, Celsius: 95, A: -6.94, rev/s: +0.050,  rev: +1.303
2024/04/15 14:02:41 ID: 241, Data: 9C5F4AFDFBFFD501, Celsius: 95, A: -6.94, rev/s: -0.014,  rev: +1.303
2024/04/15 14:02:41 ID: 241, Data: 9C5E4AFDF6FFD501, Celsius: 94, A: -6.94, rev/s: -0.028,  rev: +1.303
2024/04/15 14:02:41 ID: 241, Data: 9C5E4AFD0400D501, Celsius: 94, A: -6.94, rev/s: +0.011,  rev: +1.303
2024/04/15 14:02:41 ID: 241, Data: 9C5E4AFDFCFFD501, Celsius: 94, A: -6.94, rev/s: -0.011,  rev: +1.303
2024/04/15 14:02:41 ID: 241, Data: 9C5E4AFDF7FFD501, Celsius: 94, A: -6.94, rev/s: -0.025,  rev: +1.303
2024/04/15 14:02:41 ID: 241, Data: 9C5E4AFDEEFFD501, Celsius: 94, A: -6.94, rev/s: -0.050,  rev: +1.303
2024/04/15 14:02:41 ID: 241, Data: 9C5E4AFD0900D501, Celsius: 94, A: -6.94, rev/s: +0.025,  rev: +1.303
2024/04/15 14:02:41 ID: 241, Data: 9C5E4AFDF8FFD501, Celsius: 94, A: -6.94, rev/s: -0.022,  rev: +1.303
2024/04/15 14:02:41 ID: 241, Data: 9C5E4AFD0600D501, Celsius: 94, A: -6.94, rev/s: +0.017,  rev: +1.303
2024/04/15 14:02:42 ID: 241, Data: 9C5E4AFD1500D501, Celsius: 94, A: -6.94, rev/s: +0.058,  rev: +1.303
2024/04/15 14:02:42 ID: 241, Data: 9C5E4AFDFCFFD501, Celsius: 94, A: -6.94, rev/s: -0.011,  rev: +1.303
2024/04/15 14:02:42 ID: 241, Data: 9C5E4AFD0200D501, Celsius: 94, A: -6.94, rev/s: +0.006,  rev: +1.303
2024/04/15 14:02:42 ID: 241, Data: 9C5E4AFD1000D501, Celsius: 94, A: -6.94, rev/s: +0.044,  rev: +1.303
2024/04/15 14:02:42 ID: 241, Data: 9C5E4AFD0800D501, Celsius: 94, A: -6.94, rev/s: +0.022,  rev: +1.303
2024/04/15 14:02:42 ID: 241, Data: 9C5E4AFDF1FFD501, Celsius: 94, A: -6.94, rev/s: -0.042,  rev: +1.303
2024/04/15 14:02:42 ID: 241, Data: 9C5D4AFD0100D501, Celsius: 93, A: -6.94, rev/s: +0.003,  rev: +1.303
2024/04/15 14:02:42 ID: 241, Data: 9C5D4AFDFDFFD501, Celsius: 93, A: -6.94, rev/s: -0.008,  rev: +1.303
2024/04/15 14:02:42 ID: 241, Data: 9C5E4AFD0B00D501, Celsius: 94, A: -6.94, rev/s: +0.031,  rev: +1.303
2024/04/15 14:02:42 ID: 241, Data: 9C5D4AFD0B00D501, Celsius: 93, A: -6.94, rev/s: +0.031,  rev: +1.303
2024/04/15 14:02:43 ID: 241, Data: 9C5D4AFD0100D601, Celsius: 93, A: -6.94, rev/s: +0.003,  rev: +1.306
2024/04/15 14:02:43 ID: 241, Data: 9C5C4AFD0500D601, Celsius: 92, A: -6.94, rev/s: +0.014,  rev: +1.306
2024/04/15 14:02:43 ID: 241, Data: 9C5D4AFDF4FFD601, Celsius: 93, A: -6.94, rev/s: -0.033,  rev: +1.306
2024/04/15 14:02:43 ID: 241, Data: 9C5D4AFD1E00D601, Celsius: 93, A: -6.94, rev/s: +0.083,  rev: +1.306
2024/04/15 14:02:43 ID: 241, Data: 9C5D4AFD1E00D601, Celsius: 93, A: -6.94, rev/s: +0.083,  rev: +1.306
2024/04/15 14:02:43 ID: 241, Data: 9C5C4AFD1300D601, Celsius: 92, A: -6.94, rev/s: +0.053,  rev: +1.306
2024/04/15 14:02:43 ID: 241, Data: 9C5C4AFDFEFFD601, Celsius: 92, A: -6.94, rev/s: -0.006,  rev: +1.306
2024/04/15 14:02:43 ID: 241, Data: 9C5C4AFD0800D601, Celsius: 92, A: -6.94, rev/s: +0.022,  rev: +1.306
2024/04/15 14:02:43 ID: 241, Data: 9C5D4AFD0100D601, Celsius: 93, A: -6.94, rev/s: +0.003,  rev: +1.306
2024/04/15 14:02:43 ID: 241, Data: 9C5D4AFD0E00D601, Celsius: 93, A: -6.94, rev/s: +0.039,  rev: +1.306
2024/04/15 14:02:44 ID: 241, Data: 9C5D4AFD2300D601, Celsius: 93, A: -6.94, rev/s: +0.097,  rev: +1.306
2024/04/15 14:02:44 ID: 241, Data: 9C5C4AFDFBFFD601, Celsius: 92, A: -6.94, rev/s: -0.014,  rev: +1.306
2024/04/15 14:02:44 ID: 241, Data: 9C5C4AFDE5FFD601, Celsius: 92, A: -6.94, rev/s: -0.075,  rev: +1.306
2024/04/15 14:02:44 ID: 241, Data: 9C5C4AFDF1FFD601, Celsius: 92, A: -6.94, rev/s: -0.042,  rev: +1.306
2024/04/15 14:02:44 ID: 241, Data: 9C5C4AFDFBFFD601, Celsius: 92, A: -6.94, rev/s: -0.014,  rev: +1.306
2024/04/15 14:02:44 ID: 241, Data: 9C5C4AFDFFFFD601, Celsius: 92, A: -6.94, rev/s: -0.003,  rev: +1.306
2024/04/15 14:02:44 ID: 241, Data: 9C5C4AFD0F00D601, Celsius: 92, A: -6.94, rev/s: +0.042,  rev: +1.306
2024/04/15 14:02:44 ID: 241, Data: 9C5C4AFDEAFFD601, Celsius: 92, A: -6.94, rev/s: -0.061,  rev: +1.306
2024/04/15 14:02:44 ID: 241, Data: 9C5C4AFDF3FFD601, Celsius: 92, A: -6.94, rev/s: -0.036,  rev: +1.306
2024/04/15 14:02:45 ID: 241, Data: 9C5C4AFD0000D601, Celsius: 92, A: -6.94, rev/s: +0.000,  rev: +1.306
2024/04/15 14:02:45 ID: 241, Data: 9C5B4AFDFBFFD601, Celsius: 91, A: -6.94, rev/s: -0.014,  rev: +1.306
2024/04/15 14:02:45 ID: 241, Data: 9C5C4AFD1400D601, Celsius: 92, A: -6.94, rev/s: +0.056,  rev: +1.306
2024/04/15 14:02:45 ID: 241, Data: 9C5B4AFDEDFFD601, Celsius: 91, A: -6.94, rev/s: -0.053,  rev: +1.306
2024/04/15 14:02:45 ID: 241, Data: 9C5B4AFD0500D601, Celsius: 91, A: -6.94, rev/s: +0.014,  rev: +1.306
2024/04/15 14:02:45 ID: 241, Data: 9C5A4AFD1400D601, Celsius: 90, A: -6.94, rev/s: +0.056,  rev: +1.306
2024/04/15 14:02:45 ID: 241, Data: 9C5B4AFD0100D601, Celsius: 91, A: -6.94, rev/s: +0.003,  rev: +1.306
2024/04/15 14:02:45 ID: 241, Data: 9C5B4AFD0800D601, Celsius: 91, A: -6.94, rev/s: +0.022,  rev: +1.306
2024/04/15 14:02:45 ID: 241, Data: 9C5B4AFD3E00D701, Celsius: 91, A: -6.94, rev/s: +0.172,  rev: +1.308
2024/04/15 14:02:45 ID: 241, Data: 9C5B4AFD0C041302, Celsius: 91, A: -6.94, rev/s: +2.878,  rev: +1.475
2024/04/15 14:02:46 ID: 241, Data: 9C5B4AFD1B049B02, Celsius: 91, A: -6.94, rev/s: +2.919,  rev: +1.853
2024/04/15 14:02:46 ID: 241, Data: 9C5B4AFD80020903, Celsius: 91, A: -6.94, rev/s: +1.778,  rev: +2.158
2024/04/15 14:02:46 ID: 241, Data: 9C5B4AFDF5003403, Celsius: 91, A: -6.94, rev/s: +0.681,  rev: +2.278
2024/04/15 14:02:46 ID: 241, Data: 9C5B4AFDF6FF3603, Celsius: 91, A: -6.94, rev/s: -0.028,  rev: +2.283
2024/04/15 14:02:46 ID: 241, Data: 9C5A4AFDFFFF3603, Celsius: 90, A: -6.94, rev/s: -0.003,  rev: +2.283
2024/04/15 14:02:46 ID: 241, Data: 9C5B4AFD0E003603, Celsius: 91, A: -6.94, rev/s: +0.039,  rev: +2.283
2024/04/15 14:02:46 ID: 241, Data: 9C5A4AFDF3FF3603, Celsius: 90, A: -6.94, rev/s: -0.036,  rev: +2.283
2024/04/15 14:02:46 ID: 241, Data: 9C5B4AFD8B003903, Celsius: 91, A: -6.94, rev/s: +0.386,  rev: +2.292
2024/04/15 14:02:46 ID: 241, Data: 9C5A4AFD8B036D03, Celsius: 90, A: -6.94, rev/s: +2.519,  rev: +2.436
2024/04/15 14:02:46 ID: 241, Data: 9C5A4AFD5104DB03, Celsius: 90, A: -6.94, rev/s: +3.069,  rev: +2.742
2024/04/15 14:02:47 ID: 241, Data: 9C5A4AFDA7021D04, Celsius: 90, A: -6.94, rev/s: +1.886,  rev: +2.925
2024/04/15 14:02:47 ID: 241, Data: 9C5B4AFD0E003604, Celsius: 91, A: -6.94, rev/s: +0.039,  rev: +2.994
2024/04/15 14:02:47 ID: 241, Data: 9C5A4AFDF7FF3604, Celsius: 90, A: -6.94, rev/s: -0.025,  rev: +2.994
2024/04/15 14:02:47 ID: 241, Data: 9C5A4AFDFBFF3604, Celsius: 90, A: -6.94, rev/s: -0.014,  rev: +2.994
2024/04/15 14:02:47 ID: 241, Data: 9C5A4AFD15003604, Celsius: 90, A: -6.94, rev/s: +0.058,  rev: +2.994
2024/04/15 14:02:47 ID: 241, Data: 9C5A4AFD0C003D04, Celsius: 90, A: -6.94, rev/s: +0.033,  rev: +3.014
2024/04/15 14:02:47 ID: 241, Data: 9C5B4AFDFBFF3D04, Celsius: 91, A: -6.94, rev/s: -0.014,  rev: +3.014
2024/04/15 14:02:47 ID: 241, Data: 9C5A4AFD05003D04, Celsius: 90, A: -6.94, rev/s: +0.014,  rev: +3.014
2024/04/15 14:02:47 ID: 241, Data: 9C594AFD1C003D04, Celsius: 89, A: -6.94, rev/s: +0.078,  rev: +3.014
2024/04/15 14:02:47 ID: 241, Data: 9C5A4AFDF3FF3D04, Celsius: 90, A: -6.94, rev/s: -0.036,  rev: +3.014
2024/04/15 14:02:48 ID: 241, Data: 9C5A4AFDFAFF3D04, Celsius: 90, A: -6.94, rev/s: -0.017,  rev: +3.014
2024/04/15 14:02:48 ID: 241, Data: 9C594AFDF9FF3D04, Celsius: 89, A: -6.94, rev/s: -0.019,  rev: +3.014
2024/04/15 14:02:48 ID: 241, Data: 9C594AFD17003D04, Celsius: 89, A: -6.94, rev/s: +0.064,  rev: +3.014
2024/04/15 14:02:48 ID: 241, Data: 9C594AFDFCFF3D04, Celsius: 89, A: -6.94, rev/s: -0.011,  rev: +3.014
2024/04/15 14:02:48 ID: 241, Data: 9C594AFDDDFF3D04, Celsius: 89, A: -6.94, rev/s: -0.097,  rev: +3.014
2024/04/15 14:02:48 ID: 241, Data: 9C594AFD21003D04, Celsius: 89, A: -6.94, rev/s: +0.092,  rev: +3.014
2024/04/15 14:02:48 ID: 241, Data: 9C594AFD0E003D04, Celsius: 89, A: -6.94, rev/s: +0.039,  rev: +3.014
2024/04/15 14:02:48 ID: 241, Data: 9C594AFD04003D04, Celsius: 89, A: -6.94, rev/s: +0.011,  rev: +3.014
2024/04/15 14:02:48 ID: 241, Data: 9C594AFDFEFF3D04, Celsius: 89, A: -6.94, rev/s: -0.006,  rev: +3.014
2024/04/15 14:02:48 ID: 241, Data: 9C594AFDF8FF3D04, Celsius: 89, A: -6.94, rev/s: -0.022,  rev: +3.014
2024/04/15 14:02:49 ID: 241, Data: 9C594AFD0A003D04, Celsius: 89, A: -6.94, rev/s: +0.028,  rev: +3.014
2024/04/15 14:02:49 ID: 241, Data: 9C594AFD1C003D04, Celsius: 89, A: -6.94, rev/s: +0.078,  rev: +3.014
2024/04/15 14:02:49 ID: 241, Data: 9C594AFD10003D04, Celsius: 89, A: -6.94, rev/s: +0.044,  rev: +3.014
2024/04/15 14:02:49 ID: 241, Data: 9C594AFDFDFF3D04, Celsius: 89, A: -6.94, rev/s: -0.008,  rev: +3.014
2024/04/15 14:02:49 ID: 241, Data: 9C594AFDF0FF3D04, Celsius: 89, A: -6.94, rev/s: -0.044,  rev: +3.014
2024/04/15 14:02:49 ID: 241, Data: 9C594AFDF9FF3D04, Celsius: 89, A: -6.94, rev/s: -0.019,  rev: +3.014
2024/04/15 14:02:49 ID: 241, Data: 9C594AFDF0FF3D04, Celsius: 89, A: -6.94, rev/s: -0.044,  rev: +3.014
2024/04/15 14:02:49 ID: 241, Data: 9C584AFD08003D04, Celsius: 88, A: -6.94, rev/s: +0.022,  rev: +3.014
2024/04/15 14:02:49 ID: 241, Data: 9C594AFDF1FF3D04, Celsius: 89, A: -6.94, rev/s: -0.042,  rev: +3.014
2024/04/15 14:02:50 ID: 241, Data: 9C584AFDF8FF3D04, Celsius: 88, A: -6.94, rev/s: -0.022,  rev: +3.014
2024/04/15 14:02:50 ID: 241, Data: 9C584AFDF6FF3D04, Celsius: 88, A: -6.94, rev/s: -0.028,  rev: +3.014
2024/04/15 14:02:50 ID: 241, Data: 9C584AFDFCFF3D04, Celsius: 88, A: -6.94, rev/s: -0.011,  rev: +3.014
2024/04/15 14:02:50 ID: 241, Data: 9C584AFDFFFF3D04, Celsius: 88, A: -6.94, rev/s: -0.003,  rev: +3.014
2024/04/15 14:02:50 ID: 241, Data: 9C594AFDF4FF3D04, Celsius: 89, A: -6.94, rev/s: -0.033,  rev: +3.014
2024/04/15 14:02:50 ID: 241, Data: 9C584AFDFCFF3D04, Celsius: 88, A: -6.94, rev/s: -0.011,  rev: +3.014
2024/04/15 14:02:50 ID: 241, Data: 9C584AFD13003D04, Celsius: 88, A: -6.94, rev/s: +0.053,  rev: +3.014
2024/04/15 14:02:50 ID: 241, Data: 9C584AFDEFFF3D04, Celsius: 88, A: -6.94, rev/s: -0.047,  rev: +3.014
2024/04/15 14:02:50 ID: 241, Data: 9C584AFD0F003D04, Celsius: 88, A: -6.94, rev/s: +0.042,  rev: +3.014
2024/04/15 14:02:50 ID: 241, Data: 9C584AFD04003D04, Celsius: 88, A: -6.94, rev/s: +0.011,  rev: +3.014
2024/04/15 14:02:51 ID: 241, Data: 9C584AFD04003D04, Celsius: 88, A: -6.94, rev/s: +0.011,  rev: +3.014
2024/04/15 14:02:51 ID: 241, Data: 9C584AFD17003D04, Celsius: 88, A: -6.94, rev/s: +0.064,  rev: +3.014
2024/04/15 14:02:51 ID: 241, Data: 9C584AFDF2FF3D04, Celsius: 88, A: -6.94, rev/s: -0.039,  rev: +3.014
2024/04/15 14:02:51 ID: 241, Data: 9C584AFDFEFF3D04, Celsius: 88, A: -6.94, rev/s: -0.006,  rev: +3.014
2024/04/15 14:02:51 ID: 241, Data: 9C584AFDFEFF3D04, Celsius: 88, A: -6.94, rev/s: -0.006,  rev: +3.014
2024/04/15 14:02:51 ID: 241, Data: 9C574AFDE6FF3D04, Celsius: 87, A: -6.94, rev/s: -0.072,  rev: +3.014
2024/04/15 14:02:51 ID: 241, Data: 9C584AFD1A003D04, Celsius: 88, A: -6.94, rev/s: +0.072,  rev: +3.014
2024/04/15 14:02:51 ID: 241, Data: 9C584AFDFEFF3D04, Celsius: 88, A: -6.94, rev/s: -0.006,  rev: +3.014
2024/04/15 14:02:51 ID: 241, Data: 9C574AFD16003D04, Celsius: 87, A: -6.94, rev/s: +0.061,  rev: +3.014
2024/04/15 14:02:51 ID: 241, Data: 9C574AFD10003D04, Celsius: 87, A: -6.94, rev/s: +0.044,  rev: +3.014
2024/04/15 14:02:52 ID: 241, Data: 9C574AFDFFFF3D04, Celsius: 87, A: -6.94, rev/s: -0.003,  rev: +3.014
2024/04/15 14:02:52 ID: 241, Data: 9C584AFDE2FF3D04, Celsius: 88, A: -6.94, rev/s: -0.083,  rev: +3.014
2024/04/15 14:02:52 ID: 241, Data: 9C574AFD03003D04, Celsius: 87, A: -6.94, rev/s: +0.008,  rev: +3.014
2024/04/15 14:02:52 ID: 241, Data: 9C574AFD14003D04, Celsius: 87, A: -6.94, rev/s: +0.056,  rev: +3.014
2024/04/15 14:02:52 ID: 241, Data: 9C574AFD08003D04, Celsius: 87, A: -6.94, rev/s: +0.022,  rev: +3.014
2024/04/15 14:02:52 ID: 241, Data: 9C584AFDE7FF3D04, Celsius: 88, A: -6.94, rev/s: -0.069,  rev: +3.014
2024/04/15 14:02:52 ID: 241, Data: 9C574AFD05003D04, Celsius: 87, A: -6.94, rev/s: +0.014,  rev: +3.014
2024/04/15 14:02:52 ID: 241, Data: 9C564AFD13003D04, Celsius: 86, A: -6.94, rev/s: +0.053,  rev: +3.014
2024/04/15 14:02:52 ID: 241, Data: 9C574AFD07003D04, Celsius: 87, A: -6.94, rev/s: +0.019,  rev: +3.014
2024/04/15 14:02:52 ID: 241, Data: 9C574AFDE2FF3D04, Celsius: 87, A: -6.94, rev/s: -0.083,  rev: +3.014
2024/04/15 14:02:53 ID: 241, Data: 9C574AFDF6FF3D04, Celsius: 87, A: -6.94, rev/s: -0.028,  rev: +3.014
2024/04/15 14:02:53 ID: 241, Data: 9C574AFDF7FF3D04, Celsius: 87, A: -6.94, rev/s: -0.025,  rev: +3.014
2024/04/15 14:02:53 ID: 241, Data: 9C574AFD04003D04, Celsius: 87, A: -6.94, rev/s: +0.011,  rev: +3.014
2024/04/15 14:02:53 ID: 241, Data: 9C574AFD0F003D04, Celsius: 87, A: -6.94, rev/s: +0.042,  rev: +3.014
2024/04/15 14:02:53 ID: 241, Data: 9C574AFD00003D04, Celsius: 87, A: -6.94, rev/s: +0.000,  rev: +3.014
2024/04/15 14:02:53 ID: 241, Data: 9C574AFDF5FF3D04, Celsius: 87, A: -6.94, rev/s: -0.031,  rev: +3.014
2024/04/15 14:02:53 ID: 241, Data: 9C574AFD06003D04, Celsius: 87, A: -6.94, rev/s: +0.017,  rev: +3.014
2024/04/15 14:02:53 ID: 241, Data: 9C574AFD11003D04, Celsius: 87, A: -6.94, rev/s: +0.047,  rev: +3.014
2024/04/15 14:02:53 ID: 241, Data: 9C574AFDE8FF3D04, Celsius: 87, A: -6.94, rev/s: -0.067,  rev: +3.014
2024/04/15 14:02:53 ID: 241, Data: 9C574AFD00003D04, Celsius: 87, A: -6.94, rev/s: +0.000,  rev: +3.014
2024/04/15 14:02:54 ID: 241, Data: 9C574AFDFBFF3D04, Celsius: 87, A: -6.94, rev/s: -0.014,  rev: +3.014
