2024/04/15 14:19:11 ID: 241, Data: 9C28C9FFE2FF6AFD, Celsius: 40, A: -0.55, rev/s: -0.083,  rev: -1.839
2024/04/15 14:19:11 ID: 241, Data: 9C28B7FF86FF58FD, Celsius: 40, A: -0.73, rev/s: -0.339,  rev: -1.889
2024/04/15 14:19:11 ID: 241, Data: 9C28D1FFE4FE3EFD, Celsius: 40, A: -0.47, rev/s: -0.789,  rev: -1.961
2024/04/15 14:19:11 ID: 241, Data: 9C28F9FF63FE1BFD, Celsius: 40, A: -0.07, rev/s: -1.147,  rev: -2.058
2024/04/15 14:19:11 ID: 241, Data: 9C28C6FFDDFEF7FC, Celsius: 40, A: -0.58, rev/s: -0.808,  rev: -2.158
2024/04/15 14:19:11 ID: 241, Data: 9C28AAFFB5FED3FC, Celsius: 40, A: -0.86, rev/s: -0.919,  rev: -2.258
2024/04/15 14:19:12 ID: 241, Data: 9C28D6FF87FEABFC, Celsius: 40, A: -0.42, rev/s: -1.047,  rev: -2.369
2024/04/15 14:19:12 ID: 241, Data: 9C281FFFE0FE8DFC, Celsius: 40, A: -2.25, rev/s: -0.800,  rev: -2.453
2024/04/15 14:19:12 ID: 241, Data: 9C283DFD26FF70FC, Celsius: 40, A: -7.07, rev/s: -0.606,  rev: -2.533
2024/04/15 14:19:12 ID: 241, Data: 9C2836FF29FA2EFC, Celsius: 40, A: -2.02, rev/s: -4.153,  rev: -2.717
2024/04/15 14:19:12 ID: 241, Data: 9C2857FFDEFE14FC, Celsius: 40, A: -1.69, rev/s: -0.806,  rev: -2.789
2024/04/15 14:19:12 ID: 241, Data: 9C2828FD43FF01FC, Celsius: 40, A: -7.28, rev/s: -0.525,  rev: -2.842
2024/04/15 14:19:12 ID: 241, Data: 9C28EBFCEEFFFFFB, Celsius: 40, A: -7.89, rev/s: -0.050,  rev: -2.847
2024/04/15 14:19:12 ID: 241, Data: 9C28A7FC0100F9FB, Celsius: 40, A: -8.57, rev/s: +0.003,  rev: -2.864
2024/04/15 14:19:12 ID: 241, Data: 9C28F6FCCDFFF0FB, Celsius: 40, A: -7.78, rev/s: -0.142,  rev: -2.889
2024/04/15 14:19:12 ID: 241, Data: 9C2829FD06FFDDFB, Celsius: 40, A: -7.27, rev/s: -0.694,  rev: -2.942
2024/04/15 14:19:13 ID: 241, Data: 9C288FFDE1FD8DFB, Celsius: 40, A: -6.25, rev/s: -1.508,  rev: -3.164
2024/04/15 14:19:13 ID: 241, Data: 9C2876FFBBF925FB, Celsius: 40, A: -1.38, rev/s: -4.458,  rev: -3.453
2024/04/15 14:19:13 ID: 241, Data: 9C29DAFFE7FCA4FA, Celsius: 41, A: -0.38, rev/s: -2.203,  rev: -3.811
2024/04/15 14:19:13 ID: 241, Data: 9C29CCFF1AFFC5FA, Celsius: 41, A: -0.52, rev/s: -0.639,  rev: -3.719
2024/04/15 14:19:13 ID: 241, Data: 9C29D0FFA0FEA5FA, Celsius: 41, A: -0.48, rev/s: -0.978,  rev: -3.808
2024/04/15 14:19:13 ID: 241, Data: 9C292AFEB7FF8FFA, Celsius: 41, A: -4.70, rev/s: -0.203,  rev: -3.869
2024/04/15 14:19:13 ID: 241, Data: 9C299DFDA9FD72FA, Celsius: 41, A: -6.11, rev/s: -1.664,  rev: -3.950
2024/04/15 14:19:13 ID: 241, Data: 9C29DBFE2DFF26FA, Celsius: 41, A: -2.93, rev/s: -0.586,  rev: -4.161
2024/04/15 14:19:13 ID: 241, Data: 9C2947FFABFF0EFA, Celsius: 41, A: -1.85, rev/s: -0.236,  rev: -4.228
2024/04/15 14:19:13 ID: 241, Data: 9C297DFD83FEFDF9, Celsius: 41, A: -6.43, rev/s: -1.058,  rev: -4.275
2024/04/15 14:19:14 ID: 241, Data: 9C29FFFEC9FEC3F9, Celsius: 41, A: -2.57, rev/s: -0.864,  rev: -4.436
2024/04/15 14:19:14 ID: 241, Data: 9C2925FFEFFEA1F9, Celsius: 41, A: -2.19, rev/s: -0.758,  rev: -4.531
2024/04/15 14:19:14 ID: 241, Data: 9C29EAFD51FE8AF9, Celsius: 41, A: -5.34, rev/s: -1.197,  rev: -4.594
2024/04/15 14:19:14 ID: 241, Data: 9C2915FF6CFF50F9, Celsius: 41, A: -2.35, rev/s: -0.411,  rev: -4.756
2024/04/15 14:19:14 ID: 241, Data: 9C29B9FEE8FF38F9, Celsius: 41, A: -3.27, rev/s: -0.067,  rev: -4.822
2024/04/15 14:19:14 ID: 241, Data: 9C298DFC0D0029F9, Celsius: 41, A: -8.83, rev/s: +0.036,  rev: -4.864
2024/04/15 14:19:14 ID: 241, Data: 9C2907FD1BFF17F9, Celsius: 41, A: -7.61, rev/s: -0.636,  rev: -4.914
2024/04/15 14:19:14 ID: 241, Data: 9C2986FEF5FBD6F8, Celsius: 41, A: -3.78, rev/s: -2.875,  rev: -5.094
2024/04/15 14:19:14 ID: 241, Data: 9C292CFD71FEA5F8, Celsius: 41, A: -7.24, rev/s: -1.108,  rev: -5.231
2024/04/15 14:19:15 ID: 241, Data: 9C29E4FDADFD4CF8, Celsius: 41, A: -5.40, rev/s: -1.653,  rev: -5.478
2024/04/15 14:19:15 ID: 241, Data: 9C2AC7FFF3FF42F8, Celsius: 42, A: -0.57, rev/s: -0.036,  rev: -5.506
2024/04/15 14:19:15 ID: 241, Data: 9C2A1AFE3FFF3AF8, Celsius: 42, A: -4.86, rev/s: -0.536,  rev: -5.528
2024/04/15 14:19:15 ID: 241, Data: 9C2AD3FC32FF30F8, Celsius: 42, A: -8.13, rev/s: -0.572,  rev: -5.556
2024/04/15 14:19:15 ID: 241, Data: 9C2AC0FD2DFE15F8, Celsius: 42, A: -5.76, rev/s: -1.297,  rev: -5.631
2024/04/15 14:19:15 ID: 241, Data: 9C2A76FD0AFEC7F7, Celsius: 42, A: -6.50, rev/s: -1.394,  rev: -5.847
2024/04/15 14:19:15 ID: 241, Data: 9C2ADAFED6FA67F7, Celsius: 42, A: -2.94, rev/s: -3.672,  rev: -6.114
2024/04/15 14:19:15 ID: 241, Data: 9C2AE2FFEAFF6AF7, Celsius: 42, A: -0.30, rev/s: -0.061,  rev: -6.106
2024/04/15 14:19:15 ID: 241, Data: 9C2AB6FF11FF51F7, Celsius: 42, A: -0.74, rev/s: -0.664,  rev: -6.175
2024/04/15 14:19:15 ID: 241, Data: 9C2A19FD51FF44F7, Celsius: 42, A: -7.43, rev/s: -0.486,  rev: -6.211
2024/04/15 14:19:16 ID: 241, Data: 9C2A6CFD4DFE31F7, Celsius: 42, A: -6.60, rev/s: -1.208,  rev: -6.264
2024/04/15 14:19:16 ID: 241, Data: 9C2A8BFD27FEDCF6, Celsius: 42, A: -6.29, rev/s: -1.314,  rev: -6.500
2024/04/15 14:19:16 ID: 241, Data: 9C2AB1FFC0F98AF6, Celsius: 42, A: -0.79, rev/s: -4.444,  rev: -6.728
2024/04/15 14:19:16 ID: 241, Data: 9C2BE6FFE3FE91F6, Celsius: 43, A: -0.26, rev/s: -0.792,  rev: -6.708
2024/04/15 14:19:16 ID: 241, Data: 9C2BD5FF9EFE74F6, Celsius: 43, A: -0.43, rev/s: -0.983,  rev: -6.789
2024/04/15 14:19:16 ID: 241, Data: 9C2B89FE87FF5BF6, Celsius: 43, A: -3.75, rev/s: -0.336,  rev: -6.858
2024/04/15 14:19:16 ID: 241, Data: 9C2B3FFD59FF46F6, Celsius: 43, A: -7.05, rev/s: -0.464,  rev: -6.917
2024/04/15 14:19:16 ID: 241, Data: 9C2BC6FD80FDF1F5, Celsius: 43, A: -5.70, rev/s: -1.778,  rev: -7.153
2024/04/15 14:19:16 ID: 241, Data: 9C2BE2FF42FFD2F5, Celsius: 43, A: -0.30, rev/s: -0.528,  rev: -7.239
2024/04/15 14:19:16 ID: 241, Data: 9C2BADFF04FFBDF5, Celsius: 43, A: -0.83, rev/s: -0.700,  rev: -7.297
2024/04/15 14:19:17 ID: 241, Data: 9C2B90FF8CFE9BF5, Celsius: 43, A: -1.12, rev/s: -1.033,  rev: -7.392
2024/04/15 14:19:17 ID: 241, Data: 9C2B00FE8CFF80F5, Celsius: 43, A: -5.12, rev/s: -0.322,  rev: -7.467
2024/04/15 14:19:17 ID: 241, Data: 9C2B72FDEEFD5CF5, Celsius: 43, A: -6.54, rev/s: -1.472,  rev: -7.567
2024/04/15 14:19:17 ID: 241, Data: 9C2B0D00BE0012F5, Celsius: 43, A: +0.13, rev/s: +0.528,  rev: -7.772
2024/04/15 14:19:17 ID: 241, Data: 9C2BD6FF7DFE04F5, Celsius: 43, A: -0.42, rev/s: -1.075,  rev: -7.811
2024/04/15 14:19:17 ID: 241, Data: 9C2B7DFE0CFFEDF4, Celsius: 43, A: -3.87, rev/s: -0.678,  rev: -7.875
2024/04/15 14:19:17 ID: 241, Data: 9C2B7CFEEAFBBDF4, Celsius: 43, A: -3.88, rev/s: -2.906,  rev: -8.008
2024/04/15 14:19:17 ID: 241, Data: 9C2B77FFFBFE91F4, Celsius: 43, A: -1.37, rev/s: -0.725,  rev: -8.131
2024/04/15 14:19:17 ID: 241, Data: 9C2B92FE84FE7AF4, Celsius: 43, A: -3.66, rev/s: -1.056,  rev: -8.194
2024/04/15 14:19:17 ID: 241, Data: 9C2B39FE8DFD50F4, Celsius: 43, A: -4.55, rev/s: -1.742,  rev: -8.311
2024/04/15 14:19:18 ID: 241, Data: 9C2BB5FFDEFE20F4, Celsius: 43, A: -0.75, rev/s: -0.806,  rev: -8.444
2024/04/15 14:19:18 ID: 241, Data: 9C2C82FE38FF0CF4, Celsius: 44, A: -3.82, rev/s: -0.556,  rev: -8.500
2024/04/15 14:19:18 ID: 241, Data: 9C2BE8FCFBFEF9F3, Celsius: 43, A: -7.92, rev/s: -0.725,  rev: -8.553
2024/04/15 14:19:18 ID: 241, Data: 9C2B25FDFDFEE5F3, Celsius: 43, A: -7.31, rev/s: -0.719,  rev: -8.608
2024/04/15 14:19:18 ID: 241, Data: 9C2B9BFD4BFE9CF3, Celsius: 43, A: -6.13, rev/s: -1.214,  rev: -8.811
2024/04/15 14:19:18 ID: 241, Data: 9C2B34FD51FE6FF3, Celsius: 43, A: -7.16, rev/s: -1.197,  rev: -8.936
2024/04/15 14:19:18 ID: 241, Data: 9C2CD2FD51FE16F3, Celsius: 44, A: -5.58, rev/s: -1.197,  rev: -9.183
2024/04/15 14:19:18 ID: 241, Data: 9C2CDFFF060014F3, Celsius: 44, A: -0.33, rev/s: +0.017,  rev: -9.189
2024/04/15 14:19:18 ID: 241, Data: 9C2C83FFF9FEFFF2, Celsius: 44, A: -1.25, rev/s: -0.731,  rev: -9.247
2024/04/15 14:19:19 ID: 241, Data: 9C2C23FEFDFDE8F2, Celsius: 44, A: -4.77, rev/s: -1.431,  rev: -9.311
2024/04/15 14:19:19 ID: 241, Data: 9C2C2DFF94FEB4F2, Celsius: 44, A: -2.11, rev/s: -1.011,  rev: -9.456
2024/04/15 14:19:19 ID: 241, Data: 9C2C4DFD64FF9FF2, Celsius: 44, A: -6.91, rev/s: -0.433,  rev: -9.514
2024/04/15 14:19:19 ID: 241, Data: 9C2C33FD5AFF8EF2, Celsius: 44, A: -7.17, rev/s: -0.461,  rev: -9.561
2024/04/15 14:19:19 ID: 241, Data: 9C2CD7FDA5FD70F2, Celsius: 44, A: -5.53, rev/s: -1.675,  rev: -9.644
2024/04/15 14:19:19 ID: 241, Data: 9C2C9BFD99FD22F2, Celsius: 44, A: -6.13, rev/s: -1.708,  rev: -9.861
2024/04/15 14:19:19 ID: 241, Data: 9C2C4AFFA3FCB8F1, Celsius: 44, A: -1.82, rev/s: -2.392,  rev: -10.156
2024/04/15 14:19:19 ID: 241, Data: 9C2CDFFFF7FECDF1, Celsius: 44, A: -0.33, rev/s: -0.736,  rev: -10.097
2024/04/15 14:19:19 ID: 241, Data: 9C2CD5FFDEFEB0F1, Celsius: 44, A: -0.43, rev/s: -0.806,  rev: -10.178
2024/04/15 14:19:19 ID: 241, Data: 9C2C86FFFFFE8FF1, Celsius: 44, A: -1.22, rev/s: -0.714,  rev: -10.269
2024/04/15 14:19:20 ID: 241, Data: 9C2C01FFB2FD6CF1, Celsius: 44, A: -2.55, rev/s: -1.639,  rev: -10.367
2024/04/15 14:19:20 ID: 241, Data: 9C2DADFEDEFE47F1, Celsius: 45, A: -3.39, rev/s: -0.806,  rev: -10.469
2024/04/15 14:19:20 ID: 241, Data: 9C2CC0FDD6FE27F1, Celsius: 44, A: -5.76, rev/s: -0.828,  rev: -10.558
2024/04/15 14:19:20 ID: 241, Data: 9C2D1CFF3FFDEFF0, Celsius: 45, A: -2.28, rev/s: -1.958,  rev: -10.714
2024/04/15 14:19:20 ID: 241, Data: 9C2D27FF35FFD4F0, Celsius: 45, A: -2.17, rev/s: -0.564,  rev: -10.789
2024/04/15 14:19:20 ID: 241, Data: 9C2C34FDF5FEC1F0, Celsius: 44, A: -7.16, rev/s: -0.742,  rev: -10.842
2024/04/15 14:19:20 ID: 241, Data: 9C2CF9FC0500C1F0, Celsius: 44, A: -7.75, rev/s: +0.014,  rev: -10.842
2024/04/15 14:19:20 ID: 241, Data: 9C2CF8FCE4FFC1F0, Celsius: 44, A: -7.76, rev/s: -0.078,  rev: -10.842
2024/04/15 14:19:20 ID: 241, Data: 9C2CF9FCFBFFC1F0, Celsius: 44, A: -7.75, rev/s: -0.014,  rev: -10.842
2024/04/15 14:19:20 ID: 241, Data: 9C2CFAFC0100C0F0, Celsius: 44, A: -7.74, rev/s: +0.003,  rev: -10.844
2024/04/15 14:19:21 ID: 241, Data: 9C2DFBFC1000C0F0, Celsius: 45, A: -7.73, rev/s: +0.044,  rev: -10.844
2024/04/15 14:19:21 ID: 241, Data: 9C2DFDFC1000C0F0, Celsius: 45, A: -7.71, rev/s: +0.044,  rev: -10.844
2024/04/15 14:19:21 ID: 241, Data: 9C2DFFFCE6FFC0F0, Celsius: 45, A: -7.69, rev/s: -0.072,  rev: -10.844
2024/04/15 14:19:21 ID: 241, Data: 9C2DFEFCEBFFC0F0, Celsius: 45, A: -7.70, rev/s: -0.058,  rev: -10.844
2024/04/15 14:19:21 ID: 241, Data: 9C2D01FDEEFFC0F0, Celsius: 45, A: -7.67, rev/s: -0.050,  rev: -10.844
2024/04/15 14:19:21 ID: 241, Data: 9C2D00FDF3FFC0F0, Celsius: 45, A: -7.68, rev/s: -0.036,  rev: -10.844
2024/04/15 14:19:21 ID: 241, Data: 9C2EFFFCF5FFC0F0, Celsius: 46, A: -7.69, rev/s: -0.031,  rev: -10.844
2024/04/15 14:19:21 ID: 241, Data: 9C2E02FDFBFFC0F0, Celsius: 46, A: -7.66, rev/s: -0.014,  rev: -10.844
2024/04/15 14:19:21 ID: 241, Data: 9C2E03FDEDFFC0F0, Celsius: 46, A: -7.65, rev/s: -0.053,  rev: -10.844
2024/04/15 14:19:21 ID: 241, Data: 9C2E04FDF2FFC0F0, Celsius: 46, A: -7.64, rev/s: -0.039,  rev: -10.844
2024/04/15 14:19:22 ID: 241, Data: 9C2E06FDFEFFC0F0, Celsius: 46, A: -7.62, rev/s: -0.006,  rev: -10.844
2024/04/15 14:19:22 ID: 241, Data: 9C2F06FD0000C0F0, Celsius: 47, A: -7.62, rev/s: +0.000,  rev: -10.844
2024/04/15 14:19:22 ID: 241, Data: 9C2F07FDFBFFC0F0, Celsius: 47, A: -7.61, rev/s: -0.014,  rev: -10.844
2024/04/15 14:19:22 ID: 241, Data: 9C2F06FD0C00C0F0, Celsius: 47, A: -7.62, rev/s: +0.033,  rev: -10.844
2024/04/15 14:19:22 ID: 241, Data: 9C2F06FDF5FFC0F0, Celsius: 47, A: -7.62, rev/s: -0.031,  rev: -10.844
2024/04/15 14:19:22 ID: 241, Data: 9C3007FD1300C0F0, Celsius: 48, A: -7.61, rev/s: +0.053,  rev: -10.844
2024/04/15 14:19:22 ID: 241, Data: 9C3007FDF6FFC0F0, Celsius: 48, A: -7.61, rev/s: -0.028,  rev: -10.844
2024/04/15 14:19:22 ID: 241, Data: 9C300AFD1100C0F0, Celsius: 48, A: -7.58, rev/s: +0.047,  rev: -10.844
2024/04/15 14:19:22 ID: 241, Data: 9C300AFDFDFFC0F0, Celsius: 48, A: -7.58, rev/s: -0.008,  rev: -10.844
2024/04/15 14:19:23 ID: 241, Data: 9C310CFDE4FFC0F0, Celsius: 49, A: -7.56, rev/s: -0.078,  rev: -10.844
2024/04/15 14:19:23 ID: 241, Data: 9C310CFDEBFFC0F0, Celsius: 49, A: -7.56, rev/s: -0.058,  rev: -10.844
2024/04/15 14:19:23 ID: 241, Data: 9C310EFD0A00C0F0, Celsius: 49, A: -7.54, rev/s: +0.028,  rev: -10.844
2024/04/15 14:19:23 ID: 241, Data: 9C310DFDD3FFC0F0, Celsius: 49, A: -7.55, rev/s: -0.125,  rev: -10.844
2024/04/15 14:19:23 ID: 241, Data: 9C310FFDE8FFC0F0, Celsius: 49, A: -7.53, rev/s: -0.067,  rev: -10.844
2024/04/15 14:19:23 ID: 241, Data: 9C320EFDF5FFC0F0, Celsius: 50, A: -7.54, rev/s: -0.031,  rev: -10.844
2024/04/15 14:19:23 ID: 241, Data: 9C320EFD1E00C0F0, Celsius: 50, A: -7.54, rev/s: +0.083,  rev: -10.844
2024/04/15 14:19:23 ID: 241, Data: 9C320FFD0500C0F0, Celsius: 50, A: -7.53, rev/s: +0.014,  rev: -10.844
2024/04/15 14:19:23 ID: 241, Data: 9C330FFDFDFFC0F0, Celsius: 51, A: -7.53, rev/s: -0.008,  rev: -10.844
2024/04/15 14:19:23 ID: 241, Data: 9C3312FD0100C0F0, Celsius: 51, A: -7.50, rev/s: +0.003,  rev: -10.844
2024/04/15 14:19:24 ID: 241, Data: 9C3312FDF4FFC0F0, Celsius: 51, A: -7.50, rev/s: -0.033,  rev: -10.844
2024/04/15 14:19:24 ID: 241, Data: 9C34AEFC0000B9F0, Celsius: 52, A: -8.50, rev/s: +0.000,  rev: -10.864
2024/04/15 14:19:24 ID: 241, Data: 9C3436FE1FFD95F0, Celsius: 52, A: -4.58, rev/s: -2.047,  rev: -10.964
2024/04/15 14:19:24 ID: 241, Data: 9C34CBFD3EFD30F0, Celsius: 52, A: -5.65, rev/s: -1.961,  rev: -11.244
2024/04/15 14:19:24 ID: 241, Data: 9C340BFE84FDC8EF, Celsius: 52, A: -5.01, rev/s: -1.767,  rev: -11.533
2024/04/15 14:19:24 ID: 241, Data: 9C3525FE7FFC59EF, Celsius: 53, A: -4.75, rev/s: -2.492,  rev: -11.842
2024/04/15 14:19:24 ID: 241, Data: 9C35E6FE25FBF0EE, Celsius: 53, A: -2.82, rev/s: -3.453,  rev: -12.133
2024/04/15 14:19:24 ID: 241, Data: 9C3559FFDAF98CEE, Celsius: 53, A: -1.67, rev/s: -4.372,  rev: -12.411
2024/04/15 14:19:24 ID: 241, Data: 9C3525FD73FF5BEE, Celsius: 53, A: -7.31, rev/s: -0.392,  rev: -12.547
2024/04/15 14:19:24 ID: 241, Data: 9C35CBFCE6FF50EE, Celsius: 53, A: -8.21, rev/s: -0.072,  rev: -12.578
2024/04/15 14:19:25 ID: 241, Data: 9C35FFFCF6FE3FEE, Celsius: 53, A: -7.69, rev/s: -0.739,  rev: -12.625
2024/04/15 14:19:25 ID: 241, Data: 9C36FCFC8BFF01EE, Celsius: 54, A: -7.72, rev/s: -0.325,  rev: -12.797
2024/04/15 14:19:25 ID: 241, Data: 9C36ABFC97FFE9ED, Celsius: 54, A: -8.53, rev/s: -0.292,  rev: -12.864
2024/04/15 14:19:25 ID: 241, Data: 9C36C4FCF6FFE2ED, Celsius: 54, A: -8.28, rev/s: -0.028,  rev: -12.883
2024/04/15 14:19:25 ID: 241, Data: 9C36C7FC1400E2ED, Celsius: 54, A: -8.25, rev/s: +0.056,  rev: -12.883
2024/04/15 14:19:25 ID: 241, Data: 9C36BDFC0900E1ED, Celsius: 54, A: -8.35, rev/s: +0.025,  rev: -12.886
2024/04/15 14:19:25 ID: 241, Data: 9C36B4FC1E00E1ED, Celsius: 54, A: -8.44, rev/s: +0.083,  rev: -12.886
2024/04/15 14:19:25 ID: 241, Data: 9C36B1FCF1FFE1ED, Celsius: 54, A: -8.47, rev/s: -0.042,  rev: -12.886
2024/04/15 14:19:25 ID: 241, Data: 9C36AEFC1000E1ED, Celsius: 54, A: -8.50, rev/s: +0.044,  rev: -12.886
2024/04/15 14:19:25 ID: 241, Data: 9C36ACFCFEFFE1ED, Celsius: 54, A: -8.52, rev/s: -0.006,  rev: -12.886
2024/04/15 14:19:26 ID: 241, Data: 9C36ABFCEBFFE1ED, Celsius: 54, A: -8.53, rev/s: -0.058,  rev: -12.886
2024/04/15 14:19:26 ID: 241, Data: 9C37AAFC0700E1ED, Celsius: 55, A: -8.54, rev/s: +0.019,  rev: -12.886
2024/04/15 14:19:26 ID: 241, Data: 9C37AAFC3300E1ED, Celsius: 55, A: -8.54, rev/s: +0.142,  rev: -12.886
2024/04/15 14:19:26 ID: 241, Data: 9C37ABFC2400E1ED, Celsius: 55, A: -8.53, rev/s: +0.100,  rev: -12.886
2024/04/15 14:19:26 ID: 241, Data: 9C37ABFC1300E1ED, Celsius: 55, A: -8.53, rev/s: +0.053,  rev: -12.886
2024/04/15 14:19:26 ID: 241, Data: 9C37ABFC0000E1ED, Celsius: 55, A: -8.53, rev/s: +0.000,  rev: -12.886
2024/04/15 14:19:26 ID: 241, Data: 9C37ACFC0C00E1ED, Celsius: 55, A: -8.52, rev/s: +0.033,  rev: -12.886
2024/04/15 14:19:26 ID: 241, Data: 9C37B7FCEBFFE1ED, Celsius: 55, A: -8.41, rev/s: -0.058,  rev: -12.886
2024/04/15 14:19:26 ID: 241, Data: 9C37B4FCF2FFE1ED, Celsius: 55, A: -8.44, rev/s: -0.039,  rev: -12.886
2024/04/15 14:19:27 ID: 241, Data: 9C37B5FC0000E1ED, Celsius: 55, A: -8.43, rev/s: +0.000,  rev: -12.886
2024/04/15 14:19:27 ID: 241, Data: 9C38B7FC0D00E1ED, Celsius: 56, A: -8.41, rev/s: +0.036,  rev: -12.886
2024/04/15 14:19:27 ID: 241, Data: 9C38B7FC0900E1ED, Celsius: 56, A: -8.41, rev/s: +0.025,  rev: -12.886
2024/04/15 14:19:27 ID: 241, Data: 9C38BFFCECFFE1ED, Celsius: 56, A: -8.33, rev/s: -0.056,  rev: -12.886
2024/04/15 14:19:27 ID: 241, Data: 9C38BDFCFDFFE1ED, Celsius: 56, A: -8.35, rev/s: -0.008,  rev: -12.886
2024/04/15 14:19:27 ID: 241, Data: 9C3814FDC8FFDFED, Celsius: 56, A: -7.48, rev/s: -0.156,  rev: -12.892
2024/04/15 14:19:27 ID: 241, Data: 9C38DDFCFEFED0ED, Celsius: 56, A: -8.03, rev/s: -0.717,  rev: -12.933
2024/04/15 14:19:27 ID: 241, Data: 9C38F7FD4CFD81ED, Celsius: 56, A: -5.21, rev/s: -1.922,  rev: -13.153
2024/04/15 14:19:27 ID: 241, Data: 9C388AFD60FE59ED, Celsius: 56, A: -6.30, rev/s: -1.156,  rev: -13.264
2024/04/15 14:19:27 ID: 241, Data: 9C38F8FCEDFE0FED, Celsius: 56, A: -7.76, rev/s: -0.764,  rev: -13.469
2024/04/15 14:19:28 ID: 241, Data: 9C384CFD90FFEFEC, Celsius: 56, A: -6.92, rev/s: -0.311,  rev: -13.558
2024/04/15 14:19:28 ID: 241, Data: 9C3818FE37FDC7EC, Celsius: 56, A: -4.88, rev/s: -1.981,  rev: -13.669
2024/04/15 14:19:28 ID: 241, Data: 9C380EFD68FF90EC, Celsius: 56, A: -7.54, rev/s: -0.422,  rev: -13.822
2024/04/15 14:19:28 ID: 241, Data: 9C383EFD92FF7BEC, Celsius: 56, A: -7.06, rev/s: -0.306,  rev: -13.881
2024/04/15 14:19:28 ID: 241, Data: 9C38ECFCDCFF78EC, Celsius: 56, A: -7.88, rev/s: -0.100,  rev: -13.889
2024/04/15 14:19:28 ID: 241, Data: 9C38EBFC010078EC, Celsius: 56, A: -7.89, rev/s: +0.003,  rev: -13.889
2024/04/15 14:19:28 ID: 241, Data: 9C39EAFC0A0078EC, Celsius: 57, A: -7.90, rev/s: +0.028,  rev: -13.889
2024/04/15 14:19:28 ID: 241, Data: 9C38EEFCE9FF78EC, Celsius: 56, A: -7.86, rev/s: -0.064,  rev: -13.889
2024/04/15 14:19:28 ID: 241, Data: 9C38EDFCEAFF78EC, Celsius: 56, A: -7.87, rev/s: -0.061,  rev: -13.889
2024/04/15 14:19:28 ID: 241, Data: 9C39EDFCDDFF78EC, Celsius: 57, A: -7.87, rev/s: -0.097,  rev: -13.889
2024/04/15 14:19:29 ID: 241, Data: 9C39EFFCFFFF78EC, Celsius: 57, A: -7.85, rev/s: -0.003,  rev: -13.889
2024/04/15 14:19:29 ID: 241, Data: 9C39F4FC0A0078EC, Celsius: 57, A: -7.80, rev/s: +0.028,  rev: -13.889
2024/04/15 14:19:29 ID: 241, Data: 9C39F3FC020078EC, Celsius: 57, A: -7.81, rev/s: +0.006,  rev: -13.889
2024/04/15 14:19:29 ID: 241, Data: 9C39FEFC58FF76EC, Celsius: 57, A: -7.70, rev/s: -0.467,  rev: -13.894
2024/04/15 14:19:29 ID: 241, Data: 9C3956FD7DFE5FEC, Celsius: 57, A: -6.82, rev/s: -1.075,  rev: -13.958
2024/04/15 14:19:29 ID: 241, Data: 9C39CBFD64FE17EC, Celsius: 57, A: -5.65, rev/s: -1.144,  rev: -14.158
2024/04/15 14:19:29 ID: 241, Data: 9C39FDFF31013BEC, Celsius: 57, A: -0.03, rev/s: +0.847,  rev: -14.058
2024/04/15 14:19:29 ID: 241, Data: 9C391900320047EC, Celsius: 57, A: +0.25, rev/s: +0.139,  rev: -14.025
2024/04/15 14:19:29 ID: 241, Data: 9C391AFFFAFF53EC, Celsius: 57, A: -2.30, rev/s: -0.017,  rev: -13.992
2024/04/15 14:19:29 ID: 241, Data: 9C3AFEFE9CFF4EEC, Celsius: 58, A: -2.58, rev/s: -0.278,  rev: -14.006
2024/04/15 14:19:30 ID: 241, Data: 9C398AFF43004AEC, Celsius: 57, A: -1.18, rev/s: +0.186,  rev: -14.017
2024/04/15 14:19:30 ID: 241, Data: 9C39C4FF0B004BEC, Celsius: 57, A: -0.60, rev/s: +0.031,  rev: -14.014
2024/04/15 14:19:30 ID: 241, Data: 9C398DFF16004EEC, Celsius: 57, A: -1.15, rev/s: +0.061,  rev: -14.006
