2024/04/15 14:20:26 ID: 241, Data: 9C2CC0FF5B0054EC, Celsius: 44, A: -0.64, rev/s: +0.253,  rev: -13.989
2024/04/15 14:20:26 ID: 241, Data: 9C2CEAFFD00064EC, Celsius: 44, A: -0.22, rev/s: +0.578,  rev: -13.944
2024/04/15 14:20:26 ID: 241, Data: 9C2C11000D017FEC, Celsius: 44, A: +0.17, rev/s: +0.747,  rev: -13.869
2024/04/15 14:20:26 ID: 241, Data: 9C2CEBFFF001A6EC, Celsius: 44, A: -0.21, rev/s: +1.378,  rev: -13.761
2024/04/15 14:20:26 ID: 241, Data: 9C2C85FFEB00CDEC, Celsius: 44, A: -1.23, rev/s: +0.653,  rev: -13.653
2024/04/15 14:20:26 ID: 241, Data: 9C2C13009D01EAEC, Celsius: 44, A: +0.19, rev/s: +1.147,  rev: -13.572
2024/04/15 14:20:27 ID: 241, Data: 9C2C08009C0112ED, Celsius: 44, A: +0.08, rev/s: +1.144,  rev: -13.461
2024/04/15 14:20:27 ID: 241, Data: 9C2C0500800138ED, Celsius: 44, A: +0.05, rev/s: +1.067,  rev: -13.356
2024/04/15 14:20:27 ID: 241, Data: 9C2C080077015DED, Celsius: 44, A: +0.08, rev/s: +1.042,  rev: -13.253
2024/04/15 14:20:27 ID: 241, Data: 9C2C0A00960182ED, Celsius: 44, A: +0.10, rev/s: +1.128,  rev: -13.150
2024/04/15 14:20:27 ID: 241, Data: 9C2C2A004A01A7ED, Celsius: 44, A: +0.42, rev/s: +0.917,  rev: -13.047
2024/04/15 14:20:27 ID: 241, Data: 9C2C0F006E01CCED, Celsius: 44, A: +0.15, rev/s: +1.017,  rev: -12.944
2024/04/15 14:20:27 ID: 241, Data: 9C2C99FF5E01F5ED, Celsius: 44, A: -1.03, rev/s: +0.972,  rev: -12.831
2024/04/15 14:20:27 ID: 241, Data: 9C2C13FFCB0019EE, Celsius: 44, A: -2.37, rev/s: +0.564,  rev: -12.731
2024/04/15 14:20:27 ID: 241, Data: 9C2C0A00DC0136EE, Celsius: 44, A: +0.10, rev/s: +1.322,  rev: -12.650
2024/04/15 14:20:27 ID: 241, Data: 9C2C04007A0160EE, Celsius: 44, A: +0.04, rev/s: +1.050,  rev: -12.533
2024/04/15 14:20:28 ID: 241, Data: 9C2CCBFF800187EE, Celsius: 44, A: -0.53, rev/s: +1.067,  rev: -12.425
2024/04/15 14:20:28 ID: 241, Data: 9C2C3AFF5C01AFEE, Celsius: 44, A: -1.98, rev/s: +0.967,  rev: -12.314
2024/04/15 14:20:28 ID: 241, Data: 9C2C94FF6101CCEE, Celsius: 44, A: -1.08, rev/s: +0.981,  rev: -12.233
2024/04/15 14:20:28 ID: 241, Data: 9C2C96FF6F01F4EE, Celsius: 44, A: -1.06, rev/s: +1.019,  rev: -12.122
2024/04/15 14:20:28 ID: 241, Data: 9C2CD4FF050116EF, Celsius: 44, A: -0.44, rev/s: +0.725,  rev: -12.028
2024/04/15 14:20:28 ID: 241, Data: 9C2CEEFF94013CEF, Celsius: 44, A: -0.18, rev/s: +1.122,  rev: -11.922
2024/04/15 14:20:28 ID: 241, Data: 9C2CCCFF450165EF, Celsius: 44, A: -0.52, rev/s: +0.903,  rev: -11.808
2024/04/15 14:20:28 ID: 241, Data: 9C2C90FF400189EF, Celsius: 44, A: -1.12, rev/s: +0.889,  rev: -11.708
2024/04/15 14:20:28 ID: 241, Data: 9C2CACFF4901ADEF, Celsius: 44, A: -0.84, rev/s: +0.914,  rev: -11.608
2024/04/15 14:20:28 ID: 241, Data: 9C2C7AFFD701D3EF, Celsius: 44, A: -1.34, rev/s: +1.308,  rev: -11.503
2024/04/15 14:20:29 ID: 241, Data: 9C2C7BFF3001F8EF, Celsius: 44, A: -1.33, rev/s: +0.844,  rev: -11.400
2024/04/15 14:20:29 ID: 241, Data: 9C2CB2FFA6011BF0, Celsius: 44, A: -0.78, rev/s: +1.172,  rev: -11.303
2024/04/15 14:20:29 ID: 241, Data: 9C2CFEFF44013EF0, Celsius: 44, A: -0.02, rev/s: +0.900,  rev: -11.206
2024/04/15 14:20:29 ID: 241, Data: 9C2C7FFFAC0169F0, Celsius: 44, A: -1.29, rev/s: +1.189,  rev: -11.086
2024/04/15 14:20:29 ID: 241, Data: 9C2C9EFF89018CF0, Celsius: 44, A: -0.98, rev/s: +1.092,  rev: -10.989
2024/04/15 14:20:29 ID: 241, Data: 9C2C91FF9401AFF0, Celsius: 44, A: -1.11, rev/s: +1.122,  rev: -10.892
2024/04/15 14:20:29 ID: 241, Data: 9C2CBCFF8F01D5F0, Celsius: 44, A: -0.68, rev/s: +1.108,  rev: -10.786
2024/04/15 14:20:29 ID: 241, Data: 9C2C7FFF6C01FAF0, Celsius: 44, A: -1.29, rev/s: +1.011,  rev: -10.683
2024/04/15 14:20:29 ID: 241, Data: 9C2CF8FF5D011BF1, Celsius: 44, A: -0.08, rev/s: +0.969,  rev: -10.592
2024/04/15 14:20:30 ID: 241, Data: 9C2CC7FF7F0145F1, Celsius: 44, A: -0.57, rev/s: +1.064,  rev: -10.475
2024/04/15 14:20:30 ID: 241, Data: 9C2C87FF26016AF1, Celsius: 44, A: -1.21, rev/s: +0.817,  rev: -10.372
2024/04/15 14:20:30 ID: 241, Data: 9C2CA9FF57018EF1, Celsius: 44, A: -0.87, rev/s: +0.953,  rev: -10.272
2024/04/15 14:20:30 ID: 241, Data: 9C2CDAFF6401B1F1, Celsius: 44, A: -0.38, rev/s: +0.989,  rev: -10.175
2024/04/15 14:20:30 ID: 241, Data: 9C2CDFFF8F01D8F1, Celsius: 44, A: -0.33, rev/s: +1.108,  rev: -10.067
2024/04/15 14:20:30 ID: 241, Data: 9C2C8EFF4D01FFF1, Celsius: 44, A: -1.14, rev/s: +0.925,  rev: -9.958
2024/04/15 14:20:30 ID: 241, Data: 9C2C29FF780123F2, Celsius: 44, A: -2.15, rev/s: +1.044,  rev: -9.858
2024/04/15 14:20:30 ID: 241, Data: 9C2C7FFF330145F2, Celsius: 44, A: -1.29, rev/s: +0.853,  rev: -9.764
2024/04/15 14:20:30 ID: 241, Data: 9C2CAAFF13026AF2, Celsius: 44, A: -0.86, rev/s: +1.475,  rev: -9.661
2024/04/15 14:20:30 ID: 241, Data: 9C2C76FF8C0191F2, Celsius: 44, A: -1.38, rev/s: +1.100,  rev: -9.553
2024/04/15 14:20:31 ID: 241, Data: 9C2C6CFF2801B7F2, Celsius: 44, A: -1.48, rev/s: +0.822,  rev: -9.447
2024/04/15 14:20:31 ID: 241, Data: 9C2CDAFF7F01D6F2, Celsius: 44, A: -0.38, rev/s: +1.064,  rev: -9.361
2024/04/15 14:20:31 ID: 241, Data: 9C2CE8FF3901FDF2, Celsius: 44, A: -0.24, rev/s: +0.869,  rev: -9.253
2024/04/15 14:20:31 ID: 241, Data: 9C2CCEFFC20125F3, Celsius: 44, A: -0.50, rev/s: +1.250,  rev: -9.142
2024/04/15 14:20:31 ID: 241, Data: 9C2C9BFF300148F3, Celsius: 44, A: -1.01, rev/s: +0.844,  rev: -9.044
2024/04/15 14:20:31 ID: 241, Data: 9C2CA7FF1D016EF3, Celsius: 44, A: -0.89, rev/s: +0.792,  rev: -8.939
2024/04/15 14:20:31 ID: 241, Data: 9C2C1A00870191F3, Celsius: 44, A: +0.26, rev/s: +1.086,  rev: -8.842
2024/04/15 14:20:31 ID: 241, Data: 9C2C14004601B8F3, Celsius: 44, A: +0.20, rev/s: +0.906,  rev: -8.733
2024/04/15 14:20:31 ID: 241, Data: 9C2C21FF9E01E4F3, Celsius: 44, A: -2.23, rev/s: +1.150,  rev: -8.611
2024/04/15 14:20:31 ID: 241, Data: 9C2CD4FFF400FDF3, Celsius: 44, A: -0.44, rev/s: +0.678,  rev: -8.542
2024/04/15 14:20:32 ID: 241, Data: 9C2C0500C30124F4, Celsius: 44, A: +0.05, rev/s: +1.253,  rev: -8.433
2024/04/15 14:20:32 ID: 241, Data: 9C2CE1FFAA014DF4, Celsius: 44, A: -0.31, rev/s: +1.183,  rev: -8.319
2024/04/15 14:20:32 ID: 241, Data: 9C2C92FF4E0172F4, Celsius: 44, A: -1.10, rev/s: +0.928,  rev: -8.217
2024/04/15 14:20:32 ID: 241, Data: 9C2C0800A80193F4, Celsius: 44, A: +0.08, rev/s: +1.178,  rev: -8.125
2024/04/15 14:20:32 ID: 241, Data: 9C2CD9FFCC01BAF4, Celsius: 44, A: -0.39, rev/s: +1.278,  rev: -8.017
2024/04/15 14:20:32 ID: 241, Data: 9C2C14FF3B01E4F4, Celsius: 44, A: -2.36, rev/s: +0.875,  rev: -7.900
2024/04/15 14:20:32 ID: 241, Data: 9C2C06002601FEF4, Celsius: 44, A: +0.06, rev/s: +0.817,  rev: -7.828
2024/04/15 14:20:32 ID: 241, Data: 9C2C2D00420128F5, Celsius: 44, A: +0.45, rev/s: +0.894,  rev: -7.711
2024/04/15 14:20:32 ID: 241, Data: 9C2C3FFFC40155F5, Celsius: 44, A: -1.93, rev/s: +1.256,  rev: -7.586
2024/04/15 14:20:32 ID: 241, Data: 9C2C34FF830172F5, Celsius: 44, A: -2.04, rev/s: +1.075,  rev: -7.506
2024/04/15 14:20:33 ID: 241, Data: 9C2CE9FF990194F5, Celsius: 44, A: -0.23, rev/s: +1.136,  rev: -7.411
2024/04/15 14:20:33 ID: 241, Data: 9C2CADFF6601BEF5, Celsius: 44, A: -0.83, rev/s: +0.994,  rev: -7.294
2024/04/15 14:20:33 ID: 241, Data: 9C2C7CFF6901E2F5, Celsius: 44, A: -1.32, rev/s: +1.003,  rev: -7.194
2024/04/15 14:20:33 ID: 241, Data: 9C2CDEFF640105F6, Celsius: 44, A: -0.34, rev/s: +0.989,  rev: -7.097
2024/04/15 14:20:33 ID: 241, Data: 9C2CD8FF6B012BF6, Celsius: 44, A: -0.40, rev/s: +1.008,  rev: -6.992
2024/04/15 14:20:33 ID: 241, Data: 9C2CF4FFB20150F6, Celsius: 44, A: -0.12, rev/s: +1.206,  rev: -6.889
2024/04/15 14:20:33 ID: 241, Data: 9C2C0800C00175F6, Celsius: 44, A: +0.08, rev/s: +1.244,  rev: -6.786
2024/04/15 14:20:33 ID: 241, Data: 9C2CF1FFC4019CF6, Celsius: 44, A: -0.15, rev/s: +1.256,  rev: -6.678
2024/04/15 14:20:33 ID: 241, Data: 9C2CA2FFE700C5F6, Celsius: 44, A: -0.94, rev/s: +0.642,  rev: -6.564
2024/04/15 14:20:34 ID: 241, Data: 9C2CD6FF3501E4F6, Celsius: 44, A: -0.42, rev/s: +0.858,  rev: -6.478
2024/04/15 14:20:34 ID: 241, Data: 9C2CBDFFA4010AF7, Celsius: 44, A: -0.67, rev/s: +1.167,  rev: -6.372
2024/04/15 14:20:34 ID: 241, Data: 9C2C2BFF770134F7, Celsius: 44, A: -2.13, rev/s: +1.042,  rev: -6.256
2024/04/15 14:20:34 ID: 241, Data: 9C2CA1FF330150F7, Celsius: 44, A: -0.95, rev/s: +0.853,  rev: -6.178
2024/04/15 14:20:34 ID: 241, Data: 9C2CAAFF7D0178F7, Celsius: 44, A: -0.86, rev/s: +1.058,  rev: -6.067
2024/04/15 14:20:34 ID: 241, Data: 9C2C97FF5F019FF7, Celsius: 44, A: -1.05, rev/s: +0.975,  rev: -5.958
2024/04/15 14:20:34 ID: 241, Data: 9C2C1000F900BEF7, Celsius: 44, A: +0.16, rev/s: +0.692,  rev: -5.872
2024/04/15 14:20:34 ID: 241, Data: 9C2C22006001E6F7, Celsius: 44, A: +0.34, rev/s: +0.978,  rev: -5.761
2024/04/15 14:20:34 ID: 241, Data: 9C2CBFFF7B010FF8, Celsius: 44, A: -0.65, rev/s: +1.053,  rev: -5.647
2024/04/15 14:20:34 ID: 241, Data: 9C2CA5FF0F0130F8, Celsius: 44, A: -0.91, rev/s: +0.753,  rev: -5.556
2024/04/15 14:20:35 ID: 241, Data: 9C2C0200B40154F8, Celsius: 44, A: +0.02, rev/s: +1.211,  rev: -5.456
2024/04/15 14:20:35 ID: 241, Data: 9C2CE6FF74017DF8, Celsius: 44, A: -0.26, rev/s: +1.033,  rev: -5.342
2024/04/15 14:20:35 ID: 241, Data: 9C2CE5FF3001A0F8, Celsius: 44, A: -0.27, rev/s: +0.844,  rev: -5.244
2024/04/15 14:20:35 ID: 241, Data: 9C2C00008E01C5F8, Celsius: 44, A: +0.00, rev/s: +1.106,  rev: -5.142
2024/04/15 14:20:35 ID: 241, Data: 9C2CEDFF8601EBF8, Celsius: 44, A: -0.19, rev/s: +1.083,  rev: -5.036
2024/04/15 14:20:35 ID: 241, Data: 9C2C76FFF30014F9, Celsius: 44, A: -1.38, rev/s: +0.675,  rev: -4.922
2024/04/15 14:20:35 ID: 241, Data: 9C2CB1FF660133F9, Celsius: 44, A: -0.79, rev/s: +0.994,  rev: -4.836
2024/04/15 14:20:35 ID: 241, Data: 9C2C9EFF98015AF9, Celsius: 44, A: -0.98, rev/s: +1.133,  rev: -4.728
2024/04/15 14:20:35 ID: 241, Data: 9C2C92FFD60080F9, Celsius: 44, A: -1.10, rev/s: +0.594,  rev: -4.622
2024/04/15 14:20:35 ID: 241, Data: 9C2CFDFF9B01A1F9, Celsius: 44, A: -0.03, rev/s: +1.142,  rev: -4.531
2024/04/15 14:20:36 ID: 241, Data: 9C2C97FFBA01CBF9, Celsius: 44, A: -1.05, rev/s: +1.228,  rev: -4.414
2024/04/15 14:20:36 ID: 241, Data: 9C2CC3FF6001EDF9, Celsius: 44, A: -0.61, rev/s: +0.978,  rev: -4.319
2024/04/15 14:20:36 ID: 241, Data: 9C2CD5FF670112FA, Celsius: 44, A: -0.43, rev/s: +0.997,  rev: -4.217
2024/04/15 14:20:36 ID: 241, Data: 9C2CAFFF910139FA, Celsius: 44, A: -0.81, rev/s: +1.114,  rev: -4.108
2024/04/15 14:20:36 ID: 241, Data: 9C2CC8FF3B015CFA, Celsius: 44, A: -0.56, rev/s: +0.875,  rev: -4.011
2024/04/15 14:20:36 ID: 241, Data: 9C2CEEFF590180FA, Celsius: 44, A: -0.18, rev/s: +0.958,  rev: -3.911
2024/04/15 14:20:36 ID: 241, Data: 9C2CF9FF5801A6FA, Celsius: 44, A: -0.07, rev/s: +0.956,  rev: -3.806
2024/04/15 14:20:36 ID: 241, Data: 9C2CE8FF0401CCFA, Celsius: 44, A: -0.24, rev/s: +0.722,  rev: -3.700
2024/04/15 14:20:36 ID: 241, Data: 9C2CEDFF3B01F0FA, Celsius: 44, A: -0.19, rev/s: +0.875,  rev: -3.600
2024/04/15 14:20:36 ID: 241, Data: 9C2C0000970115FB, Celsius: 44, A: +0.00, rev/s: +1.131,  rev: -3.497
2024/04/15 14:20:37 ID: 241, Data: 9C2C000097013AFB, Celsius: 44, A: +0.00, rev/s: +1.131,  rev: -3.394
2024/04/15 14:20:37 ID: 241, Data: 9C2CAAFF690161FB, Celsius: 44, A: -0.86, rev/s: +1.003,  rev: -3.286
2024/04/15 14:20:37 ID: 241, Data: 9C2C0F00460181FB, Celsius: 44, A: +0.15, rev/s: +0.906,  rev: -3.197
2024/04/15 14:20:37 ID: 241, Data: 9C2C20001E01A8FB, Celsius: 44, A: +0.32, rev/s: +0.794,  rev: -3.089
2024/04/15 14:20:37 ID: 241, Data: 9C2C01007D01CEFB, Celsius: 44, A: +0.01, rev/s: +1.058,  rev: -2.983
2024/04/15 14:20:37 ID: 241, Data: 9C2C84FFE000F6FB, Celsius: 44, A: -1.24, rev/s: +0.622,  rev: -2.872
2024/04/15 14:20:37 ID: 241, Data: 9C2C99FF490117FC, Celsius: 44, A: -1.03, rev/s: +0.914,  rev: -2.781
2024/04/15 14:20:37 ID: 241, Data: 9C2C1800FE0038FC, Celsius: 44, A: +0.24, rev/s: +0.706,  rev: -2.689
2024/04/15 14:20:37 ID: 241, Data: 9C2CD6FF650161FC, Celsius: 44, A: -0.42, rev/s: +0.992,  rev: -2.575
2024/04/15 14:20:38 ID: 241, Data: 9C2C06006E0185FC, Celsius: 44, A: +0.06, rev/s: +1.017,  rev: -2.475
2024/04/15 14:20:38 ID: 241, Data: 9C2C09007A01AAFC, Celsius: 44, A: +0.09, rev/s: +1.050,  rev: -2.372
2024/04/15 14:20:38 ID: 241, Data: 9C2C8FFF4601D4FC, Celsius: 44, A: -1.13, rev/s: +0.906,  rev: -2.256
2024/04/15 14:20:38 ID: 241, Data: 9C2C05009301F2FC, Celsius: 44, A: +0.05, rev/s: +1.119,  rev: -2.172
2024/04/15 14:20:38 ID: 241, Data: 9C2C0B00710119FD, Celsius: 44, A: +0.11, rev/s: +1.025,  rev: -2.064
2024/04/15 14:20:38 ID: 241, Data: 9C2C00008C013FFD, Celsius: 44, A: +0.00, rev/s: +1.100,  rev: -1.958
2024/04/15 14:20:38 ID: 241, Data: 9C2CDEFF690164FD, Celsius: 44, A: -0.34, rev/s: +1.003,  rev: -1.856
2024/04/15 14:20:38 ID: 241, Data: 9C2C1300F30087FD, Celsius: 44, A: +0.19, rev/s: +0.675,  rev: -1.758
2024/04/15 14:20:38 ID: 241, Data: 9C2CE3FF8401AEFD, Celsius: 44, A: -0.29, rev/s: +1.078,  rev: -1.650
2024/04/15 14:20:38 ID: 241, Data: 9C2CBCFF5401D2FD, Celsius: 44, A: -0.68, rev/s: +0.944,  rev: -1.550
2024/04/15 14:20:39 ID: 241, Data: 9C2CF5FF6C01F6FD, Celsius: 44, A: -0.11, rev/s: +1.011,  rev: -1.450
2024/04/15 14:20:39 ID: 241, Data: 9C2CEAFF82011BFE, Celsius: 44, A: -0.22, rev/s: +1.072,  rev: -1.347
2024/04/15 14:20:39 ID: 241, Data: 9C2CE6FF3C0141FE, Celsius: 44, A: -0.26, rev/s: +0.878,  rev: -1.242
2024/04/15 14:20:39 ID: 241, Data: 9C2CFFFFAC0166FE, Celsius: 44, A: -0.01, rev/s: +1.189,  rev: -1.139
2024/04/15 14:20:39 ID: 241, Data: 9C2C090082018BFE, Celsius: 44, A: +0.09, rev/s: +1.072,  rev: -1.036
2024/04/15 14:20:39 ID: 241, Data: 9C2CBBFFCA01B2FE, Celsius: 44, A: -0.69, rev/s: +1.272,  rev: -0.928
2024/04/15 14:20:39 ID: 241, Data: 9C2C31FF4701D9FE, Celsius: 44, A: -2.07, rev/s: +0.908,  rev: -0.819
2024/04/15 14:20:39 ID: 241, Data: 9C2CF2FF3601F6FE, Celsius: 44, A: -0.14, rev/s: +0.861,  rev: -0.739
2024/04/15 14:20:39 ID: 241, Data: 9C2C010087011FFF, Celsius: 44, A: +0.01, rev/s: +1.086,  rev: -0.625
2024/04/15 14:20:39 ID: 241, Data: 9C2C0500650144FF, Celsius: 44, A: +0.05, rev/s: +0.992,  rev: -0.522
2024/04/15 14:20:40 ID: 241, Data: 9C2C1200350169FF, Celsius: 44, A: +0.18, rev/s: +0.858,  rev: -0.419
2024/04/15 14:20:40 ID: 241, Data: 9C2CDCFF650190FF, Celsius: 44, A: -0.36, rev/s: +0.992,  rev: -0.311
2024/04/15 14:20:40 ID: 241, Data: 9C2CA4FF1701B4FF, Celsius: 44, A: -0.92, rev/s: +0.775,  rev: -0.211
2024/04/15 14:20:40 ID: 241, Data: 9C2CEDFF0F01D4FF, Celsius: 44, A: -0.19, rev/s: +0.753,  rev: -0.122
2024/04/15 14:20:40 ID: 241, Data: 9C2CA9FFB100EFFF, Celsius: 44, A: -0.87, rev/s: +0.492,  rev: -0.047
2024/04/15 14:20:40 ID: 241, Data: 9C2CF8FF2800FBFF, Celsius: 44, A: -0.08, rev/s: +0.111,  rev: -0.014
