2024/04/15 14:23:36 ID: 241, Data: 9C2889FF7FFFFEFF, Celsius: 40, A: -1.19, rev/s: -0.358,  rev: -0.006
2024/04/15 14:23:36 ID: 241, Data: 9C2866FF54FFEEFF, Celsius: 40, A: -1.54, rev/s: -0.478,  rev: -0.050
2024/04/15 14:23:36 ID: 241, Data: 9C2857FE57FFD8FF, Celsius: 40, A: -4.25, rev/s: -0.469,  rev: -0.111
2024/04/15 14:23:36 ID: 241, Data: 9C2763FDC4FEB7FF, Celsius: 39, A: -6.69, rev/s: -0.878,  rev: -0.203
2024/04/15 14:23:36 ID: 241, Data: 9C28B9FF3A0066FF, Celsius: 40, A: -0.71, rev/s: +0.161,  rev: -0.428
2024/04/15 14:23:36 ID: 241, Data: 9C2869FF39FE43FF, Celsius: 40, A: -1.51, rev/s: -1.264,  rev: -0.525
2024/04/15 14:23:37 ID: 241, Data: 9C286EFF37FCFAFE, Celsius: 40, A: -1.46, rev/s: -2.692,  rev: -0.728
2024/04/15 14:23:37 ID: 241, Data: 9C27CCFDECFDBFFE, Celsius: 39, A: -5.64, rev/s: -1.478,  rev: -0.892
2024/04/15 14:23:37 ID: 241, Data: 9C27EEFD5AFD58FE, Celsius: 39, A: -5.30, rev/s: -1.883,  rev: -1.178
2024/04/15 14:23:37 ID: 241, Data: 9C28A8FE9FFBECFD, Celsius: 40, A: -3.44, rev/s: -3.114,  rev: -1.478
2024/04/15 14:23:37 ID: 241, Data: 9C2882FE79FB7CFD, Celsius: 40, A: -3.82, rev/s: -3.219,  rev: -1.789
2024/04/15 14:23:37 ID: 241, Data: 9C2849FFE8F926FD, Celsius: 40, A: -1.83, rev/s: -4.333,  rev: -2.028
2024/04/15 14:23:37 ID: 241, Data: 9C2858FE33FCC8FC, Celsius: 40, A: -4.24, rev/s: -2.703,  rev: -2.289
2024/04/15 14:23:37 ID: 241, Data: 9C286EFE34FC59FC, Celsius: 40, A: -4.02, rev/s: -2.700,  rev: -2.597
2024/04/15 14:23:37 ID: 241, Data: 9C28FFFD67FCDFFB, Celsius: 40, A: -5.13, rev/s: -2.558,  rev: -2.936
2024/04/15 14:23:37 ID: 241, Data: 9C283DFDDBFD79FB, Celsius: 40, A: -7.07, rev/s: -1.525,  rev: -3.219
2024/04/15 14:23:38 ID: 241, Data: 9C2872FD99FD0EFB, Celsius: 40, A: -6.54, rev/s: -1.708,  rev: -3.517
2024/04/15 14:23:38 ID: 241, Data: 9C284DFE94FCA1FA, Celsius: 40, A: -4.35, rev/s: -2.433,  rev: -3.819
2024/04/15 14:23:38 ID: 241, Data: 9C28FFFE69FA36FA, Celsius: 40, A: -2.57, rev/s: -3.975,  rev: -4.117
2024/04/15 14:23:38 ID: 241, Data: 9C284AFFE7F9C6F9, Celsius: 40, A: -1.82, rev/s: -4.336,  rev: -4.428
2024/04/15 14:23:38 ID: 241, Data: 9C2856FF05FA66F9, Celsius: 40, A: -1.70, rev/s: -4.253,  rev: -4.694
2024/04/15 14:23:38 ID: 241, Data: 9C2945FE34FCFFF8, Celsius: 41, A: -4.43, rev/s: -2.700,  rev: -4.981
2024/04/15 14:23:38 ID: 241, Data: 9C2847FDBBFEAEF8, Celsius: 40, A: -6.97, rev/s: -0.903,  rev: -5.206
2024/04/15 14:23:38 ID: 241, Data: 9C2842FEECFC7CF8, Celsius: 40, A: -4.46, rev/s: -2.189,  rev: -5.344
2024/04/15 14:23:38 ID: 241, Data: 9C28EBFCF3FE3FF8, Celsius: 40, A: -7.89, rev/s: -0.747,  rev: -5.514
2024/04/15 14:23:39 ID: 241, Data: 9C283DFDAEFE21F8, Celsius: 40, A: -7.07, rev/s: -0.939,  rev: -5.597
2024/04/15 14:23:39 ID: 241, Data: 9C2914FD30FF0CF8, Celsius: 41, A: -7.48, rev/s: -0.578,  rev: -5.656
2024/04/15 14:23:39 ID: 241, Data: 9C2826FD7CFFEEF7, Celsius: 40, A: -7.30, rev/s: -0.367,  rev: -5.739
2024/04/15 14:23:39 ID: 241, Data: 9C29C8FCEBFFE7F7, Celsius: 41, A: -8.24, rev/s: -0.058,  rev: -5.758
2024/04/15 14:23:39 ID: 241, Data: 9C29D1FCFEFFE7F7, Celsius: 41, A: -8.15, rev/s: -0.006,  rev: -5.758
2024/04/15 14:23:39 ID: 241, Data: 9C29D6FCFEFFE7F7, Celsius: 41, A: -8.10, rev/s: -0.006,  rev: -5.758
2024/04/15 14:23:39 ID: 241, Data: 9C29DAFCFFFFE6F7, Celsius: 41, A: -8.06, rev/s: -0.003,  rev: -5.761
2024/04/15 14:23:39 ID: 241, Data: 9C29DAFCF4FFE6F7, Celsius: 41, A: -8.06, rev/s: -0.033,  rev: -5.761
2024/04/15 14:23:39 ID: 241, Data: 9C29D9FC1800E6F7, Celsius: 41, A: -8.07, rev/s: +0.067,  rev: -5.761
2024/04/15 14:23:39 ID: 241, Data: 9C29D7FCEDFFE6F7, Celsius: 41, A: -8.09, rev/s: -0.053,  rev: -5.761
2024/04/15 14:23:40 ID: 241, Data: 9C2AD3FCFEFFE6F7, Celsius: 42, A: -8.13, rev/s: -0.006,  rev: -5.761
2024/04/15 14:23:40 ID: 241, Data: 9C29E2FC17FFE3F7, Celsius: 41, A: -7.98, rev/s: -0.647,  rev: -5.769
2024/04/15 14:23:40 ID: 241, Data: 9C2AF2FCF6FFE2F7, Celsius: 42, A: -7.82, rev/s: -0.028,  rev: -5.772
2024/04/15 14:23:40 ID: 241, Data: 9C2AF6FCEBFFE2F7, Celsius: 42, A: -7.78, rev/s: -0.058,  rev: -5.772
2024/04/15 14:23:40 ID: 241, Data: 9C2AF9FCEBFFE2F7, Celsius: 42, A: -7.75, rev/s: -0.058,  rev: -5.772
2024/04/15 14:23:40 ID: 241, Data: 9C2AF8FC0400E2F7, Celsius: 42, A: -7.76, rev/s: +0.011,  rev: -5.772
2024/04/15 14:23:40 ID: 241, Data: 9C2BF8FC0F00E2F7, Celsius: 43, A: -7.76, rev/s: +0.042,  rev: -5.772
2024/04/15 14:23:40 ID: 241, Data: 9C2BFAFC0400E2F7, Celsius: 43, A: -7.74, rev/s: +0.011,  rev: -5.772
2024/04/15 14:23:40 ID: 241, Data: 9C2BFDFC0400E2F7, Celsius: 43, A: -7.71, rev/s: +0.011,  rev: -5.772
2024/04/15 14:23:40 ID: 241, Data: 9C2BFDFCFFFFE2F7, Celsius: 43, A: -7.71, rev/s: -0.003,  rev: -5.772
2024/04/15 14:23:41 ID: 241, Data: 9C2CFEFCEEFFE2F7, Celsius: 44, A: -7.70, rev/s: -0.050,  rev: -5.772
2024/04/15 14:23:41 ID: 241, Data: 9C2C00FDFFFFE2F7, Celsius: 44, A: -7.68, rev/s: -0.003,  rev: -5.772
2024/04/15 14:23:41 ID: 241, Data: 9C2CFEFC1B00E2F7, Celsius: 44, A: -7.70, rev/s: +0.075,  rev: -5.772
2024/04/15 14:23:41 ID: 241, Data: 9C2C00FD0900E2F7, Celsius: 44, A: -7.68, rev/s: +0.025,  rev: -5.772
2024/04/15 14:23:41 ID: 241, Data: 9C2DFFFC0300E2F7, Celsius: 45, A: -7.69, rev/s: +0.008,  rev: -5.772
2024/04/15 14:23:41 ID: 241, Data: 9C2D01FD0900E2F7, Celsius: 45, A: -7.67, rev/s: +0.025,  rev: -5.772
2024/04/15 14:23:41 ID: 241, Data: 9C2D03FDE0FFE2F7, Celsius: 45, A: -7.65, rev/s: -0.089,  rev: -5.772
2024/04/15 14:23:41 ID: 241, Data: 9C2E03FDFEFFE2F7, Celsius: 46, A: -7.65, rev/s: -0.006,  rev: -5.772
2024/04/15 14:23:41 ID: 241, Data: 9C2E04FD0A00E2F7, Celsius: 46, A: -7.64, rev/s: +0.028,  rev: -5.772
2024/04/15 14:23:41 ID: 241, Data: 9C2E03FD0700E2F7, Celsius: 46, A: -7.65, rev/s: +0.019,  rev: -5.772
2024/04/15 14:23:42 ID: 241, Data: 9C2E05FDE2FFE1F7, Celsius: 46, A: -7.63, rev/s: -0.083,  rev: -5.775
2024/04/15 14:23:42 ID: 241, Data: 9C2F05FDF5FFE2F7, Celsius: 47, A: -7.63, rev/s: -0.031,  rev: -5.772
2024/04/15 14:23:42 ID: 241, Data: 9C2F06FD0000E2F7, Celsius: 47, A: -7.62, rev/s: +0.000,  rev: -5.772
2024/04/15 14:23:42 ID: 241, Data: 9C2F07FDFFFFE2F7, Celsius: 47, A: -7.61, rev/s: -0.003,  rev: -5.772
2024/04/15 14:23:42 ID: 241, Data: 9C2F07FDE0FFE1F7, Celsius: 47, A: -7.61, rev/s: -0.089,  rev: -5.775
2024/04/15 14:23:42 ID: 241, Data: 9C3009FDE9FFE1F7, Celsius: 48, A: -7.59, rev/s: -0.064,  rev: -5.775
2024/04/15 14:23:42 ID: 241, Data: 9C3007FDFAFFE1F7, Celsius: 48, A: -7.61, rev/s: -0.017,  rev: -5.775
2024/04/15 14:23:42 ID: 241, Data: 9C3016FD16FFDAF7, Celsius: 48, A: -7.46, rev/s: -0.650,  rev: -5.794
2024/04/15 14:23:42 ID: 241, Data: 9C30FDFCFCFFD1F7, Celsius: 48, A: -7.71, rev/s: -0.011,  rev: -5.819
2024/04/15 14:23:43 ID: 241, Data: 9C31FAFC0000D1F7, Celsius: 49, A: -7.74, rev/s: +0.000,  rev: -5.819
2024/04/15 14:23:43 ID: 241, Data: 9C31F3FC0F00D0F7, Celsius: 49, A: -7.81, rev/s: +0.042,  rev: -5.822
2024/04/15 14:23:43 ID: 241, Data: 9C31F9FC04FFCAF7, Celsius: 49, A: -7.75, rev/s: -0.700,  rev: -5.839
2024/04/15 14:23:43 ID: 241, Data: 9C3167FD79FEB8F7, Celsius: 49, A: -6.65, rev/s: -1.086,  rev: -5.889
2024/04/15 14:23:43 ID: 241, Data: 9C31B1FE91FB5CF7, Celsius: 49, A: -3.35, rev/s: -3.153,  rev: -6.144
2024/04/15 14:23:43 ID: 241, Data: 9C321EFFA7FA0BF7, Celsius: 50, A: -2.26, rev/s: -3.803,  rev: -6.369
2024/04/15 14:23:43 ID: 241, Data: 9C327DFD30FECAF6, Celsius: 50, A: -6.43, rev/s: -1.289,  rev: -6.550
2024/04/15 14:23:43 ID: 241, Data: 9C3205FEF1FC6EF6, Celsius: 50, A: -5.07, rev/s: -2.175,  rev: -6.806
2024/04/15 14:23:43 ID: 241, Data: 9C3279FF77F919F6, Celsius: 50, A: -1.35, rev/s: -4.647,  rev: -7.042
2024/04/15 14:23:43 ID: 241, Data: 9C32E7FED3FAB1F5, Celsius: 50, A: -2.81, rev/s: -3.681,  rev: -7.331
2024/04/15 14:23:44 ID: 241, Data: 9C3364FE8CFC4EF5, Celsius: 51, A: -4.12, rev/s: -2.456,  rev: -7.606
2024/04/15 14:23:44 ID: 241, Data: 9C332FFE91FCDBF4, Celsius: 51, A: -4.65, rev/s: -2.442,  rev: -7.925
2024/04/15 14:23:44 ID: 241, Data: 9C3349FE45FC64F4, Celsius: 51, A: -4.39, rev/s: -2.653,  rev: -8.256
2024/04/15 14:23:44 ID: 241, Data: 9C33CFFD5CFDEDF3, Celsius: 51, A: -5.61, rev/s: -1.878,  rev: -8.586
2024/04/15 14:23:44 ID: 241, Data: 9C33F8FD75FD7FF3, Celsius: 51, A: -5.20, rev/s: -1.808,  rev: -8.892
2024/04/15 14:23:44 ID: 241, Data: 9C331DFEEBFC0EF3, Celsius: 51, A: -4.83, rev/s: -2.192,  rev: -9.206
2024/04/15 14:23:44 ID: 241, Data: 9C331AFE2AFD9CF2, Celsius: 51, A: -4.86, rev/s: -2.017,  rev: -9.522
2024/04/15 14:23:44 ID: 241, Data: 9C3309FF1BFB5BF2, Celsius: 51, A: -2.47, rev/s: -3.481,  rev: -9.703
2024/04/15 14:23:44 ID: 241, Data: 9C33ABFDB8FD11F2, Celsius: 51, A: -5.97, rev/s: -1.622,  rev: -9.908
2024/04/15 14:23:44 ID: 241, Data: 9C3336FE04FDABF1, Celsius: 51, A: -4.58, rev/s: -2.122,  rev: -10.192
2024/04/15 14:23:45 ID: 241, Data: 9C33C8FE25FB39F1, Celsius: 51, A: -3.12, rev/s: -3.453,  rev: -10.508
2024/04/15 14:23:45 ID: 241, Data: 9C3468FEE3FBC2F0, Celsius: 52, A: -4.08, rev/s: -2.925,  rev: -10.839
2024/04/15 14:23:45 ID: 241, Data: 9C340CFEB2FC4FF0, Celsius: 52, A: -5.00, rev/s: -2.350,  rev: -11.158
2024/04/15 14:23:45 ID: 241, Data: 9C3386FD99FE32F0, Celsius: 51, A: -6.34, rev/s: -0.997,  rev: -11.239
2024/04/15 14:23:45 ID: 241, Data: 9C34D7FCDBFF1EF0, Celsius: 52, A: -8.09, rev/s: -0.103,  rev: -11.294
2024/04/15 14:23:45 ID: 241, Data: 9C3423FDA0FFEFEF, Celsius: 52, A: -7.33, rev/s: -0.267,  rev: -11.425
2024/04/15 14:23:45 ID: 241, Data: 9C34D1FCE0FFE9EF, Celsius: 52, A: -8.15, rev/s: -0.089,  rev: -11.442
2024/04/15 14:23:45 ID: 241, Data: 9C34C4FC0000E9EF, Celsius: 52, A: -8.28, rev/s: +0.000,  rev: -11.442
2024/04/15 14:23:45 ID: 241, Data: 9C34BCFC0300E9EF, Celsius: 52, A: -8.36, rev/s: +0.008,  rev: -11.442
2024/04/15 14:23:45 ID: 241, Data: 9C34B6FC1800E9EF, Celsius: 52, A: -8.42, rev/s: +0.067,  rev: -11.442
2024/04/15 14:23:46 ID: 241, Data: 9C34B1FC1100E8EF, Celsius: 52, A: -8.47, rev/s: +0.047,  rev: -11.444
2024/04/15 14:23:46 ID: 241, Data: 9C34A4FC0800E8EF, Celsius: 52, A: -8.60, rev/s: +0.022,  rev: -11.444
2024/04/15 14:23:46 ID: 241, Data: 9C34A1FC1100E8EF, Celsius: 52, A: -8.63, rev/s: +0.047,  rev: -11.444
2024/04/15 14:23:46 ID: 241, Data: 9C349BFCFCFFE8EF, Celsius: 52, A: -8.69, rev/s: -0.011,  rev: -11.444
2024/04/15 14:23:46 ID: 241, Data: 9C3593FC0000E8EF, Celsius: 53, A: -8.77, rev/s: +0.000,  rev: -11.444
2024/04/15 14:23:46 ID: 241, Data: 9C3594FCEDFFE8EF, Celsius: 53, A: -8.76, rev/s: -0.053,  rev: -11.444
2024/04/15 14:23:46 ID: 241, Data: 9C3595FC1000E8EF, Celsius: 53, A: -8.75, rev/s: +0.044,  rev: -11.444
2024/04/15 14:23:46 ID: 241, Data: 9C35ABFC0200E8EF, Celsius: 53, A: -8.53, rev/s: +0.006,  rev: -11.444
2024/04/15 14:23:46 ID: 241, Data: 9C36AEFC1500E8EF, Celsius: 54, A: -8.50, rev/s: +0.058,  rev: -11.444
2024/04/15 14:23:47 ID: 241, Data: 9C36B4FCFEFFE8EF, Celsius: 54, A: -8.44, rev/s: -0.006,  rev: -11.444
2024/04/15 14:23:47 ID: 241, Data: 9C36BAFCFCFFE8EF, Celsius: 54, A: -8.38, rev/s: -0.011,  rev: -11.444
2024/04/15 14:23:47 ID: 241, Data: 9C36B5FC1300E8EF, Celsius: 54, A: -8.43, rev/s: +0.053,  rev: -11.444
2024/04/15 14:23:47 ID: 241, Data: 9C37B9FCE7FFE8EF, Celsius: 55, A: -8.39, rev/s: -0.069,  rev: -11.444
2024/04/15 14:23:47 ID: 241, Data: 9C37C1FCFFFFE8EF, Celsius: 55, A: -8.31, rev/s: -0.003,  rev: -11.444
2024/04/15 14:23:47 ID: 241, Data: 9C37C5FC0500E8EF, Celsius: 55, A: -8.27, rev/s: +0.014,  rev: -11.444
2024/04/15 14:23:47 ID: 241, Data: 9C38C9FC0B00E8EF, Celsius: 56, A: -8.23, rev/s: +0.031,  rev: -11.444
2024/04/15 14:23:47 ID: 241, Data: 9C38CAFC0B00E8EF, Celsius: 56, A: -8.22, rev/s: +0.031,  rev: -11.444
2024/04/15 14:23:47 ID: 241, Data: 9C39D8FCF2FFE7EF, Celsius: 57, A: -8.08, rev/s: -0.039,  rev: -11.447
2024/04/15 14:23:47 ID: 241, Data: 9C3902FDEFFFE1EF, Celsius: 57, A: -7.66, rev/s: -0.047,  rev: -11.464
2024/04/15 14:23:48 ID: 241, Data: 9C39FFFC1600E1EF, Celsius: 57, A: -7.69, rev/s: +0.061,  rev: -11.464
2024/04/15 14:23:48 ID: 241, Data: 9C3900FDFFFFE1EF, Celsius: 57, A: -7.68, rev/s: -0.003,  rev: -11.464
2024/04/15 14:23:48 ID: 241, Data: 9C3AF9FC0000E1EF, Celsius: 58, A: -7.75, rev/s: +0.000,  rev: -11.464
2024/04/15 14:23:48 ID: 241, Data: 9C3AF8FCF6FFE1EF, Celsius: 58, A: -7.76, rev/s: -0.028,  rev: -11.464
2024/04/15 14:23:48 ID: 241, Data: 9C3AE9FC1800E0EF, Celsius: 58, A: -7.91, rev/s: +0.067,  rev: -11.467
2024/04/15 14:23:48 ID: 241, Data: 9C3A35FD8DFFDDEF, Celsius: 58, A: -7.15, rev/s: -0.319,  rev: -11.475
2024/04/15 14:23:48 ID: 241, Data: 9C3B12FDF0FFC3EF, Celsius: 59, A: -7.50, rev/s: -0.044,  rev: -11.547
2024/04/15 14:23:48 ID: 241, Data: 9C3B97FCADFFB9EF, Celsius: 59, A: -8.73, rev/s: -0.231,  rev: -11.575
2024/04/15 14:23:48 ID: 241, Data: 9C3BECFC0700B7EF, Celsius: 59, A: -7.88, rev/s: +0.019,  rev: -11.581
2024/04/15 14:23:48 ID: 241, Data: 9C3BEDFC0D00B7EF, Celsius: 59, A: -7.87, rev/s: +0.036,  rev: -11.581
2024/04/15 14:23:49 ID: 241, Data: 9C3BEEFC0F00B7EF, Celsius: 59, A: -7.86, rev/s: +0.042,  rev: -11.581
2024/04/15 14:23:49 ID: 241, Data: 9C3BEEFCFAFFB7EF, Celsius: 59, A: -7.86, rev/s: -0.017,  rev: -11.581
2024/04/15 14:23:49 ID: 241, Data: 9C3CEEFC0100B7EF, Celsius: 60, A: -7.86, rev/s: +0.003,  rev: -11.581
2024/04/15 14:23:49 ID: 241, Data: 9C3CFEFCDAFFB6EF, Celsius: 60, A: -7.70, rev/s: -0.106,  rev: -11.583
2024/04/15 14:23:49 ID: 241, Data: 9C3C4AFD38FE9EEF, Celsius: 60, A: -6.94, rev/s: -1.267,  rev: -11.650
2024/04/15 14:23:49 ID: 241, Data: 9C3CF8FC48FF68EF, Celsius: 60, A: -7.76, rev/s: -0.511,  rev: -11.800
2024/04/15 14:23:49 ID: 241, Data: 9C3C74FD23FE40EF, Celsius: 60, A: -6.52, rev/s: -1.325,  rev: -11.911
2024/04/15 14:23:49 ID: 241, Data: 9C3CBCFD81FDEAEE, Celsius: 60, A: -5.80, rev/s: -1.775,  rev: -12.150
2024/04/15 14:23:49 ID: 241, Data: 9C3DA2FEFDFBABEE, Celsius: 61, A: -3.50, rev/s: -2.853,  rev: -12.325
2024/04/15 14:23:49 ID: 241, Data: 9C3D34FDC6FE5EEE, Celsius: 61, A: -7.16, rev/s: -0.872,  rev: -12.539
2024/04/15 14:23:50 ID: 241, Data: 9C3DDEFD15FDFFED, Celsius: 61, A: -5.46, rev/s: -2.075,  rev: -12.803
2024/04/15 14:23:50 ID: 241, Data: 9C3DA9FE53FBB5ED, Celsius: 61, A: -3.43, rev/s: -3.325,  rev: -13.008
2024/04/15 14:23:50 ID: 241, Data: 9C3D26FD9AFF78ED, Celsius: 61, A: -7.30, rev/s: -0.283,  rev: -13.178
2024/04/15 14:23:50 ID: 241, Data: 9C3D74FDCDFE62ED, Celsius: 61, A: -6.52, rev/s: -0.853,  rev: -13.239
2024/04/15 14:23:50 ID: 241, Data: 9C3D2FFEDCFC1AED, Celsius: 61, A: -4.65, rev/s: -2.233,  rev: -13.439
2024/04/15 14:23:50 ID: 241, Data: 9C3D63FD04FFF3EC, Celsius: 61, A: -6.69, rev/s: -0.700,  rev: -13.547
2024/04/15 14:23:50 ID: 241, Data: 9C3D8BFEFBFBBCEC, Celsius: 61, A: -3.73, rev/s: -2.858,  rev: -13.700
2024/04/15 14:23:50 ID: 241, Data: 9C3ED9FD00FE7CEC, Celsius: 62, A: -5.51, rev/s: -1.422,  rev: -13.878
2024/04/15 14:23:50 ID: 241, Data: 9C3D43FECBFC4BEC, Celsius: 61, A: -4.45, rev/s: -2.281,  rev: -14.014
2024/04/15 14:23:51 ID: 241, Data: 9C3EA8FE1F0018EC, Celsius: 62, A: -3.44, rev/s: +0.086,  rev: -14.156
2024/04/15 14:23:51 ID: 241, Data: 9C3EDDFF59013BEC, Celsius: 62, A: -0.35, rev/s: +0.958,  rev: -14.058
2024/04/15 14:23:51 ID: 241, Data: 9C3EDAFE21004EEC, Celsius: 62, A: -2.94, rev/s: +0.092,  rev: -14.006
2024/04/15 14:23:51 ID: 241, Data: 9C3E17FF040048EC, Celsius: 62, A: -2.33, rev/s: +0.011,  rev: -14.022
2024/04/15 14:23:51 ID: 241, Data: 9C3E4AFF25004AEC, Celsius: 62, A: -1.82, rev/s: +0.103,  rev: -14.017
2024/04/15 14:23:51 ID: 241, Data: 9C3E71FFF5FF4AEC, Celsius: 62, A: -1.43, rev/s: -0.031,  rev: -14.017
2024/04/15 14:23:51 ID: 241, Data: 9C3EA1FFFFFF4BEC, Celsius: 62, A: -0.95, rev/s: -0.003,  rev: -14.014
2024/04/15 14:23:51 ID: 241, Data: 9C3E5FFF07004EEC, Celsius: 62, A: -1.61, rev/s: +0.019,  rev: -14.006
2024/04/15 14:23:51 ID: 241, Data: 9C3E46FF08004EEC, Celsius: 62, A: -1.86, rev/s: +0.022,  rev: -14.006
2024/04/15 14:23:51 ID: 241, Data: 9C3E34FFF8FF4EEC, Celsius: 62, A: -2.04, rev/s: -0.022,  rev: -14.006
2024/04/15 14:23:52 ID: 241, Data: 9C3E2BFF08004EEC, Celsius: 62, A: -2.13, rev/s: +0.022,  rev: -14.006
2024/04/15 14:23:52 ID: 241, Data: 9C3E2DFF00004EEC, Celsius: 62, A: -2.11, rev/s: +0.000,  rev: -14.006
2024/04/15 14:23:52 ID: 241, Data: 9C3E30FFF9FF4EEC, Celsius: 62, A: -2.08, rev/s: -0.019,  rev: -14.006
2024/04/15 14:23:52 ID: 241, Data: 9C3E3EFF0A004EEC, Celsius: 62, A: -1.94, rev/s: +0.028,  rev: -14.006
2024/04/15 14:23:52 ID: 241, Data: 9C3E51FFFCFF4EEC, Celsius: 62, A: -1.75, rev/s: -0.011,  rev: -14.006
2024/04/15 14:23:52 ID: 241, Data: 9C3E65FF18004EEC, Celsius: 62, A: -1.55, rev/s: +0.067,  rev: -14.006
