2024/04/15 13:09:06 ID: 241, Data: 9C20F0FF62000300, Celsius: 32, A: -0.16, rev/s: +0.272,  rev: +0.008
2024/04/15 13:09:06 ID: 241, Data: 9C20010042000F00, Celsius: 32, A: +0.01, rev/s: +0.183,  rev: +0.042
2024/04/15 13:09:06 ID: 241, Data: 9C20FAFF6A001C00, Celsius: 32, A: -0.06, rev/s: +0.294,  rev: +0.078
2024/04/15 13:09:06 ID: 241, Data: 9C201E0045002600, Celsius: 32, A: +0.30, rev/s: +0.192,  rev: +0.106
2024/04/15 13:09:07 ID: 241, Data: 9C200500B1003200, Celsius: 32, A: +0.05, rev/s: +0.492,  rev: +0.139
2024/04/15 13:09:07 ID: 241, Data: 9C2027002B003D00, Celsius: 32, A: +0.39, rev/s: +0.119,  rev: +0.169
2024/04/15 13:09:07 ID: 241, Data: 9C204F0038004600, Celsius: 32, A: +0.79, rev/s: +0.156,  rev: +0.194
2024/04/15 13:09:07 ID: 241, Data: 9C2013005F005400, Celsius: 32, A: +0.19, rev/s: +0.264,  rev: +0.233
2024/04/15 13:09:07 ID: 241, Data: 9C20350033005E00, Celsius: 32, A: +0.53, rev/s: +0.142,  rev: +0.261
2024/04/15 13:09:07 ID: 241, Data: 9C212000A8006800, Celsius: 33, A: +0.32, rev/s: +0.467,  rev: +0.289
2024/04/15 13:09:07 ID: 241, Data: 9C201D000B007500, Celsius: 32, A: +0.29, rev/s: +0.031,  rev: +0.325
2024/04/15 13:09:07 ID: 241, Data: 9C20040077008000, Celsius: 32, A: +0.04, rev/s: +0.331,  rev: +0.356
2024/04/15 13:09:07 ID: 241, Data: 9C2003009E008B00, Celsius: 32, A: +0.03, rev/s: +0.439,  rev: +0.386
2024/04/15 13:09:07 ID: 241, Data: 9C20160034009500, Celsius: 32, A: +0.22, rev/s: +0.144,  rev: +0.414
2024/04/15 13:09:08 ID: 241, Data: 9C2011008900A000, Celsius: 32, A: +0.17, rev/s: +0.381,  rev: +0.444
2024/04/15 13:09:08 ID: 241, Data: 9C210C007000AB00, Celsius: 33, A: +0.12, rev/s: +0.311,  rev: +0.475
2024/04/15 13:09:08 ID: 241, Data: 9C2020003700B600, Celsius: 32, A: +0.32, rev/s: +0.153,  rev: +0.506
2024/04/15 13:09:08 ID: 241, Data: 9C200A009600C200, Celsius: 32, A: +0.10, rev/s: +0.417,  rev: +0.539
2024/04/15 13:09:08 ID: 241, Data: 9C200E004F00CD00, Celsius: 32, A: +0.14, rev/s: +0.219,  rev: +0.569
2024/04/15 13:09:08 ID: 241, Data: 9C2017007C00D700, Celsius: 32, A: +0.23, rev/s: +0.344,  rev: +0.597
2024/04/15 13:09:08 ID: 241, Data: 9C200A00BB00E300, Celsius: 32, A: +0.10, rev/s: +0.519,  rev: +0.631
2024/04/15 13:09:08 ID: 241, Data: 9C201C005300ED00, Celsius: 32, A: +0.28, rev/s: +0.231,  rev: +0.658
2024/04/15 13:09:08 ID: 241, Data: 9C200C008E00F800, Celsius: 32, A: +0.12, rev/s: +0.394,  rev: +0.689
2024/04/15 13:09:08 ID: 241, Data: 9C210E0041000401, Celsius: 33, A: +0.14, rev/s: +0.181,  rev: +0.722
2024/04/15 13:09:09 ID: 241, Data: 9C20140044000E01, Celsius: 32, A: +0.20, rev/s: +0.189,  rev: +0.750
2024/04/15 13:09:09 ID: 241, Data: 9C20FFFF86001B01, Celsius: 32, A: -0.01, rev/s: +0.372,  rev: +0.786
2024/04/15 13:09:09 ID: 241, Data: 9C200A003D002501, Celsius: 32, A: +0.10, rev/s: +0.169,  rev: +0.814
2024/04/15 13:09:09 ID: 241, Data: 9C200F00A4003001, Celsius: 32, A: +0.15, rev/s: +0.456,  rev: +0.844
2024/04/15 13:09:09 ID: 241, Data: 9C20130077003B01, Celsius: 32, A: +0.19, rev/s: +0.331,  rev: +0.875
2024/04/15 13:09:09 ID: 241, Data: 9C20220043004501, Celsius: 32, A: +0.34, rev/s: +0.186,  rev: +0.903
2024/04/15 13:09:09 ID: 241, Data: 9C200B0087005101, Celsius: 32, A: +0.11, rev/s: +0.375,  rev: +0.936
2024/04/15 13:09:09 ID: 241, Data: 9C20140038005D01, Celsius: 32, A: +0.20, rev/s: +0.156,  rev: +0.969
2024/04/15 13:09:09 ID: 241, Data: 9C20160054006701, Celsius: 32, A: +0.22, rev/s: +0.233,  rev: +0.997
2024/04/15 13:09:09 ID: 241, Data: 9C200200A6007301, Celsius: 32, A: +0.02, rev/s: +0.461,  rev: +1.031
2024/04/15 13:09:10 ID: 241, Data: 9C201C005B007E01, Celsius: 32, A: +0.28, rev/s: +0.253,  rev: +1.061
2024/04/15 13:09:10 ID: 241, Data: 9C202B008D008701, Celsius: 32, A: +0.43, rev/s: +0.392,  rev: +1.086
2024/04/15 13:09:10 ID: 241, Data: 9C20100091009401, Celsius: 32, A: +0.16, rev/s: +0.403,  rev: +1.122
2024/04/15 13:09:10 ID: 241, Data: 9C20380025009E01, Celsius: 32, A: +0.56, rev/s: +0.103,  rev: +1.150
2024/04/15 13:09:10 ID: 241, Data: 9C200B00C400AA01, Celsius: 32, A: +0.11, rev/s: +0.544,  rev: +1.183
2024/04/15 13:09:10 ID: 241, Data: 9C202B007400B601, Celsius: 32, A: +0.43, rev/s: +0.322,  rev: +1.217
2024/04/15 13:09:10 ID: 241, Data: 9C2040005200BE01, Celsius: 32, A: +0.64, rev/s: +0.228,  rev: +1.239
2024/04/15 13:09:10 ID: 241, Data: 9C201000A500CC01, Celsius: 32, A: +0.16, rev/s: +0.458,  rev: +1.278
2024/04/15 13:09:10 ID: 241, Data: 9C202F002300D601, Celsius: 32, A: +0.47, rev/s: +0.097,  rev: +1.306
2024/04/15 13:09:11 ID: 241, Data: 9C211900A400E001, Celsius: 33, A: +0.25, rev/s: +0.456,  rev: +1.333
2024/04/15 13:09:11 ID: 241, Data: 9C2013003600EC01, Celsius: 32, A: +0.19, rev/s: +0.150,  rev: +1.367
2024/04/15 13:09:11 ID: 241, Data: 9C201A004F00F701, Celsius: 32, A: +0.26, rev/s: +0.219,  rev: +1.397
2024/04/15 13:09:11 ID: 241, Data: 9C2004009C000302, Celsius: 32, A: +0.04, rev/s: +0.433,  rev: +1.431
2024/04/15 13:09:11 ID: 241, Data: 9C211A002B000E02, Celsius: 33, A: +0.26, rev/s: +0.119,  rev: +1.461
2024/04/15 13:09:11 ID: 241, Data: 9C2016008C001802, Celsius: 32, A: +0.22, rev/s: +0.389,  rev: +1.489
2024/04/15 13:09:11 ID: 241, Data: 9C201C0076002402, Celsius: 32, A: +0.28, rev/s: +0.328,  rev: +1.522
2024/04/15 13:09:11 ID: 241, Data: 9C20300060002E02, Celsius: 32, A: +0.48, rev/s: +0.267,  rev: +1.550
2024/04/15 13:09:11 ID: 241, Data: 9C201800A0003A02, Celsius: 32, A: +0.24, rev/s: +0.444,  rev: +1.583
2024/04/15 13:09:11 ID: 241, Data: 9C202B000B004502, Celsius: 32, A: +0.43, rev/s: +0.031,  rev: +1.614
2024/04/15 13:09:12 ID: 241, Data: 9C200E005A005102, Celsius: 32, A: +0.14, rev/s: +0.250,  rev: +1.647
2024/04/15 13:09:12 ID: 241, Data: 9C2009007F005C02, Celsius: 32, A: +0.09, rev/s: +0.353,  rev: +1.678
2024/04/15 13:09:12 ID: 241, Data: 9C2015005E006602, Celsius: 32, A: +0.21, rev/s: +0.261,  rev: +1.706
2024/04/15 13:09:12 ID: 241, Data: 9C2011007C007102, Celsius: 32, A: +0.17, rev/s: +0.344,  rev: +1.736
2024/04/15 13:09:12 ID: 241, Data: 9C2026006E007C02, Celsius: 32, A: +0.38, rev/s: +0.306,  rev: +1.767
2024/04/15 13:09:12 ID: 241, Data: 9C202B0072008702, Celsius: 32, A: +0.43, rev/s: +0.317,  rev: +1.797
2024/04/15 13:09:12 ID: 241, Data: 9C202E006C009202, Celsius: 32, A: +0.46, rev/s: +0.300,  rev: +1.828
2024/04/15 13:09:12 ID: 241, Data: 9C21480035009D02, Celsius: 33, A: +0.72, rev/s: +0.147,  rev: +1.858
2024/04/15 13:09:12 ID: 241, Data: 9C2024008500A902, Celsius: 32, A: +0.36, rev/s: +0.369,  rev: +1.892
2024/04/15 13:09:12 ID: 241, Data: 9C2045005D00B402, Celsius: 32, A: +0.69, rev/s: +0.258,  rev: +1.922
2024/04/15 13:09:13 ID: 241, Data: 9C2033006900BF02, Celsius: 32, A: +0.51, rev/s: +0.292,  rev: +1.953
2024/04/15 13:09:13 ID: 241, Data: 9C2016009800CB02, Celsius: 32, A: +0.22, rev/s: +0.422,  rev: +1.986
2024/04/15 13:09:13 ID: 241, Data: 9C201E005800D602, Celsius: 32, A: +0.30, rev/s: +0.244,  rev: +2.017
2024/04/15 13:09:13 ID: 241, Data: 9C2132006700DF02, Celsius: 33, A: +0.50, rev/s: +0.286,  rev: +2.042
2024/04/15 13:09:13 ID: 241, Data: 9C2030008500EC02, Celsius: 32, A: +0.48, rev/s: +0.369,  rev: +2.078
2024/04/15 13:09:13 ID: 241, Data: 9C2163003F00F502, Celsius: 33, A: +0.99, rev/s: +0.175,  rev: +2.103
2024/04/15 13:09:13 ID: 241, Data: 9C2075008C000003, Celsius: 32, A: +1.17, rev/s: +0.389,  rev: +2.133
2024/04/15 13:09:13 ID: 241, Data: 9C20790086000E03, Celsius: 32, A: +1.21, rev/s: +0.372,  rev: +2.172
2024/04/15 13:09:13 ID: 241, Data: 9C20840067001703, Celsius: 32, A: +1.32, rev/s: +0.286,  rev: +2.197
2024/04/15 13:09:13 ID: 241, Data: 9C207C004A002303, Celsius: 32, A: +1.24, rev/s: +0.206,  rev: +2.231
2024/04/15 13:09:14 ID: 241, Data: 9C20A7003E002D03, Celsius: 32, A: +1.67, rev/s: +0.172,  rev: +2.258
2024/04/15 13:09:14 ID: 241, Data: 9C205600B8003C03, Celsius: 32, A: +0.86, rev/s: +0.511,  rev: +2.300
2024/04/15 13:09:14 ID: 241, Data: 9C215A0017004503, Celsius: 33, A: +0.90, rev/s: +0.064,  rev: +2.325
2024/04/15 13:09:14 ID: 241, Data: 9C20340068005003, Celsius: 32, A: +0.52, rev/s: +0.289,  rev: +2.356
2024/04/15 13:09:14 ID: 241, Data: 9C20220074005B03, Celsius: 32, A: +0.34, rev/s: +0.322,  rev: +2.386
2024/04/15 13:09:14 ID: 241, Data: 9C20440044006503, Celsius: 32, A: +0.68, rev/s: +0.189,  rev: +2.414
2024/04/15 13:09:14 ID: 241, Data: 9C20900048006D03, Celsius: 32, A: +1.44, rev/s: +0.200,  rev: +2.436
2024/04/15 13:09:14 ID: 241, Data: 9C20B6005E007903, Celsius: 32, A: +1.82, rev/s: +0.261,  rev: +2.469
2024/04/15 13:09:14 ID: 241, Data: 9C203B0167008303, Celsius: 32, A: +3.15, rev/s: +0.286,  rev: +2.497
2024/04/15 13:09:15 ID: 241, Data: 9C21CC012C008D03, Celsius: 33, A: +4.60, rev/s: +0.122,  rev: +2.525
2024/04/15 13:09:15 ID: 241, Data: 9C200A0283009C03, Celsius: 32, A: +5.22, rev/s: +0.364,  rev: +2.567
2024/04/15 13:09:15 ID: 241, Data: 9C2032003700B603, Celsius: 32, A: +0.50, rev/s: +0.153,  rev: +2.639
2024/04/15 13:09:15 ID: 241, Data: 9C202D001900B503, Celsius: 32, A: +0.45, rev/s: +0.069,  rev: +2.636
2024/04/15 13:09:15 ID: 241, Data: 9C2051003900BD03, Celsius: 32, A: +0.81, rev/s: +0.158,  rev: +2.658
2024/04/15 13:09:15 ID: 241, Data: 9C2082007800C703, Celsius: 32, A: +1.30, rev/s: +0.333,  rev: +2.686
2024/04/15 13:09:15 ID: 241, Data: 9C20B400A100D303, Celsius: 32, A: +1.80, rev/s: +0.447,  rev: +2.719
2024/04/15 13:09:15 ID: 241, Data: 9C2046013A00DB03, Celsius: 32, A: +3.26, rev/s: +0.161,  rev: +2.742
2024/04/15 13:09:15 ID: 241, Data: 9C20BB019200E603, Celsius: 32, A: +4.43, rev/s: +0.406,  rev: +2.772
2024/04/15 13:09:15 ID: 241, Data: 9C203B025B00F303, Celsius: 32, A: +5.71, rev/s: +0.253,  rev: +2.808
2024/04/15 13:09:16 ID: 241, Data: 9C21D8027600FC03, Celsius: 33, A: +7.28, rev/s: +0.328,  rev: +2.833
2024/04/15 13:09:16 ID: 241, Data: 9C21B802A0000E04, Celsius: 33, A: +6.96, rev/s: +0.444,  rev: +2.883
2024/04/15 13:09:16 ID: 241, Data: 9C21C7025F001604, Celsius: 33, A: +7.11, rev/s: +0.264,  rev: +2.906
2024/04/15 13:09:16 ID: 241, Data: 9C21020172003104, Celsius: 33, A: +2.58, rev/s: +0.317,  rev: +2.981
2024/04/15 13:09:16 ID: 241, Data: 9C2145000C003404, Celsius: 33, A: +0.69, rev/s: +0.033,  rev: +2.989
2024/04/15 13:09:16 ID: 241, Data: 9C216D0088003704, Celsius: 33, A: +1.09, rev/s: +0.378,  rev: +2.997
2024/04/15 13:09:16 ID: 241, Data: 9C21DD0062003F04, Celsius: 33, A: +2.21, rev/s: +0.272,  rev: +3.019
2024/04/15 13:09:16 ID: 241, Data: 9C215701BE004904, Celsius: 33, A: +3.43, rev/s: +0.528,  rev: +3.047
2024/04/15 13:09:16 ID: 241, Data: 9C21EF0144005504, Celsius: 33, A: +4.95, rev/s: +0.189,  rev: +3.081
2024/04/15 13:09:16 ID: 241, Data: 9C210A0330005C04, Celsius: 33, A: +7.78, rev/s: +0.133,  rev: +3.100
2024/04/15 13:09:17 ID: 241, Data: 9C2133031B006304, Celsius: 33, A: +8.19, rev/s: +0.075,  rev: +3.119
2024/04/15 13:09:17 ID: 241, Data: 9C215603FE007504, Celsius: 33, A: +8.54, rev/s: +0.706,  rev: +3.169
2024/04/15 13:09:17 ID: 241, Data: 9C21BD002D05BA04, Celsius: 33, A: +1.89, rev/s: +3.681,  rev: +3.361
2024/04/15 13:09:17 ID: 241, Data: 9C21E3FFEEFF9F04, Celsius: 33, A: -0.29, rev/s: -0.050,  rev: +3.286
2024/04/15 13:09:17 ID: 241, Data: 9C213E001B009C04, Celsius: 33, A: +0.62, rev/s: +0.075,  rev: +3.278
2024/04/15 13:09:17 ID: 241, Data: 9C21A8008B00A504, Celsius: 33, A: +1.68, rev/s: +0.386,  rev: +3.303
2024/04/15 13:09:17 ID: 241, Data: 9C226A007800B304, Celsius: 34, A: +1.06, rev/s: +0.333,  rev: +3.342
2024/04/15 13:09:17 ID: 241, Data: 9C21E2004A00BB04, Celsius: 33, A: +2.26, rev/s: +0.206,  rev: +3.364
2024/04/15 13:09:17 ID: 241, Data: 9C2191013900C404, Celsius: 33, A: +4.01, rev/s: +0.158,  rev: +3.389
2024/04/15 13:09:17 ID: 241, Data: 9C227B022C00CC04, Celsius: 34, A: +6.35, rev/s: +0.122,  rev: +3.411
2024/04/15 13:09:18 ID: 241, Data: 9C2133032200D504, Celsius: 33, A: +8.19, rev/s: +0.094,  rev: +3.436
2024/04/15 13:09:18 ID: 241, Data: 9C215A032300DA04, Celsius: 33, A: +8.58, rev/s: +0.097,  rev: +3.450
2024/04/15 13:09:18 ID: 241, Data: 9C216703F9FFDB04, Celsius: 33, A: +8.71, rev/s: -0.019,  rev: +3.453
2024/04/15 13:09:18 ID: 241, Data: 9C226D030000DB04, Celsius: 34, A: +8.77, rev/s: +0.000,  rev: +3.453
2024/04/15 13:09:18 ID: 241, Data: 9C226D030800DB04, Celsius: 34, A: +8.77, rev/s: +0.022,  rev: +3.453
2024/04/15 13:09:18 ID: 241, Data: 9C226D030300DB04, Celsius: 34, A: +8.77, rev/s: +0.008,  rev: +3.453
2024/04/15 13:09:18 ID: 241, Data: 9C226D030B00DB04, Celsius: 34, A: +8.77, rev/s: +0.031,  rev: +3.453
2024/04/15 13:09:18 ID: 241, Data: 9C226D030000DB04, Celsius: 34, A: +8.77, rev/s: +0.000,  rev: +3.453
2024/04/15 13:09:18 ID: 241, Data: 9C226D03FCFFDB04, Celsius: 34, A: +8.77, rev/s: -0.011,  rev: +3.453
2024/04/15 13:09:19 ID: 241, Data: 9C226C030A00DB04, Celsius: 34, A: +8.76, rev/s: +0.028,  rev: +3.453
2024/04/15 13:09:19 ID: 241, Data: 9C236D030600DB04, Celsius: 35, A: +8.77, rev/s: +0.017,  rev: +3.453
2024/04/15 13:09:19 ID: 241, Data: 9C236C03FDFFDB04, Celsius: 35, A: +8.76, rev/s: -0.008,  rev: +3.453
2024/04/15 13:09:19 ID: 241, Data: 9C236B03FDFFDB04, Celsius: 35, A: +8.75, rev/s: -0.008,  rev: +3.453
2024/04/15 13:09:19 ID: 241, Data: 9C236A030500DB04, Celsius: 35, A: +8.74, rev/s: +0.014,  rev: +3.453
2024/04/15 13:09:19 ID: 241, Data: 9C236B03F7FFDB04, Celsius: 35, A: +8.75, rev/s: -0.025,  rev: +3.453
2024/04/15 13:09:19 ID: 241, Data: 9C246B030000DB04, Celsius: 36, A: +8.75, rev/s: +0.000,  rev: +3.453
2024/04/15 13:09:19 ID: 241, Data: 9C2469030D00DB04, Celsius: 36, A: +8.73, rev/s: +0.036,  rev: +3.453
2024/04/15 13:09:19 ID: 241, Data: 9C2467030100DB04, Celsius: 36, A: +8.71, rev/s: +0.003,  rev: +3.453
2024/04/15 13:09:19 ID: 241, Data: 9C246703F2FFDB04, Celsius: 36, A: +8.71, rev/s: -0.039,  rev: +3.453
2024/04/15 13:09:20 ID: 241, Data: 9C2468030100DB04, Celsius: 36, A: +8.72, rev/s: +0.003,  rev: +3.453
2024/04/15 13:09:20 ID: 241, Data: 9C256703F7FFDB04, Celsius: 37, A: +8.71, rev/s: -0.025,  rev: +3.453
2024/04/15 13:09:20 ID: 241, Data: 9C256703FFFFDB04, Celsius: 37, A: +8.71, rev/s: -0.003,  rev: +3.453
2024/04/15 13:09:20 ID: 241, Data: 9C256603FAFFDB04, Celsius: 37, A: +8.70, rev/s: -0.017,  rev: +3.453
2024/04/15 13:09:20 ID: 241, Data: 9C2566030200DB04, Celsius: 37, A: +8.70, rev/s: +0.006,  rev: +3.453
2024/04/15 13:09:20 ID: 241, Data: 9C2567031800DB04, Celsius: 37, A: +8.71, rev/s: +0.067,  rev: +3.453
2024/04/15 13:09:20 ID: 241, Data: 9C266803F5FFDB04, Celsius: 38, A: +8.72, rev/s: -0.031,  rev: +3.453
2024/04/15 13:09:20 ID: 241, Data: 9C2667030000DB04, Celsius: 38, A: +8.71, rev/s: +0.000,  rev: +3.453
2024/04/15 13:09:20 ID: 241, Data: 9C2666031600DB04, Celsius: 38, A: +8.70, rev/s: +0.061,  rev: +3.453
2024/04/15 13:09:20 ID: 241, Data: 9C266703FEFFDB04, Celsius: 38, A: +8.71, rev/s: -0.006,  rev: +3.453
2024/04/15 13:09:21 ID: 241, Data: 9C276703F9FFDB04, Celsius: 39, A: +8.71, rev/s: -0.019,  rev: +3.453
2024/04/15 13:09:21 ID: 241, Data: 9C276603FDFFDB04, Celsius: 39, A: +8.70, rev/s: -0.008,  rev: +3.453
2024/04/15 13:09:21 ID: 241, Data: 9C276403F7FFDB04, Celsius: 39, A: +8.68, rev/s: -0.025,  rev: +3.453
2024/04/15 13:09:21 ID: 241, Data: 9C276603F4FFDB04, Celsius: 39, A: +8.70, rev/s: -0.033,  rev: +3.453
2024/04/15 13:09:21 ID: 241, Data: 9C276403EFFFDB04, Celsius: 39, A: +8.68, rev/s: -0.047,  rev: +3.453
2024/04/15 13:09:21 ID: 241, Data: 9C286203F8FFDB04, Celsius: 40, A: +8.66, rev/s: -0.022,  rev: +3.453
2024/04/15 13:09:21 ID: 241, Data: 9C286203FEFFDB04, Celsius: 40, A: +8.66, rev/s: -0.006,  rev: +3.453
2024/04/15 13:09:21 ID: 241, Data: 9C2863030000DC04, Celsius: 40, A: +8.67, rev/s: +0.000,  rev: +3.456
2024/04/15 13:09:21 ID: 241, Data: 9C286103FBFFDB04, Celsius: 40, A: +8.65, rev/s: -0.014,  rev: +3.453
2024/04/15 13:09:21 ID: 241, Data: 9C2961030000DC04, Celsius: 41, A: +8.65, rev/s: +0.000,  rev: +3.456
2024/04/15 13:09:22 ID: 241, Data: 9C295F030400DC04, Celsius: 41, A: +8.63, rev/s: +0.011,  rev: +3.456
2024/04/15 13:09:22 ID: 241, Data: 9C295E031000DC04, Celsius: 41, A: +8.62, rev/s: +0.044,  rev: +3.456
2024/04/15 13:09:22 ID: 241, Data: 9C295F03FFFFDC04, Celsius: 41, A: +8.63, rev/s: -0.003,  rev: +3.456
2024/04/15 13:09:22 ID: 241, Data: 9C295C030000DC04, Celsius: 41, A: +8.60, rev/s: +0.000,  rev: +3.456
2024/04/15 13:09:22 ID: 241, Data: 9C2A5E03EFFFDB04, Celsius: 42, A: +8.62, rev/s: -0.047,  rev: +3.453
2024/04/15 13:09:22 ID: 241, Data: 9C2A5B03FBFFDC04, Celsius: 42, A: +8.59, rev/s: -0.014,  rev: +3.456
2024/04/15 13:09:22 ID: 241, Data: 9C2A5D030300DC04, Celsius: 42, A: +8.61, rev/s: +0.008,  rev: +3.456
2024/04/15 13:09:22 ID: 241, Data: 9C2A58030D00DC04, Celsius: 42, A: +8.56, rev/s: +0.036,  rev: +3.456
2024/04/15 13:09:22 ID: 241, Data: 9C2A5703FBFFDB04, Celsius: 42, A: +8.55, rev/s: -0.014,  rev: +3.453
2024/04/15 13:09:23 ID: 241, Data: 9C2A5703FBFFDB04, Celsius: 42, A: +8.55, rev/s: -0.014,  rev: +3.453
2024/04/15 13:09:23 ID: 241, Data: 9C2B5C030C00DC04, Celsius: 43, A: +8.60, rev/s: +0.033,  rev: +3.456
2024/04/15 13:09:23 ID: 241, Data: 9C2B59031200DC04, Celsius: 43, A: +8.57, rev/s: +0.050,  rev: +3.456
2024/04/15 13:09:23 ID: 241, Data: 9C2B58030A00DC04, Celsius: 43, A: +8.56, rev/s: +0.028,  rev: +3.456
2024/04/15 13:09:23 ID: 241, Data: 9C2B5B030300DC04, Celsius: 43, A: +8.59, rev/s: +0.008,  rev: +3.456
2024/04/15 13:09:23 ID: 241, Data: 9C2B0A032D00E304, Celsius: 43, A: +7.78, rev/s: +0.125,  rev: +3.475
2024/04/15 13:09:23 ID: 241, Data: 9C2B1D030B00E304, Celsius: 43, A: +7.97, rev/s: +0.031,  rev: +3.475
2024/04/15 13:09:23 ID: 241, Data: 9C2C1C03F8FFE304, Celsius: 44, A: +7.96, rev/s: -0.022,  rev: +3.475
2024/04/15 13:09:23 ID: 241, Data: 9C2CD202C400E704, Celsius: 44, A: +7.22, rev/s: +0.544,  rev: +3.486
2024/04/15 13:09:23 ID: 241, Data: 9C2C950186043305, Celsius: 44, A: +4.05, rev/s: +3.217,  rev: +3.697
2024/04/15 13:09:24 ID: 241, Data: 9C2CED0174037605, Celsius: 44, A: +4.93, rev/s: +2.456,  rev: +3.883
2024/04/15 13:09:24 ID: 241, Data: 9C2C7102C501D705, Celsius: 44, A: +6.25, rev/s: +1.258,  rev: +4.153
2024/04/15 13:09:24 ID: 241, Data: 9C2DBB02A9013006, Celsius: 45, A: +6.99, rev/s: +1.181,  rev: +4.400
2024/04/15 13:09:24 ID: 241, Data: 9C2D1C03F7FF3E06, Celsius: 45, A: +7.96, rev/s: -0.025,  rev: +4.439
2024/04/15 13:09:24 ID: 241, Data: 9C2D20030E003E06, Celsius: 45, A: +8.00, rev/s: +0.039,  rev: +4.439
2024/04/15 13:09:24 ID: 241, Data: 9C2D230303003E06, Celsius: 45, A: +8.03, rev/s: +0.008,  rev: +4.439
2024/04/15 13:09:24 ID: 241, Data: 9C2D24030C003F06, Celsius: 45, A: +8.04, rev/s: +0.033,  rev: +4.442
2024/04/15 13:09:24 ID: 241, Data: 9C2D2703EFFF3F06, Celsius: 45, A: +8.07, rev/s: -0.047,  rev: +4.442
2024/04/15 13:09:24 ID: 241, Data: 9C2E270306003F06, Celsius: 46, A: +8.07, rev/s: +0.017,  rev: +4.442
2024/04/15 13:09:24 ID: 241, Data: 9C2E270301003F06, Celsius: 46, A: +8.07, rev/s: +0.003,  rev: +4.442
2024/04/15 13:09:25 ID: 241, Data: 9C2E270309003F06, Celsius: 46, A: +8.07, rev/s: +0.025,  rev: +4.442
2024/04/15 13:09:25 ID: 241, Data: 9C2E2403FEFF3F06, Celsius: 46, A: +8.04, rev/s: -0.006,  rev: +4.442
2024/04/15 13:09:25 ID: 241, Data: 9C2E1F03FCFF3F06, Celsius: 46, A: +7.99, rev/s: -0.011,  rev: +4.442
2024/04/15 13:09:25 ID: 241, Data: 9C2F1E03F4FF3E06, Celsius: 47, A: +7.98, rev/s: -0.033,  rev: +4.439
2024/04/15 13:09:25 ID: 241, Data: 9C2F1C0307003E06, Celsius: 47, A: +7.96, rev/s: +0.019,  rev: +4.439
2024/04/15 13:09:25 ID: 241, Data: 9C2F1C0304003F06, Celsius: 47, A: +7.96, rev/s: +0.011,  rev: +4.442
2024/04/15 13:09:25 ID: 241, Data: 9C2F1E03F8FF3F06, Celsius: 47, A: +7.98, rev/s: -0.022,  rev: +4.442
2024/04/15 13:09:25 ID: 241, Data: 9C301D03E8FF3F06, Celsius: 48, A: +7.97, rev/s: -0.067,  rev: +4.442
2024/04/15 13:09:25 ID: 241, Data: 9C301B030B003F06, Celsius: 48, A: +7.95, rev/s: +0.031,  rev: +4.442
2024/04/15 13:09:26 ID: 241, Data: 9C301D0310003F06, Celsius: 48, A: +7.97, rev/s: +0.044,  rev: +4.442
2024/04/15 13:09:26 ID: 241, Data: 9C302B0327014506, Celsius: 48, A: +8.11, rev/s: +0.819,  rev: +4.458
2024/04/15 13:09:26 ID: 241, Data: 9C314D039F005206, Celsius: 49, A: +8.45, rev/s: +0.442,  rev: +4.494
2024/04/15 13:09:26 ID: 241, Data: 9C312903FDFF5306, Celsius: 49, A: +8.09, rev/s: -0.008,  rev: +4.497
2024/04/15 13:09:26 ID: 241, Data: 9C312D03FDFF5306, Celsius: 49, A: +8.13, rev/s: -0.008,  rev: +4.497
2024/04/15 13:09:26 ID: 241, Data: 9C31220306005306, Celsius: 49, A: +8.02, rev/s: +0.017,  rev: +4.497
2024/04/15 13:09:26 ID: 241, Data: 9C3260015D047706, Celsius: 50, A: +3.52, rev/s: +3.103,  rev: +4.597
2024/04/15 13:09:26 ID: 241, Data: 9C328C02A301BB06, Celsius: 50, A: +6.52, rev/s: +1.164,  rev: +4.786
2024/04/15 13:09:26 ID: 241, Data: 9C3250034C00D506, Celsius: 50, A: +8.48, rev/s: +0.211,  rev: +4.858
2024/04/15 13:09:26 ID: 241, Data: 9C3271030E00D606, Celsius: 50, A: +8.81, rev/s: +0.039,  rev: +4.861
2024/04/15 13:09:27 ID: 241, Data: 9C3204034600DC06, Celsius: 50, A: +7.72, rev/s: +0.194,  rev: +4.878
2024/04/15 13:09:27 ID: 241, Data: 9C32DA029E012407, Celsius: 50, A: +7.30, rev/s: +1.150,  rev: +5.078
2024/04/15 13:09:27 ID: 241, Data: 9C335102DE015107, Celsius: 51, A: +5.93, rev/s: +1.328,  rev: +5.203
2024/04/15 13:09:27 ID: 241, Data: 9C33B502D600A607, Celsius: 51, A: +6.93, rev/s: +0.594,  rev: +5.439
2024/04/15 13:09:27 ID: 241, Data: 9C3313032500B407, Celsius: 51, A: +7.87, rev/s: +0.103,  rev: +5.478
2024/04/15 13:09:27 ID: 241, Data: 9C334F032500B607, Celsius: 51, A: +8.47, rev/s: +0.103,  rev: +5.483
2024/04/15 13:09:27 ID: 241, Data: 9C3313030900BB07, Celsius: 51, A: +7.87, rev/s: +0.025,  rev: +5.497
2024/04/15 13:09:27 ID: 241, Data: 9C331A031400BB07, Celsius: 51, A: +7.94, rev/s: +0.056,  rev: +5.497
2024/04/15 13:09:27 ID: 241, Data: 9C3321030A00BB07, Celsius: 51, A: +8.01, rev/s: +0.028,  rev: +5.497
2024/04/15 13:09:27 ID: 241, Data: 9C331B030000BB07, Celsius: 51, A: +7.95, rev/s: +0.000,  rev: +5.497
2024/04/15 13:09:28 ID: 241, Data: 9C341F03F6FFBB07, Celsius: 52, A: +7.99, rev/s: -0.028,  rev: +5.497
2024/04/15 13:09:28 ID: 241, Data: 9C341B031100BB07, Celsius: 52, A: +7.95, rev/s: +0.047,  rev: +5.497
2024/04/15 13:09:28 ID: 241, Data: 9C341303F3FFBB07, Celsius: 52, A: +7.87, rev/s: -0.036,  rev: +5.497
2024/04/15 13:09:28 ID: 241, Data: 9C340A031D00BC07, Celsius: 52, A: +7.78, rev/s: +0.081,  rev: +5.500
2024/04/15 13:09:28 ID: 241, Data: 9C34FC026B00C807, Celsius: 52, A: +7.64, rev/s: +0.297,  rev: +5.533
2024/04/15 13:09:28 ID: 241, Data: 9C3404033600D107, Celsius: 52, A: +7.72, rev/s: +0.150,  rev: +5.558
2024/04/15 13:09:28 ID: 241, Data: 9C340C02C802E807, Celsius: 52, A: +5.24, rev/s: +1.978,  rev: +5.622
2024/04/15 13:09:28 ID: 241, Data: 9C34FE0209011C08, Celsius: 52, A: +7.66, rev/s: +0.736,  rev: +5.767
2024/04/15 13:09:28 ID: 241, Data: 9C34340361003208, Celsius: 52, A: +8.20, rev/s: +0.269,  rev: +5.828
2024/04/15 13:09:28 ID: 241, Data: 9C340D0315003308, Celsius: 52, A: +7.81, rev/s: +0.058,  rev: +5.831
2024/04/15 13:09:29 ID: 241, Data: 9C340E0309003308, Celsius: 52, A: +7.82, rev/s: +0.025,  rev: +5.831
2024/04/15 13:09:29 ID: 241, Data: 9C340D0300003308, Celsius: 52, A: +7.81, rev/s: +0.000,  rev: +5.831
2024/04/15 13:09:29 ID: 241, Data: 9C34090305003308, Celsius: 52, A: +7.77, rev/s: +0.014,  rev: +5.831
2024/04/15 13:09:29 ID: 241, Data: 9C340403FEFF3308, Celsius: 52, A: +7.72, rev/s: -0.006,  rev: +5.831
2024/04/15 13:09:29 ID: 241, Data: 9C350403F9FF3308, Celsius: 53, A: +7.72, rev/s: -0.019,  rev: +5.831
2024/04/15 13:09:29 ID: 241, Data: 9C350403F1FF3308, Celsius: 53, A: +7.72, rev/s: -0.042,  rev: +5.831
2024/04/15 13:09:29 ID: 241, Data: 9C350D03E6003708, Celsius: 53, A: +7.81, rev/s: +0.639,  rev: +5.842
2024/04/15 13:09:29 ID: 241, Data: 9C35580161045F08, Celsius: 53, A: +3.44, rev/s: +3.114,  rev: +5.953
2024/04/15 13:09:29 ID: 241, Data: 9C35E9010C03B408, Celsius: 53, A: +4.89, rev/s: +2.167,  rev: +6.189
2024/04/15 13:09:30 ID: 241, Data: 9C353C0291022109, Celsius: 53, A: +5.72, rev/s: +1.825,  rev: +6.492
2024/04/15 13:09:30 ID: 241, Data: 9C35E90186036F09, Celsius: 53, A: +4.89, rev/s: +2.506,  rev: +6.708
2024/04/15 13:09:30 ID: 241, Data: 9C3522024002A809, Celsius: 53, A: +5.46, rev/s: +1.600,  rev: +6.867
2024/04/15 13:09:30 ID: 241, Data: 9C351F03C200FD09, Celsius: 53, A: +7.99, rev/s: +0.539,  rev: +7.103
2024/04/15 13:09:30 ID: 241, Data: 9C366B021802200A, Celsius: 54, A: +6.19, rev/s: +1.489,  rev: +7.200
2024/04/15 13:09:30 ID: 241, Data: 9C36FEFF35FF6A0A, Celsius: 54, A: -0.02, rev/s: -0.564,  rev: +7.406
2024/04/15 13:09:30 ID: 241, Data: 9C362A004200340A, Celsius: 54, A: +0.42, rev/s: +0.183,  rev: +7.256
2024/04/15 13:09:30 ID: 241, Data: 9C361D00AC00390A, Celsius: 54, A: +0.29, rev/s: +0.478,  rev: +7.269
2024/04/15 13:09:30 ID: 241, Data: 9C361100CA00420A, Celsius: 54, A: +0.17, rev/s: +0.561,  rev: +7.294
2024/04/15 13:09:30 ID: 241, Data: 9C3621004A004D0A, Celsius: 54, A: +0.33, rev/s: +0.206,  rev: +7.325
2024/04/15 13:09:31 ID: 241, Data: 9C361C003D00570A, Celsius: 54, A: +0.28, rev/s: +0.169,  rev: +7.353
2024/04/15 13:09:31 ID: 241, Data: 9C3621009100610A, Celsius: 54, A: +0.33, rev/s: +0.403,  rev: +7.381
2024/04/15 13:09:31 ID: 241, Data: 9C36550062006A0A, Celsius: 54, A: +0.85, rev/s: +0.272,  rev: +7.406
2024/04/15 13:09:31 ID: 241, Data: 9C3606018D00710A, Celsius: 54, A: +2.62, rev/s: +0.392,  rev: +7.425
2024/04/15 13:09:31 ID: 241, Data: 9C362E026200790A, Celsius: 54, A: +5.58, rev/s: +0.272,  rev: +7.447
2024/04/15 13:09:31 ID: 241, Data: 9C36E9024C00820A, Celsius: 54, A: +7.45, rev/s: +0.211,  rev: +7.472
2024/04/15 13:09:31 ID: 241, Data: 9C36DE020901950A, Celsius: 54, A: +7.34, rev/s: +0.736,  rev: +7.525
2024/04/15 13:09:31 ID: 241, Data: 9C36DFFF03FEC50A, Celsius: 54, A: -0.33, rev/s: -1.414,  rev: +7.658
2024/04/15 13:09:31 ID: 241, Data: 9C360C00EDFFB20A, Celsius: 54, A: +0.12, rev/s: -0.053,  rev: +7.606
2024/04/15 13:09:31 ID: 241, Data: 9C3652006200B60A, Celsius: 54, A: +0.82, rev/s: +0.272,  rev: +7.617
2024/04/15 13:09:32 ID: 241, Data: 9C3635008800C20A, Celsius: 54, A: +0.53, rev/s: +0.378,  rev: +7.650
2024/04/15 13:09:32 ID: 241, Data: 9C3673001800CD0A, Celsius: 54, A: +1.15, rev/s: +0.067,  rev: +7.681
2024/04/15 13:09:32 ID: 241, Data: 9C36E3000F00D50A, Celsius: 54, A: +2.27, rev/s: +0.042,  rev: +7.703
2024/04/15 13:09:32 ID: 241, Data: 9C368C013200DE0A, Celsius: 54, A: +3.96, rev/s: +0.139,  rev: +7.728
2024/04/15 13:09:32 ID: 241, Data: 9C3689025E00E70A, Celsius: 54, A: +6.49, rev/s: +0.261,  rev: +7.753
2024/04/15 13:09:32 ID: 241, Data: 9C36E302BB00F50A, Celsius: 54, A: +7.39, rev/s: +0.519,  rev: +7.792
2024/04/15 13:09:32 ID: 241, Data: 9C36E2025300040B, Celsius: 54, A: +7.38, rev/s: +0.231,  rev: +7.833
2024/04/15 13:09:32 ID: 241, Data: 9C36A20166001F0B, Celsius: 54, A: +4.18, rev/s: +0.283,  rev: +7.908
2024/04/15 13:09:32 ID: 241, Data: 9C360300A4FF260B, Celsius: 54, A: +0.03, rev/s: -0.256,  rev: +7.928
2024/04/15 13:09:32 ID: 241, Data: 9C365D001500250B, Celsius: 54, A: +0.93, rev/s: +0.058,  rev: +7.925
2024/04/15 13:09:33 ID: 241, Data: 9C36B00043002E0B, Celsius: 54, A: +1.76, rev/s: +0.186,  rev: +7.950
2024/04/15 13:09:33 ID: 241, Data: 9C36880066003C0B, Celsius: 54, A: +1.36, rev/s: +0.283,  rev: +7.989
2024/04/15 13:09:33 ID: 241, Data: 9C36D7002E00440B, Celsius: 54, A: +2.15, rev/s: +0.128,  rev: +8.011
2024/04/15 13:09:33 ID: 241, Data: 9C36510168004D0B, Celsius: 54, A: +3.37, rev/s: +0.289,  rev: +8.036
2024/04/15 13:09:33 ID: 241, Data: 9C36D9016500580B, Celsius: 54, A: +4.73, rev/s: +0.281,  rev: +8.067
2024/04/15 13:09:33 ID: 241, Data: 9C368502D700630B, Celsius: 54, A: +6.45, rev/s: +0.597,  rev: +8.097
2024/04/15 13:09:33 ID: 241, Data: 9C35F20271006E0B, Celsius: 53, A: +7.54, rev/s: +0.314,  rev: +8.128
2024/04/15 13:09:33 ID: 241, Data: 9C350B0351007C0B, Celsius: 53, A: +7.79, rev/s: +0.225,  rev: +8.167
2024/04/15 13:09:33 ID: 241, Data: 9C36E70128039B0B, Celsius: 54, A: +4.87, rev/s: +2.244,  rev: +8.253
2024/04/15 13:09:34 ID: 241, Data: 9C36F3FFA0FF9E0B, Celsius: 54, A: -0.13, rev/s: -0.267,  rev: +8.261
2024/04/15 13:09:34 ID: 241, Data: 9C3648003F009E0B, Celsius: 54, A: +0.72, rev/s: +0.175,  rev: +8.261
2024/04/15 13:09:34 ID: 241, Data: 9C365100AB00A80B, Celsius: 54, A: +0.81, rev/s: +0.475,  rev: +8.289
2024/04/15 13:09:34 ID: 241, Data: 9C365A004200B50B, Celsius: 54, A: +0.90, rev/s: +0.183,  rev: +8.325
2024/04/15 13:09:34 ID: 241, Data: 9C369F004200BD0B, Celsius: 54, A: +1.59, rev/s: +0.183,  rev: +8.347
2024/04/15 13:09:34 ID: 241, Data: 9C3526014000C60B, Celsius: 53, A: +2.94, rev/s: +0.178,  rev: +8.372
2024/04/15 13:09:34 ID: 241, Data: 9C36E3015900CF0B, Celsius: 54, A: +4.83, rev/s: +0.247,  rev: +8.397
2024/04/15 13:09:34 ID: 241, Data: 9C35EB029000D80B, Celsius: 53, A: +7.47, rev/s: +0.400,  rev: +8.422
2024/04/15 13:09:34 ID: 241, Data: 9C3510034F00DF0B, Celsius: 53, A: +7.84, rev/s: +0.219,  rev: +8.442
2024/04/15 13:09:34 ID: 241, Data: 9C3572032500E50B, Celsius: 53, A: +8.82, rev/s: +0.103,  rev: +8.458
2024/04/15 13:09:35 ID: 241, Data: 9C352F03F6FFE60B, Celsius: 53, A: +8.15, rev/s: -0.028,  rev: +8.461
2024/04/15 13:09:35 ID: 241, Data: 9C352A03FFFFE60B, Celsius: 53, A: +8.10, rev/s: -0.003,  rev: +8.461
2024/04/15 13:09:35 ID: 241, Data: 9C3527030700E60B, Celsius: 53, A: +8.07, rev/s: +0.019,  rev: +8.461
2024/04/15 13:09:35 ID: 241, Data: 9C3526030800E60B, Celsius: 53, A: +8.06, rev/s: +0.022,  rev: +8.461
2024/04/15 13:09:35 ID: 241, Data: 9C3525030800E60B, Celsius: 53, A: +8.05, rev/s: +0.022,  rev: +8.461
2024/04/15 13:09:35 ID: 241, Data: 9C3524030200E60B, Celsius: 53, A: +8.04, rev/s: +0.006,  rev: +8.461
2024/04/15 13:09:35 ID: 241, Data: 9C3521030500E60B, Celsius: 53, A: +8.01, rev/s: +0.014,  rev: +8.461
2024/04/15 13:09:35 ID: 241, Data: 9C351F03FDFFE60B, Celsius: 53, A: +7.99, rev/s: -0.008,  rev: +8.461
2024/04/15 13:09:35 ID: 241, Data: 9C351E03F9FFE60B, Celsius: 53, A: +7.98, rev/s: -0.019,  rev: +8.461
2024/04/15 13:09:35 ID: 241, Data: 9C351E030E00E60B, Celsius: 53, A: +7.98, rev/s: +0.039,  rev: +8.461
2024/04/15 13:09:36 ID: 241, Data: 9C351E030A00E60B, Celsius: 53, A: +7.98, rev/s: +0.028,  rev: +8.461
2024/04/15 13:09:36 ID: 241, Data: 9C351C030000E60B, Celsius: 53, A: +7.96, rev/s: +0.000,  rev: +8.461
2024/04/15 13:09:36 ID: 241, Data: 9C351B030000E60B, Celsius: 53, A: +7.95, rev/s: +0.000,  rev: +8.461
2024/04/15 13:09:36 ID: 241, Data: 9C351D030000E60B, Celsius: 53, A: +7.97, rev/s: +0.000,  rev: +8.461
2024/04/15 13:09:36 ID: 241, Data: 9C351B030900E60B, Celsius: 53, A: +7.95, rev/s: +0.025,  rev: +8.461
2024/04/15 13:09:36 ID: 241, Data: 9C3516030300E70B, Celsius: 53, A: +7.90, rev/s: +0.008,  rev: +8.464
2024/04/15 13:09:36 ID: 241, Data: 9C35DA027D00F40B, Celsius: 53, A: +7.30, rev/s: +0.347,  rev: +8.500
2024/04/15 13:09:36 ID: 241, Data: 9C3513018605340C, Celsius: 53, A: +2.75, rev/s: +3.928,  rev: +8.678
2024/04/15 13:09:36 ID: 241, Data: 9C340103C400640C, Celsius: 52, A: +7.69, rev/s: +0.544,  rev: +8.811
2024/04/15 13:09:36 ID: 241, Data: 9C3497002E06AC0C, Celsius: 52, A: +1.51, rev/s: +4.394,  rev: +9.011
2024/04/15 13:09:37 ID: 241, Data: 9C34F1028901E20C, Celsius: 52, A: +7.53, rev/s: +1.092,  rev: +9.161
2024/04/15 13:09:37 ID: 241, Data: 9C344302FA01FA0C, Celsius: 52, A: +5.79, rev/s: +1.406,  rev: +9.228
2024/04/15 13:09:37 ID: 241, Data: 9C349F00A4FE300D, Celsius: 52, A: +1.59, rev/s: -0.967,  rev: +9.378
2024/04/15 13:09:37 ID: 241, Data: 9C350F00FEFF130D, Celsius: 53, A: +0.15, rev/s: -0.006,  rev: +9.297
2024/04/15 13:09:37 ID: 241, Data: 9C342E00F8FF130D, Celsius: 52, A: +0.46, rev/s: -0.022,  rev: +9.297
2024/04/15 13:09:37 ID: 241, Data: 9C358B00D000190D, Celsius: 53, A: +1.39, rev/s: +0.578,  rev: +9.314
2024/04/15 13:09:37 ID: 241, Data: 9C34F0001B00240D, Celsius: 52, A: +2.40, rev/s: +0.075,  rev: +9.344
2024/04/15 13:09:37 ID: 241, Data: 9C35B60114002C0D, Celsius: 53, A: +4.38, rev/s: +0.056,  rev: +9.367
2024/04/15 13:09:37 ID: 241, Data: 9C3402037A00340D, Celsius: 52, A: +7.70, rev/s: +0.339,  rev: +9.389
2024/04/15 13:09:38 ID: 241, Data: 9C34B302CD00460D, Celsius: 52, A: +6.91, rev/s: +0.569,  rev: +9.439
2024/04/15 13:09:38 ID: 241, Data: 9C3401035B00540D, Celsius: 52, A: +7.69, rev/s: +0.253,  rev: +9.478
2024/04/15 13:09:38 ID: 241, Data: 9C34FF028B00650D, Celsius: 52, A: +7.67, rev/s: +0.386,  rev: +9.525
2024/04/15 13:09:38 ID: 241, Data: 9C34C30142006F0D, Celsius: 52, A: +4.51, rev/s: +0.183,  rev: +9.553
2024/04/15 13:09:38 ID: 241, Data: 9C34B2011E00750D, Celsius: 52, A: +4.34, rev/s: +0.083,  rev: +9.569
2024/04/15 13:09:38 ID: 241, Data: 9C343801A100810D, Celsius: 52, A: +3.12, rev/s: +0.447,  rev: +9.603
2024/04/15 13:09:38 ID: 241, Data: 9C35CF001E008C0D, Celsius: 53, A: +2.07, rev/s: +0.083,  rev: +9.633
2024/04/15 13:09:38 ID: 241, Data: 9C34F9004100940D, Celsius: 52, A: +2.49, rev/s: +0.181,  rev: +9.656
2024/04/15 13:09:38 ID: 241, Data: 9C34230131009D0D, Celsius: 52, A: +2.91, rev/s: +0.136,  rev: +9.681
2024/04/15 13:09:38 ID: 241, Data: 9C3482014600A60D, Celsius: 52, A: +3.86, rev/s: +0.194,  rev: +9.706
2024/04/15 13:09:39 ID: 241, Data: 9C352C024200AE0D, Celsius: 53, A: +5.56, rev/s: +0.183,  rev: +9.728
2024/04/15 13:09:39 ID: 241, Data: 9C34EC027600B80D, Celsius: 52, A: +7.48, rev/s: +0.328,  rev: +9.756
2024/04/15 13:09:39 ID: 241, Data: 9C3431031700BB0D, Celsius: 52, A: +8.17, rev/s: +0.064,  rev: +9.764
2024/04/15 13:09:39 ID: 241, Data: 9C343003FFFFBD0D, Celsius: 52, A: +8.16, rev/s: -0.003,  rev: +9.769
2024/04/15 13:09:39 ID: 241, Data: 9C3437030200BD0D, Celsius: 52, A: +8.23, rev/s: +0.006,  rev: +9.769
2024/04/15 13:09:39 ID: 241, Data: 9C3405033500BE0D, Celsius: 52, A: +7.73, rev/s: +0.147,  rev: +9.772
2024/04/15 13:09:39 ID: 241, Data: 9C341C03F1FFC30D, Celsius: 52, A: +7.96, rev/s: -0.042,  rev: +9.786
2024/04/15 13:09:39 ID: 241, Data: 9C34D5027200D40D, Celsius: 52, A: +7.25, rev/s: +0.317,  rev: +9.833
2024/04/15 13:09:39 ID: 241, Data: 9C343801F004FE0D, Celsius: 52, A: +3.12, rev/s: +3.511,  rev: +9.950
2024/04/15 13:09:39 ID: 241, Data: 9C357702C600370E, Celsius: 53, A: +6.31, rev/s: +0.550,  rev: +10.108
2024/04/15 13:09:40 ID: 241, Data: 9C351B0063FF250E, Celsius: 53, A: +0.27, rev/s: -0.436,  rev: +10.058
2024/04/15 13:09:40 ID: 241, Data: 9C351200A7FF160E, Celsius: 53, A: +0.18, rev/s: -0.247,  rev: +10.017
2024/04/15 13:09:40 ID: 241, Data: 9C3515000100130E, Celsius: 53, A: +0.21, rev/s: +0.003,  rev: +10.008
2024/04/15 13:09:40 ID: 241, Data: 9C35F8FFD6FF120E, Celsius: 53, A: -0.08, rev/s: -0.117,  rev: +10.006
