2024/04/15 13:27:03 ID: 241, Data: 9C215A00500026FE, Celsius: 33, A: +0.90, rev/s: +0.222,  rev: -1.317
2024/04/15 13:27:03 ID: 241, Data: 9C21730159002FFE, Celsius: 33, A: +3.71, rev/s: +0.247,  rev: -1.292
2024/04/15 13:27:04 ID: 241, Data: 9C21D002410037FE, Celsius: 33, A: +7.20, rev/s: +0.181,  rev: -1.269
2024/04/15 13:27:04 ID: 241, Data: 9C21890300003DFE, Celsius: 33, A: +9.05, rev/s: +0.000,  rev: -1.253
2024/04/15 13:27:04 ID: 241, Data: 9C217A0310003DFE, Celsius: 33, A: +8.90, rev/s: +0.044,  rev: -1.253
2024/04/15 13:27:04 ID: 241, Data: 9C21710302003DFE, Celsius: 33, A: +8.81, rev/s: +0.006,  rev: -1.253
2024/04/15 13:27:04 ID: 241, Data: 9C216C0312003EFE, Celsius: 33, A: +8.76, rev/s: +0.050,  rev: -1.250
2024/04/15 13:27:04 ID: 241, Data: 9C216A03F8FF3EFE, Celsius: 33, A: +8.74, rev/s: -0.022,  rev: -1.250
2024/04/15 13:27:04 ID: 241, Data: 9C2168030A003EFE, Celsius: 33, A: +8.72, rev/s: +0.028,  rev: -1.250
2024/04/15 13:27:04 ID: 241, Data: 9C21650309003EFE, Celsius: 33, A: +8.69, rev/s: +0.025,  rev: -1.250
2024/04/15 13:27:04 ID: 241, Data: 9C2065030C003EFE, Celsius: 32, A: +8.69, rev/s: +0.033,  rev: -1.250
2024/04/15 13:27:05 ID: 241, Data: 9C205D031B003EFE, Celsius: 32, A: +8.61, rev/s: +0.075,  rev: -1.250
2024/04/15 13:27:05 ID: 241, Data: 9C21FA02A00043FE, Celsius: 33, A: +7.62, rev/s: +0.444,  rev: -1.236
2024/04/15 13:27:05 ID: 241, Data: 9C217403F10056FE, Celsius: 33, A: +8.84, rev/s: +0.669,  rev: -1.183
2024/04/15 13:27:05 ID: 241, Data: 9C213F03240060FE, Celsius: 33, A: +8.31, rev/s: +0.100,  rev: -1.156
2024/04/15 13:27:05 ID: 241, Data: 9C218300EF068BFE, Celsius: 33, A: +1.31, rev/s: +4.931,  rev: -1.036
2024/04/15 13:27:05 ID: 241, Data: 9C2126039401D3FE, Celsius: 33, A: +8.06, rev/s: +1.122,  rev: -0.836
2024/04/15 13:27:05 ID: 241, Data: 9C21E500FD052EFF, Celsius: 33, A: +2.29, rev/s: +4.258,  rev: -0.583
2024/04/15 13:27:05 ID: 241, Data: 9C21010080FC14FF, Celsius: 33, A: +0.01, rev/s: -2.489,  rev: -0.656
2024/04/15 13:27:05 ID: 241, Data: 9C21DCFFF4FF0BFF, Celsius: 33, A: -0.36, rev/s: -0.033,  rev: -0.681
2024/04/15 13:27:05 ID: 241, Data: 9C2252000A000DFF, Celsius: 34, A: +0.82, rev/s: +0.028,  rev: -0.675
2024/04/15 13:27:06 ID: 241, Data: 9C22EE00D00015FF, Celsius: 34, A: +2.38, rev/s: +0.578,  rev: -0.653
2024/04/15 13:27:06 ID: 241, Data: 9C226801380020FF, Celsius: 34, A: +3.60, rev/s: +0.156,  rev: -0.622
2024/04/15 13:27:06 ID: 241, Data: 9C22C6012D002CFF, Celsius: 34, A: +4.54, rev/s: +0.125,  rev: -0.589
2024/04/15 13:27:06 ID: 241, Data: 9C228602270034FF, Celsius: 34, A: +6.46, rev/s: +0.108,  rev: -0.567
2024/04/15 13:27:06 ID: 241, Data: 9C229B024A0045FF, Celsius: 34, A: +6.67, rev/s: +0.206,  rev: -0.519
2024/04/15 13:27:06 ID: 241, Data: 9C225B02700051FF, Celsius: 34, A: +6.03, rev/s: +0.311,  rev: -0.486
2024/04/15 13:27:06 ID: 241, Data: 9C22F102520056FF, Celsius: 34, A: +7.53, rev/s: +0.228,  rev: -0.472
2024/04/15 13:27:06 ID: 241, Data: 9C22F500E00174FF, Celsius: 34, A: +2.45, rev/s: +1.333,  rev: -0.389
2024/04/15 13:27:06 ID: 241, Data: 9C225500E9FE76FF, Celsius: 34, A: +0.85, rev/s: -0.775,  rev: -0.383
2024/04/15 13:27:06 ID: 241, Data: 9C222501E60075FF, Celsius: 34, A: +2.93, rev/s: +0.639,  rev: -0.386
2024/04/15 13:27:07 ID: 241, Data: 9C228A00120086FF, Celsius: 34, A: +1.38, rev/s: +0.050,  rev: -0.339
2024/04/15 13:27:07 ID: 241, Data: 9C2200016C008EFF, Celsius: 34, A: +2.56, rev/s: +0.300,  rev: -0.317
2024/04/15 13:27:07 ID: 241, Data: 9C2255010F0097FF, Celsius: 34, A: +3.41, rev/s: +0.042,  rev: -0.292
2024/04/15 13:27:07 ID: 241, Data: 9C23F901BF00A1FF, Celsius: 35, A: +5.05, rev/s: +0.531,  rev: -0.264
2024/04/15 13:27:07 ID: 241, Data: 9C2341026500AEFF, Celsius: 35, A: +5.77, rev/s: +0.281,  rev: -0.228
2024/04/15 13:27:07 ID: 241, Data: 9C2237030900B4FF, Celsius: 34, A: +8.23, rev/s: +0.025,  rev: -0.211
2024/04/15 13:27:07 ID: 241, Data: 9C2260036F00BDFF, Celsius: 34, A: +8.64, rev/s: +0.308,  rev: -0.186
2024/04/15 13:27:07 ID: 241, Data: 9C2240031401CCFF, Celsius: 34, A: +8.32, rev/s: +0.767,  rev: -0.144
2024/04/15 13:27:07 ID: 241, Data: 9C231E033C01DDFF, Celsius: 35, A: +7.98, rev/s: +0.878,  rev: -0.097
2024/04/15 13:27:07 ID: 241, Data: 9C23210075FF1200, Celsius: 35, A: +0.33, rev/s: -0.386,  rev: +0.050
2024/04/15 13:27:08 ID: 241, Data: 9C232300D8FFFBFF, Celsius: 35, A: +0.35, rev/s: -0.111,  rev: -0.014
2024/04/15 13:27:08 ID: 241, Data: 9C2385008B01FEFF, Celsius: 35, A: +1.33, rev/s: +1.097,  rev: -0.006
2024/04/15 13:27:08 ID: 241, Data: 9C233300C7FF0200, Celsius: 35, A: +0.51, rev/s: -0.158,  rev: +0.006
2024/04/15 13:27:08 ID: 241, Data: 9C23AF004E00FEFF, Celsius: 35, A: +1.75, rev/s: +0.217,  rev: -0.006
