2024/04/15 13:30:46 ID: 241, Data: 9C235500A3FFFDFF, Celsius: 35, A: +0.85, rev/s: -0.258,  rev: -0.008
2024/04/15 13:30:47 ID: 241, Data: 9C233F0078FFF1FF, Celsius: 35, A: +0.63, rev/s: -0.378,  rev: -0.042
2024/04/15 13:30:47 ID: 241, Data: 9C2385009CFFE3FF, Celsius: 35, A: +1.33, rev/s: -0.278,  rev: -0.081
2024/04/15 13:30:47 ID: 241, Data: 9C23AF00B2FFD9FF, Celsius: 35, A: +1.75, rev/s: -0.217,  rev: -0.108
2024/04/15 13:30:47 ID: 241, Data: 9C23FE0079FFCDFF, Celsius: 35, A: +2.54, rev/s: -0.375,  rev: -0.142
2024/04/15 13:30:47 ID: 241, Data: 9C232D01A9FFC2FF, Celsius: 35, A: +3.01, rev/s: -0.242,  rev: -0.172
2024/04/15 13:30:47 ID: 241, Data: 9C232401A4FFB9FF, Celsius: 35, A: +2.92, rev/s: -0.256,  rev: -0.197
2024/04/15 13:30:47 ID: 241, Data: 9C23680154FFACFF, Celsius: 35, A: +3.60, rev/s: -0.478,  rev: -0.233
2024/04/15 13:30:47 ID: 241, Data: 9C232B01A2FFA4FF, Celsius: 35, A: +2.99, rev/s: -0.261,  rev: -0.256
2024/04/15 13:30:47 ID: 241, Data: 9C23BB0059FF9BFF, Celsius: 35, A: +1.87, rev/s: -0.464,  rev: -0.281
2024/04/15 13:30:47 ID: 241, Data: 9C23AA00B1FF8EFF, Celsius: 35, A: +1.70, rev/s: -0.219,  rev: -0.317
2024/04/15 13:30:48 ID: 241, Data: 9C2333008FFF84FF, Celsius: 35, A: +0.51, rev/s: -0.314,  rev: -0.344
2024/04/15 13:30:48 ID: 241, Data: 9C23470033FF76FF, Celsius: 35, A: +0.71, rev/s: -0.569,  rev: -0.383
2024/04/15 13:30:48 ID: 241, Data: 9C233B00B8FF6AFF, Celsius: 35, A: +0.59, rev/s: -0.200,  rev: -0.417
2024/04/15 13:30:48 ID: 241, Data: 9C239C0024FF5EFF, Celsius: 35, A: +1.56, rev/s: -0.611,  rev: -0.450
2024/04/15 13:30:48 ID: 241, Data: 9C23BB00D8FF51FF, Celsius: 35, A: +1.87, rev/s: -0.111,  rev: -0.486
2024/04/15 13:30:48 ID: 241, Data: 9C23EF00B3FF49FF, Celsius: 35, A: +2.39, rev/s: -0.214,  rev: -0.508
2024/04/15 13:30:48 ID: 241, Data: 9C2335014DFF3DFF, Celsius: 35, A: +3.09, rev/s: -0.497,  rev: -0.542
2024/04/15 13:30:48 ID: 241, Data: 9C232301BFFF33FF, Celsius: 35, A: +2.91, rev/s: -0.181,  rev: -0.569
2024/04/15 13:30:48 ID: 241, Data: 9C23D800D1FF2BFF, Celsius: 35, A: +2.16, rev/s: -0.131,  rev: -0.592
2024/04/15 13:30:48 ID: 241, Data: 9C23910080FF21FF, Celsius: 35, A: +1.45, rev/s: -0.356,  rev: -0.619
2024/04/15 13:30:49 ID: 241, Data: 9C23670068FF14FF, Celsius: 35, A: +1.03, rev/s: -0.422,  rev: -0.656
2024/04/15 13:30:49 ID: 241, Data: 9C23D8FFE6FF0CFF, Celsius: 35, A: -0.40, rev/s: -0.072,  rev: -0.678
2024/04/15 13:30:49 ID: 241, Data: 9C231500B9FEFCFE, Celsius: 35, A: +0.21, rev/s: -0.908,  rev: -0.722
2024/04/15 13:30:49 ID: 241, Data: 9C23EDFFF5FFF2FE, Celsius: 35, A: -0.19, rev/s: -0.031,  rev: -0.750
2024/04/15 13:30:49 ID: 241, Data: 9C235700B1FFE2FE, Celsius: 35, A: +0.87, rev/s: -0.219,  rev: -0.794
2024/04/15 13:30:49 ID: 241, Data: 9C238500D9FFDAFE, Celsius: 35, A: +1.33, rev/s: -0.108,  rev: -0.817
2024/04/15 13:30:49 ID: 241, Data: 9C23D1005CFFCFFE, Celsius: 35, A: +2.09, rev/s: -0.456,  rev: -0.847
2024/04/15 13:30:49 ID: 241, Data: 9C23EF00CAFFC3FE, Celsius: 35, A: +2.39, rev/s: -0.150,  rev: -0.881
2024/04/15 13:30:49 ID: 241, Data: 9C230301E9FFBAFE, Celsius: 35, A: +2.59, rev/s: -0.064,  rev: -0.906
2024/04/15 13:30:50 ID: 241, Data: 9C23D200E1FFB2FE, Celsius: 35, A: +2.10, rev/s: -0.086,  rev: -0.928
2024/04/15 13:30:50 ID: 241, Data: 9C23AE0049FFA7FE, Celsius: 35, A: +1.74, rev/s: -0.508,  rev: -0.958
2024/04/15 13:30:50 ID: 241, Data: 9C234100D9FF9BFE, Celsius: 35, A: +0.65, rev/s: -0.108,  rev: -0.992
2024/04/15 13:30:50 ID: 241, Data: 9C23FDFF2EFF91FE, Celsius: 35, A: -0.03, rev/s: -0.583,  rev: -1.019
2024/04/15 13:30:50 ID: 241, Data: 9C23FBFF89FF82FE, Celsius: 35, A: -0.05, rev/s: -0.331,  rev: -1.061
2024/04/15 13:30:50 ID: 241, Data: 9C23EAFFC4FF77FE, Celsius: 35, A: -0.22, rev/s: -0.167,  rev: -1.092
2024/04/15 13:30:50 ID: 241, Data: 9C245700EFFF69FE, Celsius: 36, A: +0.87, rev/s: -0.047,  rev: -1.131
2024/04/15 13:30:50 ID: 241, Data: 9C237C009AFF5FFE, Celsius: 35, A: +1.24, rev/s: -0.283,  rev: -1.158
2024/04/15 13:30:50 ID: 241, Data: 9C240D019DFF53FE, Celsius: 36, A: +2.69, rev/s: -0.275,  rev: -1.192
2024/04/15 13:30:50 ID: 241, Data: 9C23F8008EFF4BFE, Celsius: 35, A: +2.48, rev/s: -0.317,  rev: -1.214
2024/04/15 13:30:51 ID: 241, Data: 9C233501B8FF3FFE, Celsius: 35, A: +3.09, rev/s: -0.200,  rev: -1.247
2024/04/15 13:30:51 ID: 241, Data: 9C23D100A0FF39FE, Celsius: 35, A: +2.09, rev/s: -0.267,  rev: -1.264
2024/04/15 13:30:51 ID: 241, Data: 9C24CD0078FF2BFE, Celsius: 36, A: +2.05, rev/s: -0.378,  rev: -1.303
2024/04/15 13:30:51 ID: 241, Data: 9C244300AAFF23FE, Celsius: 36, A: +0.67, rev/s: -0.239,  rev: -1.325
2024/04/15 13:30:51 ID: 241, Data: 9C2403008AFF18FE, Celsius: 36, A: +0.03, rev/s: -0.328,  rev: -1.356
2024/04/15 13:30:51 ID: 241, Data: 9C23F2FF8BFF0AFE, Celsius: 35, A: -0.14, rev/s: -0.325,  rev: -1.394
2024/04/15 13:30:51 ID: 241, Data: 9C24FAFF4BFFFFFD, Celsius: 36, A: -0.06, rev/s: -0.503,  rev: -1.425
2024/04/15 13:30:51 ID: 241, Data: 9C232E00CBFFF0FD, Celsius: 35, A: +0.46, rev/s: -0.147,  rev: -1.467
2024/04/15 13:30:51 ID: 241, Data: 9C23D40059FFE3FD, Celsius: 35, A: +2.12, rev/s: -0.464,  rev: -1.503
2024/04/15 13:30:51 ID: 241, Data: 9C243401F9FFD9FD, Celsius: 36, A: +3.08, rev/s: -0.019,  rev: -1.531
2024/04/15 13:30:52 ID: 241, Data: 9C241201D9FFD2FD, Celsius: 36, A: +2.74, rev/s: -0.108,  rev: -1.550
2024/04/15 13:30:52 ID: 241, Data: 9C24D20081FFC9FD, Celsius: 36, A: +2.10, rev/s: -0.353,  rev: -1.575
2024/04/15 13:30:52 ID: 241, Data: 9C241801CEFFBAFD, Celsius: 36, A: +2.80, rev/s: -0.139,  rev: -1.617
2024/04/15 13:30:52 ID: 241, Data: 9C24AA00D1FFB4FD, Celsius: 36, A: +1.70, rev/s: -0.131,  rev: -1.633
2024/04/15 13:30:52 ID: 241, Data: 9C243A0082FFA9FD, Celsius: 36, A: +0.58, rev/s: -0.350,  rev: -1.664
2024/04/15 13:30:52 ID: 241, Data: 9C2334004FFF99FD, Celsius: 35, A: +0.52, rev/s: -0.492,  rev: -1.708
2024/04/15 13:30:52 ID: 241, Data: 9C242E0060FF8FFD, Celsius: 36, A: +0.46, rev/s: -0.444,  rev: -1.736
2024/04/15 13:30:52 ID: 241, Data: 9C237900D2FF81FD, Celsius: 35, A: +1.21, rev/s: -0.128,  rev: -1.775
2024/04/15 13:30:52 ID: 241, Data: 9C24D90044FF77FD, Celsius: 36, A: +2.17, rev/s: -0.522,  rev: -1.803
2024/04/15 13:30:52 ID: 241, Data: 9C24E9009BFF6CFD, Celsius: 36, A: +2.33, rev/s: -0.281,  rev: -1.833
2024/04/15 13:30:53 ID: 241, Data: 9C24DF00B0FF63FD, Celsius: 36, A: +2.23, rev/s: -0.222,  rev: -1.858
2024/04/15 13:30:53 ID: 241, Data: 9C24CC00A5FF59FD, Celsius: 36, A: +2.04, rev/s: -0.253,  rev: -1.886
2024/04/15 13:30:53 ID: 241, Data: 9C24C4004DFF4DFD, Celsius: 36, A: +1.96, rev/s: -0.497,  rev: -1.919
2024/04/15 13:30:53 ID: 241, Data: 9C24B200C5FF42FD, Celsius: 36, A: +1.78, rev/s: -0.164,  rev: -1.950
2024/04/15 13:30:53 ID: 241, Data: 9C248400BCFF38FD, Celsius: 36, A: +1.32, rev/s: -0.189,  rev: -1.978
2024/04/15 13:30:53 ID: 241, Data: 9C24520048FF2DFD, Celsius: 36, A: +0.82, rev/s: -0.511,  rev: -2.008
2024/04/15 13:30:53 ID: 241, Data: 9C245C005AFF20FD, Celsius: 36, A: +0.92, rev/s: -0.461,  rev: -2.044
2024/04/15 13:30:53 ID: 241, Data: 9C247F0086FF14FD, Celsius: 36, A: +1.27, rev/s: -0.339,  rev: -2.078
2024/04/15 13:30:53 ID: 241, Data: 9C24B200A3FF08FD, Celsius: 36, A: +1.78, rev/s: -0.258,  rev: -2.111
2024/04/15 13:30:54 ID: 241, Data: 9C24EE006FFFFDFC, Celsius: 36, A: +2.38, rev/s: -0.403,  rev: -2.142
2024/04/15 13:30:54 ID: 241, Data: 9C24B400BEFFF6FC, Celsius: 36, A: +1.80, rev/s: -0.183,  rev: -2.161
2024/04/15 13:30:54 ID: 241, Data: 9C246C0056FFEBFC, Celsius: 36, A: +1.08, rev/s: -0.472,  rev: -2.192
2024/04/15 13:30:54 ID: 241, Data: 9C2400019DFFD9FC, Celsius: 36, A: +2.56, rev/s: -0.275,  rev: -2.242
2024/04/15 13:30:54 ID: 241, Data: 9C24D200E3FFD4FC, Celsius: 36, A: +2.10, rev/s: -0.081,  rev: -2.256
2024/04/15 13:30:54 ID: 241, Data: 9C24570087FFCBFC, Celsius: 36, A: +0.87, rev/s: -0.336,  rev: -2.281
2024/04/15 13:30:54 ID: 241, Data: 9C244D0082FFBEFC, Celsius: 36, A: +0.77, rev/s: -0.350,  rev: -2.317
2024/04/15 13:30:54 ID: 241, Data: 9C240C00EEFFB3FC, Celsius: 36, A: +0.12, rev/s: -0.050,  rev: -2.347
2024/04/15 13:30:54 ID: 241, Data: 9C244E0073FFA5FC, Celsius: 36, A: +0.78, rev/s: -0.392,  rev: -2.386
2024/04/15 13:30:54 ID: 241, Data: 9C2469009BFF9AFC, Celsius: 36, A: +1.05, rev/s: -0.281,  rev: -2.417
2024/04/15 13:30:55 ID: 241, Data: 9C24A20082FF8EFC, Celsius: 36, A: +1.62, rev/s: -0.350,  rev: -2.450
2024/04/15 13:30:55 ID: 241, Data: 9C24AA0097FF84FC, Celsius: 36, A: +1.70, rev/s: -0.292,  rev: -2.478
2024/04/15 13:30:55 ID: 241, Data: 9C24E9008BFF78FC, Celsius: 36, A: +2.33, rev/s: -0.325,  rev: -2.511
2024/04/15 13:30:55 ID: 241, Data: 9C244A01D1FF6CFC, Celsius: 36, A: +3.30, rev/s: -0.131,  rev: -2.544
2024/04/15 13:30:55 ID: 241, Data: 9C24AE00D0FF69FC, Celsius: 36, A: +1.74, rev/s: -0.133,  rev: -2.553
2024/04/15 13:30:55 ID: 241, Data: 9C2477004FFF5AFC, Celsius: 36, A: +1.19, rev/s: -0.492,  rev: -2.594
2024/04/15 13:30:55 ID: 241, Data: 9C24DB00A1FF4CFC, Celsius: 36, A: +2.19, rev/s: -0.264,  rev: -2.633
2024/04/15 13:30:55 ID: 241, Data: 9C24240089FF47FC, Celsius: 36, A: +0.36, rev/s: -0.331,  rev: -2.647
2024/04/15 13:30:55 ID: 241, Data: 9C244A0055FF38FC, Celsius: 36, A: +0.74, rev/s: -0.475,  rev: -2.689
2024/04/15 13:30:55 ID: 241, Data: 9C24440086FF2CFC, Celsius: 36, A: +0.68, rev/s: -0.339,  rev: -2.722
2024/04/15 13:30:56 ID: 241, Data: 9C246F00ADFF20FC, Celsius: 36, A: +1.11, rev/s: -0.231,  rev: -2.756
2024/04/15 13:30:56 ID: 241, Data: 9C249C0085FF15FC, Celsius: 36, A: +1.56, rev/s: -0.342,  rev: -2.786
2024/04/15 13:30:56 ID: 241, Data: 9C249500CDFF0AFC, Celsius: 36, A: +1.49, rev/s: -0.142,  rev: -2.817
2024/04/15 13:30:56 ID: 241, Data: 9C24B40082FF00FC, Celsius: 36, A: +1.80, rev/s: -0.350,  rev: -2.844
2024/04/15 13:30:56 ID: 241, Data: 9C24AE0048FFF5FB, Celsius: 36, A: +1.74, rev/s: -0.511,  rev: -2.875
2024/04/15 13:30:56 ID: 241, Data: 9C24D90090FFE9FB, Celsius: 36, A: +2.17, rev/s: -0.311,  rev: -2.908
2024/04/15 13:30:56 ID: 241, Data: 9C24D1008EFFE0FB, Celsius: 36, A: +2.09, rev/s: -0.317,  rev: -2.933
2024/04/15 13:30:56 ID: 241, Data: 9C24870054FFD6FB, Celsius: 36, A: +1.35, rev/s: -0.478,  rev: -2.961
2024/04/15 13:30:56 ID: 241, Data: 9C242F000500CBFB, Celsius: 36, A: +0.47, rev/s: +0.014,  rev: -2.992
2024/04/15 13:30:56 ID: 241, Data: 9C24200067FFBFFB, Celsius: 36, A: +0.32, rev/s: -0.425,  rev: -3.025
2024/04/15 13:30:57 ID: 241, Data: 9C24470099FFB1FB, Celsius: 36, A: +0.71, rev/s: -0.286,  rev: -3.064
2024/04/15 13:30:57 ID: 241, Data: 9C244F009FFFA7FB, Celsius: 36, A: +0.79, rev/s: -0.269,  rev: -3.092
2024/04/15 13:30:57 ID: 241, Data: 9C24780069FF9BFB, Celsius: 36, A: +1.20, rev/s: -0.419,  rev: -3.125
2024/04/15 13:30:57 ID: 241, Data: 9C249900ADFF90FB, Celsius: 36, A: +1.53, rev/s: -0.231,  rev: -3.156
2024/04/15 13:30:57 ID: 241, Data: 9C246200C7FF88FB, Celsius: 36, A: +0.98, rev/s: -0.158,  rev: -3.178
2024/04/15 13:30:57 ID: 241, Data: 9C2403006FFF7EFB, Celsius: 36, A: +0.03, rev/s: -0.403,  rev: -3.206
2024/04/15 13:30:57 ID: 241, Data: 9C24000085FF70FB, Celsius: 36, A: +0.00, rev/s: -0.342,  rev: -3.244
2024/04/15 13:30:57 ID: 241, Data: 9C24FAFFBEFF64FB, Celsius: 36, A: -0.06, rev/s: -0.183,  rev: -3.278
2024/04/15 13:30:57 ID: 241, Data: 9C24FEFF87FF59FB, Celsius: 36, A: -0.02, rev/s: -0.336,  rev: -3.308
2024/04/15 13:30:58 ID: 241, Data: 9C24140065FF4DFB, Celsius: 36, A: +0.20, rev/s: -0.431,  rev: -3.342
2024/04/15 13:30:58 ID: 241, Data: 9C244000B1FF42FB, Celsius: 36, A: +0.64, rev/s: -0.219,  rev: -3.372
2024/04/15 13:30:58 ID: 241, Data: 9C2416007FFF39FB, Celsius: 36, A: +0.22, rev/s: -0.358,  rev: -3.397
2024/04/15 13:30:58 ID: 241, Data: 9C241D007FFF2DFB, Celsius: 36, A: +0.29, rev/s: -0.358,  rev: -3.431
2024/04/15 13:30:58 ID: 241, Data: 9C242200B4FF22FB, Celsius: 36, A: +0.34, rev/s: -0.211,  rev: -3.461
2024/04/15 13:30:58 ID: 241, Data: 9C240000A2FF18FB, Celsius: 36, A: +0.00, rev/s: -0.261,  rev: -3.489
2024/04/15 13:30:58 ID: 241, Data: 9C240300A4FF0BFB, Celsius: 36, A: +0.03, rev/s: -0.256,  rev: -3.525
2024/04/15 13:30:58 ID: 241, Data: 9C2429009AFF00FB, Celsius: 36, A: +0.41, rev/s: -0.283,  rev: -3.556
2024/04/15 13:30:58 ID: 241, Data: 9C2480004EFFF2FA, Celsius: 36, A: +1.28, rev/s: -0.494,  rev: -3.594
2024/04/15 13:30:58 ID: 241, Data: 9C245100D7FFECFA, Celsius: 36, A: +0.81, rev/s: -0.114,  rev: -3.611
2024/04/15 13:30:59 ID: 241, Data: 9C240F00A7FFE2FA, Celsius: 36, A: +0.15, rev/s: -0.247,  rev: -3.639
2024/04/15 13:30:59 ID: 241, Data: 9C24190083FFD4FA, Celsius: 36, A: +0.25, rev/s: -0.347,  rev: -3.678
2024/04/15 13:30:59 ID: 241, Data: 9C241000ADFFC9FA, Celsius: 36, A: +0.16, rev/s: -0.231,  rev: -3.708
2024/04/15 13:30:59 ID: 241, Data: 9C24F1FFA3FFBFFA, Celsius: 36, A: -0.15, rev/s: -0.258,  rev: -3.736
2024/04/15 13:30:59 ID: 241, Data: 9C24FDFF0BFFB3FA, Celsius: 36, A: -0.03, rev/s: -0.681,  rev: -3.769
2024/04/15 13:30:59 ID: 241, Data: 9C24E0FFC2FFA8FA, Celsius: 36, A: -0.32, rev/s: -0.172,  rev: -3.800
2024/04/15 13:30:59 ID: 241, Data: 9C24FAFF61FF9DFA, Celsius: 36, A: -0.06, rev/s: -0.442,  rev: -3.831
2024/04/15 13:30:59 ID: 241, Data: 9C2452009CFF8FFA, Celsius: 36, A: +0.82, rev/s: -0.278,  rev: -3.869
2024/04/15 13:30:59 ID: 241, Data: 9C249900B3FF84FA, Celsius: 36, A: +1.53, rev/s: -0.214,  rev: -3.900
2024/04/15 13:30:59 ID: 241, Data: 9C241C00A2FF7FFA, Celsius: 36, A: +0.28, rev/s: -0.261,  rev: -3.914
2024/04/15 13:31:00 ID: 241, Data: 9C24020029FF71FA, Celsius: 36, A: +0.02, rev/s: -0.597,  rev: -3.953
2024/04/15 13:31:00 ID: 241, Data: 9C24F3FF7AFF66FA, Celsius: 36, A: -0.13, rev/s: -0.372,  rev: -3.983
2024/04/15 13:31:00 ID: 241, Data: 9C24010064FF5AFA, Celsius: 36, A: +0.01, rev/s: -0.433,  rev: -4.017
2024/04/15 13:31:00 ID: 241, Data: 9C240600A4FF4FFA, Celsius: 36, A: +0.06, rev/s: -0.256,  rev: -4.047
2024/04/15 13:31:00 ID: 241, Data: 9C24EEFF7BFF45FA, Celsius: 36, A: -0.18, rev/s: -0.369,  rev: -4.075
2024/04/15 13:31:00 ID: 241, Data: 9C24F1FFB6FF39FA, Celsius: 36, A: -0.15, rev/s: -0.206,  rev: -4.108
2024/04/15 13:31:00 ID: 241, Data: 9C24F3FFB7FF2EFA, Celsius: 36, A: -0.13, rev/s: -0.203,  rev: -4.139
2024/04/15 13:31:00 ID: 241, Data: 9C24FEFFA5FF22FA, Celsius: 36, A: -0.02, rev/s: -0.253,  rev: -4.172
2024/04/15 13:31:00 ID: 241, Data: 9C24FCFFAAFF17FA, Celsius: 36, A: -0.04, rev/s: -0.239,  rev: -4.203
2024/04/15 13:31:00 ID: 241, Data: 9C2414007AFF0BFA, Celsius: 36, A: +0.20, rev/s: -0.372,  rev: -4.236
2024/04/15 13:31:01 ID: 241, Data: 9C247800ABFFFEF9, Celsius: 36, A: +1.20, rev/s: -0.236,  rev: -4.272
2024/04/15 13:31:01 ID: 241, Data: 9C246A00CAFFF7F9, Celsius: 36, A: +1.06, rev/s: -0.150,  rev: -4.292
2024/04/15 13:31:01 ID: 241, Data: 9C24250058FFEEF9, Celsius: 36, A: +0.37, rev/s: -0.467,  rev: -4.317
2024/04/15 13:31:01 ID: 241, Data: 9C241A00A7FFE1F9, Celsius: 36, A: +0.26, rev/s: -0.247,  rev: -4.353
2024/04/15 13:31:01 ID: 241, Data: 9C242A0050FFD5F9, Celsius: 36, A: +0.42, rev/s: -0.489,  rev: -4.386
2024/04/15 13:31:01 ID: 241, Data: 9C244C00B7FFC9F9, Celsius: 36, A: +0.76, rev/s: -0.203,  rev: -4.419
2024/04/15 13:31:01 ID: 241, Data: 9C243E0084FFBFF9, Celsius: 36, A: +0.62, rev/s: -0.344,  rev: -4.447
2024/04/15 13:31:01 ID: 241, Data: 9C24280074FFB5F9, Celsius: 36, A: +0.40, rev/s: -0.389,  rev: -4.475
2024/04/15 13:31:01 ID: 241, Data: 9C241D00ACFFA9F9, Celsius: 36, A: +0.29, rev/s: -0.233,  rev: -4.508
2024/04/15 13:31:02 ID: 241, Data: 9C24790032FF9BF9, Celsius: 36, A: +1.21, rev/s: -0.572,  rev: -4.547
2024/04/15 13:31:02 ID: 241, Data: 9C24E20001008FF9, Celsius: 36, A: +2.26, rev/s: +0.003,  rev: -4.581
2024/04/15 13:31:02 ID: 241, Data: 9C2459007FFF8BF9, Celsius: 36, A: +0.89, rev/s: -0.358,  rev: -4.592
2024/04/15 13:31:02 ID: 241, Data: 9C245A008DFF7CF9, Celsius: 36, A: +0.90, rev/s: -0.319,  rev: -4.633
2024/04/15 13:31:02 ID: 241, Data: 9C242700AFFF73F9, Celsius: 36, A: +0.39, rev/s: -0.225,  rev: -4.658
2024/04/15 13:31:02 ID: 241, Data: 9C241E008BFF67F9, Celsius: 36, A: +0.30, rev/s: -0.325,  rev: -4.692
2024/04/15 13:31:02 ID: 241, Data: 9C244D006DFF5AF9, Celsius: 36, A: +0.77, rev/s: -0.408,  rev: -4.728
2024/04/15 13:31:02 ID: 241, Data: 9C24460094FF50F9, Celsius: 36, A: +0.70, rev/s: -0.300,  rev: -4.756
2024/04/15 13:31:02 ID: 241, Data: 9C2446007EFF45F9, Celsius: 36, A: +0.70, rev/s: -0.361,  rev: -4.786
2024/04/15 13:31:02 ID: 241, Data: 9C243B0073FF3AF9, Celsius: 36, A: +0.59, rev/s: -0.392,  rev: -4.817
2024/04/15 13:31:03 ID: 241, Data: 9C249C0078FF2CF9, Celsius: 36, A: +1.56, rev/s: -0.378,  rev: -4.856
2024/04/15 13:31:03 ID: 241, Data: 9C248B00E9FF24F9, Celsius: 36, A: +1.39, rev/s: -0.064,  rev: -4.878
2024/04/15 13:31:03 ID: 241, Data: 9C24300050FF1BF9, Celsius: 36, A: +0.48, rev/s: -0.489,  rev: -4.903
2024/04/15 13:31:03 ID: 241, Data: 9C247E0063FF0BF9, Celsius: 36, A: +1.26, rev/s: -0.436,  rev: -4.947
2024/04/15 13:31:03 ID: 241, Data: 9C245500BDFF03F9, Celsius: 36, A: +0.85, rev/s: -0.186,  rev: -4.969
2024/04/15 13:31:03 ID: 241, Data: 9C24500085FFF8F8, Celsius: 36, A: +0.80, rev/s: -0.342,  rev: -5.000
2024/04/15 13:31:03 ID: 241, Data: 9C24570098FFECF8, Celsius: 36, A: +0.87, rev/s: -0.289,  rev: -5.033
2024/04/15 13:31:03 ID: 241, Data: 9C244700ACFFE1F8, Celsius: 36, A: +0.71, rev/s: -0.233,  rev: -5.064
2024/04/15 13:31:03 ID: 241, Data: 9C2458007CFFD5F8, Celsius: 36, A: +0.88, rev/s: -0.367,  rev: -5.097
2024/04/15 13:31:03 ID: 241, Data: 9C247A00E4FFC9F8, Celsius: 36, A: +1.22, rev/s: -0.078,  rev: -5.131
2024/04/15 13:31:04 ID: 241, Data: 9C246400B1FFC0F8, Celsius: 36, A: +1.00, rev/s: -0.219,  rev: -5.156
2024/04/15 13:31:04 ID: 241, Data: 9C24790091FFB4F8, Celsius: 36, A: +1.21, rev/s: -0.308,  rev: -5.189
2024/04/15 13:31:04 ID: 241, Data: 9C24CA00ACFFA7F8, Celsius: 36, A: +2.02, rev/s: -0.233,  rev: -5.225
2024/04/15 13:31:04 ID: 241, Data: 9C247600ACFFA0F8, Celsius: 36, A: +1.18, rev/s: -0.233,  rev: -5.244
2024/04/15 13:31:04 ID: 241, Data: 9C24370094FF95F8, Celsius: 36, A: +0.55, rev/s: -0.300,  rev: -5.275
2024/04/15 13:31:04 ID: 241, Data: 9C2416007FFF89F8, Celsius: 36, A: +0.22, rev/s: -0.358,  rev: -5.308
2024/04/15 13:31:04 ID: 241, Data: 9C24240090FF7CF8, Celsius: 36, A: +0.36, rev/s: -0.311,  rev: -5.344
2024/04/15 13:31:04 ID: 241, Data: 9C2413008DFF72F8, Celsius: 36, A: +0.19, rev/s: -0.319,  rev: -5.372
2024/04/15 13:31:04 ID: 241, Data: 9C2422006CFF66F8, Celsius: 36, A: +0.34, rev/s: -0.411,  rev: -5.406
2024/04/15 13:31:04 ID: 241, Data: 9C241C00A9FF5BF8, Celsius: 36, A: +0.28, rev/s: -0.242,  rev: -5.436
2024/04/15 13:31:05 ID: 241, Data: 9C2412009EFF50F8, Celsius: 36, A: +0.18, rev/s: -0.272,  rev: -5.467
2024/04/15 13:31:05 ID: 241, Data: 9C243900A4FF44F8, Celsius: 36, A: +0.57, rev/s: -0.256,  rev: -5.500
2024/04/15 13:31:05 ID: 241, Data: 9C24DE005CFF36F8, Celsius: 36, A: +2.22, rev/s: -0.456,  rev: -5.539
2024/04/15 13:31:05 ID: 241, Data: 9C24C000FDFF2FF8, Celsius: 36, A: +1.92, rev/s: -0.008,  rev: -5.558
2024/04/15 13:31:05 ID: 241, Data: 9C2436005FFF29F8, Celsius: 36, A: +0.54, rev/s: -0.447,  rev: -5.575
2024/04/15 13:31:05 ID: 241, Data: 9C24A5006DFF16F8, Celsius: 36, A: +1.65, rev/s: -0.408,  rev: -5.628
2024/04/15 13:31:05 ID: 241, Data: 9C242900C9FF11F8, Celsius: 36, A: +0.41, rev/s: -0.153,  rev: -5.642
2024/04/15 13:31:05 ID: 241, Data: 9C240B00A1FF03F8, Celsius: 36, A: +0.11, rev/s: -0.264,  rev: -5.681
2024/04/15 13:31:05 ID: 241, Data: 9C241D00ACFFF7F7, Celsius: 36, A: +0.29, rev/s: -0.233,  rev: -5.714
2024/04/15 13:31:06 ID: 241, Data: 9C244C0052FFEBF7, Celsius: 36, A: +0.76, rev/s: -0.483,  rev: -5.747
2024/04/15 13:31:06 ID: 241, Data: 9C242800E2FFE2F7, Celsius: 36, A: +0.40, rev/s: -0.083,  rev: -5.772
2024/04/15 13:31:06 ID: 241, Data: 9C24ECFF88FFD8F7, Celsius: 36, A: -0.20, rev/s: -0.333,  rev: -5.800
2024/04/15 13:31:06 ID: 241, Data: 9C24FFFF18FFCBF7, Celsius: 36, A: -0.01, rev/s: -0.644,  rev: -5.836
2024/04/15 13:31:06 ID: 241, Data: 9C241F0063FFBFF7, Celsius: 36, A: +0.31, rev/s: -0.436,  rev: -5.869
2024/04/15 13:31:06 ID: 241, Data: 9C247900CFFFB2F7, Celsius: 36, A: +1.21, rev/s: -0.136,  rev: -5.906
2024/04/15 13:31:06 ID: 241, Data: 9C248B00C6FFAAF7, Celsius: 36, A: +1.39, rev/s: -0.161,  rev: -5.928
2024/04/15 13:31:06 ID: 241, Data: 9C245C0099FFA1F7, Celsius: 36, A: +0.92, rev/s: -0.286,  rev: -5.953
2024/04/15 13:31:06 ID: 241, Data: 9C243B0090FF95F7, Celsius: 36, A: +0.59, rev/s: -0.311,  rev: -5.986
2024/04/15 13:31:06 ID: 241, Data: 9C240E008DFF8AF7, Celsius: 36, A: +0.14, rev/s: -0.319,  rev: -6.017
2024/04/15 13:31:07 ID: 241, Data: 9C243E0054FF7CF7, Celsius: 36, A: +0.62, rev/s: -0.478,  rev: -6.056
2024/04/15 13:31:07 ID: 241, Data: 9C2440008AFF71F7, Celsius: 36, A: +0.64, rev/s: -0.328,  rev: -6.086
2024/04/15 13:31:07 ID: 241, Data: 9C247B006BFF66F7, Celsius: 36, A: +1.23, rev/s: -0.414,  rev: -6.117
2024/04/15 13:31:07 ID: 241, Data: 9C24A3009BFF5BF7, Celsius: 36, A: +1.63, rev/s: -0.281,  rev: -6.147
2024/04/15 13:31:07 ID: 241, Data: 9C24C300CBFF50F7, Celsius: 36, A: +1.95, rev/s: -0.147,  rev: -6.178
2024/04/15 13:31:07 ID: 241, Data: 9C24F5005DFF45F7, Celsius: 36, A: +2.45, rev/s: -0.453,  rev: -6.208
2024/04/15 13:31:07 ID: 241, Data: 9C243301A7FF39F7, Celsius: 36, A: +3.07, rev/s: -0.247,  rev: -6.242
2024/04/15 13:31:07 ID: 241, Data: 9C24A800A8FF34F7, Celsius: 36, A: +1.68, rev/s: -0.244,  rev: -6.256
2024/04/15 13:31:07 ID: 241, Data: 9C248D0045FF26F7, Celsius: 36, A: +1.41, rev/s: -0.519,  rev: -6.294
2024/04/15 13:31:07 ID: 241, Data: 9C244B00DFFF1BF7, Celsius: 36, A: +0.75, rev/s: -0.092,  rev: -6.325
2024/04/15 13:31:08 ID: 241, Data: 9C243E0067FF10F7, Celsius: 36, A: +0.62, rev/s: -0.425,  rev: -6.356
2024/04/15 13:31:08 ID: 241, Data: 9C243A00DFFF03F7, Celsius: 36, A: +0.58, rev/s: -0.092,  rev: -6.392
2024/04/15 13:31:08 ID: 241, Data: 9C247C0088FFF7F6, Celsius: 36, A: +1.24, rev/s: -0.333,  rev: -6.425
2024/04/15 13:31:08 ID: 241, Data: 9C24B70080FFEBF6, Celsius: 36, A: +1.83, rev/s: -0.356,  rev: -6.458
2024/04/15 13:31:08 ID: 241, Data: 9C24CF00AAFFE1F6, Celsius: 36, A: +2.07, rev/s: -0.239,  rev: -6.486
2024/04/15 13:31:08 ID: 241, Data: 9C24260186FFD4F6, Celsius: 36, A: +2.94, rev/s: -0.339,  rev: -6.522
2024/04/15 13:31:08 ID: 241, Data: 9C240C018EFFCDF6, Celsius: 36, A: +2.68, rev/s: -0.317,  rev: -6.542
2024/04/15 13:31:08 ID: 241, Data: 9C24F40097FFC2F6, Celsius: 36, A: +2.44, rev/s: -0.292,  rev: -6.572
2024/04/15 13:31:08 ID: 241, Data: 9C240301BAFFB6F6, Celsius: 36, A: +2.59, rev/s: -0.194,  rev: -6.606
2024/04/15 13:31:09 ID: 241, Data: 9C24A3008AFFAEF6, Celsius: 36, A: +1.63, rev/s: -0.328,  rev: -6.628
2024/04/15 13:31:09 ID: 241, Data: 9C245C0081FFA2F6, Celsius: 36, A: +0.92, rev/s: -0.353,  rev: -6.661
2024/04/15 13:31:09 ID: 241, Data: 9C244E0037FF95F6, Celsius: 36, A: +0.78, rev/s: -0.558,  rev: -6.697
2024/04/15 13:31:09 ID: 241, Data: 9C243300AEFF89F6, Celsius: 36, A: +0.51, rev/s: -0.228,  rev: -6.731
2024/04/15 13:31:09 ID: 241, Data: 9C24720035FF7DF6, Celsius: 36, A: +1.14, rev/s: -0.564,  rev: -6.764
2024/04/15 13:31:09 ID: 241, Data: 9C246300BFFF72F6, Celsius: 36, A: +0.99, rev/s: -0.181,  rev: -6.794
2024/04/15 13:31:09 ID: 241, Data: 9C24F00022FF65F6, Celsius: 36, A: +2.40, rev/s: -0.617,  rev: -6.831
2024/04/15 13:31:09 ID: 241, Data: 9C240A01ACFF5BF6, Celsius: 36, A: +2.66, rev/s: -0.233,  rev: -6.858
2024/04/15 13:31:09 ID: 241, Data: 9C24EA00D6FF53F6, Celsius: 36, A: +2.34, rev/s: -0.117,  rev: -6.881
2024/04/15 13:31:09 ID: 241, Data: 9C249300B9FF4AF6, Celsius: 36, A: +1.47, rev/s: -0.197,  rev: -6.906
2024/04/15 13:31:10 ID: 241, Data: 9C24C50089FF3AF6, Celsius: 36, A: +1.97, rev/s: -0.331,  rev: -6.950
2024/04/15 13:31:10 ID: 241, Data: 9C248A00A9FF33F6, Celsius: 36, A: +1.38, rev/s: -0.242,  rev: -6.969
2024/04/15 13:31:10 ID: 241, Data: 9C2436005FFF29F6, Celsius: 36, A: +0.54, rev/s: -0.447,  rev: -6.997
2024/04/15 13:31:10 ID: 241, Data: 9C241A00EAFF1BF6, Celsius: 36, A: +0.26, rev/s: -0.061,  rev: -7.036
2024/04/15 13:31:10 ID: 241, Data: 9C241D00AAFF10F6, Celsius: 36, A: +0.29, rev/s: -0.239,  rev: -7.067
2024/04/15 13:31:10 ID: 241, Data: 9C2452009DFF03F6, Celsius: 36, A: +0.82, rev/s: -0.275,  rev: -7.103
2024/04/15 13:31:10 ID: 241, Data: 9C244C00D9FFF9F5, Celsius: 36, A: +0.76, rev/s: -0.108,  rev: -7.131
2024/04/15 13:31:10 ID: 241, Data: 9C24C90060FFEBF5, Celsius: 36, A: +2.01, rev/s: -0.444,  rev: -7.169
2024/04/15 13:31:10 ID: 241, Data: 9C24F700BDFFE1F5, Celsius: 36, A: +2.47, rev/s: -0.186,  rev: -7.197
2024/04/15 13:31:10 ID: 241, Data: 9C24B200BCFFDAF5, Celsius: 36, A: +1.78, rev/s: -0.189,  rev: -7.217
2024/04/15 13:31:11 ID: 241, Data: 9C249E007EFFCFF5, Celsius: 36, A: +1.58, rev/s: -0.361,  rev: -7.247
2024/04/15 13:31:11 ID: 241, Data: 9C24B900D4FFC2F5, Celsius: 36, A: +1.85, rev/s: -0.122,  rev: -7.283
2024/04/15 13:31:11 ID: 241, Data: 9C246D00BFFFBAF5, Celsius: 36, A: +1.09, rev/s: -0.181,  rev: -7.306
2024/04/15 13:31:11 ID: 241, Data: 9C244C0037FFADF5, Celsius: 36, A: +0.76, rev/s: -0.558,  rev: -7.342
2024/04/15 13:31:11 ID: 241, Data: 9C24F2FF0D00A4F5, Celsius: 36, A: -0.14, rev/s: +0.036,  rev: -7.367
2024/04/15 13:31:11 ID: 241, Data: 9C242C003FFF96F5, Celsius: 36, A: +0.44, rev/s: -0.536,  rev: -7.406
2024/04/15 13:31:11 ID: 241, Data: 9C242D00ADFF8AF5, Celsius: 36, A: +0.45, rev/s: -0.231,  rev: -7.439
2024/04/15 13:31:11 ID: 241, Data: 9C24520082FF80F5, Celsius: 36, A: +0.82, rev/s: -0.350,  rev: -7.467
2024/04/15 13:31:11 ID: 241, Data: 9C24CE00B1FF70F5, Celsius: 36, A: +2.06, rev/s: -0.219,  rev: -7.511
2024/04/15 13:31:11 ID: 241, Data: 9C240301BAFF69F5, Celsius: 36, A: +2.59, rev/s: -0.194,  rev: -7.531
2024/04/15 13:31:12 ID: 241, Data: 9C259900B5FF62F5, Celsius: 37, A: +1.53, rev/s: -0.208,  rev: -7.550
2024/04/15 13:31:12 ID: 241, Data: 9C24410037FF57F5, Celsius: 36, A: +0.65, rev/s: -0.558,  rev: -7.581
2024/04/15 13:31:12 ID: 241, Data: 9C24AB0092FF46F5, Celsius: 36, A: +1.71, rev/s: -0.306,  rev: -7.628
2024/04/15 13:31:12 ID: 241, Data: 9C2424009EFF41F5, Celsius: 36, A: +0.36, rev/s: -0.272,  rev: -7.642
2024/04/15 13:31:12 ID: 241, Data: 9C240300B1FF33F5, Celsius: 36, A: +0.03, rev/s: -0.219,  rev: -7.681
2024/04/15 13:31:12 ID: 241, Data: 9C240500D3FF28F5, Celsius: 36, A: +0.05, rev/s: -0.125,  rev: -7.711
2024/04/15 13:31:12 ID: 241, Data: 9C24230051FF1BF5, Celsius: 36, A: +0.35, rev/s: -0.486,  rev: -7.747
2024/04/15 13:31:12 ID: 241, Data: 9C242B009EFF11F5, Celsius: 36, A: +0.43, rev/s: -0.272,  rev: -7.775
2024/04/15 13:31:12 ID: 241, Data: 9C2490007BFF03F5, Celsius: 36, A: +1.44, rev/s: -0.369,  rev: -7.814
2024/04/15 13:31:12 ID: 241, Data: 9C249C00EAFFFAF4, Celsius: 36, A: +1.56, rev/s: -0.061,  rev: -7.839
2024/04/15 13:31:13 ID: 241, Data: 9C247200B4FFF2F4, Celsius: 36, A: +1.14, rev/s: -0.211,  rev: -7.861
2024/04/15 13:31:13 ID: 241, Data: 9C24B8005EFFE3F4, Celsius: 36, A: +1.84, rev/s: -0.450,  rev: -7.903
2024/04/15 13:31:13 ID: 241, Data: 9C24B900BFFFDAF4, Celsius: 36, A: +1.85, rev/s: -0.181,  rev: -7.928
2024/04/15 13:31:13 ID: 241, Data: 9C243F00C1FFD2F4, Celsius: 36, A: +0.63, rev/s: -0.175,  rev: -7.950
2024/04/15 13:31:13 ID: 241, Data: 9C2434006DFFC4F4, Celsius: 36, A: +0.52, rev/s: -0.408,  rev: -7.989
2024/04/15 13:31:13 ID: 241, Data: 9C24FAFFE2FFBBF4, Celsius: 36, A: -0.06, rev/s: -0.083,  rev: -8.014
2024/04/15 13:31:13 ID: 241, Data: 9C241B0033FFADF4, Celsius: 36, A: +0.27, rev/s: -0.569,  rev: -8.053
2024/04/15 13:31:13 ID: 241, Data: 9C24250077FFA1F4, Celsius: 36, A: +0.37, rev/s: -0.381,  rev: -8.086
2024/04/15 13:31:13 ID: 241, Data: 9C24720077FF96F4, Celsius: 36, A: +1.14, rev/s: -0.381,  rev: -8.117
2024/04/15 13:31:14 ID: 241, Data: 9C246500A6FF8CF4, Celsius: 36, A: +1.01, rev/s: -0.250,  rev: -8.144
2024/04/15 13:31:14 ID: 241, Data: 9C24A700BDFF80F4, Celsius: 36, A: +1.67, rev/s: -0.186,  rev: -8.178
2024/04/15 13:31:14 ID: 241, Data: 9C24CA00A6FF75F4, Celsius: 36, A: +2.02, rev/s: -0.250,  rev: -8.208
2024/04/15 13:31:14 ID: 241, Data: 9C2487008DFF6DF4, Celsius: 36, A: +1.35, rev/s: -0.319,  rev: -8.231
2024/04/15 13:31:14 ID: 241, Data: 9C24690084FF61F4, Celsius: 36, A: +1.05, rev/s: -0.344,  rev: -8.264
2024/04/15 13:31:14 ID: 241, Data: 9C245B00CFFF56F4, Celsius: 36, A: +0.91, rev/s: -0.136,  rev: -8.294
2024/04/15 13:31:14 ID: 241, Data: 9C2411007EFF4CF4, Celsius: 36, A: +0.17, rev/s: -0.361,  rev: -8.322
2024/04/15 13:31:14 ID: 241, Data: 9C2415008EFF3FF4, Celsius: 36, A: +0.21, rev/s: -0.317,  rev: -8.358
2024/04/15 13:31:14 ID: 241, Data: 9C242300CCFF33F4, Celsius: 36, A: +0.35, rev/s: -0.144,  rev: -8.392
2024/04/15 13:31:14 ID: 241, Data: 9C244100A3FF28F4, Celsius: 36, A: +0.65, rev/s: -0.258,  rev: -8.422
2024/04/15 13:31:15 ID: 241, Data: 9C24AD00A7FF1AF4, Celsius: 36, A: +1.73, rev/s: -0.247,  rev: -8.461
2024/04/15 13:31:15 ID: 241, Data: 9C246F009BFF14F4, Celsius: 36, A: +1.11, rev/s: -0.281,  rev: -8.478
2024/04/15 13:31:15 ID: 241, Data: 9C246F0082FF08F4, Celsius: 36, A: +1.11, rev/s: -0.350,  rev: -8.511
2024/04/15 13:31:15 ID: 241, Data: 9C24C000BFFFFAF3, Celsius: 36, A: +1.92, rev/s: -0.181,  rev: -8.550
2024/04/15 13:31:15 ID: 241, Data: 9C243F002FFFF6F3, Celsius: 36, A: +0.63, rev/s: -0.581,  rev: -8.561
2024/04/15 13:31:15 ID: 241, Data: 9C242500AEFFE8F3, Celsius: 36, A: +0.37, rev/s: -0.228,  rev: -8.600
2024/04/15 13:31:15 ID: 241, Data: 9C241D0071FFDBF3, Celsius: 36, A: +0.29, rev/s: -0.397,  rev: -8.636
2024/04/15 13:31:15 ID: 241, Data: 9C240400A0FFD0F3, Celsius: 36, A: +0.04, rev/s: -0.267,  rev: -8.667
2024/04/15 13:31:15 ID: 241, Data: 9C24190084FFC3F3, Celsius: 36, A: +0.25, rev/s: -0.344,  rev: -8.703
2024/04/15 13:31:15 ID: 241, Data: 9C241900B8FFB9F3, Celsius: 36, A: +0.25, rev/s: -0.200,  rev: -8.731
2024/04/15 13:31:16 ID: 241, Data: 9C24300072FFAFF3, Celsius: 36, A: +0.48, rev/s: -0.394,  rev: -8.758
2024/04/15 13:31:16 ID: 241, Data: 9C24060044FFA6F3, Celsius: 36, A: +0.06, rev/s: -0.522,  rev: -8.783
2024/04/15 13:31:16 ID: 241, Data: 9C241400D9FF99F3, Celsius: 36, A: +0.20, rev/s: -0.108,  rev: -8.819
2024/04/15 13:31:16 ID: 241, Data: 9C24FFFFCEFF8FF3, Celsius: 36, A: -0.01, rev/s: -0.139,  rev: -8.847
2024/04/15 13:31:16 ID: 241, Data: 9C2403006FFF82F3, Celsius: 36, A: +0.03, rev/s: -0.403,  rev: -8.883
2024/04/15 13:31:16 ID: 241, Data: 9C24DDFFB1FF78F3, Celsius: 36, A: -0.35, rev/s: -0.219,  rev: -8.911
2024/04/15 13:31:16 ID: 241, Data: 9C2462FF3A0070F3, Celsius: 36, A: -1.58, rev/s: +0.161,  rev: -8.933
2024/04/15 13:31:16 ID: 241, Data: 9C243AFFBDFC63F3, Celsius: 36, A: -1.98, rev/s: -2.319,  rev: -8.969
2024/04/15 13:31:16 ID: 241, Data: 9C24F7FFFAFF51F3, Celsius: 36, A: -0.09, rev/s: -0.017,  rev: -9.019
2024/04/15 13:31:16 ID: 241, Data: 9C2442FFCDFF4FF3, Celsius: 36, A: -1.90, rev/s: -0.142,  rev: -9.025
2024/04/15 13:31:17 ID: 241, Data: 9C24F5FEA3FF41F3, Celsius: 36, A: -2.67, rev/s: -0.258,  rev: -9.064
2024/04/15 13:31:17 ID: 241, Data: 9C2460FEDAFF39F3, Celsius: 36, A: -4.16, rev/s: -0.106,  rev: -9.086
2024/04/15 13:31:17 ID: 241, Data: 9C24B0FDAAFF30F3, Celsius: 36, A: -5.92, rev/s: -0.239,  rev: -9.111
2024/04/15 13:31:17 ID: 241, Data: 9C240BFDFEFE24F3, Celsius: 36, A: -7.57, rev/s: -0.717,  rev: -9.144
2024/04/15 13:31:17 ID: 241, Data: 9C24C8FCDEFF19F3, Celsius: 36, A: -8.24, rev/s: -0.094,  rev: -9.175
2024/04/15 13:31:17 ID: 241, Data: 9C24EDFCEFFE06F3, Celsius: 36, A: -7.87, rev/s: -0.758,  rev: -9.228
2024/04/15 13:31:17 ID: 241, Data: 9C24EFFF9D01E3F2, Celsius: 36, A: -0.17, rev/s: +1.147,  rev: -9.325
2024/04/15 13:31:17 ID: 241, Data: 9C24A7FF1A00F0F2, Celsius: 36, A: -0.89, rev/s: +0.072,  rev: -9.289
2024/04/15 13:31:17 ID: 241, Data: 9C24ACFEB3FFEFF2, Celsius: 36, A: -3.40, rev/s: -0.214,  rev: -9.292
2024/04/15 13:31:18 ID: 241, Data: 9C2432FF88FFDAF2, Celsius: 36, A: -2.06, rev/s: -0.333,  rev: -9.350
2024/04/15 13:31:18 ID: 241, Data: 9C2423FFE7FFD1F2, Celsius: 36, A: -2.21, rev/s: -0.069,  rev: -9.375
2024/04/15 13:31:18 ID: 241, Data: 9C25BBFED3FFCAF2, Celsius: 37, A: -3.25, rev/s: -0.125,  rev: -9.394
2024/04/15 13:31:18 ID: 241, Data: 9C244EFEAAFFBFF2, Celsius: 36, A: -4.34, rev/s: -0.239,  rev: -9.425
2024/04/15 13:31:18 ID: 241, Data: 9C25E7FDD2FFB2F2, Celsius: 37, A: -5.37, rev/s: -0.128,  rev: -9.461
2024/04/15 13:31:18 ID: 241, Data: 9C258AFD94FFA8F2, Celsius: 37, A: -6.30, rev/s: -0.300,  rev: -9.489
2024/04/15 13:31:18 ID: 241, Data: 9C2504FE5DFF96F2, Celsius: 37, A: -5.08, rev/s: -0.453,  rev: -9.539
2024/04/15 13:31:18 ID: 241, Data: 9C2566FEF3FF8BF2, Celsius: 37, A: -4.10, rev/s: -0.036,  rev: -9.569
2024/04/15 13:31:18 ID: 241, Data: 9C257DFDC3FF89F2, Celsius: 37, A: -6.43, rev/s: -0.169,  rev: -9.575
2024/04/15 13:31:18 ID: 241, Data: 9C2506FEBEFE75F2, Celsius: 37, A: -5.06, rev/s: -0.894,  rev: -9.631
2024/04/15 13:31:19 ID: 241, Data: 9C2586FF150062F2, Celsius: 37, A: -1.22, rev/s: +0.058,  rev: -9.683
2024/04/15 13:31:19 ID: 241, Data: 9C2548FFD4FF62F2, Celsius: 37, A: -1.84, rev/s: -0.122,  rev: -9.683
2024/04/15 13:31:19 ID: 241, Data: 9C2505FFE0FF58F2, Celsius: 37, A: -2.51, rev/s: -0.089,  rev: -9.711
2024/04/15 13:31:19 ID: 241, Data: 9C25C8FE7FFF4FF2, Celsius: 37, A: -3.12, rev/s: -0.358,  rev: -9.736
2024/04/15 13:31:19 ID: 241, Data: 9C257BFE06FF45F2, Celsius: 37, A: -3.89, rev/s: -0.694,  rev: -9.764
2024/04/15 13:31:19 ID: 241, Data: 9C2506FED7FF39F2, Celsius: 37, A: -5.06, rev/s: -0.114,  rev: -9.797
2024/04/15 13:31:19 ID: 241, Data: 9C257EFD8BFF30F2, Celsius: 37, A: -6.42, rev/s: -0.325,  rev: -9.822
2024/04/15 13:31:19 ID: 241, Data: 9C25F0FC72FF24F2, Celsius: 37, A: -7.84, rev/s: -0.394,  rev: -9.856
2024/04/15 13:31:19 ID: 241, Data: 9C25C1FCA9FF1FF2, Celsius: 37, A: -8.31, rev/s: -0.242,  rev: -9.869
2024/04/15 13:31:19 ID: 241, Data: 9C253CFD50FE0BF2, Celsius: 37, A: -7.08, rev/s: -1.200,  rev: -9.925
2024/04/15 13:31:20 ID: 241, Data: 9C2544FF1101D9F1, Celsius: 37, A: -1.88, rev/s: +0.758,  rev: -10.064
2024/04/15 13:31:20 ID: 241, Data: 9C2578FF9200EEF1, Celsius: 37, A: -1.36, rev/s: +0.406,  rev: -10.006
