2024/04/15 13:40:46 ID: 241, Data: 9C25E0FF6A00F4F1, Celsius: 37, A: -0.32, rev/s: +0.294,  rev: -9.989
2024/04/15 13:40:46 ID: 241, Data: 9C25DCFF560000F2, Celsius: 37, A: -0.36, rev/s: +0.239,  rev: -9.956
2024/04/15 13:40:46 ID: 241, Data: 9C25E1FF54000CF2, Celsius: 37, A: -0.31, rev/s: +0.233,  rev: -9.922
2024/04/15 13:40:46 ID: 241, Data: 9C250B00170016F2, Celsius: 37, A: +0.11, rev/s: +0.064,  rev: -9.894
2024/04/15 13:40:46 ID: 241, Data: 9C25FEFFC10023F2, Celsius: 37, A: -0.02, rev/s: +0.536,  rev: -9.858
2024/04/15 13:40:46 ID: 241, Data: 9C250B0088002EF2, Celsius: 37, A: +0.11, rev/s: +0.378,  rev: -9.828
2024/04/15 13:40:47 ID: 241, Data: 9C253C003D0037F2, Celsius: 37, A: +0.60, rev/s: +0.169,  rev: -9.803
2024/04/15 13:40:47 ID: 241, Data: 9C250D00B40044F2, Celsius: 37, A: +0.13, rev/s: +0.500,  rev: -9.767
2024/04/15 13:40:47 ID: 241, Data: 9C252B0038004FF2, Celsius: 37, A: +0.43, rev/s: +0.156,  rev: -9.736
2024/04/15 13:40:47 ID: 241, Data: 9C252400800059F2, Celsius: 37, A: +0.36, rev/s: +0.356,  rev: -9.708
2024/04/15 13:40:47 ID: 241, Data: 9C250700600066F2, Celsius: 37, A: +0.07, rev/s: +0.267,  rev: -9.672
2024/04/15 13:40:47 ID: 241, Data: 9C251100270070F2, Celsius: 37, A: +0.17, rev/s: +0.108,  rev: -9.644
2024/04/15 13:40:47 ID: 241, Data: 9C2504009E007BF2, Celsius: 37, A: +0.04, rev/s: +0.439,  rev: -9.614
2024/04/15 13:40:47 ID: 241, Data: 9C251F005E0085F2, Celsius: 37, A: +0.31, rev/s: +0.261,  rev: -9.586
2024/04/15 13:40:47 ID: 241, Data: 9C251E00560090F2, Celsius: 37, A: +0.30, rev/s: +0.239,  rev: -9.556
2024/04/15 13:40:47 ID: 241, Data: 9C25170083009CF2, Celsius: 37, A: +0.23, rev/s: +0.364,  rev: -9.522
2024/04/15 13:40:48 ID: 241, Data: 9C2520003400A7F2, Celsius: 37, A: +0.32, rev/s: +0.144,  rev: -9.492
2024/04/15 13:40:48 ID: 241, Data: 9C250C009C00B1F2, Celsius: 37, A: +0.12, rev/s: +0.433,  rev: -9.464
2024/04/15 13:40:48 ID: 241, Data: 9C2505007700BEF2, Celsius: 37, A: +0.05, rev/s: +0.331,  rev: -9.428
2024/04/15 13:40:48 ID: 241, Data: 9C250F007500C8F2, Celsius: 37, A: +0.15, rev/s: +0.325,  rev: -9.400
2024/04/15 13:40:48 ID: 241, Data: 9C250D00AB00D3F2, Celsius: 37, A: +0.13, rev/s: +0.475,  rev: -9.369
2024/04/15 13:40:48 ID: 241, Data: 9C2513004400DEF2, Celsius: 37, A: +0.19, rev/s: +0.189,  rev: -9.339
2024/04/15 13:40:48 ID: 241, Data: 9C250E008100E9F2, Celsius: 37, A: +0.14, rev/s: +0.358,  rev: -9.308
2024/04/15 13:40:48 ID: 241, Data: 9C250A006100F4F2, Celsius: 37, A: +0.10, rev/s: +0.269,  rev: -9.278
2024/04/15 13:40:48 ID: 241, Data: 9C250A002400FFF2, Celsius: 37, A: +0.10, rev/s: +0.100,  rev: -9.247
2024/04/15 13:40:48 ID: 241, Data: 9C25010074000BF3, Celsius: 37, A: +0.01, rev/s: +0.322,  rev: -9.214
2024/04/15 13:40:49 ID: 241, Data: 9C250D006A0016F3, Celsius: 37, A: +0.13, rev/s: +0.294,  rev: -9.183
2024/04/15 13:40:49 ID: 241, Data: 9C251A00890020F3, Celsius: 37, A: +0.26, rev/s: +0.381,  rev: -9.156
2024/04/15 13:40:49 ID: 241, Data: 9C25110067002CF3, Celsius: 37, A: +0.17, rev/s: +0.286,  rev: -9.122
2024/04/15 13:40:49 ID: 241, Data: 9C251E00600036F3, Celsius: 37, A: +0.30, rev/s: +0.267,  rev: -9.094
2024/04/15 13:40:49 ID: 241, Data: 9C251100800042F3, Celsius: 37, A: +0.17, rev/s: +0.356,  rev: -9.061
2024/04/15 13:40:49 ID: 241, Data: 9C25180041004EF3, Celsius: 37, A: +0.24, rev/s: +0.181,  rev: -9.028
2024/04/15 13:40:49 ID: 241, Data: 9C2511005C0058F3, Celsius: 37, A: +0.17, rev/s: +0.256,  rev: -9.000
2024/04/15 13:40:49 ID: 241, Data: 9C2500009F0064F3, Celsius: 37, A: +0.00, rev/s: +0.442,  rev: -8.967
2024/04/15 13:40:49 ID: 241, Data: 9C251A004E006FF3, Celsius: 37, A: +0.26, rev/s: +0.217,  rev: -8.936
2024/04/15 13:40:50 ID: 241, Data: 9C252900880078F3, Celsius: 37, A: +0.41, rev/s: +0.378,  rev: -8.911
2024/04/15 13:40:50 ID: 241, Data: 9C251200750085F3, Celsius: 37, A: +0.18, rev/s: +0.325,  rev: -8.875
2024/04/15 13:40:50 ID: 241, Data: 9C252F0036008FF3, Celsius: 37, A: +0.47, rev/s: +0.150,  rev: -8.847
2024/04/15 13:40:50 ID: 241, Data: 9C250E0093009BF3, Celsius: 37, A: +0.14, rev/s: +0.408,  rev: -8.814
2024/04/15 13:40:50 ID: 241, Data: 9C2531003900A7F3, Celsius: 37, A: +0.49, rev/s: +0.158,  rev: -8.781
2024/04/15 13:40:50 ID: 241, Data: 9C253C004A00B0F3, Celsius: 37, A: +0.60, rev/s: +0.206,  rev: -8.756
2024/04/15 13:40:50 ID: 241, Data: 9C250800B100BDF3, Celsius: 37, A: +0.08, rev/s: +0.492,  rev: -8.719
2024/04/15 13:40:50 ID: 241, Data: 9C252A003D00C7F3, Celsius: 37, A: +0.42, rev/s: +0.169,  rev: -8.692
2024/04/15 13:40:50 ID: 241, Data: 9C251700A500D2F3, Celsius: 37, A: +0.23, rev/s: +0.458,  rev: -8.661
2024/04/15 13:40:50 ID: 241, Data: 9C250F005A00DDF3, Celsius: 37, A: +0.15, rev/s: +0.250,  rev: -8.631
2024/04/15 13:40:51 ID: 241, Data: 9C2518005300E8F3, Celsius: 37, A: +0.24, rev/s: +0.231,  rev: -8.600
2024/04/15 13:40:51 ID: 241, Data: 9C2506007D00F4F3, Celsius: 37, A: +0.06, rev/s: +0.347,  rev: -8.567
2024/04/15 13:40:51 ID: 241, Data: 9C2513004500FFF3, Celsius: 37, A: +0.19, rev/s: +0.192,  rev: -8.536
2024/04/15 13:40:51 ID: 241, Data: 9C251400950009F4, Celsius: 37, A: +0.20, rev/s: +0.414,  rev: -8.508
2024/04/15 13:40:51 ID: 241, Data: 9C250E00630015F4, Celsius: 37, A: +0.14, rev/s: +0.275,  rev: -8.475
2024/04/15 13:40:51 ID: 241, Data: 9C25200061001FF4, Celsius: 37, A: +0.32, rev/s: +0.269,  rev: -8.447
2024/04/15 13:40:51 ID: 241, Data: 9C250C0091002BF4, Celsius: 37, A: +0.12, rev/s: +0.403,  rev: -8.414
2024/04/15 13:40:51 ID: 241, Data: 9C252100120036F4, Celsius: 37, A: +0.33, rev/s: +0.050,  rev: -8.383
2024/04/15 13:40:51 ID: 241, Data: 9C250B004D0041F4, Celsius: 37, A: +0.11, rev/s: +0.214,  rev: -8.353
2024/04/15 13:40:51 ID: 241, Data: 9C25FFFF9B004DF4, Celsius: 37, A: -0.01, rev/s: +0.431,  rev: -8.319
2024/04/15 13:40:52 ID: 241, Data: 9C250A006B0058F4, Celsius: 37, A: +0.10, rev/s: +0.297,  rev: -8.289
2024/04/15 13:40:52 ID: 241, Data: 9C2509009C0062F4, Celsius: 37, A: +0.09, rev/s: +0.433,  rev: -8.261
2024/04/15 13:40:52 ID: 241, Data: 9C25130073006EF4, Celsius: 37, A: +0.19, rev/s: +0.319,  rev: -8.228
2024/04/15 13:40:52 ID: 241, Data: 9C251300860078F4, Celsius: 37, A: +0.19, rev/s: +0.372,  rev: -8.200
2024/04/15 13:40:52 ID: 241, Data: 9C2512006B0084F4, Celsius: 37, A: +0.18, rev/s: +0.297,  rev: -8.167
2024/04/15 13:40:52 ID: 241, Data: 9C2522001F008EF4, Celsius: 37, A: +0.34, rev/s: +0.086,  rev: -8.139
2024/04/15 13:40:52 ID: 241, Data: 9C2505007E009AF4, Celsius: 37, A: +0.05, rev/s: +0.350,  rev: -8.106
2024/04/15 13:40:52 ID: 241, Data: 9C250C007E00A6F4, Celsius: 37, A: +0.12, rev/s: +0.350,  rev: -8.072
2024/04/15 13:40:52 ID: 241, Data: 9C2521006B00B0F4, Celsius: 37, A: +0.33, rev/s: +0.297,  rev: -8.044
2024/04/15 13:40:52 ID: 241, Data: 9C250A009A00BCF4, Celsius: 37, A: +0.10, rev/s: +0.428,  rev: -8.011
2024/04/15 13:40:53 ID: 241, Data: 9C251C002C00C6F4, Celsius: 37, A: +0.28, rev/s: +0.122,  rev: -7.983
2024/04/15 13:40:53 ID: 241, Data: 9C2520006E00D0F4, Celsius: 37, A: +0.32, rev/s: +0.306,  rev: -7.956
2024/04/15 13:40:53 ID: 241, Data: 9C2515004F00DDF4, Celsius: 37, A: +0.21, rev/s: +0.219,  rev: -7.919
2024/04/15 13:40:53 ID: 241, Data: 9C251A003C00E8F4, Celsius: 37, A: +0.26, rev/s: +0.167,  rev: -7.889
2024/04/15 13:40:53 ID: 241, Data: 9C250600C400F3F4, Celsius: 37, A: +0.06, rev/s: +0.544,  rev: -7.858
2024/04/15 13:40:53 ID: 241, Data: 9C2526004200FEF4, Celsius: 37, A: +0.38, rev/s: +0.183,  rev: -7.828
2024/04/15 13:40:53 ID: 241, Data: 9C254B001A0007F5, Celsius: 37, A: +0.75, rev/s: +0.072,  rev: -7.803
2024/04/15 13:40:53 ID: 241, Data: 9C251300860015F5, Celsius: 37, A: +0.19, rev/s: +0.372,  rev: -7.764
2024/04/15 13:40:53 ID: 241, Data: 9C252D0037001FF5, Celsius: 37, A: +0.45, rev/s: +0.153,  rev: -7.736
2024/04/15 13:40:54 ID: 241, Data: 9C251800A00029F5, Celsius: 37, A: +0.24, rev/s: +0.444,  rev: -7.708
2024/04/15 13:40:54 ID: 241, Data: 9C251000310036F5, Celsius: 37, A: +0.16, rev/s: +0.136,  rev: -7.672
2024/04/15 13:40:54 ID: 241, Data: 9C250E006D0041F5, Celsius: 37, A: +0.14, rev/s: +0.303,  rev: -7.642
2024/04/15 13:40:54 ID: 241, Data: 9C2504009D004BF5, Celsius: 37, A: +0.04, rev/s: +0.436,  rev: -7.614
2024/04/15 13:40:54 ID: 241, Data: 9C251B00570056F5, Celsius: 37, A: +0.27, rev/s: +0.242,  rev: -7.583
2024/04/15 13:40:54 ID: 241, Data: 9C2515007A0061F5, Celsius: 37, A: +0.21, rev/s: +0.339,  rev: -7.553
2024/04/15 13:40:54 ID: 241, Data: 9C250E006E006CF5, Celsius: 37, A: +0.14, rev/s: +0.306,  rev: -7.522
2024/04/15 13:40:54 ID: 241, Data: 9C2521004C0077F5, Celsius: 37, A: +0.33, rev/s: +0.211,  rev: -7.492
2024/04/15 13:40:54 ID: 241, Data: 9C250B00930083F5, Celsius: 37, A: +0.11, rev/s: +0.408,  rev: -7.458
2024/04/15 13:40:54 ID: 241, Data: 9C25140066008EF5, Celsius: 37, A: +0.20, rev/s: +0.283,  rev: -7.428
2024/04/15 13:40:55 ID: 241, Data: 9C2511008E0099F5, Celsius: 37, A: +0.17, rev/s: +0.394,  rev: -7.397
2024/04/15 13:40:55 ID: 241, Data: 9C2509009D00A5F5, Celsius: 37, A: +0.09, rev/s: +0.436,  rev: -7.364
2024/04/15 13:40:55 ID: 241, Data: 9C2538005600AEF5, Celsius: 37, A: +0.56, rev/s: +0.239,  rev: -7.339
2024/04/15 13:40:55 ID: 241, Data: 9C2569010A00B1F5, Celsius: 37, A: +3.61, rev/s: +0.028,  rev: -7.331
2024/04/15 13:40:55 ID: 241, Data: 9C252800CF03CDF5, Celsius: 37, A: +0.40, rev/s: +2.708,  rev: -7.253
2024/04/15 13:40:55 ID: 241, Data: 9C25C7FF0500D7F5, Celsius: 37, A: -0.57, rev/s: +0.014,  rev: -7.225
2024/04/15 13:40:55 ID: 241, Data: 9C251B008400DAF5, Celsius: 37, A: +0.27, rev/s: +0.367,  rev: -7.217
2024/04/15 13:40:55 ID: 241, Data: 9C252E006700E7F5, Celsius: 37, A: +0.46, rev/s: +0.286,  rev: -7.181
2024/04/15 13:40:55 ID: 241, Data: 9C251B008C00F2F5, Celsius: 37, A: +0.27, rev/s: +0.389,  rev: -7.150
2024/04/15 13:40:55 ID: 241, Data: 9C2516007900FDF5, Celsius: 37, A: +0.22, rev/s: +0.336,  rev: -7.119
2024/04/15 13:40:56 ID: 241, Data: 9C252D003D0007F6, Celsius: 37, A: +0.45, rev/s: +0.169,  rev: -7.092
2024/04/15 13:40:56 ID: 241, Data: 9C261100960013F6, Celsius: 38, A: +0.17, rev/s: +0.417,  rev: -7.058
2024/04/15 13:40:56 ID: 241, Data: 9C251E0025001FF6, Celsius: 37, A: +0.30, rev/s: +0.103,  rev: -7.025
2024/04/15 13:40:56 ID: 241, Data: 9C251500510029F6, Celsius: 37, A: +0.21, rev/s: +0.225,  rev: -6.997
2024/04/15 13:40:56 ID: 241, Data: 9C2511001E0133F6, Celsius: 37, A: +0.17, rev/s: +0.794,  rev: -6.969
2024/04/15 13:40:56 ID: 241, Data: 9C253F002D0040F6, Celsius: 37, A: +0.63, rev/s: +0.125,  rev: -6.933
2024/04/15 13:40:56 ID: 241, Data: 9C252100DB004AF6, Celsius: 37, A: +0.33, rev/s: +0.608,  rev: -6.906
2024/04/15 13:40:56 ID: 241, Data: 9C252A00390056F6, Celsius: 37, A: +0.42, rev/s: +0.158,  rev: -6.872
2024/04/15 13:40:56 ID: 241, Data: 9C25450043005FF6, Celsius: 37, A: +0.69, rev/s: +0.186,  rev: -6.847
2024/04/15 13:40:56 ID: 241, Data: 9C251B0089006DF6, Celsius: 37, A: +0.27, rev/s: +0.381,  rev: -6.808
2024/04/15 13:40:57 ID: 241, Data: 9C253500390078F6, Celsius: 37, A: +0.53, rev/s: +0.158,  rev: -6.778
2024/04/15 13:40:57 ID: 241, Data: 9C252800970081F6, Celsius: 37, A: +0.40, rev/s: +0.419,  rev: -6.753
2024/04/15 13:40:57 ID: 241, Data: 9C251E005C008EF6, Celsius: 37, A: +0.30, rev/s: +0.256,  rev: -6.717
2024/04/15 13:40:57 ID: 241, Data: 9C252600510098F6, Celsius: 37, A: +0.38, rev/s: +0.225,  rev: -6.689
2024/04/15 13:40:57 ID: 241, Data: 9C255A003E00A1F6, Celsius: 37, A: +0.90, rev/s: +0.172,  rev: -6.664
2024/04/15 13:40:57 ID: 241, Data: 9C2529008200AFF6, Celsius: 37, A: +0.41, rev/s: +0.361,  rev: -6.625
2024/04/15 13:40:57 ID: 241, Data: 9C2542001600B9F6, Celsius: 37, A: +0.66, rev/s: +0.061,  rev: -6.597
2024/04/15 13:40:57 ID: 241, Data: 9C251A00A500C5F6, Celsius: 37, A: +0.26, rev/s: +0.458,  rev: -6.564
2024/04/15 13:40:57 ID: 241, Data: 9C2524005300D0F6, Celsius: 37, A: +0.36, rev/s: +0.231,  rev: -6.533
2024/04/15 13:40:58 ID: 241, Data: 9C2514008C00DBF6, Celsius: 37, A: +0.20, rev/s: +0.389,  rev: -6.503
2024/04/15 13:40:58 ID: 241, Data: 9C2525006600E6F6, Celsius: 37, A: +0.37, rev/s: +0.283,  rev: -6.472
2024/04/15 13:40:58 ID: 241, Data: 9C252F005000F0F6, Celsius: 37, A: +0.47, rev/s: +0.222,  rev: -6.444
2024/04/15 13:40:58 ID: 241, Data: 9C2516007800FCF6, Celsius: 37, A: +0.22, rev/s: +0.333,  rev: -6.411
2024/04/15 13:40:58 ID: 241, Data: 9C252900440006F7, Celsius: 37, A: +0.41, rev/s: +0.189,  rev: -6.383
2024/04/15 13:40:58 ID: 241, Data: 9C254E00330011F7, Celsius: 37, A: +0.78, rev/s: +0.142,  rev: -6.353
2024/04/15 13:40:58 ID: 241, Data: 9C252700F8001CF7, Celsius: 37, A: +0.39, rev/s: +0.689,  rev: -6.322
2024/04/15 13:40:58 ID: 241, Data: 9C252C00250029F7, Celsius: 37, A: +0.44, rev/s: +0.103,  rev: -6.286
2024/04/15 13:40:58 ID: 241, Data: 9C2519008E0034F7, Celsius: 37, A: +0.25, rev/s: +0.394,  rev: -6.256
2024/04/15 13:40:58 ID: 241, Data: 9C25E100080038F7, Celsius: 37, A: +2.25, rev/s: +0.022,  rev: -6.244
2024/04/15 13:40:59 ID: 241, Data: 9C259801450043F7, Celsius: 37, A: +4.08, rev/s: +0.192,  rev: -6.214
2024/04/15 13:40:59 ID: 241, Data: 9C25F3FFF8FE63F7, Celsius: 37, A: -0.13, rev/s: -0.733,  rev: -6.125
2024/04/15 13:40:59 ID: 241, Data: 9C250100350060F7, Celsius: 37, A: +0.01, rev/s: +0.147,  rev: -6.133
2024/04/15 13:40:59 ID: 241, Data: 9C25090080006BF7, Celsius: 37, A: +0.09, rev/s: +0.356,  rev: -6.103
2024/04/15 13:40:59 ID: 241, Data: 9C250E006E0076F7, Celsius: 37, A: +0.14, rev/s: +0.306,  rev: -6.072
2024/04/15 13:40:59 ID: 241, Data: 9C251700720080F7, Celsius: 37, A: +0.23, rev/s: +0.317,  rev: -6.044
2024/04/15 13:40:59 ID: 241, Data: 9C250C0080008CF7, Celsius: 37, A: +0.12, rev/s: +0.356,  rev: -6.011
2024/04/15 13:40:59 ID: 241, Data: 9C261E00360097F7, Celsius: 38, A: +0.30, rev/s: +0.150,  rev: -5.981
2024/04/15 13:40:59 ID: 241, Data: 9C251D007E00A1F7, Celsius: 37, A: +0.29, rev/s: +0.350,  rev: -5.953
2024/04/15 13:40:59 ID: 241, Data: 9C2522003C00ADF7, Celsius: 37, A: +0.34, rev/s: +0.167,  rev: -5.919
2024/04/15 13:41:00 ID: 241, Data: 9C2525004600B8F7, Celsius: 37, A: +0.37, rev/s: +0.194,  rev: -5.889
2024/04/15 13:41:00 ID: 241, Data: 9C251200BE00C4F7, Celsius: 37, A: +0.18, rev/s: +0.528,  rev: -5.856
2024/04/15 13:41:00 ID: 241, Data: 9C252F004700CFF7, Celsius: 37, A: +0.47, rev/s: +0.197,  rev: -5.825
2024/04/15 13:41:00 ID: 241, Data: 9C2547004600D8F7, Celsius: 37, A: +0.71, rev/s: +0.194,  rev: -5.800
2024/04/15 13:41:00 ID: 241, Data: 9C251E006800E6F7, Celsius: 37, A: +0.30, rev/s: +0.289,  rev: -5.761
2024/04/15 13:41:00 ID: 241, Data: 9C252F003900F0F7, Celsius: 37, A: +0.47, rev/s: +0.158,  rev: -5.733
2024/04/15 13:41:00 ID: 241, Data: 9C251300AD00FBF7, Celsius: 37, A: +0.19, rev/s: +0.481,  rev: -5.703
2024/04/15 13:41:00 ID: 241, Data: 9C251D00100006F8, Celsius: 37, A: +0.29, rev/s: +0.044,  rev: -5.672
2024/04/15 13:41:00 ID: 241, Data: 9C250E00760011F8, Celsius: 37, A: +0.14, rev/s: +0.328,  rev: -5.642
2024/04/15 13:41:00 ID: 241, Data: 9C259A00000018F8, Celsius: 37, A: +1.54, rev/s: +0.000,  rev: -5.622
2024/04/15 13:41:01 ID: 241, Data: 9C2515029F001BF8, Celsius: 37, A: +5.33, rev/s: +0.442,  rev: -5.614
2024/04/15 13:41:01 ID: 241, Data: 9C250400D8FE3BF8, Celsius: 37, A: +0.04, rev/s: -0.822,  rev: -5.525
2024/04/15 13:41:01 ID: 241, Data: 9C25290036003EF8, Celsius: 37, A: +0.41, rev/s: +0.150,  rev: -5.517
2024/04/15 13:41:01 ID: 241, Data: 9C252A004A0048F8, Celsius: 37, A: +0.42, rev/s: +0.206,  rev: -5.489
2024/04/15 13:41:01 ID: 241, Data: 9C250E00720054F8, Celsius: 37, A: +0.14, rev/s: +0.317,  rev: -5.456
2024/04/15 13:41:01 ID: 241, Data: 9C250E0020005FF8, Celsius: 37, A: +0.14, rev/s: +0.089,  rev: -5.425
2024/04/15 13:41:01 ID: 241, Data: 9C2608007A006AF8, Celsius: 38, A: +0.08, rev/s: +0.339,  rev: -5.394
2024/04/15 13:41:01 ID: 241, Data: 9C250500A30075F8, Celsius: 37, A: +0.05, rev/s: +0.453,  rev: -5.364
2024/04/15 13:41:01 ID: 241, Data: 9C261100470080F8, Celsius: 38, A: +0.17, rev/s: +0.197,  rev: -5.333
2024/04/15 13:41:02 ID: 241, Data: 9C250F006B008AF8, Celsius: 37, A: +0.15, rev/s: +0.297,  rev: -5.306
2024/04/15 13:41:02 ID: 241, Data: 9C2572005E0093F8, Celsius: 37, A: +1.14, rev/s: +0.261,  rev: -5.281
2024/04/15 13:41:02 ID: 241, Data: 9C259B01AD0098F8, Celsius: 37, A: +4.11, rev/s: +0.481,  rev: -5.267
2024/04/15 13:41:02 ID: 241, Data: 9C25FDFF53FFB3F8, Celsius: 37, A: -0.03, rev/s: -0.481,  rev: -5.192
2024/04/15 13:41:02 ID: 241, Data: 9C250C002300B8F8, Celsius: 37, A: +0.12, rev/s: +0.097,  rev: -5.178
2024/04/15 13:41:02 ID: 241, Data: 9C2600008A00C4F8, Celsius: 38, A: +0.00, rev/s: +0.383,  rev: -5.144
2024/04/15 13:41:02 ID: 241, Data: 9C250D007D00CEF8, Celsius: 37, A: +0.13, rev/s: +0.347,  rev: -5.117
2024/04/15 13:41:02 ID: 241, Data: 9C2510008000D8F8, Celsius: 37, A: +0.16, rev/s: +0.356,  rev: -5.089
2024/04/15 13:41:02 ID: 241, Data: 9C2500003500E4F8, Celsius: 37, A: +0.00, rev/s: +0.147,  rev: -5.056
2024/04/15 13:41:02 ID: 241, Data: 9C26FFFF5500EEF8, Celsius: 38, A: -0.01, rev/s: +0.236,  rev: -5.028
2024/04/15 13:41:03 ID: 241, Data: 9C25F5FF6200FAF8, Celsius: 37, A: -0.11, rev/s: +0.272,  rev: -4.994
2024/04/15 13:41:03 ID: 241, Data: 9C25EDFF610006F9, Celsius: 37, A: -0.19, rev/s: +0.269,  rev: -4.961
2024/04/15 13:41:03 ID: 241, Data: 9C25EAFF740011F9, Celsius: 37, A: -0.22, rev/s: +0.322,  rev: -4.931
2024/04/15 13:41:03 ID: 241, Data: 9C250300BE001AF9, Celsius: 37, A: +0.03, rev/s: +0.528,  rev: -4.906
2024/04/15 13:41:03 ID: 241, Data: 9C250800450026F9, Celsius: 37, A: +0.08, rev/s: +0.192,  rev: -4.872
2024/04/15 13:41:03 ID: 241, Data: 9C25F9FF6E0032F9, Celsius: 37, A: -0.07, rev/s: +0.306,  rev: -4.839
2024/04/15 13:41:03 ID: 241, Data: 9C26FAFF3F003DF9, Celsius: 38, A: -0.06, rev/s: +0.175,  rev: -4.808
2024/04/15 13:41:03 ID: 241, Data: 9C261E002C0047F9, Celsius: 38, A: +0.30, rev/s: +0.122,  rev: -4.781
2024/04/15 13:41:03 ID: 241, Data: 9C251800A40051F9, Celsius: 37, A: +0.24, rev/s: +0.456,  rev: -4.753
2024/04/15 13:41:03 ID: 241, Data: 9C25180060005FF9, Celsius: 37, A: +0.24, rev/s: +0.267,  rev: -4.714
2024/04/15 13:41:04 ID: 241, Data: 9C261500590069F9, Celsius: 38, A: +0.21, rev/s: +0.247,  rev: -4.686
2024/04/15 13:41:04 ID: 241, Data: 9C260600840074F9, Celsius: 38, A: +0.06, rev/s: +0.367,  rev: -4.656
2024/04/15 13:41:04 ID: 241, Data: 9C2500005D007FF9, Celsius: 37, A: +0.00, rev/s: +0.258,  rev: -4.625
2024/04/15 13:41:04 ID: 241, Data: 9C25F3FF45008AF9, Celsius: 37, A: -0.13, rev/s: +0.192,  rev: -4.594
2024/04/15 13:41:04 ID: 241, Data: 9C26ECFF520095F9, Celsius: 38, A: -0.20, rev/s: +0.228,  rev: -4.564
2024/04/15 13:41:04 ID: 241, Data: 9C26EEFF6A00A0F9, Celsius: 38, A: -0.18, rev/s: +0.294,  rev: -4.533
2024/04/15 13:41:04 ID: 241, Data: 9C26E7FF7D00ABF9, Celsius: 38, A: -0.25, rev/s: +0.347,  rev: -4.503
2024/04/15 13:41:04 ID: 241, Data: 9C25F9FF3200B6F9, Celsius: 37, A: -0.07, rev/s: +0.139,  rev: -4.472
2024/04/15 13:41:04 ID: 241, Data: 9C2503005D00C1F9, Celsius: 37, A: +0.03, rev/s: +0.258,  rev: -4.442
2024/04/15 13:41:04 ID: 241, Data: 9C2607008700CCF9, Celsius: 38, A: +0.07, rev/s: +0.375,  rev: -4.411
2024/04/15 13:41:05 ID: 241, Data: 9C2515005B00D6F9, Celsius: 37, A: +0.21, rev/s: +0.253,  rev: -4.383
2024/04/15 13:41:05 ID: 241, Data: 9C26FFFF3C00E2F9, Celsius: 38, A: -0.01, rev/s: +0.167,  rev: -4.350
2024/04/15 13:41:05 ID: 241, Data: 9C26EFFF4100EEF9, Celsius: 38, A: -0.17, rev/s: +0.181,  rev: -4.317
2024/04/15 13:41:05 ID: 241, Data: 9C26E7FF5800F9F9, Celsius: 38, A: -0.25, rev/s: +0.244,  rev: -4.286
2024/04/15 13:41:05 ID: 241, Data: 9C25EBFF7D0004FA, Celsius: 37, A: -0.21, rev/s: +0.347,  rev: -4.256
2024/04/15 13:41:05 ID: 241, Data: 9C25F0FF67000FFA, Celsius: 37, A: -0.16, rev/s: +0.286,  rev: -4.225
2024/04/15 13:41:05 ID: 241, Data: 9C26FDFFA10019FA, Celsius: 38, A: -0.03, rev/s: +0.447,  rev: -4.197
2024/04/15 13:41:05 ID: 241, Data: 9C25FAFF6F0024FA, Celsius: 37, A: -0.06, rev/s: +0.308,  rev: -4.167
2024/04/15 13:41:05 ID: 241, Data: 9C25FFFF4D002FFA, Celsius: 37, A: -0.01, rev/s: +0.214,  rev: -4.136
2024/04/15 13:41:06 ID: 241, Data: 9C25F4FF5D003BFA, Celsius: 37, A: -0.12, rev/s: +0.258,  rev: -4.103
2024/04/15 13:41:06 ID: 241, Data: 9C25F5FF6B0047FA, Celsius: 37, A: -0.11, rev/s: +0.297,  rev: -4.069
2024/04/15 13:41:06 ID: 241, Data: 9C2500008B0051FA, Celsius: 37, A: +0.00, rev/s: +0.386,  rev: -4.042
2024/04/15 13:41:06 ID: 241, Data: 9C26FEFF90005DFA, Celsius: 38, A: -0.02, rev/s: +0.400,  rev: -4.008
2024/04/15 13:41:06 ID: 241, Data: 9C260B00420067FA, Celsius: 38, A: +0.11, rev/s: +0.183,  rev: -3.981
2024/04/15 13:41:06 ID: 241, Data: 9C2508009F0072FA, Celsius: 37, A: +0.08, rev/s: +0.442,  rev: -3.950
2024/04/15 13:41:06 ID: 241, Data: 9C25030034007DFA, Celsius: 37, A: +0.03, rev/s: +0.144,  rev: -3.919
2024/04/15 13:41:06 ID: 241, Data: 9C2505003E0088FA, Celsius: 37, A: +0.05, rev/s: +0.172,  rev: -3.889
2024/04/15 13:41:06 ID: 241, Data: 9C25F0FF800095FA, Celsius: 37, A: -0.16, rev/s: +0.356,  rev: -3.853
2024/04/15 13:41:06 ID: 241, Data: 9C26000039009FFA, Celsius: 38, A: +0.00, rev/s: +0.158,  rev: -3.825
2024/04/15 13:41:07 ID: 241, Data: 9C2521005800A8FA, Celsius: 37, A: +0.33, rev/s: +0.244,  rev: -3.800
2024/04/15 13:41:07 ID: 241, Data: 9C25FEFF6300B6FA, Celsius: 37, A: -0.02, rev/s: +0.275,  rev: -3.761
2024/04/15 13:41:07 ID: 241, Data: 9C2519002B00BFFA, Celsius: 37, A: +0.25, rev/s: +0.119,  rev: -3.736
2024/04/15 13:41:07 ID: 241, Data: 9C260600BF00CBFA, Celsius: 38, A: +0.06, rev/s: +0.531,  rev: -3.703
2024/04/15 13:41:07 ID: 241, Data: 9C2500002C00D6FA, Celsius: 37, A: +0.00, rev/s: +0.122,  rev: -3.672
2024/04/15 13:41:07 ID: 241, Data: 9C25EBFF5D00E2FA, Celsius: 37, A: -0.21, rev/s: +0.258,  rev: -3.639
2024/04/15 13:41:07 ID: 241, Data: 9C25E7FF7B00EDFA, Celsius: 37, A: -0.25, rev/s: +0.342,  rev: -3.608
2024/04/15 13:41:07 ID: 241, Data: 9C26EFFF5D00F7FA, Celsius: 38, A: -0.17, rev/s: +0.258,  rev: -3.581
2024/04/15 13:41:07 ID: 241, Data: 9C25F7FF7A0002FB, Celsius: 37, A: -0.09, rev/s: +0.339,  rev: -3.550
2024/04/15 13:41:07 ID: 241, Data: 9C26E7FF5C000EFB, Celsius: 38, A: -0.25, rev/s: +0.256,  rev: -3.517
2024/04/15 13:41:08 ID: 241, Data: 9C260000370017FB, Celsius: 38, A: +0.00, rev/s: +0.153,  rev: -3.492
2024/04/15 13:41:08 ID: 241, Data: 9C25FCFF9C0023FB, Celsius: 37, A: -0.04, rev/s: +0.433,  rev: -3.458
2024/04/15 13:41:08 ID: 241, Data: 9C2503003E002FFB, Celsius: 37, A: +0.03, rev/s: +0.172,  rev: -3.425
2024/04/15 13:41:08 ID: 241, Data: 9C25FFFF92003AFB, Celsius: 37, A: -0.01, rev/s: +0.406,  rev: -3.394
2024/04/15 13:41:08 ID: 241, Data: 9C26FAFF8F0046FB, Celsius: 38, A: -0.06, rev/s: +0.397,  rev: -3.361
2024/04/15 13:41:08 ID: 241, Data: 9C25F5FF900050FB, Celsius: 37, A: -0.11, rev/s: +0.400,  rev: -3.333
2024/04/15 13:41:08 ID: 241, Data: 9C26EEFF73005BFB, Celsius: 38, A: -0.18, rev/s: +0.319,  rev: -3.303
2024/04/15 13:41:08 ID: 241, Data: 9C25E3FF730066FB, Celsius: 37, A: -0.29, rev/s: +0.319,  rev: -3.272
2024/04/15 13:41:08 ID: 241, Data: 9C25DEFF6B0071FB, Celsius: 37, A: -0.34, rev/s: +0.297,  rev: -3.242
2024/04/15 13:41:08 ID: 241, Data: 9C25D8FF37007CFB, Celsius: 37, A: -0.40, rev/s: +0.153,  rev: -3.211
2024/04/15 13:41:09 ID: 241, Data: 9C25E2FF6E0087FB, Celsius: 37, A: -0.30, rev/s: +0.306,  rev: -3.181
2024/04/15 13:41:09 ID: 241, Data: 9C25DFFF890092FB, Celsius: 37, A: -0.33, rev/s: +0.381,  rev: -3.150
2024/04/15 13:41:09 ID: 241, Data: 9C25050053009CFB, Celsius: 37, A: +0.05, rev/s: +0.231,  rev: -3.122
2024/04/15 13:41:09 ID: 241, Data: 9C2511009500A7FB, Celsius: 37, A: +0.17, rev/s: +0.414,  rev: -3.092
2024/04/15 13:41:09 ID: 241, Data: 9C2503008900B3FB, Celsius: 37, A: +0.03, rev/s: +0.381,  rev: -3.058
2024/04/15 13:41:09 ID: 241, Data: 9C2500004900BFFB, Celsius: 37, A: +0.00, rev/s: +0.203,  rev: -3.025
2024/04/15 13:41:09 ID: 241, Data: 9C25EAFF5D00CAFB, Celsius: 37, A: -0.22, rev/s: +0.258,  rev: -2.994
2024/04/15 13:41:09 ID: 241, Data: 9C25DBFF6B00D5FB, Celsius: 37, A: -0.37, rev/s: +0.297,  rev: -2.964
2024/04/15 13:41:09 ID: 241, Data: 9C25DDFF8800E0FB, Celsius: 37, A: -0.35, rev/s: +0.378,  rev: -2.933
2024/04/15 13:41:10 ID: 241, Data: 9C26E8FFB300EAFB, Celsius: 38, A: -0.24, rev/s: +0.497,  rev: -2.906
2024/04/15 13:41:10 ID: 241, Data: 9C25E7FF4F00F6FB, Celsius: 37, A: -0.25, rev/s: +0.219,  rev: -2.872
2024/04/15 13:41:10 ID: 241, Data: 9C2603002B00FFFB, Celsius: 38, A: +0.03, rev/s: +0.119,  rev: -2.847
2024/04/15 13:41:10 ID: 241, Data: 9C26FCFF79000CFC, Celsius: 38, A: -0.04, rev/s: +0.336,  rev: -2.811
2024/04/15 13:41:10 ID: 241, Data: 9C262200280017FC, Celsius: 38, A: +0.34, rev/s: +0.111,  rev: -2.781
2024/04/15 13:41:10 ID: 241, Data: 9C25FCFFC70022FC, Celsius: 37, A: -0.04, rev/s: +0.553,  rev: -2.750
2024/04/15 13:41:10 ID: 241, Data: 9C2603004A002FFC, Celsius: 38, A: +0.03, rev/s: +0.206,  rev: -2.714
2024/04/15 13:41:10 ID: 241, Data: 9C2504004B0039FC, Celsius: 37, A: +0.04, rev/s: +0.208,  rev: -2.686
2024/04/15 13:41:10 ID: 241, Data: 9C26FDFFAF0043FC, Celsius: 38, A: -0.03, rev/s: +0.486,  rev: -2.658
2024/04/15 13:41:10 ID: 241, Data: 9C25F3FF95004EFC, Celsius: 37, A: -0.13, rev/s: +0.414,  rev: -2.628
2024/04/15 13:41:11 ID: 241, Data: 9C25E4FF64005AFC, Celsius: 37, A: -0.28, rev/s: +0.278,  rev: -2.594
2024/04/15 13:41:11 ID: 241, Data: 9C25EBFF620065FC, Celsius: 37, A: -0.21, rev/s: +0.272,  rev: -2.564
2024/04/15 13:41:11 ID: 241, Data: 9C25F5FF56006FFC, Celsius: 37, A: -0.11, rev/s: +0.239,  rev: -2.536
2024/04/15 13:41:11 ID: 241, Data: 9C25ECFF91007BFC, Celsius: 37, A: -0.20, rev/s: +0.403,  rev: -2.503
2024/04/15 13:41:11 ID: 241, Data: 9C25F9FF750086FC, Celsius: 37, A: -0.07, rev/s: +0.325,  rev: -2.472
2024/04/15 13:41:11 ID: 241, Data: 9C25FFFF740091FC, Celsius: 37, A: -0.01, rev/s: +0.322,  rev: -2.442
2024/04/15 13:41:11 ID: 241, Data: 9C2500007D009CFC, Celsius: 37, A: +0.00, rev/s: +0.347,  rev: -2.411
2024/04/15 13:41:11 ID: 241, Data: 9C2509005100A6FC, Celsius: 37, A: +0.09, rev/s: +0.225,  rev: -2.383
2024/04/15 13:41:11 ID: 241, Data: 9C2500004900B2FC, Celsius: 37, A: +0.00, rev/s: +0.203,  rev: -2.350
2024/04/15 13:41:11 ID: 241, Data: 9C26FBFF4200BEFC, Celsius: 38, A: -0.05, rev/s: +0.183,  rev: -2.317
2024/04/15 13:41:12 ID: 241, Data: 9C26F8FF5100C9FC, Celsius: 38, A: -0.08, rev/s: +0.225,  rev: -2.286
2024/04/15 13:41:12 ID: 241, Data: 9C25FDFF7300D4FC, Celsius: 37, A: -0.03, rev/s: +0.319,  rev: -2.256
2024/04/15 13:41:12 ID: 241, Data: 9C2510004800DEFC, Celsius: 37, A: +0.16, rev/s: +0.200,  rev: -2.228
2024/04/15 13:41:12 ID: 241, Data: 9C250000C400EAFC, Celsius: 37, A: +0.00, rev/s: +0.544,  rev: -2.194
2024/04/15 13:41:12 ID: 241, Data: 9C25F8FF7C00F5FC, Celsius: 37, A: -0.08, rev/s: +0.344,  rev: -2.164
2024/04/15 13:41:12 ID: 241, Data: 9C25D5FF6D0000FD, Celsius: 37, A: -0.43, rev/s: +0.303,  rev: -2.133
2024/04/15 13:41:12 ID: 241, Data: 9C25D7FF55000BFD, Celsius: 37, A: -0.41, rev/s: +0.236,  rev: -2.103
2024/04/15 13:41:12 ID: 241, Data: 9C25D9FF5B0016FD, Celsius: 37, A: -0.39, rev/s: +0.253,  rev: -2.072
2024/04/15 13:41:12 ID: 241, Data: 9C25F4FF540020FD, Celsius: 37, A: -0.12, rev/s: +0.233,  rev: -2.044
2024/04/15 13:41:12 ID: 241, Data: 9C26EAFF78002CFD, Celsius: 38, A: -0.22, rev/s: +0.333,  rev: -2.011
2024/04/15 13:41:13 ID: 241, Data: 9C25FAFF490037FD, Celsius: 37, A: -0.06, rev/s: +0.203,  rev: -1.981
2024/04/15 13:41:13 ID: 241, Data: 9C25F0FF920042FD, Celsius: 37, A: -0.16, rev/s: +0.406,  rev: -1.950
2024/04/15 13:41:13 ID: 241, Data: 9C25F9FF32004DFD, Celsius: 37, A: -0.07, rev/s: +0.139,  rev: -1.919
2024/04/15 13:41:13 ID: 241, Data: 9C260700660058FD, Celsius: 38, A: +0.07, rev/s: +0.283,  rev: -1.889
2024/04/15 13:41:13 ID: 241, Data: 9C25EBFF680065FD, Celsius: 37, A: -0.21, rev/s: +0.289,  rev: -1.853
2024/04/15 13:41:13 ID: 241, Data: 9C25F6FF78006EFD, Celsius: 37, A: -0.10, rev/s: +0.333,  rev: -1.828
2024/04/15 13:41:13 ID: 241, Data: 9C26DBFF9C007AFD, Celsius: 38, A: -0.37, rev/s: +0.433,  rev: -1.794
2024/04/15 13:41:13 ID: 241, Data: 9C25EEFF7A0085FD, Celsius: 37, A: -0.18, rev/s: +0.339,  rev: -1.764
2024/04/15 13:41:13 ID: 241, Data: 9C25FCFF5E0090FD, Celsius: 37, A: -0.04, rev/s: +0.261,  rev: -1.733
2024/04/15 13:41:14 ID: 241, Data: 9C25FFFFA4009AFD, Celsius: 37, A: -0.01, rev/s: +0.456,  rev: -1.706
2024/04/15 13:41:14 ID: 241, Data: 9C25F1FF5500A6FD, Celsius: 37, A: -0.15, rev/s: +0.236,  rev: -1.672
2024/04/15 13:41:14 ID: 241, Data: 9C26E0FF6500B2FD, Celsius: 38, A: -0.32, rev/s: +0.281,  rev: -1.639
2024/04/15 13:41:14 ID: 241, Data: 9C25EBFF8F00BCFD, Celsius: 37, A: -0.21, rev/s: +0.397,  rev: -1.611
2024/04/15 13:41:14 ID: 241, Data: 9C25F4FF6A00C7FD, Celsius: 37, A: -0.12, rev/s: +0.294,  rev: -1.581
2024/04/15 13:41:14 ID: 241, Data: 9C26F3FF6300D2FD, Celsius: 38, A: -0.13, rev/s: +0.275,  rev: -1.550
2024/04/15 13:41:14 ID: 241, Data: 9C26E3FF6500DEFD, Celsius: 38, A: -0.29, rev/s: +0.281,  rev: -1.517
2024/04/15 13:41:14 ID: 241, Data: 9C26EEFF6500E8FD, Celsius: 38, A: -0.18, rev/s: +0.281,  rev: -1.489
2024/04/15 13:41:14 ID: 241, Data: 9C25EBFF5F00F4FD, Celsius: 37, A: -0.21, rev/s: +0.264,  rev: -1.456
2024/04/15 13:41:14 ID: 241, Data: 9C25ECFF5300FFFD, Celsius: 37, A: -0.20, rev/s: +0.231,  rev: -1.425
2024/04/15 13:41:15 ID: 241, Data: 9C25EDFF93000AFE, Celsius: 37, A: -0.19, rev/s: +0.408,  rev: -1.394
2024/04/15 13:41:15 ID: 241, Data: 9C25EEFF900015FE, Celsius: 37, A: -0.18, rev/s: +0.400,  rev: -1.364
2024/04/15 13:41:15 ID: 241, Data: 9C26F9FF4E0020FE, Celsius: 38, A: -0.07, rev/s: +0.217,  rev: -1.333
2024/04/15 13:41:15 ID: 241, Data: 9C26E9FF61002BFE, Celsius: 38, A: -0.23, rev/s: +0.269,  rev: -1.303
2024/04/15 13:41:15 ID: 241, Data: 9C25E2FF780036FE, Celsius: 37, A: -0.30, rev/s: +0.333,  rev: -1.272
2024/04/15 13:41:15 ID: 241, Data: 9C25E8FF4E0041FE, Celsius: 37, A: -0.24, rev/s: +0.217,  rev: -1.242
2024/04/15 13:41:15 ID: 241, Data: 9C25E3FF6F004DFE, Celsius: 37, A: -0.29, rev/s: +0.308,  rev: -1.208
2024/04/15 13:41:15 ID: 241, Data: 9C25D8FF720058FE, Celsius: 37, A: -0.40, rev/s: +0.317,  rev: -1.178
2024/04/15 13:41:15 ID: 241, Data: 9C25DFFF840063FE, Celsius: 37, A: -0.33, rev/s: +0.367,  rev: -1.147
2024/04/15 13:41:15 ID: 241, Data: 9C26EFFF58006DFE, Celsius: 38, A: -0.17, rev/s: +0.244,  rev: -1.119
2024/04/15 13:41:16 ID: 241, Data: 9C25FAFF5F0078FE, Celsius: 37, A: -0.06, rev/s: +0.264,  rev: -1.089
2024/04/15 13:41:16 ID: 241, Data: 9C25FBFF460084FE, Celsius: 37, A: -0.05, rev/s: +0.194,  rev: -1.056
2024/04/15 13:41:16 ID: 241, Data: 9C25F6FF50008FFE, Celsius: 37, A: -0.10, rev/s: +0.222,  rev: -1.025
2024/04/15 13:41:16 ID: 241, Data: 9C26ECFF79009BFE, Celsius: 38, A: -0.20, rev/s: +0.336,  rev: -0.992
2024/04/15 13:41:16 ID: 241, Data: 9C25EAFF7900A6FE, Celsius: 37, A: -0.22, rev/s: +0.336,  rev: -0.961
2024/04/15 13:41:16 ID: 241, Data: 9C25DDFF6300B1FE, Celsius: 37, A: -0.35, rev/s: +0.275,  rev: -0.931
2024/04/15 13:41:16 ID: 241, Data: 9C25F2FFB300BBFE, Celsius: 37, A: -0.14, rev/s: +0.497,  rev: -0.903
2024/04/15 13:41:16 ID: 241, Data: 9C25ECFF4D00C6FE, Celsius: 37, A: -0.20, rev/s: +0.214,  rev: -0.872
2024/04/15 13:41:16 ID: 241, Data: 9C25E7FF7600D2FE, Celsius: 37, A: -0.25, rev/s: +0.328,  rev: -0.839
2024/04/15 13:41:16 ID: 241, Data: 9C25E8FF7C00DDFE, Celsius: 37, A: -0.24, rev/s: +0.344,  rev: -0.808
2024/04/15 13:41:17 ID: 241, Data: 9C25FBFF6300E8FE, Celsius: 37, A: -0.05, rev/s: +0.275,  rev: -0.778
2024/04/15 13:41:17 ID: 241, Data: 9C260500AA00F2FE, Celsius: 38, A: +0.05, rev/s: +0.472,  rev: -0.750
2024/04/15 13:41:17 ID: 241, Data: 9C25FFFF1200FFFE, Celsius: 37, A: -0.01, rev/s: +0.050,  rev: -0.714
2024/04/15 13:41:17 ID: 241, Data: 9C25E9FF90000AFF, Celsius: 37, A: -0.23, rev/s: +0.400,  rev: -0.683
2024/04/15 13:41:17 ID: 241, Data: 9C26F5FF8B0015FF, Celsius: 38, A: -0.11, rev/s: +0.386,  rev: -0.653
2024/04/15 13:41:17 ID: 241, Data: 9C25FCFF3F001FFF, Celsius: 37, A: -0.04, rev/s: +0.175,  rev: -0.625
2024/04/15 13:41:17 ID: 241, Data: 9C26EAFF6C002BFF, Celsius: 38, A: -0.22, rev/s: +0.300,  rev: -0.592
2024/04/15 13:41:17 ID: 241, Data: 9C25F2FF450036FF, Celsius: 37, A: -0.14, rev/s: +0.192,  rev: -0.561
2024/04/15 13:41:17 ID: 241, Data: 9C26EDFF7E0041FF, Celsius: 38, A: -0.19, rev/s: +0.350,  rev: -0.531
2024/04/15 13:41:18 ID: 241, Data: 9C25E8FF7A004CFF, Celsius: 37, A: -0.24, rev/s: +0.339,  rev: -0.500
2024/04/15 13:41:18 ID: 241, Data: 9C25F5FF430057FF, Celsius: 37, A: -0.11, rev/s: +0.186,  rev: -0.469
2024/04/15 13:41:18 ID: 241, Data: 9C25EDFF860062FF, Celsius: 37, A: -0.19, rev/s: +0.372,  rev: -0.439
2024/04/15 13:41:18 ID: 241, Data: 9C25FEFF44006CFF, Celsius: 37, A: -0.02, rev/s: +0.189,  rev: -0.411
2024/04/15 13:41:18 ID: 241, Data: 9C2500006F0077FF, Celsius: 37, A: +0.00, rev/s: +0.308,  rev: -0.381
2024/04/15 13:41:18 ID: 241, Data: 9C25F5FF420083FF, Celsius: 37, A: -0.11, rev/s: +0.183,  rev: -0.347
2024/04/15 13:41:18 ID: 241, Data: 9C25ECFF5C008FFF, Celsius: 37, A: -0.20, rev/s: +0.256,  rev: -0.314
2024/04/15 13:41:18 ID: 241, Data: 9C25E6FF75009AFF, Celsius: 37, A: -0.26, rev/s: +0.325,  rev: -0.283
2024/04/15 13:41:18 ID: 241, Data: 9C25EAFF7C00A4FF, Celsius: 37, A: -0.22, rev/s: +0.344,  rev: -0.256
2024/04/15 13:41:18 ID: 241, Data: 9C25E9FF7800B0FF, Celsius: 37, A: -0.23, rev/s: +0.333,  rev: -0.222
2024/04/15 13:41:19 ID: 241, Data: 9C25F6FF6E00BAFF, Celsius: 37, A: -0.10, rev/s: +0.306,  rev: -0.194
2024/04/15 13:41:19 ID: 241, Data: 9C25EEFF4E00C6FF, Celsius: 37, A: -0.18, rev/s: +0.217,  rev: -0.161
2024/04/15 13:41:19 ID: 241, Data: 9C25EDFF4800D0FF, Celsius: 37, A: -0.19, rev/s: +0.200,  rev: -0.133
2024/04/15 13:41:19 ID: 241, Data: 9C25F6FF4300DCFF, Celsius: 37, A: -0.10, rev/s: +0.186,  rev: -0.100
2024/04/15 13:41:19 ID: 241, Data: 9C25F7FF5300E8FF, Celsius: 37, A: -0.09, rev/s: +0.231,  rev: -0.067
2024/04/15 13:41:19 ID: 241, Data: 9C26F4FFA800F3FF, Celsius: 38, A: -0.12, rev/s: +0.467,  rev: -0.036
2024/04/15 13:41:19 ID: 241, Data: 9C25E7FF7800FEFF, Celsius: 37, A: -0.25, rev/s: +0.333,  rev: -0.006
