2024/04/15 13:48:52 ID: 241, Data: 9C2DE4FF9CFF2912, Celsius: 45, A: -0.28, rev/s: -0.278,  rev: +12.914
2024/04/15 13:48:53 ID: 241, Data: 9C2D96FFBBFF2012, Celsius: 45, A: -1.06, rev/s: -0.192,  rev: +12.889
2024/04/15 13:48:53 ID: 241, Data: 9C2D68FF56FF1412, Celsius: 45, A: -1.52, rev/s: -0.472,  rev: +12.856
2024/04/15 13:48:53 ID: 241, Data: 9C2DDEFE8AFF0912, Celsius: 45, A: -2.90, rev/s: -0.328,  rev: +12.825
2024/04/15 13:48:53 ID: 241, Data: 9C2D60FE97FFFF11, Celsius: 45, A: -4.16, rev/s: -0.292,  rev: +12.797
2024/04/15 13:48:53 ID: 241, Data: 9C2CE0FE2CFFED11, Celsius: 44, A: -2.88, rev/s: -0.589,  rev: +12.747
2024/04/15 13:48:53 ID: 241, Data: 9C2D8EFFEAFFE011, Celsius: 45, A: -1.14, rev/s: -0.061,  rev: +12.711
2024/04/15 13:48:53 ID: 241, Data: 9C2D6CFF5BFFDA11, Celsius: 45, A: -1.48, rev/s: -0.458,  rev: +12.694
2024/04/15 13:48:53 ID: 241, Data: 9C2D75FFBAFFCF11, Celsius: 45, A: -1.39, rev/s: -0.194,  rev: +12.664
2024/04/15 13:48:53 ID: 241, Data: 9C2D6CFF9EFFC611, Celsius: 45, A: -1.48, rev/s: -0.272,  rev: +12.639
2024/04/15 13:48:53 ID: 241, Data: 9C2D60FFE8FFB911, Celsius: 45, A: -1.60, rev/s: -0.067,  rev: +12.603
2024/04/15 13:48:54 ID: 241, Data: 9C2D1DFFD7FFB011, Celsius: 45, A: -2.27, rev/s: -0.114,  rev: +12.578
2024/04/15 13:48:54 ID: 241, Data: 9C2D15FF12FFA411, Celsius: 45, A: -2.35, rev/s: -0.661,  rev: +12.544
2024/04/15 13:48:54 ID: 241, Data: 9C2D77FE67FF9B11, Celsius: 45, A: -3.93, rev/s: -0.425,  rev: +12.519
2024/04/15 13:48:54 ID: 241, Data: 9C2DC3FDC7FF9111, Celsius: 45, A: -5.73, rev/s: -0.158,  rev: +12.492
2024/04/15 13:48:54 ID: 241, Data: 9C2DDDFD77FF8011, Celsius: 45, A: -5.47, rev/s: -0.381,  rev: +12.444
2024/04/15 13:48:54 ID: 241, Data: 9C2D8BFF8CFF6911, Celsius: 45, A: -1.17, rev/s: -0.322,  rev: +12.381
2024/04/15 13:48:54 ID: 241, Data: 9C2DB7FFFAFF6811, Celsius: 45, A: -0.73, rev/s: -0.017,  rev: +12.378
2024/04/15 13:48:54 ID: 241, Data: 9C2D8AFFFFFE6111, Celsius: 45, A: -1.18, rev/s: -0.714,  rev: +12.358
2024/04/15 13:48:54 ID: 241, Data: 9C2D90FFA0FF5611, Celsius: 45, A: -1.12, rev/s: -0.267,  rev: +12.328
2024/04/15 13:48:55 ID: 241, Data: 9C2DA6FFF0FE4B11, Celsius: 45, A: -0.90, rev/s: -0.756,  rev: +12.297
2024/04/15 13:48:55 ID: 241, Data: 9C2D58FFEFFF4111, Celsius: 45, A: -1.68, rev/s: -0.047,  rev: +12.269
2024/04/15 13:48:55 ID: 241, Data: 9C2DE5FECFFF3811, Celsius: 45, A: -2.83, rev/s: -0.136,  rev: +12.244
2024/04/15 13:48:55 ID: 241, Data: 9C2D9CFE3BFF2C11, Celsius: 45, A: -3.56, rev/s: -0.547,  rev: +12.211
2024/04/15 13:48:55 ID: 241, Data: 9C2DEAFDF6FF2111, Celsius: 45, A: -5.34, rev/s: -0.028,  rev: +12.181
2024/04/15 13:48:55 ID: 241, Data: 9C2D9CFDA1FF1611, Celsius: 45, A: -6.12, rev/s: -0.264,  rev: +12.150
2024/04/15 13:48:55 ID: 241, Data: 9C2DF4FD17FF0611, Celsius: 45, A: -5.24, rev/s: -0.647,  rev: +12.106
2024/04/15 13:48:55 ID: 241, Data: 9C2D7FFF84FFF010, Celsius: 45, A: -1.29, rev/s: -0.344,  rev: +12.044
2024/04/15 13:48:55 ID: 241, Data: 9C2D8EFFE5FFEF10, Celsius: 45, A: -1.14, rev/s: -0.075,  rev: +12.042
2024/04/15 13:48:55 ID: 241, Data: 9C2D4FFF7FFFE710, Celsius: 45, A: -1.77, rev/s: -0.358,  rev: +12.019
2024/04/15 13:48:56 ID: 241, Data: 9C2DA7FF16FFDB10, Celsius: 45, A: -0.89, rev/s: -0.650,  rev: +11.986
2024/04/15 13:48:56 ID: 241, Data: 9C2D7AFFAAFFD010, Celsius: 45, A: -1.34, rev/s: -0.239,  rev: +11.956
2024/04/15 13:48:56 ID: 241, Data: 9C2D58FFCCFFC810, Celsius: 45, A: -1.68, rev/s: -0.144,  rev: +11.933
2024/04/15 13:48:56 ID: 241, Data: 9C2D0DFF8AFFBE10, Celsius: 45, A: -2.43, rev/s: -0.328,  rev: +11.906
2024/04/15 13:48:56 ID: 241, Data: 9C2DF0FEB8FFB110, Celsius: 45, A: -2.72, rev/s: -0.200,  rev: +11.869
2024/04/15 13:48:56 ID: 241, Data: 9C2DB1FEB6FFA710, Celsius: 45, A: -3.35, rev/s: -0.206,  rev: +11.842
2024/04/15 13:48:56 ID: 241, Data: 9C2DCDFED9FF9910, Celsius: 45, A: -3.07, rev/s: -0.108,  rev: +11.803
2024/04/15 13:48:56 ID: 241, Data: 9C2DB4FEBCFF8F10, Celsius: 45, A: -3.32, rev/s: -0.189,  rev: +11.775
2024/04/15 13:48:56 ID: 241, Data: 9C2E65FE51FF8510, Celsius: 46, A: -4.11, rev/s: -0.486,  rev: +11.747
2024/04/15 13:48:56 ID: 241, Data: 9C2DBBFE87FF7510, Celsius: 45, A: -3.25, rev/s: -0.336,  rev: +11.703
2024/04/15 13:48:57 ID: 241, Data: 9C2E51FFBEFF6810, Celsius: 46, A: -1.75, rev/s: -0.183,  rev: +11.667
2024/04/15 13:48:57 ID: 241, Data: 9C2E51FFC5FF6010, Celsius: 46, A: -1.75, rev/s: -0.164,  rev: +11.644
2024/04/15 13:48:57 ID: 241, Data: 9C2E3DFFF8FF5710, Celsius: 46, A: -1.95, rev/s: -0.022,  rev: +11.619
2024/04/15 13:48:57 ID: 241, Data: 9C2EF0FEADFF4F10, Celsius: 46, A: -2.72, rev/s: -0.231,  rev: +11.597
2024/04/15 13:48:57 ID: 241, Data: 9C2DD5FE74FF4310, Celsius: 45, A: -2.99, rev/s: -0.389,  rev: +11.564
2024/04/15 13:48:57 ID: 241, Data: 9C2E6DFEDEFF3810, Celsius: 46, A: -4.03, rev/s: -0.094,  rev: +11.533
2024/04/15 13:48:57 ID: 241, Data: 9C2E68FE14FF2B10, Celsius: 46, A: -4.08, rev/s: -0.656,  rev: +11.497
2024/04/15 13:48:57 ID: 241, Data: 9C2E52FE90FF1F10, Celsius: 46, A: -4.30, rev/s: -0.311,  rev: +11.464
2024/04/15 13:48:57 ID: 241, Data: 9C2EE3FEDAFF1110, Celsius: 46, A: -2.85, rev/s: -0.106,  rev: +11.425
2024/04/15 13:48:57 ID: 241, Data: 9C2E19FFA3FF0810, Celsius: 46, A: -2.31, rev/s: -0.258,  rev: +11.400
2024/04/15 13:48:58 ID: 241, Data: 9C2E31FFB2FFFE0F, Celsius: 46, A: -2.07, rev/s: -0.217,  rev: +11.372
2024/04/15 13:48:58 ID: 241, Data: 9C2E31FF33FFF40F, Celsius: 46, A: -2.07, rev/s: -0.569,  rev: +11.344
2024/04/15 13:48:58 ID: 241, Data: 9C2E7EFFABFFE70F, Celsius: 46, A: -1.30, rev/s: -0.236,  rev: +11.308
2024/04/15 13:48:58 ID: 241, Data: 9C2E9DFF6CFFDD0F, Celsius: 46, A: -0.99, rev/s: -0.411,  rev: +11.281
2024/04/15 13:48:58 ID: 241, Data: 9C2E7EFF0CFFD30F, Celsius: 46, A: -1.30, rev/s: -0.678,  rev: +11.253
2024/04/15 13:48:58 ID: 241, Data: 9C2E03FFC4FFC90F, Celsius: 46, A: -2.53, rev/s: -0.167,  rev: +11.225
2024/04/15 13:48:58 ID: 241, Data: 9C2EE9FE44FFBE0F, Celsius: 46, A: -2.79, rev/s: -0.522,  rev: +11.194
2024/04/15 13:48:58 ID: 241, Data: 9C2E96FE8CFFB30F, Celsius: 46, A: -3.62, rev/s: -0.322,  rev: +11.164
2024/04/15 13:48:58 ID: 241, Data: 9C2EC0FDE7FEAB0F, Celsius: 46, A: -5.76, rev/s: -0.781,  rev: +11.142
2024/04/15 13:48:59 ID: 241, Data: 9C2ECDFD0DFF980F, Celsius: 46, A: -5.63, rev/s: -0.675,  rev: +11.089
2024/04/15 13:48:59 ID: 241, Data: 9C2E88FFB4FF810F, Celsius: 46, A: -1.20, rev/s: -0.211,  rev: +11.025
2024/04/15 13:48:59 ID: 241, Data: 9C2EDCFFF0FF800F, Celsius: 46, A: -0.36, rev/s: -0.044,  rev: +11.022
2024/04/15 13:48:59 ID: 241, Data: 9C2EC8FFC3FF790F, Celsius: 46, A: -0.56, rev/s: -0.169,  rev: +11.003
2024/04/15 13:48:59 ID: 241, Data: 9C2EC2FFABFF6F0F, Celsius: 46, A: -0.62, rev/s: -0.236,  rev: +10.975
2024/04/15 13:48:59 ID: 241, Data: 9C2EA9FF79FF660F, Celsius: 46, A: -0.87, rev/s: -0.375,  rev: +10.950
2024/04/15 13:48:59 ID: 241, Data: 9C2E9BFF99FF590F, Celsius: 46, A: -1.01, rev/s: -0.286,  rev: +10.914
2024/04/15 13:48:59 ID: 241, Data: 9C2E50FFDEFF500F, Celsius: 46, A: -1.76, rev/s: -0.094,  rev: +10.889
2024/04/15 13:48:59 ID: 241, Data: 9C2EDBFE92FF460F, Celsius: 46, A: -2.93, rev/s: -0.306,  rev: +10.861
2024/04/15 13:48:59 ID: 241, Data: 9C2E87FE2CFF390F, Celsius: 46, A: -3.77, rev/s: -0.589,  rev: +10.825
2024/04/15 13:49:00 ID: 241, Data: 9C2EC7FE42FF290F, Celsius: 46, A: -3.13, rev/s: -0.528,  rev: +10.781
2024/04/15 13:49:00 ID: 241, Data: 9C2E65FF69FF1B0F, Celsius: 46, A: -1.55, rev/s: -0.419,  rev: +10.742
2024/04/15 13:49:00 ID: 241, Data: 9C2E1CFFC9FF170F, Celsius: 46, A: -2.28, rev/s: -0.153,  rev: +10.731
2024/04/15 13:49:00 ID: 241, Data: 9C2E17FF39FF0C0F, Celsius: 46, A: -2.33, rev/s: -0.553,  rev: +10.700
2024/04/15 13:49:00 ID: 241, Data: 9C2E38FFB9FFFF0E, Celsius: 46, A: -2.00, rev/s: -0.197,  rev: +10.664
2024/04/15 13:49:00 ID: 241, Data: 9C2E4FFF7FFFF50E, Celsius: 46, A: -1.77, rev/s: -0.358,  rev: +10.636
2024/04/15 13:49:00 ID: 241, Data: 9C2E47FFC9FFE90E, Celsius: 46, A: -1.85, rev/s: -0.153,  rev: +10.603
2024/04/15 13:49:00 ID: 241, Data: 9C2FF6FEEAFFE00E, Celsius: 47, A: -2.66, rev/s: -0.061,  rev: +10.578
2024/04/15 13:49:00 ID: 241, Data: 9C2EA1FE7EFFD70E, Celsius: 46, A: -3.51, rev/s: -0.361,  rev: +10.553
2024/04/15 13:49:00 ID: 241, Data: 9C2E5FFE02FFCB0E, Celsius: 46, A: -4.17, rev/s: -0.706,  rev: +10.519
2024/04/15 13:49:01 ID: 241, Data: 9C2E01FE8CFFC00E, Celsius: 46, A: -5.11, rev/s: -0.322,  rev: +10.489
2024/04/15 13:49:01 ID: 241, Data: 9C2EFFFD89FFB10E, Celsius: 46, A: -5.13, rev/s: -0.331,  rev: +10.447
2024/04/15 13:49:01 ID: 241, Data: 9C2E0DFE77FFA70E, Celsius: 46, A: -4.99, rev/s: -0.381,  rev: +10.419
2024/04/15 13:49:01 ID: 241, Data: 9C2E3EFF1EFF930E, Celsius: 46, A: -1.94, rev/s: -0.628,  rev: +10.364
2024/04/15 13:49:01 ID: 241, Data: 9C2EADFF50FF8C0E, Celsius: 46, A: -0.83, rev/s: -0.489,  rev: +10.344
2024/04/15 13:49:01 ID: 241, Data: 9C2F8AFFBAFF870E, Celsius: 47, A: -1.18, rev/s: -0.194,  rev: +10.331
2024/04/15 13:49:01 ID: 241, Data: 9C2EA7FF0AFF7C0E, Celsius: 46, A: -0.89, rev/s: -0.683,  rev: +10.300
2024/04/15 13:49:01 ID: 241, Data: 9C2E5AFFCDFF710E, Celsius: 46, A: -1.66, rev/s: -0.142,  rev: +10.269
2024/04/15 13:49:01 ID: 241, Data: 9C2E08FFD7FF680E, Celsius: 46, A: -2.48, rev/s: -0.114,  rev: +10.244
2024/04/15 13:49:01 ID: 241, Data: 9C2E8DFE9FFF5F0E, Celsius: 46, A: -3.71, rev/s: -0.269,  rev: +10.219
2024/04/15 13:49:02 ID: 241, Data: 9C2E31FE41FF500E, Celsius: 46, A: -4.63, rev/s: -0.531,  rev: +10.178
2024/04/15 13:49:02 ID: 241, Data: 9C2FF6FDBDFF460E, Celsius: 47, A: -5.22, rev/s: -0.186,  rev: +10.150
2024/04/15 13:49:02 ID: 241, Data: 9C2EC5FD66FF380E, Celsius: 46, A: -5.71, rev/s: -0.428,  rev: +10.111
2024/04/15 13:49:02 ID: 241, Data: 9C2F30FE52FF280E, Celsius: 47, A: -4.64, rev/s: -0.483,  rev: +10.067
2024/04/15 13:49:02 ID: 241, Data: 9C2F5BFFCDFF1A0E, Celsius: 47, A: -1.65, rev/s: -0.142,  rev: +10.028
2024/04/15 13:49:02 ID: 241, Data: 9C2F26FFA3FF180E, Celsius: 47, A: -2.18, rev/s: -0.258,  rev: +10.022
2024/04/15 13:49:02 ID: 241, Data: 9C2E70FF76FF0C0E, Celsius: 46, A: -1.44, rev/s: -0.383,  rev: +9.989
2024/04/15 13:49:02 ID: 241, Data: 9C2F77FFB4FF000E, Celsius: 47, A: -1.37, rev/s: -0.211,  rev: +9.956
2024/04/15 13:49:02 ID: 241, Data: 9C2E60FFD3FFF70D, Celsius: 46, A: -1.60, rev/s: -0.125,  rev: +9.931
2024/04/15 13:49:03 ID: 241, Data: 9C2F1BFFA9FFEF0D, Celsius: 47, A: -2.29, rev/s: -0.242,  rev: +9.908
2024/04/15 13:49:03 ID: 241, Data: 9C2FFDFE63FFE20D, Celsius: 47, A: -2.59, rev/s: -0.436,  rev: +9.872
2024/04/15 13:49:03 ID: 241, Data: 9C2FC4FE8FFFD70D, Celsius: 47, A: -3.16, rev/s: -0.314,  rev: +9.842
2024/04/15 13:49:03 ID: 241, Data: 9C2FEBFE9FFFC90D, Celsius: 47, A: -2.77, rev/s: -0.269,  rev: +9.803
2024/04/15 13:49:03 ID: 241, Data: 9C2FC8FEC7FFC00D, Celsius: 47, A: -3.12, rev/s: -0.158,  rev: +9.778
2024/04/15 13:49:03 ID: 241, Data: 9C2F41FEC3FFB70D, Celsius: 47, A: -4.47, rev/s: -0.169,  rev: +9.753
2024/04/15 13:49:03 ID: 241, Data: 9C2FE3FE49FFA40D, Celsius: 47, A: -2.85, rev/s: -0.508,  rev: +9.700
2024/04/15 13:49:03 ID: 241, Data: 9C2FAEFF3600980D, Celsius: 47, A: -0.82, rev/s: +0.150,  rev: +9.667
2024/04/15 13:49:03 ID: 241, Data: 9C2FB3FF9CFF910D, Celsius: 47, A: -0.77, rev/s: -0.278,  rev: +9.647
2024/04/15 13:49:03 ID: 241, Data: 9C2F8FFFBCFF870D, Celsius: 47, A: -1.13, rev/s: -0.189,  rev: +9.619
2024/04/15 13:49:04 ID: 241, Data: 9C2F4DFFE1FF7F0D, Celsius: 47, A: -1.79, rev/s: -0.086,  rev: +9.597
2024/04/15 13:49:04 ID: 241, Data: 9C2F2AFF79FF740D, Celsius: 47, A: -2.14, rev/s: -0.375,  rev: +9.567
2024/04/15 13:49:04 ID: 241, Data: 9C2FA3FED9FF690D, Celsius: 47, A: -3.49, rev/s: -0.108,  rev: +9.536
2024/04/15 13:49:04 ID: 241, Data: 9C2F18FEA9FF600D, Celsius: 47, A: -4.88, rev/s: -0.242,  rev: +9.511
2024/04/15 13:49:04 ID: 241, Data: 9C2FFDFD22FF510D, Celsius: 47, A: -5.15, rev/s: -0.617,  rev: +9.469
2024/04/15 13:49:04 ID: 241, Data: 9C2F57FEA8FF400D, Celsius: 47, A: -4.25, rev/s: -0.244,  rev: +9.422
2024/04/15 13:49:04 ID: 241, Data: 9C2F60FF96FF320D, Celsius: 47, A: -1.60, rev/s: -0.294,  rev: +9.383
2024/04/15 13:49:04 ID: 241, Data: 9C2F45FFB7FF2F0D, Celsius: 47, A: -1.87, rev/s: -0.203,  rev: +9.375
2024/04/15 13:49:04 ID: 241, Data: 9C2F37FF66FF260D, Celsius: 47, A: -2.01, rev/s: -0.428,  rev: +9.350
2024/04/15 13:49:04 ID: 241, Data: 9C2F6BFFF6FF190D, Celsius: 47, A: -1.49, rev/s: -0.028,  rev: +9.314
2024/04/15 13:49:05 ID: 241, Data: 9C2F7CFFC4FF0F0D, Celsius: 47, A: -1.32, rev/s: -0.167,  rev: +9.286
2024/04/15 13:49:05 ID: 241, Data: 9C2F7FFF38FF040D, Celsius: 47, A: -1.29, rev/s: -0.556,  rev: +9.256
2024/04/15 13:49:05 ID: 241, Data: 9C2F1FFF25FFFB0C, Celsius: 47, A: -2.25, rev/s: -0.608,  rev: +9.231
2024/04/15 13:49:05 ID: 241, Data: 9C2F9BFE96FFF00C, Celsius: 47, A: -3.57, rev/s: -0.294,  rev: +9.200
2024/04/15 13:49:05 ID: 241, Data: 9C2F73FE27FFE40C, Celsius: 47, A: -3.97, rev/s: -0.603,  rev: +9.167
2024/04/15 13:49:05 ID: 241, Data: 9C2FFFFDD9FFD90C, Celsius: 47, A: -5.13, rev/s: -0.108,  rev: +9.136
2024/04/15 13:49:05 ID: 241, Data: 9C2F27FE26FFCB0C, Celsius: 47, A: -4.73, rev/s: -0.606,  rev: +9.097
2024/04/15 13:49:05 ID: 241, Data: 9C2F2BFE80FFBF0C, Celsius: 47, A: -4.69, rev/s: -0.356,  rev: +9.064
2024/04/15 13:49:05 ID: 241, Data: 9C2FD0FEA2FFB00C, Celsius: 47, A: -3.04, rev/s: -0.261,  rev: +9.022
2024/04/15 13:49:05 ID: 241, Data: 9C2F5CFFC7FFA60C, Celsius: 47, A: -1.64, rev/s: -0.158,  rev: +8.994
2024/04/15 13:49:06 ID: 241, Data: 9C2F5CFFE1FFA00C, Celsius: 47, A: -1.64, rev/s: -0.086,  rev: +8.978
2024/04/15 13:49:06 ID: 241, Data: 9C2F4FFF96FF960C, Celsius: 47, A: -1.77, rev/s: -0.294,  rev: +8.950
2024/04/15 13:49:06 ID: 241, Data: 9C2F49FF76FF8A0C, Celsius: 47, A: -1.83, rev/s: -0.383,  rev: +8.917
2024/04/15 13:49:06 ID: 241, Data: 9C2FEDFECCFF800C, Celsius: 47, A: -2.75, rev/s: -0.144,  rev: +8.889
2024/04/15 13:49:06 ID: 241, Data: 9C2F81FE9EFF770C, Celsius: 47, A: -3.83, rev/s: -0.272,  rev: +8.864
2024/04/15 13:49:06 ID: 241, Data: 9C2F46FE7FFF690C, Celsius: 47, A: -4.42, rev/s: -0.358,  rev: +8.825
2024/04/15 13:49:06 ID: 241, Data: 9C2F49FE7FFF5D0C, Celsius: 47, A: -4.39, rev/s: -0.358,  rev: +8.792
2024/04/15 13:49:06 ID: 241, Data: 9C2F34FE63FF510C, Celsius: 47, A: -4.60, rev/s: -0.436,  rev: +8.758
2024/04/15 13:49:06 ID: 241, Data: 9C2FE2FE71FF400C, Celsius: 47, A: -2.86, rev/s: -0.397,  rev: +8.711
2024/04/15 13:49:07 ID: 241, Data: 9C2F42FF0500380C, Celsius: 47, A: -1.90, rev/s: +0.014,  rev: +8.689
2024/04/15 13:49:07 ID: 241, Data: 9C2F2BFFC5FF300C, Celsius: 47, A: -2.13, rev/s: -0.164,  rev: +8.667
2024/04/15 13:49:07 ID: 241, Data: 9C2F5FFF8AFF250C, Celsius: 47, A: -1.61, rev/s: -0.328,  rev: +8.636
2024/04/15 13:49:07 ID: 241, Data: 9C2F7BFFF6FF190C, Celsius: 47, A: -1.33, rev/s: -0.028,  rev: +8.603
2024/04/15 13:49:07 ID: 241, Data: 9C303DFFA2FF100C, Celsius: 48, A: -1.95, rev/s: -0.261,  rev: +8.578
2024/04/15 13:49:07 ID: 241, Data: 9C2FEAFEA5FF070C, Celsius: 47, A: -2.78, rev/s: -0.253,  rev: +8.553
2024/04/15 13:49:07 ID: 241, Data: 9C30A1FE63FFFD0B, Celsius: 48, A: -3.51, rev/s: -0.436,  rev: +8.525
2024/04/15 13:49:07 ID: 241, Data: 9C3008FEB9FFF20B, Celsius: 48, A: -5.04, rev/s: -0.197,  rev: +8.494
2024/04/15 13:49:07 ID: 241, Data: 9C30ABFD7EFFE70B, Celsius: 48, A: -5.97, rev/s: -0.361,  rev: +8.464
2024/04/15 13:49:07 ID: 241, Data: 9C30FBFD5AFFD70B, Celsius: 48, A: -5.17, rev/s: -0.461,  rev: +8.419
2024/04/15 13:49:08 ID: 241, Data: 9C2F0EFF68FFC50B, Celsius: 47, A: -2.42, rev/s: -0.422,  rev: +8.369
2024/04/15 13:49:08 ID: 241, Data: 9C3025FFFCFFC00B, Celsius: 48, A: -2.19, rev/s: -0.011,  rev: +8.356
2024/04/15 13:49:08 ID: 241, Data: 9C2F4BFF2AFFB40B, Celsius: 47, A: -1.81, rev/s: -0.594,  rev: +8.322
2024/04/15 13:49:08 ID: 241, Data: 9C3088FF5BFFA90B, Celsius: 48, A: -1.20, rev/s: -0.458,  rev: +8.292
2024/04/15 13:49:08 ID: 241, Data: 9C3042FFBEFFA10B, Celsius: 48, A: -1.90, rev/s: -0.183,  rev: +8.269
2024/04/15 13:49:08 ID: 241, Data: 9C2FFDFED4FF980B, Celsius: 47, A: -2.59, rev/s: -0.122,  rev: +8.244
2024/04/15 13:49:08 ID: 241, Data: 9C30AEFE6BFF8E0B, Celsius: 48, A: -3.38, rev/s: -0.414,  rev: +8.217
2024/04/15 13:49:08 ID: 241, Data: 9C305EFE36FF820B, Celsius: 48, A: -4.18, rev/s: -0.561,  rev: +8.183
2024/04/15 13:49:08 ID: 241, Data: 9C30D0FD8AFF780B, Celsius: 48, A: -5.60, rev/s: -0.328,  rev: +8.156
2024/04/15 13:49:08 ID: 241, Data: 9C30C3FD18FF690B, Celsius: 48, A: -5.73, rev/s: -0.644,  rev: +8.114
2024/04/15 13:49:09 ID: 241, Data: 9C301EFE91FF590B, Celsius: 48, A: -4.82, rev/s: -0.308,  rev: +8.069
2024/04/15 13:49:09 ID: 241, Data: 9C30FDFE5BFF4C0B, Celsius: 48, A: -2.59, rev/s: -0.458,  rev: +8.033
2024/04/15 13:49:09 ID: 241, Data: 9C30F0FEE3FF470B, Celsius: 48, A: -2.72, rev/s: -0.081,  rev: +8.019
2024/04/15 13:49:09 ID: 241, Data: 9C304FFF30FF3B0B, Celsius: 48, A: -1.77, rev/s: -0.578,  rev: +7.986
2024/04/15 13:49:09 ID: 241, Data: 9C307BFFE9FF300B, Celsius: 48, A: -1.33, rev/s: -0.064,  rev: +7.956
2024/04/15 13:49:09 ID: 241, Data: 9C3062FFDFFF280B, Celsius: 48, A: -1.58, rev/s: -0.092,  rev: +7.933
2024/04/15 13:49:09 ID: 241, Data: 9C3014FFC5FF1F0B, Celsius: 48, A: -2.36, rev/s: -0.164,  rev: +7.908
2024/04/15 13:49:09 ID: 241, Data: 9C3007FF49FF120B, Celsius: 48, A: -2.49, rev/s: -0.508,  rev: +7.872
2024/04/15 13:49:09 ID: 241, Data: 9C3094FED4FF090B, Celsius: 48, A: -3.64, rev/s: -0.122,  rev: +7.847
2024/04/15 13:49:09 ID: 241, Data: 9C3030FE32FFFE0A, Celsius: 48, A: -4.64, rev/s: -0.572,  rev: +7.817
2024/04/15 13:49:10 ID: 241, Data: 9C30B1FD8AFFF20A, Celsius: 48, A: -5.91, rev/s: -0.328,  rev: +7.783
2024/04/15 13:49:10 ID: 241, Data: 9C3092FD2EFFE50A, Celsius: 48, A: -6.22, rev/s: -0.583,  rev: +7.747
2024/04/15 13:49:10 ID: 241, Data: 9C30E0FE02FFCE0A, Celsius: 48, A: -2.88, rev/s: -0.706,  rev: +7.683
2024/04/15 13:49:10 ID: 241, Data: 9C3086FF1300C80A, Celsius: 48, A: -1.22, rev/s: +0.053,  rev: +7.667
2024/04/15 13:49:10 ID: 241, Data: 9C300BFFBCFFC60A, Celsius: 48, A: -2.45, rev/s: -0.189,  rev: +7.661
2024/04/15 13:49:10 ID: 241, Data: 9C3058FFBCFFB70A, Celsius: 48, A: -1.68, rev/s: -0.189,  rev: +7.619
2024/04/15 13:49:10 ID: 241, Data: 9C3027FFBDFFAF0A, Celsius: 48, A: -2.17, rev/s: -0.186,  rev: +7.597
2024/04/15 13:49:10 ID: 241, Data: 9C30E2FE7AFFA50A, Celsius: 48, A: -2.86, rev/s: -0.372,  rev: +7.569
2024/04/15 13:49:10 ID: 241, Data: 9C3081FEB8FF990A, Celsius: 48, A: -3.83, rev/s: -0.200,  rev: +7.536
2024/04/15 13:49:11 ID: 241, Data: 9C30E7FDB1FF900A, Celsius: 48, A: -5.37, rev/s: -0.219,  rev: +7.511
2024/04/15 13:49:11 ID: 241, Data: 9C30CDFDF6FE820A, Celsius: 48, A: -5.63, rev/s: -0.739,  rev: +7.472
2024/04/15 13:49:11 ID: 241, Data: 9C3000FE0FFF720A, Celsius: 48, A: -5.12, rev/s: -0.669,  rev: +7.428
2024/04/15 13:49:11 ID: 241, Data: 9C3007FF8CFF600A, Celsius: 48, A: -2.49, rev/s: -0.322,  rev: +7.378
2024/04/15 13:49:11 ID: 241, Data: 9C30AEFF0B00590A, Celsius: 48, A: -0.82, rev/s: +0.031,  rev: +7.358
2024/04/15 13:49:11 ID: 241, Data: 9C310FFFE5FF580A, Celsius: 49, A: -2.41, rev/s: -0.075,  rev: +7.356
2024/04/15 13:49:11 ID: 241, Data: 9C305BFFEDFF480A, Celsius: 48, A: -1.65, rev/s: -0.053,  rev: +7.311
2024/04/15 13:49:11 ID: 241, Data: 9C3057FFBEFF3F0A, Celsius: 48, A: -1.69, rev/s: -0.183,  rev: +7.286
2024/04/15 13:49:11 ID: 241, Data: 9C305EFF51FF340A, Celsius: 48, A: -1.62, rev/s: -0.486,  rev: +7.256
2024/04/15 13:49:11 ID: 241, Data: 9C30FFFE3AFF290A, Celsius: 48, A: -2.57, rev/s: -0.550,  rev: +7.225
2024/04/15 13:49:12 ID: 241, Data: 9C3074FE93FF200A, Celsius: 48, A: -3.96, rev/s: -0.303,  rev: +7.200
2024/04/15 13:49:12 ID: 241, Data: 9C3027FE58FF150A, Celsius: 48, A: -4.73, rev/s: -0.467,  rev: +7.169
2024/04/15 13:49:12 ID: 241, Data: 9C30F5FD6BFF080A, Celsius: 48, A: -5.23, rev/s: -0.414,  rev: +7.133
2024/04/15 13:49:12 ID: 241, Data: 9C307BFE9AFFF709, Celsius: 48, A: -3.89, rev/s: -0.283,  rev: +7.086
2024/04/15 13:49:12 ID: 241, Data: 9C311EFF73FFEA09, Celsius: 49, A: -2.26, rev/s: -0.392,  rev: +7.050
2024/04/15 13:49:12 ID: 241, Data: 9C3035FFB4FFE209, Celsius: 48, A: -2.03, rev/s: -0.211,  rev: +7.028
2024/04/15 13:49:12 ID: 241, Data: 9C3137FF80FFD809, Celsius: 49, A: -2.01, rev/s: -0.356,  rev: +7.000
2024/04/15 13:49:12 ID: 241, Data: 9C31B0FF7CFFCB09, Celsius: 49, A: -0.80, rev/s: -0.367,  rev: +6.964
2024/04/15 13:49:12 ID: 241, Data: 9C31A3FF4DFFC409, Celsius: 49, A: -0.93, rev/s: -0.497,  rev: +6.944
2024/04/15 13:49:12 ID: 241, Data: 9C316FFF88FFB909, Celsius: 49, A: -1.45, rev/s: -0.333,  rev: +6.914
2024/04/15 13:49:13 ID: 241, Data: 9C310EFFEBFFB009, Celsius: 49, A: -2.42, rev/s: -0.058,  rev: +6.889
2024/04/15 13:49:13 ID: 241, Data: 9C31B1FEA2FFA609, Celsius: 49, A: -3.35, rev/s: -0.261,  rev: +6.861
2024/04/15 13:49:13 ID: 241, Data: 9C3154FE79FF9909, Celsius: 49, A: -4.28, rev/s: -0.375,  rev: +6.825
2024/04/15 13:49:13 ID: 241, Data: 9C314BFE40FF8D09, Celsius: 49, A: -4.37, rev/s: -0.533,  rev: +6.792
2024/04/15 13:49:13 ID: 241, Data: 9C3118FE56FF8109, Celsius: 49, A: -4.88, rev/s: -0.472,  rev: +6.758
2024/04/15 13:49:13 ID: 241, Data: 9C31D1FD8BFF7709, Celsius: 49, A: -5.59, rev/s: -0.325,  rev: +6.731
2024/04/15 13:49:13 ID: 241, Data: 9C3122FF53FF5F09, Celsius: 49, A: -2.22, rev/s: -0.481,  rev: +6.664
2024/04/15 13:49:13 ID: 241, Data: 9C31D4FF01005A09, Celsius: 49, A: -0.44, rev/s: +0.003,  rev: +6.650
2024/04/15 13:49:13 ID: 241, Data: 9C3153FFE9FF5809, Celsius: 49, A: -1.73, rev/s: -0.064,  rev: +6.644
2024/04/15 13:49:13 ID: 241, Data: 9C3177FFC7FF4909, Celsius: 49, A: -1.37, rev/s: -0.158,  rev: +6.603
2024/04/15 13:49:14 ID: 241, Data: 9C314AFFDBFF3F09, Celsius: 49, A: -1.82, rev/s: -0.103,  rev: +6.575
2024/04/15 13:49:14 ID: 241, Data: 9C31C2FEBEFF3809, Celsius: 49, A: -3.18, rev/s: -0.183,  rev: +6.556
2024/04/15 13:49:14 ID: 241, Data: 9C316EFE4EFF2D09, Celsius: 49, A: -4.02, rev/s: -0.494,  rev: +6.525
2024/04/15 13:49:14 ID: 241, Data: 9C31E8FDC9FF2109, Celsius: 49, A: -5.36, rev/s: -0.153,  rev: +6.492
2024/04/15 13:49:14 ID: 241, Data: 9C31F6FD4BFF1209, Celsius: 49, A: -5.22, rev/s: -0.503,  rev: +6.450
2024/04/15 13:49:14 ID: 241, Data: 9C31E4FD7EFF0709, Celsius: 49, A: -5.40, rev/s: -0.361,  rev: +6.419
2024/04/15 13:49:14 ID: 241, Data: 9C314DFE80FFF808, Celsius: 49, A: -4.35, rev/s: -0.356,  rev: +6.378
2024/04/15 13:49:14 ID: 241, Data: 9C312DFF00FFEB08, Celsius: 49, A: -2.11, rev/s: -0.711,  rev: +6.342
2024/04/15 13:49:14 ID: 241, Data: 9C316BFFD8FFE208, Celsius: 49, A: -1.49, rev/s: -0.111,  rev: +6.317
2024/04/15 13:49:15 ID: 241, Data: 9C3172FFDBFEDB08, Celsius: 49, A: -1.42, rev/s: -0.814,  rev: +6.297
2024/04/15 13:49:15 ID: 241, Data: 9C3122FFD3FFD008, Celsius: 49, A: -2.22, rev/s: -0.125,  rev: +6.267
2024/04/15 13:49:15 ID: 241, Data: 9C31F0FEB7FFC708, Celsius: 49, A: -2.72, rev/s: -0.203,  rev: +6.242
2024/04/15 13:49:15 ID: 241, Data: 9C31CDFE29FFBC08, Celsius: 49, A: -3.07, rev/s: -0.597,  rev: +6.211
2024/04/15 13:49:15 ID: 241, Data: 9C3159FEDFFFB108, Celsius: 49, A: -4.23, rev/s: -0.092,  rev: +6.181
2024/04/15 13:49:15 ID: 241, Data: 9C315BFE4EFFA408, Celsius: 49, A: -4.21, rev/s: -0.494,  rev: +6.144
2024/04/15 13:49:15 ID: 241, Data: 9C3147FEBCFF9808, Celsius: 49, A: -4.41, rev/s: -0.189,  rev: +6.111
2024/04/15 13:49:15 ID: 241, Data: 9C3111FE74FF8F08, Celsius: 49, A: -4.95, rev/s: -0.389,  rev: +6.086
2024/04/15 13:49:15 ID: 241, Data: 9C31F7FD1CFF8408, Celsius: 49, A: -5.21, rev/s: -0.633,  rev: +6.056
2024/04/15 13:49:15 ID: 241, Data: 9C312FFF33FF6C08, Celsius: 49, A: -2.09, rev/s: -0.569,  rev: +5.989
2024/04/15 13:49:16 ID: 241, Data: 9C3197FFEDFF6808, Celsius: 49, A: -1.05, rev/s: -0.053,  rev: +5.978
2024/04/15 13:49:16 ID: 241, Data: 9C3180FFFCFF6108, Celsius: 49, A: -1.28, rev/s: -0.011,  rev: +5.958
2024/04/15 13:49:16 ID: 241, Data: 9C3149FFC8FF5708, Celsius: 49, A: -1.83, rev/s: -0.156,  rev: +5.931
2024/04/15 13:49:16 ID: 241, Data: 9C316CFF62FF4B08, Celsius: 49, A: -1.48, rev/s: -0.439,  rev: +5.897
2024/04/15 13:49:16 ID: 241, Data: 9C31F1FE7EFF4308, Celsius: 49, A: -2.71, rev/s: -0.361,  rev: +5.875
2024/04/15 13:49:16 ID: 241, Data: 9C3164FEC3FF3808, Celsius: 49, A: -4.12, rev/s: -0.169,  rev: +5.844
2024/04/15 13:49:16 ID: 241, Data: 9C314FFE47FF2B08, Celsius: 49, A: -4.33, rev/s: -0.514,  rev: +5.808
2024/04/15 13:49:16 ID: 241, Data: 9C313EFE7AFF1E08, Celsius: 49, A: -4.50, rev/s: -0.372,  rev: +5.772
2024/04/15 13:49:16 ID: 241, Data: 9C31F4FE77FF0E08, Celsius: 49, A: -2.68, rev/s: -0.381,  rev: +5.728
2024/04/15 13:49:16 ID: 241, Data: 9C3128FFA1FF0608, Celsius: 49, A: -2.16, rev/s: -0.264,  rev: +5.706
2024/04/15 13:49:17 ID: 241, Data: 9C310FFF96FFFE07, Celsius: 49, A: -2.41, rev/s: -0.294,  rev: +5.683
2024/04/15 13:49:17 ID: 241, Data: 9C316EFFD9FFEF07, Celsius: 49, A: -1.46, rev/s: -0.108,  rev: +5.642
2024/04/15 13:49:17 ID: 241, Data: 9C3172FFF0FFE707, Celsius: 49, A: -1.42, rev/s: -0.044,  rev: +5.619
2024/04/15 13:49:17 ID: 241, Data: 9C3140FF87FFDF07, Celsius: 49, A: -1.92, rev/s: -0.336,  rev: +5.597
2024/04/15 13:49:17 ID: 241, Data: 9C311FFF41FFD207, Celsius: 49, A: -2.25, rev/s: -0.531,  rev: +5.561
2024/04/15 13:49:17 ID: 241, Data: 9C31B7FEB6FFC907, Celsius: 49, A: -3.29, rev/s: -0.206,  rev: +5.536
2024/04/15 13:49:17 ID: 241, Data: 9C310FFEB3FFC007, Celsius: 49, A: -4.97, rev/s: -0.214,  rev: +5.511
2024/04/15 13:49:17 ID: 241, Data: 9C31C5FD68FFB107, Celsius: 49, A: -5.71, rev/s: -0.422,  rev: +5.469
2024/04/15 13:49:17 ID: 241, Data: 9C314CFEBBFFA007, Celsius: 49, A: -4.36, rev/s: -0.192,  rev: +5.422
2024/04/15 13:49:17 ID: 241, Data: 9C3276FEF5FF9807, Celsius: 50, A: -3.94, rev/s: -0.031,  rev: +5.400
2024/04/15 13:49:18 ID: 241, Data: 9C310FFEA6FF8F07, Celsius: 49, A: -4.97, rev/s: -0.250,  rev: +5.375
2024/04/15 13:49:18 ID: 241, Data: 9C314CFF8AFF7907, Celsius: 49, A: -1.80, rev/s: -0.328,  rev: +5.314
2024/04/15 13:49:18 ID: 241, Data: 9C3156FFB4FF7607, Celsius: 49, A: -1.70, rev/s: -0.211,  rev: +5.306
2024/04/15 13:49:18 ID: 241, Data: 9C3146FFBBFF6E07, Celsius: 49, A: -1.86, rev/s: -0.192,  rev: +5.283
2024/04/15 13:49:18 ID: 241, Data: 9C313AFF21FF6307, Celsius: 49, A: -1.98, rev/s: -0.619,  rev: +5.253
2024/04/15 13:49:18 ID: 241, Data: 9C31B5FEC1FF5907, Celsius: 49, A: -3.31, rev/s: -0.175,  rev: +5.225
2024/04/15 13:49:18 ID: 241, Data: 9C315BFEA2FF4F07, Celsius: 49, A: -4.21, rev/s: -0.261,  rev: +5.197
2024/04/15 13:49:18 ID: 241, Data: 9C3133FEC8FF4107, Celsius: 49, A: -4.61, rev/s: -0.156,  rev: +5.158
2024/04/15 13:49:18 ID: 241, Data: 9C31C3FDF7FF3907, Celsius: 49, A: -5.73, rev/s: -0.025,  rev: +5.136
2024/04/15 13:49:19 ID: 241, Data: 9C3127FDBFFF2F07, Celsius: 49, A: -7.29, rev/s: -0.181,  rev: +5.108
2024/04/15 13:49:19 ID: 241, Data: 9C310BFE7EFE1A07, Celsius: 49, A: -5.01, rev/s: -1.072,  rev: +5.050
2024/04/15 13:49:19 ID: 241, Data: 9C31ABFF08000707, Celsius: 49, A: -0.85, rev/s: +0.022,  rev: +4.997
2024/04/15 13:49:19 ID: 241, Data: 9C317DFF02000907, Celsius: 49, A: -1.31, rev/s: +0.006,  rev: +5.003
2024/04/15 13:49:19 ID: 241, Data: 9C314DFF1AFFFE06, Celsius: 49, A: -1.79, rev/s: -0.639,  rev: +4.972
2024/04/15 13:49:19 ID: 241, Data: 9C316CFF32FFF406, Celsius: 49, A: -1.48, rev/s: -0.572,  rev: +4.944
2024/04/15 13:49:19 ID: 241, Data: 9C3218FF92FFE906, Celsius: 50, A: -2.32, rev/s: -0.306,  rev: +4.914
2024/04/15 13:49:19 ID: 241, Data: 9C32AFFEF1FFE006, Celsius: 50, A: -3.37, rev/s: -0.042,  rev: +4.889
2024/04/15 13:49:19 ID: 241, Data: 9C324AFE7DFFD606, Celsius: 50, A: -4.38, rev/s: -0.364,  rev: +4.861
2024/04/15 13:49:19 ID: 241, Data: 9C32CEFDEDFFC906, Celsius: 50, A: -5.62, rev/s: -0.053,  rev: +4.825
2024/04/15 13:49:20 ID: 241, Data: 9C3295FD7FFFBE06, Celsius: 50, A: -6.19, rev/s: -0.358,  rev: +4.794
2024/04/15 13:49:20 ID: 241, Data: 9C327CFDE5FEB106, Celsius: 50, A: -6.44, rev/s: -0.786,  rev: +4.758
2024/04/15 13:49:20 ID: 241, Data: 9C32B2FE04FF9B06, Celsius: 50, A: -3.34, rev/s: -0.700,  rev: +4.697
2024/04/15 13:49:20 ID: 241, Data: 9C32C6FF18009106, Celsius: 50, A: -0.58, rev/s: +0.067,  rev: +4.669
2024/04/15 13:49:20 ID: 241, Data: 9C3266FFC6FF9106, Celsius: 50, A: -1.54, rev/s: -0.161,  rev: +4.669
2024/04/15 13:49:20 ID: 241, Data: 9C3282FF48FF8206, Celsius: 50, A: -1.26, rev/s: -0.511,  rev: +4.628
2024/04/15 13:49:20 ID: 241, Data: 9C325DFFEAFF7806, Celsius: 50, A: -1.63, rev/s: -0.061,  rev: +4.600
2024/04/15 13:49:20 ID: 241, Data: 9C322EFFB2FF7006, Celsius: 50, A: -2.10, rev/s: -0.217,  rev: +4.578
2024/04/15 13:49:20 ID: 241, Data: 9C32F0FE67FF6606, Celsius: 50, A: -2.72, rev/s: -0.425,  rev: +4.550
2024/04/15 13:49:20 ID: 241, Data: 9C32A3FE4AFF5A06, Celsius: 50, A: -3.49, rev/s: -0.506,  rev: +4.517
2024/04/15 13:49:21 ID: 241, Data: 9C3202FF0AFF4A06, Celsius: 50, A: -2.54, rev/s: -0.683,  rev: +4.472
2024/04/15 13:49:21 ID: 241, Data: 9C3235FFE5FF3F06, Celsius: 50, A: -2.03, rev/s: -0.075,  rev: +4.442
2024/04/15 13:49:21 ID: 241, Data: 9C32ACFEA8FF3906, Celsius: 50, A: -3.40, rev/s: -0.244,  rev: +4.425
2024/04/15 13:49:21 ID: 241, Data: 9C3214FECCFF2F06, Celsius: 50, A: -4.92, rev/s: -0.144,  rev: +4.397
2024/04/15 13:49:21 ID: 241, Data: 9C32FDFED6FE1A06, Celsius: 50, A: -2.59, rev/s: -0.828,  rev: +4.339
2024/04/15 13:49:21 ID: 241, Data: 9C326AFF18001106, Celsius: 50, A: -1.50, rev/s: +0.067,  rev: +4.314
2024/04/15 13:49:21 ID: 241, Data: 9C324DFF77FF0906, Celsius: 50, A: -1.79, rev/s: -0.381,  rev: +4.292
2024/04/15 13:49:21 ID: 241, Data: 9C3214FFDAFF0006, Celsius: 50, A: -2.36, rev/s: -0.106,  rev: +4.267
2024/04/15 13:49:21 ID: 241, Data: 9C32E0FE9EFFF705, Celsius: 50, A: -2.88, rev/s: -0.272,  rev: +4.242
2024/04/15 13:49:21 ID: 241, Data: 9C32AFFE82FFEA05, Celsius: 50, A: -3.37, rev/s: -0.350,  rev: +4.206
2024/04/15 13:49:22 ID: 241, Data: 9C323BFEA3FFE105, Celsius: 50, A: -4.53, rev/s: -0.258,  rev: +4.181
2024/04/15 13:49:22 ID: 241, Data: 9C327EFDACFFD905, Celsius: 50, A: -6.42, rev/s: -0.233,  rev: +4.158
2024/04/15 13:49:22 ID: 241, Data: 9C32D6FC8DFFCF05, Celsius: 50, A: -8.10, rev/s: -0.319,  rev: +4.131
2024/04/15 13:49:22 ID: 241, Data: 9C3232FD2EFEBB05, Celsius: 50, A: -7.18, rev/s: -1.294,  rev: +4.075
2024/04/15 13:49:22 ID: 241, Data: 9C32FDFF70019F05, Celsius: 50, A: -0.03, rev/s: +1.022,  rev: +3.997
2024/04/15 13:49:22 ID: 241, Data: 9C32F9FF0600A405, Celsius: 50, A: -0.07, rev/s: +0.017,  rev: +4.011
2024/04/15 13:49:22 ID: 241, Data: 9C32E7FF6EFF9D05, Celsius: 50, A: -0.25, rev/s: -0.406,  rev: +3.992
2024/04/15 13:49:22 ID: 241, Data: 9C32EBFF9DFF9105, Celsius: 50, A: -0.21, rev/s: -0.275,  rev: +3.958
2024/04/15 13:49:22 ID: 241, Data: 9C32CAFFCCFF8705, Celsius: 50, A: -0.54, rev/s: -0.144,  rev: +3.931
2024/04/15 13:49:23 ID: 241, Data: 9C32BBFF66FF7C05, Celsius: 50, A: -0.69, rev/s: -0.428,  rev: +3.900
2024/04/15 13:49:23 ID: 241, Data: 9C3276FFA6FF7005, Celsius: 50, A: -1.38, rev/s: -0.250,  rev: +3.867
2024/04/15 13:49:23 ID: 241, Data: 9C32E5FEDEFF6905, Celsius: 50, A: -2.83, rev/s: -0.094,  rev: +3.847
2024/04/15 13:49:23 ID: 241, Data: 9C322CFE89FF5F05, Celsius: 50, A: -4.68, rev/s: -0.331,  rev: +3.819
2024/04/15 13:49:23 ID: 241, Data: 9C3293FD68FF5205, Celsius: 50, A: -6.21, rev/s: -0.422,  rev: +3.783
2024/04/15 13:49:23 ID: 241, Data: 9C32ACFD50FF4005, Celsius: 50, A: -5.96, rev/s: -0.489,  rev: +3.733
2024/04/15 13:49:23 ID: 241, Data: 9C326AFFB5FF2A05, Celsius: 50, A: -1.50, rev/s: -0.208,  rev: +3.672
2024/04/15 13:49:23 ID: 241, Data: 9C328FFFEFFF2905, Celsius: 50, A: -1.13, rev/s: -0.047,  rev: +3.669
2024/04/15 13:49:23 ID: 241, Data: 9C327AFF7FFF2005, Celsius: 50, A: -1.34, rev/s: -0.358,  rev: +3.644
2024/04/15 13:49:23 ID: 241, Data: 9C3256FFD0FF1705, Celsius: 50, A: -1.70, rev/s: -0.133,  rev: +3.619
2024/04/15 13:49:24 ID: 241, Data: 9C3228FF6BFF0E05, Celsius: 50, A: -2.16, rev/s: -0.414,  rev: +3.594
2024/04/15 13:49:24 ID: 241, Data: 9C32D4FE6FFF0305, Celsius: 50, A: -3.00, rev/s: -0.403,  rev: +3.564
2024/04/15 13:49:24 ID: 241, Data: 9C3246FEDAFFF904, Celsius: 50, A: -4.42, rev/s: -0.106,  rev: +3.536
2024/04/15 13:49:24 ID: 241, Data: 9C3301FE1BFFED04, Celsius: 51, A: -5.11, rev/s: -0.636,  rev: +3.503
2024/04/15 13:49:24 ID: 241, Data: 9C32FDFD69FFDE04, Celsius: 50, A: -5.15, rev/s: -0.419,  rev: +3.461
2024/04/15 13:49:24 ID: 241, Data: 9C3349FECCFFD104, Celsius: 51, A: -4.39, rev/s: -0.144,  rev: +3.425
2024/04/15 13:49:24 ID: 241, Data: 9C321DFEDFFFC904, Celsius: 50, A: -4.83, rev/s: -0.092,  rev: +3.403
2024/04/15 13:49:24 ID: 241, Data: 9C3346FE15FFBD04, Celsius: 51, A: -4.42, rev/s: -0.653,  rev: +3.369
2024/04/15 13:49:24 ID: 241, Data: 9C325DFFE1FFA904, Celsius: 50, A: -1.63, rev/s: -0.086,  rev: +3.314
2024/04/15 13:49:24 ID: 241, Data: 9C331EFFD0FFA804, Celsius: 51, A: -2.26, rev/s: -0.133,  rev: +3.311
2024/04/15 13:49:25 ID: 241, Data: 9C3313FF7CFF9E04, Celsius: 51, A: -2.37, rev/s: -0.367,  rev: +3.283
2024/04/15 13:49:25 ID: 241, Data: 9C32EFFE33FF9204, Celsius: 50, A: -2.73, rev/s: -0.569,  rev: +3.250
2024/04/15 13:49:25 ID: 241, Data: 9C3358FE03FF8A04, Celsius: 51, A: -4.24, rev/s: -0.703,  rev: +3.228
2024/04/15 13:49:25 ID: 241, Data: 9C33B3FD68FF7F04, Celsius: 51, A: -5.89, rev/s: -0.422,  rev: +3.197
2024/04/15 13:49:25 ID: 241, Data: 9C33ABFD90FF7004, Celsius: 51, A: -5.97, rev/s: -0.311,  rev: +3.156
2024/04/15 13:49:25 ID: 241, Data: 9C333FFDEAFF6804, Celsius: 51, A: -7.05, rev/s: -0.061,  rev: +3.133
2024/04/15 13:49:25 ID: 241, Data: 9C32C5FCF5FF6004, Celsius: 50, A: -8.27, rev/s: -0.031,  rev: +3.111
2024/04/15 13:49:25 ID: 241, Data: 9C3207FD46FF5604, Celsius: 50, A: -7.61, rev/s: -0.517,  rev: +3.083
2024/04/15 13:49:25 ID: 241, Data: 9C3334FFA0001604, Celsius: 51, A: -2.04, rev/s: +0.444,  rev: +2.906
2024/04/15 13:49:26 ID: 241, Data: 9C330C002F002F04, Celsius: 51, A: +0.12, rev/s: +0.131,  rev: +2.975
2024/04/15 13:49:26 ID: 241, Data: 9C33E0FFC8FF2E04, Celsius: 51, A: -0.32, rev/s: -0.156,  rev: +2.972
2024/04/15 13:49:26 ID: 241, Data: 9C3349FFD5FF2804, Celsius: 51, A: -1.83, rev/s: -0.119,  rev: +2.956
2024/04/15 13:49:26 ID: 241, Data: 9C333BFF6CFF1904, Celsius: 51, A: -1.97, rev/s: -0.411,  rev: +2.914
2024/04/15 13:49:26 ID: 241, Data: 9C33CCFED9FF1004, Celsius: 51, A: -3.08, rev/s: -0.108,  rev: +2.889
2024/04/15 13:49:26 ID: 241, Data: 9C3312FE95FF0704, Celsius: 51, A: -4.94, rev/s: -0.297,  rev: +2.864
2024/04/15 13:49:26 ID: 241, Data: 9C33D9FDA0FFF803, Celsius: 51, A: -5.51, rev/s: -0.267,  rev: +2.822
2024/04/15 13:49:26 ID: 241, Data: 9C3341FEBDFFE803, Celsius: 51, A: -4.47, rev/s: -0.186,  rev: +2.778
2024/04/15 13:49:26 ID: 241, Data: 9C33ADFE93FFDC03, Celsius: 51, A: -3.39, rev/s: -0.303,  rev: +2.744
2024/04/15 13:49:26 ID: 241, Data: 9C33E9FE8CFFD203, Celsius: 51, A: -2.79, rev/s: -0.322,  rev: +2.717
2024/04/15 13:49:27 ID: 241, Data: 9C3320FFDCFFC703, Celsius: 51, A: -2.24, rev/s: -0.100,  rev: +2.686
2024/04/15 13:49:27 ID: 241, Data: 9C3385FF62FFBD03, Celsius: 51, A: -1.23, rev/s: -0.439,  rev: +2.658
2024/04/15 13:49:27 ID: 241, Data: 9C3382FF53FFB403, Celsius: 51, A: -1.26, rev/s: -0.481,  rev: +2.633
2024/04/15 13:49:27 ID: 241, Data: 9C3356FFC8FFA803, Celsius: 51, A: -1.70, rev/s: -0.156,  rev: +2.600
2024/04/15 13:49:27 ID: 241, Data: 9C332DFFE4FF9F03, Celsius: 51, A: -2.11, rev/s: -0.078,  rev: +2.575
2024/04/15 13:49:27 ID: 241, Data: 9C3327FF3BFF9303, Celsius: 51, A: -2.17, rev/s: -0.547,  rev: +2.542
2024/04/15 13:49:27 ID: 241, Data: 9C33CEFEAAFF8803, Celsius: 51, A: -3.06, rev/s: -0.239,  rev: +2.511
2024/04/15 13:49:27 ID: 241, Data: 9C331EFF35FF7A03, Celsius: 51, A: -2.26, rev/s: -0.564,  rev: +2.472
2024/04/15 13:49:27 ID: 241, Data: 9C3414FFC5FF7003, Celsius: 52, A: -2.36, rev/s: -0.164,  rev: +2.444
2024/04/15 13:49:27 ID: 241, Data: 9C3380FED3FF6903, Celsius: 51, A: -3.84, rev/s: -0.125,  rev: +2.425
2024/04/15 13:49:28 ID: 241, Data: 9C3346FE35FF5D03, Celsius: 51, A: -4.42, rev/s: -0.564,  rev: +2.392
2024/04/15 13:49:28 ID: 241, Data: 9C3395FFB1FF4603, Celsius: 51, A: -1.07, rev/s: -0.219,  rev: +2.328
2024/04/15 13:49:28 ID: 241, Data: 9C339EFFD4FF4303, Celsius: 51, A: -0.98, rev/s: -0.122,  rev: +2.319
2024/04/15 13:49:28 ID: 241, Data: 9C339AFFC6FE3A03, Celsius: 51, A: -1.02, rev/s: -0.872,  rev: +2.294
2024/04/15 13:49:28 ID: 241, Data: 9C3455FFAAFF2F03, Celsius: 52, A: -1.71, rev/s: -0.239,  rev: +2.264
2024/04/15 13:49:28 ID: 241, Data: 9C33DDFEA5FF2703, Celsius: 51, A: -2.91, rev/s: -0.253,  rev: +2.242
2024/04/15 13:49:28 ID: 241, Data: 9C338BFE60FF1A03, Celsius: 51, A: -3.73, rev/s: -0.444,  rev: +2.206
2024/04/15 13:49:28 ID: 241, Data: 9C34FEFD9BFF1003, Celsius: 52, A: -5.14, rev/s: -0.281,  rev: +2.178
2024/04/15 13:49:28 ID: 241, Data: 9C335CFDDBFF0603, Celsius: 51, A: -6.76, rev/s: -0.103,  rev: +2.150
2024/04/15 13:49:28 ID: 241, Data: 9C332AFDABFFF702, Celsius: 51, A: -7.26, rev/s: -0.236,  rev: +2.108
2024/04/15 13:49:29 ID: 241, Data: 9C3344FEF0FEE402, Celsius: 51, A: -4.44, rev/s: -0.756,  rev: +2.056
2024/04/15 13:49:29 ID: 241, Data: 9C333EFFE8FFD702, Celsius: 51, A: -1.94, rev/s: -0.067,  rev: +2.019
2024/04/15 13:49:29 ID: 241, Data: 9C33D4FEFDFFD702, Celsius: 51, A: -3.00, rev/s: -0.008,  rev: +2.019
2024/04/15 13:49:29 ID: 241, Data: 9C3327FFBBFFC802, Celsius: 51, A: -2.17, rev/s: -0.192,  rev: +1.978
2024/04/15 13:49:29 ID: 241, Data: 9C3335FFC6FFBF02, Celsius: 51, A: -2.03, rev/s: -0.161,  rev: +1.953
2024/04/15 13:49:29 ID: 241, Data: 9C3319FFA4FFB602, Celsius: 51, A: -2.31, rev/s: -0.256,  rev: +1.928
2024/04/15 13:49:29 ID: 241, Data: 9C34E0FE81FFAB02, Celsius: 52, A: -2.88, rev/s: -0.353,  rev: +1.897
2024/04/15 13:49:29 ID: 241, Data: 9C3387FECFFFA002, Celsius: 51, A: -3.77, rev/s: -0.136,  rev: +1.867
2024/04/15 13:49:29 ID: 241, Data: 9C346FFE62FF9502, Celsius: 52, A: -4.01, rev/s: -0.439,  rev: +1.836
2024/04/15 13:49:30 ID: 241, Data: 9C3398FDB0FF8E02, Celsius: 51, A: -6.16, rev/s: -0.222,  rev: +1.817
2024/04/15 13:49:30 ID: 241, Data: 9C333AFD8CFF8002, Celsius: 51, A: -7.10, rev/s: -0.322,  rev: +1.778
2024/04/15 13:49:30 ID: 241, Data: 9C33DBFE0BFF6502, Celsius: 51, A: -2.93, rev/s: -0.681,  rev: +1.703
2024/04/15 13:49:30 ID: 241, Data: 9C33D4FF1F005E02, Celsius: 51, A: -0.44, rev/s: +0.086,  rev: +1.683
2024/04/15 13:49:30 ID: 241, Data: 9C335EFFB9FF5E02, Celsius: 51, A: -1.62, rev/s: -0.197,  rev: +1.683
2024/04/15 13:49:30 ID: 241, Data: 9C3469FFDEFE5102, Celsius: 52, A: -1.51, rev/s: -0.806,  rev: +1.647
2024/04/15 13:49:30 ID: 241, Data: 9C3497FF55FF4502, Celsius: 52, A: -1.05, rev/s: -0.475,  rev: +1.614
2024/04/15 13:49:30 ID: 241, Data: 9C3482FF5EFF3B02, Celsius: 52, A: -1.26, rev/s: -0.450,  rev: +1.586
2024/04/15 13:49:30 ID: 241, Data: 9C340AFF93FF3202, Celsius: 52, A: -2.46, rev/s: -0.303,  rev: +1.561
2024/04/15 13:49:30 ID: 241, Data: 9C338BFEA1FF2802, Celsius: 51, A: -3.73, rev/s: -0.264,  rev: +1.533
2024/04/15 13:49:31 ID: 241, Data: 9C347BFE73FF1A02, Celsius: 52, A: -3.89, rev/s: -0.392,  rev: +1.494
2024/04/15 13:49:31 ID: 241, Data: 9C347DFE6CFF0E02, Celsius: 52, A: -3.87, rev/s: -0.411,  rev: +1.461
2024/04/15 13:49:31 ID: 241, Data: 9C34AEFEC8FF0102, Celsius: 52, A: -3.38, rev/s: -0.156,  rev: +1.425
2024/04/15 13:49:31 ID: 241, Data: 9C330DFF93FFF501, Celsius: 51, A: -2.43, rev/s: -0.303,  rev: +1.392
2024/04/15 13:49:31 ID: 241, Data: 9C331BFF87FFEC01, Celsius: 51, A: -2.29, rev/s: -0.336,  rev: +1.367
2024/04/15 13:49:31 ID: 241, Data: 9C344FFF7DFFDF01, Celsius: 52, A: -1.77, rev/s: -0.364,  rev: +1.331
2024/04/15 13:49:31 ID: 241, Data: 9C343FFFDEFFD801, Celsius: 52, A: -1.93, rev/s: -0.094,  rev: +1.311
2024/04/15 13:49:31 ID: 241, Data: 9C3450FF56FFCD01, Celsius: 52, A: -1.76, rev/s: -0.472,  rev: +1.281
2024/04/15 13:49:31 ID: 241, Data: 9C3412FFCDFFC101, Celsius: 52, A: -2.38, rev/s: -0.142,  rev: +1.247
2024/04/15 13:49:31 ID: 241, Data: 9C33BBFEF2FFB801, Celsius: 51, A: -3.25, rev/s: -0.039,  rev: +1.222
2024/04/15 13:49:32 ID: 241, Data: 9C335FFE5EFFAE01, Celsius: 51, A: -4.17, rev/s: -0.450,  rev: +1.194
2024/04/15 13:49:32 ID: 241, Data: 9C34FAFDB5FFA101, Celsius: 52, A: -5.18, rev/s: -0.208,  rev: +1.158
2024/04/15 13:49:32 ID: 241, Data: 9C34F7FD42FF9501, Celsius: 52, A: -5.21, rev/s: -0.528,  rev: +1.125
2024/04/15 13:49:32 ID: 241, Data: 9C3439FE74FF8701, Celsius: 52, A: -4.55, rev/s: -0.389,  rev: +1.086
2024/04/15 13:49:32 ID: 241, Data: 9C34C4FE8FFF7801, Celsius: 52, A: -3.16, rev/s: -0.314,  rev: +1.044
2024/04/15 13:49:32 ID: 241, Data: 9C34C6FEF1FF7201, Celsius: 52, A: -3.14, rev/s: -0.042,  rev: +1.028
2024/04/15 13:49:32 ID: 241, Data: 9C3331FF2CFF6301, Celsius: 51, A: -2.07, rev/s: -0.589,  rev: +0.986
2024/04/15 13:49:32 ID: 241, Data: 9C347AFFC5FF5901, Celsius: 52, A: -1.34, rev/s: -0.164,  rev: +0.958
2024/04/15 13:49:32 ID: 241, Data: 9C3468FF27FF5201, Celsius: 52, A: -1.52, rev/s: -0.603,  rev: +0.939
2024/04/15 13:49:32 ID: 241, Data: 9C3402FFCDFF4901, Celsius: 52, A: -2.54, rev/s: -0.142,  rev: +0.914
2024/04/15 13:49:33 ID: 241, Data: 9C3477FED7FF4001, Celsius: 52, A: -3.93, rev/s: -0.114,  rev: +0.889
2024/04/15 13:49:33 ID: 241, Data: 9C34F1FD6AFF3601, Celsius: 52, A: -5.27, rev/s: -0.417,  rev: +0.861
2024/04/15 13:49:33 ID: 241, Data: 9C3466FDD0FF2901, Celsius: 52, A: -6.66, rev/s: -0.133,  rev: +0.825
2024/04/15 13:49:33 ID: 241, Data: 9C3471FD21FF1A01, Celsius: 52, A: -6.55, rev/s: -0.619,  rev: +0.783
2024/04/15 13:49:33 ID: 241, Data: 9C33B3FD9FFF0C01, Celsius: 51, A: -5.89, rev/s: -0.269,  rev: +0.744
2024/04/15 13:49:33 ID: 241, Data: 9C345BFEC0FFFE00, Celsius: 52, A: -4.21, rev/s: -0.178,  rev: +0.706
2024/04/15 13:49:33 ID: 241, Data: 9C343BFFCDFFF200, Celsius: 52, A: -1.97, rev/s: -0.142,  rev: +0.672
2024/04/15 13:49:33 ID: 241, Data: 9C34FFFEA6FFEF00, Celsius: 52, A: -2.57, rev/s: -0.250,  rev: +0.664
2024/04/15 13:49:33 ID: 241, Data: 9C345BFF68FFE100, Celsius: 52, A: -1.65, rev/s: -0.422,  rev: +0.625
2024/04/15 13:49:34 ID: 241, Data: 9C3432FFD4FFD900, Celsius: 52, A: -2.06, rev/s: -0.122,  rev: +0.603
2024/04/15 13:49:34 ID: 241, Data: 9C34E0FED5FFD000, Celsius: 52, A: -2.88, rev/s: -0.119,  rev: +0.578
2024/04/15 13:49:34 ID: 241, Data: 9C34A0FE50FFC500, Celsius: 52, A: -3.52, rev/s: -0.489,  rev: +0.547
2024/04/15 13:49:34 ID: 241, Data: 9C3429FE86FFB900, Celsius: 52, A: -4.71, rev/s: -0.339,  rev: +0.514
2024/04/15 13:49:34 ID: 241, Data: 9C34C2FDBDFFAF00, Celsius: 52, A: -5.74, rev/s: -0.186,  rev: +0.486
2024/04/15 13:49:34 ID: 241, Data: 9C34A9FD38FFA200, Celsius: 52, A: -5.99, rev/s: -0.556,  rev: +0.450
2024/04/15 13:49:34 ID: 241, Data: 9C342BFE1AFF9000, Celsius: 52, A: -4.69, rev/s: -0.639,  rev: +0.400
2024/04/15 13:49:34 ID: 241, Data: 9C3483FFD7FF8000, Celsius: 52, A: -1.25, rev/s: -0.114,  rev: +0.356
2024/04/15 13:49:34 ID: 241, Data: 9C3447FF0F008000, Celsius: 52, A: -1.85, rev/s: +0.042,  rev: +0.356
2024/04/15 13:49:34 ID: 241, Data: 9C34E3FEBBFE7800, Celsius: 52, A: -2.85, rev/s: -0.903,  rev: +0.333
2024/04/15 13:49:35 ID: 241, Data: 9C3469FFC9FF6700, Celsius: 52, A: -1.51, rev/s: -0.153,  rev: +0.286
2024/04/15 13:49:35 ID: 241, Data: 9C3433FFE2FF6100, Celsius: 52, A: -2.05, rev/s: -0.083,  rev: +0.269
2024/04/15 13:49:35 ID: 241, Data: 9C34D3FECCFF5800, Celsius: 52, A: -3.01, rev/s: -0.144,  rev: +0.244
2024/04/15 13:49:35 ID: 241, Data: 9C3478FE20FF4C00, Celsius: 52, A: -3.92, rev/s: -0.622,  rev: +0.211
2024/04/15 13:49:35 ID: 241, Data: 9C34FCFDD1FF4000, Celsius: 52, A: -5.16, rev/s: -0.131,  rev: +0.178
2024/04/15 13:49:35 ID: 241, Data: 9C34E7FD47FF3300, Celsius: 52, A: -5.37, rev/s: -0.514,  rev: +0.142
2024/04/15 13:49:35 ID: 241, Data: 9C3484FD95FF2800, Celsius: 52, A: -6.36, rev/s: -0.297,  rev: +0.111
2024/04/15 13:49:35 ID: 241, Data: 9C34ECFD8EFF1700, Celsius: 52, A: -5.32, rev/s: -0.317,  rev: +0.064
2024/04/15 13:49:35 ID: 241, Data: 9C3481FFE2FF0600, Celsius: 52, A: -1.27, rev/s: -0.083,  rev: +0.017
2024/04/15 13:49:35 ID: 241, Data: 9C3453FFD6FF0500, Celsius: 52, A: -1.73, rev/s: -0.117,  rev: +0.014
