2024/04/15 13:51:53 ID: 241, Data: 9C2D30FF89FFFEFF, Celsius: 45, A: -2.08, rev/s: -0.331,  rev: -0.006
2024/04/15 13:51:53 ID: 241, Data: 9C2D3FFFEDFFF1FF, Celsius: 45, A: -1.93, rev/s: -0.053,  rev: -0.042
2024/04/15 13:51:53 ID: 241, Data: 9C2D20FF97FFE7FF, Celsius: 45, A: -2.24, rev/s: -0.292,  rev: -0.069
2024/04/15 13:51:53 ID: 241, Data: 9C2DE4FE4BFFDCFF, Celsius: 45, A: -2.84, rev/s: -0.503,  rev: -0.100
2024/04/15 13:51:53 ID: 241, Data: 9C2D50FE69FFD3FF, Celsius: 45, A: -4.32, rev/s: -0.419,  rev: -0.125
2024/04/15 13:51:53 ID: 241, Data: 9C2D77FDD7FFCAFF, Celsius: 45, A: -6.49, rev/s: -0.114,  rev: -0.150
2024/04/15 13:51:53 ID: 241, Data: 9C2D04FD7FFFBDFF, Celsius: 45, A: -7.64, rev/s: -0.358,  rev: -0.186
2024/04/15 13:51:53 ID: 241, Data: 9C2DDFFCC1FFAFFF, Celsius: 45, A: -8.01, rev/s: -0.175,  rev: -0.225
2024/04/15 13:51:53 ID: 241, Data: 9C2D87FDE6FE9AFF, Celsius: 45, A: -6.33, rev/s: -0.783,  rev: -0.283
2024/04/15 13:51:54 ID: 241, Data: 9C2DD2FEBBFF8CFF, Celsius: 45, A: -3.02, rev/s: -0.192,  rev: -0.322
2024/04/15 13:51:54 ID: 241, Data: 9C2DE0FEE8FF8AFF, Celsius: 45, A: -2.88, rev/s: -0.067,  rev: -0.328
2024/04/15 13:51:54 ID: 241, Data: 9C2DCBFE04FF81FF, Celsius: 45, A: -3.09, rev/s: -0.700,  rev: -0.353
2024/04/15 13:51:54 ID: 241, Data: 9C2D1CFF3AFF75FF, Celsius: 45, A: -2.28, rev/s: -0.550,  rev: -0.386
2024/04/15 13:51:54 ID: 241, Data: 9C2DCFFE89FF6EFF, Celsius: 45, A: -3.05, rev/s: -0.331,  rev: -0.406
2024/04/15 13:51:54 ID: 241, Data: 9C2E4CFE98FF65FF, Celsius: 46, A: -4.36, rev/s: -0.289,  rev: -0.431
2024/04/15 13:51:54 ID: 241, Data: 9C2EB5FD09005AFF, Celsius: 46, A: -5.87, rev/s: +0.025,  rev: -0.461
2024/04/15 13:51:54 ID: 241, Data: 9C2D89FD90FF4CFF, Celsius: 45, A: -6.31, rev/s: -0.311,  rev: -0.500
2024/04/15 13:51:54 ID: 241, Data: 9C2D22FD48FF45FF, Celsius: 45, A: -7.34, rev/s: -0.511,  rev: -0.519
2024/04/15 13:51:55 ID: 241, Data: 9C2EF3FCD4FF3FFF, Celsius: 46, A: -7.81, rev/s: -0.122,  rev: -0.536
2024/04/15 13:51:55 ID: 241, Data: 9C2EC5FCCCFF2FFF, Celsius: 46, A: -8.27, rev/s: -0.144,  rev: -0.581
2024/04/15 13:51:55 ID: 241, Data: 9C2ED4FD6AFD14FF, Celsius: 46, A: -5.56, rev/s: -1.839,  rev: -0.656
2024/04/15 13:51:55 ID: 241, Data: 9C2E0400F300F6FE, Celsius: 46, A: +0.04, rev/s: +0.675,  rev: -0.739
2024/04/15 13:51:55 ID: 241, Data: 9C2EDFFFFBFF04FF, Celsius: 46, A: -0.33, rev/s: -0.014,  rev: -0.700
2024/04/15 13:51:55 ID: 241, Data: 9C2E4AFF93FF01FF, Celsius: 46, A: -1.82, rev/s: -0.303,  rev: -0.708
2024/04/15 13:51:55 ID: 241, Data: 9C2E53FFECFFF2FE, Celsius: 46, A: -1.73, rev/s: -0.056,  rev: -0.750
2024/04/15 13:51:55 ID: 241, Data: 9C2EDAFE92FFEAFE, Celsius: 46, A: -2.94, rev/s: -0.306,  rev: -0.772
2024/04/15 13:51:55 ID: 241, Data: 9C2E44FEE0FFE1FE, Celsius: 46, A: -4.44, rev/s: -0.089,  rev: -0.797
2024/04/15 13:51:55 ID: 241, Data: 9C2F69FDC2FFD8FE, Celsius: 47, A: -6.63, rev/s: -0.172,  rev: -0.822
2024/04/15 13:51:56 ID: 241, Data: 9C2E00FDDAFFD0FE, Celsius: 46, A: -7.68, rev/s: -0.106,  rev: -0.844
2024/04/15 13:51:56 ID: 241, Data: 9C2E54FCF5FFCAFE, Celsius: 46, A: -9.40, rev/s: -0.031,  rev: -0.861
2024/04/15 13:51:56 ID: 241, Data: 9C2E8AFC0400C9FE, Celsius: 46, A: -8.86, rev/s: +0.011,  rev: -0.864
2024/04/15 13:51:56 ID: 241, Data: 9C2E8AFC4700C9FE, Celsius: 46, A: -8.86, rev/s: +0.197,  rev: -0.864
2024/04/15 13:51:56 ID: 241, Data: 9C2E9CFC0F00C9FE, Celsius: 46, A: -8.68, rev/s: +0.042,  rev: -0.864
2024/04/15 13:51:56 ID: 241, Data: 9C2F9DFCE1FFC9FE, Celsius: 47, A: -8.67, rev/s: -0.086,  rev: -0.864
2024/04/15 13:51:56 ID: 241, Data: 9C2F9BFC1D00C9FE, Celsius: 47, A: -8.69, rev/s: +0.081,  rev: -0.864
2024/04/15 13:51:56 ID: 241, Data: 9C2F97FCF0FFC9FE, Celsius: 47, A: -8.73, rev/s: -0.044,  rev: -0.864
2024/04/15 13:51:56 ID: 241, Data: 9C2FA4FCD0FFC9FE, Celsius: 47, A: -8.60, rev/s: -0.133,  rev: -0.864
2024/04/15 13:51:56 ID: 241, Data: 9C2FA5FC3500C9FE, Celsius: 47, A: -8.59, rev/s: +0.147,  rev: -0.864
2024/04/15 13:51:57 ID: 241, Data: 9C2FA7FCFBFFC9FE, Celsius: 47, A: -8.57, rev/s: -0.014,  rev: -0.864
2024/04/15 13:51:57 ID: 241, Data: 9C2FAAFCEBFFC9FE, Celsius: 47, A: -8.54, rev/s: -0.058,  rev: -0.864
2024/04/15 13:51:57 ID: 241, Data: 9C2FACFCF7FFC9FE, Celsius: 47, A: -8.52, rev/s: -0.025,  rev: -0.864
2024/04/15 13:51:57 ID: 241, Data: 9C2FAAFC0E00C9FE, Celsius: 47, A: -8.54, rev/s: +0.039,  rev: -0.864
2024/04/15 13:51:57 ID: 241, Data: 9C30AEFC3400C9FE, Celsius: 48, A: -8.50, rev/s: +0.144,  rev: -0.864
2024/04/15 13:51:57 ID: 241, Data: 9C30AFFCD5FFC9FE, Celsius: 48, A: -8.49, rev/s: -0.119,  rev: -0.864
2024/04/15 13:51:57 ID: 241, Data: 9C30B3FC2C00C9FE, Celsius: 48, A: -8.45, rev/s: +0.122,  rev: -0.864
2024/04/15 13:51:57 ID: 241, Data: 9C30B5FC2900C9FE, Celsius: 48, A: -8.43, rev/s: +0.114,  rev: -0.864
2024/04/15 13:51:57 ID: 241, Data: 9C30B5FC0400C9FE, Celsius: 48, A: -8.43, rev/s: +0.011,  rev: -0.864
2024/04/15 13:51:58 ID: 241, Data: 9C30B9FCFFFFC9FE, Celsius: 48, A: -8.39, rev/s: -0.003,  rev: -0.864
2024/04/15 13:51:58 ID: 241, Data: 9C31BCFCDAFFC9FE, Celsius: 49, A: -8.36, rev/s: -0.106,  rev: -0.864
2024/04/15 13:51:58 ID: 241, Data: 9C31BAFC0700C9FE, Celsius: 49, A: -8.38, rev/s: +0.019,  rev: -0.864
2024/04/15 13:51:58 ID: 241, Data: 9C31BCFC4200C9FE, Celsius: 49, A: -8.36, rev/s: +0.183,  rev: -0.864
2024/04/15 13:51:58 ID: 241, Data: 9C31BDFCDDFFC9FE, Celsius: 49, A: -8.35, rev/s: -0.097,  rev: -0.864
2024/04/15 13:51:58 ID: 241, Data: 9C31BCFC3100C9FE, Celsius: 49, A: -8.36, rev/s: +0.136,  rev: -0.864
2024/04/15 13:51:58 ID: 241, Data: 9C31C3FCD8FFC9FE, Celsius: 49, A: -8.29, rev/s: -0.111,  rev: -0.864
2024/04/15 13:51:58 ID: 241, Data: 9C32C3FCFAFFC9FE, Celsius: 50, A: -8.29, rev/s: -0.017,  rev: -0.864
2024/04/15 13:51:58 ID: 241, Data: 9C32C4FCF2FFC9FE, Celsius: 50, A: -8.28, rev/s: -0.039,  rev: -0.864
2024/04/15 13:51:58 ID: 241, Data: 9C32C6FCF2FFC9FE, Celsius: 50, A: -8.26, rev/s: -0.039,  rev: -0.864
2024/04/15 13:51:59 ID: 241, Data: 9C32BFFC1F00C9FE, Celsius: 50, A: -8.33, rev/s: +0.086,  rev: -0.864
2024/04/15 13:51:59 ID: 241, Data: 9C33C8FC2200C9FE, Celsius: 51, A: -8.24, rev/s: +0.094,  rev: -0.864
2024/04/15 13:51:59 ID: 241, Data: 9C33C8FC0000C9FE, Celsius: 51, A: -8.24, rev/s: +0.000,  rev: -0.864
2024/04/15 13:51:59 ID: 241, Data: 9C33C7FC2100C9FE, Celsius: 51, A: -8.25, rev/s: +0.092,  rev: -0.864
2024/04/15 13:51:59 ID: 241, Data: 9C33CBFC2B00C9FE, Celsius: 51, A: -8.21, rev/s: +0.119,  rev: -0.864
2024/04/15 13:51:59 ID: 241, Data: 9C33CBFC1400C9FE, Celsius: 51, A: -8.21, rev/s: +0.056,  rev: -0.864
2024/04/15 13:51:59 ID: 241, Data: 9C33CCFCE1FFC8FE, Celsius: 51, A: -8.20, rev/s: -0.086,  rev: -0.867
2024/04/15 13:51:59 ID: 241, Data: 9C34CFFC0D00C9FE, Celsius: 52, A: -8.17, rev/s: +0.036,  rev: -0.864
2024/04/15 13:51:59 ID: 241, Data: 9C34CBFCD6FFC8FE, Celsius: 52, A: -8.21, rev/s: -0.117,  rev: -0.867
2024/04/15 13:51:59 ID: 241, Data: 9C34CEFC0300C9FE, Celsius: 52, A: -8.18, rev/s: +0.008,  rev: -0.864
2024/04/15 13:52:00 ID: 241, Data: 9C34CCFCF8FFC9FE, Celsius: 52, A: -8.20, rev/s: -0.022,  rev: -0.864
2024/04/15 13:52:00 ID: 241, Data: 9C35D0FC0600C9FE, Celsius: 53, A: -8.16, rev/s: +0.017,  rev: -0.864
2024/04/15 13:52:00 ID: 241, Data: 9C35D3FC0C00C9FE, Celsius: 53, A: -8.13, rev/s: +0.033,  rev: -0.864
2024/04/15 13:52:00 ID: 241, Data: 9C35D1FC2900C9FE, Celsius: 53, A: -8.15, rev/s: +0.114,  rev: -0.864
2024/04/15 13:52:00 ID: 241, Data: 9C35D2FC0B00C9FE, Celsius: 53, A: -8.14, rev/s: +0.031,  rev: -0.864
2024/04/15 13:52:00 ID: 241, Data: 9C35D1FC1B00C9FE, Celsius: 53, A: -8.15, rev/s: +0.075,  rev: -0.864
2024/04/15 13:52:00 ID: 241, Data: 9C35D2FCF9FFC8FE, Celsius: 53, A: -8.14, rev/s: -0.019,  rev: -0.867
2024/04/15 13:52:00 ID: 241, Data: 9C36D6FC2700C9FE, Celsius: 54, A: -8.10, rev/s: +0.108,  rev: -0.864
2024/04/15 13:52:00 ID: 241, Data: 9C36D4FC1000C9FE, Celsius: 54, A: -8.12, rev/s: +0.044,  rev: -0.864
2024/04/15 13:52:01 ID: 241, Data: 9C36D8FCFFFFC8FE, Celsius: 54, A: -8.08, rev/s: -0.003,  rev: -0.867
2024/04/15 13:52:01 ID: 241, Data: 9C36D8FC0000C8FE, Celsius: 54, A: -8.08, rev/s: +0.000,  rev: -0.867
2024/04/15 13:52:01 ID: 241, Data: 9C37D8FCF6FFC8FE, Celsius: 55, A: -8.08, rev/s: -0.028,  rev: -0.867
2024/04/15 13:52:01 ID: 241, Data: 9C37D9FCE6FFC8FE, Celsius: 55, A: -8.07, rev/s: -0.072,  rev: -0.867
2024/04/15 13:52:01 ID: 241, Data: 9C37DEFC1900C8FE, Celsius: 55, A: -8.02, rev/s: +0.069,  rev: -0.867
2024/04/15 13:52:01 ID: 241, Data: 9C38DAFC4800C9FE, Celsius: 56, A: -8.06, rev/s: +0.200,  rev: -0.864
2024/04/15 13:52:01 ID: 241, Data: 9C38DBFCE7FFC8FE, Celsius: 56, A: -8.05, rev/s: -0.069,  rev: -0.867
2024/04/15 13:52:01 ID: 241, Data: 9C38DBFCE1FFC8FE, Celsius: 56, A: -8.05, rev/s: -0.086,  rev: -0.867
2024/04/15 13:52:01 ID: 241, Data: 9C38DEFCFFFFC8FE, Celsius: 56, A: -8.02, rev/s: -0.003,  rev: -0.867
2024/04/15 13:52:01 ID: 241, Data: 9C38DDFCEDFFC8FE, Celsius: 56, A: -8.03, rev/s: -0.053,  rev: -0.867
2024/04/15 13:52:02 ID: 241, Data: 9C38DEFCD5FFC8FE, Celsius: 56, A: -8.02, rev/s: -0.119,  rev: -0.867
2024/04/15 13:52:02 ID: 241, Data: 9C39DEFC2300C9FE, Celsius: 57, A: -8.02, rev/s: +0.097,  rev: -0.864
2024/04/15 13:52:02 ID: 241, Data: 9C39DDFC1A00C8FE, Celsius: 57, A: -8.03, rev/s: +0.072,  rev: -0.867
2024/04/15 13:52:02 ID: 241, Data: 9C39E3FCF4FFC8FE, Celsius: 57, A: -7.97, rev/s: -0.033,  rev: -0.867
2024/04/15 13:52:02 ID: 241, Data: 9C39E1FCDEFFC8FE, Celsius: 57, A: -7.99, rev/s: -0.094,  rev: -0.867
2024/04/15 13:52:02 ID: 241, Data: 9C39E0FC1900C8FE, Celsius: 57, A: -8.00, rev/s: +0.069,  rev: -0.867
2024/04/15 13:52:02 ID: 241, Data: 9C39E0FCE8FFC8FE, Celsius: 57, A: -8.00, rev/s: -0.067,  rev: -0.867
2024/04/15 13:52:02 ID: 241, Data: 9C3AE2FCE6FFC8FE, Celsius: 58, A: -7.98, rev/s: -0.072,  rev: -0.867
2024/04/15 13:52:02 ID: 241, Data: 9C3AE3FCF9FFC8FE, Celsius: 58, A: -7.97, rev/s: -0.019,  rev: -0.867
2024/04/15 13:52:02 ID: 241, Data: 9C3AE4FCC8FFC8FE, Celsius: 58, A: -7.96, rev/s: -0.156,  rev: -0.867
2024/04/15 13:52:03 ID: 241, Data: 9C3AE4FC0700C8FE, Celsius: 58, A: -7.96, rev/s: +0.019,  rev: -0.867
2024/04/15 13:52:03 ID: 241, Data: 9C3AE2FC0700C8FE, Celsius: 58, A: -7.98, rev/s: +0.019,  rev: -0.867
2024/04/15 13:52:03 ID: 241, Data: 9C3BE3FCDFFFC8FE, Celsius: 59, A: -7.97, rev/s: -0.092,  rev: -0.867
2024/04/15 13:52:03 ID: 241, Data: 9C3BE7FC4100C8FE, Celsius: 59, A: -7.93, rev/s: +0.181,  rev: -0.867
2024/04/15 13:52:03 ID: 241, Data: 9C3BE3FCE0FFC8FE, Celsius: 59, A: -7.97, rev/s: -0.089,  rev: -0.867
2024/04/15 13:52:03 ID: 241, Data: 9C3BE4FC0300C8FE, Celsius: 59, A: -7.96, rev/s: +0.008,  rev: -0.867
2024/04/15 13:52:03 ID: 241, Data: 9C3BE6FCF8FFC8FE, Celsius: 59, A: -7.94, rev/s: -0.022,  rev: -0.867
2024/04/15 13:52:03 ID: 241, Data: 9C3BE7FC1B00C8FE, Celsius: 59, A: -7.93, rev/s: +0.075,  rev: -0.867
2024/04/15 13:52:03 ID: 241, Data: 9C3CE7FC4600C9FE, Celsius: 60, A: -7.93, rev/s: +0.194,  rev: -0.864
2024/04/15 13:52:03 ID: 241, Data: 9C3CEAFCDFFFC8FE, Celsius: 60, A: -7.90, rev/s: -0.092,  rev: -0.867
2024/04/15 13:52:04 ID: 241, Data: 9C3CE9FC0600C8FE, Celsius: 60, A: -7.91, rev/s: +0.017,  rev: -0.867
2024/04/15 13:52:04 ID: 241, Data: 9C3CE8FC1700C8FE, Celsius: 60, A: -7.92, rev/s: +0.064,  rev: -0.867
2024/04/15 13:52:04 ID: 241, Data: 9C3CEEFC0200C8FE, Celsius: 60, A: -7.86, rev/s: +0.006,  rev: -0.867
2024/04/15 13:52:04 ID: 241, Data: 9C3CEBFC1500C8FE, Celsius: 60, A: -7.89, rev/s: +0.058,  rev: -0.867
2024/04/15 13:52:04 ID: 241, Data: 9C3DECFCFFFFC8FE, Celsius: 61, A: -7.88, rev/s: -0.003,  rev: -0.867
2024/04/15 13:52:04 ID: 241, Data: 9C3DEEFCE8FFC8FE, Celsius: 61, A: -7.86, rev/s: -0.067,  rev: -0.867
2024/04/15 13:52:04 ID: 241, Data: 9C3DECFCE9FFC8FE, Celsius: 61, A: -7.88, rev/s: -0.064,  rev: -0.867
2024/04/15 13:52:04 ID: 241, Data: 9C3DEAFC1600C8FE, Celsius: 61, A: -7.90, rev/s: +0.061,  rev: -0.867
2024/04/15 13:52:04 ID: 241, Data: 9C3DEDFCEDFFC8FE, Celsius: 61, A: -7.87, rev/s: -0.053,  rev: -0.867
2024/04/15 13:52:05 ID: 241, Data: 9C3EEDFCE3FFC8FE, Celsius: 62, A: -7.87, rev/s: -0.081,  rev: -0.867
2024/04/15 13:52:05 ID: 241, Data: 9C3EEDFCF3FFC8FE, Celsius: 62, A: -7.87, rev/s: -0.036,  rev: -0.867
2024/04/15 13:52:05 ID: 241, Data: 9C3EF0FCE8FFC8FE, Celsius: 62, A: -7.84, rev/s: -0.067,  rev: -0.867
2024/04/15 13:52:05 ID: 241, Data: 9C3EEFFCD6FFC8FE, Celsius: 62, A: -7.85, rev/s: -0.117,  rev: -0.867
2024/04/15 13:52:05 ID: 241, Data: 9C3EF0FCE1FFC8FE, Celsius: 62, A: -7.84, rev/s: -0.086,  rev: -0.867
2024/04/15 13:52:05 ID: 241, Data: 9C3EEEFC2400C8FE, Celsius: 62, A: -7.86, rev/s: +0.100,  rev: -0.867
2024/04/15 13:52:05 ID: 241, Data: 9C3FF2FC1B00C8FE, Celsius: 63, A: -7.82, rev/s: +0.075,  rev: -0.867
2024/04/15 13:52:05 ID: 241, Data: 9C3FF2FCE9FFC8FE, Celsius: 63, A: -7.82, rev/s: -0.064,  rev: -0.867
2024/04/15 13:52:05 ID: 241, Data: 9C3FF1FC2100C8FE, Celsius: 63, A: -7.83, rev/s: +0.092,  rev: -0.867
2024/04/15 13:52:05 ID: 241, Data: 9C3FF1FC1500C8FE, Celsius: 63, A: -7.83, rev/s: +0.058,  rev: -0.867
2024/04/15 13:52:06 ID: 241, Data: 9C3FF2FC1D00C8FE, Celsius: 63, A: -7.82, rev/s: +0.081,  rev: -0.867
2024/04/15 13:52:06 ID: 241, Data: 9C3FF2FCF5FFC8FE, Celsius: 63, A: -7.82, rev/s: -0.031,  rev: -0.867
2024/04/15 13:52:06 ID: 241, Data: 9C40F4FCF6FFC8FE, Celsius: 64, A: -7.80, rev/s: -0.028,  rev: -0.867
2024/04/15 13:52:06 ID: 241, Data: 9C40F0FC2900C8FE, Celsius: 64, A: -7.84, rev/s: +0.114,  rev: -0.867
2024/04/15 13:52:06 ID: 241, Data: 9C40F4FC2400C8FE, Celsius: 64, A: -7.80, rev/s: +0.100,  rev: -0.867
2024/04/15 13:52:06 ID: 241, Data: 9C40F4FC1500C8FE, Celsius: 64, A: -7.80, rev/s: +0.058,  rev: -0.867
2024/04/15 13:52:06 ID: 241, Data: 9C41F2FC0C00C8FE, Celsius: 65, A: -7.82, rev/s: +0.033,  rev: -0.867
2024/04/15 13:52:06 ID: 241, Data: 9C40F6FC0A00C8FE, Celsius: 64, A: -7.78, rev/s: +0.028,  rev: -0.867
2024/04/15 13:52:06 ID: 241, Data: 9C40F7FC2000C8FE, Celsius: 64, A: -7.77, rev/s: +0.089,  rev: -0.867
2024/04/15 13:52:06 ID: 241, Data: 9C41F7FC1100C8FE, Celsius: 65, A: -7.77, rev/s: +0.047,  rev: -0.867
2024/04/15 13:52:07 ID: 241, Data: 9C41F5FCEEFFC8FE, Celsius: 65, A: -7.79, rev/s: -0.050,  rev: -0.867
2024/04/15 13:52:07 ID: 241, Data: 9C42F6FCDEFFC8FE, Celsius: 66, A: -7.78, rev/s: -0.094,  rev: -0.867
2024/04/15 13:52:07 ID: 241, Data: 9C41FBFC0400C8FE, Celsius: 65, A: -7.73, rev/s: +0.011,  rev: -0.867
2024/04/15 13:52:07 ID: 241, Data: 9C41F8FCE8FFC8FE, Celsius: 65, A: -7.76, rev/s: -0.067,  rev: -0.867
2024/04/15 13:52:07 ID: 241, Data: 9C41F9FCE8FFC8FE, Celsius: 65, A: -7.75, rev/s: -0.067,  rev: -0.867
2024/04/15 13:52:07 ID: 241, Data: 9C42FAFC2500C8FE, Celsius: 66, A: -7.74, rev/s: +0.103,  rev: -0.867
2024/04/15 13:52:07 ID: 241, Data: 9C42F6FC0F00C8FE, Celsius: 66, A: -7.78, rev/s: +0.042,  rev: -0.867
2024/04/15 13:52:07 ID: 241, Data: 9C41FBFCE0FFC8FE, Celsius: 65, A: -7.73, rev/s: -0.089,  rev: -0.867
2024/04/15 13:52:07 ID: 241, Data: 9C42FCFC3900C8FE, Celsius: 66, A: -7.72, rev/s: +0.158,  rev: -0.867
2024/04/15 13:52:07 ID: 241, Data: 9C42FBFCE0FFC8FE, Celsius: 66, A: -7.73, rev/s: -0.089,  rev: -0.867
2024/04/15 13:52:08 ID: 241, Data: 9C42FCFCD9FFC8FE, Celsius: 66, A: -7.72, rev/s: -0.108,  rev: -0.867
2024/04/15 13:52:08 ID: 241, Data: 9C42FCFCD1FFC8FE, Celsius: 66, A: -7.72, rev/s: -0.131,  rev: -0.867
2024/04/15 13:52:08 ID: 241, Data: 9C43FCFCEFFFC8FE, Celsius: 67, A: -7.72, rev/s: -0.047,  rev: -0.867
2024/04/15 13:52:08 ID: 241, Data: 9C43FAFCFAFFC8FE, Celsius: 67, A: -7.74, rev/s: -0.017,  rev: -0.867
2024/04/15 13:52:08 ID: 241, Data: 9C43FDFCF2FFC8FE, Celsius: 67, A: -7.71, rev/s: -0.039,  rev: -0.867
2024/04/15 13:52:08 ID: 241, Data: 9C4300FDFCFFC8FE, Celsius: 67, A: -7.68, rev/s: -0.011,  rev: -0.867
2024/04/15 13:52:08 ID: 241, Data: 9C43FDFC0E00C8FE, Celsius: 67, A: -7.71, rev/s: +0.039,  rev: -0.867
2024/04/15 13:52:08 ID: 241, Data: 9C43FFFCFFFFC8FE, Celsius: 67, A: -7.69, rev/s: -0.003,  rev: -0.867
2024/04/15 13:52:08 ID: 241, Data: 9C44FDFCF6FFC8FE, Celsius: 68, A: -7.71, rev/s: -0.028,  rev: -0.867
2024/04/15 13:52:09 ID: 241, Data: 9C44FEFC0600C8FE, Celsius: 68, A: -7.70, rev/s: +0.017,  rev: -0.867
2024/04/15 13:52:09 ID: 241, Data: 9C44FDFCE8FFC8FE, Celsius: 68, A: -7.71, rev/s: -0.067,  rev: -0.867
2024/04/15 13:52:09 ID: 241, Data: 9C44FEFC1800C8FE, Celsius: 68, A: -7.70, rev/s: +0.067,  rev: -0.867
2024/04/15 13:52:09 ID: 241, Data: 9C44FEFC0300C8FE, Celsius: 68, A: -7.70, rev/s: +0.008,  rev: -0.867
2024/04/15 13:52:09 ID: 241, Data: 9C44FEFC1A00C8FE, Celsius: 68, A: -7.70, rev/s: +0.072,  rev: -0.867
2024/04/15 13:52:09 ID: 241, Data: 9C44FDFC1800C8FE, Celsius: 68, A: -7.71, rev/s: +0.067,  rev: -0.867
2024/04/15 13:52:09 ID: 241, Data: 9C44FFFCFBFFC8FE, Celsius: 68, A: -7.69, rev/s: -0.014,  rev: -0.867
2024/04/15 13:52:09 ID: 241, Data: 9C45FCFC0B00C8FE, Celsius: 69, A: -7.72, rev/s: +0.031,  rev: -0.867
2024/04/15 13:52:09 ID: 241, Data: 9C45FFFCDEFFC8FE, Celsius: 69, A: -7.69, rev/s: -0.094,  rev: -0.867
2024/04/15 13:52:09 ID: 241, Data: 9C4500FDE6FFC8FE, Celsius: 69, A: -7.68, rev/s: -0.072,  rev: -0.867
2024/04/15 13:52:10 ID: 241, Data: 9C4500FDF4FFC8FE, Celsius: 69, A: -7.68, rev/s: -0.033,  rev: -0.867
2024/04/15 13:52:10 ID: 241, Data: 9C4503FDE8FFC8FE, Celsius: 69, A: -7.65, rev/s: -0.067,  rev: -0.867
2024/04/15 13:52:10 ID: 241, Data: 9C4502FDFEFFC8FE, Celsius: 69, A: -7.66, rev/s: -0.006,  rev: -0.867
2024/04/15 13:52:10 ID: 241, Data: 9C4503FD0300C8FE, Celsius: 69, A: -7.65, rev/s: +0.008,  rev: -0.867
2024/04/15 13:52:10 ID: 241, Data: 9C4500FDFAFFC8FE, Celsius: 69, A: -7.68, rev/s: -0.017,  rev: -0.867
2024/04/15 13:52:10 ID: 241, Data: 9C4501FD0D00C8FE, Celsius: 69, A: -7.67, rev/s: +0.036,  rev: -0.867
2024/04/15 13:52:10 ID: 241, Data: 9C4600FD2100C8FE, Celsius: 70, A: -7.68, rev/s: +0.092,  rev: -0.867
2024/04/15 13:52:10 ID: 241, Data: 9C4603FDD1FFC8FE, Celsius: 70, A: -7.65, rev/s: -0.131,  rev: -0.867
2024/04/15 13:52:10 ID: 241, Data: 9C4601FD1900C8FE, Celsius: 70, A: -7.67, rev/s: +0.069,  rev: -0.867
2024/04/15 13:52:10 ID: 241, Data: 9C4604FDEFFFC8FE, Celsius: 70, A: -7.64, rev/s: -0.047,  rev: -0.867
2024/04/15 13:52:11 ID: 241, Data: 9C4606FD3A00C8FE, Celsius: 70, A: -7.62, rev/s: +0.161,  rev: -0.867
2024/04/15 13:52:11 ID: 241, Data: 9C4705FD2300C8FE, Celsius: 71, A: -7.63, rev/s: +0.097,  rev: -0.867
2024/04/15 13:52:11 ID: 241, Data: 9C4606FD0700C8FE, Celsius: 70, A: -7.62, rev/s: +0.019,  rev: -0.867
2024/04/15 13:52:11 ID: 241, Data: 9C4705FD2900C8FE, Celsius: 71, A: -7.63, rev/s: +0.114,  rev: -0.867
2024/04/15 13:52:11 ID: 241, Data: 9C4704FD1E00C8FE, Celsius: 71, A: -7.64, rev/s: +0.083,  rev: -0.867
2024/04/15 13:52:11 ID: 241, Data: 9C4706FD0300C8FE, Celsius: 71, A: -7.62, rev/s: +0.008,  rev: -0.867
2024/04/15 13:52:11 ID: 241, Data: 9C47FBFC0000C9FE, Celsius: 71, A: -7.73, rev/s: +0.000,  rev: -0.864
2024/04/15 13:52:11 ID: 241, Data: 9C47F4FCFDFFC9FE, Celsius: 71, A: -7.80, rev/s: -0.008,  rev: -0.864
2024/04/15 13:52:11 ID: 241, Data: 9C48F3FCF1FFC9FE, Celsius: 72, A: -7.81, rev/s: -0.042,  rev: -0.864
2024/04/15 13:52:11 ID: 241, Data: 9C4703FDF7FFC9FE, Celsius: 71, A: -7.65, rev/s: -0.025,  rev: -0.864
2024/04/15 13:52:12 ID: 241, Data: 9C4707FDEBFFC8FE, Celsius: 71, A: -7.61, rev/s: -0.058,  rev: -0.867
2024/04/15 13:52:12 ID: 241, Data: 9C4706FDE6FFC0FE, Celsius: 71, A: -7.62, rev/s: -0.072,  rev: -0.889
2024/04/15 13:52:12 ID: 241, Data: 9C4824FDDEFFBAFE, Celsius: 72, A: -7.32, rev/s: -0.094,  rev: -0.906
2024/04/15 13:52:12 ID: 241, Data: 9C48FAFC17FFB4FE, Celsius: 72, A: -7.74, rev/s: -0.647,  rev: -0.922
2024/04/15 13:52:12 ID: 241, Data: 9C48F9FC0F00B2FE, Celsius: 72, A: -7.75, rev/s: +0.042,  rev: -0.928
2024/04/15 13:52:12 ID: 241, Data: 9C48F3FC0000B1FE, Celsius: 72, A: -7.81, rev/s: +0.000,  rev: -0.931
2024/04/15 13:52:12 ID: 241, Data: 9C48F1FCF7FFB1FE, Celsius: 72, A: -7.83, rev/s: -0.025,  rev: -0.931
2024/04/15 13:52:12 ID: 241, Data: 9C48F5FC0500B1FE, Celsius: 72, A: -7.79, rev/s: +0.014,  rev: -0.931
2024/04/15 13:52:12 ID: 241, Data: 9C48EBFC0700B1FE, Celsius: 72, A: -7.89, rev/s: +0.019,  rev: -0.931
2024/04/15 13:52:13 ID: 241, Data: 9C484FFD4FFFADFE, Celsius: 72, A: -6.89, rev/s: -0.492,  rev: -0.942
2024/04/15 13:52:13 ID: 241, Data: 9C4852FD03FF68FE, Celsius: 72, A: -6.86, rev/s: -0.703,  rev: -1.133
2024/04/15 13:52:13 ID: 241, Data: 9C484BFDB3FE48FE, Celsius: 72, A: -6.93, rev/s: -0.925,  rev: -1.222
2024/04/15 13:52:13 ID: 241, Data: 9C49EBFDE2FCF7FD, Celsius: 73, A: -5.33, rev/s: -2.217,  rev: -1.447
2024/04/15 13:52:13 ID: 241, Data: 9C4845FE64FCBBFD, Celsius: 72, A: -4.43, rev/s: -2.567,  rev: -1.614
2024/04/15 13:52:13 ID: 241, Data: 9C491AFE48FD4FFD, Celsius: 73, A: -4.86, rev/s: -1.933,  rev: -1.914
2024/04/15 13:52:13 ID: 241, Data: 9C48FDFDAEFDE8FC, Celsius: 72, A: -5.15, rev/s: -1.650,  rev: -2.200
2024/04/15 13:52:13 ID: 241, Data: 9C48CDFD2DFD7EFC, Celsius: 72, A: -5.63, rev/s: -2.008,  rev: -2.494
2024/04/15 13:52:13 ID: 241, Data: 9C4934FFFFF91FFC, Celsius: 73, A: -2.04, rev/s: -4.269,  rev: -2.758
2024/04/15 13:52:13 ID: 241, Data: 9C495BFD10FEE0FB, Celsius: 73, A: -6.77, rev/s: -1.378,  rev: -2.933
2024/04/15 13:52:14 ID: 241, Data: 9C48D7FD59FD81FB, Celsius: 72, A: -5.53, rev/s: -1.886,  rev: -3.197
2024/04/15 13:52:14 ID: 241, Data: 9C4902FE09FD15FB, Celsius: 73, A: -5.10, rev/s: -2.108,  rev: -3.497
2024/04/15 13:52:14 ID: 241, Data: 9C49D4FE32FBADFA, Celsius: 73, A: -3.00, rev/s: -3.417,  rev: -3.786
2024/04/15 13:52:14 ID: 241, Data: 9C490BFF62FA5EFA, Celsius: 73, A: -2.45, rev/s: -3.994,  rev: -4.006
2024/04/15 13:52:14 ID: 241, Data: 9C4809FEF6FC05FA, Celsius: 72, A: -5.03, rev/s: -2.161,  rev: -4.253
2024/04/15 13:52:14 ID: 241, Data: 9C48F1FD67FD9CF9, Celsius: 72, A: -5.27, rev/s: -1.847,  rev: -4.544
2024/04/15 13:52:14 ID: 241, Data: 9C48F8FDA4FD35F9, Celsius: 72, A: -5.20, rev/s: -1.678,  rev: -4.831
2024/04/15 13:52:14 ID: 241, Data: 9C492CFF7AFAEFF8, Celsius: 73, A: -2.12, rev/s: -3.928,  rev: -5.025
2024/04/15 13:52:14 ID: 241, Data: 9C480BFE40FD99F8, Celsius: 72, A: -5.01, rev/s: -1.956,  rev: -5.264
2024/04/15 13:52:14 ID: 241, Data: 9C485FFD78FE41F8, Celsius: 72, A: -6.73, rev/s: -1.089,  rev: -5.508
2024/04/15 13:52:15 ID: 241, Data: 9C4903FF0CFB03F8, Celsius: 73, A: -2.53, rev/s: -3.522,  rev: -5.681
2024/04/15 13:52:15 ID: 241, Data: 9C49E1FD10FEB2F7, Celsius: 73, A: -5.43, rev/s: -1.378,  rev: -5.906
2024/04/15 13:52:15 ID: 241, Data: 9C48F4FD01FD63F7, Celsius: 72, A: -5.24, rev/s: -2.131,  rev: -6.125
2024/04/15 13:52:15 ID: 241, Data: 9C48ACFDC3FD30F7, Celsius: 72, A: -5.96, rev/s: -1.592,  rev: -6.267
2024/04/15 13:52:15 ID: 241, Data: 9C4811FE86FDD4F6, Celsius: 72, A: -4.95, rev/s: -1.761,  rev: -6.522
2024/04/15 13:52:15 ID: 241, Data: 9C4817FFC8FA98F6, Celsius: 72, A: -2.33, rev/s: -3.711,  rev: -6.689
2024/04/15 13:52:15 ID: 241, Data: 9C487CFD30FE4DF6, Celsius: 72, A: -6.44, rev/s: -1.289,  rev: -6.897
2024/04/15 13:52:15 ID: 241, Data: 9C490600A2005FF6, Celsius: 73, A: +0.06, rev/s: +0.450,  rev: -6.847
2024/04/15 13:52:15 ID: 241, Data: 9C48EEFF160062F6, Celsius: 72, A: -0.18, rev/s: +0.061,  rev: -6.839
2024/04/15 13:52:15 ID: 241, Data: 9C49C9FDE5FF69F6, Celsius: 73, A: -5.67, rev/s: -0.075,  rev: -6.819
2024/04/15 13:52:16 ID: 241, Data: 9C487DFD77FE5BF6, Celsius: 72, A: -6.43, rev/s: -1.092,  rev: -6.858
2024/04/15 13:52:16 ID: 241, Data: 9C491C00840224F6, Celsius: 73, A: +0.28, rev/s: +1.789,  rev: -7.011
2024/04/15 13:52:16 ID: 241, Data: 9C48EAFFFDFF35F6, Celsius: 72, A: -0.22, rev/s: -0.008,  rev: -6.964
2024/04/15 13:52:16 ID: 241, Data: 9C480DFFDDFF34F6, Celsius: 72, A: -2.43, rev/s: -0.097,  rev: -6.967
2024/04/15 13:52:16 ID: 241, Data: 9C485FFFF8FE1FF6, Celsius: 72, A: -1.61, rev/s: -0.733,  rev: -7.025
2024/04/15 13:52:16 ID: 241, Data: 9C486CFFDFFF18F6, Celsius: 72, A: -1.48, rev/s: -0.092,  rev: -7.044
2024/04/15 13:52:16 ID: 241, Data: 9C48EBFEDEFF11F6, Celsius: 72, A: -2.77, rev/s: -0.094,  rev: -7.064
2024/04/15 13:52:16 ID: 241, Data: 9C48F3FE6FFF02F6, Celsius: 72, A: -2.69, rev/s: -0.403,  rev: -7.106
2024/04/15 13:52:16 ID: 241, Data: 9C495DFE62FFFBF5, Celsius: 73, A: -4.19, rev/s: -0.439,  rev: -7.125
2024/04/15 13:52:17 ID: 241, Data: 9C487CFDB6FFF2F5, Celsius: 72, A: -6.44, rev/s: -0.206,  rev: -7.150
2024/04/15 13:52:17 ID: 241, Data: 9C47F8FC78FFE6F5, Celsius: 71, A: -7.76, rev/s: -0.378,  rev: -7.183
2024/04/15 13:52:17 ID: 241, Data: 9C471DFDDEFFE0F5, Celsius: 71, A: -7.39, rev/s: -0.094,  rev: -7.200
2024/04/15 13:52:17 ID: 241, Data: 9C4719FDDBFFDFF5, Celsius: 71, A: -7.43, rev/s: -0.103,  rev: -7.203
2024/04/15 13:52:17 ID: 241, Data: 9C4716FDF4FFDFF5, Celsius: 71, A: -7.46, rev/s: -0.033,  rev: -7.203
2024/04/15 13:52:17 ID: 241, Data: 9C4715FD0100DFF5, Celsius: 71, A: -7.47, rev/s: +0.003,  rev: -7.203
2024/04/15 13:52:17 ID: 241, Data: 9C4710FD0300DFF5, Celsius: 71, A: -7.52, rev/s: +0.008,  rev: -7.203
2024/04/15 13:52:17 ID: 241, Data: 9C470EFD1D00DFF5, Celsius: 71, A: -7.54, rev/s: +0.081,  rev: -7.203
2024/04/15 13:52:17 ID: 241, Data: 9C470AFDF0FFDFF5, Celsius: 71, A: -7.58, rev/s: -0.044,  rev: -7.203
2024/04/15 13:52:17 ID: 241, Data: 9C4704FDDFFFDEF5, Celsius: 71, A: -7.64, rev/s: -0.092,  rev: -7.206
2024/04/15 13:52:18 ID: 241, Data: 9C47FDFC0100DEF5, Celsius: 71, A: -7.71, rev/s: +0.003,  rev: -7.206
2024/04/15 13:52:18 ID: 241, Data: 9C47EDFCF3FFDEF5, Celsius: 71, A: -7.87, rev/s: -0.036,  rev: -7.206
2024/04/15 13:52:18 ID: 241, Data: 9C47B8FCE6FFDDF5, Celsius: 71, A: -8.40, rev/s: -0.072,  rev: -7.208
2024/04/15 13:52:18 ID: 241, Data: 9C48F8FCFEFFDCF5, Celsius: 72, A: -7.76, rev/s: -0.006,  rev: -7.211
2024/04/15 13:52:18 ID: 241, Data: 9C4700FDFEFFDCF5, Celsius: 71, A: -7.68, rev/s: -0.006,  rev: -7.211
2024/04/15 13:52:18 ID: 241, Data: 9C4704FDECFFDCF5, Celsius: 71, A: -7.64, rev/s: -0.056,  rev: -7.211
2024/04/15 13:52:18 ID: 241, Data: 9C4707FD0B00DCF5, Celsius: 71, A: -7.61, rev/s: +0.031,  rev: -7.211
2024/04/15 13:52:18 ID: 241, Data: 9C4807FD0B00DBF5, Celsius: 72, A: -7.61, rev/s: +0.031,  rev: -7.214
2024/04/15 13:52:18 ID: 241, Data: 9C4809FDF3FFDBF5, Celsius: 72, A: -7.59, rev/s: -0.036,  rev: -7.214
2024/04/15 13:52:18 ID: 241, Data: 9C4808FD2E00DBF5, Celsius: 72, A: -7.60, rev/s: +0.128,  rev: -7.214
2024/04/15 13:52:19 ID: 241, Data: 9C470AFD0A00DBF5, Celsius: 71, A: -7.58, rev/s: +0.028,  rev: -7.214
2024/04/15 13:52:19 ID: 241, Data: 9C4808FD0000DBF5, Celsius: 72, A: -7.60, rev/s: +0.000,  rev: -7.214
2024/04/15 13:52:19 ID: 241, Data: 9C4806FD0500DBF5, Celsius: 72, A: -7.62, rev/s: +0.014,  rev: -7.214
2024/04/15 13:52:19 ID: 241, Data: 9C4806FD0500DBF5, Celsius: 72, A: -7.62, rev/s: +0.014,  rev: -7.214
2024/04/15 13:52:19 ID: 241, Data: 9C4705FD0400DBF5, Celsius: 71, A: -7.63, rev/s: +0.011,  rev: -7.214
2024/04/15 13:52:19 ID: 241, Data: 9C4804FDF9FFDBF5, Celsius: 72, A: -7.64, rev/s: -0.019,  rev: -7.214
2024/04/15 13:52:19 ID: 241, Data: 9C4704FDEAFFDBF5, Celsius: 71, A: -7.64, rev/s: -0.061,  rev: -7.214
2024/04/15 13:52:19 ID: 241, Data: 9C4703FDFEFFDBF5, Celsius: 71, A: -7.65, rev/s: -0.006,  rev: -7.214
2024/04/15 13:52:19 ID: 241, Data: 9C4702FD0D00DBF5, Celsius: 71, A: -7.66, rev/s: +0.036,  rev: -7.214
2024/04/15 13:52:19 ID: 241, Data: 9C4701FD1C00DBF5, Celsius: 71, A: -7.67, rev/s: +0.078,  rev: -7.214
2024/04/15 13:52:20 ID: 241, Data: 9C4702FDF8FFDBF5, Celsius: 71, A: -7.66, rev/s: -0.022,  rev: -7.214
2024/04/15 13:52:20 ID: 241, Data: 9C4701FD0E00DBF5, Celsius: 71, A: -7.67, rev/s: +0.039,  rev: -7.214
2024/04/15 13:52:20 ID: 241, Data: 9C4702FD0C00DBF5, Celsius: 71, A: -7.66, rev/s: +0.033,  rev: -7.214
2024/04/15 13:52:20 ID: 241, Data: 9C4700FDDFFFDBF5, Celsius: 71, A: -7.68, rev/s: -0.092,  rev: -7.214
2024/04/15 13:52:20 ID: 241, Data: 9C4701FD1400DBF5, Celsius: 71, A: -7.67, rev/s: +0.056,  rev: -7.214
2024/04/15 13:52:20 ID: 241, Data: 9C46FFFCF9FFDBF5, Celsius: 70, A: -7.69, rev/s: -0.019,  rev: -7.214
2024/04/15 13:52:20 ID: 241, Data: 9C4700FD2200DBF5, Celsius: 71, A: -7.68, rev/s: +0.094,  rev: -7.214
2024/04/15 13:52:20 ID: 241, Data: 9C4600FD0400DBF5, Celsius: 70, A: -7.68, rev/s: +0.011,  rev: -7.214
2024/04/15 13:52:20 ID: 241, Data: 9C47FFFCEAFFDAF5, Celsius: 71, A: -7.69, rev/s: -0.061,  rev: -7.217
2024/04/15 13:52:21 ID: 241, Data: 9C46FFFC0500DBF5, Celsius: 70, A: -7.69, rev/s: +0.014,  rev: -7.214
2024/04/15 13:52:21 ID: 241, Data: 9C46FFFCF9FFDAF5, Celsius: 70, A: -7.69, rev/s: -0.019,  rev: -7.217
2024/04/15 13:52:21 ID: 241, Data: 9C46FEFCFAFFDAF5, Celsius: 70, A: -7.70, rev/s: -0.017,  rev: -7.217
2024/04/15 13:52:21 ID: 241, Data: 9C46FFFCF6FFDAF5, Celsius: 70, A: -7.69, rev/s: -0.028,  rev: -7.217
2024/04/15 13:52:21 ID: 241, Data: 9C4600FDF6FFDAF5, Celsius: 70, A: -7.68, rev/s: -0.028,  rev: -7.217
2024/04/15 13:52:21 ID: 241, Data: 9C46FFFC0A00DAF5, Celsius: 70, A: -7.69, rev/s: +0.028,  rev: -7.217
2024/04/15 13:52:21 ID: 241, Data: 9C46FDFCEFFFDAF5, Celsius: 70, A: -7.71, rev/s: -0.047,  rev: -7.217
2024/04/15 13:52:21 ID: 241, Data: 9C46FFFC0000DAF5, Celsius: 70, A: -7.69, rev/s: +0.000,  rev: -7.217
2024/04/15 13:52:21 ID: 241, Data: 9C46FFFCFAFFDAF5, Celsius: 70, A: -7.69, rev/s: -0.017,  rev: -7.217
2024/04/15 13:52:21 ID: 241, Data: 9C46FFFCE6FFDAF5, Celsius: 70, A: -7.69, rev/s: -0.072,  rev: -7.217
2024/04/15 13:52:22 ID: 241, Data: 9C45FFFCF5FFDAF5, Celsius: 69, A: -7.69, rev/s: -0.031,  rev: -7.217
2024/04/15 13:52:22 ID: 241, Data: 9C4500FD0600DAF5, Celsius: 69, A: -7.68, rev/s: +0.017,  rev: -7.217
2024/04/15 13:52:22 ID: 241, Data: 9C45FFFC0200DAF5, Celsius: 69, A: -7.69, rev/s: +0.006,  rev: -7.217
2024/04/15 13:52:22 ID: 241, Data: 9C45FEFCFCFFDAF5, Celsius: 69, A: -7.70, rev/s: -0.011,  rev: -7.217
2024/04/15 13:52:22 ID: 241, Data: 9C45FEFCF5FFDAF5, Celsius: 69, A: -7.70, rev/s: -0.031,  rev: -7.217
2024/04/15 13:52:22 ID: 241, Data: 9C45FEFCF1FFDAF5, Celsius: 69, A: -7.70, rev/s: -0.042,  rev: -7.217
2024/04/15 13:52:22 ID: 241, Data: 9C45FEFC0D00DAF5, Celsius: 69, A: -7.70, rev/s: +0.036,  rev: -7.217
2024/04/15 13:52:22 ID: 241, Data: 9C45FDFC0000DAF5, Celsius: 69, A: -7.71, rev/s: +0.000,  rev: -7.217
2024/04/15 13:52:22 ID: 241, Data: 9C45FAFC0C00DAF5, Celsius: 69, A: -7.74, rev/s: +0.033,  rev: -7.217
2024/04/15 13:52:22 ID: 241, Data: 9C45FCFC1A00DAF5, Celsius: 69, A: -7.72, rev/s: +0.072,  rev: -7.217
2024/04/15 13:52:23 ID: 241, Data: 9C45FCFCF8FFDAF5, Celsius: 69, A: -7.72, rev/s: -0.022,  rev: -7.217
2024/04/15 13:52:23 ID: 241, Data: 9C45F9FCE5FFDAF5, Celsius: 69, A: -7.75, rev/s: -0.075,  rev: -7.217
2024/04/15 13:52:23 ID: 241, Data: 9C44F7FC0000DAF5, Celsius: 68, A: -7.77, rev/s: +0.000,  rev: -7.217
2024/04/15 13:52:23 ID: 241, Data: 9C44F7FCF9FFDAF5, Celsius: 68, A: -7.77, rev/s: -0.019,  rev: -7.217
2024/04/15 13:52:23 ID: 241, Data: 9C44F9FCEEFFDAF5, Celsius: 68, A: -7.75, rev/s: -0.050,  rev: -7.217
2024/04/15 13:52:23 ID: 241, Data: 9C44F5FCF7FFDAF5, Celsius: 68, A: -7.79, rev/s: -0.025,  rev: -7.217
2024/04/15 13:52:23 ID: 241, Data: 9C44F5FC1000DAF5, Celsius: 68, A: -7.79, rev/s: +0.044,  rev: -7.217
2024/04/15 13:52:23 ID: 241, Data: 9C44F4FC0000DAF5, Celsius: 68, A: -7.80, rev/s: +0.000,  rev: -7.217
2024/04/15 13:52:23 ID: 241, Data: 9C44F0FCF5FFDAF5, Celsius: 68, A: -7.84, rev/s: -0.031,  rev: -7.217
2024/04/15 13:52:23 ID: 241, Data: 9C44D8FC0900DAF5, Celsius: 68, A: -8.08, rev/s: +0.025,  rev: -7.217
2024/04/15 13:52:24 ID: 241, Data: 9C44CFFC1200DAF5, Celsius: 68, A: -8.17, rev/s: +0.050,  rev: -7.217
2024/04/15 13:52:24 ID: 241, Data: 9C44BAFC0400D9F5, Celsius: 68, A: -8.38, rev/s: +0.011,  rev: -7.219
2024/04/15 13:52:24 ID: 241, Data: 9C44DDFC0C00D9F5, Celsius: 68, A: -8.03, rev/s: +0.033,  rev: -7.219
2024/04/15 13:52:24 ID: 241, Data: 9C44F1FC0300D8F5, Celsius: 68, A: -7.83, rev/s: +0.008,  rev: -7.222
2024/04/15 13:52:24 ID: 241, Data: 9C44F7FCF2FFD8F5, Celsius: 68, A: -7.77, rev/s: -0.039,  rev: -7.222
2024/04/15 13:52:24 ID: 241, Data: 9C4415FDF3FFD7F5, Celsius: 68, A: -7.47, rev/s: -0.036,  rev: -7.225
2024/04/15 13:52:24 ID: 241, Data: 9C4454FDBCFFCFF5, Celsius: 68, A: -6.84, rev/s: -0.189,  rev: -7.247
2024/04/15 13:52:24 ID: 241, Data: 9C4493FDF4FD87F5, Celsius: 68, A: -6.21, rev/s: -1.456,  rev: -7.447
2024/04/15 13:52:24 ID: 241, Data: 9C446BFD62FE5DF5, Celsius: 68, A: -6.61, rev/s: -1.150,  rev: -7.564
2024/04/15 13:52:25 ID: 241, Data: 9C4404FE7DFD0AF5, Celsius: 68, A: -5.08, rev/s: -1.786,  rev: -7.794
2024/04/15 13:52:25 ID: 241, Data: 9C44ADFDC8FDDCF4, Celsius: 68, A: -5.95, rev/s: -1.578,  rev: -7.922
2024/04/15 13:52:25 ID: 241, Data: 9C44C9FDD1FD7AF4, Celsius: 68, A: -5.67, rev/s: -1.553,  rev: -8.194
2024/04/15 13:52:25 ID: 241, Data: 9C4481FEBBFB3DF4, Celsius: 68, A: -3.83, rev/s: -3.036,  rev: -8.364
2024/04/15 13:52:25 ID: 241, Data: 9C4484FD91FE09F4, Celsius: 68, A: -6.36, rev/s: -1.019,  rev: -8.508
2024/04/15 13:52:25 ID: 241, Data: 9C44AEFD9DFDDFF3, Celsius: 68, A: -5.94, rev/s: -1.697,  rev: -8.625
2024/04/15 13:52:25 ID: 241, Data: 9C444FFD87FF99F3, Celsius: 68, A: -6.89, rev/s: -0.336,  rev: -8.819
2024/04/15 13:52:25 ID: 241, Data: 9C4440FD24FF8CF3, Celsius: 68, A: -7.04, rev/s: -0.611,  rev: -8.856
2024/04/15 13:52:25 ID: 241, Data: 9C44FDFCC9FF89F3, Celsius: 68, A: -7.71, rev/s: -0.153,  rev: -8.864
2024/04/15 13:52:25 ID: 241, Data: 9C4400FD040089F3, Celsius: 68, A: -7.68, rev/s: +0.011,  rev: -8.864
2024/04/15 13:52:26 ID: 241, Data: 9C4401FD170089F3, Celsius: 68, A: -7.67, rev/s: +0.064,  rev: -8.864
2024/04/15 13:52:26 ID: 241, Data: 9C4402FDE8FF89F3, Celsius: 68, A: -7.66, rev/s: -0.067,  rev: -8.864
2024/04/15 13:52:26 ID: 241, Data: 9C4405FDCBFF88F3, Celsius: 68, A: -7.63, rev/s: -0.147,  rev: -8.867
2024/04/15 13:52:26 ID: 241, Data: 9C4405FDF5FF89F3, Celsius: 68, A: -7.63, rev/s: -0.031,  rev: -8.864
2024/04/15 13:52:26 ID: 241, Data: 9C4405FDD2FF88F3, Celsius: 68, A: -7.63, rev/s: -0.128,  rev: -8.867
2024/04/15 13:52:26 ID: 241, Data: 9C4405FDFFFF88F3, Celsius: 68, A: -7.63, rev/s: -0.003,  rev: -8.867
2024/04/15 13:52:26 ID: 241, Data: 9C4409FDFBFF88F3, Celsius: 68, A: -7.59, rev/s: -0.014,  rev: -8.867
2024/04/15 13:52:26 ID: 241, Data: 9C440BFD0C0088F3, Celsius: 68, A: -7.57, rev/s: +0.033,  rev: -8.867
2024/04/15 13:52:26 ID: 241, Data: 9C4406FD050088F3, Celsius: 68, A: -7.62, rev/s: +0.014,  rev: -8.867
2024/04/15 13:52:26 ID: 241, Data: 9C4409FDEAFF88F3, Celsius: 68, A: -7.59, rev/s: -0.061,  rev: -8.867
2024/04/15 13:52:27 ID: 241, Data: 9C4508FD100088F3, Celsius: 69, A: -7.60, rev/s: +0.044,  rev: -8.867
2024/04/15 13:52:27 ID: 241, Data: 9C450CFD1A0088F3, Celsius: 69, A: -7.56, rev/s: +0.072,  rev: -8.867
2024/04/15 13:52:27 ID: 241, Data: 9C451EFDF5FF88F3, Celsius: 69, A: -7.38, rev/s: -0.031,  rev: -8.867
2024/04/15 13:52:27 ID: 241, Data: 9C4543FDDCFE7DF3, Celsius: 69, A: -7.01, rev/s: -0.811,  rev: -8.897
2024/04/15 13:52:27 ID: 241, Data: 9C4592FE14FC53F3, Celsius: 69, A: -3.66, rev/s: -2.789,  rev: -9.014
2024/04/15 13:52:27 ID: 241, Data: 9C45ACFDB4FD09F3, Celsius: 69, A: -5.96, rev/s: -1.633,  rev: -9.219
2024/04/15 13:52:27 ID: 241, Data: 9C4531FEE6FC9CF2, Celsius: 69, A: -4.63, rev/s: -2.206,  rev: -9.522
2024/04/15 13:52:27 ID: 241, Data: 9C4545FEBBFC27F2, Celsius: 69, A: -4.43, rev/s: -2.325,  rev: -9.847
2024/04/15 13:52:27 ID: 241, Data: 9C4503FE15FDB7F1, Celsius: 69, A: -5.09, rev/s: -2.075,  rev: -10.158
2024/04/15 13:52:28 ID: 241, Data: 9C467BFFCEF962F1, Celsius: 70, A: -1.33, rev/s: -4.406,  rev: -10.394
2024/04/15 13:52:28 ID: 241, Data: 9C453DFDA4FE20F1, Celsius: 69, A: -7.07, rev/s: -0.967,  rev: -10.578
2024/04/15 13:52:28 ID: 241, Data: 9C460300380113F1, Celsius: 70, A: +0.03, rev/s: +0.867,  rev: -10.614
2024/04/15 13:52:28 ID: 241, Data: 9C46CEFFD3FF22F1, Celsius: 70, A: -0.50, rev/s: -0.125,  rev: -10.572
2024/04/15 13:52:28 ID: 241, Data: 9C46F1FEF0FF22F1, Celsius: 70, A: -2.71, rev/s: -0.044,  rev: -10.572
2024/04/15 13:52:28 ID: 241, Data: 9C46FFFD8CFF18F1, Celsius: 70, A: -5.13, rev/s: -0.322,  rev: -10.600
2024/04/15 13:52:28 ID: 241, Data: 9C4612FFD9FEFEF0, Celsius: 70, A: -2.38, rev/s: -0.819,  rev: -10.672
2024/04/15 13:52:28 ID: 241, Data: 9C4631FFE8FFF9F0, Celsius: 70, A: -2.07, rev/s: -0.067,  rev: -10.686
2024/04/15 13:52:28 ID: 241, Data: 9C46FAFEF1FFF0F0, Celsius: 70, A: -2.62, rev/s: -0.042,  rev: -10.711
2024/04/15 13:52:28 ID: 241, Data: 9C46C3FEC2FFE7F0, Celsius: 70, A: -3.17, rev/s: -0.172,  rev: -10.736
2024/04/15 13:52:29 ID: 241, Data: 9C4604FEB0FFE0F0, Celsius: 70, A: -5.08, rev/s: -0.222,  rev: -10.756
2024/04/15 13:52:29 ID: 241, Data: 9C465DFD69FFD5F0, Celsius: 70, A: -6.75, rev/s: -0.419,  rev: -10.786
2024/04/15 13:52:29 ID: 241, Data: 9C460EFDBEFFD1F0, Celsius: 70, A: -7.54, rev/s: -0.183,  rev: -10.797
2024/04/15 13:52:29 ID: 241, Data: 9C461AFD1700CEF0, Celsius: 70, A: -7.42, rev/s: +0.064,  rev: -10.806
2024/04/15 13:52:29 ID: 241, Data: 9C4622FDF7FFCDF0, Celsius: 70, A: -7.34, rev/s: -0.025,  rev: -10.808
2024/04/15 13:52:29 ID: 241, Data: 9C4623FD0500CDF0, Celsius: 70, A: -7.33, rev/s: +0.014,  rev: -10.808
2024/04/15 13:52:29 ID: 241, Data: 9C4624FDEBFFCDF0, Celsius: 70, A: -7.32, rev/s: -0.058,  rev: -10.808
2024/04/15 13:52:29 ID: 241, Data: 9C4522FD2900CDF0, Celsius: 69, A: -7.34, rev/s: +0.114,  rev: -10.808
2024/04/15 13:52:29 ID: 241, Data: 9C4621FDF8FFCDF0, Celsius: 70, A: -7.35, rev/s: -0.022,  rev: -10.808
2024/04/15 13:52:29 ID: 241, Data: 9C461FFDF5FFCDF0, Celsius: 70, A: -7.37, rev/s: -0.031,  rev: -10.808
2024/04/15 13:52:30 ID: 241, Data: 9C461CFD2100CDF0, Celsius: 70, A: -7.40, rev/s: +0.092,  rev: -10.808
2024/04/15 13:52:30 ID: 241, Data: 9C4619FDF6FFCCF0, Celsius: 70, A: -7.43, rev/s: -0.028,  rev: -10.811
2024/04/15 13:52:30 ID: 241, Data: 9C4618FD0700CCF0, Celsius: 70, A: -7.44, rev/s: +0.019,  rev: -10.811
2024/04/15 13:52:30 ID: 241, Data: 9C4615FDEAFFCCF0, Celsius: 70, A: -7.47, rev/s: -0.061,  rev: -10.811
2024/04/15 13:52:30 ID: 241, Data: 9C470FFD2200CCF0, Celsius: 71, A: -7.53, rev/s: +0.094,  rev: -10.811
2024/04/15 13:52:30 ID: 241, Data: 9C4609FD1400CCF0, Celsius: 70, A: -7.59, rev/s: +0.056,  rev: -10.811
2024/04/15 13:52:30 ID: 241, Data: 9C4700FD2300CCF0, Celsius: 71, A: -7.68, rev/s: +0.097,  rev: -10.811
2024/04/15 13:52:30 ID: 241, Data: 9C47F9FC0B00CCF0, Celsius: 71, A: -7.75, rev/s: +0.031,  rev: -10.811
2024/04/15 13:52:30 ID: 241, Data: 9C47CDFC2400CBF0, Celsius: 71, A: -8.19, rev/s: +0.100,  rev: -10.814
2024/04/15 13:52:30 ID: 241, Data: 9C47C6FCF7FFCBF0, Celsius: 71, A: -8.26, rev/s: -0.025,  rev: -10.814
2024/04/15 13:52:31 ID: 241, Data: 9C47C8FCDFFFCBF0, Celsius: 71, A: -8.24, rev/s: -0.092,  rev: -10.814
2024/04/15 13:52:31 ID: 241, Data: 9C48D9FCE6FFCBF0, Celsius: 72, A: -8.07, rev/s: -0.072,  rev: -10.814
2024/04/15 13:52:31 ID: 241, Data: 9C47D8FCF0FFCBF0, Celsius: 71, A: -8.08, rev/s: -0.044,  rev: -10.814
2024/04/15 13:52:31 ID: 241, Data: 9C48DFFCF6FFCBF0, Celsius: 72, A: -8.01, rev/s: -0.028,  rev: -10.814
2024/04/15 13:52:31 ID: 241, Data: 9C47DFFCD9FFCBF0, Celsius: 71, A: -8.01, rev/s: -0.108,  rev: -10.814
2024/04/15 13:52:31 ID: 241, Data: 9C48DAFC0800CBF0, Celsius: 72, A: -8.06, rev/s: +0.022,  rev: -10.814
2024/04/15 13:52:31 ID: 241, Data: 9C48DEFC0000CBF0, Celsius: 72, A: -8.02, rev/s: +0.000,  rev: -10.814
2024/04/15 13:52:31 ID: 241, Data: 9C48E8FC0E00CBF0, Celsius: 72, A: -7.92, rev/s: +0.039,  rev: -10.814
2024/04/15 13:52:31 ID: 241, Data: 9C48E3FC0500CBF0, Celsius: 72, A: -7.97, rev/s: +0.014,  rev: -10.814
2024/04/15 13:52:32 ID: 241, Data: 9C48E8FCE4FFCBF0, Celsius: 72, A: -7.92, rev/s: -0.078,  rev: -10.814
2024/04/15 13:52:32 ID: 241, Data: 9C48E3FCF7FFCBF0, Celsius: 72, A: -7.97, rev/s: -0.025,  rev: -10.814
2024/04/15 13:52:32 ID: 241, Data: 9C48E5FCD4FFCBF0, Celsius: 72, A: -7.95, rev/s: -0.122,  rev: -10.814
2024/04/15 13:52:32 ID: 241, Data: 9C48EAFCF4FFCBF0, Celsius: 72, A: -7.90, rev/s: -0.033,  rev: -10.814
2024/04/15 13:52:32 ID: 241, Data: 9C48E7FCFFFFCBF0, Celsius: 72, A: -7.93, rev/s: -0.003,  rev: -10.814
2024/04/15 13:52:32 ID: 241, Data: 9C48EAFCF7FFCBF0, Celsius: 72, A: -7.90, rev/s: -0.025,  rev: -10.814
2024/04/15 13:52:32 ID: 241, Data: 9C48E9FC0000CBF0, Celsius: 72, A: -7.91, rev/s: +0.000,  rev: -10.814
2024/04/15 13:52:32 ID: 241, Data: 9C48F1FCF2FFCBF0, Celsius: 72, A: -7.83, rev/s: -0.039,  rev: -10.814
2024/04/15 13:52:32 ID: 241, Data: 9C4811FD0A00CAF0, Celsius: 72, A: -7.51, rev/s: +0.028,  rev: -10.817
2024/04/15 13:52:32 ID: 241, Data: 9C4828FD2800C9F0, Celsius: 72, A: -7.28, rev/s: +0.111,  rev: -10.819
2024/04/15 13:52:33 ID: 241, Data: 9C482AFDEAFFC9F0, Celsius: 72, A: -7.26, rev/s: -0.061,  rev: -10.819
2024/04/15 13:52:33 ID: 241, Data: 9C48EDFCE6FFC2F0, Celsius: 72, A: -7.87, rev/s: -0.072,  rev: -10.839
2024/04/15 13:52:33 ID: 241, Data: 9C4829FD51FFB0F0, Celsius: 72, A: -7.27, rev/s: -0.486,  rev: -10.889
2024/04/15 13:52:33 ID: 241, Data: 9C484CFE00FD8CF0, Celsius: 72, A: -4.36, rev/s: -2.133,  rev: -10.989
2024/04/15 13:52:33 ID: 241, Data: 9C4831FDB0FF51F0, Celsius: 72, A: -7.19, rev/s: -0.222,  rev: -11.153
2024/04/15 13:52:33 ID: 241, Data: 9C4927FDFDFE38F0, Celsius: 73, A: -7.29, rev/s: -0.719,  rev: -11.222
2024/04/15 13:52:33 ID: 241, Data: 9C48FBFEFEFAE9EF, Celsius: 72, A: -2.61, rev/s: -3.561,  rev: -11.442
2024/04/15 13:52:33 ID: 241, Data: 9C49D6FEAAFBA4EF, Celsius: 73, A: -2.98, rev/s: -3.083,  rev: -11.633
2024/04/15 13:52:33 ID: 241, Data: 9C4861FEAEFC32EF, Celsius: 72, A: -4.15, rev/s: -2.361,  rev: -11.950
2024/04/15 13:52:33 ID: 241, Data: 9C48C1FDE1FDCFEE, Celsius: 72, A: -5.75, rev/s: -1.508,  rev: -12.225
2024/04/15 13:52:34 ID: 241, Data: 9C4872FD08FF79EE, Celsius: 72, A: -6.54, rev/s: -0.689,  rev: -12.464
2024/04/15 13:52:34 ID: 241, Data: 9C49FCFFDE0099EE, Celsius: 73, A: -0.04, rev/s: +0.617,  rev: -12.375
2024/04/15 13:52:34 ID: 241, Data: 9C49E5FFE3FF9CEE, Celsius: 73, A: -0.27, rev/s: -0.081,  rev: -12.367
2024/04/15 13:52:34 ID: 241, Data: 9C4956FFC3FF98EE, Celsius: 73, A: -1.70, rev/s: -0.169,  rev: -12.378
2024/04/15 13:52:34 ID: 241, Data: 9C49F6FE81FF8EEE, Celsius: 73, A: -2.66, rev/s: -0.353,  rev: -12.406
2024/04/15 13:52:34 ID: 241, Data: 9C4967FE85FF84EE, Celsius: 73, A: -4.09, rev/s: -0.342,  rev: -12.433
2024/04/15 13:52:34 ID: 241, Data: 9C48AEFDDAFF7AEE, Celsius: 72, A: -5.94, rev/s: -0.106,  rev: -12.461
2024/04/15 13:52:34 ID: 241, Data: 9C4829FDE6FF72EE, Celsius: 72, A: -7.27, rev/s: -0.072,  rev: -12.483
2024/04/15 13:52:34 ID: 241, Data: 9C4835FD060071EE, Celsius: 72, A: -7.15, rev/s: +0.017,  rev: -12.486
2024/04/15 13:52:34 ID: 241, Data: 9C4833FDE7FF70EE, Celsius: 72, A: -7.17, rev/s: -0.069,  rev: -12.489
2024/04/15 13:52:35 ID: 241, Data: 9C4830FDE1FF70EE, Celsius: 72, A: -7.20, rev/s: -0.086,  rev: -12.489
2024/04/15 13:52:35 ID: 241, Data: 9C482FFDE3FF70EE, Celsius: 72, A: -7.21, rev/s: -0.081,  rev: -12.489
2024/04/15 13:52:35 ID: 241, Data: 9C482EFDF7FF70EE, Celsius: 72, A: -7.22, rev/s: -0.025,  rev: -12.489
2024/04/15 13:52:35 ID: 241, Data: 9C4817FD40FF6EEE, Celsius: 72, A: -7.45, rev/s: -0.533,  rev: -12.494
2024/04/15 13:52:35 ID: 241, Data: 9C4804FDD0FF61EE, Celsius: 72, A: -7.64, rev/s: -0.133,  rev: -12.531
2024/04/15 13:52:35 ID: 241, Data: 9C4828FDD2FF53EE, Celsius: 72, A: -7.28, rev/s: -0.128,  rev: -12.569
2024/04/15 13:52:35 ID: 241, Data: 9C486AFDFEFE41EE, Celsius: 72, A: -6.62, rev/s: -0.717,  rev: -12.619
2024/04/15 13:52:35 ID: 241, Data: 9C4849FD86FEFFED, Celsius: 72, A: -6.95, rev/s: -1.050,  rev: -12.803
2024/04/15 13:52:35 ID: 241, Data: 9C488FFD07FFE3ED, Celsius: 72, A: -6.25, rev/s: -0.692,  rev: -12.881
2024/04/15 13:52:36 ID: 241, Data: 9C48FCFC6DFFD8ED, Celsius: 72, A: -7.72, rev/s: -0.408,  rev: -12.911
2024/04/15 13:52:36 ID: 241, Data: 9C481CFDA7FFD1ED, Celsius: 72, A: -7.40, rev/s: -0.247,  rev: -12.931
2024/04/15 13:52:36 ID: 241, Data: 9C49D5FEB6FBA6ED, Celsius: 73, A: -2.99, rev/s: -3.050,  rev: -13.050
2024/04/15 13:52:36 ID: 241, Data: 9C490C003600B9ED, Celsius: 73, A: +0.12, rev/s: +0.150,  rev: -12.997
2024/04/15 13:52:36 ID: 241, Data: 9C49DDFFF1FFBAED, Celsius: 73, A: -0.35, rev/s: -0.042,  rev: -12.994
2024/04/15 13:52:36 ID: 241, Data: 9C499AFF79FFB0ED, Celsius: 73, A: -1.02, rev/s: -0.375,  rev: -13.022
2024/04/15 13:52:36 ID: 241, Data: 9C4AE0FF1DFFA5ED, Celsius: 74, A: -0.32, rev/s: -0.631,  rev: -13.053
2024/04/15 13:52:36 ID: 241, Data: 9C498BFFABFF9CED, Celsius: 73, A: -1.17, rev/s: -0.236,  rev: -13.078
2024/04/15 13:52:36 ID: 241, Data: 9C49ECFE61FF94ED, Celsius: 73, A: -2.76, rev/s: -0.442,  rev: -13.100
2024/04/15 13:52:36 ID: 241, Data: 9C4933FEB2FF89ED, Celsius: 73, A: -4.61, rev/s: -0.217,  rev: -13.131
2024/04/15 13:52:37 ID: 241, Data: 9C493BFDBEFF80ED, Celsius: 73, A: -7.09, rev/s: -0.183,  rev: -13.156
2024/04/15 13:52:37 ID: 241, Data: 9C4935FDBEFF78ED, Celsius: 73, A: -7.15, rev/s: -0.183,  rev: -13.178
2024/04/15 13:52:37 ID: 241, Data: 9C4911FDE1FF71ED, Celsius: 73, A: -7.51, rev/s: -0.086,  rev: -13.197
2024/04/15 13:52:37 ID: 241, Data: 9C492EFDE9FF70ED, Celsius: 73, A: -7.22, rev/s: -0.064,  rev: -13.200
2024/04/15 13:52:37 ID: 241, Data: 9C492EFD040070ED, Celsius: 73, A: -7.22, rev/s: +0.011,  rev: -13.200
2024/04/15 13:52:37 ID: 241, Data: 9C4932FD050070ED, Celsius: 73, A: -7.18, rev/s: +0.014,  rev: -13.200
2024/04/15 13:52:37 ID: 241, Data: 9C4931FDE3FF70ED, Celsius: 73, A: -7.19, rev/s: -0.081,  rev: -13.200
2024/04/15 13:52:37 ID: 241, Data: 9C4934FD1A0070ED, Celsius: 73, A: -7.16, rev/s: +0.072,  rev: -13.200
2024/04/15 13:52:37 ID: 241, Data: 9C4932FDFEFF70ED, Celsius: 73, A: -7.18, rev/s: -0.006,  rev: -13.200
2024/04/15 13:52:37 ID: 241, Data: 9C4933FDFFFF70ED, Celsius: 73, A: -7.17, rev/s: -0.003,  rev: -13.200
2024/04/15 13:52:38 ID: 241, Data: 9C4935FDF2FF70ED, Celsius: 73, A: -7.15, rev/s: -0.039,  rev: -13.200
2024/04/15 13:52:38 ID: 241, Data: 9C4933FD260070ED, Celsius: 73, A: -7.17, rev/s: +0.106,  rev: -13.200
2024/04/15 13:52:38 ID: 241, Data: 9C4935FD0B0070ED, Celsius: 73, A: -7.15, rev/s: +0.031,  rev: -13.200
2024/04/15 13:52:38 ID: 241, Data: 9C4936FD010070ED, Celsius: 73, A: -7.14, rev/s: +0.003,  rev: -13.200
2024/04/15 13:52:38 ID: 241, Data: 9C4A37FDF8FF70ED, Celsius: 74, A: -7.13, rev/s: -0.022,  rev: -13.200
2024/04/15 13:52:38 ID: 241, Data: 9C4A37FD070070ED, Celsius: 74, A: -7.13, rev/s: +0.019,  rev: -13.200
2024/04/15 13:52:38 ID: 241, Data: 9C4A38FD080070ED, Celsius: 74, A: -7.12, rev/s: +0.022,  rev: -13.200
2024/04/15 13:52:38 ID: 241, Data: 9C4A38FD000070ED, Celsius: 74, A: -7.12, rev/s: +0.000,  rev: -13.200
2024/04/15 13:52:38 ID: 241, Data: 9C4A37FDF4FF70ED, Celsius: 74, A: -7.13, rev/s: -0.033,  rev: -13.200
2024/04/15 13:52:38 ID: 241, Data: 9C4A37FD020070ED, Celsius: 74, A: -7.13, rev/s: +0.006,  rev: -13.200
2024/04/15 13:52:39 ID: 241, Data: 9C4A38FD150070ED, Celsius: 74, A: -7.12, rev/s: +0.058,  rev: -13.200
2024/04/15 13:52:39 ID: 241, Data: 9C4A40FDF2FF6FED, Celsius: 74, A: -7.04, rev/s: -0.039,  rev: -13.203
2024/04/15 13:52:39 ID: 241, Data: 9C4B15FDB8FF68ED, Celsius: 75, A: -7.47, rev/s: -0.200,  rev: -13.222
2024/04/15 13:52:39 ID: 241, Data: 9C4B60FD10FF54ED, Celsius: 75, A: -6.72, rev/s: -0.667,  rev: -13.278
2024/04/15 13:52:39 ID: 241, Data: 9C4BB8FDA9FD0AED, Celsius: 75, A: -5.84, rev/s: -1.664,  rev: -13.483
2024/04/15 13:52:39 ID: 241, Data: 9C4CC8FD81FEDEEC, Celsius: 76, A: -5.68, rev/s: -1.064,  rev: -13.606
2024/04/15 13:52:39 ID: 241, Data: 9C4CFAFDE5FD8CEC, Celsius: 76, A: -5.18, rev/s: -1.497,  rev: -13.833
2024/04/15 13:52:39 ID: 241, Data: 9C4C99FD68FE6BEC, Celsius: 76, A: -6.15, rev/s: -1.133,  rev: -13.925
2024/04/15 13:52:39 ID: 241, Data: 9C4C4FFEF8FB34EC, Celsius: 76, A: -4.33, rev/s: -2.867,  rev: -14.078
2024/04/15 13:52:40 ID: 241, Data: 9C4C3C00BD0120EC, Celsius: 76, A: +0.60, rev/s: +1.236,  rev: -14.133
2024/04/15 13:52:40 ID: 241, Data: 9C4C0A00C10041EC, Celsius: 76, A: +0.10, rev/s: +0.536,  rev: -14.042
2024/04/15 13:52:40 ID: 241, Data: 9C4CC3FF0D004CEC, Celsius: 76, A: -0.61, rev/s: +0.036,  rev: -14.011
2024/04/15 13:52:40 ID: 241, Data: 9C4CC5FFFCFF4CEC, Celsius: 76, A: -0.59, rev/s: -0.011,  rev: -14.011
2024/04/15 13:52:40 ID: 241, Data: 9C4CD1FFFBFF4CEC, Celsius: 76, A: -0.47, rev/s: -0.014,  rev: -14.011
2024/04/15 13:52:40 ID: 241, Data: 9C4DBAFF60004DEC, Celsius: 77, A: -0.70, rev/s: +0.267,  rev: -14.008
