2024/04/15 13:59:45 ID: 241, Data: 9C2DC1FF77000300, Celsius: 45, A: -0.63, rev/s: +0.331,  rev: +0.008
2024/04/15 13:59:46 ID: 241, Data: 9C2DB4FFAE001400, Celsius: 45, A: -0.76, rev/s: +0.483,  rev: +0.056
2024/04/15 13:59:46 ID: 241, Data: 9C2D10000A012D00, Celsius: 45, A: +0.16, rev/s: +0.739,  rev: +0.125
2024/04/15 13:59:46 ID: 241, Data: 9C2D0D0079015200, Celsius: 45, A: +0.13, rev/s: +1.047,  rev: +0.228
2024/04/15 13:59:46 ID: 241, Data: 9C2D110064017800, Celsius: 45, A: +0.17, rev/s: +0.989,  rev: +0.333
2024/04/15 13:59:46 ID: 241, Data: 9C2D0F006A019D00, Celsius: 45, A: +0.15, rev/s: +1.006,  rev: +0.436
2024/04/15 13:59:46 ID: 241, Data: 9C2D0A007101C200, Celsius: 45, A: +0.10, rev/s: +1.025,  rev: +0.539
2024/04/15 13:59:46 ID: 241, Data: 9C2D11006A01E700, Celsius: 45, A: +0.17, rev/s: +1.006,  rev: +0.642
2024/04/15 13:59:46 ID: 241, Data: 9C2D0B008F010C01, Celsius: 45, A: +0.11, rev/s: +1.108,  rev: +0.744
2024/04/15 13:59:46 ID: 241, Data: 9C2D0A0068013101, Celsius: 45, A: +0.10, rev/s: +1.000,  rev: +0.847
2024/04/15 13:59:46 ID: 241, Data: 9C2D1B0057015601, Celsius: 45, A: +0.27, rev/s: +0.953,  rev: +0.950
2024/04/15 13:59:47 ID: 241, Data: 9C2D140075017B01, Celsius: 45, A: +0.20, rev/s: +1.036,  rev: +1.053
2024/04/15 13:59:47 ID: 241, Data: 9C2D1C00EA00A001, Celsius: 45, A: +0.28, rev/s: +0.650,  rev: +1.156
2024/04/15 13:59:47 ID: 241, Data: 9C2D10007401C501, Celsius: 45, A: +0.16, rev/s: +1.033,  rev: +1.258
2024/04/15 13:59:47 ID: 241, Data: 9C2D0A009301EA01, Celsius: 45, A: +0.10, rev/s: +1.119,  rev: +1.361
2024/04/15 13:59:47 ID: 241, Data: 9C2D0B006D010F02, Celsius: 45, A: +0.11, rev/s: +1.014,  rev: +1.464
2024/04/15 13:59:47 ID: 241, Data: 9C2D11009C013402, Celsius: 45, A: +0.17, rev/s: +1.144,  rev: +1.567
2024/04/15 13:59:47 ID: 241, Data: 9C2D0F0085015902, Celsius: 45, A: +0.15, rev/s: +1.081,  rev: +1.669
2024/04/15 13:59:47 ID: 241, Data: 9C2D1A0057017D02, Celsius: 45, A: +0.26, rev/s: +0.953,  rev: +1.769
2024/04/15 13:59:47 ID: 241, Data: 9C2D5C0332008902, Celsius: 45, A: +8.60, rev/s: +0.139,  rev: +1.803
2024/04/15 13:59:48 ID: 241, Data: 9C2D4E03FAFF8A02, Celsius: 45, A: +8.46, rev/s: -0.017,  rev: +1.806
2024/04/15 13:59:48 ID: 241, Data: 9C2D43030E008B02, Celsius: 45, A: +8.35, rev/s: +0.039,  rev: +1.808
2024/04/15 13:59:48 ID: 241, Data: 9C2D4703FBFF8B02, Celsius: 45, A: +8.39, rev/s: -0.014,  rev: +1.808
2024/04/15 13:59:48 ID: 241, Data: 9C2D5B0311008C02, Celsius: 45, A: +8.59, rev/s: +0.047,  rev: +1.811
2024/04/15 13:59:48 ID: 241, Data: 9C2D53030D008E02, Celsius: 45, A: +8.51, rev/s: +0.036,  rev: +1.817
2024/04/15 13:59:48 ID: 241, Data: 9C2D4603F8FF8E02, Celsius: 45, A: +8.38, rev/s: -0.022,  rev: +1.817
2024/04/15 13:59:48 ID: 241, Data: 9C2D400317008E02, Celsius: 45, A: +8.32, rev/s: +0.064,  rev: +1.817
2024/04/15 13:59:48 ID: 241, Data: 9C2D3C0304008E02, Celsius: 45, A: +8.28, rev/s: +0.011,  rev: +1.817
2024/04/15 13:59:48 ID: 241, Data: 9C2D3B03EEFF8E02, Celsius: 45, A: +8.27, rev/s: -0.050,  rev: +1.817
2024/04/15 13:59:48 ID: 241, Data: 9C2E360308008F02, Celsius: 46, A: +8.22, rev/s: +0.022,  rev: +1.819
2024/04/15 13:59:49 ID: 241, Data: 9C2E310309008F02, Celsius: 46, A: +8.17, rev/s: +0.025,  rev: +1.819
2024/04/15 13:59:49 ID: 241, Data: 9C2E300306008F02, Celsius: 46, A: +8.16, rev/s: +0.017,  rev: +1.819
2024/04/15 13:59:49 ID: 241, Data: 9C2E2E03FCFF8F02, Celsius: 46, A: +8.14, rev/s: -0.011,  rev: +1.819
2024/04/15 13:59:49 ID: 241, Data: 9C2E300302008F02, Celsius: 46, A: +8.16, rev/s: +0.006,  rev: +1.819
2024/04/15 13:59:49 ID: 241, Data: 9C2E2B03ECFF8F02, Celsius: 46, A: +8.11, rev/s: -0.056,  rev: +1.819
2024/04/15 13:59:49 ID: 241, Data: 9C2E2B0303008F02, Celsius: 46, A: +8.11, rev/s: +0.008,  rev: +1.819
2024/04/15 13:59:49 ID: 241, Data: 9C2E290307008F02, Celsius: 46, A: +8.09, rev/s: +0.019,  rev: +1.819
2024/04/15 13:59:49 ID: 241, Data: 9C2E280308008F02, Celsius: 46, A: +8.08, rev/s: +0.022,  rev: +1.819
2024/04/15 13:59:49 ID: 241, Data: 9C2E2903F0FF8F02, Celsius: 46, A: +8.09, rev/s: -0.044,  rev: +1.819
2024/04/15 13:59:49 ID: 241, Data: 9C2E250300008F02, Celsius: 46, A: +8.05, rev/s: +0.000,  rev: +1.819
2024/04/15 13:59:50 ID: 241, Data: 9C2E2403FDFF8F02, Celsius: 46, A: +8.04, rev/s: -0.008,  rev: +1.819
2024/04/15 13:59:50 ID: 241, Data: 9C2E260300008F02, Celsius: 46, A: +8.06, rev/s: +0.000,  rev: +1.819
2024/04/15 13:59:50 ID: 241, Data: 9C2E26030A008F02, Celsius: 46, A: +8.06, rev/s: +0.028,  rev: +1.819
2024/04/15 13:59:50 ID: 241, Data: 9C2E23030B008F02, Celsius: 46, A: +8.03, rev/s: +0.031,  rev: +1.819
2024/04/15 13:59:50 ID: 241, Data: 9C2E2203F7FF8F02, Celsius: 46, A: +8.02, rev/s: -0.025,  rev: +1.819
2024/04/15 13:59:50 ID: 241, Data: 9C2E2103FBFF8F02, Celsius: 46, A: +8.01, rev/s: -0.014,  rev: +1.819
2024/04/15 13:59:50 ID: 241, Data: 9C2E2003F2FF8F02, Celsius: 46, A: +8.00, rev/s: -0.039,  rev: +1.819
2024/04/15 13:59:50 ID: 241, Data: 9C2E1F03EBFF8F02, Celsius: 46, A: +7.99, rev/s: -0.058,  rev: +1.819
2024/04/15 13:59:50 ID: 241, Data: 9C2E1E03F1FF8F02, Celsius: 46, A: +7.98, rev/s: -0.042,  rev: +1.819
2024/04/15 13:59:50 ID: 241, Data: 9C2E1C030A008F02, Celsius: 46, A: +7.96, rev/s: +0.028,  rev: +1.819
2024/04/15 13:59:51 ID: 241, Data: 9C2E1C0305008F02, Celsius: 46, A: +7.96, rev/s: +0.014,  rev: +1.819
2024/04/15 13:59:51 ID: 241, Data: 9C2E19030D008F02, Celsius: 46, A: +7.93, rev/s: +0.036,  rev: +1.819
2024/04/15 13:59:51 ID: 241, Data: 9C2F1A0302008F02, Celsius: 47, A: +7.94, rev/s: +0.006,  rev: +1.819
2024/04/15 13:59:51 ID: 241, Data: 9C2E1A03F5FF8F02, Celsius: 46, A: +7.94, rev/s: -0.031,  rev: +1.819
2024/04/15 13:59:51 ID: 241, Data: 9C2E1903FAFF8F02, Celsius: 46, A: +7.93, rev/s: -0.017,  rev: +1.819
2024/04/15 13:59:51 ID: 241, Data: 9C2E18031B008F02, Celsius: 46, A: +7.92, rev/s: +0.075,  rev: +1.819
2024/04/15 13:59:51 ID: 241, Data: 9C2E1803EDFF8F02, Celsius: 46, A: +7.92, rev/s: -0.053,  rev: +1.819
2024/04/15 13:59:51 ID: 241, Data: 9C2E1703F4FF8F02, Celsius: 46, A: +7.91, rev/s: -0.033,  rev: +1.819
2024/04/15 13:59:51 ID: 241, Data: 9C2E160313008F02, Celsius: 46, A: +7.90, rev/s: +0.053,  rev: +1.819
2024/04/15 13:59:52 ID: 241, Data: 9C2E1503FCFF8F02, Celsius: 46, A: +7.89, rev/s: -0.011,  rev: +1.819
2024/04/15 13:59:52 ID: 241, Data: 9C2E1603EEFF8F02, Celsius: 46, A: +7.90, rev/s: -0.050,  rev: +1.819
2024/04/15 13:59:52 ID: 241, Data: 9C2E1403F4FF8F02, Celsius: 46, A: +7.88, rev/s: -0.033,  rev: +1.819
2024/04/15 13:59:52 ID: 241, Data: 9C2F1503F3FF8F02, Celsius: 47, A: +7.89, rev/s: -0.036,  rev: +1.819
2024/04/15 13:59:52 ID: 241, Data: 9C2E1303F2FF8F02, Celsius: 46, A: +7.87, rev/s: -0.039,  rev: +1.819
2024/04/15 13:59:52 ID: 241, Data: 9C2E110306008F02, Celsius: 46, A: +7.85, rev/s: +0.017,  rev: +1.819
2024/04/15 13:59:52 ID: 241, Data: 9C2E130304008F02, Celsius: 46, A: +7.87, rev/s: +0.011,  rev: +1.819
2024/04/15 13:59:52 ID: 241, Data: 9C2F1103FCFF8F02, Celsius: 47, A: +7.85, rev/s: -0.011,  rev: +1.819
2024/04/15 13:59:52 ID: 241, Data: 9C2E11030E008F02, Celsius: 46, A: +7.85, rev/s: +0.039,  rev: +1.819
2024/04/15 13:59:52 ID: 241, Data: 9C2E0F03FAFF8F02, Celsius: 46, A: +7.83, rev/s: -0.017,  rev: +1.819
2024/04/15 13:59:53 ID: 241, Data: 9C2E0F0309008F02, Celsius: 46, A: +7.83, rev/s: +0.025,  rev: +1.819
2024/04/15 13:59:53 ID: 241, Data: 9C2E0F0303008F02, Celsius: 46, A: +7.83, rev/s: +0.008,  rev: +1.819
2024/04/15 13:59:53 ID: 241, Data: 9C2F0D031F008F02, Celsius: 47, A: +7.81, rev/s: +0.086,  rev: +1.819
2024/04/15 13:59:53 ID: 241, Data: 9C2E0C03EBFF8F02, Celsius: 46, A: +7.80, rev/s: -0.058,  rev: +1.819
2024/04/15 13:59:53 ID: 241, Data: 9C2F0B03ECFF8F02, Celsius: 47, A: +7.79, rev/s: -0.056,  rev: +1.819
2024/04/15 13:59:53 ID: 241, Data: 9C2E0C03F8FF8F02, Celsius: 46, A: +7.80, rev/s: -0.022,  rev: +1.819
2024/04/15 13:59:53 ID: 241, Data: 9C2E0C0310008F02, Celsius: 46, A: +7.80, rev/s: +0.044,  rev: +1.819
2024/04/15 13:59:53 ID: 241, Data: 9C2E0C03F6FF8F02, Celsius: 46, A: +7.80, rev/s: -0.028,  rev: +1.819
2024/04/15 13:59:53 ID: 241, Data: 9C2E080303008F02, Celsius: 46, A: +7.76, rev/s: +0.008,  rev: +1.819
2024/04/15 13:59:53 ID: 241, Data: 9C2F090300008F02, Celsius: 47, A: +7.77, rev/s: +0.000,  rev: +1.819
2024/04/15 13:59:54 ID: 241, Data: 9C2F080308008F02, Celsius: 47, A: +7.76, rev/s: +0.022,  rev: +1.819
2024/04/15 13:59:54 ID: 241, Data: 9C2E0703FDFF8F02, Celsius: 46, A: +7.75, rev/s: -0.008,  rev: +1.819
2024/04/15 13:59:54 ID: 241, Data: 9C2E08030A008F02, Celsius: 46, A: +7.76, rev/s: +0.028,  rev: +1.819
2024/04/15 13:59:54 ID: 241, Data: 9C2E0503EFFF8F02, Celsius: 46, A: +7.73, rev/s: -0.047,  rev: +1.819
2024/04/15 13:59:54 ID: 241, Data: 9C2E07030A008F02, Celsius: 46, A: +7.75, rev/s: +0.028,  rev: +1.819
2024/04/15 13:59:54 ID: 241, Data: 9C2E050313008F02, Celsius: 46, A: +7.73, rev/s: +0.053,  rev: +1.819
2024/04/15 13:59:54 ID: 241, Data: 9C2E0503F2FF8F02, Celsius: 46, A: +7.73, rev/s: -0.039,  rev: +1.819
2024/04/15 13:59:54 ID: 241, Data: 9C2E0303FAFF8F02, Celsius: 46, A: +7.71, rev/s: -0.017,  rev: +1.819
2024/04/15 13:59:54 ID: 241, Data: 9C2E050303008F02, Celsius: 46, A: +7.73, rev/s: +0.008,  rev: +1.819
2024/04/15 13:59:54 ID: 241, Data: 9C2F020306008F02, Celsius: 47, A: +7.70, rev/s: +0.017,  rev: +1.819
2024/04/15 13:59:55 ID: 241, Data: 9C2E0203EBFF8F02, Celsius: 46, A: +7.70, rev/s: -0.058,  rev: +1.819
2024/04/15 13:59:55 ID: 241, Data: 9C2F01031B008F02, Celsius: 47, A: +7.69, rev/s: +0.075,  rev: +1.819
2024/04/15 13:59:55 ID: 241, Data: 9C2E030300008F02, Celsius: 46, A: +7.71, rev/s: +0.000,  rev: +1.819
2024/04/15 13:59:55 ID: 241, Data: 9C2E0003F5FF8F02, Celsius: 46, A: +7.68, rev/s: -0.031,  rev: +1.819
2024/04/15 13:59:55 ID: 241, Data: 9C2E0303F6FF8F02, Celsius: 46, A: +7.71, rev/s: -0.028,  rev: +1.819
2024/04/15 13:59:55 ID: 241, Data: 9C2E020302008F02, Celsius: 46, A: +7.70, rev/s: +0.006,  rev: +1.819
2024/04/15 13:59:55 ID: 241, Data: 9C2E020309008F02, Celsius: 46, A: +7.70, rev/s: +0.025,  rev: +1.819
2024/04/15 13:59:55 ID: 241, Data: 9C2FFC021A008F02, Celsius: 47, A: +7.64, rev/s: +0.072,  rev: +1.819
2024/04/15 13:59:55 ID: 241, Data: 9C2E000300008F02, Celsius: 46, A: +7.68, rev/s: +0.000,  rev: +1.819
2024/04/15 13:59:56 ID: 241, Data: 9C2E0003F8FF8F02, Celsius: 46, A: +7.68, rev/s: -0.022,  rev: +1.819
2024/04/15 13:59:56 ID: 241, Data: 9C2EFE02F2FF8F02, Celsius: 46, A: +7.66, rev/s: -0.039,  rev: +1.819
2024/04/15 13:59:56 ID: 241, Data: 9C2EFD02EEFF8F02, Celsius: 46, A: +7.65, rev/s: -0.050,  rev: +1.819
2024/04/15 13:59:56 ID: 241, Data: 9C2FFD02EEFF8F02, Celsius: 47, A: +7.65, rev/s: -0.050,  rev: +1.819
2024/04/15 13:59:56 ID: 241, Data: 9C2FFB0230008F02, Celsius: 47, A: +7.63, rev/s: +0.133,  rev: +1.819
2024/04/15 13:59:56 ID: 241, Data: 9C2EFC02FEFF8F02, Celsius: 46, A: +7.64, rev/s: -0.006,  rev: +1.819
2024/04/15 13:59:56 ID: 241, Data: 9C2EFB02F8FF8F02, Celsius: 46, A: +7.63, rev/s: -0.022,  rev: +1.819
2024/04/15 13:59:56 ID: 241, Data: 9C2FF90233008F02, Celsius: 47, A: +7.61, rev/s: +0.142,  rev: +1.819
2024/04/15 13:59:56 ID: 241, Data: 9C2EFC0204008F02, Celsius: 46, A: +7.64, rev/s: +0.011,  rev: +1.819
2024/04/15 13:59:56 ID: 241, Data: 9C2EFC02EDFF8F02, Celsius: 46, A: +7.64, rev/s: -0.053,  rev: +1.819
2024/04/15 13:59:57 ID: 241, Data: 9C2EFA02E1FF8F02, Celsius: 46, A: +7.62, rev/s: -0.086,  rev: +1.819
2024/04/15 13:59:57 ID: 241, Data: 9C2FF902F0FF8F02, Celsius: 47, A: +7.61, rev/s: -0.044,  rev: +1.819
2024/04/15 13:59:57 ID: 241, Data: 9C2FF90201008F02, Celsius: 47, A: +7.61, rev/s: +0.003,  rev: +1.819
2024/04/15 13:59:57 ID: 241, Data: 9C2FF60230008F02, Celsius: 47, A: +7.58, rev/s: +0.133,  rev: +1.819
2024/04/15 13:59:57 ID: 241, Data: 9C2EF802F8FF8F02, Celsius: 46, A: +7.60, rev/s: -0.022,  rev: +1.819
2024/04/15 13:59:57 ID: 241, Data: 9C2EF802FAFF8F02, Celsius: 46, A: +7.60, rev/s: -0.017,  rev: +1.819
2024/04/15 13:59:57 ID: 241, Data: 9C2FF602D0FF8F02, Celsius: 47, A: +7.58, rev/s: -0.133,  rev: +1.819
2024/04/15 13:59:57 ID: 241, Data: 9C2EF702FBFF8F02, Celsius: 46, A: +7.59, rev/s: -0.014,  rev: +1.819
2024/04/15 13:59:57 ID: 241, Data: 9C2FF802D5FF8F02, Celsius: 47, A: +7.60, rev/s: -0.119,  rev: +1.819
2024/04/15 13:59:57 ID: 241, Data: 9C2FF40214008F02, Celsius: 47, A: +7.56, rev/s: +0.056,  rev: +1.819
2024/04/15 13:59:58 ID: 241, Data: 9C2FF502FCFF8F02, Celsius: 47, A: +7.57, rev/s: -0.011,  rev: +1.819
2024/04/15 13:59:58 ID: 241, Data: 9C2FF4020C008F02, Celsius: 47, A: +7.56, rev/s: +0.033,  rev: +1.819
2024/04/15 13:59:58 ID: 241, Data: 9C2FF50203008F02, Celsius: 47, A: +7.57, rev/s: +0.008,  rev: +1.819
2024/04/15 13:59:58 ID: 241, Data: 9C2EF30210008F02, Celsius: 46, A: +7.55, rev/s: +0.044,  rev: +1.819
2024/04/15 13:59:58 ID: 241, Data: 9C2EF60202008F02, Celsius: 46, A: +7.58, rev/s: +0.006,  rev: +1.819
2024/04/15 13:59:58 ID: 241, Data: 9C2FF50214008F02, Celsius: 47, A: +7.57, rev/s: +0.056,  rev: +1.819
2024/04/15 13:59:58 ID: 241, Data: 9C2EF502F8FF8F02, Celsius: 46, A: +7.57, rev/s: -0.022,  rev: +1.819
2024/04/15 13:59:58 ID: 241, Data: 9C2FF30217008F02, Celsius: 47, A: +7.55, rev/s: +0.064,  rev: +1.819
2024/04/15 13:59:58 ID: 241, Data: 9C2FF402F5FF8F02, Celsius: 47, A: +7.56, rev/s: -0.031,  rev: +1.819
2024/04/15 13:59:58 ID: 241, Data: 9C2FF20209008F02, Celsius: 47, A: +7.54, rev/s: +0.025,  rev: +1.819
2024/04/15 13:59:59 ID: 241, Data: 9C2FF20212008F02, Celsius: 47, A: +7.54, rev/s: +0.050,  rev: +1.819
2024/04/15 13:59:59 ID: 241, Data: 9C2FF402EEFF8F02, Celsius: 47, A: +7.56, rev/s: -0.050,  rev: +1.819
2024/04/15 13:59:59 ID: 241, Data: 9C2FF102F2FF8F02, Celsius: 47, A: +7.53, rev/s: -0.039,  rev: +1.819
2024/04/15 13:59:59 ID: 241, Data: 9C2EEF0208008F02, Celsius: 46, A: +7.51, rev/s: +0.022,  rev: +1.819
2024/04/15 13:59:59 ID: 241, Data: 9C2FF102EFFF8F02, Celsius: 47, A: +7.53, rev/s: -0.047,  rev: +1.819
2024/04/15 13:59:59 ID: 241, Data: 9C2FEF0207008F02, Celsius: 47, A: +7.51, rev/s: +0.019,  rev: +1.819
2024/04/15 13:59:59 ID: 241, Data: 9C2FF002E3FF8F02, Celsius: 47, A: +7.52, rev/s: -0.081,  rev: +1.819
2024/04/15 13:59:59 ID: 241, Data: 9C2FF00202008F02, Celsius: 47, A: +7.52, rev/s: +0.006,  rev: +1.819
2024/04/15 13:59:59 ID: 241, Data: 9C2FF00200008F02, Celsius: 47, A: +7.52, rev/s: +0.000,  rev: +1.819
2024/04/15 14:00:00 ID: 241, Data: 9C2FEE0203008F02, Celsius: 47, A: +7.50, rev/s: +0.008,  rev: +1.819
2024/04/15 14:00:00 ID: 241, Data: 9C2FF002CDFF8F02, Celsius: 47, A: +7.52, rev/s: -0.142,  rev: +1.819
2024/04/15 14:00:00 ID: 241, Data: 9C2FEE02FFFF8F02, Celsius: 47, A: +7.50, rev/s: -0.003,  rev: +1.819
2024/04/15 14:00:00 ID: 241, Data: 9C2FEF02DBFF8F02, Celsius: 47, A: +7.51, rev/s: -0.103,  rev: +1.819
2024/04/15 14:00:00 ID: 241, Data: 9C2FEC0214008F02, Celsius: 47, A: +7.48, rev/s: +0.056,  rev: +1.819
2024/04/15 14:00:00 ID: 241, Data: 9C2FEE0201008F02, Celsius: 47, A: +7.50, rev/s: +0.003,  rev: +1.819
2024/04/15 14:00:00 ID: 241, Data: 9C2FEF0203008F02, Celsius: 47, A: +7.51, rev/s: +0.008,  rev: +1.819
2024/04/15 14:00:00 ID: 241, Data: 9C2FEC02FBFF8F02, Celsius: 47, A: +7.48, rev/s: -0.014,  rev: +1.819
2024/04/15 14:00:00 ID: 241, Data: 9C2FEB02FDFF8F02, Celsius: 47, A: +7.47, rev/s: -0.008,  rev: +1.819
2024/04/15 14:00:00 ID: 241, Data: 9C2FEA020F008F02, Celsius: 47, A: +7.46, rev/s: +0.042,  rev: +1.819
2024/04/15 14:00:01 ID: 241, Data: 9C2FED02F3FF8F02, Celsius: 47, A: +7.49, rev/s: -0.036,  rev: +1.819
2024/04/15 14:00:01 ID: 241, Data: 9C2FE80211008F02, Celsius: 47, A: +7.44, rev/s: +0.047,  rev: +1.819
2024/04/15 14:00:01 ID: 241, Data: 9C2FEC0206008F02, Celsius: 47, A: +7.48, rev/s: +0.017,  rev: +1.819
2024/04/15 14:00:01 ID: 241, Data: 9C2FE8021A008F02, Celsius: 47, A: +7.44, rev/s: +0.072,  rev: +1.819
2024/04/15 14:00:01 ID: 241, Data: 9C2FEB02CEFF8F02, Celsius: 47, A: +7.47, rev/s: -0.139,  rev: +1.819
2024/04/15 14:00:01 ID: 241, Data: 9C2FEB02EBFF8F02, Celsius: 47, A: +7.47, rev/s: -0.058,  rev: +1.819
2024/04/15 14:00:01 ID: 241, Data: 9C2FE802FCFF8F02, Celsius: 47, A: +7.44, rev/s: -0.011,  rev: +1.819
2024/04/15 14:00:01 ID: 241, Data: 9C2FEA0211008F02, Celsius: 47, A: +7.46, rev/s: +0.047,  rev: +1.819
2024/04/15 14:00:01 ID: 241, Data: 9C2FE80203008F02, Celsius: 47, A: +7.44, rev/s: +0.008,  rev: +1.819
2024/04/15 14:00:01 ID: 241, Data: 9C2FE80215008F02, Celsius: 47, A: +7.44, rev/s: +0.058,  rev: +1.819
2024/04/15 14:00:02 ID: 241, Data: 9C2FE902F9FF8F02, Celsius: 47, A: +7.45, rev/s: -0.019,  rev: +1.819
2024/04/15 14:00:02 ID: 241, Data: 9C2FE70200008F02, Celsius: 47, A: +7.43, rev/s: +0.000,  rev: +1.819
2024/04/15 14:00:02 ID: 241, Data: 9C2FE802F6FF8F02, Celsius: 47, A: +7.44, rev/s: -0.028,  rev: +1.819
2024/04/15 14:00:02 ID: 241, Data: 9C2FE60231008F02, Celsius: 47, A: +7.42, rev/s: +0.136,  rev: +1.819
2024/04/15 14:00:02 ID: 241, Data: 9C2FE902E2FF8F02, Celsius: 47, A: +7.45, rev/s: -0.083,  rev: +1.819
2024/04/15 14:00:02 ID: 241, Data: 9C2FE702F7FF8F02, Celsius: 47, A: +7.43, rev/s: -0.025,  rev: +1.819
2024/04/15 14:00:02 ID: 241, Data: 9C2FE70201008F02, Celsius: 47, A: +7.43, rev/s: +0.003,  rev: +1.819
2024/04/15 14:00:02 ID: 241, Data: 9C2FE802F1FF8F02, Celsius: 47, A: +7.44, rev/s: -0.042,  rev: +1.819
2024/04/15 14:00:02 ID: 241, Data: 9C2FE40212008F02, Celsius: 47, A: +7.40, rev/s: +0.050,  rev: +1.819
2024/04/15 14:00:02 ID: 241, Data: 9C2FE602E7FF8F02, Celsius: 47, A: +7.42, rev/s: -0.069,  rev: +1.819
2024/04/15 14:00:03 ID: 241, Data: 9C2FE602FEFF8F02, Celsius: 47, A: +7.42, rev/s: -0.006,  rev: +1.819
2024/04/15 14:00:03 ID: 241, Data: 9C2FE402FEFF8F02, Celsius: 47, A: +7.40, rev/s: -0.006,  rev: +1.819
2024/04/15 14:00:03 ID: 241, Data: 9C2FE3020E008F02, Celsius: 47, A: +7.39, rev/s: +0.039,  rev: +1.819
2024/04/15 14:00:03 ID: 241, Data: 9C2FE40217008F02, Celsius: 47, A: +7.40, rev/s: +0.064,  rev: +1.819
2024/04/15 14:00:03 ID: 241, Data: 9C2FE40213008F02, Celsius: 47, A: +7.40, rev/s: +0.053,  rev: +1.819
2024/04/15 14:00:03 ID: 241, Data: 9C2FE402FFFF8F02, Celsius: 47, A: +7.40, rev/s: -0.003,  rev: +1.819
2024/04/15 14:00:03 ID: 241, Data: 9C2FE602DDFF8F02, Celsius: 47, A: +7.42, rev/s: -0.097,  rev: +1.819
2024/04/15 14:00:03 ID: 241, Data: 9C2FE2020D008F02, Celsius: 47, A: +7.38, rev/s: +0.036,  rev: +1.819
2024/04/15 14:00:03 ID: 241, Data: 9C2FE10217008F02, Celsius: 47, A: +7.37, rev/s: +0.064,  rev: +1.819
2024/04/15 14:00:04 ID: 241, Data: 9C2FE202F2FF8F02, Celsius: 47, A: +7.38, rev/s: -0.039,  rev: +1.819
2024/04/15 14:00:04 ID: 241, Data: 9C2FE20201008F02, Celsius: 47, A: +7.38, rev/s: +0.003,  rev: +1.819
2024/04/15 14:00:04 ID: 241, Data: 9C2FE102E5FF8F02, Celsius: 47, A: +7.37, rev/s: -0.075,  rev: +1.819
2024/04/15 14:00:04 ID: 241, Data: 9C2FE10206008F02, Celsius: 47, A: +7.37, rev/s: +0.017,  rev: +1.819
2024/04/15 14:00:04 ID: 241, Data: 9C2FE20224008F02, Celsius: 47, A: +7.38, rev/s: +0.100,  rev: +1.819
2024/04/15 14:00:04 ID: 241, Data: 9C2FE302DDFF8F02, Celsius: 47, A: +7.39, rev/s: -0.097,  rev: +1.819
2024/04/15 14:00:04 ID: 241, Data: 9C2FE1020C008F02, Celsius: 47, A: +7.37, rev/s: +0.033,  rev: +1.819
2024/04/15 14:00:04 ID: 241, Data: 9C2FE202F4FF8F02, Celsius: 47, A: +7.38, rev/s: -0.033,  rev: +1.819
2024/04/15 14:00:04 ID: 241, Data: 9C2FDF0204008F02, Celsius: 47, A: +7.35, rev/s: +0.011,  rev: +1.819
2024/04/15 14:00:04 ID: 241, Data: 9C2FE102F5FF8F02, Celsius: 47, A: +7.37, rev/s: -0.031,  rev: +1.819
2024/04/15 14:00:05 ID: 241, Data: 9C2FE00202008F02, Celsius: 47, A: +7.36, rev/s: +0.006,  rev: +1.819
2024/04/15 14:00:05 ID: 241, Data: 9C2FE202FFFF8F02, Celsius: 47, A: +7.38, rev/s: -0.003,  rev: +1.819
2024/04/15 14:00:05 ID: 241, Data: 9C2FE002FAFF8F02, Celsius: 47, A: +7.36, rev/s: -0.017,  rev: +1.819
2024/04/15 14:00:05 ID: 241, Data: 9C2FDF020E008F02, Celsius: 47, A: +7.35, rev/s: +0.039,  rev: +1.819
2024/04/15 14:00:05 ID: 241, Data: 9C2FE10213008F02, Celsius: 47, A: +7.37, rev/s: +0.053,  rev: +1.819
2024/04/15 14:00:05 ID: 241, Data: 9C2FDF02DBFF8F02, Celsius: 47, A: +7.35, rev/s: -0.103,  rev: +1.819
2024/04/15 14:00:05 ID: 241, Data: 9C2FDD02E8FF8F02, Celsius: 47, A: +7.33, rev/s: -0.067,  rev: +1.819
2024/04/15 14:00:05 ID: 241, Data: 9C2FE002EEFF8F02, Celsius: 47, A: +7.36, rev/s: -0.050,  rev: +1.819
2024/04/15 14:00:05 ID: 241, Data: 9C2FDE02E7FF8F02, Celsius: 47, A: +7.34, rev/s: -0.069,  rev: +1.819
2024/04/15 14:00:05 ID: 241, Data: 9C2FDF02E5FF8F02, Celsius: 47, A: +7.35, rev/s: -0.075,  rev: +1.819
2024/04/15 14:00:06 ID: 241, Data: 9C2FDF02FAFF8F02, Celsius: 47, A: +7.35, rev/s: -0.017,  rev: +1.819
2024/04/15 14:00:06 ID: 241, Data: 9C2FDE02F1FF8F02, Celsius: 47, A: +7.34, rev/s: -0.042,  rev: +1.819
2024/04/15 14:00:06 ID: 241, Data: 9C2FDC0220008F02, Celsius: 47, A: +7.32, rev/s: +0.089,  rev: +1.819
2024/04/15 14:00:06 ID: 241, Data: 9C2FDD0205008F02, Celsius: 47, A: +7.33, rev/s: +0.014,  rev: +1.819
2024/04/15 14:00:06 ID: 241, Data: 9C2FDD02F8FF8F02, Celsius: 47, A: +7.33, rev/s: -0.022,  rev: +1.819
2024/04/15 14:00:06 ID: 241, Data: 9C2FDB020F008F02, Celsius: 47, A: +7.31, rev/s: +0.042,  rev: +1.819
2024/04/15 14:00:06 ID: 241, Data: 9C2FDD02F8FF8F02, Celsius: 47, A: +7.33, rev/s: -0.022,  rev: +1.819
2024/04/15 14:00:06 ID: 241, Data: 9C2FDC02D6FF8F02, Celsius: 47, A: +7.32, rev/s: -0.117,  rev: +1.819
2024/04/15 14:00:06 ID: 241, Data: 9C2FDC0219008F02, Celsius: 47, A: +7.32, rev/s: +0.069,  rev: +1.819
2024/04/15 14:00:06 ID: 241, Data: 9C2FDC02F0FF8F02, Celsius: 47, A: +7.32, rev/s: -0.044,  rev: +1.819
2024/04/15 14:00:07 ID: 241, Data: 9C2FDB02F7FF8F02, Celsius: 47, A: +7.31, rev/s: -0.025,  rev: +1.819
2024/04/15 14:00:07 ID: 241, Data: 9C2FDB02EBFF8F02, Celsius: 47, A: +7.31, rev/s: -0.058,  rev: +1.819
2024/04/15 14:00:07 ID: 241, Data: 9C2FDB021D008F02, Celsius: 47, A: +7.31, rev/s: +0.081,  rev: +1.819
2024/04/15 14:00:07 ID: 241, Data: 9C30DC02DAFF8F02, Celsius: 48, A: +7.32, rev/s: -0.106,  rev: +1.819
2024/04/15 14:00:07 ID: 241, Data: 9C2FDB020B008F02, Celsius: 47, A: +7.31, rev/s: +0.031,  rev: +1.819
2024/04/15 14:00:07 ID: 241, Data: 9C30DA0200008F02, Celsius: 48, A: +7.30, rev/s: +0.000,  rev: +1.819
2024/04/15 14:00:07 ID: 241, Data: 9C30DB02F6FF8F02, Celsius: 48, A: +7.31, rev/s: -0.028,  rev: +1.819
2024/04/15 14:00:07 ID: 241, Data: 9C30D902F8FF8F02, Celsius: 48, A: +7.29, rev/s: -0.022,  rev: +1.819
2024/04/15 14:00:07 ID: 241, Data: 9C30DA02E5FF8F02, Celsius: 48, A: +7.30, rev/s: -0.075,  rev: +1.819
2024/04/15 14:00:08 ID: 241, Data: 9C30DA02FBFF8F02, Celsius: 48, A: +7.30, rev/s: -0.014,  rev: +1.819
2024/04/15 14:00:08 ID: 241, Data: 9C30D802F5FF8F02, Celsius: 48, A: +7.28, rev/s: -0.031,  rev: +1.819
2024/04/15 14:00:08 ID: 241, Data: 9C30D80211008F02, Celsius: 48, A: +7.28, rev/s: +0.047,  rev: +1.819
2024/04/15 14:00:08 ID: 241, Data: 9C30DA02EEFF8F02, Celsius: 48, A: +7.30, rev/s: -0.050,  rev: +1.819
2024/04/15 14:00:08 ID: 241, Data: 9C30DA0205008F02, Celsius: 48, A: +7.30, rev/s: +0.014,  rev: +1.819
2024/04/15 14:00:08 ID: 241, Data: 9C30D8020A008F02, Celsius: 48, A: +7.28, rev/s: +0.028,  rev: +1.819
2024/04/15 14:00:08 ID: 241, Data: 9C30D802F9FF8F02, Celsius: 48, A: +7.28, rev/s: -0.019,  rev: +1.819
2024/04/15 14:00:08 ID: 241, Data: 9C30D90203008F02, Celsius: 48, A: +7.29, rev/s: +0.008,  rev: +1.819
2024/04/15 14:00:08 ID: 241, Data: 9C30D702F0FF8F02, Celsius: 48, A: +7.27, rev/s: -0.044,  rev: +1.819
2024/04/15 14:00:08 ID: 241, Data: 9C30D702F7FF8F02, Celsius: 48, A: +7.27, rev/s: -0.025,  rev: +1.819
2024/04/15 14:00:09 ID: 241, Data: 9C30D902F3FF8F02, Celsius: 48, A: +7.29, rev/s: -0.036,  rev: +1.819
2024/04/15 14:00:09 ID: 241, Data: 9C30D80200008F02, Celsius: 48, A: +7.28, rev/s: +0.000,  rev: +1.819
2024/04/15 14:00:09 ID: 241, Data: 9C30D702F4FF8F02, Celsius: 48, A: +7.27, rev/s: -0.033,  rev: +1.819
2024/04/15 14:00:09 ID: 241, Data: 9C30D602F5FF8F02, Celsius: 48, A: +7.26, rev/s: -0.031,  rev: +1.819
2024/04/15 14:00:09 ID: 241, Data: 9C30D7020D008F02, Celsius: 48, A: +7.27, rev/s: +0.036,  rev: +1.819
2024/04/15 14:00:09 ID: 241, Data: 9C30D602EAFF8F02, Celsius: 48, A: +7.26, rev/s: -0.061,  rev: +1.819
2024/04/15 14:00:09 ID: 241, Data: 9C30D6020C009002, Celsius: 48, A: +7.26, rev/s: +0.033,  rev: +1.822
2024/04/15 14:00:09 ID: 241, Data: 9C30D802E9FF9002, Celsius: 48, A: +7.28, rev/s: -0.064,  rev: +1.822
2024/04/15 14:00:09 ID: 241, Data: 9C30D70200009002, Celsius: 48, A: +7.27, rev/s: +0.000,  rev: +1.822
2024/04/15 14:00:09 ID: 241, Data: 9C30D802DCFF9002, Celsius: 48, A: +7.28, rev/s: -0.100,  rev: +1.822
2024/04/15 14:00:10 ID: 241, Data: 9C30D802F3FF9002, Celsius: 48, A: +7.28, rev/s: -0.036,  rev: +1.822
2024/04/15 14:00:10 ID: 241, Data: 9C30D80206009002, Celsius: 48, A: +7.28, rev/s: +0.017,  rev: +1.822
2024/04/15 14:00:10 ID: 241, Data: 9C30D602F8FF9002, Celsius: 48, A: +7.26, rev/s: -0.022,  rev: +1.822
2024/04/15 14:00:10 ID: 241, Data: 9C30D802F4FF9002, Celsius: 48, A: +7.28, rev/s: -0.033,  rev: +1.822
2024/04/15 14:00:10 ID: 241, Data: 9C30D4021A009002, Celsius: 48, A: +7.24, rev/s: +0.072,  rev: +1.822
2024/04/15 14:00:10 ID: 241, Data: 9C30D602FEFF9002, Celsius: 48, A: +7.26, rev/s: -0.006,  rev: +1.822
2024/04/15 14:00:10 ID: 241, Data: 9C30D5021F009002, Celsius: 48, A: +7.25, rev/s: +0.086,  rev: +1.822
2024/04/15 14:00:10 ID: 241, Data: 9C30D502F8FF9002, Celsius: 48, A: +7.25, rev/s: -0.022,  rev: +1.822
2024/04/15 14:00:10 ID: 241, Data: 9C30D5021B009002, Celsius: 48, A: +7.25, rev/s: +0.075,  rev: +1.822
2024/04/15 14:00:10 ID: 241, Data: 9C30D4020C009002, Celsius: 48, A: +7.24, rev/s: +0.033,  rev: +1.822
2024/04/15 14:00:11 ID: 241, Data: 9C30D502D2FF8F02, Celsius: 48, A: +7.25, rev/s: -0.128,  rev: +1.819
2024/04/15 14:00:11 ID: 241, Data: 9C30D402E7FF9002, Celsius: 48, A: +7.24, rev/s: -0.069,  rev: +1.822
2024/04/15 14:00:11 ID: 241, Data: 9C30D40221009002, Celsius: 48, A: +7.24, rev/s: +0.092,  rev: +1.822
2024/04/15 14:00:11 ID: 241, Data: 9C30D40213009002, Celsius: 48, A: +7.24, rev/s: +0.053,  rev: +1.822
2024/04/15 14:00:11 ID: 241, Data: 9C30D30202009002, Celsius: 48, A: +7.23, rev/s: +0.006,  rev: +1.822
2024/04/15 14:00:11 ID: 241, Data: 9C30D3020B009002, Celsius: 48, A: +7.23, rev/s: +0.031,  rev: +1.822
2024/04/15 14:00:11 ID: 241, Data: 9C30D40203009002, Celsius: 48, A: +7.24, rev/s: +0.008,  rev: +1.822
2024/04/15 14:00:11 ID: 241, Data: 9C30D40214009002, Celsius: 48, A: +7.24, rev/s: +0.056,  rev: +1.822
2024/04/15 14:00:11 ID: 241, Data: 9C30D40217009002, Celsius: 48, A: +7.24, rev/s: +0.064,  rev: +1.822
2024/04/15 14:00:12 ID: 241, Data: 9C30D4020C009002, Celsius: 48, A: +7.24, rev/s: +0.033,  rev: +1.822
2024/04/15 14:00:12 ID: 241, Data: 9C30D20221009002, Celsius: 48, A: +7.22, rev/s: +0.092,  rev: +1.822
2024/04/15 14:00:12 ID: 241, Data: 9C30D20204009002, Celsius: 48, A: +7.22, rev/s: +0.011,  rev: +1.822
2024/04/15 14:00:12 ID: 241, Data: 9C30D402F5FF9002, Celsius: 48, A: +7.24, rev/s: -0.031,  rev: +1.822
2024/04/15 14:00:12 ID: 241, Data: 9C30D302EEFF9002, Celsius: 48, A: +7.23, rev/s: -0.050,  rev: +1.822
2024/04/15 14:00:12 ID: 241, Data: 9C30D20201009002, Celsius: 48, A: +7.22, rev/s: +0.003,  rev: +1.822
2024/04/15 14:00:12 ID: 241, Data: 9C31D30204009002, Celsius: 49, A: +7.23, rev/s: +0.011,  rev: +1.822
2024/04/15 14:00:12 ID: 241, Data: 9C31D20208009002, Celsius: 49, A: +7.22, rev/s: +0.022,  rev: +1.822
2024/04/15 14:00:12 ID: 241, Data: 9C30D302E9FF9002, Celsius: 48, A: +7.23, rev/s: -0.064,  rev: +1.822
2024/04/15 14:00:12 ID: 241, Data: 9C30D20204009002, Celsius: 48, A: +7.22, rev/s: +0.011,  rev: +1.822
2024/04/15 14:00:13 ID: 241, Data: 9C31D102FBFF9002, Celsius: 49, A: +7.21, rev/s: -0.014,  rev: +1.822
2024/04/15 14:00:13 ID: 241, Data: 9C31D10216009002, Celsius: 49, A: +7.21, rev/s: +0.061,  rev: +1.822
2024/04/15 14:00:13 ID: 241, Data: 9C31D1020F009002, Celsius: 49, A: +7.21, rev/s: +0.042,  rev: +1.822
2024/04/15 14:00:13 ID: 241, Data: 9C31D2020E009002, Celsius: 49, A: +7.22, rev/s: +0.039,  rev: +1.822
2024/04/15 14:00:13 ID: 241, Data: 9C31D202FEFF9002, Celsius: 49, A: +7.22, rev/s: -0.006,  rev: +1.822
2024/04/15 14:00:13 ID: 241, Data: 9C31D102FDFF9002, Celsius: 49, A: +7.21, rev/s: -0.008,  rev: +1.822
2024/04/15 14:00:13 ID: 241, Data: 9C31D10208009002, Celsius: 49, A: +7.21, rev/s: +0.022,  rev: +1.822
2024/04/15 14:00:13 ID: 241, Data: 9C31D0021C009002, Celsius: 49, A: +7.20, rev/s: +0.078,  rev: +1.822
2024/04/15 14:00:13 ID: 241, Data: 9C31D00208009002, Celsius: 49, A: +7.20, rev/s: +0.022,  rev: +1.822
2024/04/15 14:00:13 ID: 241, Data: 9C31D00200009002, Celsius: 49, A: +7.20, rev/s: +0.000,  rev: +1.822
2024/04/15 14:00:14 ID: 241, Data: 9C31D00210009002, Celsius: 49, A: +7.20, rev/s: +0.044,  rev: +1.822
2024/04/15 14:00:14 ID: 241, Data: 9C31CF02E5FF9002, Celsius: 49, A: +7.19, rev/s: -0.075,  rev: +1.822
2024/04/15 14:00:14 ID: 241, Data: 9C31D00217009002, Celsius: 49, A: +7.20, rev/s: +0.064,  rev: +1.822
2024/04/15 14:00:14 ID: 241, Data: 9C31CF0204009002, Celsius: 49, A: +7.19, rev/s: +0.011,  rev: +1.822
2024/04/15 14:00:14 ID: 241, Data: 9C31CF02F7FF9002, Celsius: 49, A: +7.19, rev/s: -0.025,  rev: +1.822
2024/04/15 14:00:14 ID: 241, Data: 9C31CF0200009002, Celsius: 49, A: +7.19, rev/s: +0.000,  rev: +1.822
2024/04/15 14:00:14 ID: 241, Data: 9C31D002F2FF9002, Celsius: 49, A: +7.20, rev/s: -0.039,  rev: +1.822
2024/04/15 14:00:14 ID: 241, Data: 9C31D00202009002, Celsius: 49, A: +7.20, rev/s: +0.006,  rev: +1.822
2024/04/15 14:00:14 ID: 241, Data: 9C31D00202009002, Celsius: 49, A: +7.20, rev/s: +0.006,  rev: +1.822
2024/04/15 14:00:14 ID: 241, Data: 9C31D002F6FF9002, Celsius: 49, A: +7.20, rev/s: -0.028,  rev: +1.822
2024/04/15 14:00:15 ID: 241, Data: 9C31CF02F2FF9002, Celsius: 49, A: +7.19, rev/s: -0.039,  rev: +1.822
2024/04/15 14:00:15 ID: 241, Data: 9C31CE0212009002, Celsius: 49, A: +7.18, rev/s: +0.050,  rev: +1.822
2024/04/15 14:00:15 ID: 241, Data: 9C31CE02FDFF9002, Celsius: 49, A: +7.18, rev/s: -0.008,  rev: +1.822
2024/04/15 14:00:15 ID: 241, Data: 9C31CF02D4FF9002, Celsius: 49, A: +7.19, rev/s: -0.122,  rev: +1.822
2024/04/15 14:00:15 ID: 241, Data: 9C31CF02EAFF9002, Celsius: 49, A: +7.19, rev/s: -0.061,  rev: +1.822
2024/04/15 14:00:15 ID: 241, Data: 9C31CF02E8FF9002, Celsius: 49, A: +7.19, rev/s: -0.067,  rev: +1.822
2024/04/15 14:00:15 ID: 241, Data: 9C31CD022A009002, Celsius: 49, A: +7.17, rev/s: +0.117,  rev: +1.822
2024/04/15 14:00:15 ID: 241, Data: 9C31CE0207009002, Celsius: 49, A: +7.18, rev/s: +0.019,  rev: +1.822
2024/04/15 14:00:15 ID: 241, Data: 9C31CD02FDFF9002, Celsius: 49, A: +7.17, rev/s: -0.008,  rev: +1.822
2024/04/15 14:00:16 ID: 241, Data: 9C31CE0212009002, Celsius: 49, A: +7.18, rev/s: +0.050,  rev: +1.822
2024/04/15 14:00:16 ID: 241, Data: 9C31CD0209009002, Celsius: 49, A: +7.17, rev/s: +0.025,  rev: +1.822
2024/04/15 14:00:16 ID: 241, Data: 9C31CE02E5FF9002, Celsius: 49, A: +7.18, rev/s: -0.075,  rev: +1.822
2024/04/15 14:00:16 ID: 241, Data: 9C32CD02EFFF9002, Celsius: 50, A: +7.17, rev/s: -0.047,  rev: +1.822
2024/04/15 14:00:16 ID: 241, Data: 9C31CE0200009002, Celsius: 49, A: +7.18, rev/s: +0.000,  rev: +1.822
2024/04/15 14:00:16 ID: 241, Data: 9C31CD0200009002, Celsius: 49, A: +7.17, rev/s: +0.000,  rev: +1.822
2024/04/15 14:00:16 ID: 241, Data: 9C31CD020A009002, Celsius: 49, A: +7.17, rev/s: +0.028,  rev: +1.822
2024/04/15 14:00:16 ID: 241, Data: 9C31CD02F6FF9002, Celsius: 49, A: +7.17, rev/s: -0.028,  rev: +1.822
2024/04/15 14:00:16 ID: 241, Data: 9C31CD02F8FF9002, Celsius: 49, A: +7.17, rev/s: -0.022,  rev: +1.822
2024/04/15 14:00:16 ID: 241, Data: 9C32CC0217009002, Celsius: 50, A: +7.16, rev/s: +0.064,  rev: +1.822
2024/04/15 14:00:17 ID: 241, Data: 9C31CC02E7FF9002, Celsius: 49, A: +7.16, rev/s: -0.069,  rev: +1.822
2024/04/15 14:00:17 ID: 241, Data: 9C32CC02F9FF9002, Celsius: 50, A: +7.16, rev/s: -0.019,  rev: +1.822
2024/04/15 14:00:17 ID: 241, Data: 9C32CC0218009002, Celsius: 50, A: +7.16, rev/s: +0.067,  rev: +1.822
2024/04/15 14:00:17 ID: 241, Data: 9C32CB0216009002, Celsius: 50, A: +7.15, rev/s: +0.061,  rev: +1.822
2024/04/15 14:00:17 ID: 241, Data: 9C32CC0206009002, Celsius: 50, A: +7.16, rev/s: +0.017,  rev: +1.822
2024/04/15 14:00:17 ID: 241, Data: 9C32CB0217009002, Celsius: 50, A: +7.15, rev/s: +0.064,  rev: +1.822
2024/04/15 14:00:17 ID: 241, Data: 9C32CC02FAFF9002, Celsius: 50, A: +7.16, rev/s: -0.017,  rev: +1.822
2024/04/15 14:00:17 ID: 241, Data: 9C32CB0220009002, Celsius: 50, A: +7.15, rev/s: +0.089,  rev: +1.822
2024/04/15 14:00:17 ID: 241, Data: 9C32CB0218009002, Celsius: 50, A: +7.15, rev/s: +0.067,  rev: +1.822
2024/04/15 14:00:17 ID: 241, Data: 9C32CC020E009002, Celsius: 50, A: +7.16, rev/s: +0.039,  rev: +1.822
2024/04/15 14:00:18 ID: 241, Data: 9C32CA0209009002, Celsius: 50, A: +7.14, rev/s: +0.025,  rev: +1.822
2024/04/15 14:00:18 ID: 241, Data: 9C32CA02F7FF9002, Celsius: 50, A: +7.14, rev/s: -0.025,  rev: +1.822
2024/04/15 14:00:18 ID: 241, Data: 9C32CC02FEFF9002, Celsius: 50, A: +7.16, rev/s: -0.006,  rev: +1.822
2024/04/15 14:00:18 ID: 241, Data: 9C32CA02F1FF9002, Celsius: 50, A: +7.14, rev/s: -0.042,  rev: +1.822
2024/04/15 14:00:18 ID: 241, Data: 9C32CB02EEFF9002, Celsius: 50, A: +7.15, rev/s: -0.050,  rev: +1.822
2024/04/15 14:00:18 ID: 241, Data: 9C32CB02E5FF9002, Celsius: 50, A: +7.15, rev/s: -0.075,  rev: +1.822
2024/04/15 14:00:18 ID: 241, Data: 9C32CB02FDFF9002, Celsius: 50, A: +7.15, rev/s: -0.008,  rev: +1.822
2024/04/15 14:00:18 ID: 241, Data: 9C32CA02EEFF9002, Celsius: 50, A: +7.14, rev/s: -0.050,  rev: +1.822
2024/04/15 14:00:18 ID: 241, Data: 9C32CA02F7FF9002, Celsius: 50, A: +7.14, rev/s: -0.025,  rev: +1.822
2024/04/15 14:00:18 ID: 241, Data: 9C32CA02FBFF9002, Celsius: 50, A: +7.14, rev/s: -0.014,  rev: +1.822
2024/04/15 14:00:19 ID: 241, Data: 9C32C90214009002, Celsius: 50, A: +7.13, rev/s: +0.056,  rev: +1.822
2024/04/15 14:00:19 ID: 241, Data: 9C32CA0210009002, Celsius: 50, A: +7.14, rev/s: +0.044,  rev: +1.822
2024/04/15 14:00:19 ID: 241, Data: 9C32C9020A009002, Celsius: 50, A: +7.13, rev/s: +0.028,  rev: +1.822
2024/04/15 14:00:19 ID: 241, Data: 9C32CA02F3FF9002, Celsius: 50, A: +7.14, rev/s: -0.036,  rev: +1.822
2024/04/15 14:00:19 ID: 241, Data: 9C32CA02F6FF9002, Celsius: 50, A: +7.14, rev/s: -0.028,  rev: +1.822
2024/04/15 14:00:19 ID: 241, Data: 9C32C90208009002, Celsius: 50, A: +7.13, rev/s: +0.022,  rev: +1.822
2024/04/15 14:00:19 ID: 241, Data: 9C32C90217009002, Celsius: 50, A: +7.13, rev/s: +0.064,  rev: +1.822
2024/04/15 14:00:19 ID: 241, Data: 9C32C90202009002, Celsius: 50, A: +7.13, rev/s: +0.006,  rev: +1.822
